2014-11-09 /ejn/EJN_Home.aspx -
2014-11-09 /ejn/ -
2014-11-09 /ejn/ -
2014-11-09 /ejn/EJN_AtlasAdvanced.aspx -
2014-11-09 /ejn/EJN_Home.aspx -
2014-11-09 /ejn/ -
2014-11-09 /ejn/ -
2014-11-09 /ejn/EJN_Home.aspx -
2014-11-09 /ejn/EJN_Home.aspx -
2014-11-09 /ejn/EJN_Home.aspx -
2014-11-09 /ejn/EJN_Home.aspx -
2014-11-09 /ejn/ -
2014-11-09 /ejn/EJN_AtlasAdvanced.aspx -
2014-11-09 /ejn/EJN_Home.aspx -
2014-11-09 /ejn/ -
2014-11-09 /ejn/EJN_Home.aspx -
2014-11-09 /ejn/ -
2014-11-09 /ejn/EJN_Error.aspx -
2014-11-09 /ejn/EJN_Home.aspx -
2014-11-09 /ejn/EJN_Faqs.aspx -
2014-11-09 /ejn/EJN_Login.aspx -
2014-11-09 /ejn/EJN_QuickLinks.aspx id=27
2014-11-09 /ejn/EJN_Secretariat.aspx -
2014-11-09 /ejn/EJN_StaticPage.aspx Bread=17
2014-11-09 /ejn/EJN_StaticPage.aspx Bread=20
2014-11-09 /ejn/EJN_StaticPage.aspx Bread=24
2014-11-09 /ejn/EJN_StaticPage.aspx Bread=25
2014-11-09 /ejn/EJN_StaticPage.aspx Bread=32
2014-11-09 /ejn/EJN_StaticPage.aspx Bread=33
2014-11-09 /ejn/Events.aspx id=6
2014-11-09 /ejn/libcategories.aspx Id=2
2014-11-09 /ejn/libcategories.aspx Id=25
2014-11-09 /ejn/NewsAll.aspx Id=5
2014-11-09 /ejn/NewsDetail.aspx id=300&Ori=H
2014-11-09 /ejn/EJN_Home.aspx -
2014-11-09 /ejn/ -
2014-11-09 /ejn/ -
2014-11-09 /ejn/EJN_Home.aspx -
2014-11-09 /ejn/ -
2014-11-09 /ejn/NewsDetail.aspx id=291&Ori=H
2014-11-09 /ejn/EJN_Home.aspx -
2014-11-09 /eaw_atlas.aspx -
2014-11-09 /ejn/EJN_AtlasAdvanced.aspx -
2014-11-09 /ejn/EJN_Home.aspx -
2014-11-09 /ejn/ -
2014-11-09 /ejn/EJN_AtlasAdvanced.aspx -
2014-11-09 /ejn/EJN_Home.aspx -
2014-11-09 /ejn/ -
2014-11-09 /ejn/EJN_AtlasAdvanced.aspx -
2014-11-09 /ejn/ -
2014-11-09 /ejn/ -
2014-11-09 /ejn/EJN_Home.aspx -
2014-11-09 /ejn/ -
2014-11-09 /ejn/ -
2014-11-09 /ejn/ -
2014-11-09 /ejn/ -
2014-11-09 /ejn/EJN_AtlasAdvanced.aspx -
2014-11-09 /ejn/EJN_QuickLinks.aspx id=22
2014-11-09 /ejn/EJN_Home.aspx -
2014-11-09 /ejn/EJN_QuickLinks.aspx id=24
2014-11-09 /ejn/EJN_StaticPage.aspx Bread=20
2014-11-09 /ejn/EJN_Home.aspx -
2014-11-09 /ejn/EJN_StaticPage.aspx Bread=33
2014-11-09 /ejn/EJN_StaticPage.aspx Bread=35
2014-11-09 /ejn/Events.aspx -
2014-11-09 /ejn/NewsAll.aspx Id=1
2014-11-09 /ejn/NewsAll.aspx Id=4
2014-11-09 /ejn/EJN_Home.aspx -
2014-11-09 /ejn/ -
2014-11-09 /ejn/EJN_Home.aspx -
2014-11-09 /ejn/ -
2014-11-09 /ejn/EJN_Home.aspx -
2014-11-09 /ejn/ -
2014-11-09 /ejn/EJN_Home.aspx -
2014-11-09 /ejn/ -
2014-11-09 /ejn/EJN_Home.aspx -
2014-11-09 /ejn/ -
2014-11-09 /ejn/ -
2014-11-09 /ejn/EJN_Home.aspx -
2014-11-09 /ejn/ -
2014-11-09 /ejn/EJN_AtlasAdvanced.aspx -
2014-11-09 /ejn/ -
2014-11-09 /ejn/EJN_Home.aspx -
2014-11-09 /ejn/EJN_Home.aspx -
2014-11-09 /libcategories.aspx Id=34
2014-11-09 /ejn/Events.aspx event=268
2014-11-09 /ejn/EJN_Home.aspx -
2014-11-09 /ejn/ -
2014-11-09 /ejn/ -
2014-11-09 /ejn/ -
2014-11-09 /ejn/EJN_Home.aspx -
2014-11-09 /ejn/ -
2014-11-09 /ejn/ -
2014-11-09 /ejn/EJN_AtlasAdvanced.aspx -
2014-11-09 /ejn/EJN_EAWWizard.aspx -
2014-11-09 /ejn/EJN_Home.aspx -
2014-11-09 /ejn/EJN_EAWWizard.aspx -
2014-11-09 /ejn/ctrls.eawwizard/IframeEngine.aspx -
2014-11-09 /ejn/EJN_Compendium.aspx -
2014-11-09 /ejn/EJN_Home.aspx -
2014-11-09 /ejn/EJN_AtlasAdvanced.aspx -
2014-11-09 /ejn/EJN_Home.aspx -
2014-11-09 /ejn/ -
2014-11-09 /ejn/EJN_Home.aspx -
2014-11-09 /ejn/ -
2014-11-09 /ejn/NewsDetail.aspx id=321&Ori=H
2014-11-09 /ejn/EJN_Home.aspx -
2014-11-09 /ejn/EJN_Home.aspx -
2014-11-09 /ejn/ -
2014-11-09 /ejn/EJN_Home.aspx -
2014-11-09 /ejn/ -
2014-11-09 /ejn/ -
2014-11-09 /ejn/ -
2014-11-09 /ejn/EJN_Home.aspx -
2014-11-09 /ejn/EJN_AtlasAdvanced.aspx -
2014-11-09 /ejn/ -
2014-11-09 /ejn/EJN_ContactUs.aspx &KeepThis=true&TB_iframe=true&height=650&width=900
2014-11-09 /ejn/sitemap.aspx -
2014-11-09 /ejn/EJN_StaticPage.aspx Bread=4
2014-11-09 /ejn/EJN_Search.aspx -
2014-11-09 /ejn/EJN_StaticPage.aspx Bread=7
2014-11-09 /ejn/EJN_Home.aspx -
2014-11-09 /ejn/EJN_StaticPage.aspx Bread=8
2014-11-09 /ejn/EJN_Faqs.aspx -
2014-11-09 /ejn/ejn_home.aspx -
2014-11-09 /ejn/ -
2014-11-09 /ejn/EJN_StaticPage.aspx Bread=39
2014-11-09 /ejn/libcategories.aspx Id=34
2014-11-09 /ejn/libcategories.aspx Id=32
2014-11-09 /ejn/libcategories.aspx Id=25
2014-11-09 /ejn/AtlasChooseMeasure.aspx MP=1&Cou=UK&Type=2
2014-11-09 /ejn/libcategories.aspx Id=24
2014-11-09 /ejn/libcategories.aspx Id=14
2014-11-09 /ejn/EJN_StaticPage.aspx Bread=2
2014-11-09 /ejn/EJN_StaticPage.aspx Bread=9
2014-11-09 /ejn/ -
2014-11-09 /ejn/sitemap.aspx -
2014-11-09 /ejn/EJN_Home.aspx -
2014-11-09 /ejn/EJN_Compendium.aspx -
2014-11-09 /ejn/sitemap.aspx -
2014-11-09 /ejn/EJN_Compendium.aspx -
2014-11-09 /ejn/EJN_Home.aspx -
2014-11-09 /ejn/EJN_ContactUs.aspx &KeepThis=true&TB_iframe=true&height=650&width=900
2014-11-09 /ejn/EJN_QuickLinks.aspx id=23
2014-11-09 /ejn/EJN_QuickLinks.aspx id=23
2014-11-09 /ejn/EJN_QuickLinks.aspx id=24
2014-11-09 /ejn/EJN_QuickLinks.aspx id=24
2014-11-09 /ejn/EJN_StaticPage.aspx Bread=18
2014-11-09 /ejn/EJN_StaticPage.aspx Bread=18
2014-11-09 /ejn/EJN_StaticPage.aspx Bread=28
2014-11-09 /ejn/EJN_StaticPage.aspx Bread=28
2014-11-09 /ejn/EJN_StaticPage.aspx Bread=35
2014-11-09 /ejn/EJN_StaticPage.aspx Bread=35
2014-11-09 /ejn/EJN_StaticPage.aspx Bread=4
2014-11-09 /ejn/EJN_StaticPage.aspx Bread=4
2014-11-09 /ejn/EJN_StaticPage.aspx Bread=9
2014-11-09 /ejn/EJN_StaticPage.aspx Bread=9
2014-11-09 /ejn/EJN_SubscribeNewsLetter.aspx -
2014-11-09 /ejn/EJN_SubscribeNewsLetter.aspx -
2014-11-09 /ejn/Events.aspx Id=6
2014-11-09 /ejn/Events.aspx Id=6
2014-11-09 /ejn/NewsAll.aspx Id=3
2014-11-09 /ejn/NewsAll.aspx Id=3
2014-11-09 /ejn/NewsAll.aspx Id=4
2014-11-09 /ejn/NewsAll.aspx Id=4
2014-11-09 /ejn/NewsDetail.aspx id=312&Ori=H
2014-11-09 /ejn/NewsDetail.aspx id=312&Ori=H
2014-11-09 /ejn/sitemap.aspx -
2014-11-09 /ejn/ -
2014-11-09 /ejn/sitemap.aspx -
2014-11-09 /ejn/EJN_StaticPage.aspx Bread=21
2014-11-09 /ejn/EJN_StaticPage.aspx Bread=28
2014-11-09 /ejn/EJN_StaticPage.aspx Bread=17
2014-11-09 /ejn/EJN_StaticPage.aspx Bread=14
2014-11-09 /ejn/EJN_StaticPage.aspx Bread=13
2014-11-09 /ejn/Gallery.aspx -
2014-11-09 /ejn/EJN_StaticPage.aspx Bread=10
2014-11-09 /ejn/EJN_StaticPage.aspx Bread=16
2014-11-09 /ejn/EJN_StaticPage.aspx Bread=27
2014-11-09 /ejn/EJN_Secretariat.aspx -
2014-11-09 /ejn/EJN_AtlasAdvanced.aspx -
2014-11-09 /ejn/AtlasChooseCountry.aspx Type=1
2014-11-09 /ejn/EJN_Home.aspx -
2014-11-09 /ejn/EJN_EAWWizard.aspx -
2014-11-09 /ejn/ejn_home.aspx -
2014-11-09 /ejn/EJN_QuickLinks.aspx -
2014-11-09 /ejn/EJN_QuickLinks.aspx id=25
2014-11-09 /ejn/EJN_QuickLinks.aspx id=28
2014-11-09 /ejn/EJN_StaticPage.aspx Bread=10
2014-11-09 /ejn/EJN_StaticPage.aspx Bread=11
2014-11-09 /ejn/EJN_StaticPage.aspx Bread=12
2014-11-09 /ejn/EJN_StaticPage.aspx Bread=34
2014-11-09 /ejn/EJN_StaticPage.aspx Bread=33
2014-11-09 /ejn/EJN_StaticPage.aspx Bread=18
2014-11-09 /ejn/EJN_StaticPage.aspx Bread=35
2014-11-09 /ejn/EJN_StaticPage.aspx Bread=20
2014-11-09 /ejn/EJN_StaticPage.aspx Bread=31
2014-11-09 /ejn/EJN_StaticPage.aspx Bread=25
2014-11-09 /ejn/EJN_StaticPage.aspx Bread=24
2014-11-09 /ejn/EJN_StaticPage.aspx Bread=30
2014-11-09 /ejn/EJN_StaticPage.aspx Bread=32
2014-11-09 /ejn/EJN_StaticPage.aspx Bread=19
2014-11-09 /ejn/EJN_StaticPage.aspx Bread=3
2014-11-09 /ejn/EJN_StaticPage.aspx Bread=30
2014-11-09 /ejn/EJN_StaticPage.aspx Bread=5
2014-11-09 /ejn/Events.aspx event=273
2014-11-09 /ejn/Events.aspx event=278
2014-11-09 /ejn/NewsAll.aspx Id=2
2014-11-09 /ejn/NewsDetail.aspx id=292&Ori=H
2014-11-09 /ejn/NewsDetail.aspx id=298&Ori=H
2014-11-09 /ejn/NewsDetail.aspx id=305&Ori=H
2014-11-09 /ejn/NewsDetail.aspx id=313&Ori=H
2014-11-09 /ejn/NewsDetail.aspx id=315&Ori=H
2014-11-09 /ejn/EJN_StaticPage.aspx Bread=26
2014-11-09 /ejn/NewsDetail.aspx id=319&Ori=H
2014-11-09 /ejn/EJN_StaticPage.aspx Bread=22
2014-11-09 /ejn/EJN_StaticPage.aspx Bread=37
2014-11-09 /ejn/EJN_StaticPage.aspx Bread=36
2014-11-09 /ejn/EJN_StaticPage.aspx Bread=23
2014-11-09 /ejn/EJN_StaticPage.aspx Bread=38
2014-11-09 /ejn/EJN_StaticPage.aspx Bread=19
2014-11-09 /ejn/NewsDetail.aspx id=315&Ori=H
2014-11-09 /ejn/NewsDetail.aspx id=313&Ori=H
2014-11-09 /ejn/NewsDetail.aspx id=298&Ori=H
2014-11-09 /ejn/Events.aspx id=6
2014-11-09 /ejn/NewsDetail.aspx id=309&Ori=H
2014-11-09 /ejn/NewsDetail.aspx id=312&Ori=H
2014-11-09 /ejn/Events.aspx event=273
2014-11-09 /ejn/Events.aspx id=7
2014-11-09 /ejn/NewsDetail.aspx id=299&Ori=H
2014-11-09 /ejn/NewsDetail.aspx id=305&Ori=H
2014-11-09 /ejn/NewsDetail.aspx id=321&Ori=H
2014-11-09 /ejn/Events.aspx event=307
2014-11-09 /ejn/NewsAll.aspx Id=1
2014-11-09 /ejn/NewsAll.aspx -
2014-11-09 /ejn/Events.aspx event=311
2014-11-09 /ejn/NewsAll.aspx Id=3
2014-11-09 /ejn/NewsAll.aspx Id=5
2014-11-09 /ejn/NewsAll.aspx Id=2
2014-11-09 /ejn/NewsAll.aspx Id=4
2014-11-09 /ejn/Events.aspx Id=7
2014-11-09 /ejn/Events.aspx -
2014-11-09 /ejn/EJN_InfoAbout.aspx Id=230
2014-11-09 /ejn/EJN_InfoAbout.aspx Id=258
2014-11-09 /ejn/EJN_InfoAbout.aspx Id=239
2014-11-09 /ejn/EJN_InfoAbout.aspx Id=223
2014-11-09 /ejn/EJN_SubscribeNewsLetter.aspx -
2014-11-09 /ejn/EJN_InfoAbout.aspx Id=432
2014-11-09 /ejn/EJN_InfoAbout.aspx Id=287
2014-11-09 /ejn/EJN_InfoAbout.aspx Id=279
2014-11-09 /ejn/EJN_InfoAbout.aspx Id=272
2014-11-09 /ejn/EJN_InfoAbout.aspx Id=295
2014-11-09 /ejn/EJN_InfoAbout.aspx Id=269
2014-11-09 /ejn/EJN_InfoAbout.aspx Id=260
2014-11-09 /ejn/EJN_InfoAbout.aspx Id=293
2014-11-09 /ejn/EJN_InfoAbout.aspx Id=259
2014-11-09 /ejn/EJN_InfoAbout.aspx Id=277
2014-11-09 /ejn/EJN_InfoAbout.aspx Id=321
2014-11-09 /ejn/EJN_InfoAbout.aspx Id=368
2014-11-09 /ejn/EJN_InfoAbout.aspx Id=351
2014-11-09 /ejn/EJN_InfoAbout.aspx Id=354
2014-11-09 /ejn/EJN_InfoAbout.aspx Id=352
2014-11-09 /ejn/EJN_InfoAbout.aspx Id=307
2014-11-09 /ejn/EJN_InfoAbout.aspx Id=313
2014-11-09 /ejn/EJN_InfoAbout.aspx Id=337
2014-11-09 /ejn/EJN_InfoAbout.aspx Id=314
2014-11-09 /ejn/EJN_InfoAbout.aspx Id=369
2014-11-09 /ejn/EJN_Home.aspx -
2014-11-09 /ejn/EJN_InfoAbout.aspx Id=389
2014-11-09 /ejn/EJN_InfoAbout.aspx Id=288
2014-11-09 /ejn/EJN_InfoAbout.aspx Id=364
2014-11-09 /ejn/EJN_InfoAbout.aspx Id=378
2014-11-09 /ejn/EJN_InfoAbout.aspx Id=373
2014-11-09 /ejn/EJN_InfoAbout.aspx Id=215
2014-11-09 /ejn/EJN_InfoAbout.aspx Id=395
2014-11-09 /ejn/EJN_InfoAbout.aspx Id=433
2014-11-09 /ejn/EJN_InfoAbout.aspx Id=434
2014-11-09 /ejn/EJN_InfoAbout.aspx Id=435
2014-11-09 /ejn/EJN_StaticPage.aspx Bread=3
2014-11-09 /ejn/EJN_Compendium.aspx -
2014-11-09 /ejn/EJN_StaticPage.aspx Bread=1
2014-11-09 /ejn/EJN_FichesBelges.aspx -
2014-11-09 /ejn/AtlasChooseCountry.aspx Type=1
2014-11-09 /ejn/EJN_Login.aspx -
2014-11-09 /ejn/AtlasChooseCountry.aspx Type=2
2014-11-09 /ejn/EJN_InfoAbout.aspx Id=430
2014-11-09 /ejn/EJN_EAWWizard.aspx -
2014-11-09 /ejn/EJN_QuickLinks.aspx id=28
2014-11-09 /ejn/EJN_QuickLinks.aspx -
2014-11-09 /ejn/EJN_QuickLinks.aspx id=25
2014-11-09 /ejn/EJN_QuickLinks.aspx id=26
2014-11-09 /ejn/EJN_StaticPage.aspx Bread=11
2014-11-09 /ejn/EJN_QuickLinks.aspx id=27
2014-11-09 /ejn/EJN_QuickLinks.aspx id=23
2014-11-09 /ejn/EJN_StaticPage.aspx Bread=12
2014-11-09 /ejn/EJN_QuickLinks.aspx id=24
2014-11-09 /ejn/EJN_AtlasAdvanced.aspx -
2014-11-09 /ejn/ejn_staticpage.aspx Bread=8
2014-11-09 /ejn/EJN_Faqs.aspx cat=2
2014-11-09 /ejn/ejn_staticpage.aspx Bread=7
2014-11-09 /ejn/libcategories.aspx Id=2
2014-11-09 /ejn/EJN_StaticPage.aspx Bread=5
2014-11-09 /ejn/EJN_Faqs.aspx cat=1
2014-11-09 /ejn/ejn_search.aspx -
2014-11-09 /ejn/ejn_staticpage.aspx Bread=4
2014-11-09 /ejn/libdocumentproperties.aspx Id=126
2014-11-09 /ejn/libshowdocument.aspx Id=126&Lang=BG
2014-11-09 /ejn/libadvancedsearch.aspx -
2014-11-09 /ejn/libcategories.aspx id=1
2014-11-09 /ejn/libshowdocument.aspx Id=126&Lang=EL
2014-11-09 /ejn/libshowdocument.aspx Id=126&Lang=DE
2014-11-09 /ejn/libshowdocument.aspx Id=126&Lang=DK
2014-11-09 /ejn/NewsDetail.aspx id=319&Ori=H
2014-11-09 /ejn/libshowdocument.aspx Id=126&Lang=LV
2014-11-09 /ejn/libshowdocument.aspx Id=126&Lang=ET
2014-11-09 /ejn/libshowdocument.aspx Id=126&Lang=IT
2014-11-09 /ejn/libshowdocument.aspx Id=126&Lang=HR
2014-11-09 /ejn/libshowdocument.aspx Id=126&Lang=ES
2014-11-09 /ejn/libshowdocument.aspx Id=126&Lang=EN
2014-11-09 /ejn/libshowdocument.aspx Id=126&Lang=FI
2014-11-09 /ejn/EJN_Home.aspx -
2014-11-09 /ejn/libshowdocument.aspx Id=126&Lang=HU
2014-11-09 /ejn/libshowdocument.aspx Id=126&Lang=LT
2014-11-09 /ejn/libshowdocument.aspx Id=126&Lang=FR
2014-11-09 /libcategories.aspx Id=25
2014-11-09 /ejn/EJN_Home.aspx -
2014-11-09 /ejn/ -
2014-11-09 /ejn/libshowdocument.aspx Id=3&Lang=BG
2014-11-09 /ejn/libdocumentproperties.aspx Id=3
2014-11-09 /ejn/libshowdocument.aspx Id=126&Lang=SK
2014-11-09 /ejn/EJN_EAWWizard.aspx -
2014-11-09 /ejn/ctrls.eawwizard/IframeEngine.aspx -
2014-11-09 /ejn/libshowdocument.aspx Id=126&Lang=PT
2014-11-09 /ejn/libshowdocument.aspx Id=126&Lang=NL
2014-11-09 /ejn/libshowdocument.aspx Id=126&Lang=RO
2014-11-09 /ejn/libshowdocument.aspx Id=126&Lang=SV
2014-11-09 /ejn/libshowdocument.aspx Id=126&Lang=SL
2014-11-09 /ejn/libshowdocument.aspx Id=126&Lang=MT
2014-11-09 /ejn/libshowdocument.aspx Id=126&Lang=PL
2014-11-09 /ejn/libshowdocument.aspx Id=3&Lang=ES
2014-11-09 /ejn/libshowdocument.aspx Id=3&Lang=EN
2014-11-09 /ejn/libshowdocument.aspx Id=3&Lang=EL
2014-11-09 /ejn/libshowdocument.aspx Id=3&Lang=FI
2014-11-09 /ejn/libshowdocument.aspx Id=3&Lang=HU
2014-11-09 /ejn/libshowdocument.aspx Id=3&Lang=ET
2014-11-09 /ejn/libshowdocument.aspx Id=3&Lang=CS
2014-11-09 /ejn/libshowdocument.aspx Id=3&Lang=DK
2014-11-09 /ejn/libshowdocument.aspx Id=3&Lang=FR
2014-11-09 /ejn/libshowdocument.aspx Id=3&Lang=DE
2014-11-09 /ejn/libshowdocument.aspx Id=3&Lang=PT
2014-11-09 /ejn/libshowdocument.aspx Id=3&Lang=SL
2014-11-09 /ejn/libshowdocument.aspx Id=3&Lang=LT
2014-11-09 /ejn/libshowdocument.aspx Id=3&Lang=MT
2014-11-09 /ejn/libshowdocument.aspx Id=3&Lang=LV
2014-11-09 /ejn/libshowdocument.aspx Id=3&Lang=RO
2014-11-09 /ejn/libshowdocument.aspx Id=3&Lang=IT
2014-11-09 /ejn/libshowdocument.aspx Id=3&Lang=SK
2014-11-09 /ejn/libshowdocument.aspx Id=3&Lang=NL
2014-11-09 /ejn/libshowdocument.aspx Id=3&Lang=PL
2014-11-09 /ejn/libshowdocument.aspx Id=681&Lang=EN
2014-11-09 /ejn/libshowdocument.aspx Id=681&Lang=DK
2014-11-09 /ejn/libshowdocument.aspx Id=3&Lang=SV
2014-11-09 /ejn/libshowdocument.aspx Id=681&Lang=BG
2014-11-09 /ejn/libshowdocument.aspx Id=681&Lang=ES
2014-11-09 /ejn/libshowdocument.aspx Id=681&Lang=ET
2014-11-09 /ejn/libshowdocument.aspx Id=681&Lang=CS
2014-11-09 /ejn/libshowdocument.aspx Id=681&Lang=DE
2014-11-09 /ejn/ -
2014-11-09 /ejn/EJN_AtlasAdvanced.aspx -
2014-11-09 /ejn/libshowdocument.aspx Id=681&Lang=FR
2014-11-09 /ejn/libshowdocument.aspx Id=681&Lang=FI
2014-11-09 /ejn/EJN_Home.aspx -
2014-11-09 /ejn/ -
2014-11-09 /ejn/EJN_Home.aspx -
2014-11-09 /ejn/EJN_Home.aspx -
2014-11-09 /ejn/ -
2014-11-09 /ejn/EJN_Home.aspx -
2014-11-09 /news-detail.aspx anunID=7
2014-11-09 /ejn/EJN_Home.aspx -
2014-11-09 /ejn/ -
2014-11-09 /eawwizard.aspx -
2014-11-09 /ejn/ -
2014-11-09 /ejn/libcategories.aspx Id=14
2014-11-09 /ejn/EJN_Home.aspx -
2014-11-09 /ejn/libcategories.aspx -
2014-11-09 /ejn/EJN_Home.aspx -
2014-11-09 /ejn/libcategories.aspx Id=21
2014-11-09 /ejn/EJN_Home.aspx -
2014-11-09 /ejn/EJN_Home.aspx -
2014-11-09 /ejn/EJN_Home.aspx -
2014-11-09 /ejn/ -
2014-11-09 /ejn/EJN_Home.aspx -
2014-11-09 /ejn/ -
2014-11-09 /ejn/EJN_AtlasAdvanced.aspx -
2014-11-09 /ejn/EJN_Home.aspx -
2014-11-09 /ejn/ -
2014-11-09 /ejn/EJN_News.aspx id=57
2014-11-09 /ejn/EJN_News.aspx id=57
2014-11-09 /libcategories.aspx Id=24
2014-11-09 /ejn/EJN_QuickLinks.aspx id=22
2014-11-09 /ejn/EJN_Home.aspx -
2014-11-09 /ejn/ -
2014-11-09 /ejn/EJN_Home.aspx -
2014-11-09 /ejn/EJN_Faqs.aspx -
2014-11-09 /ejn/EJN_Home.aspx -
2014-11-09 /ejn/EJN_StaticPage.aspx Bread=23
2014-11-09 /ejn/EJN_StaticPage.aspx Bread=31
2014-11-09 /ejn/ -
2014-11-09 /ejn/EJN_Home.aspx -
2014-11-09 /ejn/ -
2014-11-09 /ejn/EJN_Home.aspx -
2014-11-09 /ejn/EJN_AtlasAdvanced.aspx -
2014-11-09 /ejn/ejn_home.aspx -
2014-11-09 /ejn/EJN_Home.aspx -
2014-11-09 /ejn/Events.aspx event=259
2014-11-09 /ejn/EJN_Home.aspx -
2014-11-09 /ejn/ -
2014-11-09 /ejn/NewsDetail.aspx id=319&Ori=H
2014-11-09 /ejn/AtlasChooseCountry.aspx -
2014-11-09 /ejn/EJN_Home.aspx -
2014-11-09 /ejn/EJN_Home.aspx -
2014-11-09 /ejn/libdocumentproperties.aspx Id=919
2014-11-09 /ejn/EJN_Home.aspx -
2014-11-09 /ejn/EJN_Home.aspx -
2014-11-09 /ejn/EJN_Home.aspx -
2014-11-09 /ejn/EJN_Home.aspx -
2014-11-09 /ejn/EJN_Home.aspx -
2014-11-09 /ejn/EJN_StaticPage.aspx Bread=13
2014-11-09 /ejn/EJN_StaticPage.aspx Bread=13
2014-11-09 /ejn/EJN_StaticPage.aspx Bread=2
2014-11-09 /ejn/EJN_StaticPage.aspx Bread=2
2014-11-09 /ejn/EJN_StaticPage.aspx Bread=21
2014-11-09 /ejn/EJN_StaticPage.aspx Bread=21
2014-11-09 /ejn/EJN_StaticPage.aspx Bread=34
2014-11-09 /ejn/EJN_StaticPage.aspx Bread=34
2014-11-09 /ejn/EJN_StaticPage.aspx Bread=36
2014-11-09 /ejn/EJN_StaticPage.aspx Bread=36
2014-11-09 /ejn/Events.aspx event=301
2014-11-09 /ejn/Events.aspx event=301
2014-11-09 /ejn/Events.aspx id=7
2014-11-09 /ejn/Events.aspx id=7
2014-11-09 /ejn/Gallery.aspx -
2014-11-09 /ejn/Gallery.aspx -
2014-11-09 /ejn/libcategories.aspx -
2014-11-09 /ejn/libcategories.aspx -
2014-11-09 /ejn/libcategories.aspx Id=24
2014-11-09 /ejn/libcategories.aspx Id=24
2014-11-09 /ejn/libcategories.aspx Id=34
2014-11-09 /ejn/libcategories.aspx Id=34
2014-11-09 /ejn/NewsAll.aspx -
2014-11-09 /ejn/NewsAll.aspx -
2014-11-09 /ejn/NewsDetail.aspx id=299&Ori=H
2014-11-09 /ejn/NewsDetail.aspx id=299&Ori=H
2014-11-09 /ejn/libdocumentproperties.aspx Id=147
2014-11-09 /ejn/EJN_Home.aspx -
2014-11-09 /ejn/ -
2014-11-09 /ejn/EJN_Home.aspx -
2014-11-09 /ejn/EJN_Home.aspx -
2014-11-09 /ejn/ -
2014-11-09 /ejn/ -
2014-11-09 /ejn/libcategories.aspx Id=34
2014-11-09 /atlas_advanced.aspx -
2014-11-09 /atlas_advanced.aspx -
2014-11-09 /ejn/ -
2014-11-09 /atlas_advanced.aspx -
2014-11-09 /atlas_advanced.aspx -
2014-11-09 /ejn/EJN_Home.aspx -
2014-11-09 /ejn/ -
2014-11-09 /ejn/EJN_StaticPage.aspx Bread=12
2014-11-09 /ejn/EJN_Home.aspx -
2014-11-09 /ejn/AtlasChooseCountry.aspx -
2014-11-09 /ejn/EJN_Home.aspx -
2014-11-09 /ejn/ -
2014-11-09 /ejn/ -
2014-11-09 /ejn/EJN_AtlasAdvanced.aspx -
2014-11-09 /ejn/NewsDetail.aspx id=321&Ori=H
2014-11-09 /ejn/EJN_Home.aspx -
2014-11-09 /ejn/EJN_Home.aspx -
2014-11-09 /ejn/ -
2014-11-09 /ejn/EJN_StaticPage.aspx Bread=12
2014-11-09 /ejn/EJN_Home.aspx -
2014-11-09 /ejn/EJN_Home.aspx -
2014-11-09 /ejn/ -
2014-11-09 /ejn/EJN_StaticPage.aspx Bread=12
2014-11-09 /ejn/EJN_Home.aspx -
2014-11-09 /ejn/EJN_Home.aspx -
2014-11-09 /ejn/NewsDetail.aspx id=321&Ori=H
2014-11-09 /ejn/ -
2014-11-09 /ejn/ -
2014-11-09 /ejn/EJN_AtlasAdvanced.aspx -
2014-11-09 /ejn/EJN_Home.aspx -
2014-11-09 /ejn/ -
2014-11-09 /ejn/ -
2014-11-09 /ejn/EJN_Home.aspx -
2014-11-09 /ejn/ -
2014-11-09 /ejn/EJN_StaticPage.aspx Bread=39
2014-11-09 /ejn/EJN_Home.aspx -
2014-11-09 /ejn/NewsDetail.aspx id=272&Ori=H
2014-11-09 /ejn/EJN_Home.aspx -
2014-11-09 /ejn/EJN_Home.aspx -
2014-11-09 /ejn/ -
2014-11-09 /ejn/libshowdocument.aspx Id=222&Lang=LT
2014-11-09 /ejn/EJN_FichesBelges.aspx -
2014-11-09 /ejn/EJN_Home.aspx -
2014-11-09 /ejn/EJN_Search.aspx -
2014-11-09 /ejn/EJN_StaticPage.aspx Bread=1
2014-11-09 /ejn/EJN_StaticPage.aspx Bread=14
2014-11-09 /ejn/EJN_StaticPage.aspx Bread=16
2014-11-09 /ejn/EJN_StaticPage.aspx Bread=22
2014-11-09 /ejn/EJN_StaticPage.aspx Bread=23
2014-11-09 /ejn/EJN_StaticPage.aspx Bread=26
2014-11-09 /ejn/EJN_StaticPage.aspx Bread=27
2014-11-09 /ejn/EJN_StaticPage.aspx Bread=31
2014-11-09 /ejn/EJN_StaticPage.aspx Bread=37
2014-11-09 /ejn/EJN_StaticPage.aspx Bread=38
2014-11-09 /ejn/EJN_StaticPage.aspx Bread=39
2014-11-09 /ejn/EJN_StaticPage.aspx Bread=7
2014-11-09 /ejn/ -
2014-11-09 /ejn/EJN_StaticPage.aspx Bread=8
2014-11-09 /ejn/Events.aspx -
2014-11-09 /ejn/Events.aspx Id=7
2014-11-09 /ejn/EJN_AtlasAdvanced.aspx -
2014-11-09 /ejn/libcategories.aspx Id=14
2014-11-09 /ejn/libcategories.aspx Id=32
2014-11-09 /ejn/NewsAll.aspx Id=1
2014-11-09 /ejn/NewsDetail.aspx id=309&Ori=H
2014-11-09 /ejn/EJN_Home.aspx -
2014-11-09 /ejn/ -
2014-11-09 /ejn/Events.aspx event=153
2014-11-09 /ejn/EJN_Home.aspx -
2014-11-09 /ejn/EJN_Home.aspx -
2014-11-09 /ejn/ -
2014-11-09 /ejn/libdocumentproperties.aspx Id=1
2014-11-09 /ejn/EJN_Home.aspx -
2014-11-09 /ejn/Events.aspx Id=7
2014-11-09 /ejn/EJN_Home.aspx -
2014-11-09 /ejn/EJN_Home.aspx -
2014-11-09 /ejn/ -
2014-11-09 /ejn/ -
2014-11-09 /ejn/EJN_AtlasAdvanced.aspx -
2014-11-09 /ejn/EJN_Home.aspx -
2014-11-09 /ejn/ -
2014-11-09 /ejn/EJN_Home.aspx -
2014-11-09 /ejn/ -
2014-11-09 /ejn/ -
2014-11-09 /ejn/EJN_QuickLinks.aspx id=25
2014-11-09 /ejn/EJN_Home.aspx -
2014-11-09 /ejn/EJN_Home.aspx -
2014-11-09 /ejn/ -
2014-11-09 /ejn/ -
2014-11-09 /ejn/EJN_AtlasAdvanced.aspx -
2014-11-09 /ejn/EJN_Home.aspx -
2014-11-09 /ejn/ -
2014-11-09 /ejn/EJN_ContactUs.aspx &KeepThis=true&TB_iframe=true&height=650&width=900
2014-11-09 /ejn/EJN_Home.aspx -
2014-11-09 /ejn/ -
2014-11-09 /ejn/ -
2014-11-09 /ejn/ -
2014-11-09 /ejn/EJN_AtlasAdvanced.aspx -
2014-11-09 /ejn/EJN_Home.aspx -
2014-11-09 /ejn/ -
2014-11-09 /ejn/EJN_Home.aspx -
2014-11-09 /ejn/ -
2014-11-09 /ejn/EJN_QuickLinks.aspx -
2014-11-09 /ejn/EJN_Home.aspx -
2014-11-09 /ejn/ -
2014-11-09 /ejn/AtlasChooseCountry.aspx Type=2
2014-11-09 /ejn/AtlasChooseCountry.aspx Type=2
2014-11-09 /ejn/AtlasChooseMeasure.aspx MP=0&Cou=432
2014-11-09 /ejn/AtlasChooseMeasure.aspx MP=0&Cou=432
2014-11-09 /ejn/AtlasChooseCountry.aspx Type=2
2014-11-09 /ejn/EJN_Home.aspx -
2014-11-09 /ejn/EJN_Home.aspx ++Culture:DESessionId:ohpmys3m0p0mfue2gari4n3oDate_Time:08:49
2014-11-09 /ejn/EJN_Home.aspx -
2014-11-09 /ejn/ -
2014-11-09 /ejn/EJN_Home.aspx -
2014-11-09 /ejn/ -
2014-11-09 /ejn/EJN_Home.aspx -
2014-11-09 /ejn/ -
2014-11-09 /ejn/ -
2014-11-09 /ejn/EJN_AtlasAdvanced.aspx -
2014-11-09 /ejn/EJN_Home.aspx -
2014-11-09 /ejn/EJN_StaticPage.aspx Bread=8
2014-11-09 /ejn/EJN_Home.aspx -
2014-11-09 /ejn/ -
2014-11-09 /ejn/ -
2014-11-09 /ejn/EJN_Home.aspx -
2014-11-09 /ejn/ -
2014-11-09 /ejn/ -
2014-11-09 /ejn/EJN_AtlasAdvanced.aspx -
2014-11-09 /ejn/EJN_Home.aspx -
2014-11-09 /ejn/ -
2014-11-09 /ejn/EJN_Home.aspx -
2014-11-09 /ejn/ -
2014-11-09 /ejn/ -
2014-11-09 /ejn/ -
2014-11-09 /ejn/EJN_StaticPage.aspx Bread=2
2014-11-09 /ejn/EJN_Secretariat.aspx -
2014-11-09 /ejn/EJN_StaticPage.aspx Bread=13
2014-11-09 /ejn/EJN_StaticPage.aspx Bread=14
2014-11-09 /ejn/EJN_Home.aspx -
2014-11-09 /ejn/ -
2014-11-09 /ejn/EJN_Home.aspx -
2014-11-09 /ejn/ -
2014-11-09 /ejn/EJN_Home.aspx -
2014-11-09 /ejn/NewsDetail.aspx id=287&Ori=H
2014-11-09 /ejn/Events.aspx event=219
2014-11-09 /ejn/Events.aspx event=215
2014-11-09 /ejn/Events.aspx event=202
2014-11-09 /ejn/AtlasChooseAuthority.aspx -
2014-11-09 /ejn/EJN_Home.aspx -
2014-11-09 /ejn/NewsDetail.aspx id=243&Ori=H
2014-11-09 /ejn/libcategories.aspx Id=32
2014-11-09 /ejn/ejn_home.aspx -
2014-11-09 /ejn/NewsDetail.aspx id=99&Ori=H
2014-11-09 /ejn/NewsDetail.aspx id=313&Ori=H
2014-11-09 /ejn/Events.aspx event=208
2014-11-09 /ejn/ -
2014-11-09 /ejn/Events.aspx event=218
2014-11-09 /ejn/ -
2014-11-09 /ejn/NewsDetail.aspx id=315&Ori=H
2014-11-09 /ejn/Events.aspx event=206
2014-11-09 /ejn/Events.aspx event=172
2014-11-09 /ejn/Events.aspx event=223
2014-11-09 /ejn/NewsDetail.aspx id=80
2014-11-09 /ejn/EJN_AtlasAdvanced.aspx -
2014-11-09 /ejn/EJN_StaticPage.aspx Bread=16
2014-11-09 /ejn/EJN_Home.aspx -
2014-11-09 /ejn/EJN_Home.aspx -
2014-11-09 /ejn/ -
2014-11-09 /ejn/EJN_Home.aspx -
2014-11-09 /ejn/ -
2014-11-09 /ejn/ -
2014-11-09 /ejn/AtlasChooseCountry.aspx Type=2
2014-11-09 /ejn/AtlasChooseMeasure.aspx MP=0&Cou=373
2014-11-09 /ejn/AtlasChooseMeasure.aspx MP=0&Cou=373
2014-11-09 /ejn/AtlasChooseMeasure.aspx MP=0&Cou=373
2014-11-09 /ejn/AtlasSelection.aspx -
2014-11-09 /ejn/AtlasSelection.aspx -
2014-11-09 /ejn/AtlasSelection.aspx -
2014-11-09 /ejn/AtlasSelection.aspx -
2014-11-09 /ejn/AtlasSelection.aspx -
2014-11-09 /ejn/AtlasSelection.aspx -
2014-11-09 /ejn/AtlasSelection.aspx -
2014-11-09 /ejn/AtlasChooseAuthority.aspx -
2014-11-09 /ejn/AtlasChooseAuthority.aspx/GetLocations -
2014-11-09 /ejn/AtlasChooseAuthority.aspx -
2014-11-09 /ejn/AtlasAuthorityData.aspx Id=2745
2014-11-09 /ejn/EJN_Home.aspx -
2014-11-09 /ejn/ -
2014-11-09 /ejn/ -
2014-11-09 /ejn/ -
2014-11-09 /ejn/ -
2014-11-09 /ejn/EJN_AtlasAdvanced.aspx -
2014-11-09 /ejn/EJN_Home.aspx -
2014-11-09 /ejn/ -
2014-11-09 /ejn/ -
2014-11-09 /ejn/ -
2014-11-09 /ejn/EJN_Home.aspx -
2014-11-09 /ejn/ -
2014-11-09 /ejn/EJN_Home.aspx -
2014-11-09 /ejn/ -
2014-11-09 /ejn/EJN_Search.aspx -
2014-11-09 /ejn/EJN_Home.aspx -
2014-11-09 /ejn/ -
2014-11-09 /ejn/EJN_InfoAbout.aspx Id=395
2014-11-09 /ejn/EJN_Home.aspx -
2014-11-09 /ejn/ -
2014-11-09 /ejn/ -
2014-11-09 /ejn/EJN_AtlasAdvanced.aspx -
2014-11-09 /ejn/EJN_Home.aspx -
2014-11-09 /ejn/ -
2014-11-09 /ejn/ -
2014-11-09 /ejn/AtlasChooseCountry.aspx Type=1
2014-11-09 /ejn/AtlasChooseMeasure.aspx MP=1&Cou=LT
2014-11-09 /ejn/AtlasSelection.aspx -
2014-11-09 /ejn/AtlasSelection.aspx -
2014-11-09 /ejn/AtlasExtraInformationInstrument.aspx id=901&KeepThis=true&
2014-11-09 /ejn/AtlasSelection.aspx -
2014-11-09 /ejn/AtlasAuthorityData.aspx Id=4996
2014-11-09 /ejn/AtlasExtraInformationInstrument.aspx id=901&KeepThis=true&
2014-11-09 /ejn/ -
2014-11-09 /ejn/libcategories.aspx Id=32
2014-11-09 /ejn/libshowdocument.aspx Id=16&Lang=EN
2014-11-09 /ejn/libdocumentproperties.aspx Id=636
2014-11-09 /ejn/libdocumentproperties.aspx Id=636
2014-11-09 /ejn/EJN_InfoAbout.aspx Id=395
2014-11-09 /ejn/EJN_Home.aspx -
2014-11-09 /ejn/ -
2014-11-09 /ejn/ -
2014-11-09 /ejn/EJN_AtlasAdvanced.aspx -
2014-11-09 /ejn/EJN_Home.aspx -
2014-11-09 /ejn/ -
2014-11-09 /ejn/EJN_Home.aspx -
2014-11-09 /ejn/ -
2014-11-09 /ejn/ -
2014-11-09 /ejn/EJN_Home.aspx -
2014-11-09 /ejn/ -
2014-11-09 /ejn/EJN_AtlasAdvancedOld.aspx ctyCode=SK
2014-11-09 /ejn/EJN_EAWWizard.aspx -
2014-11-09 /ejn/EJN_Home.aspx -
2014-11-09 /ejn/EJN_Home.aspx -
2014-11-09 /ejn/ -
2014-11-09 /ejn/ -
2014-11-09 /ejn/EJN_AtlasAdvanced.aspx -
2014-11-09 /ejn/EJN_Home.aspx -
2014-11-09 /ejn/ -
2014-11-09 /ejn/EJN_StaticPage.aspx Bread=1
2014-11-09 /ejn/EJN_Home.aspx -
2014-11-09 /ejn/ -
2014-11-09 /ejn/ejn_home.aspx -
2014-11-09 /ejn/EJN_Home.aspx -
2014-11-09 /ejn/ -
2014-11-09 /ejn/Events.aspx event=302
2014-11-09 /ejn/EJN_Home.aspx -
2014-11-09 /ejn/EJN_AtlasAdvanced.aspx -
2014-11-09 /ejn/EJN_QuickLinks.aspx id=24
2014-11-09 /ejn/EJN_Home.aspx -
2014-11-09 /ejn/EJN_Home.aspx -
2014-11-09 /ejn/ -
2014-11-09 /ejn/ -
2014-11-09 /ejn/AtlasChooseCountry.aspx Type=2
2014-11-09 /ejn/AtlasChooseMeasure.aspx MP=1&Cou=UK
2014-11-09 /ejn/AtlasChooseMeasure.aspx MP=1&Cou=UK
2014-11-09 /ejn/AtlasChooseMeasure.aspx MP=1&Cou=UK
2014-11-09 /ejn/AtlasSelection.aspx -
2014-11-09 /ejn/EJN_Home.aspx -
2014-11-09 /ejn/ -
2014-11-09 /ejn/AtlasSelection.aspx -
2014-11-09 /ejn/AtlasChooseMeasure.aspx MP=0&Cou=395
2014-11-09 /ejn/AtlasChooseMeasure.aspx MP=0&Cou=395
2014-11-09 /ejn/AtlasChooseMeasure.aspx MP=0&Cou=395
2014-11-09 /ejn/AtlasSelection.aspx -
2014-11-09 /ejn/AtlasSelection.aspx -
2014-11-09 /ejn/AtlasSelection.aspx -
2014-11-09 /ejn/AtlasAuthorityData.aspx Id=2589
2014-11-09 /ejn/AtlasAuthorityData.aspx Id=2589
2014-11-09 /ejn/AtlasSelection.aspx Option=AuthorityType
2014-11-09 /ejn/AtlasSelection.aspx Option=AuthorityType
2014-11-09 /ejn/AtlasSelection.aspx Option=AuthorityType
2014-11-09 /ejn/AtlasAuthorityData.aspx Id=3833
2014-11-09 /ejn/AtlasAuthorityData.aspx Id=3833
2014-11-09 /ejn/AtlasSelection.aspx Option=AuthorityType
2014-11-09 /ejn/AtlasSelection.aspx Option=AuthorityType
2014-11-09 /ejn/AtlasChooseMeasure.aspx MP=0&Cou=395
2014-11-09 /ejn/AtlasChooseCountry.aspx Type=2
2014-11-09 /ejn/EJN_AtlasAdvanced.aspx -
2014-11-09 /atlas_advanced.aspx -
2014-11-09 /atlas_advanced.aspx -
2014-11-09 /ejn/ -
2014-11-09 /ejn/EJN_QuickLinks.aspx -
2014-11-09 /ejn/libcategories.aspx -
2014-11-09 /ejn/libcategories.aspx Id=5
2014-11-09 /atlas_advanced.aspx -
2014-11-09 /atlas_advanced.aspx -
2014-11-09 /ejn/ -
2014-11-09 /ejn/AtlasChooseMeasure.aspx MP=0&Cou=395
2014-11-09 /ejn/EJN_Library_StatusOfImpByCou.aspx CountryId=395
2014-11-09 /ejn/libdocumentproperties.aspx Id=1491
2014-11-09 /ejn/libdocumentproperties.aspx Id=1491
2014-11-09 /ejn/EJN_Home.aspx -
2014-11-09 /ejn/ -
2014-11-09 /ejn/EJN_Compendium.aspx -
2014-11-09 /ejn/ctrls.compendium/IframeEngine.aspx -
2014-11-09 /ejn/EJN_Home.aspx -
2014-11-09 /ejn/ -
2014-11-09 /ejn/ -
2014-11-09 /ejn/EJN_AtlasAdvanced.aspx -
2014-11-09 /ejn/ -
2014-11-09 /ejn/EJN_Home.aspx -
2014-11-09 /ejn/ -
2014-11-09 /ejn/ -
2014-11-09 /ejn/ -
2014-11-09 /ejn/EJN_Home.aspx -
2014-11-09 /ejn/EJN_Home.aspx -
2014-11-09 /ejn/ -
2014-11-09 /ejn/ -
2014-11-09 /ejn/EJN_Home.aspx -
2014-11-09 /ejn/EJN_StaticPage.aspx Bread=13
2014-11-09 /ejn/EJN_Home.aspx -
2014-11-09 /ejn/ -
2014-11-09 /ejn/EJN_Home.aspx -
2014-11-09 /ejn/EJN_Home.aspx -
2014-11-09 /ejn/ -
2014-11-09 /ejn/ -
2014-11-09 /ejn/EJN_AtlasAdvanced.aspx -
2014-11-09 /ejn/EJN_Home.aspx -
2014-11-09 /ejn/ -
2014-11-09 /ejn/EJN_Home.aspx -
2014-11-09 /ejn/EJN_Home.aspx -
2014-11-09 /ejn/ -
2014-11-09 /ejn/AtlasChooseMeasure.aspx Mp=1&Cou=DE&Type=2
2014-11-09 /EJN_StaticPage.aspx Bread=28
2014-11-09 /EJN_StaticPage.aspx Bread=24
2014-11-09 /EJN_StaticPage.aspx Bread=23
2014-11-09 /EJN_StaticPage.aspx Bread=16
2014-11-09 /ejn/Events.aspx event=132
2014-11-09 /EJN_ContactUs.aspx &KeepThis=true&TB_iframe=true&height=650&width=900
2014-11-09 /ejn/Events.aspx event=129
2014-11-09 /ejn/Events.aspx event=125
2014-11-09 /ejn/Events.aspx event=143
2014-11-09 /ejn/ejn_home.aspx -
2014-11-09 /ejn/Events.aspx event=110
2014-11-09 /ejn/EJN_Home.aspx -
2014-11-09 /EJN_StaticPage.aspx Bread=11
2014-11-09 /ejn/Events.aspx event=100
2014-11-09 /EJN_QuickLinks.aspx id=26
2014-11-09 /ejn/Events.aspx event=166
2014-11-09 /ejn/NewsDetail.aspx id=269&Ori=H
2014-11-09 /AtlasChooseCountry.aspx Type=2
2014-11-09 /EJN_StaticPage.aspx Bread=27
2014-11-09 /EJN_StaticPage.aspx Bread=1
2014-11-09 /EJN_StaticPage.aspx Bread=12
2014-11-09 /ejn/Events.aspx event=297
2014-11-09 /ejn/Events.aspx event=140
2014-11-09 /ejn/Events.aspx event=126
2014-11-09 /ejn/Events.aspx event=121
2014-11-09 /ejn/libshowdocument.aspx Id=1&Lang=DE
2014-11-09 /ejn/EJN_AtlasAdvancedOld.aspx ctyCode=PT
2014-11-09 /ejn/Events.aspx event=290
2014-11-09 /ejn/Events.aspx event=104
2014-11-09 /ejn/EJN_InfoAbout.aspx Id=273
2014-11-09 /ejn/Events.aspx event=103
2014-11-09 /ejn/libcategories.aspx Id=5
2014-11-09 /ejn/AtlasSelection.aspx Option=PathOptions
2014-11-09 /ejn/AtlasChooseMeasure.aspx Mp=1&Cou=FR&Type=2
2014-11-09 /ejn/AtlasChooseMeasure.aspx Mp=1&Cou=ES&Type=2
2014-11-09 /ejn/AtlasChooseMeasure.aspx MP=1&Cou=ES
2014-11-09 /EJN_StaticPage.aspx Bread=26
2014-11-09 /EJN_StaticPage.aspx Bread=18
2014-11-09 /ejn/Events.aspx event=137
2014-11-09 /ejn/Events.aspx event=127
2014-11-09 /ejn/EJN_ContactUs.aspx -
2014-11-09 /ejn/Events.aspx event=141
2014-11-09 /ejn/EJN_Events.aspx date=09/06/2011
2014-11-09 /ejn/Events.aspx event=112
2014-11-09 /ejn/Events.aspx event=105
2014-11-09 /ejn/Events.aspx event=151
2014-11-09 /ejn/AtlasChooseMeasure.aspx MP=1&Cou=FR
2014-11-09 /ejn/EJN_QuickLinks.aspx Id=27
2014-11-09 /EJN_StaticPage.aspx Bread=3
2014-11-09 /EJN_StaticPage.aspx Bread=25
2014-11-09 /EJN_StaticPage.aspx Bread=17
2014-11-09 /ejn/Events.aspx event=138
2014-11-09 /ejn/EJN_ContactUs.aspx &KeepThis=true&TB_iframe=true&height=650&width=900
2014-11-09 /ejn/Events.aspx event=128
2014-11-09 /ejn/Events.aspx event=133
2014-11-09 /ejn/Events.aspx event=123
2014-11-09 /ejn/Events.aspx event=142
2014-11-09 /ejn/Events.aspx event=116
2014-11-09 /ejn/Events.aspx event=111
2014-11-09 /ejn/Events.aspx event=149
2014-11-09 /ejn/Events.aspx event=106
2014-11-09 /ejn/EJN_EAWWizard.aspx -
2014-11-09 /ejn/EJN_Home.aspx -
2014-11-09 /ejn/EJN_Home.aspx -
2014-11-09 /ejn/ -
2014-11-09 /ejn/ -
2014-11-09 /ejn/ -
2014-11-09 /ejn/EJN_AtlasAdvanced.aspx -
2014-11-09 /ejn/ -
2014-11-09 /ejn/EJN_Home.aspx -
2014-11-09 /ejn/EJN_Home.aspx -
2014-11-09 /ejn/ -
2014-11-09 /ejn/EJN_Home.aspx -
2014-11-09 /ejn/ -
2014-11-09 /ejn/ -
2014-11-09 /ejn/ -
2014-11-09 /ejn/EJN_Home.aspx -
2014-11-09 /ejn/EJN_Home.aspx -
2014-11-09 /ejn/ -
2014-11-09 /ejn/EJN_AtlasAdvanced.aspx -
2014-11-09 /ejn/EJN_Home.aspx -
2014-11-09 /ejn/ -
2014-11-09 /ejn/EJN_Compendium.aspx -
2014-11-09 /ejn/EJN_Compendium.aspx -
2014-11-09 /ejn/ -
2014-11-09 /ejn/EJN_FichesBelges.aspx -
2014-11-09 /ejn/EJN_FichesBelges.aspx -
2014-11-09 /ejn/EJN_FichesBelges.aspx -
2014-11-09 /ejn/EJN_Home.aspx -
2014-11-09 /ejn/EJN_FichesBelgesResult.aspx measure=502&country=279&other=-1
2014-11-09 /ejn/ -
2014-11-09 /ejn/EJN_FichesBelgesTable.aspx -
2014-11-09 /ejn/ejn_home.aspx -
2014-11-09 /ejn/EJN_Home.aspx -
2014-11-09 /ejn/EJN_Home.aspx -
2014-11-09 /ejn/ -
2014-11-09 /ejn/EJN_AtlasAdvancedOld.aspx ctyCode=SK
2014-11-09 /ejn/EJN_AtlasAdvancedOld.aspx ctyCode=SK
2014-11-09 /ejn/EJN_Home.aspx -
2014-11-09 /ejn/ -
2014-11-09 /ejn/ -
2014-11-09 /ejn/ -
2014-11-09 /ejn/ -
2014-11-09 /ejn/EJN_AtlasAdvanced.aspx -
2014-11-09 /ejn/EJN_StaticPage.aspx Bread=4
2014-11-09 /ejn/EJN_StaticPage.aspx Bread=25
2014-11-09 /ejn/EJN_Home.aspx -
2014-11-09 /ejn/ -
2014-11-09 /ejn/EJN_Home.aspx -
2014-11-09 /ejn/ -
2014-11-09 /ejn/Events.aspx event=123
2014-11-09 /ejn/EJN_Home.aspx -
2014-11-09 /ejn/ -
2014-11-09 /ejn/EJN_StaticPage.aspx Bread=2
2014-11-09 /ejn/EJN_StaticPage.aspx Bread=2++Culture:ITSessionId:3d4kkmfwq324hl5kluuhgetiDate_Time:15:23
2014-11-09 /ejn/EJN_Home.aspx -
2014-11-09 /ejn/ -
2014-11-09 /ejn/EJN_StaticPage.aspx Bread=2++Culture:ENSessionId:3d4kkmfwq324hl5kluuhgetiDate_Time:3:25+PM
2014-11-09 /ejn/EJN_Home.aspx -
2014-11-09 /ejn/libcategories.aspx Id=4
2014-11-09 /ejn/EJN_Home.aspx -
2014-11-09 /ejn/ -
2014-11-09 /ejn/EJN_EAWAtlas.aspx -
2014-11-09 /ejn/EJN_Error.aspx -
2014-11-09 /ejn/EJN_Home.aspx -
2014-11-09 /ejn/EJN_QuickLinks.aspx id=27
2014-11-09 /ejn/EJN_Home.aspx -
2014-11-09 /ejn/EJN_Secretariat.aspx -
2014-11-09 /ejn/EJN_StaticPage.aspx Bread=21
2014-11-09 /ejn/EJN_StaticPage.aspx Bread=26
2014-11-09 /ejn/EJN_SubscribeNewsLetter.aspx -
2014-11-09 /ejn/Events.aspx event=155
2014-11-09 /ejn/NewsAll.aspx Id=2
2014-11-09 /ejn/NewsDetail.aspx id=154&Ori=H
2014-11-09 /ejn/NewsDetail.aspx id=156&Ori=H
2014-11-09 /ejn/libcategories.aspx -
2014-11-09 /ejn/EJN_Home.aspx -
2014-11-09 /ejn/ -
2014-11-09 /ejn/EJN_AtlasAdvanced.aspx -
2014-11-09 /ejn/EJN_Home.aspx -
2014-11-09 /ejn/ -
2014-11-09 /ejn/EJN_Home.aspx -
2014-11-09 /ejn/EJN_Home.aspx -
2014-11-09 /ejn/NewsDetail.aspx id=292&Ori=H
2014-11-09 /ejn/ -
2014-11-09 /ejn/AtlasChooseMeasure.aspx Mp=1&Cou=CZ&Type=2
2014-11-09 /ejn/AtlasChooseMeasure.aspx Mp=1&Cou=CZ&Type=2++Culture:DESessionId:yxu35orfaygna5cpoz2eink3Date_Time:15:53
2014-11-09 /ejn/AtlasChooseMeasure.aspx Mp=1&Cou=CZ&Type=2
2014-11-09 /ejn/AtlasChooseMeasure.aspx Mp=1&Cou=CZ&Type=2
2014-11-09 /ejn/AtlasSelection.aspx -
2014-11-09 /ejn/AtlasSelection.aspx -
2014-11-09 /ejn/AtlasSelection.aspx -
2014-11-09 /ejn/AtlasChooseAuthority.aspx -
2014-11-09 /ejn/AtlasChooseAuthority.aspx/GetLocations -
2014-11-09 /ejn/AtlasChooseAuthority.aspx -
2014-11-09 /ejn/AtlasChooseMeasure.aspx MP=0&Cou=259
2014-11-09 /ejn/AtlasChooseMeasure.aspx MP=0&Cou=259
2014-11-09 /ejn/AtlasChooseMeasure.aspx MP=0&Cou=259
2014-11-09 /ejn/AtlasSelection.aspx -
2014-11-09 /ejn/AtlasSelection.aspx -
2014-11-09 /ejn/AtlasSelection.aspx -
2014-11-09 /ejn/AtlasChooseAuthority.aspx -
2014-11-09 /ejn/AtlasChooseAuthority.aspx/GetLocations -
2014-11-09 /ejn/AtlasChooseAuthority.aspx -
2014-11-09 /ejn/AtlasChooseMeasure.aspx MP=0&Cou=259
2014-11-09 /ejn/AtlasChooseMeasure.aspx MP=0&Cou=259
2014-11-09 /ejn/AtlasChooseMeasure.aspx MP=0&Cou=259
2014-11-09 /ejn/AtlasSelection.aspx -
2014-11-09 /ejn/AtlasSelection.aspx -
2014-11-09 /ejn/AtlasSelection.aspx -
2014-11-09 /ejn/AtlasChooseMeasure.aspx MP=0&Cou=259
2014-11-09 /ejn/AtlasSelection.aspx -
2014-11-09 /ejn/AtlasChooseAuthority.aspx -
2014-11-09 /ejn/AtlasChooseAuthority.aspx/GetLocations -
2014-11-09 /ejn/AtlasChooseAuthority.aspx -
2014-11-09 /ejn/AtlasAuthorityData.aspx Id=85
2014-11-09 /ejn/EJN_Home.aspx -
2014-11-09 /ejn/ -
2014-11-09 /ejn/ -
2014-11-09 /ejn/EJN_InfoAbout.aspx Id=287
2014-11-09 /ejn/EJN_InfoAbout.aspx Id=287
2014-11-09 /ejn/libcategories.aspx Id=32
2014-11-09 /ejn/ -
2014-11-09 /ejn/AtlasChooseCountry.aspx Type=1
2014-11-09 /ejn/EJN_Home.aspx -
2014-11-09 /ejn/EJN_AtlasAdvanced.aspx -
2014-11-09 /ejn/ -
2014-11-09 /ejn/AtlasChooseCountry.aspx Type=1
2014-11-09 /ejn/AtlasChooseMeasure.aspx MP=0&Cou=287
2014-11-09 /ejn/AtlasSelection.aspx -
2014-11-09 /ejn/AtlasAuthorityData.aspx Id=2587
2014-11-09 /ejn/EJN_Home.aspx -
2014-11-09 /ejn/EJN_EAWWizard.aspx -
2014-11-09 /ejn/ctrls.eawwizard/IframeEngine.aspx -
2014-11-09 /ejn/EJN_EAWWizard.aspx -
2014-11-09 /ejn/ctrls.eawwizard/IframeEngine.aspx -
2014-11-09 /ejn/EJN_Home.aspx -
2014-11-09 /ejn/ -
2014-11-09 /ejn/EJN_EAWWizard.aspx -
2014-11-09 /ejn/ctrls.eawwizard/IframeEngine.aspx -
2014-11-09 /ejn/EJN_StaticPage.aspx Bread=12
2014-11-09 /ejn/ejn_home.aspx -
2014-11-09 /ejn/EJN_StaticPage.aspx Bread=12
2014-11-09 /ejn/EJN_Home.aspx -
2014-11-09 /ejn/EJN_Home.aspx -
2014-11-09 /ejn/ -
2014-11-09 /ejn/EJN_Home.aspx -
2014-11-09 /ejn/EJN_Home.aspx -
2014-11-09 /ejn/ -
2014-11-09 /ejn/EJN_Home.aspx -
2014-11-09 /ejn/EJN_Home.aspx -
2014-11-09 /ejn/ -
2014-11-09 /ejn/EJN_Home.aspx -
2014-11-09 /ejn/ -
2014-11-09 /ejn/EJN_Home.aspx -
2014-11-09 /ejn/NewsDetail.aspx id=309&Ori=H
2014-11-09 /ejn/EJN_AtlasAdvanced.aspx -
2014-11-09 /ejn/EJN_Home.aspx -
2014-11-09 /ejn/EJN_Home.aspx -
2014-11-09 /ejn/ -
2014-11-09 /ejn/EJN_Home.aspx -
2014-11-09 /ejn/ -
2014-11-09 /ejn/EJN_Home.aspx -
2014-11-09 /ejn/EJN_Home.aspx -
2014-11-09 /ejn/EJN_Home.aspx -
2014-11-09 /ejn/ -
2014-11-09 /ejn/EJN_Home.aspx -
2014-11-09 /ejn/EJN_Home.aspx -
2014-11-09 /ejn/EJN_Home.aspx -
2014-11-09 /ejn/ -
2014-11-09 /ejn/AtlasChooseMeasure.aspx Mp=1&Cou=PL&Type=2
2014-11-09 /ejn/ -
2014-11-09 /ejn/AtlasChooseMeasure.aspx Mp=1&Cou=PL&Type=2
2014-11-09 /ejn/AtlasChooseMeasure.aspx Mp=1&Cou=PL&Type=2
2014-11-09 /ejn/AtlasSelection.aspx -
2014-11-09 /ejn/AtlasSelection.aspx -
2014-11-09 /ejn/AtlasSelection.aspx -
2014-11-09 /ejn/AtlasSelection.aspx -
2014-11-09 /ejn/AtlasSelection.aspx Option=PathOptions
2014-11-09 /ejn/AtlasSelection.aspx Option=PathOptions
2014-11-09 /ejn/AtlasSelection.aspx Option=PathOptions
2014-11-09 /ejn/AtlasSelection.aspx Option=PathOptions
2014-11-09 /ejn/AtlasSelection.aspx Option=PathOptions
2014-11-09 /ejn/AtlasChooseAuthority.aspx -
2014-11-09 /ejn/EJN_Home.aspx -
2014-11-09 /ejn/ -
2014-11-09 /ejn/ -
2014-11-09 /ejn/EJN_AtlasAdvanced.aspx -
2014-11-09 /ejn/EJN_Home.aspx -
2014-11-09 /ejn/ -
2014-11-09 /ejn/EJN_Home.aspx -
2014-11-09 /ejn/EJN_Home.aspx -
2014-11-09 /ejn/EJN_Home.aspx -
2014-11-09 /ejn/ -
2014-11-09 /ejn/EJN_Home.aspx -
2014-11-09 /ejn/ -
2014-11-09 /ejn/EJN_InfoAbout.aspx Id=239
2014-11-09 /ejn/EJN_Home.aspx -
2014-11-09 /ejn/ -
2014-11-09 /ejn/EJN_Home.aspx -
2014-11-09 /ejn/ -
2014-11-09 /ejn/EJN_Home.aspx -
2014-11-09 /ejn/EJN_News.aspx id=52
2014-11-09 /ejn/EJN_News.aspx id=52
2014-11-09 /ejn/ -
2014-11-09 /ejn/NewsDetail.aspx id=312&Ori=H
2014-11-09 /ejn/EJN_Home.aspx -
2014-11-09 /ejn/EJN_Home.aspx -
2014-11-09 /ejn/ -
2014-11-09 /ejn/EJN_Home.aspx -
2014-11-09 /ejn/EJN_Home.aspx -
2014-11-09 /ejn/EJN_Home.aspx -
2014-11-09 /ejn/ -
2014-11-09 /ejn/EJN_Home.aspx -
2014-11-09 /ejn/EJN_Home.aspx -
2014-11-09 /ejn/EJN_Home.aspx -
2014-11-09 /ejn/ -
2014-11-09 /ejn/ -
2014-11-09 /ejn/EJN_Home.aspx -
2014-11-09 /ejn/ -
2014-11-09 /ejn/Events.aspx Id=7
2014-11-09 /ejn/libdocumentproperties.aspx Id=919
2014-11-09 /ejn/EJN_Home.aspx -
2014-11-09 /ejn/EJN_AtlasAdvanced.aspx -
2014-11-09 /ejn/EJN_Home.aspx -
2014-11-09 /ejn/ -
2014-11-09 /ejn/EJN_Home.aspx -
2014-11-09 /ejn/EJN_Home.aspx -
2014-11-09 /ejn/EJN_Home.aspx -
2014-11-09 /ejn/ -
2014-11-09 /ejn/EJN_Home.aspx -
2014-11-09 /ejn/ -
2014-11-09 /ejn/ -
2014-11-09 /ejn/EJN_EAWWizard.aspx -
2014-11-09 /ejn/EJN_Home.aspx -
2014-11-09 /ejn/EJN_Home.aspx -
2014-11-09 /ejn/EJN_StaticPage.aspx Bread=12
2014-11-09 /ejn/EJN_EAWWizard.aspx -
2014-11-09 /ejn/ctrls.eawwizard/IframeEngine.aspx -
2014-11-09 /ejn/EJN_Home.aspx -
2014-11-09 /ejn/ -
2014-11-09 /ejn/ -
2014-11-09 /ejn/ ++Culture:ESSessionId:dsx4ly05vynnnudac5puh3p3Date_Time:18:03
2014-11-09 /ejn/ -
2014-11-09 /ejn/libcategories.aspx Id=32
2014-11-09 /ejn/libshowdocument.aspx Id=16&Lang=IT
2014-11-09 /ejn/EJN_Home.aspx -
2014-11-09 /ejn/EJN_Home.aspx -
2014-11-09 /ejn/ -
2014-11-09 /ejn/ -
2014-11-09 /ejn/EJN_AtlasAdvanced.aspx -
2014-11-09 /ejn/EJN_Home.aspx -
2014-11-09 /ejn/EJN_Home.aspx -
2014-11-09 /ejn/EJN_Home.aspx -
2014-11-09 /ejn/ -
2014-11-09 /ejn/ -
2014-11-09 /ejn/EJN_Home.aspx -
2014-11-09 /ejn/EJN_StaticPage.aspx Bread=30
2014-11-09 /ejn/EJN_Home.aspx -
2014-11-09 /ejn/ -
2014-11-09 /ejn/ -
2014-11-09 /ejn/ -
2014-11-09 /ejn/ -
2014-11-09 /ejn/EJN_InfoAbout.aspx Id=430
2014-11-09 /ejn/EJN_InfoAbout.aspx Id=368
2014-11-09 /ejn/EJN_StaticPage.aspx Bread=23
2014-11-09 /ejn/ -
2014-11-09 /ejn/ -
2014-11-09 /ejn/AtlasChooseCountry.aspx Type=2
2014-11-09 /ejn/AtlasChooseCountry.aspx Type=2
2014-11-09 /ejn/EJN_Home.aspx -
2014-11-09 /ejn/ -
2014-11-09 /ejn/EJN_Compendium.aspx -
2014-11-09 /ejn/ctrls.compendium/IframeEngine.aspx -
2014-11-09 /ejn/EJN_Compendium.aspx -
2014-11-09 /ejn/ctrls.compendium/IframeEngine.aspx -
2014-11-09 /ejn/EJN_Home.aspx -
2014-11-09 /ejn/ -
2014-11-09 /ejn/EJN_Home.aspx -
2014-11-09 /ejn/EJN_Home.aspx -
2014-11-09 /ejn/EJN_Home.aspx -
2014-11-09 /ejn/ -
2014-11-09 /ejn/EJN_Compendium.aspx -
2014-11-09 /ejn/EJN_Home.aspx -
2014-11-09 /ejn/ -
2014-11-09 /ejn/ -
2014-11-09 /ejn/ -
2014-11-09 /ejn/EJN_Home.aspx -
2014-11-09 /ejn/ -
2014-11-09 /ejn/EJN_StaticPage.aspx Bread=4
2014-11-09 /ejn/EJN_Home.aspx -
2014-11-09 /ejn/EJN_Home.aspx -
2014-11-09 /ejn/EJN_Home.aspx -
2014-11-09 /ejn/EJN_InfoAbout.aspx Id=277
2014-11-09 /ejn/EJN_StaticPage.aspx Bread=9
2014-11-09 /ejn/ -
2014-11-09 /ejn/EJN_Home.aspx -
2014-11-09 /ejn/ -
2014-11-09 /ejn/EJN_AtlasAdvanced.aspx -
2014-11-09 /ejn/EJN_Home.aspx -
2014-11-09 /ejn/EJN_Home.aspx -
2014-11-09 /ejn/EJN_Home.aspx -
2014-11-09 /ejn/ -
2014-11-09 /ejn/EJN_Home.aspx -
2014-11-09 /ejn/EJN_Home.aspx -
2014-11-09 /ejn/ -
2014-11-09 /ejn/ -
2014-11-09 /ejn/EJN_AtlasAdvanced.aspx -
2014-11-09 /ejn/EJN_Home.aspx -
2014-11-09 /ejn/ -
2014-11-09 /ejn/EJN_Home.aspx -
2014-11-09 /ejn/EJN_Home.aspx -
2014-11-09 /ejn/EJN_Home.aspx -
2014-11-09 /ejn/ -
2014-11-09 /ejn/AtlasChooseCountry.aspx -
2014-11-09 /ejn/EJN_Home.aspx -
2014-11-09 /ejn/EJN_Home.aspx ++Culture:ESSessionId:i2axq2jecvkcygqslxdqcifpDate_Time:19:10
2014-11-09 /ejn/AtlasChooseCountry.aspx -
2014-11-09 /ejn/AtlasChooseMeasure.aspx MP=0&Cou=373
2014-11-09 /ejn/EJN_AtlasAdvanced.aspx -
2014-11-09 /ejn/EJN_StaticPage.aspx Bread=24
2014-11-09 /ejn/EJN_AtlasAdvanced.aspx -
2014-11-09 /ejn/EJN_Home.aspx -
2014-11-09 /ejn/ -
2014-11-09 /ejn/EJN_Home.aspx -
2014-11-09 /ejn/ -
2014-11-09 /ejn/EJN_Home.aspx -
2014-11-09 /ejn/EJN_Home.aspx -
2014-11-09 /ejn/ -
2014-11-09 /ejn/EJN_Home.aspx -
2014-11-09 /ejn/Events.aspx event=259
2014-11-09 /ejn/EJN_Home.aspx -
2014-11-09 /ejn/EJN_AtlasAdvanced.aspx -
2014-11-09 /ejn/ -
2014-11-09 /ejn/EJN_QuickLinks.aspx id=23
2014-11-09 /ejn/EJN_Home.aspx -
2014-11-09 /ejn/EJN_QuickLinks.aspx id=26
2014-11-09 /ejn/EJN_Home.aspx -
2014-11-09 /ejn/EJN_StaticPage.aspx Bread=1
2014-11-09 /ejn/EJN_StaticPage.aspx Bread=27
2014-11-09 /ejn/EJN_Home.aspx -
2014-11-09 /ejn/EJN_StaticPage.aspx Bread=28
2014-11-09 /ejn/EJN_StaticPage.aspx Bread=30
2014-11-09 /ejn/EJN_Home.aspx -
2014-11-09 /ejn/EJN_StaticPage.aspx Bread=34
2014-11-09 /ejn/EJN_StaticPage.aspx Bread=8
2014-11-09 /ejn/Events.aspx id=7
2014-11-09 /ejn/NewsAll.aspx -
2014-11-09 /ejn/ -
2014-11-09 /ejn/EJN_Home.aspx -
2014-11-09 /ejn/ -
2014-11-09 /ejn/EJN_Home.aspx -
2014-11-09 /ejn/ -
2014-11-09 /ejn/EJN_Home.aspx -
2014-11-09 /ejn/EJN_Home.aspx -
2014-11-09 /ejn/EJN_Home.aspx -
2014-11-09 /ejn/ -
2014-11-09 /ejn/EJN_InfoAbout.aspx Id=368
2014-11-09 /ejn/ -
2014-11-09 /ejn/libcategories.aspx -
2014-11-09 /ejn/libcategories.aspx Id=7
2014-11-09 /ejn/EJN_Home.aspx -
2014-11-09 /ejn/ -
2014-11-09 /ejn/ -
2014-11-09 /ejn/EJN_InfoAbout.aspx Id=314
2014-11-09 /ejn/ -
2014-11-09 /ejn/EJN_Home.aspx -
2014-11-09 /ejn/ -
2014-11-09 /ejn/ -
2014-11-09 /ejn/EJN_Home.aspx -
2014-11-09 /ejn/EJN_Home.aspx -
2014-11-09 /ejn/EJN_AtlasAdvanced.aspx -
2014-11-09 /ejn/EJN_Home.aspx -
2014-11-09 /ejn/EJN_Home.aspx -
2014-11-09 /ejn/ -
2014-11-09 /ejn/EJN_Home.aspx -
2014-11-09 /ejn/ -
2014-11-09 /ejn/EJN_Home.aspx -
2014-11-09 /ejn/EJN_Home.aspx -
2014-11-09 /ejn/EJN_Home.aspx -
2014-11-09 /ejn/ -
2014-11-09 /ejn/libcategories.aspx Id=34
2014-11-09 /ejn/EJN_Home.aspx -
2014-11-09 /ejn/EJN_StaticPage.aspx Bread=4
2014-11-09 /ejn/EJN_Home.aspx -
2014-11-09 /ejn/ -
2014-11-09 /ejn/libcategories.aspx Id=39
2014-11-09 /ejn/EJN_Home.aspx -
2014-11-09 /ejn/EJN_Home.aspx -
2014-11-09 /ejn/libcategories.aspx Id=2
2014-11-09 /ejn/EJN_Library_StatusOfImpByCat.aspx CategoryId=40
2014-11-09 /ejn/EJN_AtlasAdvanced.aspx -
2014-11-09 /ejn/EJN_Home.aspx -
2014-11-09 /ejn/ -
2014-11-09 /ejn/ -
2014-11-09 /ejn/libcategories.aspx Id=39
2014-11-09 /ejn/libcategories.aspx Id=39
2014-11-09 /ejn/EJN_Home.aspx -
2014-11-09 /ejn/libcategories.aspx -
2014-11-09 /ejn/libcategories.aspx Id=1
2014-11-09 /ejn/libcategories.aspx Id=19
2014-11-09 /ejn/libcategories.aspx Id=12
2014-11-09 /ejn/libcategories.aspx Id=40
2014-11-09 /ejn/EJN_Home.aspx -
2014-11-09 /ejn/ -
2014-11-09 /ejn/EJN_Home.aspx -
2014-11-09 /ejn/EJN_Home.aspx -
2014-11-09 /ejn/ -
2014-11-09 /ejn/EJN_Home.aspx -
2014-11-09 /ejn/AtlasChooseMeasure.aspx Mp=1&Cou=EE&Type=2
2014-11-09 /ejn/AtlasChooseMeasure.aspx Mp=1&Cou=EE&Type=2
2014-11-09 /ejn/AtlasChooseMeasure.aspx Mp=1&Cou=EE&Type=2
2014-11-09 /ejn/AtlasSelection.aspx -
2014-11-09 /ejn/AtlasAuthorityData.aspx Id=1711
2014-11-09 /ejn/EJN_AtlasAdvanced.aspx -
2014-11-09 /ejn/EJN_QuickLinks.aspx id=22
2014-11-09 /ejn/EJN_Home.aspx -
2014-11-09 /ejn/EJN_QuickLinks.aspx id=24
2014-11-09 /ejn/EJN_StaticPage.aspx Bread=20
2014-11-09 /ejn/EJN_StaticPage.aspx Bread=33
2014-11-09 /ejn/EJN_StaticPage.aspx Bread=35
2014-11-09 /ejn/Events.aspx -
2014-11-09 /ejn/NewsAll.aspx Id=1
2014-11-09 /ejn/NewsAll.aspx Id=4
2014-11-09 /ejn/ -
2014-11-09 /ejn/ -
2014-11-09 /ejn/EJN_Home.aspx -
2014-11-09 /ejn/ -
2014-11-09 /ejn/ -
2014-11-09 /ejn/EJN_AtlasAdvanced.aspx -
2014-11-09 /ejn/EJN_Home.aspx -
2014-11-09 /ejn/ -
2014-11-09 /ejn/EJN_Home.aspx -
2014-11-09 /ejn/EJN_Home.aspx -
2014-11-09 /ejn/ -
2014-11-09 /ejn/libcategories.aspx -
2014-11-09 /ejn/libcategories.aspx Id=5
2014-11-09 /ejn/libshowdocument.aspx Id=1259&Lang=CS
2014-11-09 /ejn/libshowdocument.aspx Id=1491&Lang=DE
2014-11-09 /ejn/EJN_Home.aspx -
2014-11-09 /ejn/ -
2014-11-09 /ejn/EJN_InfoAbout.aspx Id=342
2014-11-09 /ejn/EJN_InfoAbout.aspx Id=342&fb_locale=nb_NO
2014-11-09 /ejn/EJN_Home.aspx -
2014-11-09 /ejn/ -
2014-11-09 /ejn/libshowdocument.aspx Id=1259&Lang=CS
2014-11-09 /ejn/EJN_StaticPage.aspx Bread=2
2014-11-09 /ejn/libshowdocument.aspx Id=1491&Lang=DE
2014-11-09 /ejn/ -
2014-11-09 /ejn/EJN_StaticPage.aspx Bread=21
2014-11-09 /ejn/EJN_StaticPage.aspx Bread=20
2014-11-09 /ejn/EJN_StaticPage.aspx Bread=33
2014-11-09 /ejn/EJN_Home.aspx -
2014-11-09 /ejn/ -
2014-11-09 /ejn/EJN_StaticPage.aspx Bread=19
2014-11-09 /ejn/ -
2014-11-09 /ejn/EJN_Home.aspx -
2014-11-09 /ejn/EJN_StaticPage.aspx Bread=37
2014-11-09 /ejn/EJN_Home.aspx -
2014-11-09 /ejn/ -
2014-11-09 /ejn/EJN_Home.aspx -
2014-11-09 /ejn/EJN_AtlasAdvanced.aspx -
2014-11-09 /ejn/AtlasChooseCountry.aspx Type=2
2014-11-09 /ejn/AtlasChooseMeasure.aspx MP=0&Cou=239
2014-11-09 /ejn/AtlasChooseMeasure.aspx MP=0&Cou=239
2014-11-09 /ejn/AtlasChooseMeasure.aspx MP=0&Cou=239
2014-11-09 /ejn/AtlasSelection.aspx -
2014-11-09 /ejn/AtlasChooseAuthority.aspx -
2014-11-09 /ejn/AtlasChooseAuthority.aspx -
2014-11-09 /ejn/AtlasChooseAuthority.aspx -
2014-11-09 /ejn/AtlasChooseAuthority.aspx -
2014-11-09 /ejn/AtlasChooseAuthority.aspx -
2014-11-09 /ejn/AtlasAuthorityData.aspx Id=2570
2014-11-09 /ejn/EJN_Home.aspx -
2014-11-09 /ejn/AtlasChooseCountry.aspx Type=1
2014-11-09 /ejn/AtlasChooseMeasure.aspx MP=0&Cou=239
2014-11-09 /ejn/AtlasSelection.aspx -
2014-11-09 /ejn/AtlasChooseAuthority.aspx -
2014-11-09 /ejn/AtlasChooseAuthority.aspx -
2014-11-09 /ejn/AtlasChooseAuthority.aspx -
2014-11-09 /ejn/AtlasChooseAuthority.aspx -
2014-11-09 /ejn/AtlasChooseAuthority.aspx -
2014-11-09 /ejn/AtlasAuthorityData.aspx Id=3187
2014-11-09 /ejn/EJN_Home.aspx -
2014-11-09 /ejn/AtlasChooseCountry.aspx Type=2
2014-11-09 /ejn/AtlasChooseMeasure.aspx MP=0&Cou=259
2014-11-09 /ejn/AtlasChooseMeasure.aspx MP=0&Cou=259
2014-11-09 /ejn/AtlasChooseMeasure.aspx MP=0&Cou=259
2014-11-09 /ejn/AtlasSelection.aspx -
2014-11-09 /ejn/AtlasSelection.aspx -
2014-11-09 /ejn/AtlasSelection.aspx -
2014-11-09 /ejn/AtlasChooseAuthority.aspx -
2014-11-09 /ejn/AtlasChooseAuthority.aspx -
2014-11-09 /ejn/AtlasChooseAuthority.aspx -
2014-11-09 /ejn/AtlasAuthorityData.aspx Id=80
2014-11-09 /ejn/AtlasAuthorityData.aspx Id=80
2014-11-09 /ejn/AtlasSelection.aspx Option=PathOptions
2014-11-09 /ejn/AtlasSelection.aspx Option=PathOptions
2014-11-09 /ejn/AtlasSelection.aspx Option=PathOptions
2014-11-09 /ejn/AtlasChooseAuthority.aspx -
2014-11-09 /ejn/AtlasChooseAuthority.aspx -
2014-11-09 /ejn/AtlasChooseAuthority.aspx -
2014-11-09 /ejn/AtlasAuthorityData.aspx Id=2323
2014-11-09 /ejn/AtlasChooseMeasure.aspx MP=0&Cou=259
2014-11-09 /ejn/AtlasChooseMeasure.aspx MP=0&Cou=259
2014-11-09 /ejn/AtlasChooseMeasure.aspx MP=0&Cou=259
2014-11-09 /ejn/AtlasSelection.aspx -
2014-11-09 /ejn/AtlasSelection.aspx -
2014-11-09 /ejn/AtlasSelection.aspx -
2014-11-09 /ejn/AtlasChooseAuthority.aspx -
2014-11-09 /ejn/AtlasChooseAuthority.aspx -
2014-11-09 /ejn/AtlasChooseAuthority.aspx -
2014-11-09 /ejn/AtlasAuthorityData.aspx Id=114
2014-11-09 /ejn/AtlasAuthorityData.aspx Id=114
2014-11-09 /ejn/AtlasSelection.aspx Option=PathOptions
2014-11-09 /ejn/AtlasSelection.aspx Option=PathOptions
2014-11-09 /ejn/AtlasSelection.aspx Option=PathOptions
2014-11-09 /ejn/AtlasChooseAuthority.aspx -
2014-11-09 /ejn/AtlasChooseAuthority.aspx -
2014-11-09 /ejn/AtlasChooseAuthority.aspx -
2014-11-09 /ejn/AtlasAuthorityData.aspx Id=2381
2014-11-09 /ejn/AtlasChooseCountry.aspx Type=2
2014-11-09 /ejn/AtlasChooseMeasure.aspx MP=0&Cou=260
2014-11-09 /ejn/AtlasChooseMeasure.aspx MP=0&Cou=260
2014-11-09 /ejn/AtlasChooseMeasure.aspx MP=0&Cou=260
2014-11-09 /ejn/AtlasSelection.aspx -
2014-11-09 /ejn/AtlasSelection.aspx -
2014-11-09 /ejn/AtlasSelection.aspx -
2014-11-09 /ejn/AtlasChooseAuthority.aspx -
2014-11-09 /ejn/AtlasChooseAuthority.aspx -
2014-11-09 /ejn/AtlasChooseAuthority.aspx -
2014-11-09 /ejn/AtlasAuthorityData.aspx Id=2311
2014-11-09 /ejn/EJN_EAWAtlas.aspx -
2014-11-09 /ejn/EJN_Error.aspx -
2014-11-09 /ejn/EJN_Home.aspx -
2014-11-09 /ejn/AtlasChooseCountry.aspx Type=2
2014-11-09 /ejn/AtlasChooseMeasure.aspx MP=0&Cou=272
2014-11-09 /ejn/AtlasChooseMeasure.aspx MP=0&Cou=272
2014-11-09 /ejn/AtlasChooseMeasure.aspx MP=0&Cou=272
2014-11-09 /ejn/AtlasSelection.aspx -
2014-11-09 /ejn/AtlasSelection.aspx -
2014-11-09 /ejn/AtlasSelection.aspx -
2014-11-09 /ejn/AtlasChooseAuthority.aspx -
2014-11-09 /ejn/AtlasChooseAuthority.aspx -
2014-11-09 /ejn/AtlasChooseAuthority.aspx -
2014-11-09 /ejn/AtlasAuthorityData.aspx Id=2256
2014-11-09 /ejn/EJN_Home.aspx -
2014-11-09 /ejn/AtlasChooseCountry.aspx Type=1
2014-11-09 /ejn/AtlasChooseMeasure.aspx MP=0&Cou=272
2014-11-09 /ejn/AtlasSelection.aspx -
2014-11-09 /ejn/AtlasSelection.aspx -
2014-11-09 /ejn/AtlasSelection.aspx -
2014-11-09 /ejn/AtlasChooseAuthority.aspx -
2014-11-09 /ejn/AtlasChooseAuthority.aspx -
2014-11-09 /ejn/AtlasChooseAuthority.aspx -
2014-11-09 /ejn/AtlasAuthorityData.aspx Id=2227
2014-11-09 /ejn/AtlasAuthorityData.aspx Id=2227
2014-11-09 /ejn/AtlasChooseAuthority.aspx -
2014-11-09 /ejn/ -
2014-11-09 /ejn/NewsDetail.aspx id=319&Ori=H
2014-11-09 /ejn/NewsDetail.aspx id=315&Ori=H
2014-11-09 /ejn/AtlasChooseAuthority.aspx/GetLocations -
2014-11-09 /ejn/AtlasChooseAuthority.aspx/GetLocations -
2014-11-09 /ejn/AtlasChooseMeasure.aspx Mp=1&Cou=FR&Type=2
2014-11-09 /ejn/EJN_Home.aspx -
2014-11-09 /ejn/ -
2014-11-09 /ejn/EJN_Home.aspx -
2014-11-09 /ejn/ -
2014-11-09 /ejn/EJN_Home.aspx -
2014-11-09 /ejn/EJN_Home.aspx -
2014-11-09 /ejn/ -
2014-11-09 /ejn/ -
2014-11-09 /ejn/libshowdocument.aspx Id=248&Lang=FR
2014-11-09 /ejn/ -
2014-11-09 /ejn/EJN_Home.aspx -
2014-11-09 /ejn/ -
2014-11-09 /ejn/EJN_StaticPage.aspx Bread=26
2014-11-09 /ejn/EJN_Home.aspx -
2014-11-09 /ejn/ -
2014-11-09 /ejn/EJN_AtlasAdvanced.aspx -
2014-11-09 /ejn/EJN_Home.aspx -
2014-11-09 /ejn/ -
2014-11-09 /ejn/EJN_Home.aspx -
2014-11-09 /ejn/EJN_Home.aspx -
2014-11-09 /ejn/libcategories.aspx Id=8
2014-11-09 /ejn/EJN_Home.aspx -
2014-11-09 /ejn/Events.aspx event=259
2014-11-09 /ejn/EJN_Home.aspx -
2014-11-09 /ejn/AtlasChooseCountry.aspx -
2014-11-09 /ejn/EJN_Home.aspx -
2014-11-09 /ejn/EJN_InfoAbout.aspx Id=239
2014-11-09 /ejn/EJN_StaticPage.aspx Bread=9
2014-11-09 /ejn/EJN_FichesBelges.aspx -
2014-11-09 /ejn/EJN_Home.aspx -
2014-11-09 /ejn/ -
2014-11-09 /ejn/EJN_StaticPage.aspx Bread=17
2014-11-09 /ejn/ -
2014-11-09 /ejn/EJN_Home.aspx -
2014-11-09 /ejn/ -
2014-11-09 /ejn/EJN_Home.aspx -
2014-11-09 /ejn/ -
2014-11-09 /ejn/EJN_Home.aspx -
2014-11-09 /ejn/ -
2014-11-09 /ejn/EJN_Home.aspx -
2014-11-09 /ejn/EJN_AtlasAdvanced.aspx -
2014-11-09 /ejn/EJN_Home.aspx -
2014-11-09 /forms.aspx -
2014-11-09 /ejn/EJN_Home.aspx -
2014-11-09 /ejn/ejn_home.aspx -
2014-11-09 /ejn/EJN_Home.aspx -
2014-11-09 /ejn/ -
2014-11-09 /ejn/EJN_Home.aspx -
2014-11-09 /ejn/ -
2014-11-09 /ejn/EJN_Home.aspx -
2014-11-09 /ejn/EJN_StaticPage.aspx Bread=12
2014-11-09 /ejn/EJN_Home.aspx -
2014-11-09 /ejn/EJN_StaticPage.aspx Bread=3
2014-11-09 /ejn/EJN_Home.aspx -
2014-11-09 /ejn/EJN_Home.aspx -
2014-11-09 /ejn/ -
2014-11-09 /ejn/AtlasChooseCountry.aspx Type=2
2014-11-09 /ejn/AtlasChooseMeasure.aspx MP=0&Cou=273
2014-11-09 /ejn/AtlasChooseMeasure.aspx MP=0&Cou=273
2014-11-09 /ejn/AtlasChooseMeasure.aspx MP=0&Cou=273
2014-11-09 /ejn/AtlasSelection.aspx -
2014-11-09 /ejn/AtlasSelection.aspx -
2014-11-09 /ejn/AtlasSelection.aspx -
2014-11-09 /ejn/AtlasSelection.aspx -
2014-11-09 /ejn/AtlasSelection.aspx -
2014-11-09 /ejn/AtlasChooseAuthority.aspx -
2014-11-09 /ejn/AtlasChooseAuthority.aspx -
2014-11-09 /ejn/AtlasChooseAuthority.aspx -
2014-11-09 /ejn/AtlasAuthorityData.aspx Id=4767
2014-11-09 /ejn/AtlasAuthorityData.aspx Id=4767
2014-11-09 /ejn/AtlasSelection.aspx Option=LegalInstrument
2014-11-09 /ejn/AtlasSelection.aspx Option=LegalInstrument
2014-11-09 /ejn/AtlasSelection.aspx Option=LegalInstrument
2014-11-09 /ejn/AtlasChooseAuthority.aspx -
2014-11-09 /ejn/AtlasChooseAuthority.aspx -
2014-11-09 /ejn/AtlasChooseAuthority.aspx -
2014-11-09 /ejn/AtlasChooseAuthority.aspx -
2014-11-09 /ejn/AtlasChooseAuthority.aspx -
2014-11-09 /ejn/AtlasAuthorityData.aspx Id=4598
2014-11-09 /ejn/AtlasChooseCountry.aspx Type=2
2014-11-09 /ejn/AtlasChooseMeasure.aspx MP=0&Cou=287
2014-11-09 /ejn/AtlasChooseMeasure.aspx MP=0&Cou=287
2014-11-09 /ejn/AtlasChooseMeasure.aspx MP=0&Cou=287
2014-11-09 /ejn/AtlasSelection.aspx -
2014-11-09 /ejn/AtlasSelection.aspx -
2014-11-09 /ejn/AtlasSelection.aspx -
2014-11-09 /ejn/AtlasChooseAuthority.aspx -
2014-11-09 /ejn/AtlasChooseAuthority.aspx -
2014-11-09 /ejn/AtlasChooseAuthority.aspx -
2014-11-09 /ejn/AtlasAuthorityData.aspx Id=1176
2014-11-09 /ejn/AtlasAuthorityData.aspx Id=1176
2014-11-09 /ejn/AtlasSelection.aspx Option=PathOptions
2014-11-09 /ejn/AtlasSelection.aspx Option=PathOptions
2014-11-09 /ejn/AtlasSelection.aspx Option=PathOptions
2014-11-09 /ejn/AtlasChooseAuthority.aspx -
2014-11-09 /ejn/AtlasChooseAuthority.aspx -
2014-11-09 /ejn/AtlasChooseAuthority.aspx -
2014-11-09 /ejn/AtlasAuthorityData.aspx Id=2430
2014-11-09 /ejn/AtlasChooseCountry.aspx Type=2
2014-11-09 /ejn/AtlasChooseMeasure.aspx MP=0&Cou=313
2014-11-09 /ejn/AtlasChooseMeasure.aspx MP=0&Cou=313
2014-11-09 /ejn/AtlasChooseMeasure.aspx MP=0&Cou=313
2014-11-09 /ejn/AtlasSelection.aspx -
2014-11-09 /ejn/AtlasChooseAuthority.aspx -
2014-11-09 /ejn/AtlasChooseAuthority.aspx -
2014-11-09 /ejn/AtlasChooseAuthority.aspx -
2014-11-09 /ejn/AtlasAuthorityData.aspx Id=4999
2014-11-09 /ejn/AtlasChooseMeasure.aspx MP=0&Cou=313
2014-11-09 /ejn/AtlasChooseMeasure.aspx MP=0&Cou=313
2014-11-09 /ejn/AtlasChooseMeasure.aspx MP=0&Cou=313
2014-11-09 /ejn/AtlasSelection.aspx -
2014-11-09 /ejn/AtlasSelection.aspx -
2014-11-09 /ejn/AtlasSelection.aspx -
2014-11-09 /ejn/AtlasChooseAuthority.aspx -
2014-11-09 /ejn/AtlasChooseAuthority.aspx -
2014-11-09 /ejn/AtlasChooseAuthority.aspx -
2014-11-09 /ejn/AtlasAuthorityData.aspx Id=5041
2014-11-09 /ejn/AtlasAuthorityData.aspx Id=5041
2014-11-09 /ejn/AtlasSelection.aspx Option=PathOptions
2014-11-09 /ejn/AtlasSelection.aspx Option=PathOptions
2014-11-09 /ejn/AtlasSelection.aspx Option=PathOptions
2014-11-09 /ejn/AtlasChooseAuthority.aspx -
2014-11-09 /ejn/AtlasChooseAuthority.aspx -
2014-11-09 /ejn/AtlasChooseAuthority.aspx -
2014-11-09 /ejn/AtlasAuthorityData.aspx Id=4999
2014-11-09 /ejn/EJN_Home.aspx -
2014-11-09 /ejn/ -
2014-11-09 /ejn/EJN_Home.aspx fb_locale=nb_NO
2014-11-09 /ejn/EJN_Home.aspx -
2014-11-09 /ejn/ -
2014-11-09 /ejn/ -
2014-11-09 /ejn/EJN_AtlasAdvanced.aspx -
2014-11-09 /ejn/AtlasChooseCountry.aspx -
2014-11-09 /ejn/EJN_Home.aspx -
2014-11-09 /ejn/AtlasChooseCountry.aspx Type=2
2014-11-09 /ejn/AtlasChooseCountry.aspx Type=2
2014-11-09 /ejn/AtlasChooseMeasure.aspx MP=0&Cou=314
2014-11-09 /ejn/AtlasChooseCountry.aspx Type=2
2014-11-09 /ejn/AtlasChooseMeasure.aspx MP=0&Cou=295
2014-11-09 /ejn/AtlasChooseMeasure.aspx MP=0&Cou=295
2014-11-09 /ejn/AtlasChooseMeasure.aspx MP=0&Cou=295
2014-11-09 /ejn/AtlasChooseMeasure.aspx MP=0&Cou=295
2014-11-09 /ejn/AtlasSelection.aspx -
2014-11-09 /ejn/AtlasChooseAuthority.aspx -
2014-11-09 /ejn/ -
2014-11-09 /ejn/AtlasChooseMeasure.aspx Mp=1&Cou=PL&Type=2
2014-11-09 /ejn/ -
2014-11-09 /ejn/EJN_Home.aspx -
2014-11-09 /ejn/ -
2014-11-09 /ejn/ -
2014-11-09 /ejn/EJN_Home.aspx -
2014-11-09 /ejn/ -
2014-11-09 /ejn/EJN_EAWWizard.aspx -
2014-11-09 /ejn/EJN_Home.aspx -
2014-11-09 /ejn/EJN_EAWWizard.aspx -
2014-11-09 /ejn/ctrls.eawwizard/IframeEngine.aspx -
2014-11-09 /ejn/EJN_AtlasAdvanced.aspx -
2014-11-09 /ejn/libcategories.aspx Id=5
2014-11-09 /ejn/EJN_Home.aspx -
2014-11-09 /ejn/AtlasChooseMeasure.aspx Mp=1&Cou=PL&Type=2
2014-11-09 /ejn/ -
2014-11-09 /ejn/AtlasChooseMeasure.aspx Mp=1&Cou=PL&Type=2
2014-11-09 /ejn/AtlasChooseMeasure.aspx Mp=1&Cou=PL&Type=2
2014-11-09 /ejn/AtlasChooseMeasure.aspx Mp=1&Cou=PL&Type=2
2014-11-09 /ejn/AtlasChooseMeasure.aspx Mp=1&Cou=PL&Type=2
2014-11-09 /ejn/AtlasSelection.aspx -
2014-11-09 /ejn/AtlasSelection.aspx -
2014-11-09 /ejn/AtlasSelection.aspx -
2014-11-09 /ejn/AtlasSelection.aspx -
2014-11-09 /ejn/AtlasSelection.aspx -
2014-11-09 /ejn/AtlasChooseAuthority.aspx -
2014-11-09 /ejn/AtlasSelection.aspx -
2014-11-09 /ejn/AtlasChooseMeasure.aspx Mp=1&Cou=PL&Type=2
2014-11-09 /ejn/libdocumentproperties.aspx Id=919
2014-11-09 /ejn/EJN_Home.aspx -
2014-11-09 /ejn/EJN_Home.aspx -
2014-11-09 /ejn/ -
2014-11-09 /ejn/EJN_Home.aspx -
2014-11-09 /ejn/ -
2014-11-09 /ejn/EJN_StaticPage.aspx Bread=25
2014-11-09 /ejn/EJN_Home.aspx -
2014-11-09 /ejn/EJN_Login.aspx -
2014-11-09 /ejn/EJN_Home.aspx -
2014-11-09 /ejn/ -
2014-11-09 /ejn/ -
2014-11-09 /ejn/EJN_Home.aspx -
2014-11-09 /ejn/ -
2014-11-09 /ejn/ -
2014-11-09 /ejn/EJN_AtlasAdvanced.aspx -
2014-11-09 /ejn/EJN_Home.aspx -
2014-11-09 /ejn/ -
2014-11-09 /ejn/EJN_Home.aspx -
2014-11-09 /ejn/ -
2014-11-09 /ejn/ -
2014-11-09 /ejn/EJN_EAWWizard.aspx -
2014-11-09 /ejn/ctrls.eawwizard/IframeEngine.aspx -
2014-11-09 /ejn/ -
2014-11-09 /ejn/ -
2014-11-09 /ejn/EJN_Home.aspx -
2014-11-09 /ejn/ -
2014-11-09 /ejn/EJN_Home.aspx -
2014-11-09 /ejn/ -
2014-11-09 /ejn/EJN_Home.aspx -
2014-11-09 /ejn/ -
2014-11-09 /ejn/ -
2014-11-09 /ejn/AtlasChooseMeasure.aspx Mp=1&Cou=GR&Type=2
2014-11-09 /ejn/EJN_FichesBelgesTable.aspx -
2014-11-09 /ejn/EJN_FichesBelgesTable.aspx -
2014-11-09 /ejn/EJN_Compendium.aspx -
2014-11-09 /ejn/ctrls.compendium/IframeEngine.aspx -
2014-11-09 /ejn/EJN_AtlasAdvanced.aspx -
2014-11-09 /ejn/EJN_Home.aspx -
2014-11-09 /ejn/EJN_Home.aspx -
2014-11-09 /ejn/ -
2014-11-09 /ejn/ -
2014-11-09 /ejn/EJN_StaticPage.aspx Bread=2
2014-11-09 /ejn/EJN_Home.aspx -
2014-11-09 /ejn/EJN_Home.aspx -
2014-11-09 /ejn/ -
2014-11-09 /ejn/ -
2014-11-09 /ejn/EJN_EAWWizard.aspx -
2014-11-09 /ejn/ctrls.eawwizard/IframeEngine.aspx -
2014-11-09 /ejn/ -
2014-11-09 /ejn/EJN_InfoAbout.aspx Id=373
2014-11-09 /ejn/libcategories.aspx Id=32
2014-11-09 /ejn/libdocumentproperties.aspx Id=634
2014-11-09 /ejn/AtlasChooseCountry.aspx Type=2
2014-11-09 /ejn/AtlasChooseCountry.aspx Type=2
2014-11-09 /ejn/AtlasChooseMeasure.aspx MP=0&Cou=373
2014-11-09 /ejn/AtlasChooseMeasure.aspx MP=0&Cou=373++Culture:PTSessionId:vilfxpgmbxn1dcyht3r0ivfpDate_Time:00:55
2014-11-09 /ejn/AtlasChooseMeasure.aspx MP=0&Cou=373
2014-11-09 /ejn/AtlasChooseMeasure.aspx MP=0&Cou=373
2014-11-09 /ejn/AtlasSelection.aspx -
2014-11-09 /ejn/AtlasSelection.aspx -
2014-11-09 /ejn/AtlasSelection.aspx -
2014-11-09 /ejn/AtlasSelection.aspx -
2014-11-09 /ejn/AtlasSelection.aspx -
2014-11-09 /ejn/AtlasSelection.aspx -
2014-11-09 /ejn/AtlasSelection.aspx Option=PathOptions
2014-11-09 /ejn/AtlasSelection.aspx Option=PathOptions
2014-11-09 /ejn/AtlasSelection.aspx Option=PathOptions
2014-11-09 /ejn/AtlasSelection.aspx Option=PathOptions
2014-11-09 /ejn/AtlasSelection.aspx Option=PathOptions
2014-11-09 /ejn/AtlasSelection.aspx Option=PathOptions
2014-11-09 /ejn/AtlasSelection.aspx Option=PathOptions
2014-11-09 /ejn/AtlasChooseAuthority.aspx -
2014-11-09 /ejn/AtlasChooseAuthority.aspx/GetLocations -
2014-11-09 /ejn/AtlasChooseAuthority.aspx/GetLocations -
