2015-01-25 /ejn/ -
2015-01-25 /ejn/EJN_AtlasAdvanced.aspx -
2015-01-25 /ejn/EJN_Home.aspx -
2015-01-25 /ejn/EJN_Home.aspx -
2015-01-25 /ejn/EJN_News.aspx id=72
2015-01-25 /ejn/EJN_News.aspx id=72
2015-01-25 /ejn/EJN_Home.aspx -
2015-01-25 /ejn/EJN_Home.aspx -
2015-01-25 /ejn/EJN_Home.aspx -
2015-01-25 /ejn/ -
2015-01-25 /ejn/EJN_AtlasAdvanced.aspx -
2015-01-25 /ejn/EJN_Home.aspx -
2015-01-25 /ejn/ -
2015-01-25 /ejn/EJN_Home.aspx -
2015-01-25 /ejn/EJN_AtlasAdvanced.aspx -
2015-01-25 /ejn/EJN_Home.aspx -
2015-01-25 /ejn/ejn_home.aspx -
2015-01-25 /ejn/EJN_Home.aspx -
2015-01-25 /ejn/EJN_Home.aspx -
2015-01-25 /ejn/EJN_Home.aspx -
2015-01-25 /ejn/EJN_Home.aspx -
2015-01-25 /ejn/ -
2015-01-25 /ejn/EJN_AtlasAdvanced.aspx -
2015-01-25 /ejn/EJN_AtlasAdvanced.aspx -
2015-01-25 /ejn/EJN_Home.aspx -
2015-01-25 /ejn/ -
2015-01-25 /ejn/ -
2015-01-25 /ejn/EJN_Home.aspx -
2015-01-25 /ejn/EJN_StaticPage.aspx Bread=21
2015-01-25 /ejn/ -
2015-01-25 /ejn/EJN_AtlasAdvanced.aspx -
2015-01-25 /ejn/EJN_Home.aspx -
2015-01-25 /ejn/EJN_Home.aspx -
2015-01-25 /ejn/EJN_Home.aspx -
2015-01-25 /ejn/EJN_Home.aspx -
2015-01-25 /ejn/EJN_Home.aspx -
2015-01-25 /ejn/ -
2015-01-25 /ejn/EJN_AtlasAdvanced.aspx -
2015-01-25 /ejn/EJN_Home.aspx -
2015-01-25 /ejn/EJN_Home.aspx -
2015-01-25 /ejn/EJN_Home.aspx -
2015-01-25 /ejn/EJN_Home.aspx -
2015-01-25 /ejn/ -
2015-01-25 /ejn/EJN_AtlasAdvanced.aspx -
2015-01-25 /ejn/EJN_Home.aspx -
2015-01-25 /ejn/EJN_Home.aspx -
2015-01-25 /ejn/EJN_Home.aspx -
2015-01-25 /ejn/EJN_Home.aspx -
2015-01-25 /ejn/EJN_StaticPage.aspx Bread=14
2015-01-25 /ejn/ -
2015-01-25 /ejn/EJN_Home.aspx -
2015-01-25 /ejn/EJN_AtlasAdvanced.aspx -
2015-01-25 /ejn/EJN_Home.aspx -
2015-01-25 /ejn/ -
2015-01-25 /ejn/EJN_Home.aspx -
2015-01-25 /ejn/EJN_Home.aspx -
2015-01-25 /ejn/EJN_Home.aspx -
2015-01-25 /ejn/ -
2015-01-25 /ejn/EJN_AtlasAdvanced.aspx -
2015-01-25 /ejn/EJN_Home.aspx -
2015-01-25 /ejn/EJN_Home.aspx -
2015-01-25 /ejn/EJN_News.aspx id=57
2015-01-25 /ejn/EJN_News.aspx id=57
2015-01-25 /ejn/EJN_Home.aspx -
2015-01-25 /ejn/ -
2015-01-25 /ejn/EJN_Home.aspx -
2015-01-25 /ejn/EJN_AtlasAdvanced.aspx -
2015-01-25 /ejn/EJN_Home.aspx -
2015-01-25 /ejn/EJN_AtlasAdvanced.aspx -
2015-01-25 /ejn/EJN_Home.aspx -
2015-01-25 /ejn/EJN_Home.aspx -
2015-01-25 /ejn/ -
2015-01-25 /ejn/EJN_Home.aspx -
2015-01-25 /ejn/EJN_Home.aspx -
2015-01-25 /ejn/ -
2015-01-25 /ejn/EJN_AtlasAdvanced.aspx -
2015-01-25 /ejn/EJN_Home.aspx -
2015-01-25 /ejn/ -
2015-01-25 /ejn/EJN_Home.aspx -
2015-01-25 /ejn/ -
2015-01-25 /ejn/EJN_Home.aspx -
2015-01-25 /ejn/EJN_AtlasAdvanced.aspx -
2015-01-25 /ejn/EJN_Home.aspx -
2015-01-25 /ejn/EJN_Home.aspx -
2015-01-25 /ejn/EJN_Home.aspx -
2015-01-25 /ejn/EJN_Home.aspx -
2015-01-25 /ejn/ -
2015-01-25 /ejn/EJN_AtlasAdvanced.aspx -
2015-01-25 /ejn/EJN_Home.aspx -
2015-01-25 /ejn/EJN_Home.aspx -
2015-01-25 /ejn/EJN_Home.aspx -
2015-01-25 /ejn/EJN_Home.aspx -
2015-01-25 /ejn/EJN_Home.aspx -
2015-01-25 /ejn/ -
2015-01-25 /ejn/EJN_AtlasAdvanced.aspx -
2015-01-25 /ejn/EJN_Home.aspx -
2015-01-25 /ejn/EJN_Home.aspx -
2015-01-25 /ejn/EJN_Home.aspx -
2015-01-25 /ejn/ -
2015-01-25 /ejn/EJN_AtlasAdvanced.aspx -
2015-01-25 /ejn/EJN_Home.aspx -
2015-01-25 /ejn/ -
2015-01-25 /ejn/EJN_Home.aspx -
2015-01-25 /ejn/EJN_Home.aspx -
2015-01-25 /ejn/EJN_Home.aspx -
2015-01-25 /ejn/EJN_AtlasAdvanced.aspx -
2015-01-25 /ejn/EJN_Home.aspx -
2015-01-25 /ejn/ -
2015-01-25 /ejn/EJN_AtlasAdvanced.aspx -
2015-01-25 /ejn/ -
2015-01-25 /ejn/EJN_StaticPage.aspx Bread=12
2015-01-25 /ejn/EJN_Home.aspx -
2015-01-25 /ejn/EJN_Home.aspx -
2015-01-25 /ejn/EJN_EAWWizard.aspx -
2015-01-25 /ejn/EJN_Home.aspx -
2015-01-25 /ejn/NewsDetail.aspx id=287&Ori=H
2015-01-25 /ejn/EJN_Home.aspx -
2015-01-25 /ejn/libshowdocument.aspx Id=16&Lang=SL
2015-01-25 /ejn/ -
2015-01-25 /ejn/EJN_Home.aspx -
2015-01-25 /ejn/ -
2015-01-25 /ejn/EJN_Home.aspx -
2015-01-25 /ejn/EJN_AtlasAdvanced.aspx -
2015-01-25 /ejn/EJN_Gallery.aspx -
2015-01-25 /ejn/EJN_Home.aspx -
2015-01-25 /ejn/EJN_Home.aspx -
2015-01-25 /ejn/EJN_Home.aspx -
2015-01-25 /ejn/EJN_Gallery.aspx -
2015-01-25 /ejn/EJN_Home.aspx -
2015-01-25 /ejn/EJN_Home.aspx -
2015-01-25 /ejn/ -
2015-01-25 /ejn/EJN_AtlasAdvanced.aspx -
2015-01-25 /ejn/ -
2015-01-25 /ejn/EJN_AtlasAdvanced.aspx -
2015-01-25 /ejn/EJN_Home.aspx -
2015-01-25 /ejn/EJN_Home.aspx -
2015-01-25 /ejn/ -
2015-01-25 /ejn/EJN_Home.aspx -
2015-01-25 /ejn/EJN_AtlasAdvanced.aspx -
2015-01-25 /ejn/EJN_Home.aspx -
2015-01-25 /ejn/EJN_Home.aspx -
2015-01-25 /ejn/EJN_Home.aspx -
2015-01-25 /ejn/ -
2015-01-25 /ejn/EJN_Home.aspx -
2015-01-25 /ejn/EJN_AtlasAdvanced.aspx -
2015-01-25 /ejn/EJN_Home.aspx -
2015-01-25 /ejn/EJN_Home.aspx -
2015-01-25 /ejn/ -
2015-01-25 /ejn/ -
2015-01-25 /ejn/EJN_AtlasAdvanced.aspx -
2015-01-25 /ejn/EJN_Home.aspx -
2015-01-25 /ejn/EJN_Home.aspx -
2015-01-25 /ejn/EJN_Home.aspx -
2015-01-25 /ejn/EJN_Home.aspx -
2015-01-25 /ejn/EJN_Home.aspx -
2015-01-25 /ejn/ -
2015-01-25 /ejn/libcategories.aspx Id=14
2015-01-25 /ejn/EJN_Home.aspx -
2015-01-25 /ejn/libcategories.aspx -
2015-01-25 /ejn/EJN_Home.aspx -
2015-01-25 /ejn/libcategories.aspx Id=21
2015-01-25 /ejn/EJN_Home.aspx -
2015-01-25 /ejn/libshowdocument.aspx Id=247&Lang=BG
2015-01-25 /ejn/libshowdocument.aspx Id=247&Lang=BG
2015-01-25 /ejn/ -
2015-01-25 /ejn/EJN_AtlasAdvanced.aspx -
2015-01-25 /ejn/EJN_Home.aspx -
2015-01-25 /ejn/EJN_AtlasAdvanced.aspx -
2015-01-25 /ejn/ -
2015-01-25 /ejn/ -
2015-01-25 /ejn/EJN_Home.aspx -
2015-01-25 /ejn/EJN_Home.aspx -
2015-01-25 /ejn/ -
2015-01-25 /ejn/EJN_Home.aspx -
2015-01-25 /ejn/EJN_AtlasAdvanced.aspx -
2015-01-25 /ejn/EJN_Home.aspx -
2015-01-25 /ejn/EJN_Home.aspx -
2015-01-25 /ejn/EJN_Home.aspx -
2015-01-25 /ejn/ -
2015-01-25 /ejn/EJN_Home.aspx -
2015-01-25 /ejn/EJN_AtlasAdvanced.aspx -
2015-01-25 /ejn/EJN_Home.aspx -
2015-01-25 /ejn/EJN_Home.aspx -
2015-01-25 /ejn/EJN_Home.aspx -
2015-01-25 /ejn/EJN_Home.aspx -
2015-01-25 /ejn/ -
2015-01-25 /ejn/ -
2015-01-25 /ejn/ -
2015-01-25 /ejn/EJN_Home.aspx -
2015-01-25 /ejn/ ++Culture:ITSessionId:gj3b2ui0kgw3ddxstzkgiis3Date_Time:05:29
2015-01-25 /ejn/ -
2015-01-25 /ejn/EJN_AtlasAdvanced.aspx -
2015-01-25 /ejn/EJN_StaticPage.aspx Bread=12
2015-01-25 /ejn/EJN_Home.aspx -
2015-01-25 /ejn/libshowdocument.aspx Id=1&Lang=EN
2015-01-25 /ejn/EJN_StaticPage.aspx Bread=12
2015-01-25 /ejn/EJN_InfoAbout.aspx Id=295
2015-01-25 /ejn/EJN_StaticPage.aspx Bread=12
2015-01-25 /ejn/EJN_Home.aspx -
2015-01-25 /ejn/EJN_Home.aspx -
2015-01-25 /ejn/ -
2015-01-25 /ejn/EJN_AtlasAdvanced.aspx -
2015-01-25 /ejn/EJN_Home.aspx -
2015-01-25 /ejn/EJN_Home.aspx -
2015-01-25 /ejn/EJN_Home.aspx -
2015-01-25 /ejn/ -
2015-01-25 /ejn/EJN_AtlasAdvanced.aspx -
2015-01-25 /ejn/EJN_Home.aspx -
2015-01-25 /ejn/EJN_Home.aspx -
2015-01-25 /ejn/EJN_Home.aspx -
2015-01-25 /ejn/libshowdocument.aspx Id=16&Lang=SL
2015-01-25 /ejn/ -
2015-01-25 /ejn/EJN_AtlasAdvanced.aspx -
2015-01-25 /ejn/EJN_AtlasAdvanced.aspx -
2015-01-25 /ejn/EJN_Home.aspx -
2015-01-25 /atlas_advanced.aspx -
2015-01-25 /atlas_advanced.aspx -
2015-01-25 /ejn/ -
2015-01-25 /ejn/ -
2015-01-25 /atlas_advanced.aspx -
2015-01-25 /atlas_advanced.aspx -
2015-01-25 /ejn/EJN_Home.aspx -
2015-01-25 /ejn/AtlasChooseCountry.aspx -
2015-01-25 /ejn/EJN_Home.aspx -
2015-01-25 /ejn/ -
2015-01-25 /ejn/EJN_Home.aspx -
2015-01-25 /ejn/EJN_Home.aspx -
2015-01-25 /ejn/EJN_Home.aspx -
2015-01-25 /ejn/Gallery.aspx -
2015-01-25 /ejn/EJN_Home.aspx -
2015-01-25 /ejn/EJN_Home.aspx -
2015-01-25 /ejn/EJN_Home.aspx -
2015-01-25 /ejn/EJN_Home.aspx -
2015-01-25 /ejn/EJN_Home.aspx -
2015-01-25 /ejn/EJN_Home.aspx -
2015-01-25 /ejn/ -
2015-01-25 /ejn/EJN_StaticPage.aspx Bread=12
2015-01-25 /ejn/EJN_Home.aspx -
2015-01-25 /ejn/EJN_AtlasAdvanced.aspx -
2015-01-25 /ejn/ -
2015-01-25 /ejn/EJN_Home.aspx -
2015-01-25 /ejn/EJN_AtlasAdvanced.aspx -
2015-01-25 /ejn/EJN_AtlasAdvanced.aspx -
2015-01-25 /ejn/EJN_Home.aspx -
2015-01-25 /ejn/EJN_Home.aspx -
2015-01-25 /ejn/EJN_Home.aspx -
2015-01-25 /ejn/EJN_Home.aspx -
2015-01-25 /ejn/ -
2015-01-25 /ejn/EJN_AtlasAdvanced.aspx -
2015-01-25 /ejn/EJN_Home.aspx -
2015-01-25 /ejn/EJN_Home.aspx -
2015-01-25 /ejn/EJN_QuickLinks.aspx id=23
2015-01-25 /ejn/EJN_Home.aspx -
2015-01-25 /ejn/EJN_Home.aspx -
2015-01-25 /ejn/EJN_Home.aspx -
2015-01-25 /ejn/EJN_Home.aspx -
2015-01-25 /ejn/EJN_Home.aspx -
2015-01-25 /ejn/EJN_Home.aspx -
2015-01-25 /ejn/ -
2015-01-25 /ejn/EJN_Home.aspx -
2015-01-25 /ejn/EJN_AtlasAdvanced.aspx -
2015-01-25 /ejn/EJN_Home.aspx -
2015-01-25 /ejn/EJN_Home.aspx -
2015-01-25 /ejn/ -
2015-01-25 /ejn/Events.aspx event=112
2015-01-25 /ejn/EJN_Home.aspx -
2015-01-25 /ejn/EJN_Home.aspx -
2015-01-25 /ejn/EJN_AtlasAdvanced.aspx -
2015-01-25 /ejn/EJN_Home.aspx -
2015-01-25 /ejn/EJN_Home.aspx -
2015-01-25 /ejn/EJN_Home.aspx -
2015-01-25 /ejn/ -
2015-01-25 /ejn/NewsAll.aspx Id=3
2015-01-25 /ejn/EJN_Home.aspx -
2015-01-25 /ejn/EJN_AtlasAdvanced.aspx -
2015-01-25 /ejn/EJN_Home.aspx -
2015-01-25 /ejn/EJN_Home.aspx -
2015-01-25 /ejn/EJN_AtlasAdvanced.aspx -
2015-01-25 /ejn/EJN_Home.aspx -
2015-01-25 /ejn/EJN_Home.aspx -
2015-01-25 /ejn/ -
2015-01-25 /ejn/EJN_Home.aspx -
2015-01-25 /ejn/ -
2015-01-25 /ejn/EJN_Home.aspx -
2015-01-25 /ejn/EJN_AtlasAdvanced.aspx -
2015-01-25 /ejn/ -
2015-01-25 /ejn/EJN_AtlasAdvanced.aspx -
2015-01-25 /ejn/EJN_Home.aspx -
2015-01-25 /ejn/ -
2015-01-25 /ejn/EJN_Home.aspx -
2015-01-25 /ejn/EJN_Home.aspx -
2015-01-25 /ejn/ -
2015-01-25 /ejn/EJN_Home.aspx -
2015-01-25 /ejn/EJN_Home.aspx -
2015-01-25 /ejn/EJN_AtlasAdvanced.aspx -
2015-01-25 /ejn/EJN_Home.aspx -
2015-01-25 /ejn/EJN_Home.aspx -
2015-01-25 /ejn/ -
2015-01-25 /ejn/EJN_AtlasAdvanced.aspx -
2015-01-25 /ejn/EJN_Home.aspx -
2015-01-25 /ejn/EJN_Home.aspx -
2015-01-25 /news-detail.aspx anunID=25
2015-01-25 /ejn/EJN_Home.aspx -
2015-01-25 /ejn/ -
2015-01-25 /ejn/EJN_AtlasAdvanced.aspx -
2015-01-25 /ejn/ -
2015-01-25 /ejn/EJN_Home.aspx -
2015-01-25 /ejn/libshowdocument.aspx Id=247&Lang=NL
2015-01-25 /ejn/libshowdocument.aspx Id=247&Lang=NL
2015-01-25 /ejn/EJN_Home.aspx -
2015-01-25 /ejn/EJN_Home.aspx -
2015-01-25 /ejn/EJN_Home.aspx -
2015-01-25 /ejn/libshowdocument.aspx Id=247&Lang=NL
2015-01-25 /ejn/ -
2015-01-25 /ejn/EJN_Home.aspx -
2015-01-25 /ejn/EJN_AtlasAdvanced.aspx -
2015-01-25 /ejn/EJN_Home.aspx -
2015-01-25 /ejn/EJN_Home.aspx -
2015-01-25 /ejn/ -
2015-01-25 /ejn/EJN_Home.aspx -
2015-01-25 /ejn/EJN_Home.aspx -
2015-01-25 /ejn/EJN_Home.aspx -
2015-01-25 /ejn/EJN_Home.aspx -
2015-01-25 /ejn/ -
2015-01-25 /ejn/EJN_AtlasAdvanced.aspx -
2015-01-25 /news-detail.aspx anunID=5
2015-01-25 /ejn/EJN_AtlasAdvanced.aspx -
2015-01-25 /ejn/EJN_Home.aspx -
2015-01-25 /ejn/ -
2015-01-25 /ejn/EJN_Home.aspx -
2015-01-25 /ejn/ -
2015-01-25 /ejn/EJN_AtlasAdvanced.aspx -
2015-01-25 /ejn/EJN_Home.aspx -
2015-01-25 /ejn/EJN_Home.aspx -
2015-01-25 /ejn/EJN_Home.aspx -
2015-01-25 /ejn/libshowdocument.aspx Id=13&Lang=SK
2015-01-25 /ejn/EJN_Home.aspx -
2015-01-25 /ejn/EJN_Home.aspx -
2015-01-25 /ejn/EJN_Home.aspx -
2015-01-25 /ejn/ -
2015-01-25 /ejn/ -
2015-01-25 /ejn/EJN_AtlasAdvanced.aspx -
2015-01-25 /ejn/EJN_Home.aspx -
2015-01-25 /ejn/EJN_Home.aspx -
2015-01-25 /ejn/EJN_Home.aspx -
2015-01-25 /ejn/ -
2015-01-25 /ejn/EJN_AtlasAdvanced.aspx -
2015-01-25 /ejn/EJN_Home.aspx -
2015-01-25 /ejn/EJN_Home.aspx -
2015-01-25 /ejn/EJN_Home.aspx -
2015-01-25 /ejn/EJN_Home.aspx -
2015-01-25 /ejn/EJN_Home.aspx -
2015-01-25 /ejn/ -
2015-01-25 /ejn/EJN_Home.aspx -
2015-01-25 /ejn/ -
2015-01-25 /ejn/EJN_AtlasAdvanced.aspx -
2015-01-25 /ejn/EJN_FichesBelges.aspx -
2015-01-25 /ejn/EJN_Home.aspx -
2015-01-25 /ejn/EJN_Home.aspx -
2015-01-25 /ejn/EJN_Home.aspx -
2015-01-25 /ejn/EJN_Home.aspx -
2015-01-25 /ejn/EJN_Home.aspx -
2015-01-25 /ejn/ -
2015-01-25 /ejn/EJN_Home.aspx -
2015-01-25 /ejn/EJN_Home.aspx -
2015-01-25 /ejn/EJN_AtlasAdvanced.aspx -
2015-01-25 /ejn/EJN_Home.aspx -
2015-01-25 /ejn/ -
2015-01-25 /ejn/ -
2015-01-25 /ejn/ -
2015-01-25 /ejn/EJN_AtlasAdvanced.aspx -
2015-01-25 /ejn/EJN_Home.aspx -
2015-01-25 /ejn/EJN_AtlasAdvanced.aspx -
2015-01-25 /ejn/EJN_Home.aspx -
2015-01-25 /ejn/EJN_AtlasAdvanced.aspx -
2015-01-25 /ejn/EJN_Home.aspx -
2015-01-25 /ejn/ -
2015-01-25 /ejn/EJN_Home.aspx -
2015-01-25 /ejn/ -
2015-01-25 /ejn/EJN_Home.aspx -
2015-01-25 /ejn/EJN_Home.aspx -
2015-01-25 /ejn/ -
2015-01-25 /ejn/EJN_AtlasAdvanced.aspx -
2015-01-25 /ejn/EJN_Home.aspx -
2015-01-25 /ejn/ -
2015-01-25 /ejn/EJN_Home.aspx -
2015-01-25 /ejn/ -
2015-01-25 /ejn/EJN_StaticPage.aspx Bread=35
2015-01-25 /ejn/EJN_Home.aspx -
2015-01-25 /ejn/EJN_AtlasAdvanced.aspx -
2015-01-25 /ejn/EJN_AtlasAdvanced.aspx -
2015-01-25 /ejn/ -
2015-01-25 /ejn/EJN_Home.aspx -
2015-01-25 /ejn/EJN_AtlasAdvanced.aspx -
2015-01-25 /ejn/EJN_Home.aspx -
2015-01-25 /ejn/ -
2015-01-25 /ejn/ -
2015-01-25 /ejn/EJN_AtlasAdvanced.aspx -
2015-01-25 /ejn/EJN_Home.aspx -
2015-01-25 /ejn/ -
2015-01-25 /ejn/EJN_AtlasAdvanced.aspx -
2015-01-25 /ejn/EJN_AtlasAdvanced.aspx -
2015-01-25 /ejn/ -
2015-01-25 /ejn/EJN_Home.aspx -
2015-01-25 /ejn/EJN_Home.aspx -
2015-01-25 /ejn/EJN_AtlasAdvanced.aspx -
2015-01-25 /ejn/ -
2015-01-25 /ejn/EJN_Home.aspx -
2015-01-25 /ejn/EJN_Home.aspx -
2015-01-25 /ejn/EJN_AtlasAdvanced.aspx -
2015-01-25 /ejn/ -
2015-01-25 /ejn/ -
2015-01-25 /ejn/EJN_AtlasAdvanced.aspx -
2015-01-25 /ejn/libshowdocument.aspx Id=681&Lang=EL
2015-01-25 /ejn/EJN_Home.aspx -
2015-01-25 /ejn/EJN_StaticPage.aspx Bread=1
2015-01-25 /ejn/ -
2015-01-25 /ejn/EJN_Home.aspx -
2015-01-25 /ejn/EJN_AtlasAdvanced.aspx -
2015-01-25 /ejn/libshowdocument.aspx Id=13&Lang=NL
2015-01-25 /ejn/ -
2015-01-25 /ejn/ -
2015-01-25 /ejn/EJN_Home.aspx -
2015-01-25 /ejn/EJN_AtlasAdvanced.aspx -
2015-01-25 /ejn/EJN_Home.aspx -
2015-01-25 /ejn/ -
2015-01-25 /ejn/ -
2015-01-25 /ejn/EJN_AtlasAdvanced.aspx -
2015-01-25 /ejn/EJN_Home.aspx -
2015-01-25 /ejn/EJN_Home.aspx -
2015-01-25 /ejn/EJN_Home.aspx -
2015-01-25 /ejn/EJN_Home.aspx -
2015-01-25 /ejn/EJN_Home.aspx -
2015-01-25 /ejn/EJN_Home.aspx -
2015-01-25 /ejn/EJN_Home.aspx -
2015-01-25 /ejn/EJN_Home.aspx -
2015-01-25 /ejn/ -
2015-01-25 /ejn/ -
2015-01-25 /ejn/EJN_AtlasAdvanced.aspx -
2015-01-25 /ejn/ -
2015-01-25 /ejn/EJN_Home.aspx -
2015-01-25 /ejn/libcategories.aspx Id=41
2015-01-25 /ejn/EJN_Home.aspx -
2015-01-25 /ejn/EJN_Home.aspx -
2015-01-25 /ejn/ -
2015-01-25 /ejn/EJN_Home.aspx -
2015-01-25 /ejn/EJN_AtlasAdvanced.aspx -
2015-01-25 /ejn/EJN_Home.aspx -
2015-01-25 /ejn/EJN_AtlasAdvanced.aspx -
2015-01-25 /ejn/EJN_Home.aspx -
2015-01-25 /ejn/EJN_Home.aspx -
2015-01-25 /ejn/ -
2015-01-25 /ejn/ -
2015-01-25 /ejn/EJN_Home.aspx -
2015-01-25 /ejn/ -
2015-01-25 /ejn/ -
2015-01-25 /ejn/ -
2015-01-25 /ejn/EJN_Home.aspx -
2015-01-25 /ejn/EJN_AtlasAdvanced.aspx -
2015-01-25 /ejn/EJN_StaticPage.aspx Bread=8
2015-01-25 /ejn/EJN_Home.aspx -
2015-01-25 /ejn/EJN_Home.aspx -
2015-01-25 /ejn/ -
2015-01-25 /ejn/EJN_AtlasAdvanced.aspx -
2015-01-25 /ejn/EJN_Home.aspx -
2015-01-25 /ejn/libshowdocument.aspx Id=206&Lang=EN
2015-01-25 /ejn/libshowdocument.aspx Id=206&Lang=EN
2015-01-25 /ejn/ -
2015-01-25 /ejn/EJN_Home.aspx -
2015-01-25 /ejn/EJN_Home.aspx -
2015-01-25 /ejn/ -
2015-01-25 /default.aspx -
2015-01-25 /ejn/EJN_Home.aspx -
2015-01-25 /ejn/EJN_Home.aspx -
2015-01-25 /ejn/EJN_Home.aspx -
2015-01-25 /ejn/ -
2015-01-25 /ejn/ -
2015-01-25 /ejn/ -
2015-01-25 /ejn/ -
2015-01-25 /ejn/ -
2015-01-25 /ejn/EJN_InfoAbout.aspx Id=354
2015-01-25 /ejn/EJN_AtlasAdvanced.aspx -
2015-01-25 /ejn/EJN_Home.aspx -
2015-01-25 /ejn/EJN_Home.aspx -
2015-01-25 /ejn/EJN_Home.aspx -
2015-01-25 /ejn/EJN_Home.aspx -
2015-01-25 /ejn/EJN_SubscribeNewsLetter.aspx -
2015-01-25 /ejn/EJN_Home.aspx -
2015-01-25 /ejn/EJN_Home.aspx -
2015-01-25 /ejn/ -
2015-01-25 /ejn/EJN_AtlasAdvanced.aspx -
2015-01-25 /ejn/EJN_Home.aspx -
2015-01-25 /ejn/ -
2015-01-25 /ejn/ -
2015-01-25 /ejn/ -
2015-01-25 /ejn/AtlasChooseCountry.aspx Type=2
2015-01-25 /ejn/AtlasChooseCountry.aspx Type=2
2015-01-25 /ejn/AtlasChooseMeasure.aspx MP=0&Cou=337
2015-01-25 /ejn/AtlasChooseMeasure.aspx MP=0&Cou=337
2015-01-25 /ejn/AtlasChooseMeasure.aspx MP=0&Cou=337
2015-01-25 /ejn/AtlasSelection.aspx -
2015-01-25 /ejn/AtlasSelection.aspx -
2015-01-25 /ejn/AtlasSelection.aspx -
2015-01-25 /ejn/AtlasChooseAuthority.aspx -
2015-01-25 /ejn/AtlasChooseAuthority.aspx/GetLocations -
2015-01-25 /ejn/AtlasChooseAuthority.aspx/GetLocations -
2015-01-25 /ejn/AtlasChooseAuthority.aspx -
2015-01-25 /ejn/EJN_Home.aspx -
2015-01-25 /ejn/EJN_Home.aspx -
2015-01-25 /ejn/ -
2015-01-25 /ejn/AtlasChooseCountry.aspx Type=2
2015-01-25 /ejn/AtlasChooseMeasure.aspx MP=0&Cou=337
2015-01-25 /ejn/AtlasChooseMeasure.aspx MP=0&Cou=337
2015-01-25 /ejn/AtlasChooseMeasure.aspx MP=0&Cou=337
2015-01-25 /ejn/AtlasSelection.aspx -
2015-01-25 /ejn/AtlasSelection.aspx -
2015-01-25 /ejn/AtlasSelection.aspx -
2015-01-25 /ejn/AtlasChooseAuthority.aspx -
2015-01-25 /ejn/AtlasChooseAuthority.aspx/GetLocations -
2015-01-25 /ejn/AtlasChooseAuthority.aspx/GetLocations -
2015-01-25 /ejn/AtlasChooseAuthority.aspx -
2015-01-25 /ejn/AtlasAuthorityData.aspx Id=2624
2015-01-25 /ejn/ -
2015-01-25 /ejn/AtlasChooseCountry.aspx Type=2
2015-01-25 /ejn/AtlasChooseMeasure.aspx MP=0&Cou=337
2015-01-25 /ejn/AtlasChooseMeasure.aspx MP=0&Cou=337
2015-01-25 /ejn/AtlasChooseMeasure.aspx MP=0&Cou=337
2015-01-25 /ejn/AtlasSelection.aspx -
2015-01-25 /ejn/AtlasSelection.aspx -
2015-01-25 /ejn/AtlasSelection.aspx -
2015-01-25 /ejn/AtlasChooseAuthority.aspx -
2015-01-25 /ejn/EJN_Home.aspx -
2015-01-25 /ejn/AtlasChooseAuthority.aspx/GetLocations -
2015-01-25 /ejn/AtlasChooseAuthority.aspx/GetLocations -
2015-01-25 /ejn/ -
2015-01-25 /ejn/AtlasChooseAuthority.aspx -
2015-01-25 /ejn/AtlasAuthorityData.aspx Id=2621
2015-01-25 /ejn/ -
2015-01-25 /ejn/AtlasChooseCountry.aspx Type=2
2015-01-25 /ejn/AtlasChooseMeasure.aspx MP=0&Cou=337
2015-01-25 /ejn/AtlasChooseMeasure.aspx MP=0&Cou=337
2015-01-25 /ejn/AtlasChooseMeasure.aspx MP=0&Cou=337
2015-01-25 /ejn/AtlasSelection.aspx -
2015-01-25 /ejn/AtlasSelection.aspx -
2015-01-25 /ejn/AtlasSelection.aspx -
2015-01-25 /ejn/AtlasChooseAuthority.aspx -
2015-01-25 /ejn/AtlasChooseAuthority.aspx/GetLocations -
2015-01-25 /ejn/AtlasChooseAuthority.aspx/GetLocations -
2015-01-25 /ejn/AtlasChooseAuthority.aspx -
2015-01-25 /ejn/AtlasAuthorityData.aspx Id=2621
2015-01-25 /ejn/EJN_Home.aspx -
2015-01-25 /ejn/ -
2015-01-25 /ejn/EJN_AtlasAdvanced.aspx -
2015-01-25 /ejn/EJN_Home.aspx -
2015-01-25 /ejn/ -
2015-01-25 /ejn/AtlasChooseCountry.aspx Type=2
2015-01-25 /ejn/AtlasChooseMeasure.aspx MP=0&Cou=337
2015-01-25 /ejn/AtlasChooseMeasure.aspx MP=0&Cou=337
2015-01-25 /ejn/AtlasChooseMeasure.aspx MP=0&Cou=337
2015-01-25 /ejn/AtlasSelection.aspx -
2015-01-25 /ejn/AtlasSelection.aspx -
2015-01-25 /ejn/AtlasSelection.aspx -
2015-01-25 /ejn/AtlasChooseAuthority.aspx -
2015-01-25 /ejn/AtlasChooseAuthority.aspx/GetLocations -
2015-01-25 /ejn/AtlasChooseAuthority.aspx -
2015-01-25 /ejn/AtlasAuthorityData.aspx Id=2635
2015-01-25 /ejn/EJN_Home.aspx -
2015-01-25 /ejn/EJN_Home.aspx -
2015-01-25 /ejn/ -
2015-01-25 /ejn/ -
2015-01-25 /ejn/EJN_Home.aspx -
2015-01-25 /ejn/EJN_StaticPage.aspx Bread=39
2015-01-25 /ejn/EJN_Compendium.aspx -
2015-01-25 /ejn/ctrls.compendium/IframeEngine.aspx -
2015-01-25 /ejn/ -
2015-01-25 /ejn/EJN_AtlasAdvanced.aspx -
2015-01-25 /ejn/EJN_Home.aspx -
2015-01-25 /ejn/EJN_Home.aspx -
2015-01-25 /ejn/EJN_Home.aspx -
2015-01-25 /ejn/ -
2015-01-25 /ejn/EJN_AtlasAdvanced.aspx -
2015-01-25 /ejn/EJN_Home.aspx -
2015-01-25 /ejn/ -
2015-01-25 /ejn/ -
2015-01-25 /ejn/AtlasChooseCountry.aspx -
2015-01-25 /ejn/EJN_Home.aspx -
2015-01-25 /ejn/EJN_Home.aspx -
2015-01-25 /ejn/AtlasChooseCountry.aspx Type=2
2015-01-25 /ejn/AtlasChooseCountry.aspx Type=2
2015-01-25 /ejn/AtlasChooseMeasure.aspx MP=0&Cou=351
2015-01-25 /ejn/AtlasChooseMeasure.aspx MP=0&Cou=351
2015-01-25 /ejn/AtlasChooseMeasure.aspx MP=0&Cou=351
2015-01-25 /ejn/AtlasSelection.aspx -
2015-01-25 /ejn/AtlasSelection.aspx -
2015-01-25 /ejn/AtlasSelection.aspx -
2015-01-25 /ejn/AtlasSelection.aspx -
2015-01-25 /ejn/AtlasChooseCountry.aspx Type=1
2015-01-25 /ejn/AtlasSelection.aspx -
2015-01-25 /ejn/AtlasChooseAuthority.aspx -
2015-01-25 /ejn/ -
2015-01-25 /ejn/AtlasChooseAuthority.aspx -
2015-01-25 /ejn/AtlasChooseAuthority.aspx/GetLocations -
2015-01-25 /ejn/AtlasChooseAuthority.aspx -
2015-01-25 /ejn/AtlasAuthorityData.aspx Id=5278
2015-01-25 /ejn/EJN_AtlasAdvanced.aspx -
2015-01-25 /ejn/AtlasChooseAuthority.aspx/GetLocations -
2015-01-25 /ejn/AtlasChooseAuthority.aspx -
2015-01-25 /ejn/AtlasChooseAuthority.aspx -
2015-01-25 /ejn/AtlasChooseAuthority.aspx -
2015-01-25 /ejn/AtlasChooseAuthority.aspx -
2015-01-25 /ejn/EJN_Home.aspx -
2015-01-25 /ejn/AtlasChooseAuthority.aspx/GetLocations -
2015-01-25 /ejn/AtlasChooseAuthority.aspx/GetLocations -
2015-01-25 /ejn/AtlasChooseAuthority.aspx -
2015-01-25 /ejn/EJN_Home.aspx ++Culture:ROSessionId:uatgm42emkh53o2z2ak0utokDate_Time:11:44
2015-01-25 /ejn/AtlasAuthorityData.aspx Id=5284
2015-01-25 /ejn/AtlasChooseCountry.aspx Type=1
2015-01-25 /ejn/AtlasAuthorityData.aspx Id=5249
2015-01-25 /ejn/AtlasChooseAuthority.aspx/GetLocations -
2015-01-25 /ejn/AtlasChooseAuthority.aspx -
2015-01-25 /ejn/AtlasChooseAuthority.aspx/GetLocations -
2015-01-25 /ejn/AtlasChooseAuthority.aspx -
2015-01-25 /ejn/EJN_Home.aspx -
2015-01-25 /ejn/AtlasChooseAuthority.aspx/GetLocations -
2015-01-25 /ejn/AtlasChooseAuthority.aspx -
2015-01-25 /ejn/AtlasAuthorityData.aspx Id=5284
2015-01-25 /ejn/EJN_Home.aspx -
2015-01-25 /ejn/ -
2015-01-25 /ejn/EJN_Home.aspx -
2015-01-25 /ejn/EJN_Home.aspx -
2015-01-25 /ejn/EJN_Home.aspx -
2015-01-25 /ejn/EJN_Home.aspx -
2015-01-25 /ejn/EJN_Home.aspx -
2015-01-25 /ejn/ -
2015-01-25 /ejn/ -
2015-01-25 /ejn/EJN_AtlasAdvanced.aspx -
2015-01-25 /ejn/EJN_StaticPage.aspx Bread=13
2015-01-25 /ejn/EJN_Home.aspx -
2015-01-25 /ejn/ -
2015-01-25 /ejn/EJN_Home.aspx -
2015-01-25 /ejn/EJN_Home.aspx -
2015-01-25 /ejn/ -
2015-01-25 /ejn/AtlasChooseMeasure.aspx Mp=1&Cou=IT&Type=2
2015-01-25 /ejn/AtlasChooseMeasure.aspx Mp=1&Cou=IT&Type=2
2015-01-25 /ejn/EJN_FichesBelgesResult.aspx measure=101&country=295&other=-1
2015-01-25 /ejn/EJN_Home.aspx -
2015-01-25 /ejn/ -
2015-01-25 /ejn/ -
2015-01-25 /ejn/ -
2015-01-25 /ejn/ -
2015-01-25 /ejn/ -
2015-01-25 /ejn/ -
2015-01-25 /ejn/ -
2015-01-25 /ejn/ -
2015-01-25 /ejn/ -
2015-01-25 /ejn/ -
2015-01-25 /ejn/ -
2015-01-25 /ejn/ -
2015-01-25 /ejn/ -
2015-01-25 /ejn/EJN_AtlasAdvanced.aspx -
2015-01-25 /ejn/EJN_Home.aspx -
2015-01-25 /ejn/EJN_Home.aspx -
2015-01-25 /ejn/EJN_Home.aspx -
2015-01-25 /ejn/ -
2015-01-25 /ejn/ -
2015-01-25 /ejn/ -
2015-01-25 /ejn/EJN_Home.aspx -
2015-01-25 /ejn/EJN_Home.aspx -
2015-01-25 /ejn/EJN_StaticPage.aspx Bread=37
2015-01-25 /ejn/EJN_Home.aspx -
2015-01-25 /ejn/ -
2015-01-25 /ejn/EJN_InfoAbout.aspx Id=354
2015-01-25 /documents.aspx doclink=Y&country=Romania
2015-01-25 /ejn/EJN_InfoAbout.aspx Id=354++Culture:ROSessionId:baswil0ew2akbtd1ymprh155Date_Time:12:12
2015-01-25 /ejn/ejn_home.aspx -
2015-01-25 /ejn/EJN_FichesBelges.aspx -
2015-01-25 /ejn/EJN_Home.aspx -
2015-01-25 /ejn/EJN_FichesBelges.aspx -
2015-01-25 /ejn/ -
2015-01-25 /ejn/EJN_FichesBelgesTable.aspx -
2015-01-25 /ejn/EJN_FichesBelges.aspx -
2015-01-25 /ejn/EJN_FichesBelges.aspx -
2015-01-25 /ejn/EJN_FichesBelgesResult.aspx measure=901&country=295&other=354
2015-01-25 /ejn/EJN_FichesBelges.aspx -
2015-01-25 /ejn/EJN_Home.aspx -
2015-01-25 /ejn/EJN_AtlasAdvanced.aspx -
2015-01-25 /ejn/ -
2015-01-25 /ejn/EJN_Home.aspx -
2015-01-25 /ejn/EJN_StaticPage.aspx Bread=11
2015-01-25 /ejn/EJN_Home.aspx -
2015-01-25 /ejn/EJN_Home.aspx -
2015-01-25 /ejn/EJN_Home.aspx -
2015-01-25 /ejn/EJN_Home.aspx -
2015-01-25 /ejn/EJN_Home.aspx -
2015-01-25 /ejn/ -
2015-01-25 /ejn/EJN_Home.aspx -
2015-01-25 /ejn/EJN_Home.aspx -
2015-01-25 /ejn/EJN_AtlasAdvanced.aspx -
2015-01-25 /ejn/ -
2015-01-25 /ejn/EJN_Home.aspx -
2015-01-25 /ejn/EJN_Home.aspx -
2015-01-25 /ejn/EJN_AtlasAdvanced.aspx -
2015-01-25 /ejn/EJN_StaticPage.aspx Bread=3
2015-01-25 /ejn/EJN_Home.aspx -
2015-01-25 /ejn/EJN_Home.aspx -
2015-01-25 /ejn/EJN_StaticPage.aspx Bread=11
2015-01-25 /ejn/EJN_Home.aspx -
2015-01-25 /ejn/ -
2015-01-25 /ejn/EJN_Home.aspx -
2015-01-25 /ejn/EJN_AtlasAdvanced.aspx -
2015-01-25 /ejn/EJN_Home.aspx -
2015-01-25 /ejn/EJN_Home.aspx -
2015-01-25 /ejn/ -
2015-01-25 /ejn/EJN_AtlasAdvanced.aspx -
2015-01-25 /ejn/EJN_Home.aspx -
2015-01-25 /ejn/EJN_AtlasAdvanced.aspx -
2015-01-25 /ejn/EJN_Home.aspx -
2015-01-25 /ejn/EJN_Home.aspx -
2015-01-25 /ejn/ -
2015-01-25 /atlas_advanced.aspx -
2015-01-25 /atlas_advanced.aspx -
2015-01-25 /ejn/ -
2015-01-25 /atlas_advanced.aspx -
2015-01-25 /atlas_advanced.aspx -
2015-01-25 /ejn/EJN_Home.aspx -
2015-01-25 /ejn/ -
2015-01-25 /ejn/ -
2015-01-25 /ejn/AtlasChooseMeasure.aspx Mp=1&Cou=LT&Type=2
2015-01-25 /ejn/EJN_Home.aspx -
2015-01-25 /ejn/AtlasChooseMeasure.aspx Mp=1&Cou=LT&Type=2++Culture:ESSessionId:yf0y3m2vhuyjbcjs5kkxcpyqDate_Time:12:54
2015-01-25 /ejn/AtlasChooseMeasure.aspx Mp=1&Cou=LT&Type=2
2015-01-25 /ejn/AtlasChooseCountry.aspx -
2015-01-25 /ejn/EJN_Home.aspx -
2015-01-25 /ejn/EJN_Home.aspx -
2015-01-25 /ejn/EJN_Home.aspx ++Culture:ROSessionId:uatgm42emkh53o2z2ak0utokDate_Time:12:57
2015-01-25 /ejn/EJN_EAWWizard.aspx -
2015-01-25 /ejn/ctrls.eawwizard/IframeEngine.aspx -
2015-01-25 /ejn/EJN_FichesBelges.aspx -
2015-01-25 /ejn/EJN_FichesBelgesTable.aspx -
2015-01-25 /ejn/EJN_StaticPage.aspx Bread=12
2015-01-25 /ejn/ -
2015-01-25 /ejn/EJN_Home.aspx -
2015-01-25 /ejn/EJN_AtlasAdvanced.aspx -
2015-01-25 /ejn/Gallery.aspx -
2015-01-25 /ejn/EJN_Home.aspx -
2015-01-25 /ejn/EJN_Home.aspx -
2015-01-25 /ejn/EJN_Home.aspx -
2015-01-25 /ejn/EJN_Home.aspx -
2015-01-25 /ejn/EJN_Home.aspx -
2015-01-25 /ejn/AtlasChooseMeasure.aspx Mp=1&Cou=LT&Type=2
2015-01-25 /ejn/EJN_Home.aspx -
2015-01-25 /ejn/AtlasChooseMeasure.aspx Mp=1&Cou=LT&Type=2
2015-01-25 /ejn/AtlasSelection.aspx -
2015-01-25 /ejn/AtlasSelection.aspx -
2015-01-25 /ejn/AtlasSelection.aspx -
2015-01-25 /ejn/AtlasChooseAuthority.aspx -
2015-01-25 /ejn/EJN_Home.aspx -
2015-01-25 /ejn/AtlasChooseAuthority.aspx/GetLocations -
2015-01-25 /ejn/ -
2015-01-25 /ejn/AtlasChooseAuthority.aspx -
2015-01-25 /ejn/EJN_AtlasAdvanced.aspx -
2015-01-25 /ejn/EJN_Home.aspx -
2015-01-25 /ejn/ -
2015-01-25 /ejn/EJN_Home.aspx -
2015-01-25 /ejn/EJN_Home.aspx -
2015-01-25 /ejn/EJN_Home.aspx -
2015-01-25 /ejn/EJN_Home.aspx -
2015-01-25 /ejn/EJN_Home.aspx -
2015-01-25 /ejn/EJN_Home.aspx -
2015-01-25 /ejn/EJN_StaticPage.aspx Bread=37
2015-01-25 /ejn/EJN_Home.aspx -
2015-01-25 /ejn/EJN_Home.aspx -
2015-01-25 /ejn/EJN_Home.aspx -
2015-01-25 /ejn/EJN_Home.aspx -
2015-01-25 /ejn/ -
2015-01-25 /ejn/EJN_AtlasAdvanced.aspx -
2015-01-25 /ejn/EJN_Home.aspx -
2015-01-25 /ejn/EJN_StaticPage.aspx Bread=38
2015-01-25 /ejn/EJN_QuickLinks.aspx id=23
2015-01-25 /ejn/EJN_Home.aspx -
2015-01-25 /ejn/EJN_Home.aspx -
2015-01-25 /ejn/EJN_Home.aspx -
2015-01-25 /ejn/EJN_Home.aspx -
2015-01-25 /ejn/EJN_Home.aspx -
2015-01-25 /ejn/EJN_Home.aspx -
2015-01-25 /ejn/EJN_Home.aspx -
2015-01-25 /ejn/EJN_Home.aspx -
2015-01-25 /ejn/ -
2015-01-25 /ejn/EJN_Home.aspx -
2015-01-25 /ejn/EJN_Home.aspx -
2015-01-25 /ejn/EJN_AtlasAdvanced.aspx -
2015-01-25 /ejn/EJN_Home.aspx -
2015-01-25 /ejn/EJN_Home.aspx -
2015-01-25 /ejn/EJN_Home.aspx -
2015-01-25 /ejn/EJN_Home.aspx -
2015-01-25 /ejn/EJN_Home.aspx -
2015-01-25 /ejn/ -
2015-01-25 /ejn/EJN_Home.aspx -
2015-01-25 /ejn/EJN_AtlasAdvanced.aspx -
2015-01-25 /ejn/EJN_Home.aspx -
2015-01-25 /ejn/ -
2015-01-25 /ejn/EJN_EAWWizard.aspx -
2015-01-25 /ejn/ctrls.eawwizard/IframeEngine.aspx -
2015-01-25 /ejn/ -
2015-01-25 /ejn/EJN_EAWWizard.aspx -
2015-01-25 /ejn/ctrls.eawwizard/IframeEngine.aspx -
2015-01-25 /ejn/ -
2015-01-25 /ejn/EJN_AtlasAdvanced.aspx -
2015-01-25 /ejn/EJN_Home.aspx -
2015-01-25 /ejn/EJN_Home.aspx -
2015-01-25 /ejn/EJN_EAWWizard.aspx -
2015-01-25 /ejn/ctrls.eawwizard/IframeEngine.aspx -
2015-01-25 /ejn/EJN_Home.aspx -
2015-01-25 /ejn/EJN_Home.aspx -
2015-01-25 /ejn/EJN_AtlasAdvanced.aspx -
2015-01-25 /ejn/ -
2015-01-25 /ejn/EJN_Home.aspx -
2015-01-25 /ejn/EJN_Home.aspx -
2015-01-25 /ejn/ -
2015-01-25 /ejn/EJN_AtlasAdvanced.aspx -
2015-01-25 /ejn/EJN_Compendium.aspx -
2015-01-25 /ejn/EJN_Home.aspx -
2015-01-25 /ejn/EJN_Home.aspx -
2015-01-25 /ejn/EJN_Home.aspx -
2015-01-25 /ejn/EJN_Home.aspx -
2015-01-25 /ejn/EJN_Home.aspx -
2015-01-25 /ejn/EJN_Home.aspx -
2015-01-25 /ejn/EJN_Home.aspx -
2015-01-25 /ejn/EJN_Home.aspx -
2015-01-25 /ejn/EJN_Home.aspx -
2015-01-25 /ejn/ -
2015-01-25 /ejn/EJN_AtlasAdvanced.aspx -
2015-01-25 /ejn/EJN_Home.aspx -
2015-01-25 /ejn/EJN_Home.aspx -
2015-01-25 /ejn/EJN_Home.aspx -
2015-01-25 /ejn/EJN_Home.aspx -
2015-01-25 /ejn/ -
2015-01-25 /ejn/ -
2015-01-25 /ejn/EJN_Home.aspx -
2015-01-25 /ejn/EJN_Home.aspx -
2015-01-25 /ejn/EJN_AtlasAdvanced.aspx -
2015-01-25 /ejn/EJN_Home.aspx -
2015-01-25 /ejn/EJN_Home.aspx -
2015-01-25 /ejn/EJN_Home.aspx -
2015-01-25 /ejn/EJN_Home.aspx -
2015-01-25 /ejn/EJN_Home.aspx -
2015-01-25 /ejn/NewsDetail.aspx id=339&Ori=H
2015-01-25 /ejn/EJN_Home.aspx -
2015-01-25 /ejn/EJN_Home.aspx -
2015-01-25 /ejn/ -
2015-01-25 /ejn/ -
2015-01-25 /ejn/ -
2015-01-25 /ejn/EJN_AtlasAdvanced.aspx -
2015-01-25 /ejn/libcategories.aspx Id=32
2015-01-25 /ejn/EJN_AtlasAdvanced.aspx -
2015-01-25 /ejn/EJN_Home.aspx -
2015-01-25 /ejn/libshowdocument.aspx Id=16&Lang=LT
2015-01-25 /ejn/EJN_QuickLinks.aspx Id=27
2015-01-25 /ejn/EJN_Home.aspx -
2015-01-25 /ejn/EJN_Home.aspx -
2015-01-25 /ejn/EJN_Home.aspx -
2015-01-25 /ejn/EJN_Home.aspx -
2015-01-25 /ejn/ -
2015-01-25 /ejn/EJN_Home.aspx -
2015-01-25 /ejn/EJN_AtlasAdvanced.aspx -
2015-01-25 /ejn/EJN_Home.aspx -
2015-01-25 /ejn/EJN_Home.aspx -
2015-01-25 /ejn/EJN_Home.aspx -
2015-01-25 /ejn/EJN_Home.aspx -
2015-01-25 /ejn/EJN_Home.aspx -
2015-01-25 /ejn/ -
2015-01-25 /ejn/EJN_AtlasAdvanced.aspx -
2015-01-25 /ejn/EJN_AtlasAdvanced.aspx -
2015-01-25 /ejn/NewsDetail.aspx id=94&Ori=H
2015-01-25 /ejn/EJN_Home.aspx -
2015-01-25 /ejn/ -
2015-01-25 /ejn/EJN_Home.aspx -
2015-01-25 /ejn/AtlasChooseCountry.aspx Type=2
2015-01-25 /ejn/AtlasChooseCountry.aspx Type=2
2015-01-25 /ejn/AtlasChooseMeasure.aspx MP=0&Cou=351
2015-01-25 /ejn/AtlasChooseMeasure.aspx MP=0&Cou=351
2015-01-25 /ejn/AtlasChooseMeasure.aspx MP=0&Cou=351
2015-01-25 /ejn/AtlasSelection.aspx -
2015-01-25 /ejn/ -
2015-01-25 /ejn/AtlasSelection.aspx -
2015-01-25 /ejn/AtlasSelection.aspx -
2015-01-25 /ejn/EJN_Home.aspx -
2015-01-25 /ejn/EJN_Home.aspx -
2015-01-25 /ejn/EJN_Home.aspx -
2015-01-25 /ejn/AtlasSelection.aspx -
2015-01-25 /ejn/EJN_Home.aspx -
2015-01-25 /ejn/ -
2015-01-25 /ejn/EJN_Home.aspx -
2015-01-25 /ejn/EJN_Home.aspx -
2015-01-25 /ejn/EJN_AtlasAdvanced.aspx -
2015-01-25 /ejn/ -
2015-01-25 /ejn/EJN_InfoAbout.aspx Id=351
2015-01-25 /ejn/ -
2015-01-25 /ejn/AtlasChooseCountry.aspx Type=2
2015-01-25 /ejn/AtlasChooseMeasure.aspx MP=0&Cou=351
2015-01-25 /ejn/AtlasChooseMeasure.aspx MP=0&Cou=351
2015-01-25 /ejn/AtlasChooseMeasure.aspx MP=0&Cou=351
2015-01-25 /ejn/AtlasSelection.aspx -
2015-01-25 /ejn/AtlasSelection.aspx -
2015-01-25 /ejn/AtlasSelection.aspx -
2015-01-25 /ejn/AtlasSelection.aspx -
2015-01-25 /ejn/AtlasSelection.aspx -
2015-01-25 /ejn/AtlasChooseAuthority.aspx -
2015-01-25 /ejn/AtlasChooseAuthority.aspx/GetLocations -
2015-01-25 /ejn/AtlasChooseAuthority.aspx/GetLocations -
2015-01-25 /ejn/AtlasChooseAuthority.aspx/GetLocations -
2015-01-25 /ejn/AtlasChooseAuthority.aspx/GetLocations -
2015-01-25 /ejn/EJN_Home.aspx -
2015-01-25 /ejn/AtlasChooseAuthority.aspx -
2015-01-25 /ejn/AtlasAuthorityData.aspx Id=5229
2015-01-25 /ejn/EJN_Home.aspx -
2015-01-25 /ejn/EJN_Home.aspx -
2015-01-25 /ejn/ -
2015-01-25 /ejn/ ++Culture:DESessionId:34q5brhe2ulu2ha43fkdceogDate_Time:15:17
2015-01-25 /ejn/AtlasChooseCountry.aspx Type=2
2015-01-25 /ejn/AtlasChooseCountry.aspx Type=2
2015-01-25 /ejn/AtlasChooseMeasure.aspx MP=0&Cou=373
2015-01-25 /ejn/AtlasChooseMeasure.aspx MP=0&Cou=373
2015-01-25 /ejn/AtlasChooseMeasure.aspx MP=0&Cou=373
2015-01-25 /ejn/AtlasSelection.aspx -
2015-01-25 /ejn/AtlasSelection.aspx -
2015-01-25 /ejn/AtlasSelection.aspx -
2015-01-25 /ejn/AtlasSelection.aspx -
2015-01-25 /ejn/AtlasSelection.aspx -
2015-01-25 /ejn/AtlasAuthorityData.aspx Id=4145
2015-01-25 /ejn/AtlasAuthorityData.aspx Id=4145
2015-01-25 /ejn/AtlasSelection.aspx Option=PathOptions
2015-01-25 /ejn/AtlasSelection.aspx Option=PathOptions
2015-01-25 /ejn/EJN_Home.aspx -
2015-01-25 /ejn/AtlasSelection.aspx Option=PathOptions
2015-01-25 /ejn/AtlasSelection.aspx Option=PathOptions
2015-01-25 /ejn/AtlasSelection.aspx Option=PathOptions
2015-01-25 /ejn/AtlasChooseAuthority.aspx -
2015-01-25 /ejn/AtlasChooseAuthority.aspx/GetLocations -
2015-01-25 /ejn/AtlasChooseAuthority.aspx -
2015-01-25 /ejn/AtlasChooseAuthority.aspx/GetLocations -
2015-01-25 /ejn/AtlasChooseAuthority.aspx -
2015-01-25 /ejn/AtlasChooseAuthority.aspx -
2015-01-25 /ejn/AtlasAuthorityData.aspx Id=3169
2015-01-25 /ejn/ -
2015-01-25 /ejn/EJN_Home.aspx -
2015-01-25 /ejn/EJN_News.aspx id=52
2015-01-25 /ejn/EJN_News.aspx id=52
2015-01-25 /ejn/libshowdocument.aspx Id=248&Lang=PL
2015-01-25 /ejn/EJN_AtlasAdvanced.aspx -
2015-01-25 /ejn/EJN_Home.aspx -
2015-01-25 /ejn/EJN_Home.aspx -
2015-01-25 /ejn/EJN_Home.aspx -
2015-01-25 /ejn/EJN_Home.aspx -
2015-01-25 /ejn/EJN_Home.aspx -
2015-01-25 /ejn/libcategories.aspx Id=14
2015-01-25 /ejn/AtlasChooseCountry.aspx Type=1
2015-01-25 /ejn/AtlasChooseMeasure.aspx MP=1&Cou=IT
2015-01-25 /ejn/AtlasSelection.aspx -
2015-01-25 /ejn/AtlasSelection.aspx -
2015-01-25 /ejn/AtlasSelection.aspx -
2015-01-25 /ejn/AtlasAuthorityData.aspx Id=5311
2015-01-25 /ejn/AtlasAuthorityData.aspx Id=5311
2015-01-25 /ejn/AtlasAuthorityData.aspx Id=5311
2015-01-25 /ejn/EJN_EAWWizard.aspx authId=5311&Central=True
2015-01-25 /ejn/ctrls.eawwizard/IframeEngine.aspx -
2015-01-25 /ejn/ctrls.eawwizard/iframeEngine.aspx remoteFunction=getAuthority&Id=5311&paneName=central_auth&callback=loadAuth_cb
2015-01-25 /ejn/ -
2015-01-25 /ejn/EJN_Home.aspx -
2015-01-25 /ejn/EJN_Home.aspx -
2015-01-25 /ejn/EJN_EAWWizard.aspx authId=5311&Central=True
2015-01-25 /ejn/EJN_EAWWizard.aspx authId=5311&Central=True
2015-01-25 /ejn/ctrls.eawwizard/IframeEngine.aspx -
2015-01-25 /ejn/ctrls.eawwizard/iframeEngine.aspx remoteFunction=getAuthority&Id=5311&paneName=central_auth&callback=loadAuth_cb
2015-01-25 /ejn/EJN_EAWWizard.aspx authId=5311&Central=True
2015-01-25 /ejn/ctrls.eawwizard/IframeEngine.aspx -
2015-01-25 /ejn/EJN_AtlasAdvanced.aspx -
2015-01-25 /ejn/ctrls.eawwizard/iframeEngine.aspx remoteFunction=getAuthority&Id=5311&paneName=central_auth&callback=loadAuth_cb
2015-01-25 /ejn/EJN_EAWWizard.aspx authId=5311&Central=True
2015-01-25 /ejn/ctrls.eawwizard/IframeEngine.aspx -
2015-01-25 /ejn/ctrls.eawwizard/iframeEngine.aspx remoteFunction=getAuthority&Id=5311&paneName=central_auth&callback=loadAuth_cb
2015-01-25 /ejn/EJN_EAWWizard.aspx authId=5311&Central=True
2015-01-25 /ejn/ctrls.eawwizard/IframeEngine.aspx -
2015-01-25 /ejn/ctrls.eawwizard/iframeEngine.aspx remoteFunction=getAuthority&Id=5311&paneName=central_auth&callback=loadAuth_cb
2015-01-25 /ejn/EJN_EAWWizard.aspx authId=5311&Central=True
2015-01-25 /ejn/ctrls.eawwizard/IframeEngine.aspx -
2015-01-25 /ejn/ctrls.eawwizard/iframeEngine.aspx remoteFunction=getAuthority&Id=5311&paneName=central_auth&callback=loadAuth_cb
2015-01-25 /ejn/EJN_EAWWizard.aspx authId=5311&Central=True
2015-01-25 /ejn/ctrls.eawwizard/IframeEngine.aspx -
2015-01-25 /ejn/ctrls.eawwizard/iframeEngine.aspx remoteFunction=getAuthority&Id=5311&paneName=central_auth&callback=loadAuth_cb
2015-01-25 /ejn/EJN_EAWWizard.aspx authId=5311&Central=True
2015-01-25 /ejn/EJN_Home.aspx -
2015-01-25 /ejn/ -
2015-01-25 /ejn/EJN_AtlasAdvanced.aspx -
2015-01-25 /ejn/EJN_Home.aspx -
2015-01-25 /ejn/ -
2015-01-25 /ejn/EJN_Home.aspx -
2015-01-25 /ejn/ -
2015-01-25 /ejn/ -
2015-01-25 /ejn/ ++Culture:ROSessionId:faxrg5gc3gahnitzuwcah3yyDate_Time:15:44
2015-01-25 /ejn/ -
2015-01-25 /ejn/EJN_StaticPage.aspx Bread=12
2015-01-25 /ejn/libcategories.aspx Id=5
2015-01-25 /ejn/EJN_StaticPage.aspx Bread=12
2015-01-25 /ejn/EJN_Home.aspx -
2015-01-25 /ejn/EJN_Home.aspx -
2015-01-25 /ejn/ -
2015-01-25 /ejn/ -
2015-01-25 /ejn/EJN_AtlasAdvanced.aspx -
2015-01-25 /ejn/EJN_QuickLinks.aspx id=24
2015-01-25 /ejn/EJN_EAWWizard.aspx -
2015-01-25 /ejn/ctrls.eawwizard/IframeEngine.aspx -
2015-01-25 /ejn/EJN_Home.aspx -
2015-01-25 /ejn/ -
2015-01-25 /ejn/EJN_QuickLinks.aspx id=24
2015-01-25 /ejn/EJN_QuickLinks.aspx id=24++Culture:ROSessionId:4kwqdh2dis4mttprz1n3upefDate_Time:15:46
2015-01-25 /ejn/EJN_EAWWizard.aspx -
2015-01-25 /ejn/ctrls.eawwizard/IframeEngine.aspx -
2015-01-25 /ejn/EJN_EAWWizard.aspx -
2015-01-25 /ejn/ctrls.eawwizard/IframeEngine.aspx -
2015-01-25 /ejn/EJN_Home.aspx -
2015-01-25 /ejn/EJN_StaticPage.aspx Bread=10
2015-01-25 /ejn/EJN_Home.aspx -
2015-01-25 /ejn/EJN_Home.aspx -
2015-01-25 /ejn/EJN_Home.aspx -
2015-01-25 /ejn/ -
2015-01-25 /ejn/EJN_EAWWizard.aspx -
2015-01-25 /ejn/ctrls.eawwizard/IframeEngine.aspx -
2015-01-25 /ejn/ -
2015-01-25 /ejn/NewsAll.aspx -
2015-01-25 /ejn/EJN_Home.aspx -
2015-01-25 /ejn/EJN_StaticPage.aspx Bread=34
2015-01-25 /ejn/Events.aspx Id=7
2015-01-25 /ejn/EJN_QuickLinks.aspx id=25
2015-01-25 /ejn/EJN_StaticPage.aspx Bread=39
2015-01-25 /ejn/EJN_StaticPage.aspx Bread=23
2015-01-25 /ejn/NewsAll.aspx Id=5
2015-01-25 /ejn/EJN_QuickLinks.aspx id=26
2015-01-25 /ejn/ ++Culture:ROSessionId:uxufrdwv4dyxmttswcycpc0eDate_Time:15:53
2015-01-25 /ejn/EJN_Search.aspx -
2015-01-25 /ejn/EJN_StaticPage.aspx Bread=21
2015-01-25 /ejn/EJN_QuickLinks.aspx id=24
2015-01-25 /ejn/EJN_EAWWizard.aspx -
2015-01-25 /ejn/EJN_EAWWizard.aspx -
2015-01-25 /ejn/ctrls.eawwizard/IframeEngine.aspx -
2015-01-25 /ejn/EJN_EAWWizard.aspx -
2015-01-25 /ejn/EJN_StaticPage.aspx Bread=2
2015-01-25 /ejn/ctrls.eawwizard/IframeEngine.aspx -
2015-01-25 /ejn/EJN_StaticPage.aspx Bread=24
2015-01-25 /ejn/EJN_StaticPage.aspx Bread=25
2015-01-25 /ejn/EJN_Home.aspx -
2015-01-25 /ejn/EJN_StaticPage.aspx Bread=14
2015-01-25 /ejn/EJN_StaticPage.aspx Bread=36
2015-01-25 /ejn/EJN_EAWWizard.aspx -
2015-01-25 /ejn/ctrls.eawwizard/IframeEngine.aspx -
2015-01-25 /ejn/NewsDetail.aspx id=346&Ori=H
2015-01-25 /ejn/EJN_QuickLinks.aspx id=23
2015-01-25 /ejn/EJN_StaticPage.aspx Bread=20
2015-01-25 /ejn/EJN_Home.aspx -
2015-01-25 /ejn/EJN_Home.aspx -
2015-01-25 /ejn/NewsAll.aspx Id=4
2015-01-25 /ejn/EJN_StaticPage.aspx Bread=38
2015-01-25 /ejn/EJN_QuickLinks.aspx id=28
2015-01-25 /ejn/ -
2015-01-25 /ejn/EJN_StaticPage.aspx Bread=3
2015-01-25 /ejn/EJN_AtlasAdvanced.aspx -
2015-01-25 /ejn/EJN_EAWWizard.aspx -
2015-01-25 /ejn/ctrls.eawwizard/IframeEngine.aspx -
2015-01-25 /ejn/EJN_EAWWizard.aspx -
2015-01-25 /ejn/ctrls.eawwizard/IframeEngine.aspx -
2015-01-25 /ejn/EJN_EAWWizard.aspx -
2015-01-25 /ejn/ -
2015-01-25 /ejn/ -
2015-01-25 /ejn/EJN_Home.aspx -
2015-01-25 /ejn/EJN_QuickLinks.aspx id=24
2015-01-25 /ejn/ -
2015-01-25 /ejn/ -
2015-01-25 /ejn/libcategories.aspx Id=14
2015-01-25 /ejn/libshowdocument.aspx Id=390&Lang=RO
2015-01-25 /ejn/ -
2015-01-25 /ejn/ -
2015-01-25 /ejn/ -
2015-01-25 /ejn/ -
2015-01-25 /ejn/EJN_StaticPage.aspx Bread=13
2015-01-25 /ejn/libcategories.aspx Id=14
2015-01-25 /ejn/AtlasChooseCountry.aspx -
2015-01-25 /ejn/EJN_Home.aspx -
2015-01-25 /ejn/EJN_StaticPage.aspx Bread=13
2015-01-25 /ejn/EJN_StaticPage.aspx Bread=13
2015-01-25 /ejn/libdocumentproperties.aspx Id=1119
2015-01-25 /ejn/libdocumentproperties.aspx Id=1119
2015-01-25 /ejn/EJN_Home.aspx -
2015-01-25 /ejn/EJN_Home.aspx ++Culture:ROSessionId:lviyjuozgmllwqpf3gjo2i1uDate_Time:16:00
2015-01-25 /ejn/Events.aspx -
2015-01-25 /ejn/Events.aspx -
2015-01-25 /ejn/EJN_StaticPage.aspx Bread=12
2015-01-25 /ejn/libcategories.aspx Id=34
2015-01-25 /ejn/EJN_Home.aspx -
2015-01-25 /ejn/Events.aspx -
2015-01-25 /ejn/libcategories.aspx Id=14
2015-01-25 /ejn/Events.aspx Event=273
2015-01-25 /ejn/EJN_Home.aspx -
2015-01-25 /ejn/EJN_Home.aspx -
2015-01-25 /ejn/EJN_Home.aspx -
2015-01-25 /ejn/EJN_QuickLinks.aspx id=24
2015-01-25 /ejn/EJN_Home.aspx -
2015-01-25 /ejn/EJN_QuickLinks.aspx id=26
2015-01-25 /ejn/AtlasChooseCountry.aspx Type=1
2015-01-25 /ejn/EJN_FichesBelges.aspx -
2015-01-25 /ejn/AtlasChooseCountry.aspx Type=1
2015-01-25 /ejn/EJN_EAWWizard.aspx -
2015-01-25 /ejn/ctrls.eawwizard/IframeEngine.aspx -
2015-01-25 /ejn/ -
2015-01-25 /ejn/EJN_Home.aspx -
2015-01-25 /ejn/EJN_StaticPage.aspx Bread=12
2015-01-25 /ejn/EJN_AtlasAdvanced.aspx -
2015-01-25 /ejn/EJN_EAWAtlas.aspx -
2015-01-25 /ejn/EJN_FichesBelges.aspx -
2015-01-25 /ejn/Events.aspx Event=273
2015-01-25 /ejn/EJN_AtlasAdvanced.aspx -
2015-01-25 /ejn/Events.aspx Event=273
2015-01-25 /ejn/EJN_QuickLinks.aspx id=24
2015-01-25 /ejn/EJN_EAWWizard.aspx -
2015-01-25 /ejn/ctrls.eawwizard/IframeEngine.aspx -
2015-01-25 /ejn/EJN_Home.aspx -
2015-01-25 /ejn/ -
2015-01-25 /ejn/ -
2015-01-25 /ejn/EJN_Home.aspx -
2015-01-25 /ejn/libcategories.aspx Id=14
2015-01-25 /ejn/libcategories.aspx Id=14
2015-01-25 /ejn/ -
2015-01-25 /ejn/libshowdocument.aspx Id=390&Lang=RO
2015-01-25 /ejn/libshowdocument.aspx Id=390&Lang=RO
2015-01-25 /ejn/EJN_Home.aspx -
2015-01-25 /ejn/EJN_Home.aspx -
2015-01-25 /ejn/libshowdocument.aspx Id=197&Lang=CS
2015-01-25 /ejn/libshowdocument.aspx Id=197&Lang=CS
2015-01-25 /ejn/EJN_Home.aspx -
2015-01-25 /ejn/ -
2015-01-25 /ejn/ -
2015-01-25 /ejn/ -
2015-01-25 /ejn/EJN_AtlasAdvanced.aspx -
2015-01-25 /ejn/EJN_Home.aspx -
2015-01-25 /ejn/ -
2015-01-25 /ejn/EJN_Home.aspx -
2015-01-25 /ejn/EJN_Secretariat.aspx -
2015-01-25 /ejn/EJN_Home.aspx -
2015-01-25 /ejn/EJN_Home.aspx -
2015-01-25 /ejn/EJN_Home.aspx -
2015-01-25 /ejn/EJN_Secretariat.aspx ++Culture:FRSessionId:edqh25vuio4mtkceuh35fjtcDate_Time:16:25
2015-01-25 /ejn/EJN_Home.aspx -
2015-01-25 /ejn/EJN_Home.aspx -
2015-01-25 /ejn/EJN_Home.aspx -
2015-01-25 /ejn/ -
2015-01-25 /ejn/EJN_Home.aspx -
2015-01-25 /ejn/ -
2015-01-25 /ejn/EJN_Home.aspx -
2015-01-25 /ejn/EJN_Home.aspx -
2015-01-25 /ejn/ -
2015-01-25 /ejn/EJN_AtlasAdvanced.aspx -
2015-01-25 /ejn/EJN_Home.aspx -
2015-01-25 /ejn/ -
2015-01-25 /ejn/EJN_AtlasAdvanced.aspx -
2015-01-25 /ejn/EJN_Home.aspx -
2015-01-25 /forms.aspx -
2015-01-25 /forms.aspx -
2015-01-25 /forms.aspx -
2015-01-25 /ejn/ -
2015-01-25 /ejn/libcategories.aspx -
2015-01-25 /ejn/libcategories.aspx Id=8
2015-01-25 /ejn/libcategories.aspx Id=8++Culture:ROSessionId:ig1rmti1nopgf3wxhl3bvcu5Date_Time:16:42
2015-01-25 /ejn/libcategories.aspx ++Culture:ROSessionId:ig1rmti1nopgf3wxhl3bvcu5Date_Time:16:43
2015-01-25 /ejn/libcategories.aspx Id=7
2015-01-25 /ejn/libdocumentproperties.aspx Id=13
2015-01-25 /ejn/EJN_Home.aspx -
2015-01-25 /ejn/libdocumentproperties.aspx Id=13
2015-01-25 /ejn/libdocumentproperties.aspx Id=13
2015-01-25 /ejn/libcategories.aspx Id=5
2015-01-25 /ejn/libdocumentproperties.aspx Id=1119
2015-01-25 /ejn/EJN_Home.aspx -
2015-01-25 /ejn/libdocumentproperties.aspx Id=1119
2015-01-25 /ejn/EJN_Home.aspx -
2015-01-25 /ejn/EJN_Home.aspx -
2015-01-25 /ejn/libshowdocument.aspx Id=390&Lang=RO
2015-01-25 /ejn/EJN_Home.aspx -
2015-01-25 /ejn/EJN_Home.aspx -
2015-01-25 /ejn/ -
2015-01-25 /ejn/EJN_Secretariat.aspx -
2015-01-25 /ejn/ -
2015-01-25 /ejn/EJN_StaticPage.aspx Bread=10
2015-01-25 /ejn/libcategories.aspx Id=7
2015-01-25 /ejn/EJN_AtlasAdvanced.aspx -
2015-01-25 /ejn/EJN_Secretariat.aspx -
2015-01-25 /ejn/EJN_Home.aspx -
2015-01-25 /ejn/libshowdocument.aspx Id=197&Lang=CS
2015-01-25 /ejn/EJN_Home.aspx -
2015-01-25 /ejn/EJN_StaticPage.aspx Bread=9
2015-01-25 /ejn/EJN_StaticPage.aspx Bread=9
2015-01-25 /ejn/EJN_StaticPage.aspx Bread=9
2015-01-25 /ejn/EJN_StaticPage.aspx Bread=2
2015-01-25 /ejn/EJN_Home.aspx -
2015-01-25 /ejn/EJN_Home.aspx -
2015-01-25 /ejn/ -
2015-01-25 /ejn/EJN_AtlasAdvanced.aspx -
2015-01-25 /ejn/EJN_Home.aspx -
2015-01-25 /ejn/EJN_Home.aspx -
2015-01-25 /ejn/EJN_Home.aspx -
2015-01-25 /ejn/EJN_Home.aspx -
2015-01-25 /ejn/ -
2015-01-25 /ejn/EJN_AtlasAdvanced.aspx -
2015-01-25 /ejn/EJN_Home.aspx -
2015-01-25 /ejn/EJN_Home.aspx -
2015-01-25 /ejn/EJN_Home.aspx -
2015-01-25 /ejn/EJN_Home.aspx -
2015-01-25 /ejn/EJN_Home.aspx -
2015-01-25 /ejn/EJN_Home.aspx -
2015-01-25 /ejn/EJN_AtlasAdvanced.aspx -
2015-01-25 /ejn/ -
2015-01-25 /ejn/EJN_Home.aspx -
2015-01-25 /ejn/ -
2015-01-25 /ejn/EJN_AtlasAdvanced.aspx -
2015-01-25 /ejn/EJN_Home.aspx -
2015-01-25 /ejn/EJN_QuickLinks.aspx id=24
2015-01-25 /ejn/EJN_Home.aspx -
2015-01-25 /ejn/EJN_Home.aspx -
2015-01-25 /ejn/EJN_Home.aspx -
2015-01-25 /ejn/EJN_Home.aspx -
2015-01-25 /ejn/EJN_Home.aspx -
2015-01-25 /ejn/EJN_Home.aspx -
2015-01-25 /ejn/EJN_Home.aspx -
2015-01-25 /ejn/EJN_Home.aspx -
2015-01-25 /ejn/ -
2015-01-25 /ejn/EJN_AtlasAdvanced.aspx -
2015-01-25 /ejn/EJN_Home.aspx -
2015-01-25 /ejn/ -
2015-01-25 /ejn/ -
2015-01-25 /ejn/EJN_Home.aspx -
2015-01-25 /ejn/ -
2015-01-25 /ejn/EJN_AtlasAdvanced.aspx -
2015-01-25 /ejn/EJN_Home.aspx -
2015-01-25 /ejn/EJN_Home.aspx -
2015-01-25 /ejn/EJN_News.aspx id=49
2015-01-25 /ejn/EJN_News.aspx id=49
2015-01-25 /ejn/EJN_Home.aspx -
2015-01-25 /ejn/EJN_Home.aspx -
2015-01-25 /ejn/EJN_Home.aspx -
2015-01-25 /ejn/EJN_Home.aspx -
2015-01-25 /ejn/EJN_Home.aspx -
2015-01-25 /ejn/NewsAll.aspx Id=3
2015-01-25 /ejn/EJN_Home.aspx -
2015-01-25 /ejn/EJN_Home.aspx -
2015-01-25 /ejn/EJN_Home.aspx -
2015-01-25 /ejn/ -
2015-01-25 /ejn/EJN_AtlasAdvanced.aspx -
2015-01-25 /ejn/EJN_Home.aspx -
2015-01-25 /ejn/ -
2015-01-25 /ejn/EJN_Home.aspx -
2015-01-25 /ejn/EJN_QuickLinks.aspx id=24
2015-01-25 /ejn/EJN_StaticPage.aspx Bread=10
2015-01-25 /ejn/EJN_Home.aspx -
2015-01-25 /ejn/EJN_StaticPage.aspx Bread=10
2015-01-25 /ejn/EJN_EAWWizard.aspx -
2015-01-25 /ejn/ctrls.eawwizard/IframeEngine.aspx -
2015-01-25 /ejn/ -
2015-01-25 /ejn/Gallery.aspx -
2015-01-25 /ejn/ -
2015-01-25 /ejn/EJN_AtlasAdvanced.aspx -
2015-01-25 /ejn/AtlasChooseCountry.aspx Type=2
2015-01-25 /ejn/AtlasChooseCountry.aspx Type=1
2015-01-25 /ejn/AtlasChooseCountry.aspx Type=1
2015-01-25 /ejn/AtlasChooseMeasure.aspx MP=0&Cou=314
2015-01-25 /ejn/AtlasSelection.aspx -
2015-01-25 /ejn/AtlasChooseAuthority.aspx -
2015-01-25 /ejn/AtlasChooseAuthority.aspx -
2015-01-25 /ejn/AtlasChooseAuthority.aspx -
2015-01-25 /ejn/EJN_Home.aspx -
2015-01-25 /ejn/AtlasChooseAuthority.aspx -
2015-01-25 /ejn/EJN_Home.aspx -
2015-01-25 /ejn/EJN_Home.aspx -
2015-01-25 /ejn/EJN_Home.aspx -
2015-01-25 /ejn/EJN_Home.aspx -
2015-01-25 /ejn/EJN_Home.aspx -
2015-01-25 /ejn/EJN_Home.aspx -
2015-01-25 /ejn/EJN_News.aspx -
2015-01-25 /ejn/EJN_News.aspx -
2015-01-25 /ejn/EJN_Home.aspx -
2015-01-25 /ejn/libshowdocument.aspx Id=13..
2015-01-25 /ejn/ -
2015-01-25 /ejn/EJN_AtlasAdvanced.aspx -
2015-01-25 /ejn/EJN_Home.aspx -
2015-01-25 /ejn/EJN_AtlasAdvanced.aspx -
2015-01-25 /ejn/ -
2015-01-25 /ejn/EJN_Home.aspx -
2015-01-25 /ejn/ -
2015-01-25 /ejn/ -
2015-01-25 /ejn/EJN_Home.aspx -
2015-01-25 /ejn/EJN_AtlasAdvanced.aspx -
2015-01-25 /ejn/EJN_Home.aspx -
2015-01-25 /ejn/EJN_Home.aspx -
2015-01-25 /ejn/EJN_Home.aspx -
2015-01-25 /ejn/ -
2015-01-25 /ejn/ -
2015-01-25 /ejn/EJN_Home.aspx -
2015-01-25 /ejn/EJN_StaticPage.aspx Bread=2
2015-01-25 /ejn/EJN_Home.aspx -
2015-01-25 /ejn/AtlasChooseCountry.aspx Type=2
2015-01-25 /ejn/AtlasChooseMeasure.aspx MP=0&Cou=223
2015-01-25 /ejn/AtlasChooseMeasure.aspx MP=0&Cou=223
2015-01-25 /ejn/AtlasChooseMeasure.aspx MP=0&Cou=223
2015-01-25 /ejn/AtlasSelection.aspx -
2015-01-25 /ejn/AtlasChooseAuthority.aspx -
2015-01-25 /ejn/AtlasChooseAuthority.aspx -
2015-01-25 /ejn/AtlasChooseAuthority.aspx -
2015-01-25 /ejn/EJN_Home.aspx -
2015-01-25 /ejn/AtlasAuthorityData.aspx Id=4840
2015-01-25 /ejn/ -
2015-01-25 /ejn/EJN_Home.aspx -
2015-01-25 /ejn/EJN_Home.aspx -
2015-01-25 /ejn/ -
2015-01-25 /ejn/EJN_AtlasAdvanced.aspx -
2015-01-25 /ejn/EJN_Home.aspx -
2015-01-25 /ejn/EJN_Home.aspx -
2015-01-25 /ejn/ejn_events.aspx -
2015-01-25 /ejn/ejn_events.aspx -
2015-01-25 /ejn/EJN_Home.aspx -
2015-01-25 /ejn/EJN_Home.aspx -
2015-01-25 /ejn/EJN_Home.aspx -
2015-01-25 /ejn/EJN_Home.aspx -
2015-01-25 /ejn/ -
2015-01-25 /ejn/EJN_News.aspx id=33
2015-01-25 /ejn/EJN_News.aspx id=33
2015-01-25 /ejn/EJN_AtlasAdvanced.aspx -
2015-01-25 /ejn/EJN_Home.aspx -
2015-01-25 /ejn/EJN_Home.aspx -
2015-01-25 /ejn/EJN_Home.aspx -
2015-01-25 /ejn/EJN_Home.aspx -
2015-01-25 /ejn/EJN_Events.aspx date=09/06/2011
2015-01-25 /ejn/EJN_Events.aspx date=09/06/2011
2015-01-25 /ejn/ -
2015-01-25 /ejn/libshowdocument.aspx Id=13&Lang=CS
2015-01-25 /ejn/EJN_Home.aspx -
2015-01-25 /ejn/ -
2015-01-25 /ejn/ -
2015-01-25 /ejn/EJN_InfoAbout.aspx Id=279
2015-01-25 /ejn/EJN_AtlasAdvanced.aspx -
2015-01-25 /ejn/EJN_Home.aspx -
2015-01-25 /ejn/ -
2015-01-25 /ejn/EJN_Home.aspx -
2015-01-25 /ejn/EJN_Home.aspx -
2015-01-25 /ejn/EJN_Home.aspx -
2015-01-25 /ejn/EJN_Home.aspx -
2015-01-25 /ejn/EJN_Home.aspx -
2015-01-25 /ejn/EJN_Home.aspx -
2015-01-25 /ejn/ -
2015-01-25 /ejn/EJN_Home.aspx -
2015-01-25 /ejn/EJN_AtlasAdvanced.aspx -
2015-01-25 /ejn/EJN_Home.aspx -
2015-01-25 /ejn/ -
2015-01-25 /ejn/ -
2015-01-25 /ejn/ -
2015-01-25 /ejn/ ++Culture:DESessionId:lqgltxczaof0j0jpkszy3ofrDate_Time:19:16
2015-01-25 /ejn/AtlasChooseCountry.aspx Type=2
2015-01-25 /ejn/AtlasChooseCountry.aspx Type=2
2015-01-25 /ejn/AtlasChooseMeasure.aspx MP=0&Cou=287
2015-01-25 /ejn/EJN_Home.aspx -
2015-01-25 /ejn/EJN_FichesBelges.aspx -
2015-01-25 /ejn/EJN_Compendium.aspx -
2015-01-25 /ejn/EJN_Compendium.aspx -
2015-01-25 /ejn/EJN_FichesBelges.aspx -
2015-01-25 /ejn/ctrls.compendium/IframeEngine.aspx -
2015-01-25 /ejn/AtlasChooseMeasure.aspx MP=0&Cou=287
2015-01-25 /ejn/AtlasChooseMeasure.aspx MP=0&Cou=287
2015-01-25 /ejn/AtlasSelection.aspx -
2015-01-25 /ejn/AtlasSelection.aspx -
2015-01-25 /ejn/AtlasSelection.aspx -
2015-01-25 /ejn/AtlasChooseAuthority.aspx -
2015-01-25 /ejn/EJN_FichesBelges.aspx -
2015-01-25 /ejn/AtlasChooseAuthority.aspx -
2015-01-25 /ejn/EJN_FichesBelges.aspx -
2015-01-25 /ejn/EJN_FichesBelgesResult.aspx measure=101&country=259&other=-1
2015-01-25 /ejn/AtlasChooseAuthority.aspx -
2015-01-25 /ejn/AtlasSelection.aspx Option=PathOptions
2015-01-25 /ejn/AtlasSelection.aspx Option=PathOptions
2015-01-25 /ejn/ -
2015-01-25 /ejn/AtlasSelection.aspx Option=PathOptions
2015-01-25 /ejn/AtlasChooseAuthority.aspx -
2015-01-25 /ejn/AtlasChooseAuthority.aspx -
2015-01-25 /ejn/AtlasChooseAuthority.aspx -
2015-01-25 /ejn/AtlasSelection.aspx Option=PathOptions
2015-01-25 /ejn/AtlasSelection.aspx Option=PathOptions
2015-01-25 /ejn/EJN_Home.aspx -
2015-01-25 /ejn/AtlasSelection.aspx Option=PathOptions
2015-01-25 /ejn/AtlasChooseAuthority.aspx -
2015-01-25 /ejn/AtlasChooseAuthority.aspx -
2015-01-25 /ejn/EJN_FichesBelges.aspx -
2015-01-25 /ejn/ -
2015-01-25 /ejn/EJN_FichesBelgesResult.aspx measure=101&country=259&other=277
2015-01-25 /ejn/EJN_AtlasAdvanced.aspx -
2015-01-25 /ejn/EJN_AtlasAdvanced.aspx -
2015-01-25 /ejn/AtlasAuthorityData.aspx Id=2587&AuthTypeId=269
2015-01-25 /ejn/EJN_Home.aspx -
2015-01-25 /ejn/EJN_Home.aspx -
2015-01-25 /ejn/ -
2015-01-25 /ejn/EJN_Home.aspx -
2015-01-25 /ejn/EJN_Home.aspx -
2015-01-25 /ejn/EJN_Home.aspx -
2015-01-25 /ejn/EJN_Home.aspx -
2015-01-25 /ejn/EJN_Home.aspx -
2015-01-25 /ejn/ -
2015-01-25 /ejn/AtlasChooseMeasure.aspx Mp=1&Cou=PL&Type=2
2015-01-25 /ejn/EJN_Home.aspx -
2015-01-25 /ejn/AtlasChooseMeasure.aspx Mp=1&Cou=PL&Type=2
2015-01-25 /ejn/AtlasChooseMeasure.aspx Mp=1&Cou=PL&Type=2
2015-01-25 /ejn/AtlasSelection.aspx -
2015-01-25 /ejn/AtlasSelection.aspx -
2015-01-25 /ejn/AtlasSelection.aspx -
2015-01-25 /ejn/AtlasSelection.aspx -
2015-01-25 /ejn/AtlasSelection.aspx -
2015-01-25 /ejn/AtlasChooseAuthority.aspx -
2015-01-25 /ejn/ -
2015-01-25 /ejn/AtlasChooseAuthority.aspx -
2015-01-25 /ejn/AtlasChooseAuthority.aspx -
2015-01-25 /ejn/AtlasChooseAuthority.aspx -
2015-01-25 /ejn/AtlasAuthorityData.aspx Id=5267
2015-01-25 /ejn/EJN_AtlasAdvanced.aspx -
2015-01-25 /ejn/EJN_Home.aspx -
2015-01-25 /ejn/EJN_Home.aspx -
2015-01-25 /ejn/ -
2015-01-25 /ejn/ -
2015-01-25 /ejn/EJN_Home.aspx -
2015-01-25 /ejn/EJN_AtlasAdvanced.aspx -
2015-01-25 /ejn/EJN_Home.aspx -
2015-01-25 /ejn/EJN_Home.aspx -
2015-01-25 /ejn/EJN_Home.aspx -
2015-01-25 /ejn/EJN_Home.aspx -
2015-01-25 /ejn/EJN_Home.aspx -
2015-01-25 /ejn/EJN_Home.aspx -
2015-01-25 /ejn/ -
2015-01-25 /ejn/EJN_AtlasAdvanced.aspx -
2015-01-25 /ejn/EJN_Home.aspx -
2015-01-25 /ejn/ -
2015-01-25 /ejn/ -
2015-01-25 /ejn/EJN_Home.aspx -
2015-01-25 /forms.aspx -
2015-01-25 /forms.aspx -
2015-01-25 /ejn/ -
2015-01-25 /ejn/ -
2015-01-25 /ejn/AtlasChooseCountry.aspx Type=2
2015-01-25 /ejn/AtlasChooseCountry.aspx Type=2
2015-01-25 /ejn/AtlasChooseMeasure.aspx MP=0&Cou=373
2015-01-25 /ejn/AtlasChooseMeasure.aspx MP=0&Cou=373
2015-01-25 /ejn/AtlasChooseMeasure.aspx MP=0&Cou=373
2015-01-25 /ejn/AtlasChooseMeasure.aspx MP=0&Cou=373
2015-01-25 /ejn/AtlasSelection.aspx -
2015-01-25 /ejn/AtlasSelection.aspx -
2015-01-25 /ejn/AtlasSelection.aspx -
2015-01-25 /ejn/AtlasSelection.aspx -
2015-01-25 /ejn/AtlasSelection.aspx -
2015-01-25 /ejn/AtlasSelection.aspx -
2015-01-25 /ejn/AtlasSelection.aspx -
2015-01-25 /ejn/AtlasChooseAuthority.aspx -
2015-01-25 /ejn/AtlasChooseAuthority.aspx/GetLocations -
2015-01-25 /ejn/AtlasChooseAuthority.aspx/GetLocations -
2015-01-25 /ejn/EJN_Home.aspx -
2015-01-25 /ejn/AtlasChooseAuthority.aspx -
2015-01-25 /ejn/AtlasChooseAuthority.aspx -
2015-01-25 /ejn/AtlasAuthorityData.aspx Id=2830
2015-01-25 /ejn/ -
2015-01-25 /ejn/EJN_Home.aspx -
2015-01-25 /ejn/EJN_Home.aspx -
2015-01-25 /ejn/EJN_Home.aspx -
2015-01-25 /ejn/EJN_AtlasAdvanced.aspx -
2015-01-25 /ejn/EJN_Home.aspx -
2015-01-25 /ejn/EJN_ContactPoints.aspx -
2015-01-25 /ejn/EJN_ContactPoints.aspx -
2015-01-25 /ejn/EJN_Home.aspx -
2015-01-25 /ejn/ -
2015-01-25 /ejn/EJN_Home.aspx -
2015-01-25 /ejn/EJN_AtlasAdvanced.aspx -
2015-01-25 /ejn/libshowdocument.aspx Id=16&Lang=RO
2015-01-25 /ejn/libshowdocument.aspx Id=16&Lang=RO
2015-01-25 /ejn/EJN_Home.aspx -
2015-01-25 /ejn/EJN_Home.aspx -
2015-01-25 /ejn/ -
2015-01-25 /ejn/EJN_AtlasAdvanced.aspx -
2015-01-25 /ejn/EJN_Home.aspx -
2015-01-25 /ejn/ -
2015-01-25 /ejn/ -
2015-01-25 /ejn/ ++Culture:ITSessionId:eeajeh5xg4uuekemly5fr0mgDate_Time:20:24
2015-01-25 /ejn/EJN_Home.aspx -
2015-01-25 /ejn/libcategories.aspx -
2015-01-25 /ejn/libcategories.aspx Id=8
2015-01-25 /ejn/EJN_Home.aspx -
2015-01-25 /ejn/EJN_Home.aspx -
2015-01-25 /ejn/libcategories.aspx Id=8
2015-01-25 /ejn/libadvancedsearch.aspx -
2015-01-25 /ejn/ejn_home.aspx -
2015-01-25 /ejn/EJN_StaticPage.aspx Bread=39
2015-01-25 /ejn/EJN_StaticPage.aspx Bread=2
2015-01-25 /ejn/EJN_Home.aspx -
2015-01-25 /ejn/EJN_AtlasAdvanced.aspx -
2015-01-25 /ejn/EJN_Home.aspx -
2015-01-25 /ejn/EJN_Home.aspx -
2015-01-25 /ejn/ -
2015-01-25 /ejn/ -
2015-01-25 /ejn/EJN_AtlasAdvanced.aspx -
2015-01-25 /ejn/EJN_Home.aspx -
2015-01-25 /ejn/EJN_Home.aspx -
2015-01-25 /ejn/ejn_guidevisit.aspx -
2015-01-25 /ejn/ejn_guidevisit.aspx -
2015-01-25 /ejn/EJN_Home.aspx -
2015-01-25 /ejn/EJN_Home.aspx -
2015-01-25 /ejn/EJN_Home.aspx -
2015-01-25 /ejn/EJN_Home.aspx -
2015-01-25 /ejn/AtlasChooseCountry.aspx -
2015-01-25 /ejn/EJN_Home.aspx -
2015-01-25 /ejn/ -
2015-01-25 /ejn/EJN_AtlasAdvanced.aspx -
2015-01-25 /ejn/EJN_Home.aspx -
2015-01-25 /ejn/ -
2015-01-25 /ejn/EJN_Home.aspx -
2015-01-25 /ejn/EJN_Home.aspx -
2015-01-25 /ejn/EJN_Home.aspx -
2015-01-25 /ejn/EJN_Home.aspx -
2015-01-25 /ejn/ -
2015-01-25 /ejn/ -
2015-01-25 /ejn/EJN_AtlasAdvanced.aspx -
2015-01-25 /ejn/EJN_Home.aspx -
2015-01-25 /ejn/ -
2015-01-25 /ejn/EJN_Home.aspx -
2015-01-25 /ejn/EJN_Home.aspx -
2015-01-25 /ejn/EJN_Home.aspx -
2015-01-25 /ejn/EJN_Home.aspx -
2015-01-25 /ejn/EJN_Home.aspx -
2015-01-25 /ejn/EJN_Home.aspx -
2015-01-25 /ejn/EJN_Home.aspx -
2015-01-25 /ejn/ -
2015-01-25 /ejn/libcategories.aspx Id=5
2015-01-25 /ejn/EJN_Home.aspx -
2015-01-25 /ejn/EJN_Home.aspx -
2015-01-25 /ejn/EJN_Home.aspx -
2015-01-25 /ejn/EJN_AtlasAdvanced.aspx -
2015-01-25 /ejn/ -
2015-01-25 /ejn/EJN_AtlasAdvanced.aspx -
2015-01-25 /ejn/EJN_Home.aspx -
2015-01-25 /ejn/EJN_Home.aspx -
2015-01-25 /ejn/EJN_Home.aspx -
2015-01-25 /ejn/EJN_Home.aspx -
2015-01-25 /ejn/EJN_Home.aspx -
2015-01-25 /ejn/EJN_Home.aspx -
2015-01-25 /ejn/EJN_Home.aspx -
2015-01-25 /ejn/ -
2015-01-25 /ejn/ -
2015-01-25 /ejn/EJN_Home.aspx -
2015-01-25 /ejn/EJN_AtlasAdvanced.aspx -
2015-01-25 /ejn/EJN_Home.aspx -
2015-01-25 /ejn/EJN_Home.aspx -
2015-01-25 /eaw_atlas.aspx+ -
2015-01-25 /ejn/EJN_Home.aspx -
2015-01-25 /ejn/EJN_Home.aspx -
2015-01-25 /ejn/EJN_AtlasAdvanced.aspx -
2015-01-25 /ejn/ -
2015-01-25 /ejn/EJN_Home.aspx -
2015-01-25 /ejn/libshowdocument.aspx Id=202&Lang=EN
2015-01-25 /ejn/EJN_AtlasAdvanced.aspx -
2015-01-25 /ejn/ -
2015-01-25 /ejn/EJN_News.aspx Publication=All
2015-01-25 /ejn/EJN_News.aspx Publication=All
2015-01-25 /ejn/EJN_Home.aspx -
2015-01-25 /ejn/EJN_Home.aspx -
2015-01-25 /ejn/EJN_Home.aspx -
2015-01-25 /ejn/EJN_Home.aspx -
2015-01-25 /ejn/EJN_Home.aspx -
2015-01-25 /ejn/AtlasChooseCountry.aspx -
2015-01-25 /ejn/EJN_Home.aspx -
2015-01-25 /ejn/libcategories.aspx -
2015-01-25 /ejn/libcategories.aspx -
2015-01-25 /ejn/libcategories.aspx Id=7
2015-01-25 /ejn/EJN_Home.aspx -
2015-01-25 /ejn/libcategories.aspx Id=7
2015-01-25 /ejn/libcategories.aspx ++Culture:ROSessionId:gqhh1ostofa4cn54sel1ywekDate_Time:21:50
2015-01-25 /ejn/libadvancedsearch.aspx -
2015-01-25 /ejn/libcategories.aspx -
2015-01-25 /ejn/libcategories.aspx Id=7
2015-01-25 /ejn/libdocumentproperties.aspx Id=13
2015-01-25 /ejn/libdocumentproperties.aspx Id=13
2015-01-25 /ejn/EJN_Home.aspx -
2015-01-25 /ejn/AtlasChooseCountry.aspx Type=1
2015-01-25 /ejn/libdocumentproperties.aspx Id=13
2015-01-25 /ejn/libdocumentproperties.aspx Id=13
2015-01-25 /ejn/ -
2015-01-25 /ejn/libdocumentproperties.aspx Id=13
2015-01-25 /ejn/libdocumentproperties.aspx Id=13
2015-01-25 /ejn/EJN_AtlasAdvanced.aspx -
2015-01-25 /ejn/EJN_Home.aspx -
2015-01-25 /ejn/EJN_Home.aspx -
2015-01-25 /ejn/AtlasChooseCountry.aspx -
2015-01-25 /ejn/EJN_Home.aspx -
2015-01-25 /ejn/ -
2015-01-25 /ejn/libcategories.aspx -
2015-01-25 /ejn/libcategories.aspx Id=7
2015-01-25 /ejn/libdocumentproperties.aspx Id=13
2015-01-25 /ejn/libdocumentproperties.aspx Id=13
2015-01-25 /ejn/libcategories.aspx -
2015-01-25 /ejn/libcategories.aspx Id=5
2015-01-25 /ejn/libshowdocument.aspx Id=1499&Lang=DE
2015-01-25 /ejn/EJN_Home.aspx -
2015-01-25 /ejn/EJN_Events.aspx Id=29
2015-01-25 /ejn/EJN_Events.aspx Id=29
2015-01-25 /ejn/EJN_Home.aspx -
2015-01-25 /ejn/EJN_Home.aspx -
2015-01-25 /ejn/EJN_Home.aspx -
2015-01-25 /ejn/ -
2015-01-25 /ejn/EJN_AtlasAdvanced.aspx -
2015-01-25 /ejn/EJN_Events.aspx date=27/06/2011
2015-01-25 /ejn/EJN_Events.aspx date=27/06/2011
2015-01-25 /ejn/EJN_Home.aspx -
2015-01-25 /ejn/EJN_Home.aspx -
2015-01-25 /ejn/EJN_Home.aspx -
2015-01-25 /ejn/libshowdocument.aspx Id=1491&Lang=DE
2015-01-25 /ejn/EJN_Home.aspx -
2015-01-25 /ejn/ -
2015-01-25 /ejn/EJN_AtlasAdvanced.aspx -
2015-01-25 /ejn/EJN_Home.aspx -
2015-01-25 /ejn/EJN_Home.aspx -
2015-01-25 /ejn/EJN_Home.aspx -
2015-01-25 /ejn/EJN_Home.aspx -
2015-01-25 /ejn/EJN_Home.aspx -
2015-01-25 /ejn/EJN_Home.aspx -
2015-01-25 /ejn/EJN_Home.aspx -
2015-01-25 /ejn/ -
2015-01-25 /ejn/EJN_AtlasAdvanced.aspx -
2015-01-25 /ejn/EJN_Home.aspx -
2015-01-25 /ejn/EJN_Home.aspx -
2015-01-25 /ejn/EJN_Home.aspx -
2015-01-25 /ejn/ -
2015-01-25 /ejn/ -
2015-01-25 /ejn/AtlasChooseCountry.aspx -
2015-01-25 /ejn/EJN_Home.aspx -
2015-01-25 /ejn/EJN_Home.aspx ++Culture:ROSessionId:mmchkmekikfs3qgn4t134dgjDate_Time:22:42
2015-01-25 /ejn/AtlasChooseCountry.aspx Type=1
2015-01-25 /ejn/ -
2015-01-25 /ejn/AtlasChooseMeasure.aspx Mp=1&Cou=DK&Type=2
2015-01-25 /ejn/AtlasChooseCountry.aspx Type=1
2015-01-25 /ejn/AtlasChooseMeasure.aspx MP=0&Cou=295
2015-01-25 /ejn/AtlasSelection.aspx -
2015-01-25 /ejn/AtlasChooseMeasure.aspx Mp=1&Cou=DK&Type=2
2015-01-25 /ejn/AtlasChooseMeasure.aspx Mp=1&Cou=DK&Type=2
2015-01-25 /ejn/AtlasSelection.aspx -
2015-01-25 /ejn/AtlasSelection.aspx -
2015-01-25 /ejn/AtlasSelection.aspx -
2015-01-25 /ejn/AtlasSelection.aspx -
2015-01-25 /ejn/AtlasChooseAuthority.aspx -
2015-01-25 /ejn/AtlasSelection.aspx -
2015-01-25 /ejn/AtlasAuthorityData.aspx Id=5311
2015-01-25 /ejn/EJN_AtlasAdvanced.aspx -
2015-01-25 /ejn/AtlasChooseAuthority.aspx/GetLocations -
2015-01-25 /ejn/AtlasChooseAuthority.aspx/GetLocations -
2015-01-25 /ejn/AtlasChooseAuthority.aspx/GetLocations -
2015-01-25 /ejn/AtlasChooseAuthority.aspx -
2015-01-25 /ejn/AtlasAuthorityData.aspx Id=2308
2015-01-25 /ejn/EJN_Home.aspx -
2015-01-25 /ejn/AtlasSelection.aspx -
2015-01-25 /ejn/AtlasSelection.aspx -
2015-01-25 /ejn/AtlasChooseAuthority.aspx -
2015-01-25 /ejn/AtlasSelection.aspx -
2015-01-25 /ejn/AtlasSelection.aspx -
2015-01-25 /ejn/AtlasAuthorityData.aspx Id=5311
2015-01-25 /ejn/AtlasAuthorityData.aspx Id=5311
2015-01-25 /ejn/ -
2015-01-25 /ejn/EJN_Home.aspx -
2015-01-25 /ejn/EJN_Home.aspx -
2015-01-25 /ejn/EJN_Home.aspx -
2015-01-25 /ejn/EJN_Home.aspx -
2015-01-25 /ejn/AtlasAuthorityData.aspx Id=5311
2015-01-25 /ejn/AtlasAuthorityData.aspx Id=5311
2015-01-25 /ejn/EJN_Home.aspx -
2015-01-25 /ejn/AtlasAuthorityData.aspx Id=5311
2015-01-25 /ejn/AtlasAuthorityData.aspx Id=5311
2015-01-25 /ejn/AtlasAuthorityData.aspx Id=5311
2015-01-25 /ejn/AtlasAuthorityData.aspx Id=5311
2015-01-25 /ejn/AtlasAuthorityData.aspx Id=5311
2015-01-25 /ejn/AtlasAuthorityData.aspx Id=5311
2015-01-25 /ejn/EJN_Home.aspx -
2015-01-25 /ejn/EJN_AtlasAdvanced.aspx -
2015-01-25 /ejn/EJN_Home.aspx -
2015-01-25 /ejn/AtlasAuthorityData.aspx Id=5311
2015-01-25 /ejn/ -
2015-01-25 /ejn/EJN_Home.aspx -
2015-01-25 /ejn/AtlasAuthorityData.aspx Id=5311++Culture:ITSessionId:mmchkmekikfs3qgn4t134dgjDate_Time:22:52
2015-01-25 /ejn/AtlasAuthorityData.aspx Id=5311++Culture:ROSessionId:mmchkmekikfs3qgn4t134dgjDate_Time:22:52
2015-01-25 /ejn/ -
2015-01-25 /ejn/AtlasChooseMeasure.aspx Mp=1&Cou=FR&Type=2
2015-01-25 /ejn/AtlasChooseMeasure.aspx Mp=1&Cou=FR&Type=2
2015-01-25 /ejn/AtlasChooseMeasure.aspx Mp=1&Cou=FR&Type=2
2015-01-25 /ejn/AtlasChooseMeasure.aspx Mp=1&Cou=FR&Type=2
2015-01-25 /ejn/EJN_FichesBelgesResult.aspx measure=703&country=273&other=-1
2015-01-25 /documents.aspx -
2015-01-25 /default.aspx -
2015-01-25 /ejn/AtlasAuthorityData.aspx Id=5311
2015-01-25 /ejn/EJN_Home.aspx -
2015-01-25 /ejn/AtlasAuthorityData.aspx Id=5311
2015-01-25 /ejn/ -
2015-01-25 /ejn/EJN_Login.aspx -
2015-01-25 /ejn/ -
2015-01-25 /ejn/AtlasAuthorityData.aspx Id=5311
2015-01-25 /ejn/EJN_Home.aspx -
2015-01-25 /ejn/AtlasChooseCountry.aspx Type=2
2015-01-25 /ejn/AtlasChooseCountry.aspx Type=2
2015-01-25 /ejn/AtlasChooseMeasure.aspx MP=1&Cou=FR
2015-01-25 /ejn/AtlasChooseMeasure.aspx MP=1&Cou=FR
2015-01-25 /ejn/AtlasChooseMeasure.aspx MP=1&Cou=FR
2015-01-25 /ejn/AtlasAuthorityData.aspx Id=5311
2015-01-25 /ejn/AtlasChooseMeasure.aspx MP=1&Cou=FR
2015-01-25 /ejn/EJN_Home.aspx -
2015-01-25 /ejn/AtlasChooseMeasure.aspx MP=1&Cou=FR
2015-01-25 /ejn/AtlasSelection.aspx -
2015-01-25 /ejn/AtlasSelection.aspx -
2015-01-25 /ejn/AtlasSelection.aspx -
2015-01-25 /ejn/EJN_AtlasAdvanced.aspx -
2015-01-25 /ejn/AtlasSelection.aspx -
2015-01-25 /ejn/AtlasSelection.aspx -
2015-01-25 /ejn/AtlasSelection.aspx -
2015-01-25 /ejn/AtlasChooseAuthority.aspx -
2015-01-25 /ejn/AtlasChooseAuthority.aspx/GetLocations -
2015-01-25 /ejn/AtlasChooseAuthority.aspx -
2015-01-25 /ejn/AtlasAuthorityData.aspx Id=5311
2015-01-25 /ejn/AtlasAuthorityData.aspx Id=5311
2015-01-25 /ejn/AtlasSelection.aspx Option=PathOptions
2015-01-25 /ejn/AtlasChooseAuthority.aspx -
2015-01-25 /ejn/AtlasSelection.aspx Option=PathOptions
2015-01-25 /ejn/AtlasSelection.aspx Option=PathOptions
2015-01-25 /ejn/AtlasAuthorityData.aspx Id=5311
2015-01-25 /ejn/EJN_Home.aspx -
2015-01-25 /ejn/libcategories.aspx Id=14
2015-01-25 /ejn/AtlasChooseAuthority.aspx -
2015-01-25 /ejn/AtlasChooseAuthority.aspx -
2015-01-25 /ejn/EJN_Home.aspx -
2015-01-25 /ejn/AtlasChooseAuthority.aspx -
2015-01-25 /ejn/EJN_Home.aspx -
2015-01-25 /ejn/AtlasChooseAuthority.aspx -
2015-01-25 /ejn/AtlasChooseAuthority.aspx -
2015-01-25 /ejn/AtlasAuthorityData.aspx Id=5311
2015-01-25 /ejn/EJN_Home.aspx -
2015-01-25 /ejn/AtlasChooseAuthority.aspx/GetLocations -
2015-01-25 /ejn/AtlasChooseAuthority.aspx -
2015-01-25 /ejn/AtlasChooseAuthority.aspx -
2015-01-25 /ejn/EJN_ContactUs.aspx &KeepThis=true&
2015-01-25 /ejn/EJN_Home.aspx -
2015-01-25 /ejn/EJN_Home.aspx -
2015-01-25 /ejn/EJN_Home.aspx -
2015-01-25 /ejn/EJN_Home.aspx -
2015-01-25 /ejn/ -
2015-01-25 /ejn/EJN_AtlasAdvanced.aspx -
2015-01-25 /ejn/EJN_Home.aspx -
2015-01-25 /ejn/EJN_Home.aspx -
2015-01-25 /ejn/EJN_Home.aspx -
2015-01-25 /ejn/EJN_Home.aspx -
2015-01-25 /ejn/ -
2015-01-25 /ejn/ -
2015-01-25 /ejn/EJN_Home.aspx -
2015-01-25 /ejn/EJN_Home.aspx -
2015-01-25 /ejn/EJN_Home.aspx -
2015-01-25 /ejn/ -
2015-01-25 /ejn/EJN_ContactUs.aspx &KeepThis=true&
2015-01-25 /ejn/EJN_Home.aspx -
2015-01-25 /ejn/EJN_Home.aspx -
2015-01-25 /ejn/EJN_Home.aspx -
2015-01-25 /ejn/EJN_AtlasAdvanced.aspx -
2015-01-25 /ejn/ -
2015-01-25 /ejn/EJN_Home.aspx -
2015-01-25 /ejn/EJN_AtlasAdvanced.aspx -
2015-01-25 /ejn/EJN_Home.aspx -
2015-01-25 /ejn/libcategories.aspx Id=32
2015-01-25 /ejn/EJN_Home.aspx -
2015-01-25 /ejn/ -
2015-01-25 /ejn/EJN_Home.aspx -
2015-01-25 /ejn/ -
2015-01-25 /ejn/EJN_AtlasAdvanced.aspx -
2015-01-25 /ejn/libshowdocument.aspx Id=222&Lang=EL
2015-01-25 /ejn/NewsDetail.aspx id=344&Ori=H
2015-01-25 /ejn/EJN_Home.aspx -
2015-01-25 /ejn/EJN_AtlasAdvanced.aspx -
2015-01-25 /ejn/libshowdocument.aspx Id=221&Lang=FI
2015-01-25 /ejn/EJN_Home.aspx -
2015-01-25 /ejn/ -
2015-01-25 /ejn/EJN_Home.aspx -
2015-01-25 /ejn/ -
2015-01-25 /ejn/ -
2015-01-25 /ejn/EJN_InfoAbout.aspx Id=378
2015-01-25 /ejn/ -
2015-01-25 /ejn/AtlasChooseMeasure.aspx Mp=1&Cou=SE&Type=2
2015-01-25 /ejn/EJN_AtlasAdvanced.aspx -
2015-01-25 /ejn/ -
2015-01-25 /ejn/EJN_Home.aspx -
2015-01-25 /ejn/ -
2015-01-25 /ejn/EJN_Home.aspx -
2015-01-25 /ejn/EJN_AtlasAdvanced.aspx -
2015-01-25 /ejn/EJN_AtlasAdvanced.aspx -
2015-01-25 /ejn/EJN_Home.aspx -
2015-01-25 /ejn/EJN_AtlasAdvanced.aspx -
2015-01-25 /ejn/EJN_Home.aspx -
2015-01-25 /ejn/EJN_Home.aspx -
2015-01-25 /ejn/EJN_AtlasAdvanced.aspx -
2015-01-25 /ejn/ -
2015-01-25 /ejn/EJN_ContactUs.aspx &KeepThis=true&TB_iframe=true&height=650&width=900
2015-01-25 /ejn/EJN_Compendium.aspx -
2015-01-25 /ejn/EJN_Login.aspx -
2015-01-25 /ejn/EJN_QuickLinks.aspx id=23
2015-01-25 /ejn/EJN_FichesBelges.aspx -
2015-01-25 /ejn/EJN_Home.aspx -
2015-01-25 /ejn/EJN_Home.aspx -
2015-01-25 /ejn/EJN_Home.aspx -
2015-01-25 /ejn/EJN_Home.aspx -
2015-01-25 /ejn/AtlasChooseCountry.aspx Type=2
2015-01-25 /ejn/EJN_Home.aspx -
2015-01-25 /ejn/EJN_QuickLinks.aspx id=26
2015-01-25 /ejn/EJN_Home.aspx -
2015-01-25 /ejn/EJN_QuickLinks.aspx id=25
2015-01-25 /ejn/EJN_QuickLinks.aspx id=27
2015-01-25 /ejn/EJN_Home.aspx -
2015-01-25 /ejn/EJN_Home.aspx -
2015-01-25 /ejn/EJN_QuickLinks.aspx id=24
2015-01-25 /ejn/EJN_QuickLinks.aspx id=28
2015-01-25 /ejn/EJN_QuickLinks.aspx -
2015-01-25 /ejn/EJN_Home.aspx -
2015-01-25 /ejn/EJN_Home.aspx -
2015-01-25 /ejn/EJN_Home.aspx -
2015-01-25 /ejn/EJN_StaticPage.aspx Bread=1
2015-01-25 /ejn/EJN_Home.aspx -
2015-01-25 /ejn/ -
2015-01-25 /ejn/AtlasChooseCountry.aspx Type=1
2015-01-25 /ejn/EJN_Home.aspx -
2015-01-25 /ejn/EJN_Secretariat.aspx -
2015-01-25 /ejn/EJN_Faqs.aspx -
2015-01-25 /ejn/EJN_Home.aspx -
2015-01-25 /ejn/EJN_Home.aspx -
2015-01-25 /ejn/EJN_Search.aspx -
2015-01-25 /ejn/EJN_Home.aspx -
2015-01-25 /ejn/EJN_EAWWizard.aspx -
2015-01-25 /ejn/EJN_Home.aspx -
2015-01-25 /ejn/EJN_StaticPage.aspx Bread=10
2015-01-25 /ejn/EJN_Home.aspx -
2015-01-25 /ejn/EJN_Home.aspx -
2015-01-25 /ejn/ -
2015-01-25 /ejn/ -
2015-01-25 /ejn/ -
2015-01-25 /ejn/EJN_AtlasAdvanced.aspx -
2015-01-25 /ejn/EJN_AtlasAdvanced.aspx -
2015-01-25 /ejn/libshowdocument.aspx Id=219&Lang=BG
2015-01-25 /ejn/ -
2015-01-25 /ejn/AtlasChooseCountry.aspx -
2015-01-25 /ejn/EJN_Home.aspx -
2015-01-25 /ejn/EJN_Home.aspx -
2015-01-25 /ejn/EJN_StaticPage.aspx Bread=35
2015-01-25 /ejn/EJN_Home.aspx -
2015-01-25 /ejn/ -
2015-01-25 /ejn/EJN_Home.aspx -
2015-01-25 /ejn/EJN_AtlasAdvanced.aspx -
2015-01-25 /ejn/ -
2015-01-25 /ejn/EJN_AtlasAdvanced.aspx -
2015-01-25 /ejn/EJN_Home.aspx -
2015-01-25 /ejn/EJN_Home.aspx -
2015-01-25 /ejn/EJN_Home.aspx -
2015-01-25 /ejn/ -
2015-01-25 /ejn/EJN_Home.aspx -
2015-01-25 /ejn/EJN_AtlasAdvanced.aspx -
2015-01-25 /ejn/EJN_Home.aspx -
2015-01-25 /ejn/AtlasAuthorityData.aspx Id=5311
2015-01-25 /ejn/EJN_Home.aspx -
2015-01-25 /ejn/ -
2015-01-25 /ejn/AtlasChooseCountry.aspx Type=2
2015-01-25 /ejn/AtlasChooseMeasure.aspx MP=1&Cou=DE
2015-01-25 /ejn/AtlasChooseMeasure.aspx MP=1&Cou=DE
2015-01-25 /ejn/AtlasChooseMeasure.aspx MP=1&Cou=DE
2015-01-25 /ejn/EJN_FichesBelgesResult.aspx measure=102&country=277&other=-1
2015-01-25 /ejn/EJN_Home.aspx -
2015-01-25 /ejn/AtlasChooseCountry.aspx Type=2
2015-01-25 /ejn/EJN_EAWWizard.aspx -
2015-01-25 /ejn/ctrls.eawwizard/IframeEngine.aspx -
2015-01-25 /ejn/AtlasChooseCountry.aspx Type=1
2015-01-25 /ejn/AtlasChooseMeasure.aspx MP=1&Cou=DE
2015-01-25 /ejn/AtlasSelection.aspx -
2015-01-25 /ejn/AtlasChooseAuthority.aspx -
2015-01-25 /ejn/EJN_Home.aspx -
2015-01-25 /ejn/AtlasChooseAuthority.aspx/GetLocations -
2015-01-25 /ejn/AtlasChooseAuthority.aspx/GetLocations -
2015-01-25 /ejn/AtlasChooseAuthority.aspx/GetLocations -
2015-01-25 /ejn/AtlasChooseAuthority.aspx -
2015-01-25 /ejn/AtlasAuthorityData.aspx Id=5303
2015-01-25 /ejn/AtlasAuthorityData.aspx Id=5303
2015-01-25 /ejn/AtlasAuthorityData.aspx Id=5303
2015-01-25 /ejn/AtlasAuthorityData.aspx Id=5303
2015-01-25 /ejn/AtlasAuthorityData.aspx Id=5303
2015-01-25 /ejn/EJN_Home.aspx -
2015-01-25 /ejn/ -
2015-01-25 /ejn/EJN_Home.aspx -
2015-01-25 /ejn/EJN_Home.aspx -
2015-01-25 /ejn/EJN_AtlasAdvanced.aspx -
2015-01-25 /ejn/EJN_Home.aspx -
2015-01-25 /ejn/EJN_Home.aspx -
2015-01-25 /ejn/EJN_Home.aspx -
2015-01-25 /ejn/EJN_Home.aspx -
2015-01-25 /ejn/EJN_Home.aspx -
2015-01-25 /ejn/EJN_Home.aspx -
2015-01-25 /ejn/EJN_Home.aspx -
2015-01-25 /ejn/ -
2015-01-25 /ejn/EJN_Home.aspx -
2015-01-25 /ejn/EJN_Home.aspx -
2015-01-25 /ejn/AtlasChooseCountry.aspx Type=2
2015-01-25 /ejn/EJN_Home.aspx -
2015-01-25 /ejn/AtlasChooseCountry.aspx Type=2
2015-01-25 /ejn/AtlasChooseCountry.aspx Type=2
2015-01-25 /ejn/AtlasChooseMeasure.aspx MP=0&Cou=352
2015-01-25 /ejn/AtlasChooseMeasure.aspx MP=0&Cou=352
2015-01-25 /ejn/AtlasChooseMeasure.aspx MP=0&Cou=352
2015-01-25 /ejn/AtlasSelection.aspx -
2015-01-25 /ejn/AtlasChooseAuthority.aspx -
2015-01-25 /ejn/EJN_Home.aspx -
2015-01-25 /ejn/EJN_AtlasAdvanced.aspx -
2015-01-25 /ejn/AtlasChooseAuthority.aspx/GetLocations -
2015-01-25 /ejn/AtlasChooseAuthority.aspx -
2015-01-25 /ejn/AtlasAuthorityData.aspx Id=4295
2015-01-25 /ejn/AtlasAuthorityData.aspx Id=4295
2015-01-25 /ejn/AtlasAuthorityData.aspx Id=4295
2015-01-25 /ejn/AtlasAuthorityData.aspx Id=4295
2015-01-25 /ejn/AtlasChooseAuthority.aspx -
2015-01-25 /ejn/AtlasChooseAuthority.aspx -
2015-01-25 /ejn/AtlasAuthorityData.aspx Id=5335
2015-01-25 /ejn/AtlasChooseAuthority.aspx -
2015-01-25 /ejn/AtlasAuthorityData.aspx Id=4295
2015-01-25 /ejn/AtlasChooseMeasure.aspx MP=0&Cou=352
2015-01-25 /ejn/AtlasChooseCountry.aspx Type=2
2015-01-25 /ejn/AtlasChooseMeasure.aspx MP=0&Cou=354
2015-01-25 /ejn/AtlasChooseMeasure.aspx MP=0&Cou=354
2015-01-25 /ejn/AtlasChooseMeasure.aspx MP=0&Cou=354
2015-01-25 /ejn/AtlasSelection.aspx -
2015-01-25 /ejn/AtlasSelection.aspx -
2015-01-25 /ejn/AtlasSelection.aspx -
2015-01-25 /ejn/AtlasSelection.aspx -
2015-01-25 /ejn/AtlasSelection.aspx -
2015-01-25 /ejn/AtlasAuthorityData.aspx Id=4141
2015-01-25 /ejn/EJN_Home.aspx -
2015-01-25 /ejn/EJN_Home.aspx -
2015-01-25 /ejn/AtlasChooseCountry.aspx Type=1
2015-01-25 /ejn/AtlasChooseMeasure.aspx MP=0&Cou=352
2015-01-25 /ejn/AtlasSelection.aspx -
2015-01-25 /ejn/AtlasSelection.aspx -
2015-01-25 /ejn/AtlasSelection.aspx -
2015-01-25 /ejn/AtlasChooseAuthority.aspx -
2015-01-25 /ejn/AtlasChooseAuthority.aspx -
2015-01-25 /ejn/AtlasAuthorityData.aspx Id=5330
2015-01-25 /ejn/AtlasAuthorityData.aspx Id=5330
2015-01-25 /ejn/AtlasChooseAuthority.aspx -
2015-01-25 /ejn/AtlasChooseAuthority.aspx/GetLocations -
2015-01-25 /ejn/AtlasChooseAuthority.aspx -
2015-01-25 /ejn/AtlasAuthorityData.aspx Id=5331
2015-01-25 /ejn/AtlasAuthorityData.aspx Id=5331
2015-01-25 /ejn/AtlasChooseAuthority.aspx -
2015-01-25 /ejn/AtlasChooseAuthority.aspx -
2015-01-25 /ejn/AtlasSelection.aspx Option=PathOptions
2015-01-25 /ejn/EJN_Home.aspx -
2015-01-25 /ejn/EJN_Home.aspx -
2015-01-25 /ejn/EJN_FichesBelges.aspx -
2015-01-25 /ejn/EJN_FichesBelges.aspx -
2015-01-25 /ejn/EJN_FichesBelges.aspx -
2015-01-25 /ejn/EJN_FichesBelgesResult.aspx measure=405&country=314&other=-1
2015-01-25 /ejn/ejn_home.aspx -
2015-01-25 /ejn/EJN_Home.aspx -
2015-01-25 /ejn/EJN_AtlasAdvanced.aspx -
2015-01-25 /ejn/EJN_Home.aspx -
2015-01-25 /ejn/EJN_Home.aspx -
2015-01-25 /ejn/ -
2015-01-25 /ejn/ -
2015-01-25 /ejn/EJN_AtlasAdvanced.aspx -
2015-01-25 /ejn/EJN_Home.aspx -
2015-01-25 /ejn/EJN_FichesBelges.aspx -
2015-01-25 /ejn/EJN_FichesBelges.aspx ++Culture:FRSessionId:4encjlyza0blzk0doz5fc3vkDate_Time:00:53
2015-01-25 /ejn/EJN_FichesBelges.aspx -
2015-01-25 /ejn/EJN_FichesBelges.aspx -
2015-01-25 /ejn/EJN_FichesBelgesResult.aspx measure=101&country=314&other=-1
2015-01-25 /ejn/EJN_Home.aspx -
2015-01-25 /ejn/ejn_home.aspx -
