2015-01-17 /ejn/EJN_AtlasAdvanced.aspx -
2015-01-17 /ejn/newsdetail.aspx Id=195
2015-01-17 /ejn/newsdetail.aspx Id=98
2015-01-17 /ejn/newsdetail.aspx Id=214
2015-01-17 /ejn/newsdetail.aspx Id=229
2015-01-17 /ejn/newsdetail.aspx Id=158
2015-01-17 /ejn/newsdetail.aspx Id=157
2015-01-17 /ejn/newsdetail.aspx Id=150
2015-01-17 /ejn/newsdetail.aspx Id=148
2015-01-17 /ejn/newsdetail.aspx Id=176
2015-01-17 /ejn/newsdetail.aspx Id=152
2015-01-17 /ejn/newsdetail.aspx Id=178
2015-01-17 /ejn/libcategories.aspx Id=120
2015-01-17 /ejn/newsdetail.aspx Id=99
2015-01-17 /ejn/newsdetail.aspx Id=65
2015-01-17 /ejn/newsdetail.aspx Id=187
2015-01-17 /ejn/newsdetail.aspx Id=118
2015-01-17 /ejn/libdocumentproperties.aspx Id=455
2015-01-17 /ejn/libdocumentproperties.aspx Id=1272
2015-01-17 /ejn/libcategories.aspx id=3
2015-01-17 /ejn/libdocumentproperties.aspx Id=1324
2015-01-17 /ejn/libdocumentproperties.aspx Id=1326
2015-01-17 /ejn/libdocumentproperties.aspx Id=1323
2015-01-17 /ejn/libdocumentproperties.aspx Id=1327
2015-01-17 /ejn/libdocumentproperties.aspx Id=1328
2015-01-17 /ejn/libdocumentproperties.aspx Id=1329
2015-01-17 /ejn/libdocumentproperties.aspx Id=1330
2015-01-17 /ejn/libdocumentproperties.aspx Id=1331
2015-01-17 /ejn/libdocumentproperties.aspx Id=1333
2015-01-17 /ejn/libdocumentproperties.aspx Id=1334
2015-01-17 /ejn/libdocumentproperties.aspx Id=1335
2015-01-17 /ejn/libdocumentproperties.aspx Id=1325
2015-01-17 /ejn/libdocumentproperties.aspx Id=1336
2015-01-17 /ejn/libdocumentproperties.aspx Id=452
2015-01-17 /ejn/libdocumentproperties.aspx Id=1332
2015-01-17 /ejn/libcategories.aspx id=4
2015-01-17 /ejn/libdocumentproperties.aspx Id=1337
2015-01-17 /ejn/libdocumentproperties.aspx Id=1338
2015-01-17 /ejn/libdocumentproperties.aspx Id=805
2015-01-17 /ejn/ -
2015-01-17 /ejn/libdocumentproperties.aspx Id=765
2015-01-17 /ejn/libdocumentproperties.aspx Id=769
2015-01-17 /ejn/libdocumentproperties.aspx Id=768
2015-01-17 /ejn/libdocumentproperties.aspx Id=770
2015-01-17 /ejn/libdocumentproperties.aspx Id=767
2015-01-17 /ejn/libdocumentproperties.aspx Id=772
2015-01-17 /ejn/libdocumentproperties.aspx Id=752
2015-01-17 /ejn/libdocumentproperties.aspx Id=766
2015-01-17 /ejn/libdocumentproperties.aspx Id=414
2015-01-17 /ejn/libdocumentproperties.aspx Id=725
2015-01-17 /ejn/libdocumentproperties.aspx Id=726
2015-01-17 /ejn/libdocumentproperties.aspx Id=724
2015-01-17 /ejn/libdocumentproperties.aspx Id=723
2015-01-17 /ejn/libdocumentproperties.aspx Id=722
2015-01-17 /ejn/libdocumentproperties.aspx Id=1036
2015-01-17 /ejn/libdocumentproperties.aspx Id=753
2015-01-17 /ejn/libdocumentproperties.aspx Id=1198
2015-01-17 /ejn/libdocumentproperties.aspx Id=1179
2015-01-17 /ejn/libdocumentproperties.aspx Id=1124
2015-01-17 /ejn/libdocumentproperties.aspx Id=355
2015-01-17 /ejn/libdocumentproperties.aspx Id=771
2015-01-17 /ejn/EJN_Home.aspx -
2015-01-17 /ejn/libdocumentproperties.aspx Id=600
2015-01-17 /ejn/libdocumentproperties.aspx Id=599
2015-01-17 /ejn/libdocumentproperties.aspx Id=1169
2015-01-17 /ejn/libdocumentproperties.aspx Id=1202
2015-01-17 /ejn/libdocumentproperties.aspx Id=1265
2015-01-17 /ejn/libdocumentproperties.aspx Id=773
2015-01-17 /ejn/libdocumentproperties.aspx Id=803
2015-01-17 /ejn/libdocumentproperties.aspx Id=775
2015-01-17 /ejn/libdocumentproperties.aspx Id=804
2015-01-17 /ejn/libdocumentproperties.aspx Id=1143
2015-01-17 /ejn/libdocumentproperties.aspx Id=1322
2015-01-17 /ejn/libdocumentproperties.aspx Id=1300
2015-01-17 /ejn/libdocumentproperties.aspx Id=598
2015-01-17 /ejn/libdocumentproperties.aspx Id=719
2015-01-17 /ejn/libdocumentproperties.aspx Id=1197
2015-01-17 /ejn/libdocumentproperties.aspx Id=720
2015-01-17 /ejn/libdocumentproperties.aspx Id=1320
2015-01-17 /ejn/libdocumentproperties.aspx Id=721
2015-01-17 /ejn/libdocumentproperties.aspx Id=1170
2015-01-17 /ejn/libdocumentproperties.aspx Id=1173
2015-01-17 /ejn/libdocumentproperties.aspx Id=718
2015-01-17 /ejn/libdocumentproperties.aspx Id=993
2015-01-17 /ejn/libdocumentproperties.aspx Id=1017
2015-01-17 /ejn/libdocumentproperties.aspx Id=1228
2015-01-17 /ejn/libdocumentproperties.aspx Id=1269
2015-01-17 /ejn/libdocumentproperties.aspx Id=933
2015-01-17 /ejn/libdocumentproperties.aspx Id=1205
2015-01-17 /ejn/libdocumentproperties.aspx Id=1263
2015-01-17 /ejn/libdocumentproperties.aspx Id=777
2015-01-17 /ejn/libdocumentproperties.aspx Id=978
2015-01-17 /ejn/libdocumentproperties.aspx Id=712
2015-01-17 /ejn/libdocumentproperties.aspx Id=713
2015-01-17 /ejn/libdocumentproperties.aspx Id=716
2015-01-17 /ejn/libdocumentproperties.aspx Id=802
2015-01-17 /ejn/libdocumentproperties.aspx Id=1165
2015-01-17 /ejn/libdocumentproperties.aspx Id=932
2015-01-17 /ejn/libdocumentproperties.aspx Id=1241
2015-01-17 /ejn/libdocumentproperties.aspx Id=1242
2015-01-17 /ejn/libdocumentproperties.aspx Id=1321
2015-01-17 /ejn/libdocumentproperties.aspx Id=1237
2015-01-17 /ejn/libdocumentproperties.aspx Id=711
2015-01-17 /ejn/libdocumentproperties.aspx Id=714
2015-01-17 /ejn/libdocumentproperties.aspx Id=1166
2015-01-17 /ejn/libdocumentproperties.aspx Id=1020
2015-01-17 /ejn/libdocumentproperties.aspx Id=1018
2015-01-17 /ejn/libdocumentproperties.aspx Id=1019
2015-01-17 /ejn/libdocumentproperties.aspx Id=715
2015-01-17 /ejn/libdocumentproperties.aspx Id=1214
2015-01-17 /ejn/libdocumentproperties.aspx Id=1174
2015-01-17 /ejn/libdocumentproperties.aspx Id=1177
2015-01-17 /ejn/libdocumentproperties.aspx Id=1152
2015-01-17 /ejn/libdocumentproperties.aspx Id=1267
2015-01-17 /ejn/libdocumentproperties.aspx Id=1208
2015-01-17 /ejn/libdocumentproperties.aspx Id=1211
2015-01-17 /ejn/libdocumentproperties.aspx Id=1206
2015-01-17 /ejn/libdocumentproperties.aspx Id=1264
2015-01-17 /ejn/libdocumentproperties.aspx Id=1161
2015-01-17 /ejn/libdocumentproperties.aspx Id=1154
2015-01-17 /ejn/libdocumentproperties.aspx Id=1239
2015-01-17 /ejn/libdocumentproperties.aspx Id=1142
2015-01-17 /ejn/libdocumentproperties.aspx Id=1238
2015-01-17 /ejn/libdocumentproperties.aspx Id=934
2015-01-17 /ejn/libdocumentproperties.aspx Id=738
2015-01-17 /ejn/libdocumentproperties.aspx Id=1183
2015-01-17 /ejn/libdocumentproperties.aspx Id=1244
2015-01-17 /ejn/libdocumentproperties.aspx Id=1167
2015-01-17 /ejn/libdocumentproperties.aspx Id=1245
2015-01-17 /ejn/libdocumentproperties.aspx Id=994
2015-01-17 /ejn/libdocumentproperties.aspx Id=1041
2015-01-17 /ejn/libdocumentproperties.aspx Id=684
2015-01-17 /ejn/libdocumentproperties.aspx Id=1213
2015-01-17 /ejn/libdocumentproperties.aspx Id=1266
2015-01-17 /ejn/libdocumentproperties.aspx Id=1209
2015-01-17 /ejn/libdocumentproperties.aspx Id=1199
2015-01-17 /ejn/libdocumentproperties.aspx Id=1249
2015-01-17 /ejn/libdocumentproperties.aspx Id=1042
2015-01-17 /ejn/libdocumentproperties.aspx Id=995
2015-01-17 /ejn/libdocumentproperties.aspx Id=1077
2015-01-17 /ejn/libdocumentproperties.aspx Id=1078
2015-01-17 /ejn/libdocumentproperties.aspx Id=1243
2015-01-17 /ejn/libdocumentproperties.aspx Id=1176
2015-01-17 /ejn/libdocumentproperties.aspx Id=1055
2015-01-17 /ejn/libdocumentproperties.aspx Id=1155
2015-01-17 /ejn/libdocumentproperties.aspx Id=1172
2015-01-17 /ejn/libdocumentproperties.aspx Id=1160
2015-01-17 /ejn/libdocumentproperties.aspx Id=1175
2015-01-17 /ejn/libdocumentproperties.aspx Id=1038
2015-01-17 /ejn/libdocumentproperties.aspx Id=1039
2015-01-17 /ejn/libdocumentproperties.aspx Id=1153
2015-01-17 /ejn/libdocumentproperties.aspx Id=1229
2015-01-17 /ejn/libdocumentproperties.aspx Id=1268
2015-01-17 /ejn/libdocumentproperties.aspx Id=1168
2015-01-17 /ejn/libdocumentproperties.aspx Id=1207
2015-01-17 /ejn/libdocumentproperties.aspx Id=1215
2015-01-17 /ejn/libdocumentproperties.aspx Id=1260
2015-01-17 /ejn/libcategories.aspx id=5
2015-01-17 /ejn/libdocumentproperties.aspx Id=920
2015-01-17 /ejn/libdocumentproperties.aspx Id=1034
2015-01-17 /ejn/libshowdocument.aspx Id=1034&Lang=CS
2015-01-17 /ejn/libshowdocument.aspx Id=1034&Lang=DE
2015-01-17 /ejn/libshowdocument.aspx Id=1034&Lang=DK
2015-01-17 /ejn/libshowdocument.aspx Id=1034&Lang=EL
2015-01-17 /ejn/libshowdocument.aspx Id=1034&Lang=EN
2015-01-17 /ejn/libshowdocument.aspx Id=1034&Lang=ES
2015-01-17 /ejn/libdocumentproperties.aspx Id=1064
2015-01-17 /ejn/libshowdocument.aspx Id=1034&Lang=ET
2015-01-17 /ejn/libshowdocument.aspx Id=1034&Lang=FI
2015-01-17 /ejn/libdocumentproperties.aspx Id=1164
2015-01-17 /ejn/libdocumentproperties.aspx Id=1188
2015-01-17 /ejn/libshowdocument.aspx Id=1034&Lang=LT
2015-01-17 /ejn/libshowdocument.aspx Id=1034&Lang=FR
2015-01-17 /ejn/libshowdocument.aspx Id=1034&Lang=HU
2015-01-17 /ejn/libshowdocument.aspx Id=1034&Lang=LV
2015-01-17 /ejn/libshowdocument.aspx Id=1034&Lang=NL
2015-01-17 /ejn/libshowdocument.aspx Id=1034&Lang=PT
2015-01-17 /ejn/libshowdocument.aspx Id=1034&Lang=IT
2015-01-17 /ejn/libshowdocument.aspx Id=1034&Lang=SL
2015-01-17 /ejn/libshowdocument.aspx Id=1034&Lang=SK
2015-01-17 /ejn/libshowdocument.aspx Id=1034&Lang=SV
2015-01-17 /ejn/libshowdocument.aspx Id=1034&Lang=MT
2015-01-17 /ejn/libdocumentproperties.aspx Id=1097
2015-01-17 /ejn/libshowdocument.aspx Id=1097&Lang=ES
2015-01-17 /ejn/libdocumentproperties.aspx Id=1096
2015-01-17 /ejn/libshowdocument.aspx Id=1096&Lang=BG
2015-01-17 /ejn/libshowdocument.aspx Id=1096&Lang=CS
2015-01-17 /ejn/libshowdocument.aspx Id=1096&Lang=DE
2015-01-17 /ejn/libshowdocument.aspx Id=1096&Lang=DK
2015-01-17 /ejn/libshowdocument.aspx Id=1034&Lang=PL
2015-01-17 /ejn/libshowdocument.aspx Id=1096&Lang=EL
2015-01-17 /ejn/libshowdocument.aspx Id=1096&Lang=ES
2015-01-17 /ejn/libshowdocument.aspx Id=1096&Lang=ET
2015-01-17 /ejn/libshowdocument.aspx Id=1096&Lang=FI
2015-01-17 /ejn/libshowdocument.aspx Id=1096&Lang=FR
2015-01-17 /ejn/libdocumentproperties.aspx Id=1217
2015-01-17 /ejn/libshowdocument.aspx Id=1096&Lang=EN
2015-01-17 /ejn/libshowdocument.aspx Id=1217&Lang=SL
2015-01-17 /ejn/libshowdocument.aspx Id=1096&Lang=HU
2015-01-17 /ejn/libshowdocument.aspx Id=1096&Lang=LT
2015-01-17 /ejn/libshowdocument.aspx Id=1096&Lang=MT
2015-01-17 /ejn/libshowdocument.aspx Id=1096&Lang=NL
2015-01-17 /ejn/libshowdocument.aspx Id=1096&Lang=PL
2015-01-17 /ejn/libshowdocument.aspx Id=1096&Lang=PT
2015-01-17 /ejn/libshowdocument.aspx Id=1096&Lang=RO
2015-01-17 /ejn/libshowdocument.aspx Id=1096&Lang=SL
2015-01-17 /ejn/libshowdocument.aspx Id=1096&Lang=SV
2015-01-17 /ejn/libdocumentproperties.aspx Id=1234
2015-01-17 /ejn/libshowdocument.aspx Id=1234&Lang=EN
2015-01-17 /ejn/libshowdocument.aspx Id=1096&Lang=IT
2015-01-17 /ejn/libdocumentproperties.aspx Id=1256
2015-01-17 /ejn/libshowdocument.aspx Id=1096&Lang=SK
2015-01-17 /ejn/libshowdocument.aspx Id=1096&Lang=LV
2015-01-17 /ejn/libdocumentproperties.aspx Id=1109
2015-01-17 /ejn/libshowdocument.aspx Id=1110&Lang=ES
2015-01-17 /ejn/libdocumentproperties.aspx Id=434
2015-01-17 /ejn/libshowdocument.aspx Id=434&Lang=EN
2015-01-17 /ejn/libshowdocument.aspx Id=434&Lang=FR
2015-01-17 /ejn/libdocumentproperties.aspx Id=395
2015-01-17 /ejn/libshowdocument.aspx Id=1256&Lang=CS
2015-01-17 /ejn/libshowdocument.aspx Id=1109&Lang=ES
2015-01-17 /ejn/libshowdocument.aspx Id=395&Lang=BG
2015-01-17 /ejn/libshowdocument.aspx Id=395&Lang=DK
2015-01-17 /ejn/libshowdocument.aspx Id=395&Lang=EL
2015-01-17 /ejn/libshowdocument.aspx Id=395&Lang=EN
2015-01-17 /ejn/libshowdocument.aspx Id=395&Lang=ES
2015-01-17 /ejn/libdocumentproperties.aspx Id=1110
2015-01-17 /ejn/libshowdocument.aspx Id=395&Lang=ET
2015-01-17 /ejn/libshowdocument.aspx Id=395&Lang=CS
2015-01-17 /ejn/libshowdocument.aspx Id=395&Lang=FI
2015-01-17 /ejn/libshowdocument.aspx Id=395&Lang=DE
2015-01-17 /ejn/libshowdocument.aspx Id=395&Lang=IT
2015-01-17 /ejn/libshowdocument.aspx Id=395&Lang=LV
2015-01-17 /ejn/libshowdocument.aspx Id=395&Lang=HU
2015-01-17 /ejn/libshowdocument.aspx Id=395&Lang=LT
2015-01-17 /ejn/libshowdocument.aspx Id=395&Lang=MT
2015-01-17 /ejn/libshowdocument.aspx Id=395&Lang=NL
2015-01-17 /ejn/ -
2015-01-17 /ejn/libshowdocument.aspx Id=395&Lang=PT
2015-01-17 /ejn/libshowdocument.aspx Id=395&Lang=PL
2015-01-17 /ejn/libshowdocument.aspx Id=395&Lang=RO
2015-01-17 /ejn/libshowdocument.aspx Id=395&Lang=SK
2015-01-17 /ejn/libshowdocument.aspx Id=395&Lang=SL
2015-01-17 /ejn/libshowdocument.aspx Id=395&Lang=SV
2015-01-17 /ejn/libdocumentproperties.aspx Id=1255
2015-01-17 /ejn/libshowdocument.aspx Id=1255&Lang=CS
2015-01-17 /ejn/libshowdocument.aspx Id=1254&Lang=CS
2015-01-17 /ejn/libdocumentproperties.aspx Id=1306
2015-01-17 /ejn/libshowdocument.aspx Id=1306&Lang=EN
2015-01-17 /ejn/libdocumentproperties.aspx Id=1254
2015-01-17 /ejn/libdocumentproperties.aspx Id=1112
2015-01-17 /ejn/libshowdocument.aspx Id=1111&Lang=ES
2015-01-17 /ejn/libshowdocument.aspx Id=1112&Lang=ES
2015-01-17 /ejn/libdocumentproperties.aspx Id=1220
2015-01-17 /ejn/libshowdocument.aspx Id=1220&Lang=SL
2015-01-17 /ejn/libdocumentproperties.aspx Id=248
2015-01-17 /ejn/libshowdocument.aspx Id=248&Lang=CS
2015-01-17 /ejn/libshowdocument.aspx Id=248&Lang=DK
2015-01-17 /ejn/libshowdocument.aspx Id=248&Lang=DE
2015-01-17 /ejn/libshowdocument.aspx Id=248&Lang=EN
2015-01-17 /ejn/libdocumentproperties.aspx Id=1111
2015-01-17 /ejn/libshowdocument.aspx Id=248&Lang=FI
2015-01-17 /ejn/libshowdocument.aspx Id=248&Lang=FR
2015-01-17 /ejn/libshowdocument.aspx Id=248&Lang=HU
2015-01-17 /ejn/libshowdocument.aspx Id=248&Lang=IT
2015-01-17 /ejn/libshowdocument.aspx Id=248&Lang=LT
2015-01-17 /ejn/libshowdocument.aspx Id=248&Lang=ET
2015-01-17 /ejn/libshowdocument.aspx Id=248&Lang=LV
2015-01-17 /ejn/libshowdocument.aspx Id=248&Lang=NL
2015-01-17 /ejn/libshowdocument.aspx Id=248&Lang=PT
2015-01-17 /ejn/libshowdocument.aspx Id=248&Lang=SK
2015-01-17 /ejn/libshowdocument.aspx Id=248&Lang=SL
2015-01-17 /ejn/libshowdocument.aspx Id=248&Lang=SV
2015-01-17 /ejn/libdocumentproperties.aspx Id=1253
2015-01-17 /ejn/libshowdocument.aspx Id=1253&Lang=EN
2015-01-17 /ejn/libshowdocument.aspx Id=248&Lang=PL
2015-01-17 /ejn/libdocumentproperties.aspx Id=1252
2015-01-17 /ejn/libdocumentproperties.aspx Id=1218
2015-01-17 /ejn/libshowdocument.aspx Id=1218&Lang=SL
2015-01-17 /ejn/libdocumentproperties.aspx Id=1235
2015-01-17 /ejn/libshowdocument.aspx Id=1235&Lang=EN
2015-01-17 /ejn/libdocumentproperties.aspx Id=1098
2015-01-17 /ejn/libshowdocument.aspx Id=1098&Lang=ES
2015-01-17 /ejn/libdocumentproperties.aspx Id=1099
2015-01-17 /ejn/libshowdocument.aspx Id=1099&Lang=ES
2015-01-17 /ejn/libshowdocument.aspx Id=248&Lang=ES
2015-01-17 /ejn/libdocumentproperties.aspx Id=1114
2015-01-17 /ejn/libdocumentproperties.aspx Id=571
2015-01-17 /ejn/libcategories.aspx id=6
2015-01-17 /ejn/libdocumentproperties.aspx Id=568
2015-01-17 /ejn/libdocumentproperties.aspx Id=567
2015-01-17 /ejn/libdocumentproperties.aspx Id=1091
2015-01-17 /ejn/libdocumentproperties.aspx Id=1085
2015-01-17 /ejn/libdocumentproperties.aspx Id=1086
2015-01-17 /ejn/libdocumentproperties.aspx Id=1087
2015-01-17 /ejn/libdocumentproperties.aspx Id=1088
2015-01-17 /ejn/libshowdocument.aspx Id=1252&Lang=CS
2015-01-17 /ejn/libdocumentproperties.aspx Id=1113
2015-01-17 /ejn/libdocumentproperties.aspx Id=1089
2015-01-17 /ejn/libshowdocument.aspx Id=395&Lang=FR
2015-01-17 /ejn/libdocumentproperties.aspx Id=1090
2015-01-17 /ejn/libdocumentproperties.aspx Id=1083
2015-01-17 /ejn/libdocumentproperties.aspx Id=1092
2015-01-17 /ejn/libdocumentproperties.aspx Id=1084
2015-01-17 /ejn/libdocumentproperties.aspx Id=1340
2015-01-17 /ejn/libdocumentproperties.aspx Id=749
2015-01-17 /ejn/libdocumentproperties.aspx Id=1341
2015-01-17 /ejn/libdocumentproperties.aspx Id=813
2015-01-17 /ejn/libdocumentproperties.aspx Id=743
2015-01-17 /ejn/libdocumentproperties.aspx Id=745
2015-01-17 /ejn/libdocumentproperties.aspx Id=744
2015-01-17 /ejn/libdocumentproperties.aspx Id=746
2015-01-17 /ejn/ -
2015-01-17 /ejn/libdocumentproperties.aspx Id=1093
2015-01-17 /ejn/libdocumentproperties.aspx Id=1123
2015-01-17 /ejn/libdocumentproperties.aspx Id=461
2015-01-17 /ejn/libdocumentproperties.aspx Id=462
2015-01-17 /ejn/libdocumentproperties.aspx Id=1144
2015-01-17 /ejn/libdocumentproperties.aspx Id=750
2015-01-17 /ejn/libdocumentproperties.aspx Id=962
2015-01-17 /ejn/libdocumentproperties.aspx Id=463
2015-01-17 /ejn/libdocumentproperties.aspx Id=754
2015-01-17 /ejn/libdocumentproperties.aspx Id=944
2015-01-17 /ejn/libdocumentproperties.aspx Id=757
2015-01-17 /ejn/libdocumentproperties.aspx Id=484
2015-01-17 /ejn/libdocumentproperties.aspx Id=755
2015-01-17 /ejn/libdocumentproperties.aspx Id=485
2015-01-17 /ejn/libdocumentproperties.aspx Id=943
2015-01-17 /ejn/libdocumentproperties.aspx Id=796
2015-01-17 /ejn/libdocumentproperties.aspx Id=758
2015-01-17 /ejn/libdocumentproperties.aspx Id=475
2015-01-17 /ejn/libdocumentproperties.aspx Id=476
2015-01-17 /ejn/libdocumentproperties.aspx Id=405
2015-01-17 /ejn/libdocumentproperties.aspx Id=1033
2015-01-17 /ejn/libdocumentproperties.aspx Id=1024
2015-01-17 /ejn/libdocumentproperties.aspx Id=245
2015-01-17 /ejn/libdocumentproperties.aspx Id=481
2015-01-17 /ejn/libdocumentproperties.aspx Id=460
2015-01-17 /ejn/libdocumentproperties.aspx Id=1314
2015-01-17 /ejn/libdocumentproperties.aspx Id=1316
2015-01-17 /ejn/libdocumentproperties.aspx Id=675
2015-01-17 /ejn/libdocumentproperties.aspx Id=902
2015-01-17 /ejn/libdocumentproperties.aspx Id=406
2015-01-17 /ejn/libdocumentproperties.aspx Id=785
2015-01-17 /ejn/libdocumentproperties.aspx Id=903
2015-01-17 /ejn/libdocumentproperties.aspx Id=1225
2015-01-17 /ejn/libdocumentproperties.aspx Id=1222
2015-01-17 /ejn/libdocumentproperties.aspx Id=1313
2015-01-17 /ejn/libdocumentproperties.aspx Id=1315
2015-01-17 /ejn/libdocumentproperties.aspx Id=1224
2015-01-17 /ejn/libdocumentproperties.aspx Id=1223
2015-01-17 /ejn/libdocumentproperties.aspx Id=448
2015-01-17 /ejn/libdocumentproperties.aspx Id=1345
2015-01-17 /ejn/libdocumentproperties.aspx Id=1180
2015-01-17 /ejn/libdocumentproperties.aspx Id=1129
2015-01-17 /ejn/libcategories.aspx id=7
2015-01-17 /ejn/libdocumentproperties.aspx Id=1312
2015-01-17 /ejn/libdocumentproperties.aspx Id=1221
2015-01-17 /ejn/libdocumentproperties.aspx Id=403
2015-01-17 /ejn/libdocumentproperties.aspx Id=249
2015-01-17 /ejn/libdocumentproperties.aspx Id=604
2015-01-17 /ejn/libdocumentproperties.aspx Id=605
2015-01-17 /ejn/libdocumentproperties.aspx Id=609
2015-01-17 /ejn/libdocumentproperties.aspx Id=935
2015-01-17 /ejn/libcategories.aspx id=8
2015-01-17 /ejn/libdocumentproperties.aspx Id=961
2015-01-17 /ejn/libdocumentproperties.aspx Id=1189
2015-01-17 /ejn/libdocumentproperties.aspx Id=973
2015-01-17 /ejn/libdocumentproperties.aspx Id=972
2015-01-17 /ejn/libdocumentproperties.aspx Id=971
2015-01-17 /ejn/libdocumentproperties.aspx Id=969
2015-01-17 /ejn/libdocumentproperties.aspx Id=970
2015-01-17 /ejn/libdocumentproperties.aspx Id=968
2015-01-17 /ejn/libdocumentproperties.aspx Id=967
2015-01-17 /ejn/libdocumentproperties.aspx Id=784
2015-01-17 /ejn/libdocumentproperties.aspx Id=910
2015-01-17 /ejn/libdocumentproperties.aspx Id=443
2015-01-17 /ejn/libdocumentproperties.aspx Id=1191
2015-01-17 /ejn/libdocumentproperties.aspx Id=710
2015-01-17 /ejn/libdocumentproperties.aspx Id=676
2015-01-17 /ejn/libcategories.aspx id=2
2015-01-17 /ejn/libdocumentproperties.aspx Id=936
2015-01-17 /ejn/libdocumentproperties.aspx Id=1054
2015-01-17 /ejn/EJN_Library_StatusOfImpByCat.aspx CategoryId=55
2015-01-17 /ejn/libdocumentproperties.aspx Id=1051
2015-01-17 /ejn/libdocumentproperties.aspx Id=1052
2015-01-17 /ejn/EJN_Library_StatusOfImpByCat.aspx CategoryId=53
2015-01-17 /ejn/EJN_Library_StatusOfImpByCat.aspx CategoryId=90
2015-01-17 /ejn/libdocumentproperties.aspx Id=1282
2015-01-17 /ejn/libdocumentproperties.aspx Id=937
2015-01-17 /ejn/EJN_Library_StatusOfImpByCat.aspx CategoryId=42
2015-01-17 /ejn/libdocumentproperties.aspx Id=1283
2015-01-17 /ejn/EJN_Library_StatusOfImpByCat.aspx CategoryId=91
2015-01-17 /ejn/libdocumentproperties.aspx Id=1284
2015-01-17 /ejn/EJN_Library_StatusOfImpByCat.aspx CategoryId=67
2015-01-17 /ejn/EJN_Library_StatusOfImpByCat.aspx CategoryId=100
2015-01-17 /ejn/libdocumentproperties.aspx Id=1285
2015-01-17 /ejn/libdocumentproperties.aspx Id=938
2015-01-17 /ejn/EJN_Library_StatusOfImpByCat.aspx CategoryId=104
2015-01-17 /ejn/EJN_Library_StatusOfImpByCat.aspx CategoryId=54
2015-01-17 /ejn/EJN_Library_StatusOfImpByCat.aspx CategoryId=64
2015-01-17 /ejn/EJN_Library_StatusOfImpByCat.aspx CategoryId=52
2015-01-17 /ejn/libdocumentproperties.aspx Id=939
2015-01-17 /ejn/EJN_Library_StatusOfImpByCat.aspx CategoryId=35
2015-01-17 /ejn/libdocumentproperties.aspx Id=1286
2015-01-17 /ejn/libdocumentproperties.aspx Id=728
2015-01-17 /ejn/libdocumentproperties.aspx Id=729
2015-01-17 /ejn/EJN_Library_StatusOfImpByCat.aspx CategoryId=40
2015-01-17 /ejn/libdocumentproperties.aspx Id=727
2015-01-17 /ejn/EJN_Library_StatusOfImpByCat.aspx CategoryId=37
2015-01-17 /ejn/libdocumentproperties.aspx Id=739
2015-01-17 /ejn/EJN_Library_StatusOfImpByCat.aspx CategoryId=36
2015-01-17 /ejn/libdocumentproperties.aspx Id=941
2015-01-17 /ejn/EJN_Library_StatusOfImpByCat.aspx CategoryId=60
2015-01-17 /ejn/libdocumentproperties.aspx Id=940
2015-01-17 /ejn/EJN_Library_StatusOfImpByCat.aspx CategoryId=38
2015-01-17 /ejn/EJN_Library_StatusOfImpByCat.aspx CategoryId=66
2015-01-17 /ejn/libdocumentproperties.aspx Id=1063
2015-01-17 /ejn/EJN_Library_StatusOfImpByCat.aspx CategoryId=39
2015-01-17 /ejn/EJN_Home.aspx -
2015-01-17 /ejn/libshowdocument.aspx Id=244&Lang=CS
2015-01-17 /ejn/libshowdocument.aspx Id=244&Lang=DE
2015-01-17 /ejn/libshowdocument.aspx Id=244&Lang=DK
2015-01-17 /ejn/libshowdocument.aspx Id=244&Lang=EL
2015-01-17 /ejn/libdocumentproperties.aspx Id=244
2015-01-17 /ejn/libshowdocument.aspx Id=244&Lang=EN
2015-01-17 /ejn/libshowdocument.aspx Id=244&Lang=FI
2015-01-17 /ejn/libshowdocument.aspx Id=244&Lang=FR
2015-01-17 /ejn/libshowdocument.aspx Id=244&Lang=ES
2015-01-17 /ejn/libshowdocument.aspx Id=244&Lang=ES
2015-01-17 /ejn/libshowdocument.aspx Id=244&Lang=ES
2015-01-17 /ejn/libshowdocument.aspx Id=244&Lang=LT
2015-01-17 /ejn/libshowdocument.aspx Id=244&Lang=LT
2015-01-17 /ejn/libshowdocument.aspx Id=244&Lang=MT
2015-01-17 /ejn/libshowdocument.aspx Id=244&Lang=NL
2015-01-17 /ejn/libshowdocument.aspx Id=244&Lang=PL
2015-01-17 /ejn/libshowdocument.aspx Id=244&Lang=PT
2015-01-17 /ejn/libshowdocument.aspx Id=244&Lang=LT
2015-01-17 /ejn/libshowdocument.aspx Id=244&Lang=HU
2015-01-17 /ejn/libshowdocument.aspx Id=244&Lang=SK
2015-01-17 /ejn/libshowdocument.aspx Id=244&Lang=SL
2015-01-17 /ejn/libshowdocument.aspx Id=244&Lang=SV
2015-01-17 /ejn/libdocumentproperties.aspx Id=1050
2015-01-17 /ejn/newsdetail.aspx Id=234
2015-01-17 /ejn/libdocumentproperties.aspx Id=550
2015-01-17 /ejn/libdocumentproperties.aspx Id=1193
2015-01-17 /ejn/libdocumentproperties.aspx Id=608
2015-01-17 /ejn/EJN_Home.aspx -
2015-01-17 /ejn/libdocumentproperties.aspx Id=1080
2015-01-17 /ejn/newsdetail.aspx Id=235
2015-01-17 /ejn/newsdetail.aspx Id=238
2015-01-17 /ejn/libshowdocument.aspx Id=244&Lang=IT
2015-01-17 /ejn/libdocumentproperties.aspx Id=1079
2015-01-17 /ejn/newsdetail.aspx Id=237
2015-01-17 /ejn/libshowdocument.aspx Id=244&Lang=ET
2015-01-17 /ejn/libshowdocument.aspx Id=244&Lang=ET
2015-01-17 /ejn/libshowdocument.aspx Id=244&Lang=ET
2015-01-17 /ejn/newsdetail.aspx Id=240
2015-01-17 /ejn/newsdetail.aspx Id=233
2015-01-17 /ejn/EJN_Home.aspx -
2015-01-17 /ejn/libshowdocument.aspx Id=244&Lang=LV
2015-01-17 /ejn/newsdetail.aspx Id=245
2015-01-17 /ejn/newsdetail.aspx Id=243
2015-01-17 /ejn/newsdetail.aspx Id=242
2015-01-17 /ejn/libdocumentproperties.aspx Id=1365
2015-01-17 /ejn/EJN_Home.aspx -
2015-01-17 /ejn/EJN_Home.aspx -
2015-01-17 /ejn/EJN_AtlasAdvancedOld.aspx ctyCode=SK
2015-01-17 /ejn/libdocumentproperties.aspx Id=1366
2015-01-17 /ejn/libdocumentproperties.aspx Id=1367
2015-01-17 /ejn/newsdetail.aspx Id=248
2015-01-17 /ejn/newsdetail.aspx Id=249
2015-01-17 /eawwizard.aspx -
2015-01-17 /ejn/EJN_AtlasAdvancedOld.aspx ctyCode=SK
2015-01-17 /ejn/EJN_Home.aspx -
2015-01-17 /ejn/EJN_Home.aspx -
2015-01-17 /ejn/ -
2015-01-17 /ejn/EJN_Home.aspx -
2015-01-17 /ejn/ -
2015-01-17 /ejn/EJN_AtlasAdvanced.aspx -
2015-01-17 /ejn/Gallery.aspx -
2015-01-17 /ejn/EJN_Home.aspx -
2015-01-17 /ejn/EJN_Home.aspx -
2015-01-17 /ejn/EJN_Home.aspx -
2015-01-17 /ejn/NewsDetail.aspx id=333&Ori=H
2015-01-17 /ejn/EJN_Home.aspx -
2015-01-17 /ejn/EJN_Home.aspx -
2015-01-17 /ejn/EJN_Home.aspx -
2015-01-17 /ejn/ -
2015-01-17 /ejn/NewsDetail.aspx id=178&Ori=H
2015-01-17 /ejn/EJN_Home.aspx -
2015-01-17 /Events.aspx Id=7
2015-01-17 /about-ejn.aspx -
2015-01-17 /ejn/EJN_AtlasAdvanced.aspx -
2015-01-17 /ejn/newsdetail.aspx Id=251
2015-01-17 /ejn/newsdetail.aspx Id=257
2015-01-17 /ejn/libdocumentproperties.aspx Id=1386
2015-01-17 /ejn/libdocumentproperties.aspx Id=1380
2015-01-17 /ejn/EJN_Home.aspx -
2015-01-17 /ejn/libdocumentproperties.aspx Id=1387
2015-01-17 /ejn/EJN_Home.aspx -
2015-01-17 /ejn/libshowdocument.aspx Id=421&Lang=HR
2015-01-17 /ejn/libdocumentproperties.aspx Id=1398
2015-01-17 /ejn/libdocumentproperties.aspx Id=1394
2015-01-17 /ejn/libdocumentproperties.aspx Id=1388
2015-01-17 /ejn/libdocumentproperties.aspx Id=1392
2015-01-17 /ejn/libdocumentproperties.aspx Id=1390
2015-01-17 /ejn/libdocumentproperties.aspx Id=1391
2015-01-17 /ejn/libdocumentproperties.aspx Id=1384
2015-01-17 /ejn/newsdetail.aspx Id=262
2015-01-17 /ejn/newsdetail.aspx Id=269
2015-01-17 /ejn/newsdetail.aspx Id=266
2015-01-17 /ejn/EJN_Home.aspx -
2015-01-17 /ejn/ -
2015-01-17 /ejn/libdocumentproperties.aspx Id=1404
2015-01-17 /ejn/ -
2015-01-17 /ejn/newsdetail.aspx Id=270
2015-01-17 /ejn/newsdetail.aspx Id=272
2015-01-17 /ejn/EJN_AtlasAdvanced.aspx -
2015-01-17 /ejn/EJN_Home.aspx -
2015-01-17 /ejn/EJN_Home.aspx -
2015-01-17 /ejn/Events.aspx event=250
2015-01-17 /ejn/EJN_Home.aspx -
2015-01-17 /ejn/libdocumentproperties.aspx Id=1171
2015-01-17 /ejn/libdocumentproperties.aspx Id=1407
2015-01-17 /ejn/libdocumentproperties.aspx Id=1405
2015-01-17 /ejn/libshowdocument.aspx Id=244&Lang=BG
2015-01-17 /ejn/libshowdocument.aspx Id=244&Lang=RO
2015-01-17 /ejn/newsdetail.aspx Id=276
2015-01-17 /ejn/newsdetail.aspx Id=274
2015-01-17 /ejn/libdocumentproperties.aspx Id=1408
2015-01-17 /ejn/libdocumentproperties.aspx Id=1410
2015-01-17 /ejn/libdocumentproperties.aspx Id=1411
2015-01-17 /ejn/libdocumentproperties.aspx Id=1412
2015-01-17 /ejn/libdocumentproperties.aspx Id=1413
2015-01-17 /ejn/libdocumentproperties.aspx Id=1418
2015-01-17 /ejn/newsdetail.aspx Id=286
2015-01-17 /ejn/newsdetail.aspx Id=284
2015-01-17 /ejn/newsdetail.aspx Id=283
2015-01-17 /ejn/newsdetail.aspx Id=275
2015-01-17 /ejn/libdocumentproperties.aspx Id=1417
2015-01-17 /ejn/newsdetail.aspx Id=285
2015-01-17 /ejn/libdocumentproperties.aspx Id=1453
2015-01-17 /ejn/libdocumentproperties.aspx Id=1454
2015-01-17 /ejn/EJN_Home.aspx -
2015-01-17 /ejn/newsdetail.aspx Id=298
2015-01-17 /ejn/newsdetail.aspx Id=292
2015-01-17 /ejn/newsdetail.aspx Id=287
2015-01-17 /ejn/newsdetail.aspx Id=294
2015-01-17 /ejn/newsdetail.aspx Id=293
2015-01-17 /ejn/newsdetail.aspx Id=291
2015-01-17 /ejn/newsdetail.aspx Id=312
2015-01-17 /ejn/newsdetail.aspx Id=305
2015-01-17 /ejn/newsdetail.aspx Id=309
2015-01-17 /ejn/newsdetail.aspx Id=300
2015-01-17 /ejn/newsdetail.aspx Id=310
2015-01-17 /ejn/newsdetail.aspx Id=299
2015-01-17 /ejn/EJN_Home.aspx -
2015-01-17 /ejn/EJN_Home.aspx -
2015-01-17 /ejn/newsdetail.aspx Id=315
2015-01-17 /ejn/newsdetail.aspx Id=313
2015-01-17 /ejn/newsdetail.aspx Id=321
2015-01-17 /ejn/newsdetail.aspx Id=319
2015-01-17 /ejn/newsdetail.aspx Id=320
2015-01-17 /ejn/newsdetail.aspx Id=324
2015-01-17 /ejn/newsdetail.aspx Id=325
2015-01-17 /ejn/newsdetail.aspx Id=326
2015-01-17 /ejn/libdocumentproperties.aspx Id=1495
2015-01-17 /ejn/newsdetail.aspx Id=327
2015-01-17 /ejn/libdocumentproperties.aspx Id=1505
2015-01-17 /ejn/libdocumentproperties.aspx Id=1507
2015-01-17 /ejn/libdocumentproperties.aspx Id=1501
2015-01-17 /ejn/libdocumentproperties.aspx Id=1502
2015-01-17 /ejn/libdocumentproperties.aspx Id=1506
2015-01-17 /ejn/libdocumentproperties.aspx Id=1503
2015-01-17 /ejn/libdocumentproperties.aspx Id=1504
2015-01-17 /ejn/libdocumentproperties.aspx Id=1500
2015-01-17 /ejn/newsdetail.aspx Id=329
2015-01-17 /ejn/newsdetail.aspx Id=330
2015-01-17 /ejn/newsdetail.aspx Id=331
2015-01-17 /ejn/newsdetail.aspx Id=328
2015-01-17 /ejn/Events.aspx Event=316
2015-01-17 /ejn/Events.aspx Event=317
2015-01-17 /ejn/Events.aspx Event=323
2015-01-17 /ejn/Events.aspx Event=306
2015-01-17 /ejn/Events.aspx Event=289
2015-01-17 /ejn/Events.aspx Event=280
2015-01-17 /ejn/Events.aspx Event=261
2015-01-17 /ejn/Events.aspx Event=277
2015-01-17 /ejn/NewsDetail.aspx Id=340
2015-01-17 /ejn/NewsDetail.aspx Id=339
2015-01-17 /ejn/NewsDetail.aspx Id=337
2015-01-17 /ejn/NewsDetail.aspx Id=334
2015-01-17 /ejn/NewsDetail.aspx Id=335
2015-01-17 /ejn/NewsDetail.aspx Id=336
2015-01-17 /ejn/libdocumentproperties.aspx Id=1508
2015-01-17 /ejn/EJN_Home.aspx -
2015-01-17 /ejn/newsdetail.aspx Id=352
2015-01-17 /ejn/libcategories.aspx Id=20
2015-01-17 /ejn/libcategories.aspx Id=11
2015-01-17 /ejn/libcategories.aspx Id=21
2015-01-17 /ejn/libcategories.aspx Id=51
2015-01-17 /ejn/libcategories.aspx Id=9
2015-01-17 /ejn/libcategories.aspx Id=10
2015-01-17 /ejn/libcategories.aspx Id=13
2015-01-17 /ejn/libcategories.aspx Id=12
2015-01-17 /ejn/libdocumentproperties.aspx Id=1250
2015-01-17 /ejn/libdocumentproperties.aspx Id=1276
2015-01-17 /ejn/libshowdocument.aspx Id=1250&Lang=FR
2015-01-17 /ejn/libshowdocument.aspx Id=1276&Lang=BG
2015-01-17 /ejn/libshowdocument.aspx Id=1250&Lang=EN
2015-01-17 /ejn/libshowdocument.aspx Id=1276&Lang=DE
2015-01-17 /ejn/libshowdocument.aspx Id=1276&Lang=CS
2015-01-17 /ejn/libshowdocument.aspx Id=1276&Lang=DK
2015-01-17 /ejn/libshowdocument.aspx Id=1276&Lang=EL
2015-01-17 /ejn/libshowdocument.aspx Id=1276&Lang=ES
2015-01-17 /ejn/libshowdocument.aspx Id=1276&Lang=ET
2015-01-17 /ejn/libshowdocument.aspx Id=1276&Lang=EN
2015-01-17 /ejn/libshowdocument.aspx Id=1276&Lang=FI
2015-01-17 /ejn/libshowdocument.aspx Id=1276&Lang=FR
2015-01-17 /ejn/libshowdocument.aspx Id=1276&Lang=HU
2015-01-17 /ejn/libshowdocument.aspx Id=1276&Lang=IT
2015-01-17 /ejn/libshowdocument.aspx Id=1276&Lang=LT
2015-01-17 /ejn/libshowdocument.aspx Id=1276&Lang=LV
2015-01-17 /ejn/libshowdocument.aspx Id=1276&Lang=MT
2015-01-17 /ejn/libshowdocument.aspx Id=1276&Lang=NL
2015-01-17 /ejn/libshowdocument.aspx Id=1276&Lang=PT
2015-01-17 /ejn/libshowdocument.aspx Id=1276&Lang=RO
2015-01-17 /ejn/libshowdocument.aspx Id=1276&Lang=PL
2015-01-17 /ejn/libshowdocument.aspx Id=1276&Lang=SK
2015-01-17 /ejn/libshowdocument.aspx Id=1276&Lang=SV
2015-01-17 /ejn/libshowdocument.aspx Id=1276&Lang=SL
2015-01-17 /ejn/ -
2015-01-17 /ejn/EJN_AtlasAdvanced.aspx -
2015-01-17 /ejn/libshowdocument.aspx Id=1276&Lang=HR
2015-01-17 /ejn/EJN_Home.aspx -
2015-01-17 /ejn/ -
2015-01-17 /ejn/EJN_StaticPage.aspx Bread=27
2015-01-17 /ejn/ -
2015-01-17 /ejn/EJN_AtlasAdvanced.aspx -
2015-01-17 /ejn/EJN_AtlasAdvanced.aspx -
2015-01-17 /ejn/ -
2015-01-17 /ejn/EJN_Home.aspx -
2015-01-17 /ejn/EJN_AtlasAdvanced.aspx -
2015-01-17 /ejn/ -
2015-01-17 /ejn/ejn_home.aspx -
2015-01-17 /ejn/EJN_InfoAbout.aspx Id=277
2015-01-17 /ejn/ -
2015-01-17 /ejn/EJN_StaticPage.aspx Bread=4
2015-01-17 /ejn/EJN_Home.aspx -
2015-01-17 /ejn/ -
2015-01-17 /ejn/ejn_home.aspx -
2015-01-17 /ejn/EJN_Search.aspx -
2015-01-17 /ejn/EJN_Faqs.aspx -
2015-01-17 /ejn/EJN_StaticPage.aspx Bread=7
2015-01-17 /ejn/EJN_ContactUs.aspx &KeepThis=true&TB_iframe=true&height=650&width=900
2015-01-17 /ejn/EJN_StaticPage.aspx Bread=8
2015-01-17 /ejn/sitemap.aspx -
2015-01-17 /ejn/EJN_Home.aspx -
2015-01-17 /ejn/EJN_StaticPage.aspx Bread=2
2015-01-17 /ejn/AtlasChooseMeasure.aspx MP=1&Cou=UK&Type=2
2015-01-17 /ejn/libcategories.aspx Id=32
2015-01-17 /ejn/libcategories.aspx Id=25
2015-01-17 /ejn/EJN_StaticPage.aspx Bread=9
2015-01-17 /ejn/libcategories.aspx Id=34
2015-01-17 /ejn/EJN_StaticPage.aspx Bread=39
2015-01-17 /ejn/libcategories.aspx Id=24
2015-01-17 /ejn/libcategories.aspx Id=14
2015-01-17 /ejn/EJN_Home.aspx -
2015-01-17 /ejn/EJN_StaticPage.aspx Bread=21
2015-01-17 /ejn/EJN_StaticPage.aspx Bread=14
2015-01-17 /ejn/EJN_StaticPage.aspx Bread=16
2015-01-17 /ejn/EJN_StaticPage.aspx Bread=28
2015-01-17 /ejn/Gallery.aspx -
2015-01-17 /ejn/EJN_Secretariat.aspx -
2015-01-17 /ejn/EJN_StaticPage.aspx Bread=10
2015-01-17 /ejn/EJN_StaticPage.aspx Bread=27
2015-01-17 /ejn/EJN_StaticPage.aspx Bread=17
2015-01-17 /ejn/EJN_StaticPage.aspx Bread=13
2015-01-17 /ejn/EJN_StaticPage.aspx Bread=24
2015-01-17 /ejn/EJN_StaticPage.aspx Bread=30
2015-01-17 /ejn/EJN_StaticPage.aspx Bread=25
2015-01-17 /ejn/EJN_StaticPage.aspx Bread=35
2015-01-17 /ejn/EJN_StaticPage.aspx Bread=32
2015-01-17 /ejn/EJN_StaticPage.aspx Bread=18
2015-01-17 /ejn/EJN_StaticPage.aspx Bread=33
2015-01-17 /ejn/EJN_StaticPage.aspx Bread=31
2015-01-17 /ejn/EJN_StaticPage.aspx Bread=34
2015-01-17 /ejn/EJN_StaticPage.aspx Bread=20
2015-01-17 /ejn/NewsDetail.aspx id=346&Ori=H
2015-01-17 /ejn/NewsDetail.aspx id=344&Ori=H
2015-01-17 /ejn/EJN_StaticPage.aspx Bread=37
2015-01-17 /ejn/NewsDetail.aspx id=352&Ori=H
2015-01-17 /ejn/EJN_StaticPage.aspx Bread=38
2015-01-17 /ejn/EJN_StaticPage.aspx Bread=26
2015-01-17 /ejn/EJN_StaticPage.aspx Bread=22
2015-01-17 /ejn/EJN_StaticPage.aspx Bread=36
2015-01-17 /ejn/EJN_StaticPage.aspx Bread=23
2015-01-17 /ejn/EJN_StaticPage.aspx Bread=19
2015-01-17 /ejn/NewsDetail.aspx id=339&Ori=H
2015-01-17 /ejn/Events.aspx id=6
2015-01-17 /ejn/Events.aspx event=348
2015-01-17 /ejn/Events.aspx event=322
2015-01-17 /ejn/NewsAll.aspx Id=2
2015-01-17 /ejn/Events.aspx event=318
2015-01-17 /ejn/Events.aspx id=7
2015-01-17 /ejn/Events.aspx event=351
2015-01-17 /ejn/NewsAll.aspx Id=3
2015-01-17 /ejn/NewsAll.aspx Id=1
2015-01-17 /ejn/Events.aspx Id=7
2015-01-17 /ejn/EJN_SubscribeNewsLetter.aspx -
2015-01-17 /ejn/NewsAll.aspx Id=4
2015-01-17 /ejn/Events.aspx -
2015-01-17 /ejn/NewsAll.aspx Id=5
2015-01-17 /ejn/Events.aspx Id=6
2015-01-17 /ejn/NewsAll.aspx -
2015-01-17 /ejn/EJN_InfoAbout.aspx Id=259
2015-01-17 /ejn/EJN_InfoAbout.aspx Id=230
2015-01-17 /ejn/EJN_InfoAbout.aspx Id=273
2015-01-17 /ejn/EJN_InfoAbout.aspx Id=260
2015-01-17 /ejn/EJN_InfoAbout.aspx Id=239
2015-01-17 /ejn/EJN_InfoAbout.aspx Id=223
2015-01-17 /ejn/EJN_InfoAbout.aspx Id=432
2015-01-17 /ejn/EJN_InfoAbout.aspx Id=272
2015-01-17 /ejn/EJN_InfoAbout.aspx Id=269
2015-01-17 /ejn/EJN_InfoAbout.aspx Id=258
2015-01-17 /ejn/EJN_InfoAbout.aspx Id=337
2015-01-17 /ejn/EJN_InfoAbout.aspx Id=314
2015-01-17 /ejn/EJN_InfoAbout.aspx Id=313
2015-01-17 /ejn/EJN_InfoAbout.aspx Id=295
2015-01-17 /ejn/EJN_InfoAbout.aspx Id=307
2015-01-17 /ejn/EJN_InfoAbout.aspx Id=293
2015-01-17 /ejn/EJN_InfoAbout.aspx Id=279
2015-01-17 /ejn/EJN_InfoAbout.aspx Id=287
2015-01-17 /ejn/EJN_InfoAbout.aspx Id=321
2015-01-17 /ejn/EJN_InfoAbout.aspx Id=277
2015-01-17 /ejn/EJN_InfoAbout.aspx Id=435
2015-01-17 /ejn/EJN_InfoAbout.aspx Id=215
2015-01-17 /ejn/EJN_InfoAbout.aspx Id=373
2015-01-17 /ejn/EJN_InfoAbout.aspx Id=369
2015-01-17 /ejn/EJN_InfoAbout.aspx Id=352
2015-01-17 /ejn/EJN_InfoAbout.aspx Id=378
2015-01-17 /ejn/EJN_InfoAbout.aspx Id=354
2015-01-17 /ejn/EJN_InfoAbout.aspx Id=368
2015-01-17 /ejn/EJN_InfoAbout.aspx Id=351
2015-01-17 /ejn/EJN_InfoAbout.aspx Id=395
2015-01-17 /ejn/EJN_InfoAbout.aspx Id=342
2015-01-17 /ejn/AtlasChooseCountry.aspx Type=2
2015-01-17 /ejn/EJN_InfoAbout.aspx Id=389
2015-01-17 /ejn/EJN_InfoAbout.aspx Id=433
2015-01-17 /ejn/EJN_InfoAbout.aspx Id=364
2015-01-17 /ejn/EJN_InfoAbout.aspx Id=288
2015-01-17 /ejn/EJN_InfoAbout.aspx Id=434
2015-01-17 /ejn/EJN_InfoAbout.aspx Id=430
2015-01-17 /ejn/EJN_StaticPage.aspx Bread=1
2015-01-17 /ejn/EJN_Compendium.aspx -
2015-01-17 /ejn/EJN_QuickLinks.aspx id=28
2015-01-17 /ejn/EJN_StaticPage.aspx Bread=3
2015-01-17 /ejn/EJN_FichesBelges.aspx -
2015-01-17 /ejn/libcategories.aspx -
2015-01-17 /ejn/EJN_StaticPage.aspx Bread=12
2015-01-17 /ejn/EJN_Login.aspx -
2015-01-17 /ejn/EJN_QuickLinks.aspx id=23
2015-01-17 /ejn/AtlasChooseCountry.aspx Type=1
2015-01-17 /ejn/EJN_StaticPage.aspx Bread=11
2015-01-17 /ejn/EJN_EAWWizard.aspx -
2015-01-17 /ejn/EJN_StaticPage.aspx Bread=5
2015-01-17 /ejn/ejn_search.aspx -
2015-01-17 /ejn/EJN_QuickLinks.aspx id=26
2015-01-17 /ejn/EJN_QuickLinks.aspx id=25
2015-01-17 /ejn/ejn_staticpage.aspx Bread=4
2015-01-17 /ejn/libcategories.aspx Id=2
2015-01-17 /ejn/EJN_QuickLinks.aspx -
2015-01-17 /ejn/EJN_QuickLinks.aspx id=24
2015-01-17 /ejn/EJN_QuickLinks.aspx id=27
2015-01-17 /ejn/ejn_staticpage.aspx Bread=8
2015-01-17 /ejn/EJN_Faqs.aspx cat=2
2015-01-17 /ejn/EJN_FichesBelgesResult.aspx measure=101&country=395&other=-1
2015-01-17 /ejn/EJN_FichesBelgesResult.aspx measure=104&country=395&other=-1
2015-01-17 /ejn/EJN_FichesBelgesResult.aspx measure=102&country=395&other=-1
2015-01-17 /ejn/ejn_faqs.aspx -
2015-01-17 /ejn/EJN_FichesBelgesResult.aspx measure=105&country=395&other=-1
2015-01-17 /ejn/ejn_staticpage.aspx Bread=7
2015-01-17 /ejn/EJN_Faqs.aspx cat=1
2015-01-17 /ejn/EJN_FichesBelgesResult.aspx measure=103&country=395&other=-1
2015-01-17 /ejn/EJN_FichesBelgesResult.aspx measure=304&country=395&other=-1
2015-01-17 /ejn/EJN_FichesBelgesResult.aspx measure=302&country=395&other=-1
2015-01-17 /ejn/EJN_FichesBelgesResult.aspx measure=203&country=395&other=-1
2015-01-17 /ejn/EJN_FichesBelgesResult.aspx measure=301&country=395&other=-1
2015-01-17 /ejn/EJN_FichesBelgesResult.aspx measure=204&country=395&other=-1
2015-01-17 /ejn/EJN_FichesBelgesResult.aspx measure=106&country=395&other=-1
2015-01-17 /ejn/EJN_FichesBelgesResult.aspx measure=201&country=395&other=-1
2015-01-17 /ejn/EJN_FichesBelgesResult.aspx measure=202&country=395&other=-1
2015-01-17 /ejn/EJN_FichesBelgesResult.aspx measure=303&country=395&other=-1
2015-01-17 /ejn/EJN_FichesBelgesResult.aspx measure=107&country=395&other=-1
2015-01-17 /ejn/EJN_FichesBelgesResult.aspx measure=501&country=395&other=-1
2015-01-17 /ejn/EJN_FichesBelgesResult.aspx measure=502&country=395&other=-1
2015-01-17 /ejn/EJN_FichesBelgesResult.aspx measure=406&country=395&other=-1
2015-01-17 /ejn/EJN_FichesBelgesResult.aspx measure=403&country=395&other=-1
2015-01-17 /ejn/EJN_FichesBelgesResult.aspx measure=405&country=395&other=-1
2015-01-17 /ejn/EJN_FichesBelgesResult.aspx measure=401&country=395&other=-1
2015-01-17 /ejn/EJN_FichesBelgesResult.aspx measure=407&country=395&other=-1
2015-01-17 /ejn/EJN_FichesBelgesResult.aspx measure=305&country=395&other=-1
2015-01-17 /ejn/EJN_FichesBelgesResult.aspx measure=404&country=395&other=-1
2015-01-17 /ejn/EJN_FichesBelgesResult.aspx measure=402&country=395&other=-1
2015-01-17 /ejn/EJN_Home.aspx -
2015-01-17 /ejn/EJN_Home.aspx -
2015-01-17 /ejn/EJN_FichesBelgesResult.aspx measure=704&country=395&other=-1
2015-01-17 /ejn/EJN_FichesBelgesResult.aspx measure=705&country=395&other=-1
2015-01-17 /ejn/EJN_FichesBelgesResult.aspx measure=701&country=395&other=-1
2015-01-17 /ejn/EJN_FichesBelgesResult.aspx measure=703&country=395&other=-1
2015-01-17 /ejn/EJN_FichesBelgesResult.aspx measure=601&country=395&other=-1
2015-01-17 /ejn/EJN_FichesBelgesResult.aspx measure=504&country=395&other=-1
2015-01-17 /ejn/EJN_FichesBelgesResult.aspx measure=602&country=395&other=-1
2015-01-17 /ejn/EJN_FichesBelgesResult.aspx measure=503&country=395&other=-1
2015-01-17 /ejn/EJN_FichesBelgesResult.aspx measure=505&country=395&other=-1
2015-01-17 /ejn/EJN_FichesBelgesResult.aspx measure=702&country=395&other=-1
2015-01-17 /ejn/EJN_FichesBelgesResult.aspx measure=709&country=395&other=-1
2015-01-17 /ejn/EJN_FichesBelgesResult.aspx measure=713&country=395&other=-1
2015-01-17 /ejn/EJN_FichesBelgesResult.aspx measure=712&country=395&other=-1
2015-01-17 /ejn/EJN_FichesBelgesResult.aspx measure=710&country=395&other=-1
2015-01-17 /ejn/EJN_FichesBelgesResult.aspx measure=711&country=395&other=-1
2015-01-17 /ejn/EJN_FichesBelgesResult.aspx measure=707&country=395&other=-1
2015-01-17 /ejn/EJN_FichesBelgesResult.aspx measure=802&country=395&other=-1
2015-01-17 /ejn/EJN_FichesBelgesResult.aspx measure=708&country=395&other=-1
2015-01-17 /ejn/EJN_FichesBelgesResult.aspx measure=706&country=395&other=-1
2015-01-17 /ejn/EJN_FichesBelgesResult.aspx measure=801&country=395&other=-1
2015-01-17 /ejn/ejn_staticpage.aspx Bread=2
2015-01-17 /ejn/EJN_Library_StatusOfImpByCou.aspx CountryId=395
2015-01-17 /ejn/EJN_FichesBelgesResult.aspx measure=803&country=395&other=-1
2015-01-17 /ejn/EJN_FichesBelgesTable.aspx -
2015-01-17 /ejn/EJN_FichesBelgesResult.aspx measure=805&country=395&other=-1
2015-01-17 /ejn/libcategories.aspx Id=44
2015-01-17 /ejn/EJN_FichesBelgesResult.aspx measure=804&country=395&other=-1
2015-01-17 /ejn/libcategories.aspx id=1
2015-01-17 /ejn/libadvancedsearch.aspx -
2015-01-17 /ejn/EJN_Home.aspx -
2015-01-17 /ejn/EJN_AtlasAdvanced.aspx -
2015-01-17 /ejn/EJN_AtlasAdvanced.aspx -
2015-01-17 /ejn/EJN_Home.aspx -
2015-01-17 /ejn/EJN_Home.aspx -
2015-01-17 /ejn/EJN_Home.aspx -
2015-01-17 /ejn/ -
2015-01-17 /ejn/EJN_Home.aspx -
2015-01-17 /ejn/EJN_AtlasAdvanced.aspx -
2015-01-17 /ejn/EJN_Home.aspx -
2015-01-17 /ejn/EJN_Home.aspx -
2015-01-17 /atlas_advanced.aspx -
2015-01-17 /atlas_advanced.aspx -
2015-01-17 /ejn/ -
2015-01-17 /ejn/AtlasChooseCountry.aspx -
2015-01-17 /ejn/EJN_Home.aspx -
2015-01-17 /atlas_advanced.aspx -
2015-01-17 /atlas_advanced.aspx -
2015-01-17 /ejn/ -
2015-01-17 /ejn/EJN_Home.aspx -
2015-01-17 /ejn/EJN_InfoAbout.aspx Id=342
2015-01-17 /ejn/EJN_Home.aspx -
2015-01-17 /ejn/libcategories.aspx Id=2
2015-01-17 /ejn/EJN_QuickLinks.aspx id=28
2015-01-17 /ejn/EJN_Home.aspx -
2015-01-17 /ejn/EJN_Home.aspx -
2015-01-17 /ejn/EJN_Home.aspx -
2015-01-17 /ejn/EJN_Home.aspx -
2015-01-17 /ejn/EJN_AtlasAdvanced.aspx -
2015-01-17 /ejn/ -
2015-01-17 /ejn/ -
2015-01-17 /ejn/ -
2015-01-17 /ejn/EJN_AtlasAdvanced.aspx -
2015-01-17 /ejn/ -
2015-01-17 /ejn/ -
2015-01-17 /ejn/EJN_StaticPage.aspx Bread=18
2015-01-17 /ejn/EJN_Home.aspx -
2015-01-17 /ejn/EJN_AtlasAdvanced.aspx -
2015-01-17 /ejn/EJN_Home.aspx -
2015-01-17 /ejn/EJN_Home.aspx -
2015-01-17 /ejn/EJN_Home.aspx -
2015-01-17 /ejn/libshowdocument.aspx Id=16&Lang=ES
2015-01-17 /ejn/EJN_Home.aspx -
2015-01-17 /ejn/EJN_Home.aspx -
2015-01-17 /ejn/Events.aspx -
2015-01-17 /ejn/EJN_Home.aspx -
2015-01-17 /ejn/EJN_Home.aspx -
2015-01-17 /ejn/EJN_Home.aspx -
2015-01-17 /ejn/EJN_Home.aspx -
2015-01-17 /ejn/libcategories.aspx Id=32
2015-01-17 /ejn/EJN_Home.aspx -
2015-01-17 /ejn/EJN_AtlasAdvanced.aspx -
2015-01-17 /ejn/ -
2015-01-17 /ejn/EJN_Home.aspx -
2015-01-17 /ejn/libcategories.aspx -
2015-01-17 /ejn/libcategories.aspx Id=1
2015-01-17 /ejn/libcategories.aspx Id=19
2015-01-17 /ejn/libcategories.aspx Id=9
2015-01-17 /ejn/NewsDetail.aspx id=344&Ori=H
2015-01-17 /ejn/EJN_Home.aspx -
2015-01-17 /ejn/libcategories.aspx Id=32
2015-01-17 /ejn/libdocumentproperties.aspx Id=636
2015-01-17 /ejn/libdocumentproperties.aspx Id=636
2015-01-17 /ejn/ -
2015-01-17 /ejn/EJN_AtlasAdvanced.aspx -
2015-01-17 /ejn/EJN_Home.aspx -
2015-01-17 /ejn/libcategories.aspx Id=32
2015-01-17 /ejn/libshowdocument.aspx Id=16&Lang=ES
2015-01-17 /ejn/ -
2015-01-17 /ejn/EJN_StaticPage.aspx Bread=35
2015-01-17 /ejn/EJN_Home.aspx -
2015-01-17 /ejn/libcategories.aspx Id=41
2015-01-17 /ejn/libdocumentproperties.aspx Id=1140
2015-01-17 /ejn/libdocumentproperties.aspx Id=1140
2015-01-17 /ejn/libshowdocument.aspx Id=447&Lang=ES
2015-01-17 /ejn/ -
2015-01-17 /ejn/EJN_AtlasAdvanced.aspx -
2015-01-17 /ejn/EJN_AtlasAdvanced.aspx -
2015-01-17 /ejn/ -
2015-01-17 /ejn/EJN_Home.aspx -
2015-01-17 /ejn/EJN_Home.aspx -
2015-01-17 /ejn/EJN_Home.aspx -
2015-01-17 /ejn/EJN_Home.aspx -
2015-01-17 /ejn/AtlasChooseCountry.aspx Type=2
2015-01-17 /ejn/AtlasChooseMeasure.aspx MP=1&Cou=UK
2015-01-17 /ejn/AtlasChooseMeasure.aspx MP=1&Cou=UK
2015-01-17 /ejn/AtlasChooseMeasure.aspx MP=1&Cou=UK
2015-01-17 /ejn/EJN_FichesBelgesResult.aspx measure=403&country=395&other=-1
2015-01-17 /ejn/AtlasChooseMeasure.aspx MP=1&Cou=UK
2015-01-17 /ejn/AtlasSelection.aspx -
2015-01-17 /ejn/ejn_home.aspx -
2015-01-17 /ejn/AtlasChooseMeasure.aspx MP=1&Cou=UK
2015-01-17 /ejn/AtlasChooseCountry.aspx Type=2
2015-01-17 /ejn/AtlasChooseMeasure.aspx MP=1&Cou=UK
2015-01-17 /ejn/AtlasChooseMeasure.aspx MP=1&Cou=UK
2015-01-17 /ejn/AtlasChooseMeasure.aspx MP=1&Cou=UK
2015-01-17 /ejn/AtlasChooseMeasure.aspx MP=1&Cou=UK
2015-01-17 /ejn/AtlasChooseMeasure.aspx MP=1&Cou=UK
2015-01-17 /ejn/AtlasChooseMeasure.aspx MP=1&Cou=UK
2015-01-17 /ejn/AtlasSelection.aspx -
2015-01-17 /ejn/AtlasSelection.aspx -
2015-01-17 /ejn/AtlasSelection.aspx -
2015-01-17 /ejn/AtlasAuthorityData.aspx Id=2588
2015-01-17 /ejn/libdocumentproperties.aspx Id=147
2015-01-17 /ejn/AtlasSelection.aspx -
2015-01-17 /ejn/EJN_Home.aspx -
2015-01-17 /ejn/AtlasSelection.aspx -
2015-01-17 /ejn/AtlasSelection.aspx -
2015-01-17 /ejn/AtlasChooseMeasure.aspx MP=0&Cou=395
2015-01-17 /ejn/AtlasChooseMeasure.aspx MP=0&Cou=395
2015-01-17 /ejn/AtlasChooseMeasure.aspx MP=0&Cou=395
2015-01-17 /ejn/AtlasChooseMeasure.aspx MP=0&Cou=395
2015-01-17 /ejn/AtlasSelection.aspx -
2015-01-17 /ejn/AtlasSelection.aspx -
2015-01-17 /ejn/AtlasSelection.aspx -
2015-01-17 /ejn/AtlasAuthorityData.aspx Id=3833
2015-01-17 /ejn/EJN_Home.aspx -
2015-01-17 /ejn/AtlasAuthorityData.aspx Id=3833
2015-01-17 /ejn/AtlasSelection.aspx Option=AuthorityType
2015-01-17 /ejn/AtlasSelection.aspx Option=AuthorityType
2015-01-17 /ejn/AtlasSelection.aspx Option=AuthorityType
2015-01-17 /ejn/AtlasAuthorityData.aspx Id=2588
2015-01-17 /ejn/AtlasAuthorityData.aspx Id=2588
2015-01-17 /ejn/AtlasSelection.aspx Option=AuthorityType
2015-01-17 /ejn/EJN_Home.aspx -
2015-01-17 /ejn/EJN_Home.aspx -
2015-01-17 /ejn/NewsAll.aspx -
2015-01-17 /ejn/EJN_Home.aspx -
2015-01-17 /ejn/libdocumentproperties.aspx Id=323
2015-01-17 /ejn/EJN_Home.aspx -
2015-01-17 /ejn/EJN_Home.aspx -
2015-01-17 /ejn/libcategories.aspx Id=14
2015-01-17 /ejn/libdocumentproperties.aspx Id=323
2015-01-17 /ejn/libdocumentproperties.aspx Id=323
2015-01-17 /ejn/libdocumentproperties.aspx Id=1230
2015-01-17 /ejn/ -
2015-01-17 /ejn/libdocumentproperties.aspx Id=1230
2015-01-17 /ejn/libdocumentproperties.aspx Id=324
2015-01-17 /ejn/libdocumentproperties.aspx Id=324
2015-01-17 /ejn/EJN_Home.aspx -
2015-01-17 /ejn/EJN_Home.aspx -
2015-01-17 /ejn/EJN_Home.aspx -
2015-01-17 /ejn/EJN_Home.aspx -
2015-01-17 /ejn/EJN_Home.aspx -
2015-01-17 /ejn/ -
2015-01-17 /ejn/EJN_AtlasAdvanced.aspx -
2015-01-17 /ejn/EJN_Home.aspx -
2015-01-17 /ejn/EJN_Home.aspx -
2015-01-17 /ejn/EJN_StaticPage.aspx Bread=22
2015-01-17 /ejn/EJN_Home.aspx -
2015-01-17 /ejn/EJN_Home.aspx -
2015-01-17 /ejn/ -
2015-01-17 /ejn/EJN_StaticPage.aspx Bread=26
2015-01-17 /ejn/EJN_Home.aspx -
2015-01-17 /ejn/EJN_Home.aspx -
2015-01-17 /ejn/EJN_AtlasAdvanced.aspx -
2015-01-17 /ejn/ -
2015-01-17 /ejn/EJN_AtlasAdvanced.aspx -
2015-01-17 /ejn/ -
2015-01-17 /ejn/EJN_Home.aspx -
2015-01-17 /ejn/AtlasChooseCountry.aspx Type=2
2015-01-17 /ejn/EJN_Home.aspx -
2015-01-17 /ejn/EJN_Home.aspx -
2015-01-17 /ejn/ -
2015-01-17 /ejn/libcategories.aspx Id=25
2015-01-17 /ejn/EJN_Search.aspx -
2015-01-17 /ejn/EJN_Home.aspx -
2015-01-17 /ejn/EJN_Library_StatusOfImpByCat.aspx CategoryId=25
2015-01-17 /ejn/ejn_home.aspx -
2015-01-17 /ejn/AtlasChooseMeasure.aspx Mp=1&Cou=FR&Type=2
2015-01-17 /ejn/AtlasChooseMeasure.aspx Mp=1&Cou=FR&Type=2
2015-01-17 /ejn/AtlasChooseMeasure.aspx Mp=1&Cou=FR&Type=2
2015-01-17 /ejn/AtlasSelection.aspx -
2015-01-17 /ejn/AtlasSelection.aspx -
2015-01-17 /ejn/AtlasSelection.aspx -
2015-01-17 /ejn/AtlasSelection.aspx -
2015-01-17 /ejn/AtlasSelection.aspx -
2015-01-17 /ejn/AtlasChooseAuthority.aspx -
2015-01-17 /ejn/AtlasChooseAuthority.aspx/GetLocations -
2015-01-17 /ejn/AtlasChooseAuthority.aspx/GetLocations -
2015-01-17 /ejn/AtlasChooseAuthority.aspx -
2015-01-17 /ejn/AtlasAuthorityData.aspx Id=4767
2015-01-17 /ejn/AtlasAuthorityData.aspx Id=4767
2015-01-17 /ejn/AtlasSelection.aspx Option=LegalInstrument
2015-01-17 /ejn/AtlasSelection.aspx Option=LegalInstrument
2015-01-17 /ejn/AtlasSelection.aspx Option=LegalInstrument
2015-01-17 /ejn/AtlasChooseAuthority.aspx -
2015-01-17 /ejn/AtlasChooseAuthority.aspx -
2015-01-17 /ejn/AtlasSelection.aspx Option=LegalInstrument
2015-01-17 /ejn/AtlasSelection.aspx Option=LegalInstrument
2015-01-17 /ejn/AtlasSelection.aspx Option=LegalInstrument
2015-01-17 /ejn/AtlasChooseAuthority.aspx -
2015-01-17 /ejn/AtlasChooseMeasure.aspx MP=0&Cou=273
2015-01-17 /ejn/AtlasChooseMeasure.aspx MP=0&Cou=273
2015-01-17 /ejn/AtlasChooseMeasure.aspx MP=0&Cou=273
2015-01-17 /ejn/AtlasSelection.aspx -
2015-01-17 /ejn/AtlasSelection.aspx -
2015-01-17 /ejn/AtlasSelection.aspx -
2015-01-17 /ejn/AtlasSelection.aspx -
2015-01-17 /ejn/AtlasSelection.aspx -
2015-01-17 /ejn/AtlasChooseAuthority.aspx -
2015-01-17 /ejn/AtlasChooseAuthority.aspx -
2015-01-17 /ejn/AtlasChooseMeasure.aspx MP=0&Cou=273
2015-01-17 /fiches_belges.aspx -
2015-01-17 /ejn/ -
2015-01-17 /ejn/AtlasChooseMeasure.aspx Mp=1&Cou=FR&Type=2
2015-01-17 /ejn/AtlasChooseMeasure.aspx Mp=1&Cou=FR&Type=2
2015-01-17 /ejn/AtlasChooseMeasure.aspx Mp=1&Cou=FR&Type=2
2015-01-17 /ejn/AtlasSelection.aspx -
2015-01-17 /ejn/AtlasSelection.aspx -
2015-01-17 /ejn/AtlasSelection.aspx -
2015-01-17 /ejn/AtlasSelection.aspx -
2015-01-17 /ejn/AtlasSelection.aspx -
2015-01-17 /ejn/AtlasChooseAuthority.aspx -
2015-01-17 /ejn/AtlasChooseAuthority.aspx/GetLocations -
2015-01-17 /ejn/AtlasChooseAuthority.aspx -
2015-01-17 /ejn/AtlasAuthorityData.aspx Id=4767
2015-01-17 /ejn/ -
2015-01-17 /ejn/EJN_Home.aspx -
2015-01-17 /ejn/libcategories.aspx Id=25
2015-01-17 /ejn/EJN_Library_StatusOfImpByCat.aspx CategoryId=25
2015-01-17 /ejn/EJN_Home.aspx -
2015-01-17 /ejn/EJN_Home.aspx -
2015-01-17 /ejn/EJN_Home.aspx -
2015-01-17 /ejn/EJN_AtlasAdvanced.aspx -
2015-01-17 /ejn/EJN_Home.aspx -
2015-01-17 /ejn/EJN_Home.aspx -
2015-01-17 /ejn/EJN_Home.aspx -
2015-01-17 /ejn/EJN_Home.aspx -
2015-01-17 /ejn/EJN_Home.aspx -
2015-01-17 /ejn/EJN_Home.aspx -
2015-01-17 /ejn/EJNAtlasAdvanced.aspx -
2015-01-17 /ejn/EJN_Home.aspx -
2015-01-17 /ejn/ -
2015-01-17 /ejn/ ++Culture:ESSessionId:1atpdkxjqlxnepm1nayfmnfoDate_Time:10:29
2015-01-17 /ejn/AtlasChooseCountry.aspx Type=1
2015-01-17 /ejn/AtlasChooseMeasure.aspx MP=1&Cou=PL
2015-01-17 /ejn/AtlasSelection.aspx -
2015-01-17 /ejn/AtlasSelection.aspx -
2015-01-17 /ejn/EJN_Home.aspx -
2015-01-17 /ejn/AtlasSelection.aspx -
2015-01-17 /ejn/AtlasChooseAuthority.aspx -
2015-01-17 /ejn/AtlasChooseAuthority.aspx/GetLocations -
2015-01-17 /ejn/AtlasChooseAuthority.aspx -
2015-01-17 /ejn/AtlasAuthorityData.aspx Id=5260
2015-01-17 /ejn/EJN_Home.aspx -
2015-01-17 /ejn/ -
2015-01-17 /ejn/AtlasChooseMeasure.aspx MP=1&Cou=UK&Type=2
2015-01-17 /ejn/EJN_StaticPage.aspx Bread=7
2015-01-17 /ejn/EJN_Home.aspx -
2015-01-17 /ejn/ -
2015-01-17 /ejn/ -
2015-01-17 /ejn/EJN_Home.aspx -
2015-01-17 /ejn/ -
2015-01-17 /ejn/ -
2015-01-17 /ejn/NewsDetail.aspx id=352&Ori=H
2015-01-17 /ejn/EJN_Home.aspx -
2015-01-17 /ejn/EJN_StaticPage.aspx Bread=14
2015-01-17 /ejn/EJN_AtlasAdvanced.aspx -
2015-01-17 /ejn/EJN_Home.aspx -
2015-01-17 /ejn/EJN_Home.aspx -
2015-01-17 /ejn/EJN_AtlasAdvanced.aspx -
2015-01-17 /ejn/ejn_home.aspx -
2015-01-17 /ejn/EJN_Home.aspx -
2015-01-17 /ejn/ -
2015-01-17 /ejn/EJN_SubscribeNewsLetter.aspx -
2015-01-17 /ejn/EJN_Home.aspx -
2015-01-17 /ejn/EJN_Home.aspx -
2015-01-17 /ejn/EJN_Home.aspx -
2015-01-17 /ejn/EJN_Home.aspx -
2015-01-17 /ejn/EJN_Home.aspx -
2015-01-17 /ejn/ -
2015-01-17 /ejn/EJN_AtlasAdvanced.aspx -
2015-01-17 /ejn/EJN_Home.aspx -
2015-01-17 /ejn/EJN_AtlasAdvanced.aspx -
2015-01-17 /ejn/ -
2015-01-17 /ejn/EJN_Home.aspx -
2015-01-17 /ejn/ -
2015-01-17 /ejn/EJN_Home.aspx -
2015-01-17 /ejn/EJN_AtlasAdvanced.aspx -
2015-01-17 /ejn/ -
2015-01-17 /ejn/ -
2015-01-17 /ejn/ -
2015-01-17 /ejn/libcategories.aspx Id=14
2015-01-17 /ejn/libcategories.aspx Id=14
2015-01-17 /ejn/libcategories.aspx Id=19
2015-01-17 /ejn/libcategories.aspx Id=12
2015-01-17 /ejn/ -
2015-01-17 /ejn/EJN_Home.aspx -
2015-01-17 /ejn/EJN_InfoAbout.aspx Id=337
2015-01-17 /ejn/EJN_Home.aspx -
2015-01-17 /ejn/EJN_AtlasAdvanced.aspx -
2015-01-17 /ejn/EJN_Home.aspx -
2015-01-17 /ejn/EJN_Search.aspx -
2015-01-17 /ejn/EJN_Home.aspx -
2015-01-17 /ejn/EJN_Home.aspx -
2015-01-17 /ejn/ -
2015-01-17 /ejn/EJN_Home.aspx -
2015-01-17 /ejn/EJN_Home.aspx -
2015-01-17 /ejn/EJN_Home.aspx -
2015-01-17 /ejn/ -
2015-01-17 /ejn/ -
2015-01-17 /ejn/EJN_Home.aspx -
2015-01-17 /ejn/EJN_StaticPage.aspx Bread=37
2015-01-17 /ejn/EJN_Home.aspx -
2015-01-17 /ejn/EJN_Home.aspx -
2015-01-17 /ejn/ -
2015-01-17 /ejn/EJN_StaticPage.aspx Bread=16
2015-01-17 /ejn/EJN_Home.aspx -
2015-01-17 /ejn/EJN_Home.aspx -
2015-01-17 /ejn/EJN_Home.aspx -
2015-01-17 /ejn/ -
2015-01-17 /ejn/EJN_Home.aspx -
2015-01-17 /ejn/ -
2015-01-17 /ejn/ -
2015-01-17 /ejn/AtlasChooseCountry.aspx Type=1
2015-01-17 /ejn/AtlasChooseMeasure.aspx MP=0&Cou=273
2015-01-17 /ejn/AtlasSelection.aspx -
2015-01-17 /ejn/AtlasSelection.aspx -
2015-01-17 /ejn/AtlasSelection.aspx -
2015-01-17 /ejn/AtlasSelection.aspx -
2015-01-17 /ejn/AtlasSelection.aspx -
2015-01-17 /ejn/AtlasAuthorityData.aspx Id=4984
2015-01-17 /ejn/AtlasAuthorityData.aspx Id=4984
2015-01-17 /ejn/ -
2015-01-17 /ejn/EJN_Home.aspx -
2015-01-17 /ejn/EJN_AtlasAdvanced.aspx -
2015-01-17 /ejn/ -
2015-01-17 /ejn/ -
2015-01-17 /ejn/EJN_AtlasAdvanced.aspx -
2015-01-17 /ejn/EJN_Home.aspx -
2015-01-17 /ejn/EJN_AtlasAdvanced.aspx -
2015-01-17 /ejn/EJN_Home.aspx -
2015-01-17 /atlas_advanced.aspx -
2015-01-17 /atlas_advanced.aspx -
2015-01-17 /ejn/EJN_Home.aspx -
2015-01-17 /ejn/EJN_Home.aspx -
2015-01-17 /ejn/ -
2015-01-17 /ejn/EJN_Home.aspx -
2015-01-17 /ejn/EJN_Home.aspx -
2015-01-17 /ejn/ -
2015-01-17 /atlas_advanced.aspx -
2015-01-17 /atlas_advanced.aspx -
2015-01-17 /ejn/EJN_Home.aspx -
2015-01-17 /ejn/EJN_Home.aspx -
2015-01-17 /ejn/ -
2015-01-17 /ejn/ -
2015-01-17 /ejn/libcategories.aspx Id=5
2015-01-17 /ejn/EJN_Home.aspx -
2015-01-17 /ejn/EJN_Home.aspx -
2015-01-17 /ejn/EJN_Home.aspx -
2015-01-17 /ejn/ -
2015-01-17 /ejn/sitemap.aspx -
2015-01-17 /ejn/EJN_Home.aspx -
2015-01-17 /ejn/EJN_AtlasAdvanced.aspx -
2015-01-17 /ejn/ -
2015-01-17 /ejn/EJN_Home.aspx -
2015-01-17 /ejn/EJN_AtlasAdvanced.aspx -
2015-01-17 /ejn/ -
2015-01-17 /ejn/EJN_Home.aspx -
2015-01-17 /ejn/EJN_AtlasAdvanced.aspx -
2015-01-17 /ejn/EJN_Compendium.aspx -
2015-01-17 /ejn/EJN_Home.aspx -
2015-01-17 /ejn/EJN_Home.aspx -
2015-01-17 /ejn/EJN_AtlasAdvanced.aspx -
2015-01-17 /ejn/ -
2015-01-17 /ejn/EJN_Home.aspx -
2015-01-17 /ejn/EJN_Home.aspx -
2015-01-17 /ejn/ -
2015-01-17 /ejn/AtlasChooseCountry.aspx Type=2
2015-01-17 /ejn/EJN_ContactUs.aspx &KeepThis=true&TB_iframe=true&height=650&width=900
2015-01-17 /ejn/EJN_StaticPage.aspx Bread=39
2015-01-17 /ejn/libcategories.aspx Id=2
2015-01-17 /ejn/EJN_QuickLinks.aspx id=28
2015-01-17 /ejn/AtlasChooseCountry.aspx -
2015-01-17 /ejn/libcategories.aspx Id=44
2015-01-17 /ejn/EJN_AtlasAdvanced.aspx -
2015-01-17 /ejn/EJN_Home.aspx -
2015-01-17 /ejn/EJN_AtlasAdvancedOld.aspx ctyCode=SK
2015-01-17 /ejn/AtlasChooseCountry.aspx Type=1
2015-01-17 /ejn/EJN_StaticPage.aspx Bread=38
2015-01-17 /ejn/EJN_EAWAtlas.aspx -
2015-01-17 /ejn/EJN_StaticPage.aspx Bread=9
2015-01-17 /ejn/EJN_StaticPage.aspx Bread=36
2015-01-17 /ejn/EJN_StaticPage.aspx Bread=11
2015-01-17 /ejn/EJN_StaticPage.aspx Bread=18
2015-01-17 /ejn/EJN_StaticPage.aspx Bread=13
2015-01-17 /ejn/EJN_StaticPage.aspx Bread=25
2015-01-17 /ejn/EJN_StaticPage.aspx Bread=2
2015-01-17 /ejn/EJN_StaticPage.aspx Bread=12
2015-01-17 /ejn/EJN_StaticPage.aspx Bread=32
2015-01-17 /ejn/EJN_StaticPage.aspx Bread=35
2015-01-17 /ejn/EJN_StaticPage.aspx Bread=1
2015-01-17 /ejn/EJN_QuickLinks.aspx -
2015-01-17 /ejn/EJN_StaticPage.aspx Bread=22
2015-01-17 /ejn/EJN_StaticPage.aspx Bread=34
2015-01-17 /ejn/EJN_StaticPage.aspx Bread=21
2015-01-17 /ejn/EJN_QuickLinks.aspx id=27
2015-01-17 /ejn/EJN_StaticPage.aspx Bread=16
2015-01-17 /ejn/Events.aspx id=6
2015-01-17 /ejn/EJN_StaticPage.aspx Bread=23
2015-01-17 /ejn/EJN_StaticPage.aspx Bread=8
2015-01-17 /ejn/EJN_StaticPage.aspx Bread=27
2015-01-17 /ejn/libcategories.aspx Id=25
2015-01-17 /ejn/Gallery.aspx -
2015-01-17 /ejn/EJN_StaticPage.aspx Bread=30
2015-01-17 /ejn/EJN_StaticPage.aspx Bread=24
2015-01-17 /ejn/EJN_QuickLinks.aspx id=23
2015-01-17 /ejn/EJN_StaticPage.aspx Bread=31
2015-01-17 /ejn/EJN_Compendium.aspx -
2015-01-17 /ejn/EJN_FichesBelges.aspx -
2015-01-17 /ejn/libcategories.aspx Id=14
2015-01-17 /ejn/EJN_QuickLinks.aspx id=25
2015-01-17 /ejn/EJN_StaticPage.aspx Bread=26
2015-01-17 /ejn/Events.aspx -
2015-01-17 /ejn/NewsAll.aspx Id=4
2015-01-17 /ejn/EJN_EAWWizard.aspx -
2015-01-17 /ejn/EJN_QuickLinks.aspx id=24
2015-01-17 /ejn/EJN_StaticPage.aspx Bread=10
2015-01-17 /ejn/EJN_StaticPage.aspx Bread=17
2015-01-17 /ejn/EJN_Login.aspx -
2015-01-17 /ejn/EJN_Secretariat.aspx -
2015-01-17 /ejn/sitemap.aspx -
2015-01-17 /ejn/EJN_StaticPage.aspx Bread=5
2015-01-17 /ejn/NewsAll.aspx Id=5
2015-01-17 /ejn/EJN_StaticPage.aspx Bread=14
2015-01-17 /ejn/EJN_Faqs.aspx -
2015-01-17 /ejn/EJN_StaticPage.aspx Bread=3
2015-01-17 /ejn/EJN_Search.aspx -
2015-01-17 /ejn/EJN_SubscribeNewsLetter.aspx -
2015-01-17 /ejn/libcategories.aspx Id=32
2015-01-17 /ejn/libcategories.aspx -
2015-01-17 /ejn/NewsAll.aspx Id=3
2015-01-17 /ejn/EJN_QuickLinks.aspx id=26
2015-01-17 /ejn/EJN_StaticPage.aspx Bread=20
2015-01-17 /ejn/NewsAll.aspx -
2015-01-17 /ejn/EJN_StaticPage.aspx Bread=19
2015-01-17 /ejn/libcategories.aspx Id=24
2015-01-17 /ejn/NewsAll.aspx Id=1
2015-01-17 /ejn/EJN_StaticPage.aspx Bread=37
2015-01-17 /ejn/EJN_StaticPage.aspx Bread=28
2015-01-17 /ejn/Events.aspx id=7
2015-01-17 /ejn/libcategories.aspx Id=34
2015-01-17 /ejn/EJN_StaticPage.aspx Bread=7
2015-01-17 /ejn/NewsAll.aspx Id=2
2015-01-17 /ejn/EJN_StaticPage.aspx Bread=4
2015-01-17 /ejn/EJN_StaticPage.aspx Bread=33
2015-01-17 /ejn/EJN_Home.aspx -
2015-01-17 /ejn/EJN_Home.aspx -
2015-01-17 /ejn/libdocumentproperties.aspx Id=390
2015-01-17 /ejn/libcategories.aspx -
2015-01-17 /ejn/EJN_Home.aspx -
2015-01-17 /ejn/NewsDetail.aspx id=352&Ori=H
2015-01-17 /ejn/EJN_StaticPage.aspx Bread=14
2015-01-17 /ejn/ejn_home.aspx -
2015-01-17 /ejn/libcategories.aspx -
2015-01-17 /ejn/libcategories.aspx Id=2
2015-01-17 /ejn/ -
2015-01-17 /ejn/ -
2015-01-17 /ejn/EJN_InfoAbout.aspx Id=368
2015-01-17 /ejn/EJN_Home.aspx -
2015-01-17 /ejn/EJN_AtlasAdvanced.aspx -
2015-01-17 /ejn/EJN_Home.aspx -
2015-01-17 /ejn/Events.aspx -
2015-01-17 /ejn/EJN_Home.aspx -
2015-01-17 /ejn/ -
2015-01-17 /ejn/ejn_home.aspx -
2015-01-17 /ejn/EJN_StaticPage.aspx Bread=14
2015-01-17 /ejn/EJN_Home.aspx -
2015-01-17 /ejn/EJN_Home.aspx -
2015-01-17 /ejn/ -
2015-01-17 /ejn/ -
2015-01-17 /ejn/NewsDetail.aspx id=339&Ori=H
2015-01-17 /ejn/NewsDetail.aspx id=344&Ori=H
2015-01-17 /ejn/NewsDetail.aspx id=344&Ori=H
2015-01-17 /ejn/EJN_InfoAbout.aspx Id=378
2015-01-17 /ejn/ -
2015-01-17 /ejn/EJN_Home.aspx -
2015-01-17 /ejn/EJN_AtlasAdvanced.aspx -
2015-01-17 /ejn/AtlasAuthorityData.aspx Id=2780
2015-01-17 /ejn/EJN_Home.aspx -
2015-01-17 /ejn/ -
2015-01-17 /ejn/EJN_InfoAbout.aspx Id=230
2015-01-17 /ejn/AtlasChooseCountry.aspx Type=1
2015-01-17 /ejn/AtlasChooseMeasure.aspx MP=0&Cou=230
2015-01-17 /ejn/AtlasSelection.aspx -
2015-01-17 /ejn/AtlasSelection.aspx -
2015-01-17 /ejn/AtlasSelection.aspx -
2015-01-17 /ejn/AtlasChooseAuthority.aspx -
2015-01-17 /ejn/AtlasChooseAuthority.aspx -
2015-01-17 /ejn/AtlasSelection.aspx Option=PathOptions
2015-01-17 /ejn/AtlasSelection.aspx Option=PathOptions
2015-01-17 /ejn/AtlasSelection.aspx Option=PathOptions
2015-01-17 /ejn/AtlasChooseAuthority.aspx -
2015-01-17 /ejn/AtlasChooseAuthority.aspx/GetLocations -
2015-01-17 /ejn/AtlasChooseAuthority.aspx/GetLocations -
2015-01-17 /ejn/AtlasChooseAuthority.aspx/GetLocations -
2015-01-17 /ejn/AtlasChooseAuthority.aspx -
2015-01-17 /ejn/AtlasAuthorityData.aspx Id=4546
2015-01-17 /ejn/EJN_Home.aspx -
2015-01-17 /ejn/ -
2015-01-17 /ejn/EJN_Compendium.aspx -
2015-01-17 /ejn/EJN_Home.aspx -
2015-01-17 /ejn/EJN_Home.aspx -
2015-01-17 /ejn/ -
2015-01-17 /ejn/EJN_Home.aspx -
2015-01-17 /ejn/AtlasChooseCountry.aspx -
2015-01-17 /ejn/EJN_Home.aspx -
2015-01-17 /ejn/EJN_Home.aspx ++Culture:ROSessionId:b5tk5huqnazzadkj0bsycgm4Date_Time:16:33
2015-01-17 /ejn/EJN_QuickLinks.aspx id=25
2015-01-17 /ejn/AtlasChooseCountry.aspx Type=1
2015-01-17 /ejn/AtlasChooseMeasure.aspx Mp=1&Cou=ES&Type=2
2015-01-17 /ejn/AtlasSelection.aspx -
2015-01-17 /ejn/AtlasAuthorityData.aspx Id=4146
2015-01-17 /ejn/AtlasAuthorityData.aspx Id=4146
2015-01-17 /ejn/AtlasChooseCountry.aspx Type=1
2015-01-17 /ejn/AtlasAuthorityData.aspx Id=4146
2015-01-17 /ejn/ejn_home.aspx -
2015-01-17 /ejn/AtlasChooseCountry.aspx Type=2
2015-01-17 /ejn/AtlasChooseMeasure.aspx MP=1&Cou=ES
2015-01-17 /ejn/AtlasChooseMeasure.aspx MP=1&Cou=ES
2015-01-17 /ejn/AtlasChooseMeasure.aspx MP=1&Cou=ES
2015-01-17 /ejn/AtlasSelection.aspx -
2015-01-17 /ejn/AtlasSelection.aspx -
2015-01-17 /ejn/AtlasSelection.aspx -
2015-01-17 /ejn/AtlasSelection.aspx -
2015-01-17 /ejn/AtlasSelection.aspx -
2015-01-17 /ejn/AtlasSelection.aspx -
2015-01-17 /ejn/AtlasSelection.aspx -
2015-01-17 /ejn/AtlasChooseAuthority.aspx -
2015-01-17 /ejn/AtlasChooseAuthority.aspx/GetLocations -
2015-01-17 /ejn/AtlasChooseAuthority.aspx -
2015-01-17 /ejn/AtlasAuthorityData.aspx Id=2780
2015-01-17 /ejn/ -
2015-01-17 /ejn/ -
2015-01-17 /ejn/ -
2015-01-17 /ejn/ -
2015-01-17 /ejn/EJN_ContactUs.aspx &KeepThis=true&TB_iframe=true&height=650&width=900
2015-01-17 /ejn/ -
2015-01-17 /ejn/ -
2015-01-17 /ejn/EJN_Home.aspx -
2015-01-17 /ejn/EJN_AtlasAdvanced.aspx -
2015-01-17 /ejn/ -
2015-01-17 /ejn/ -
2015-01-17 /ejn/ -
2015-01-17 /ejn/ -
2015-01-17 /ejn/EJN_Home.aspx -
2015-01-17 /ejn/EJN_Home.aspx -
2015-01-17 /ejn/EJN_Home.aspx -
2015-01-17 /ejn/EJN_Home.aspx -
2015-01-17 /ejn/EJN_Home.aspx -
2015-01-17 /ejn/AtlasChooseCountry.aspx Type=2
2015-01-17 /ejn/EJN_Home.aspx -
2015-01-17 /ejn/ -
2015-01-17 /ejn/EJN_Home.aspx ++Culture:FRSessionId:2olbyahsmb1bczvcfzock2rsDate_Time:17:37
2015-01-17 /ejn/ -
2015-01-17 /ejn/ -
2015-01-17 /ejn/AtlasChooseCountry.aspx Type=1
2015-01-17 /ejn/EJN_Compendium.aspx -
2015-01-17 /ejn/ctrls.compendium/IframeEngine.aspx -
2015-01-17 /ejn/AtlasChooseCountry.aspx Type=1
2015-01-17 /ejn/AtlasChooseMeasure.aspx MP=0&Cou=277
2015-01-17 /ejn/AtlasSelection.aspx -
2015-01-17 /ejn/AtlasChooseAuthority.aspx -
2015-01-17 /ejn/EJN_Compendium.aspx -
2015-01-17 /ejn/ctrls.compendium/IframeEngine.aspx -
2015-01-17 /ejn/AtlasChooseAuthority.aspx -
2015-01-17 /ejn/AtlasAuthorityData.aspx Id=5289
2015-01-17 /ejn/ -
2015-01-17 /ejn/AtlasChooseCountry.aspx Type=1
2015-01-17 /ejn/AtlasChooseCountry.aspx Type=1
2015-01-17 /ejn/AtlasChooseMeasure.aspx MP=0&Cou=277
2015-01-17 /ejn/AtlasSelection.aspx -
2015-01-17 /ejn/AtlasChooseAuthority.aspx -
2015-01-17 /ejn/AtlasChooseAuthority.aspx -
2015-01-17 /ejn/AtlasChooseAuthority.aspx -
2015-01-17 /ejn/AtlasChooseAuthority.aspx -
2015-01-17 /ejn/ejn_home.aspx -
2015-01-17 /ejn/AtlasChooseAuthority.aspx -
2015-01-17 /ejn/AtlasAuthorityData.aspx Id=5289
2015-01-17 /ejn/ -
2015-01-17 /ejn/AtlasAuthorityData.aspx Id=5289
2015-01-17 /ejn/AtlasAuthorityData.aspx Id=5289
2015-01-17 /ejn/EJN_QuickLinks.aspx id=25
2015-01-17 /ejn/ -
2015-01-17 /ejn/EJN_Compendium.aspx -
2015-01-17 /ejn/ctrls.compendium/IframeEngine.aspx -
2015-01-17 /ejn/AtlasAuthorityData.aspx Id=5289
2015-01-17 /ejn/AtlasAuthorityData.aspx Id=5289
2015-01-17 /ejn/AtlasAuthorityData.aspx Id=5289
2015-01-17 /ejn/AtlasExtraInformationInstrument.aspx id=901&KeepThis=true&
2015-01-17 /ejn/ctrls.compendium/iframeEngine.aspx remoteFunction=getMLAforCountry&country=DE&mIDs=401,601&langId=11&callback=checkMLA_cb
2015-01-17 /ejn/EJN_Home.aspx -
2015-01-17 /ejn/AtlasChooseCountry.aspx Type=1
2015-01-17 /ejn/AtlasAuthorityData.aspx Id=5289
2015-01-17 /ejn/ -
2015-01-17 /ejn/AtlasChooseMeasure.aspx Mp=1&Cou=DE&Type=2
2015-01-17 /ejn/AtlasChooseMeasure.aspx Mp=1&Cou=DE&Type=2
2015-01-17 /ejn/AtlasChooseMeasure.aspx Mp=1&Cou=DE&Type=2
2015-01-17 /ejn/AtlasChooseMeasure.aspx Mp=1&Cou=DE&Type=2
2015-01-17 /ejn/AtlasSelection.aspx -
2015-01-17 /ejn/AtlasChooseAuthority.aspx -
2015-01-17 /ejn/AtlasChooseAuthority.aspx -
2015-01-17 /ejn/AtlasChooseAuthority.aspx -
2015-01-17 /ejn/AtlasAuthorityData.aspx Id=4189
2015-01-17 /ejn/ -
2015-01-17 /ejn/ -
2015-01-17 /ejn/EJN_Home.aspx -
2015-01-17 /ejn/EJN_Compendium.aspx -
2015-01-17 /ejn/ctrls.compendium/IframeEngine.aspx -
2015-01-17 /ejn/EJN_Compendium.aspx -
2015-01-17 /ejn/EJN_Compendium.aspx -
2015-01-17 /ejn/ctrls.compendium/IframeEngine.aspx -
2015-01-17 /ejn/ -
2015-01-17 /ejn/ -
2015-01-17 /ejn/ -
2015-01-17 /ejn/AtlasChooseCountry.aspx Type=2
2015-01-17 /ejn/AtlasChooseMeasure.aspx MP=1&Cou=DE
2015-01-17 /ejn/AtlasChooseMeasure.aspx MP=1&Cou=DE
2015-01-17 /ejn/AtlasChooseMeasure.aspx MP=1&Cou=DE
2015-01-17 /ejn/AtlasChooseMeasure.aspx MP=1&Cou=DE
2015-01-17 /ejn/AtlasSelection.aspx -
2015-01-17 /ejn/AtlasChooseAuthority.aspx -
2015-01-17 /ejn/AtlasChooseAuthority.aspx -
2015-01-17 /ejn/AtlasChooseAuthority.aspx/GetLocations -
2015-01-17 /ejn/AtlasChooseAuthority.aspx -
2015-01-17 /ejn/AtlasAuthorityData.aspx Id=4248
2015-01-17 /ejn/AtlasAuthorityData.aspx Id=4248
2015-01-17 /ejn/EJN_Compendium.aspx authId=4248
2015-01-17 /ejn/ctrls.compendium/IframeEngine.aspx -
2015-01-17 /ejn/EJN_StaticPage.aspx Bread=7
2015-01-17 /ejn/EJN_StaticPage.aspx Bread=12
2015-01-17 /ejn/EJN_Home.aspx -
2015-01-17 /ejn/ -
2015-01-17 /ejn/ -
2015-01-17 /ejn/AtlasChooseCountry.aspx Type=2
2015-01-17 /ejn/AtlasChooseMeasure.aspx MP=0&Cou=277
2015-01-17 /ejn/AtlasChooseMeasure.aspx MP=0&Cou=277
2015-01-17 /ejn/AtlasChooseMeasure.aspx MP=0&Cou=277
2015-01-17 /ejn/AtlasChooseMeasure.aspx MP=0&Cou=277
2015-01-17 /ejn/AtlasChooseMeasure.aspx MP=0&Cou=277
2015-01-17 /ejn/AtlasSelection.aspx -
2015-01-17 /ejn/AtlasChooseAuthority.aspx -
2015-01-17 /ejn/AtlasChooseAuthority.aspx -
2015-01-17 /ejn/AtlasChooseAuthority.aspx/GetLocations -
2015-01-17 /ejn/AtlasChooseAuthority.aspx -
2015-01-17 /ejn/AtlasAuthorityData.aspx Id=4248
2015-01-17 /ejn/AtlasAuthorityData.aspx Id=4248
2015-01-17 /ejn/AtlasAuthorityData.aspx Id=4248
2015-01-17 /ejn/EJN_Compendium.aspx authId=4248
2015-01-17 /ejn/ctrls.compendium/IframeEngine.aspx -
2015-01-17 /ejn/ctrls.compendium/iframeEngine.aspx remoteFunction=getAuthority&Id=4248&callback=loadRequestedAuth_cb
2015-01-17 /ejn/EJN_AtlasAdvanced.aspx -
2015-01-17 /ejn/ejn_home.aspx -
2015-01-17 /ejn/ -
2015-01-17 /ejn/libcategories.aspx Id=32
2015-01-17 /ejn/EJN_Home.aspx -
2015-01-17 /ejn/ -
2015-01-17 /ejn/EJN_Compendium.aspx -
2015-01-17 /ejn/ctrls.compendium/IframeEngine.aspx -
2015-01-17 /ejn/EJN_FichesBelges.aspx -
2015-01-17 /ejn/EJN_FichesBelgesTable.aspx -
2015-01-17 /ejn/ejn_home.aspx -
2015-01-17 /ejn/EJN_Home.aspx -
2015-01-17 /ejn/ -
2015-01-17 /ejn/EJN_Home.aspx -
2015-01-17 /ejn/ -
2015-01-17 /ejn/ -
2015-01-17 /ejn/EJN_Home.aspx -
2015-01-17 /ejn/EJN_Home.aspx -
2015-01-17 /ejn/ -
2015-01-17 /ejn/ -
2015-01-17 /ejn/ -
2015-01-17 /ejn/EJN_Home.aspx -
2015-01-17 /ejn/EJN_Home.aspx -
2015-01-17 /ejn/ -
2015-01-17 /ejn/EJN_Home.aspx -
2015-01-17 /ejn/EJN_Home.aspx -
2015-01-17 /ejn/ -
2015-01-17 /ejn/ -
2015-01-17 /ejn/ -
2015-01-17 /ejn/NewsAll.aspx -
2015-01-17 /ejn/EJN_Home.aspx -
2015-01-17 /ejn/EJN_Home.aspx -
2015-01-17 /ejn/EJN_Home.aspx -
2015-01-17 /ejn/libcategories.aspx -
2015-01-17 /ejn/EJN_Home.aspx -
2015-01-17 /ejn/EJN_Home.aspx -
2015-01-17 /ejn/EJN_Home.aspx -
2015-01-17 /ejn/ -
2015-01-17 /ejn/EJN_Home.aspx -
2015-01-17 /ejn/ -
2015-01-17 /ejn/EJN_Secretariat.aspx -
2015-01-17 /ejn/AtlasChooseCountry.aspx Type=2
2015-01-17 /ejn/AtlasChooseMeasure.aspx MP=1&Cou=PL
2015-01-17 /ejn/EJN_Home.aspx -
2015-01-17 /ejn/AtlasChooseMeasure.aspx MP=1&Cou=PL
2015-01-17 /ejn/AtlasChooseMeasure.aspx MP=1&Cou=PL
2015-01-17 /ejn/AtlasChooseMeasure.aspx MP=1&Cou=PL
2015-01-17 /ejn/AtlasSelection.aspx -
2015-01-17 /ejn/EJN_Compendium.aspx -
2015-01-17 /ejn/ctrls.compendium/IframeEngine.aspx -
2015-01-17 /ejn/EJN_FichesBelges.aspx -
2015-01-17 /ejn/EJN_FichesBelges.aspx -
2015-01-17 /ejn/EJN_FichesBelges.aspx -
2015-01-17 /ejn/EJN_FichesBelges.aspx -
2015-01-17 /ejn/EJN_StaticPage.aspx Bread=11
2015-01-17 /ejn/EJN_Home.aspx -
2015-01-17 /ejn/ -
2015-01-17 /ejn/ -
2015-01-17 /ejn/EJN_Home.aspx -
2015-01-17 /ejn/EJN_Home.aspx -
2015-01-17 /ejn/ -
2015-01-17 /ejn/ -
2015-01-17 /ejn/AtlasChooseCountry.aspx -
2015-01-17 /ejn/AtlasChooseMeasure.aspx MP=1&Cou=NL
2015-01-17 /ejn/AtlasChooseMeasure.aspx MP=1&Cou=NL
2015-01-17 /ejn/AtlasChooseMeasure.aspx MP=1&Cou=NL
2015-01-17 /ejn/AtlasChooseMeasure.aspx MP=1&Cou=NL
2015-01-17 /ejn/AtlasSelection.aspx -
2015-01-17 /ejn/AtlasSelection.aspx -
2015-01-17 /ejn/AtlasSelection.aspx -
2015-01-17 /ejn/AtlasChooseAuthority.aspx -
2015-01-17 /ejn/EJN_AtlasAdvanced.aspx -
2015-01-17 /ejn/EJN_Home.aspx -
2015-01-17 /ejn/EJN_EAWAtlas.aspx -
2015-01-17 /ejn/EJN_Home.aspx -
2015-01-17 /ejn/EJN_Home.aspx -
2015-01-17 /ejn/ -
2015-01-17 /ejn/EJN_Home.aspx -
2015-01-17 /ejn/EJN_Home.aspx -
2015-01-17 /ejn/EJN_Home.aspx -
2015-01-17 /ejn/EJN_Home.aspx -
2015-01-17 /ejn/EJN_Home.aspx -
2015-01-17 /ejn/EJN_Home.aspx -
2015-01-17 /ejn/EJN_Home.aspx -
2015-01-17 /ejn/EJN_Home.aspx -
2015-01-17 /ejn/ -
2015-01-17 /ejn/ -
2015-01-17 /ejn/AtlasChooseCountry.aspx Type=2
2015-01-17 /ejn/AtlasChooseCountry.aspx Type=2
2015-01-17 /ejn/AtlasChooseMeasure.aspx MP=0&Cou=352
2015-01-17 /ejn/AtlasChooseMeasure.aspx MP=0&Cou=352
2015-01-17 /ejn/AtlasChooseMeasure.aspx MP=0&Cou=352
2015-01-17 /ejn/AtlasSelection.aspx -
2015-01-17 /ejn/AtlasChooseAuthority.aspx -
2015-01-17 /ejn/AtlasChooseAuthority.aspx -
2015-01-17 /ejn/AtlasAuthorityData.aspx Id=4308
2015-01-17 /ejn/AtlasAuthorityData.aspx Id=4308
2015-01-17 /ejn/EJN_Home.aspx -
2015-01-17 /ejn/sitemap.aspx -
2015-01-17 /ejn/EJN_Home.aspx -
2015-01-17 /ejn/ -
2015-01-17 /ejn/AtlasChooseCountry.aspx Type=2
2015-01-17 /ejn/ -
2015-01-17 /ejn/EJN_Home.aspx -
2015-01-17 /ejn/EJN_Home.aspx -
2015-01-17 /ejn/EJN_Home.aspx -
2015-01-17 /ejn/AtlasChooseCountry.aspx Type=1
2015-01-17 /ejn/EJN_EAWWizard.aspx -
2015-01-17 /ejn/ctrls.eawwizard/IframeEngine.aspx -
2015-01-17 /ejn/EJN_StaticPage.aspx Bread=12
2015-01-17 /ejn/EJN_StaticPage.aspx Bread=12++Culture:ROSessionId:gov1vxrvd1smshkgc4tyumitDate_Time:19:42
2015-01-17 /ejn/EJN_Home.aspx -
2015-01-17 /ejn/EJN_AtlasAdvanced.aspx -
2015-01-17 /ejn/EJN_Home.aspx -
2015-01-17 /ejn/ -
2015-01-17 /ejn/EJN_Home.aspx -
2015-01-17 /ejn/ -
2015-01-17 /ejn/EJN_Home.aspx -
2015-01-17 /ejn/EJN_Home.aspx -
2015-01-17 /ejn/EJN_Home.aspx -
2015-01-17 /ejn/ -
2015-01-17 /ejn/ ++Culture:ESSessionId:msjernnfuz1zmsnkosjg33w5Date_Time:20:17
2015-01-17 /ejn/ -
2015-01-17 /ejn/EJN_Home.aspx -
2015-01-17 /ejn/EJN_Home.aspx -
2015-01-17 /ejn/ -
2015-01-17 /ejn/ -
2015-01-17 /ejn/EJN_Home.aspx -
2015-01-17 /ejn/EJN_AtlasAdvanced.aspx -
2015-01-17 /ejn/ -
2015-01-17 /ejn/EJN_AtlasAdvanced.aspx -
2015-01-17 /ejn/EJN_Home.aspx -
2015-01-17 /ejn/NewsDetail.aspx id=242&Ori=H
2015-01-17 /ejn/EJN_Home.aspx -
2015-01-17 /ejn/EJN_Home.aspx -
2015-01-17 /ejn/ -
2015-01-17 /ejn/EJN_AtlasAdvanced.aspx -
2015-01-17 /ejn/libcategories.aspx -
2015-01-17 /ejn/EJN_Home.aspx -
2015-01-17 /ejn/libcategories.aspx Id=85
2015-01-17 /ejn/EJN_Home.aspx -
2015-01-17 /ejn/EJN_Home.aspx -
2015-01-17 /ejn/ -
2015-01-17 /ejn/EJN_AtlasAdvanced.aspx -
2015-01-17 /ejn/EJN_Home.aspx -
2015-01-17 /ejn/EJN_Home.aspx -
2015-01-17 /ejn/EJN_Home.aspx -
2015-01-17 /ejn/EJN_Home.aspx -
2015-01-17 /ejn/EJN_StaticPage.aspx Bread=12
2015-01-17 /ejn/EJN_Home.aspx -
2015-01-17 /ejn/EJN_Home.aspx ++Culture:ROSessionId:gov1vxrvd1smshkgc4tyumitDate_Time:21:11
2015-01-17 /ejn/EJN_Home.aspx -
2015-01-17 /ejn/EJN_StaticPage.aspx Bread=12
2015-01-17 /ejn/ -
2015-01-17 /ejn/EJN_StaticPage.aspx Bread=2
2015-01-17 /ejn/libcategories.aspx Id=32
2015-01-17 /ejn/libcategories.aspx -
2015-01-17 /ejn/EJN_Home.aspx -
2015-01-17 /ejn/EJN_Home.aspx -
2015-01-17 /ejn/NewsDetail.aspx id=315&Ori=H
2015-01-17 /ejn/EJN_Home.aspx -
2015-01-17 /ejn/EJN_Home.aspx -
2015-01-17 /ejn/ -
2015-01-17 /ejn/ -
2015-01-17 /ejn/EJN_Home.aspx -
2015-01-17 /ejn/EJN_AtlasAdvanced.aspx -
2015-01-17 /ejn/EJN_Home.aspx -
2015-01-17 /ejn/EJN_Home.aspx -
2015-01-17 /ejn/EJN_Home.aspx -
2015-01-17 /ejn/libshowdocument.aspx Id=13&Lang=HU
2015-01-17 /ejn/EJN_Home.aspx -
2015-01-17 /ejn/EJN_Home.aspx -
2015-01-17 /ejn/ -
2015-01-17 /ejn/EJN_AtlasAdvanced.aspx -
2015-01-17 /ejn/EJN_Home.aspx -
2015-01-17 /ejn/ -
2015-01-17 /ejn/EJN_Home.aspx -
2015-01-17 /ejn/EJN_FichesBelgesResult.aspx measure=201&country=373&other=-1
2015-01-17 /ejn/EJN_Home.aspx -
2015-01-17 /ejn/EJN_Home.aspx -
2015-01-17 /default.aspx -
2015-01-17 /ejn/EJN_Home.aspx -
2015-01-17 /ejn/EJN_Home.aspx -
2015-01-17 /ejn/EJN_AtlasAdvanced.aspx -
2015-01-17 /ejn/ -
2015-01-17 /ejn/ -
2015-01-17 /ejn/ -
2015-01-17 /ejn/EJN_AtlasAdvanced.aspx -
2015-01-17 /ejn/AtlasChooseCountry.aspx -
2015-01-17 /ejn/EJN_Home.aspx -
2015-01-17 /ejn/AtlasChooseCountry.aspx Type=1
2015-01-17 /ejn/AtlasChooseMeasure.aspx MP=1&Cou=ES
2015-01-17 /ejn/AtlasSelection.aspx -
2015-01-17 /ejn/AtlasAuthorityData.aspx Id=4146
2015-01-17 /ejn/AtlasAuthorityData.aspx Id=4146
2015-01-17 /ejn/AtlasAuthorityData.aspx Id=4146
2015-01-17 /ejn/AtlasAuthorityData.aspx Id=4146
2015-01-17 /ejn/AtlasAuthorityData.aspx Id=4146
2015-01-17 /ejn/AtlasAuthorityData.aspx Id=4146
2015-01-17 /ejn/AtlasAuthorityData.aspx Id=4146
2015-01-17 /ejn/AtlasChooseCountry.aspx Type=1
2015-01-17 /ejn/AtlasChooseMeasure.aspx MP=1&Cou=ES
2015-01-17 /ejn/AtlasSelection.aspx -
2015-01-17 /ejn/AtlasAuthorityData.aspx Id=4146
2015-01-17 /ejn/ -
2015-01-17 /ejn/AtlasChooseMeasure.aspx Mp=1&Cou=FR&Type=2
2015-01-17 /ejn/AtlasChooseMeasure.aspx Mp=1&Cou=FR&Type=2++Culture:ELSessionId:lmxlgqzjusfgx3q4ex0c4txxDate_Time:11:27+??
2015-01-17 /ejn/AtlasChooseMeasure.aspx Mp=1&Cou=FR&Type=2
2015-01-17 /ejn/EJN_FichesBelgesResult.aspx measure=701&country=273&other=-1
2015-01-17 /ejn/EJN_AtlasAdvanced.aspx -
2015-01-17 /ejn/AtlasChooseMeasure.aspx Mp=1&Cou=FR&Type=2
2015-01-17 /ejn/AtlasChooseCountry.aspx Type=2
2015-01-17 /ejn/EJN_AtlasAdvanced.aspx -
2015-01-17 /ejn/ -
2015-01-17 /ejn/AtlasChooseCountry.aspx Type=2
2015-01-17 /ejn/AtlasChooseMeasure.aspx MP=0&Cou=368
2015-01-17 /ejn/AtlasChooseMeasure.aspx MP=0&Cou=368
2015-01-17 /ejn/AtlasChooseCountry.aspx Type=2
2015-01-17 /ejn/AtlasChooseMeasure.aspx MP=1&Cou=FR
2015-01-17 /ejn/AtlasChooseCountry.aspx Type=1
2015-01-17 /ejn/AtlasChooseCountry.aspx Type=1
2015-01-17 /ejn/AtlasChooseMeasure.aspx MP=0&Cou=273
2015-01-17 /ejn/AtlasSelection.aspx -
2015-01-17 /ejn/AtlasSelection.aspx -
2015-01-17 /ejn/AtlasSelection.aspx -
2015-01-17 /ejn/AtlasSelection.aspx -
2015-01-17 /ejn/AtlasSelection.aspx -
2015-01-17 /ejn/AtlasAuthorityData.aspx Id=4984
2015-01-17 /ejn/EJN_Home.aspx -
2015-01-17 /ejn/AtlasSelection.aspx -
2015-01-17 /ejn/AtlasChooseCountry.aspx Type=1
2015-01-17 /ejn/ -
2015-01-17 /ejn/AtlasChooseMeasure.aspx Mp=1&Cou=FR&Type=2
2015-01-17 /ejn/AtlasChooseMeasure.aspx Mp=1&Cou=FR&Type=2
2015-01-17 /ejn/AtlasChooseMeasure.aspx Mp=1&Cou=FR&Type=2
2015-01-17 /ejn/AtlasChooseMeasure.aspx Mp=1&Cou=FR&Type=2
2015-01-17 /ejn/AtlasSelection.aspx -
2015-01-17 /ejn/AtlasSelection.aspx -
2015-01-17 /ejn/AtlasSelection.aspx -
2015-01-17 /ejn/AtlasSelection.aspx -
2015-01-17 /ejn/AtlasSelection.aspx -
2015-01-17 /ejn/AtlasChooseAuthority.aspx -
2015-01-17 /ejn/AtlasChooseAuthority.aspx/GetLocations -
2015-01-17 /ejn/AtlasChooseAuthority.aspx -
2015-01-17 /ejn/AtlasChooseAuthority.aspx -
2015-01-17 /ejn/AtlasChooseAuthority.aspx -
2015-01-17 /ejn/EJN_QuickLinks.aspx id=25
2015-01-17 /ejn/AtlasChooseCountry.aspx Type=1
2015-01-17 /ejn/AtlasChooseMeasure.aspx MP=1&Cou=ES
2015-01-17 /ejn/AtlasSelection.aspx -
2015-01-17 /ejn/AtlasAuthorityData.aspx Id=4146
2015-01-17 /ejn/AtlasAuthorityData.aspx Id=4146
2015-01-17 /ejn/AtlasAuthorityData.aspx Id=4146
2015-01-17 /ejn/AtlasAuthorityData.aspx Id=4146
2015-01-17 /ejn/AtlasAuthorityData.aspx Id=4146
2015-01-17 /ejn/EJN_QuickLinks.aspx id=25
2015-01-17 /ejn/AtlasChooseCountry.aspx Type=2
2015-01-17 /ejn/AtlasChooseMeasure.aspx MP=1&Cou=ES
2015-01-17 /ejn/AtlasChooseMeasure.aspx MP=1&Cou=ES
2015-01-17 /ejn/AtlasChooseMeasure.aspx MP=1&Cou=ES
2015-01-17 /ejn/EJN_FichesBelgesResult.aspx measure=703&country=373&other=-1
2015-01-17 /ejn/EJN_FichesBelgesTable.aspx -
2015-01-17 /ejn/EJN_Login.aspx -
2015-01-17 /ejn/EJN_FichesBelgesGuide.aspx -
2015-01-17 /ejn/EJN_AtlasAdvanced.aspx -
2015-01-17 /ejn/ -
2015-01-17 /ejn/EJN_FichesBelgesResult.aspx measure=703&country=373&other=-1
2015-01-17 /ejn/EJN_FichesBelgesTable.aspx -
2015-01-17 /ejn/EJN_AtlasAdvanced.aspx -
2015-01-17 /ejn/ -
2015-01-17 /ejn/EJN_AtlasAdvanced.aspx -
2015-01-17 /ejn/AtlasChooseCountry.aspx Type=2
2015-01-17 /ejn/EJN_Home.aspx -
2015-01-17 /ejn/ -
2015-01-17 /ejn/EJN_AtlasAdvanced.aspx -
2015-01-17 /ejn/ -
2015-01-17 /ejn/EJN_AtlasAdvanced.aspx -
2015-01-17 /ejn/ -
2015-01-17 /ejn/EJN_Home.aspx -
2015-01-17 /ejn/EJN_Home.aspx -
2015-01-17 /ejn/EJN_AtlasAdvanced.aspx -
2015-01-17 /ejn/ -
