2014-11-23 /ejn/EJN_Search.aspx -
2014-11-23 /ejn/EJN_Home.aspx -
2014-11-23 /ejn/EJN_Home.aspx -
2014-11-23 /ejn/ -
2014-11-23 /ejn/EJN_Home.aspx -
2014-11-23 /ejn/ -
2014-11-23 /EJN_StaticPage.aspx Bread=31
2014-11-23 /ejn/EJN_AtlasAdvanced.aspx -
2014-11-23 /ejn/EJN_Home.aspx -
2014-11-23 /ejn/EJN_Home.aspx -
2014-11-23 /ejn/EJN_Home.aspx -
2014-11-23 /ejn/EJN_Home.aspx -
2014-11-23 /ejn/EJN_Home.aspx -
2014-11-23 /ejn/EJN_Home.aspx -
2014-11-23 /ejn/EJN_Home.aspx -
2014-11-23 /ejn/EJN_Home.aspx -
2014-11-23 /ejn/ -
2014-11-23 /ejn/EJN_Home.aspx -
2014-11-23 /ejn/EJN_Home.aspx -
2014-11-23 /ejn/EJN_Home.aspx -
2014-11-23 /ejn/EJN_AtlasAdvanced.aspx -
2014-11-23 /ejn/EJN_Home.aspx -
2014-11-23 /ejn/EJN_Home.aspx -
2014-11-23 /ejn/EJN_Home.aspx -
2014-11-23 /ejn/EJN_Home.aspx -
2014-11-23 /ejn/EJN_Home.aspx -
2014-11-23 /ejn/NewsDetail.aspx id=291&Ori=H
2014-11-23 /ejn/EJN_Home.aspx -
2014-11-23 /ejn/EJN_Home.aspx -
2014-11-23 /ejn/EJN_Home.aspx -
2014-11-23 /ejn/ -
2014-11-23 /ejn/EJN_Home.aspx -
2014-11-23 /ejn/EJN_Home.aspx -
2014-11-23 /EJN_StaticPage.aspx Bread=34
2014-11-23 /ejn/EJN_Home.aspx -
2014-11-23 /ejn/Events.aspx event=253
2014-11-23 /ejn/EJN_Home.aspx -
2014-11-23 /ejn/EJN_Home.aspx -
2014-11-23 /ejn/EJN_Home.aspx -
2014-11-23 /ejn/EJN_Home.aspx -
2014-11-23 /ejn/EJN_Home.aspx -
2014-11-23 /ejn/EJN_Home.aspx -
2014-11-23 /ejn/EJN_Home.aspx -
2014-11-23 /ejn/EJN_Home.aspx -
2014-11-23 /ejn/EJN_Home.aspx -
2014-11-23 /ejn/ -
2014-11-23 /ejn/ -
2014-11-23 /ejn/EJN_AtlasAdvanced.aspx -
2014-11-23 /ejn/EJN_Home.aspx -
2014-11-23 /ejn/ -
2014-11-23 /ejn/EJN_Home.aspx -
2014-11-23 /ejn/EJN_Home.aspx -
2014-11-23 /ejn/EJN_Home.aspx -
2014-11-23 /ejn/EJN_Home.aspx -
2014-11-23 /eaw_atlas.aspx -
2014-11-23 /ejn/NewsAll.aspx -
2014-11-23 /ejn/EJN_Home.aspx -
2014-11-23 /ejn/NewsAll.aspx -
2014-11-23 /ejn/NewsAll.aspx Id=-1&Pag=1
2014-11-23 /ejn/EJN_Home.aspx -
2014-11-23 /ejn/EJN_Home.aspx -
2014-11-23 /ejn/ -
2014-11-23 /ejn/EJN_Home.aspx -
2014-11-23 /ejn/Events.aspx event=111
2014-11-23 /ejn/EJN_Home.aspx -
2014-11-23 /ejn/EJN_Home.aspx -
2014-11-23 /ejn/EJN_AtlasAdvanced.aspx -
2014-11-23 /ejn/EJN_Home.aspx -
2014-11-23 /ejn/EJN_Home.aspx -
2014-11-23 /ejn/EJN_Home.aspx -
2014-11-23 /ejn/EJN_Home.aspx -
2014-11-23 /ejn/EJN_Home.aspx -
2014-11-23 /ejn/EJN_Home.aspx -
2014-11-23 /ejn/EJN_Home.aspx -
2014-11-23 /ejn/EJN_FichesBelges.aspx -
2014-11-23 /ejn/EJN_Home.aspx -
2014-11-23 /ejn/EJN_Home.aspx -
2014-11-23 /ejn/EJN_Home.aspx -
2014-11-23 /ejn/EJN_Gallery.aspx -
2014-11-23 /ejn/EJN_Home.aspx -
2014-11-23 /ejn/EJN_Home.aspx -
2014-11-23 /ejn/EJN_Home.aspx -
2014-11-23 /ejn/EJN_Home.aspx -
2014-11-23 /ejn/EJN_News.aspx id=52
2014-11-23 /ejn/EJN_News.aspx id=52
2014-11-23 /ejn/EJN_Home.aspx -
2014-11-23 /ejn/EJN_Home.aspx -
2014-11-23 /ejn/EJN_StaticPage.aspx Bread=12
2014-11-23 /ejn/EJN_Home.aspx -
2014-11-23 /ejn/EJN_Home.aspx -
2014-11-23 /ejn/EJN_QuickLinks.aspx id=25
2014-11-23 /ejn/EJN_Home.aspx -
2014-11-23 /ejn/EJN_Home.aspx -
2014-11-23 /ejn/EJN_Home.aspx -
2014-11-23 /ejn/Events.aspx event=253
2014-11-23 /ejn/ -
2014-11-23 /ejn/EJN_AtlasAdvanced.aspx -
2014-11-23 /ejn/EJN_Home.aspx -
2014-11-23 /ejn/EJN_Home.aspx -
2014-11-23 /ejn/EJN_Home.aspx -
2014-11-23 /ejn/EJN_Home.aspx -
2014-11-23 /ejn/EJN_Home.aspx -
2014-11-23 /ejn/ -
2014-11-23 /ejn/EJN_Home.aspx -
2014-11-23 /ejn/EJN_Home.aspx -
2014-11-23 /ejn/EJN_Home.aspx -
2014-11-23 /ejn/EJN_Home.aspx -
2014-11-23 /ejn/EJN_AtlasAdvanced.aspx -
2014-11-23 /ejn/EJN_Home.aspx -
2014-11-23 /ejn/EJN_Home.aspx -
2014-11-23 /ejn/EJN_Home.aspx -
2014-11-23 /ejn/EJN_Home.aspx -
2014-11-23 /ejn/EJN_Home.aspx -
2014-11-23 /ejn/ -
2014-11-23 /ejn/EJN_Home.aspx -
2014-11-23 /ejn/NewsDetail.aspx id=313&Ori=H
2014-11-23 /ejn/EJN_Home.aspx -
2014-11-23 /ejn/EJN_Home.aspx -
2014-11-23 /ejn/EJN_Home.aspx -
2014-11-23 /ejn/EJN_Home.aspx -
2014-11-23 /ejn/EJN_Home.aspx -
2014-11-23 /ejn/EJN_Home.aspx -
2014-11-23 /ejn/EJN_Home.aspx -
2014-11-23 /ejn/EJN_Home.aspx -
2014-11-23 /ejn/EJN_Home.aspx -
2014-11-23 /ejn/EJN_Home.aspx -
2014-11-23 /ejn/EJN_Home.aspx -
2014-11-23 /ejn/EJN_Home.aspx -
2014-11-23 /ejn/ -
2014-11-23 /ejn/EJN_AtlasAdvanced.aspx -
2014-11-23 /ejn/EJN_Home.aspx -
2014-11-23 /ejn/EJN_Home.aspx -
2014-11-23 /ejn/EJN_Home.aspx -
2014-11-23 /ejn/EJN_Home.aspx -
2014-11-23 /ejn/EJN_Home.aspx -
2014-11-23 /ejn/EJN_Home.aspx -
2014-11-23 /ejn/ -
2014-11-23 /ejn/EJN_Home.aspx -
2014-11-23 /news-detail.aspx anunID=14
2014-11-23 /ejn/ -
2014-11-23 /ejn/ejn_home.aspx -
2014-11-23 /ejn/EJN_StaticPage.aspx Bread=8
2014-11-23 /ejn/EJN_StaticPage.aspx Bread=4
2014-11-23 /ejn/EJN_Home.aspx -
2014-11-23 /ejn/EJN_Search.aspx -
2014-11-23 /ejn/EJN_StaticPage.aspx Bread=7
2014-11-23 /ejn/EJN_Home.aspx -
2014-11-23 /ejn/EJN_ContactUs.aspx &KeepThis=true&TB_iframe=true&height=650&width=900
2014-11-23 /ejn/EJN_Faqs.aspx -
2014-11-23 /ejn/ -
2014-11-23 /ejn/sitemap.aspx -
2014-11-23 /ejn/EJN_StaticPage.aspx Bread=39
2014-11-23 /ejn/libcategories.aspx Id=14
2014-11-23 /ejn/AtlasChooseMeasure.aspx MP=1&Cou=UK&Type=2
2014-11-23 /ejn/libcategories.aspx Id=34
2014-11-23 /ejn/libcategories.aspx Id=32
2014-11-23 /ejn/libcategories.aspx Id=25
2014-11-23 /ejn/EJN_StaticPage.aspx Bread=2
2014-11-23 /ejn/EJN_StaticPage.aspx Bread=9
2014-11-23 /ejn/libcategories.aspx Id=24
2014-11-23 /ejn/EJN_Home.aspx -
2014-11-23 /ejn/ -
2014-11-23 /ejn/EJN_StaticPage.aspx Bread=13
2014-11-23 /ejn/EJN_StaticPage.aspx Bread=16
2014-11-23 /ejn/EJN_StaticPage.aspx Bread=28
2014-11-23 /ejn/EJN_StaticPage.aspx Bread=10
2014-11-23 /ejn/EJN_StaticPage.aspx Bread=27
2014-11-23 /ejn/EJN_StaticPage.aspx Bread=17
2014-11-23 /ejn/EJN_Secretariat.aspx -
2014-11-23 /ejn/EJN_StaticPage.aspx Bread=14
2014-11-23 /ejn/EJN_StaticPage.aspx Bread=21
2014-11-23 /ejn/Gallery.aspx -
2014-11-23 /ejn/ -
2014-11-23 /ejn/EJN_StaticPage.aspx Bread=35
2014-11-23 /ejn/EJN_StaticPage.aspx Bread=25
2014-11-23 /ejn/EJN_StaticPage.aspx Bread=33
2014-11-23 /ejn/EJN_StaticPage.aspx Bread=34
2014-11-23 /ejn/EJN_StaticPage.aspx Bread=32
2014-11-23 /ejn/EJN_StaticPage.aspx Bread=31
2014-11-23 /ejn/EJN_StaticPage.aspx Bread=24
2014-11-23 /ejn/EJN_StaticPage.aspx Bread=30
2014-11-23 /ejn/EJN_StaticPage.aspx Bread=18
2014-11-23 /ejn/EJN_StaticPage.aspx Bread=20
2014-11-23 /ejn/EJN_Home.aspx -
2014-11-23 /ejn/NewsDetail.aspx id=315&Ori=H
2014-11-23 /ejn/EJN_StaticPage.aspx Bread=37
2014-11-23 /ejn/EJN_StaticPage.aspx Bread=23
2014-11-23 /ejn/EJN_StaticPage.aspx Bread=26
2014-11-23 /ejn/EJN_StaticPage.aspx Bread=22
2014-11-23 /ejn/NewsDetail.aspx id=326&Ori=H
2014-11-23 /ejn/EJN_StaticPage.aspx Bread=19
2014-11-23 /ejn/NewsDetail.aspx id=327&Ori=H
2014-11-23 /ejn/EJN_StaticPage.aspx Bread=36
2014-11-23 /ejn/EJN_StaticPage.aspx Bread=38
2014-11-23 /ejn/Events.aspx id=6
2014-11-23 /ejn/Events.aspx event=279
2014-11-23 /ejn/Events.aspx id=7
2014-11-23 /ejn/NewsDetail.aspx id=305&Ori=H
2014-11-23 /ejn/NewsDetail.aspx id=299&Ori=H
2014-11-23 /ejn/NewsDetail.aspx id=309&Ori=H
2014-11-23 /ejn/NewsDetail.aspx id=321&Ori=H
2014-11-23 /ejn/NewsDetail.aspx id=319&Ori=H
2014-11-23 /ejn/NewsDetail.aspx id=312&Ori=H
2014-11-23 /ejn/NewsDetail.aspx id=300&Ori=H
2014-11-23 /ejn/NewsAll.aspx Id=1
2014-11-23 /ejn/NewsAll.aspx Id=3
2014-11-23 /ejn/NewsAll.aspx Id=2
2014-11-23 /ejn/Events.aspx -
2014-11-23 /ejn/NewsAll.aspx -
2014-11-23 /ejn/Events.aspx Id=7
2014-11-23 /ejn/NewsAll.aspx Id=4
2014-11-23 /ejn/Events.aspx Id=6
2014-11-23 /ejn/NewsAll.aspx Id=5
2014-11-23 /ejn/Events.aspx event=253
2014-11-23 /ejn/EJN_InfoAbout.aspx Id=259
2014-11-23 /ejn/EJN_InfoAbout.aspx Id=258
2014-11-23 /ejn/EJN_InfoAbout.aspx Id=239
2014-11-23 /ejn/EJN_InfoAbout.aspx Id=223
2014-11-23 /ejn/EJN_InfoAbout.aspx Id=230
2014-11-23 /ejn/EJN_InfoAbout.aspx Id=432
2014-11-23 /ejn/EJN_SubscribeNewsLetter.aspx -
2014-11-23 /ejn/EJN_InfoAbout.aspx Id=295
2014-11-23 /ejn/EJN_InfoAbout.aspx Id=260
2014-11-23 /ejn/EJN_InfoAbout.aspx Id=287
2014-11-23 /ejn/EJN_InfoAbout.aspx Id=272
2014-11-23 /ejn/EJN_InfoAbout.aspx Id=307
2014-11-23 /ejn/EJN_InfoAbout.aspx Id=279
2014-11-23 /ejn/EJN_InfoAbout.aspx Id=277
2014-11-23 /ejn/EJN_InfoAbout.aspx Id=273
2014-11-23 /ejn/EJN_InfoAbout.aspx Id=293
2014-11-23 /ejn/EJN_InfoAbout.aspx Id=269
2014-11-23 /ejn/EJN_InfoAbout.aspx Id=369
2014-11-23 /ejn/EJN_InfoAbout.aspx Id=354
2014-11-23 /ejn/EJN_InfoAbout.aspx Id=321
2014-11-23 /ejn/EJN_InfoAbout.aspx Id=351
2014-11-23 /ejn/EJN_InfoAbout.aspx Id=313
2014-11-23 /ejn/EJN_InfoAbout.aspx Id=373
2014-11-23 /ejn/EJN_InfoAbout.aspx Id=337
2014-11-23 /ejn/EJN_InfoAbout.aspx Id=368
2014-11-23 /ejn/EJN_InfoAbout.aspx Id=314
2014-11-23 /ejn/EJN_InfoAbout.aspx Id=352
2014-11-23 /ejn/EJN_Home.aspx -
2014-11-23 /ejn/EJN_InfoAbout.aspx Id=215
2014-11-23 /ejn/EJN_InfoAbout.aspx Id=434
2014-11-23 /ejn/EJN_InfoAbout.aspx Id=433
2014-11-23 /ejn/EJN_InfoAbout.aspx Id=389
2014-11-23 /ejn/EJN_InfoAbout.aspx Id=435
2014-11-23 /ejn/EJN_InfoAbout.aspx Id=288
2014-11-23 /ejn/EJN_InfoAbout.aspx Id=378
2014-11-23 /ejn/EJN_InfoAbout.aspx Id=395
2014-11-23 /ejn/EJN_InfoAbout.aspx Id=364
2014-11-23 /ejn/EJN_InfoAbout.aspx Id=342
2014-11-23 /ejn/EJN_AtlasAdvanced.aspx -
2014-11-23 /ejn/EJN_Login.aspx -
2014-11-23 /ejn/EJN_FichesBelges.aspx -
2014-11-23 /ejn/AtlasChooseCountry.aspx Type=2
2014-11-23 /ejn/AtlasChooseCountry.aspx Type=1
2014-11-23 /ejn/EJN_StaticPage.aspx Bread=12
2014-11-23 /ejn/EJN_StaticPage.aspx Bread=3
2014-11-23 /ejn/EJN_Compendium.aspx -
2014-11-23 /ejn/EJN_InfoAbout.aspx Id=430
2014-11-23 /ejn/EJN_StaticPage.aspx Bread=1
2014-11-23 /ejn/EJN_Home.aspx -
2014-11-23 /ejn/EJN_EAWWizard.aspx -
2014-11-23 /ejn/libcategories.aspx -
2014-11-23 /ejn/EJN_QuickLinks.aspx id=27
2014-11-23 /ejn/EJN_QuickLinks.aspx id=24
2014-11-23 /ejn/EJN_QuickLinks.aspx id=26
2014-11-23 /ejn/libcategories.aspx Id=2
2014-11-23 /ejn/EJN_StaticPage.aspx Bread=11
2014-11-23 /ejn/EJN_QuickLinks.aspx id=28
2014-11-23 /ejn/EJN_QuickLinks.aspx -
2014-11-23 /ejn/EJN_QuickLinks.aspx id=25
2014-11-23 /ejn/EJN_QuickLinks.aspx id=23
2014-11-23 /ejn/EJN_AtlasAdvanced.aspx -
2014-11-23 /ejn/EJN_Faqs.aspx cat=2
2014-11-23 /ejn/ejn_staticpage.aspx Bread=39
2014-11-23 /ejn/EJN_StaticPage.aspx Bread=5
2014-11-23 /ejn/EJN_Faqs.aspx cat=1
2014-11-23 /ejn/ejn_faqs.aspx -
2014-11-23 /ejn/ejn_staticpage.aspx Bread=4
2014-11-23 /ejn/ejn_search.aspx -
2014-11-23 /ejn/ejn_staticpage.aspx Bread=8
2014-11-23 /ejn/EJN_Home.aspx -
2014-11-23 /ejn/ejn_staticpage.aspx Bread=7
2014-11-23 /ejn/EJN_Home.aspx -
2014-11-23 /ejn/EJN_Home.aspx -
2014-11-23 /ejn/libshowdocument.aspx Id=1&Lang=DE
2014-11-23 /ejn/libadvancedsearch.aspx -
2014-11-23 /ejn/libcategories.aspx id=1
2014-11-23 /ejn/libshowdocument.aspx Id=1&Lang=DK
2014-11-23 /ejn/libdocumentproperties.aspx Id=1
2014-11-23 /ejn/libshowdocument.aspx Id=1&Lang=EL
2014-11-23 /ejn/libshowdocument.aspx Id=1&Lang=BG
2014-11-23 /ejn/libshowdocument.aspx Id=1&Lang=CS
2014-11-23 /ejn/libshowdocument.aspx Id=1&Lang=LT
2014-11-23 /ejn/libshowdocument.aspx Id=1&Lang=EN
2014-11-23 /ejn/EJN_Home.aspx -
2014-11-23 /ejn/libshowdocument.aspx Id=1&Lang=FR
2014-11-23 /ejn/libshowdocument.aspx Id=1&Lang=FI
2014-11-23 /ejn/libshowdocument.aspx Id=1&Lang=ES
2014-11-23 /ejn/libshowdocument.aspx Id=1&Lang=IT
2014-11-23 /ejn/libshowdocument.aspx Id=1&Lang=HR
2014-11-23 /ejn/libshowdocument.aspx Id=1&Lang=HU
2014-11-23 /ejn/libshowdocument.aspx Id=1&Lang=ET
2014-11-23 /ejn/libshowdocument.aspx Id=1&Lang=LV
2014-11-23 /ejn/libshowdocument.aspx Id=3&Lang=BG
2014-11-23 /ejn/libshowdocument.aspx Id=1&Lang=NL
2014-11-23 /ejn/libshowdocument.aspx Id=1&Lang=SV
2014-11-23 /ejn/libshowdocument.aspx Id=1&Lang=PL
2014-11-23 /ejn/libshowdocument.aspx Id=1&Lang=SK
2014-11-23 /ejn/libshowdocument.aspx Id=1&Lang=MT
2014-11-23 /ejn/libshowdocument.aspx Id=1&Lang=PT
2014-11-23 /ejn/libdocumentproperties.aspx Id=3
2014-11-23 /ejn/libshowdocument.aspx Id=1&Lang=RO
2014-11-23 /ejn/libshowdocument.aspx Id=1&Lang=SL
2014-11-23 /ejn/EJN_Home.aspx -
2014-11-23 /ejn/libshowdocument.aspx Id=3&Lang=ET
2014-11-23 /ejn/libshowdocument.aspx Id=3&Lang=DK
2014-11-23 /ejn/libshowdocument.aspx Id=3&Lang=DE
2014-11-23 /ejn/libshowdocument.aspx Id=3&Lang=HU
2014-11-23 /ejn/libshowdocument.aspx Id=3&Lang=EL
2014-11-23 /ejn/libshowdocument.aspx Id=3&Lang=ES
2014-11-23 /ejn/libshowdocument.aspx Id=3&Lang=CS
2014-11-23 /ejn/libshowdocument.aspx Id=3&Lang=FR
2014-11-23 /ejn/libshowdocument.aspx Id=3&Lang=EN
2014-11-23 /ejn/libshowdocument.aspx Id=3&Lang=FI
2014-11-23 /ejn/libshowdocument.aspx Id=3&Lang=IT
2014-11-23 /ejn/libshowdocument.aspx Id=3&Lang=SL
2014-11-23 /ejn/libshowdocument.aspx Id=3&Lang=SK
2014-11-23 /ejn/libshowdocument.aspx Id=3&Lang=NL
2014-11-23 /ejn/libshowdocument.aspx Id=3&Lang=LV
2014-11-23 /ejn/libshowdocument.aspx Id=3&Lang=MT
2014-11-23 /ejn/libshowdocument.aspx Id=3&Lang=LT
2014-11-23 /ejn/libshowdocument.aspx Id=3&Lang=PT
2014-11-23 /ejn/libshowdocument.aspx Id=3&Lang=PL
2014-11-23 /ejn/libshowdocument.aspx Id=3&Lang=RO
2014-11-23 /ejn/EJN_Home.aspx -
2014-11-23 /ejn/libshowdocument.aspx Id=3&Lang=SV
2014-11-23 /ejn/EJN_Home.aspx -
2014-11-23 /ejn/EJN_Home.aspx -
2014-11-23 /ejn/EJN_Home.aspx -
2014-11-23 /ejn/EJN_StaticPage.aspx Bread=8
2014-11-23 /ejn/EJN_Home.aspx -
2014-11-23 /ejn/ -
2014-11-23 /ejn/EJN_Home.aspx -
2014-11-23 /ejn/EJN_Home.aspx -
2014-11-23 /ejn/EJN_Home.aspx -
2014-11-23 /ejn/ -
2014-11-23 /ejn/libcategories.aspx Id=14
2014-11-23 /ejn/EJN_Home.aspx -
2014-11-23 /ejn/libcategories.aspx -
2014-11-23 /ejn/EJN_Home.aspx -
2014-11-23 /ejn/libcategories.aspx Id=21
2014-11-23 /ejn/EJN_Home.aspx -
2014-11-23 /ejn/EJN_Home.aspx -
2014-11-23 /ejn/EJN_Home.aspx -
2014-11-23 /ejn/EJN_Home.aspx -
2014-11-23 /ejn/EJN_Home.aspx -
2014-11-23 /ejn/ -
2014-11-23 /ejn/ -
2014-11-23 /ejn/EJN_AtlasAdvanced.aspx -
2014-11-23 /ejn/EJN_Home.aspx -
2014-11-23 /ejn/EJN_Home.aspx -
2014-11-23 /ejn/EJN_Home.aspx -
2014-11-23 /ejn/EJN_Home.aspx -
2014-11-23 /ejn/EJN_Home.aspx -
2014-11-23 /ejn/ -
2014-11-23 /ejn/ ++Culture:CSSessionId:dfmprz1u1a3byn2fppa1l42nDate_Time:5:14
2014-11-23 /ejn/EJN_Home.aspx -
2014-11-23 /ejn/EJN_Home.aspx -
2014-11-23 /ejn/ -
2014-11-23 /ejn/EJN_Home.aspx -
2014-11-23 /ejn/EJN_Home.aspx -
2014-11-23 /ejn/EJN_Home.aspx -
2014-11-23 /ejn/EJN_AtlasAdvanced.aspx -
2014-11-23 /ejn/EJN_Home.aspx -
2014-11-23 /ejn/EJN_Home.aspx -
2014-11-23 /ejn/EJN_Home.aspx -
2014-11-23 /ejn/EJN_Home.aspx -
2014-11-23 /ejn/EJN_Home.aspx -
2014-11-23 /ejn/EJN_Home.aspx -
2014-11-23 /ejn/EJN_Home.aspx -
2014-11-23 /ejn/EJN_Home.aspx -
2014-11-23 /ejn/EJN_Home.aspx -
2014-11-23 /ejn/EJN_Home.aspx -
2014-11-23 /ejn/EJN_Home.aspx -
2014-11-23 /ejn/EJN_Home.aspx -
2014-11-23 /ejn/EJN_Home.aspx -
2014-11-23 /ejn/EJN_Home.aspx -
2014-11-23 /ejn/EJN_Home.aspx -
2014-11-23 /ejn/EJN_Home.aspx -
2014-11-23 /atlas_advanced.aspx -
2014-11-23 /atlas_advanced.aspx -
2014-11-23 /ejn/ -
2014-11-23 /atlas_advanced.aspx -
2014-11-23 /atlas_advanced.aspx -
2014-11-23 /ejn/EJN_Home.aspx -
2014-11-23 /ejn/ -
2014-11-23 /ejn/AtlasChooseCountry.aspx -
2014-11-23 /ejn/EJN_Home.aspx -
2014-11-23 /ejn/EJN_StaticPage.aspx Bread=10
2014-11-23 /ejn/EJN_Home.aspx -
2014-11-23 /ejn/ -
2014-11-23 /ejn/Events.aspx event=184
2014-11-23 /ejn/EJN_AtlasAdvanced.aspx -
2014-11-23 /ejn/Events.aspx event=106
2014-11-23 /ejn/EJN_AtlasAdvanced.aspx -
2014-11-23 /ejn/EJN_Home.aspx -
2014-11-23 /ejn/EJN_Home.aspx -
2014-11-23 /ejn/EJN_StaticPage.aspx Bread=12
2014-11-23 /ejn/EJN_Home.aspx -
2014-11-23 /ejn/EJN_Home.aspx -
2014-11-23 /ejn/EJN_Home.aspx -
2014-11-23 /ejn/EJN_Home.aspx -
2014-11-23 /ejn/EJN_Home.aspx -
2014-11-23 /ejn/EJN_StaticPage.aspx Bread=12
2014-11-23 /ejn/EJN_Home.aspx -
2014-11-23 /ejn/EJN_Home.aspx -
2014-11-23 /ejn/ -
2014-11-23 /ejn/EJN_Home.aspx -
2014-11-23 /ejn/EJN_Home.aspx -
2014-11-23 /ejn/EJN_Events.aspx date=20/03/2012
2014-11-23 /ejn/EJN_AtlasAdvanced.aspx -
2014-11-23 /ejn/EJN_Home.aspx -
2014-11-23 /ejn/ -
2014-11-23 /ejn/EJN_Home.aspx -
2014-11-23 /ejn/EJN_Home.aspx -
2014-11-23 /ejn/EJN_Home.aspx -
2014-11-23 /ejn/EJN_Home.aspx -
2014-11-23 /ejn/EJN_Home.aspx -
2014-11-23 /ejn/EJN_QuickLinks.aspx id=26
2014-11-23 /ejn/EJN_Home.aspx -
2014-11-23 /ejn/EJN_Home.aspx -
2014-11-23 /ejn/EJN_Home.aspx -
2014-11-23 /ejn/EJN_Home.aspx -
2014-11-23 /ejn/ -
2014-11-23 /ejn/EJN_Home.aspx -
2014-11-23 /ejn/EJN_Home.aspx -
2014-11-23 /ejn/EJN_Home.aspx -
2014-11-23 /ejn/EJN_Home.aspx -
2014-11-23 /ejn/EJN_Home.aspx -
2014-11-23 /ejn/EJN_Home.aspx -
2014-11-23 /ejn/EJN_Home.aspx -
2014-11-23 /ejn/EJN_Home.aspx -
2014-11-23 /ejn/EJN_Home.aspx -
2014-11-23 /ejn/ -
2014-11-23 /ejn/EJN_AtlasAdvanced.aspx -
2014-11-23 /ejn/EJN_Home.aspx -
2014-11-23 /ejn/EJN_Home.aspx -
2014-11-23 /ejn/EJN_Home.aspx -
2014-11-23 /ejn/EJN_Home.aspx -
2014-11-23 /ejn/EJN_Home.aspx -
2014-11-23 /ejn/EJN_Home.aspx -
2014-11-23 /ejn/EJN_Home.aspx -
2014-11-23 /ejn/ -
2014-11-23 /EAW_atlas.aspx -
2014-11-23 /ejn/EJN_Home.aspx -
2014-11-23 /ejn/EJN_StaticPage.aspx Bread=2
2014-11-23 /ejn/EJN_Home.aspx -
2014-11-23 /ejn/EJN_Home.aspx -
2014-11-23 /ejn/EJN_Home.aspx -
2014-11-23 /ejn/EJN_Home.aspx -
2014-11-23 /ejn/EJN_AtlasAdvanced.aspx -
2014-11-23 /ejn/EJN_Home.aspx -
2014-11-23 /ejn/EJN_Home.aspx -
2014-11-23 /ejn/EJN_Home.aspx -
2014-11-23 /ejn/EJN_Home.aspx -
2014-11-23 /ejn/EJN_Home.aspx -
2014-11-23 /ejn/EJN_Home.aspx -
2014-11-23 /ejn/ejn_home.aspx -
2014-11-23 /ejn/ -
2014-11-23 /ejn/EJN_Home.aspx -
2014-11-23 /ejn/ -
2014-11-23 /ejn/EJN_Home.aspx -
2014-11-23 /ejn/NewsDetail.aspx id=119&Ori=H
2014-11-23 /ejn/EJN_Home.aspx -
2014-11-23 /ejn/EJN_Home.aspx -
2014-11-23 /ejn/EJN_Home.aspx -
2014-11-23 /ejn/EJN_Home.aspx -
2014-11-23 /ejn/EJN_Home.aspx -
2014-11-23 /ejn/EJN_Home.aspx -
2014-11-23 /ejn/EJN_Home.aspx -
2014-11-23 /ejn/ -
2014-11-23 /ejn/EJN_Home.aspx -
2014-11-23 /ejn/EJN_Home.aspx -
2014-11-23 /ejn/ -
2014-11-23 /ejn/EJN_QuickLinks.aspx id=24
2014-11-23 /ejn/EJN_Home.aspx -
2014-11-23 /ejn/EJN_AtlasAdvanced.aspx -
2014-11-23 /ejn/libcategories.aspx Id=32
2014-11-23 /ejn/EJN_Home.aspx -
2014-11-23 /ejn/EJN_Home.aspx -
2014-11-23 /ejn/libcategories.aspx -
2014-11-23 /ejn/EJN_Home.aspx -
2014-11-23 /ejn/EJN_Home.aspx -
2014-11-23 /ejn/EJN_Home.aspx -
2014-11-23 /ejn/EJN_Home.aspx -
2014-11-23 /ejn/EJN_Home.aspx -
2014-11-23 /ejn/EJN_Home.aspx -
2014-11-23 /ejn/EJN_Home.aspx -
2014-11-23 /ejn/ -
2014-11-23 /ejn/EJN_Home.aspx -
2014-11-23 /ejn/EJN_Home.aspx -
2014-11-23 /ejn/ -
2014-11-23 /ejn/EJN_Home.aspx -
2014-11-23 /ejn/EJN_AtlasAdvanced.aspx -
2014-11-23 /ejn/EJN_Home.aspx -
2014-11-23 /ejn/EJN_Home.aspx -
2014-11-23 /ejn/EJN_Home.aspx -
2014-11-23 /ejn/EJN_Home.aspx -
2014-11-23 /ejn/ -
2014-11-23 /ejn/EJN_Home.aspx -
2014-11-23 /ejn/libadvancedsearch.aspx -
2014-11-23 /ejn/EJN_Home.aspx -
2014-11-23 /ejn/EJN_Home.aspx -
2014-11-23 /ejn/EJN_Home.aspx -
2014-11-23 /ejn/EJN_Home.aspx -
2014-11-23 /ejn/Events.aspx event=125
2014-11-23 /ejn/EJN_Home.aspx -
2014-11-23 /ejn/EJN_Home.aspx -
2014-11-23 /ejn/EJN_Home.aspx -
2014-11-23 /ejn/EJN_Home.aspx -
2014-11-23 /ejn/EJN_Home.aspx -
2014-11-23 /ejn/EJN_Home.aspx -
2014-11-23 /ejn/EJN_Home.aspx -
2014-11-23 /ejn/EJN_Home.aspx -
2014-11-23 /ejn/EJN_Home.aspx -
2014-11-23 /ejn/EJN_Home.aspx -
2014-11-23 /ejn/EJN_Home.aspx -
2014-11-23 /ejn/ -
2014-11-23 /ejn/EJN_AtlasAdvanced.aspx -
2014-11-23 /ejn/EJN_Home.aspx -
2014-11-23 /ejn/EJN_Home.aspx -
2014-11-23 /ejn/EJN_Home.aspx -
2014-11-23 /ejn/EJN_Home.aspx -
2014-11-23 /ejn/EJN_Home.aspx -
2014-11-23 /ejn/NewsAll.aspx -
2014-11-23 /ejn/EJN_Home.aspx -
2014-11-23 /ejn/EJN_Home.aspx -
2014-11-23 /ejn/EJN_Home.aspx -
2014-11-23 /ejn/EJN_Home.aspx -
2014-11-23 /ejn/ -
2014-11-23 /ejn/EJN_Home.aspx -
2014-11-23 /ejn/ -
2014-11-23 /ejn/EJN_Home.aspx -
2014-11-23 /ejn/EJN_Home.aspx -
2014-11-23 /ejn/EJN_AtlasAdvanced.aspx -
2014-11-23 /ejn/EJN_Home.aspx -
2014-11-23 /ejn/EJN_Home.aspx -
2014-11-23 /ejn/EJN_Home.aspx -
2014-11-23 /ejn/EJN_Home.aspx -
2014-11-23 /ejn/EJN_Home.aspx -
2014-11-23 /ejn/NewsDetail.aspx id=284&Ori=H
2014-11-23 /ejn/EJN_Home.aspx -
2014-11-23 /ejn/EJN_Home.aspx -
2014-11-23 /ejn/EJN_Home.aspx -
2014-11-23 /ejn/EJN_Home.aspx -
2014-11-23 /ejn/EJN_Home.aspx -
2014-11-23 /ejn/ -
2014-11-23 /ejn/ -
2014-11-23 /ejn/EJN_Home.aspx -
2014-11-23 /ejn/EJN_Home.aspx -
2014-11-23 /ejn/EJN_Home.aspx -
2014-11-23 /ejn/EJN_Home.aspx -
2014-11-23 /ejn/EJN_Home.aspx -
2014-11-23 /ejn/libcategories.aspx Id=5
2014-11-23 /ejn/EJN_Home.aspx -
2014-11-23 /ejn/EJN_Home.aspx -
2014-11-23 /ejn/EJN_Home.aspx -
2014-11-23 /ejn/ -
2014-11-23 /ejn/EJN_AtlasAdvanced.aspx -
2014-11-23 /ejn/EJN_Home.aspx -
2014-11-23 /ejn/EJN_Home.aspx -
2014-11-23 /ejn/EJN_Home.aspx -
2014-11-23 /ejn/EJN_Home.aspx -
2014-11-23 /ejn/EJN_Home.aspx -
2014-11-23 /ejn/EJN_Home.aspx -
2014-11-23 /ejn/ -
2014-11-23 /ejn/EJN_Home.aspx -
2014-11-23 /ejn/EJN_Home.aspx -
2014-11-23 /ejn/EJN_Home.aspx -
2014-11-23 /ejn/EJN_AtlasAdvanced.aspx -
2014-11-23 /ejn/ -
2014-11-23 /ejn/ -
2014-11-23 /ejn/EJN_Home.aspx -
2014-11-23 /ejn/EJN_Home.aspx -
2014-11-23 /ejn/EJN_Home.aspx -
2014-11-23 /ejn/EJN_Home.aspx -
2014-11-23 /ejn/EJN_Home.aspx -
2014-11-23 /ejn/EJN_Home.aspx -
2014-11-23 /ejn/libcategories.aspx Id=7
2014-11-23 /ejn/EJN_Home.aspx -
2014-11-23 /ejn/NewsDetail.aspx id=315&Ori=H
2014-11-23 /ejn/EJN_Home.aspx -
2014-11-23 /ejn/EJN_Home.aspx -
2014-11-23 /ejn/EJN_Home.aspx -
2014-11-23 /ejn/EJN_EAWWizard.aspx -
2014-11-23 /ejn/EJN_Home.aspx -
2014-11-23 /ejn/EJN_InfoAbout.aspx Id=273
2014-11-23 /ejn/EJN_InfoAbout.aspx Id=273++Culture:ESSessionId:e5hmdlji2hxs0qflg1mjjyggDate_Time:10:47
2014-11-23 /ejn/EJN_Home.aspx -
2014-11-23 /ejn/AtlasChooseCountry.aspx Type=1
2014-11-23 /ejn/EJN_Home.aspx -
2014-11-23 /ejn/EJN_QuickLinks.aspx id=24
2014-11-23 /ejn/EJN_EAWWizard.aspx -
2014-11-23 /ejn/ctrls.eawwizard/IframeEngine.aspx -
2014-11-23 /ejn/EJN_EAWWizard.aspx -
2014-11-23 /ejn/ctrls.eawwizard/IframeEngine.aspx -
2014-11-23 /ejn/EJN_Home.aspx -
2014-11-23 /ejn/ -
2014-11-23 /ejn/ -
2014-11-23 /ejn/EJN_Home.aspx -
2014-11-23 /ejn/EJN_Home.aspx -
2014-11-23 /ejn/EJN_Home.aspx -
2014-11-23 /ejn/EJN_Home.aspx -
2014-11-23 /ejn/EJN_StaticPage.aspx Bread=10
2014-11-23 /ejn/EJN_Home.aspx -
2014-11-23 /ejn/EJN_Home.aspx -
2014-11-23 /ejn/ejn_staticpage.aspx bread=8
2014-11-23 /ejn/EJN_Home.aspx -
2014-11-23 /ejn/ -
2014-11-23 /ejn/EJN_EAWWizard.aspx -
2014-11-23 /ejn/ctrls.eawwizard/IframeEngine.aspx -
2014-11-23 /ejn/EJN_Home.aspx -
2014-11-23 /ejn/ -
2014-11-23 /ejn/EJN_AtlasAdvanced.aspx -
2014-11-23 /ejn/EJN_Home.aspx -
2014-11-23 /ejn/EJN_Home.aspx -
2014-11-23 /ejn/EJN_EAWWizard.aspx -
2014-11-23 /ejn/EJN_Home.aspx -
2014-11-23 /ejn/EJN_Home.aspx -
2014-11-23 /ejn/EJN_Home.aspx -
2014-11-23 /ejn/EJN_Home.aspx -
2014-11-23 /ejn/EJN_Home.aspx -
2014-11-23 /ejn/EJN_Home.aspx -
2014-11-23 /ejn/ -
2014-11-23 /ejn/ -
2014-11-23 /ejn/EJN_Home.aspx -
2014-11-23 /ejn/ -
2014-11-23 /ejn/EJN_Home.aspx -
2014-11-23 /ejn/ -
2014-11-23 /ejn/ -
2014-11-23 /ejn/EJN_Home.aspx -
2014-11-23 /ejn/EJN_AtlasAdvanced.aspx -
2014-11-23 /ejn/EJN_Home.aspx -
2014-11-23 /ejn/EJN_Home.aspx -
2014-11-23 /ejn/EJN_Home.aspx -
2014-11-23 /ejn/EJN_Home.aspx -
2014-11-23 /ejn/EJN_Home.aspx -
2014-11-23 /ejn/EJN_Home.aspx -
2014-11-23 /ejn/EJN_Home.aspx -
2014-11-23 /ejn/EJN_Home.aspx -
2014-11-23 /ejn/libcategories.aspx Id=5'
2014-11-23 /ejn/EJN_Home.aspx -
2014-11-23 /ejn/libdocumentproperties.aspx Id=390'
2014-11-23 /ejn/libshowdocument.aspx Id=248&Lang=DE
2014-11-23 /ejn/EJN_Home.aspx -
2014-11-23 /ejn/EJN_Home.aspx -
2014-11-23 /ejn/EJN_Home.aspx -
2014-11-23 /ejn/EJN_Home.aspx -
2014-11-23 /ejn/libcategories.aspx Id=85
2014-11-23 /ejn/EJN_Home.aspx -
2014-11-23 /ejn/AtlasChooseMeasure.aspx Mp=1&Cou=ES&Type=2
2014-11-23 /ejn/EJN_Home.aspx -
2014-11-23 /ejn/EJN_Home.aspx -
2014-11-23 /ejn/AtlasChooseMeasure.aspx Mp=1&Cou=ES&Type=2
2014-11-23 /ejn/EJN_Search.aspx -
2014-11-23 /ejn/EJN_Home.aspx -
2014-11-23 /ejn/EJN_Search.aspx -
2014-11-23 /ejn/EJN_Search.aspx -
2014-11-23 /ejn/EJN_Search.aspx -
2014-11-23 /ejn/NewsDetail.aspx Id=282
2014-11-23 /ejn/EJN_Home.aspx -
2014-11-23 /ejn/ejn_home.aspx -
2014-11-23 /ejn/libcategories.aspx Id=2
2014-11-23 /ejn/libdocumentproperties.aspx Id=1171
2014-11-23 /ejn/EJN_Home.aspx -
2014-11-23 /ejn/EJN_Library_StatusOfImpByCat.aspx CategoryId=39
2014-11-23 /ejn/libcategories.aspx Id=85
2014-11-23 /ejn/libdocumentproperties.aspx Id=1105
2014-11-23 /ejn/ -
2014-11-23 /ejn/libdocumentproperties.aspx Id=1104
2014-11-23 /ejn/EJN_AtlasAdvanced.aspx -
2014-11-23 /ejn/ -
2014-11-23 /ejn/EJN_Home.aspx -
2014-11-23 /ejn/EJN_Home.aspx -
2014-11-23 /ejn/libcategories.aspx Id=85
2014-11-23 /ejn/ -
2014-11-23 /ejn/libcategories.aspx Id=85
2014-11-23 /ejn/libcategories.aspx Id=85
2014-11-23 /ejn/libdocumentproperties.aspx Id=1105
2014-11-23 /ejn/EJN_Home.aspx -
2014-11-23 /ejn/ -
2014-11-23 /ejn/EJN_Home.aspx -
2014-11-23 /ejn/EJN_Home.aspx -
2014-11-23 /ejn/EJN_Home.aspx -
2014-11-23 /ejn/libcategories.aspx Id=2
2014-11-23 /ejn/EJN_Home.aspx -
2014-11-23 /ejn/ -
2014-11-23 /ejn/EJN_Home.aspx -
2014-11-23 /ejn/EJN_InfoAbout.aspx Id=293
2014-11-23 /ejn/EJN_Home.aspx -
2014-11-23 /ejn/EJN_InfoAbout.aspx Id=293
2014-11-23 /ejn/EJN_Home.aspx -
2014-11-23 /ejn/EJN_Home.aspx -
2014-11-23 /ejn/EJN_Home.aspx -
2014-11-23 /ejn/libcategories.aspx Id=36
2014-11-23 /ejn/EJN_Home.aspx -
2014-11-23 /ejn/EJN_Home.aspx -
2014-11-23 /ejn/ -
2014-11-23 /ejn/EJN_Home.aspx -
2014-11-23 /ejn/ -
2014-11-23 /ejn/EJN_Home.aspx -
2014-11-23 /ejn/EJN_Home.aspx -
2014-11-23 /ejn/EJN_Home.aspx -
2014-11-23 /ejn/EJN_AtlasAdvanced.aspx -
2014-11-23 /ejn/EJN_Home.aspx -
2014-11-23 /ejn/EJN_Home.aspx -
2014-11-23 /ejn/EJN_Home.aspx -
2014-11-23 /ejn/EJN_Home.aspx -
2014-11-23 /ejn/EJN_Home.aspx -
2014-11-23 /ejn/EJN_Home.aspx -
2014-11-23 /ejn/ -
2014-11-23 /ejn/ -
2014-11-23 /ejn/EJN_Home.aspx -
2014-11-23 /ejn/EJN_Home.aspx -
2014-11-23 /ejn/EJN_Home.aspx -
2014-11-23 /atlas_advanced.aspx -
2014-11-23 /atlas_advanced.aspx -
2014-11-23 /ejn/ -
2014-11-23 /atlas_advanced.aspx -
2014-11-23 /atlas_advanced.aspx -
2014-11-23 /ejn/EJN_Home.aspx -
2014-11-23 /ejn/EJN_Home.aspx -
2014-11-23 /ejn/EJN_Home.aspx -
2014-11-23 /ejn/ -
2014-11-23 /ejn/EJN_Login.aspx -
2014-11-23 /ejn/EJN_Home.aspx -
2014-11-23 /ejn/EJN_StaticPage.aspx Bread=10
2014-11-23 /ejn/EJN_Home.aspx -
2014-11-23 /ejn/NewsDetail.aspx id=309&Ori=H
2014-11-23 /ejn/ejn_home.aspx -
2014-11-23 /ejn/EJN_Home.aspx -
2014-11-23 /ejn/EJN_Home.aspx -
2014-11-23 /NewsDetail.aspx id=326&Ori=H
2014-11-23 /ejn/ -
2014-11-23 /NewsDetail.aspx id=313&Ori=H
2014-11-23 /ejn/EJN_AtlasAdvanced.aspx -
2014-11-23 /ejn/ -
2014-11-23 /ejn/EJN_Home.aspx -
2014-11-23 /ejn/EJN_Home.aspx -
2014-11-23 /ejn/EJN_Home.aspx -
2014-11-23 /ejn/EJN_Home.aspx -
2014-11-23 /ejn/EJN_Home.aspx -
2014-11-23 /ejn/EJN_Home.aspx -
2014-11-23 /ejn/libdocumentproperties.aspx Id=147
2014-11-23 /ejn/EJN_Home.aspx -
2014-11-23 /ejn/AtlasChooseMeasure.aspx Mp=1&Cou=AT&Type=2
2014-11-23 /ejn/AtlasChooseMeasure.aspx Mp=1&Cou=AT&Type=2
2014-11-23 /ejn/AtlasChooseMeasure.aspx Mp=1&Cou=AT&Type=2
2014-11-23 /ejn/EJN_Home.aspx -
2014-11-23 /ejn/AtlasChooseMeasure.aspx Mp=1&Cou=AT&Type=2
2014-11-23 /ejn/AtlasChooseMeasure.aspx Mp=1&Cou=AT&Type=2
2014-11-23 /ejn/AtlasSelection.aspx -
2014-11-23 /ejn/AtlasChooseAuthority.aspx -
2014-11-23 /ejn/AtlasChooseMeasure.aspx Mp=1&Cou=AT&Type=2
2014-11-23 /ejn/libdocumentproperties.aspx Id=147
2014-11-23 /ejn/libdocumentproperties.aspx Id=147
2014-11-23 /ejn/EJN_EAWWizard.aspx -
2014-11-23 /ejn/ctrls.eawwizard/IframeEngine.aspx -
2014-11-23 /ejn/ -
2014-11-23 /ejn/EJN_Home.aspx -
2014-11-23 /ejn/EJN_Home.aspx -
2014-11-23 /ejn/EJN_Home.aspx -
2014-11-23 /ejn/EJN_AtlasAdvanced.aspx -
2014-11-23 /ejn/EJN_Home.aspx -
2014-11-23 /ejn/EJN_Home.aspx -
2014-11-23 /ejn/EJN_Home.aspx -
2014-11-23 /ejn/EJN_Home.aspx -
2014-11-23 /ejn/EJN_Home.aspx -
2014-11-23 /ejn/EJN_Home.aspx -
2014-11-23 /ejn/EJN_Home.aspx -
2014-11-23 /ejn/ -
2014-11-23 /ejn/EJN_Home.aspx -
2014-11-23 /ejn/AtlasChooseCountry.aspx Type=1
2014-11-23 /ejn/AtlasChooseMeasure.aspx MP=0&Cou=273
2014-11-23 /ejn/AtlasSelection.aspx -
2014-11-23 /ejn/AtlasChooseMeasure.aspx MP=0&Cou=273
2014-11-23 /ejn/AtlasSelection.aspx -
2014-11-23 /ejn/AtlasExtraInformationInstrument.aspx id=901&KeepThis=true&
2014-11-23 /ejn/AtlasSelection.aspx -
2014-11-23 /ejn/AtlasChooseMeasure.aspx MP=0&Cou=273
2014-11-23 /ejn/AtlasSelection.aspx -
2014-11-23 /ejn/AtlasSelection.aspx -
2014-11-23 /ejn/AtlasSelection.aspx -
2014-11-23 /ejn/AtlasChooseAuthority.aspx -
2014-11-23 /ejn/AtlasChooseAuthority.aspx/GetLocations -
2014-11-23 /ejn/AtlasChooseAuthority.aspx -
2014-11-23 /ejn/AtlasAuthorityData.aspx Id=4753
2014-11-23 /ejn/AtlasAuthorityData.aspx Id=4753
2014-11-23 /ejn/EJN_Home.aspx -
2014-11-23 /ejn/AtlasAuthorityData.aspx Id=4753
2014-11-23 /ejn/AtlasAuthorityData.aspx Id=4753
2014-11-23 /ejn/AtlasAuthorityData.aspx Id=4753
2014-11-23 /ejn/EJN_EAWWizard.aspx -
2014-11-23 /ejn/ctrls.eawwizard/IframeEngine.aspx -
2014-11-23 /ejn/EJN_EAWWizard.aspx -
2014-11-23 /ejn/EJN_EAWWizard.aspx -
2014-11-23 /ejn/ctrls.eawwizard/IframeEngine.aspx -
2014-11-23 /ejn/EJN_Home.aspx -
2014-11-23 /ejn/EJN_Home.aspx -
2014-11-23 /ejn/EJN_Home.aspx -
2014-11-23 /ejn/EJN_Home.aspx -
2014-11-23 /ejn/EJN_EAWWizard.aspx -
2014-11-23 /ejn/EJN_Home.aspx -
2014-11-23 /ejn/EJN_Home.aspx -
2014-11-23 /ejn/EJN_Home.aspx -
2014-11-23 /ejn/EJN_Home.aspx -
2014-11-23 /ejn/EJN_Home.aspx -
2014-11-23 /ejn/ -
2014-11-23 /ejn/EJN_AtlasAdvanced.aspx -
2014-11-23 /ejn/EJN_Home.aspx -
2014-11-23 /ejn/EJN_StaticPage.aspx Bread=1
2014-11-23 /ejn/EJN_Home.aspx -
2014-11-23 /ejn/EJN_Home.aspx -
2014-11-23 /ejn/EJN_Home.aspx -
2014-11-23 /ejn/EJN_Home.aspx -
2014-11-23 /ejn/EJN_Home.aspx -
2014-11-23 /ejn/NewsDetail.aspx id=168&Ori=H
2014-11-23 /ejn/EJN_Home.aspx -
2014-11-23 /ejn/EJN_Home.aspx -
2014-11-23 /ejn/EJN_Home.aspx -
2014-11-23 /ejn/ -
2014-11-23 /ejn/EJN_Home.aspx -
2014-11-23 /ejn/ejn_home.aspx -
2014-11-23 /ejn/EJN_Home.aspx -
2014-11-23 /ejn/EJN_Home.aspx -
2014-11-23 /ejn/EJN_AtlasAdvanced.aspx -
2014-11-23 /ejn/EJN_Home.aspx -
2014-11-23 /ejn/EJN_Home.aspx -
2014-11-23 /ejn/EJN_Home.aspx -
2014-11-23 /ejn/EJN_Home.aspx -
2014-11-23 /ejn/EJN_Home.aspx -
2014-11-23 /ejn/ -
2014-11-23 /ejn/EJN_Home.aspx -
2014-11-23 /ejn/EJN_StaticPage.aspx Bread=12
2014-11-23 /ejn/AtlasChooseCountry.aspx Type=1
2014-11-23 /ejn/AtlasChooseMeasure.aspx MP=0&Cou=279
2014-11-23 /ejn/AtlasSelection.aspx -
2014-11-23 /ejn/AtlasSelection.aspx -
2014-11-23 /ejn/AtlasSelection.aspx -
2014-11-23 /ejn/AtlasAuthorityData.aspx Id=3438
2014-11-23 /ejn/AtlasAuthorityData.aspx Id=3438
2014-11-23 /ejn/AtlasSelection.aspx -
2014-11-23 /ejn/AtlasSelection.aspx -
2014-11-23 /ejn/AtlasSelection.aspx -
2014-11-23 /ejn/AtlasSelection.aspx -
2014-11-23 /ejn/EJN_Home.aspx -
2014-11-23 /ejn/AtlasSelection.aspx -
2014-11-23 /ejn/AtlasChooseAuthority.aspx -
2014-11-23 /ejn/EJN_Home.aspx -
2014-11-23 /ejn/ -
2014-11-23 /ejn/EJN_Home.aspx -
2014-11-23 /ejn/EJN_Home.aspx -
2014-11-23 /ejn/EJN_Home.aspx -
2014-11-23 /ejn/EJN_Home.aspx -
2014-11-23 /ejn/EJN_Home.aspx -
2014-11-23 /ejn/EJN_Home.aspx -
2014-11-23 /ejn/ -
2014-11-23 /ejn/ -
2014-11-23 /ejn/ -
2014-11-23 /ejn/ ++Culture:ESSessionId:mrtqu4rp113dkusluifuyqpeDate_Time:14:56
2014-11-23 /ejn/EJN_StaticPage.aspx Bread=2
2014-11-23 /ejn/EJN_Home.aspx -
2014-11-23 /ejn/EJN_Home.aspx -
2014-11-23 /ejn/EJN_Home.aspx -
2014-11-23 /ejn/ -
2014-11-23 /ejn/EJN_AtlasAdvanced.aspx -
2014-11-23 /ejn/ -
2014-11-23 /ejn/EJN_Home.aspx -
2014-11-23 /ejn/EJN_Home.aspx -
2014-11-23 /ejn/EJN_Home.aspx -
2014-11-23 /ejn/EJN_Home.aspx -
2014-11-23 /ejn/EJN_Home.aspx -
2014-11-23 /ejn/EJN_Home.aspx -
2014-11-23 /ejn/EJN_Home.aspx -
2014-11-23 /ejn/EJN_Home.aspx -
2014-11-23 /ejn/ -
2014-11-23 /ejn/EJN_Home.aspx -
2014-11-23 /ejn/EJN_StaticPage.aspx Bread=20
2014-11-23 /ejn/EJN_Home.aspx -
2014-11-23 /ejn/EJN_StaticPage.aspx Bread=10
2014-11-23 /ejn/EJN_Home.aspx -
2014-11-23 /ejn/EJN_Home.aspx -
2014-11-23 /ejn/EJN_Home.aspx -
2014-11-23 /ejn/ -
2014-11-23 /ejn/EJN_Home.aspx -
2014-11-23 /ejn/EJN_Home.aspx -
2014-11-23 /ejn/EJN_Home.aspx -
2014-11-23 /ejn/EJN_Home.aspx -
2014-11-23 /ejn/EJN_Home.aspx -
2014-11-23 /ejn/EJN_Home.aspx -
2014-11-23 /ejn/EJN_AtlasAdvanced.aspx -
2014-11-23 /ejn/NewsAll.aspx Id=2
2014-11-23 /ejn/EJN_Home.aspx -
2014-11-23 /ejn/EJN_Home.aspx -
2014-11-23 /ejn/EJN_Home.aspx -
2014-11-23 /ejn/EJN_Home.aspx -
2014-11-23 /ejn/AtlasChooseCountry.aspx Type=2
2014-11-23 /ejn/EJN_Home.aspx -
2014-11-23 /ejn/EJN_Home.aspx -
2014-11-23 /ejn/EJN_Home.aspx -
2014-11-23 /ejn/EJN_Home.aspx -
2014-11-23 /ejn/EJN_Home.aspx -
2014-11-23 /ejn/EJN_Home.aspx -
2014-11-23 /ejn/EJN_AtlasAdvancedOld.aspx ctyCode=SK
2014-11-23 /ejn/EJN_Home.aspx -
2014-11-23 /ejn/Gallery.aspx -
2014-11-23 /ejn/EJN_Home.aspx -
2014-11-23 /ejn/EJN_Home.aspx -
2014-11-23 /ejn/ -
2014-11-23 /ejn/EJN_Home.aspx -
2014-11-23 /ejn/EJN_Home.aspx -
2014-11-23 /ejn/ -
2014-11-23 /ejn/EJN_AtlasAdvanced.aspx -
2014-11-23 /ejn/EJN_Home.aspx -
2014-11-23 /ejn/EJN_Home.aspx -
2014-11-23 /ejn/EJN_Home.aspx -
2014-11-23 /ejn/EJN_Home.aspx -
2014-11-23 /ejn/EJN_Home.aspx -
2014-11-23 /ejn/ -
2014-11-23 /ejn/EJN_Home.aspx -
2014-11-23 /ejn/EJN_Home.aspx -
2014-11-23 /ejn/EJN_Home.aspx -
2014-11-23 /ejn/ -
2014-11-23 /ejn/ -
2014-11-23 /ejn/AtlasChooseCountry.aspx Type=2
2014-11-23 /ejn/EJN_Home.aspx -
2014-11-23 /ejn/EJN_Home.aspx -
2014-11-23 /ejn/EJN_Compendium.aspx -
2014-11-23 /ejn/ctrls.compendium/IframeEngine.aspx -
2014-11-23 /ejn/EJN_Home.aspx -
2014-11-23 /ejn/EJN_Home.aspx -
2014-11-23 /ejn/EJN_Home.aspx -
2014-11-23 /ejn/EJN_FichesBelges.aspx -
2014-11-23 /ejn/EJN_FichesBelges.aspx -
2014-11-23 /ejn/EJN_Home.aspx -
2014-11-23 /ejn/EJN_FichesBelges.aspx -
2014-11-23 /ejn/EJN_FichesBelges.aspx -
2014-11-23 /ejn/EJN_FichesBelgesResult.aspx measure=501&country=337&other=-1
2014-11-23 /ejn/EJN_FichesBelges.aspx -
2014-11-23 /ejn/EJN_FichesBelges.aspx -
2014-11-23 /ejn/EJN_Home.aspx -
2014-11-23 /ejn/EJN_Home.aspx -
2014-11-23 /ejn/ejn_home.aspx -
2014-11-23 /ejn/EJN_StaticPage.aspx Bread=21
2014-11-23 /ejn/EJN_EAWWizard.aspx -
2014-11-23 /ejn/ctrls.eawwizard/IframeEngine.aspx -
2014-11-23 /ejn/ -
2014-11-23 /ejn/EJN_Home.aspx -
2014-11-23 /ejn/ -
2014-11-23 /ejn/EJN_Home.aspx -
2014-11-23 /ejn/EJN_Home.aspx -
2014-11-23 /ejn/EJN_Home.aspx -
2014-11-23 /ejn/EJN_Home.aspx -
2014-11-23 /ejn/ -
2014-11-23 /ejn/ -
2014-11-23 /ejn/ -
2014-11-23 /ejn/ -
2014-11-23 /ejn/ -
2014-11-23 /ejn/ -
2014-11-23 /ejn/libadvancedsearch.aspx -
2014-11-23 /ejn/EJN_Home.aspx -
2014-11-23 /ejn/EJN_Home.aspx -
2014-11-23 /ejn/ejn_home.aspx -
2014-11-23 /ejn/EJN_Home.aspx -
2014-11-23 /ejn/ -
2014-11-23 /ejn/EJN_Home.aspx -
2014-11-23 /ejn/EJN_AtlasAdvanced.aspx -
2014-11-23 /ejn/ -
2014-11-23 /ejn/EJN_Home.aspx -
2014-11-23 /ejn/ -
2014-11-23 /ejn/ -
2014-11-23 /ejn/EJN_StaticPage.aspx Bread=2
2014-11-23 /ejn/EJN_Home.aspx -
2014-11-23 /ejn/EJN_Home.aspx -
2014-11-23 /ejn/EJN_Home.aspx -
2014-11-23 /ejn/EJN_Home.aspx -
2014-11-23 /ejn/EJN_Home.aspx -
2014-11-23 /ejn/EJN_Home.aspx -
2014-11-23 /ejn/EJN_Home.aspx -
2014-11-23 /ejn/EJN_Home.aspx -
2014-11-23 /ejn/EJN_Home.aspx -
2014-11-23 /ejn/EJN_AtlasAdvanced.aspx -
2014-11-23 /ejn/EJN_Home.aspx -
2014-11-23 /default.aspx -
2014-11-23 /ejn/ -
2014-11-23 /ejn/EJN_Home.aspx -
2014-11-23 /ejn/ -
2014-11-23 /ejn/EJN_Home.aspx -
2014-11-23 /ejn/EJN_AtlasAdvanced.aspx -
2014-11-23 /ejn/EJN_Home.aspx -
2014-11-23 /ejn/EJN_Home.aspx -
2014-11-23 /ejn/EJN_Home.aspx -
2014-11-23 /ejn/EJN_Home.aspx -
2014-11-23 /ejn/libcategories.aspx Id=5
2014-11-23 /ejn/EJN_Home.aspx -
2014-11-23 /ejn/AtlasChooseMeasure.aspx Mp=1&Cou=PT&Type=2
2014-11-23 /ejn/libcategories.aspx Id=5
2014-11-23 /ejn/EJN_Home.aspx -
2014-11-23 /ejn/libdocumentproperties.aspx Id=571
2014-11-23 /ejn/libadvancedsearch.aspx -
2014-11-23 /ejn/libdocumentproperties.aspx Id=571
2014-11-23 /ejn/EJN_Home.aspx -
2014-11-23 /ejn/EJN_Home.aspx -
2014-11-23 /ejn/EJN_Home.aspx -
2014-11-23 /ejn/EJN_Home.aspx -
2014-11-23 /ejn/ -
2014-11-23 /ejn/EJN_Home.aspx -
2014-11-23 /ejn/ -
2014-11-23 /ejn/EJN_Home.aspx -
2014-11-23 /ejn/ -
2014-11-23 /ejn/EJN_Home.aspx -
2014-11-23 /ejn/ -
2014-11-23 /ejn/ -
2014-11-23 /ejn/ ++Culture:ESSessionId:huw23cvxyhdexy4tbo2obig5Date_Time:17:29
2014-11-23 /ejn/ -
2014-11-23 /ejn/EJN_Home.aspx -
2014-11-23 /EJN_StaticPage.aspx Bread=5
2014-11-23 /ejn/EJN_Home.aspx -
2014-11-23 /ejn/EJN_Home.aspx -
2014-11-23 /ejn/EJN_Home.aspx -
2014-11-23 /ejn/EJN_Home.aspx -
2014-11-23 /ejn/EJN_AtlasAdvanced.aspx -
2014-11-23 /ejn/EJN_Home.aspx -
2014-11-23 /ejn/ -
2014-11-23 /ejn/EJN_Home.aspx -
2014-11-23 /ejn/AtlasChooseCountry.aspx Type=2
2014-11-23 /ejn/AtlasChooseMeasure.aspx MP=1&Cou=FR
2014-11-23 /ejn/AtlasChooseMeasure.aspx MP=1&Cou=FR
2014-11-23 /ejn/AtlasChooseCountry.aspx Type=2
2014-11-23 /ejn/AtlasChooseMeasure.aspx MP=1&Cou=FR
2014-11-23 /ejn/EJN_FichesBelgesResult.aspx measure=104&country=273&other=-1
2014-11-23 /ejn/EJN_FichesBelgesResult.aspx measure=103&country=273&other=-1
2014-11-23 /ejn/EJN_Home.aspx -
2014-11-23 /ejn/ -
2014-11-23 /ejn/EJN_Home.aspx -
2014-11-23 /ejn/AtlasChooseCountry.aspx Type=2
2014-11-23 /ejn/AtlasChooseMeasure.aspx MP=1&Cou=DE
2014-11-23 /ejn/EJN_Home.aspx -
2014-11-23 /ejn/EJN_Library_StatusOfImpByCou.aspx CountryId=277
2014-11-23 /ejn/AtlasChooseMeasure.aspx MP=1&Cou=DE
2014-11-23 /ejn/EJN_FichesBelgesTable.aspx -
2014-11-23 /ejn/AtlasChooseMeasure.aspx MP=1&Cou=DE
2014-11-23 /ejn/EJN_FichesBelgesResult.aspx measure=104&country=277&other=-1
2014-11-23 /ejn/EJN_Home.aspx -
2014-11-23 /ejn/AtlasChooseCountry.aspx Type=2
2014-11-23 /ejn/AtlasChooseMeasure.aspx MP=1&Cou=FR
2014-11-23 /ejn/EJN_FichesBelgesTable.aspx -
2014-11-23 /ejn/AtlasChooseMeasure.aspx MP=1&Cou=FR
2014-11-23 /ejn/ -
2014-11-23 /ejn/ -
2014-11-23 /ejn/EJN_Home.aspx -
2014-11-23 /ejn/EJN_Compendium.aspx -
2014-11-23 /ejn/ctrls.compendium/IframeEngine.aspx -
2014-11-23 /ejn/AtlasChooseCountry.aspx Type=2
2014-11-23 /ejn/AtlasChooseCountry.aspx -
2014-11-23 /ejn/AtlasChooseMeasure.aspx MP=1&Cou=FR
2014-11-23 /ejn/EJN_FichesBelges.aspx -
2014-11-23 /ejn/EJN_Home.aspx -
2014-11-23 /ejn/ -
2014-11-23 /ejn/EJN_Home.aspx -
2014-11-23 /ejn/EJN_Home.aspx -
2014-11-23 /ejn/ -
2014-11-23 /ejn/ -
2014-11-23 /ejn/EJN_Home.aspx -
2014-11-23 /ejn/AtlasChooseCountry.aspx Type=2
2014-11-23 /ejn/AtlasChooseMeasure.aspx MP=1&Cou=FR
2014-11-23 /ejn/EJN_FichesBelgesResult.aspx measure=104&country=273&other=-1
2014-11-23 /ejn/EJN_FichesBelgesResult.aspx measure=101&country=273&other=-1
2014-11-23 /ejn/EJN_FichesBelgesGuide.aspx -
2014-11-23 /ejn/EJN_Home.aspx -
2014-11-23 /ejn/EJN_Home.aspx -
2014-11-23 /ejn/ -
2014-11-23 /ejn/ ++Culture:FRSessionId:aqgzxgvdpfbrdmf3yzxqoqj5Date_Time:18:00
2014-11-23 /ejn/EJN_StaticPage.aspx Bread=12
2014-11-23 /ejn/EJN_Home.aspx -
2014-11-23 /ejn/ -
2014-11-23 /ejn/ -
2014-11-23 /ejn/ -
2014-11-23 /ejn/AtlasChooseCountry.aspx Type=2
2014-11-23 /ejn/EJN_AtlasAdvanced.aspx -
2014-11-23 /ejn/EJN_Home.aspx -
2014-11-23 /ejn/EJN_Home.aspx -
2014-11-23 /ejn/EJN_Home.aspx -
2014-11-23 /ejn/ -
2014-11-23 /ejn/libshowdocument.aspx Id=222&Lang=LT
2014-11-23 /ejn/EJN_Home.aspx -
2014-11-23 /ejn/EJN_Home.aspx -
2014-11-23 /ejn/EJN_Home.aspx -
2014-11-23 /ejn/EJN_Home.aspx -
2014-11-23 /ejn/AtlasChooseCountry.aspx Type=2
2014-11-23 /ejn/EJN_Home.aspx -
2014-11-23 /ejn/EJN_Compendium.aspx -
2014-11-23 /ejn/ctrls.compendium/IframeEngine.aspx -
2014-11-23 /ejn/EJN_FichesBelges.aspx -
2014-11-23 /ejn/EJN_FichesBelges.aspx -
2014-11-23 /ejn/EJN_FichesBelges.aspx -
2014-11-23 /ejn/EJN_FichesBelges.aspx -
2014-11-23 /ejn/EJN_FichesBelgesResult.aspx measure=407&country=432&other=287
2014-11-23 /ejn/EJN_Home.aspx -
2014-11-23 /ejn/EJN_FichesBelges.aspx -
2014-11-23 /ejn/EJN_EAWWizard.aspx -
2014-11-23 /ejn/ctrls.eawwizard/IframeEngine.aspx -
2014-11-23 /ejn/AtlasChooseCountry.aspx Type=1
2014-11-23 /ejn/AtlasChooseCountry.aspx Type=1
2014-11-23 /ejn/AtlasChooseMeasure.aspx MP=0&Cou=295
2014-11-23 /ejn/AtlasSelection.aspx -
2014-11-23 /ejn/AtlasSelection.aspx -
2014-11-23 /ejn/AtlasSelection.aspx -
2014-11-23 /ejn/AtlasSelection.aspx -
2014-11-23 /ejn/AtlasSelection.aspx -
2014-11-23 /ejn/AtlasAuthorityData.aspx Id=5311
2014-11-23 /ejn/AtlasAuthorityData.aspx Id=5311
2014-11-23 /ejn/AtlasAuthorityData.aspx Id=5311
2014-11-23 /ejn/AtlasSelection.aspx -
2014-11-23 /ejn/AtlasSelection.aspx -
2014-11-23 /ejn/AtlasChooseAuthority.aspx -
2014-11-23 /ejn/EJN_Home.aspx -
2014-11-23 /ejn/AtlasSelection.aspx -
2014-11-23 /ejn/AtlasSelection.aspx -
2014-11-23 /ejn/AtlasSelection.aspx -
2014-11-23 /ejn/AtlasSelection.aspx -
2014-11-23 /ejn/AtlasAuthorityData.aspx Id=5311
2014-11-23 /ejn/AtlasChooseCountry.aspx Type=1
2014-11-23 /ejn/AtlasChooseMeasure.aspx MP=0&Cou=287
2014-11-23 /ejn/AtlasSelection.aspx -
2014-11-23 /ejn/AtlasAuthorityData.aspx Id=2587
2014-11-23 /ejn/AtlasAuthorityData.aspx Id=2587
2014-11-23 /ejn/AtlasAuthorityData.aspx Id=2587
2014-11-23 /ejn/AtlasChooseCountry.aspx Type=1
2014-11-23 /ejn/AtlasChooseMeasure.aspx MP=0&Cou=432
2014-11-23 /ejn/EJN_Home.aspx -
2014-11-23 /ejn/ -
2014-11-23 /ejn/EJN_Home.aspx -
2014-11-23 /ejn/EJN_Home.aspx -
2014-11-23 /about-ejn.aspx -
2014-11-23 /ejn/EJN_Home.aspx -
2014-11-23 /ejn/EJN_Home.aspx -
2014-11-23 /ejn/EJN_AtlasAdvanced.aspx -
2014-11-23 /ejn/EJN_Home.aspx -
2014-11-23 /ejn/EJN_Home.aspx -
2014-11-23 /ejn/EJN_Home.aspx -
2014-11-23 /ejn/EJN_Home.aspx -
2014-11-23 /ejn/EJN_Home.aspx -
2014-11-23 /ejn/ -
2014-11-23 /ejn/EJN_Home.aspx -
2014-11-23 /ejn/EJN_Home.aspx -
2014-11-23 /ejn/EJN_Home.aspx -
2014-11-23 /ejn/Events.aspx id=7
2014-11-23 /ejn/EJN_Home.aspx -
2014-11-23 /ejn/EJN_Home.aspx -
2014-11-23 /ejn/EJN_Home.aspx -
2014-11-23 /ejn/EJN_Home.aspx -
2014-11-23 /ejn/EJN_Home.aspx -
2014-11-23 /ejn/EJN_Home.aspx -
2014-11-23 /ejn/EJN_Home.aspx -
2014-11-23 /ejn/EJN_Home.aspx -
2014-11-23 /ejn/EJN_Home.aspx -
2014-11-23 /ejn/EJN_Home.aspx -
2014-11-23 /ejn/EJN_Home.aspx -
2014-11-23 /ejn/EJN_Home.aspx -
2014-11-23 /ejn/EJN_Home.aspx -
2014-11-23 /ejn/libshowdocument.aspx Id=221&Lang=SV
2014-11-23 /ejn/EJN_Home.aspx -
2014-11-23 /ejn/ -
2014-11-23 /ejn/EJN_QuickLinks.aspx id=24
2014-11-23 /ejn/EJN_Home.aspx -
2014-11-23 /ejn/ -
2014-11-23 /ejn/EJN_Home.aspx -
2014-11-23 /ejn/EJN_AtlasAdvanced.aspx -
2014-11-23 /ejn/EJN_Home.aspx -
2014-11-23 /ejn/ -
2014-11-23 /ejn/ -
2014-11-23 /ejn/AtlasChooseCountry.aspx Type=2
2014-11-23 /ejn/AtlasChooseMeasure.aspx MP=1&Cou=LV
2014-11-23 /ejn/AtlasChooseMeasure.aspx MP=1&Cou=LV
2014-11-23 /ejn/AtlasChooseMeasure.aspx MP=1&Cou=LV
2014-11-23 /ejn/AtlasSelection.aspx -
2014-11-23 /ejn/AtlasSelection.aspx -
2014-11-23 /ejn/AtlasSelection.aspx -
2014-11-23 /ejn/AtlasAuthorityData.aspx Id=1749
2014-11-23 /ejn/EJN_Home.aspx -
2014-11-23 /ejn/EJN_Home.aspx -
2014-11-23 /ejn/EJN_Home.aspx -
2014-11-23 /ejn/EJN_Home.aspx -
2014-11-23 /ejn/EJN_Home.aspx -
2014-11-23 /ejn/NewsAll.aspx Id=2
2014-11-23 /ejn/EJN_Home.aspx -
2014-11-23 /ejn/EJN_Home.aspx -
2014-11-23 /ejn/EJN_Home.aspx -
2014-11-23 /ejn/EJN_FichesBelges.aspx -
2014-11-23 /ejn/EJN_Home.aspx -
2014-11-23 /ejn/Events.aspx id=7
2014-11-23 /ejn/EJN_Home.aspx -
2014-11-23 /ejn/EJN_Home.aspx -
2014-11-23 /ejn/EJN_Home.aspx -
2014-11-23 /ejn/EJN_Home.aspx -
2014-11-23 /ejn/EJN_Home.aspx -
2014-11-23 /ejn/EJN_Home.aspx -
2014-11-23 /ejn/ -
2014-11-23 /ejn/AtlasChooseCountry.aspx -
2014-11-23 /ejn/EJN_Home.aspx -
2014-11-23 /ejn/AtlasChooseMeasure.aspx Mp=1&Cou=DE&Type=2
2014-11-23 /ejn/EJN_Home.aspx -
2014-11-23 /ejn/libshowdocument.aspx Id=13&Lang=EL
2014-11-23 /ejn/AtlasChooseMeasure.aspx MP=0&Cou=313
2014-11-23 /ejn/EJN_Home.aspx -
2014-11-23 /ejn/EJN_Home.aspx -
2014-11-23 /ejn/EJN_Home.aspx -
2014-11-23 /ejn/EJN_Home.aspx -
2014-11-23 /ejn/EJN_Home.aspx -
2014-11-23 /ejn/EJN_AtlasAdvanced.aspx -
2014-11-23 /ejn/EJN_Home.aspx -
2014-11-23 /ejn/EJN_Home.aspx -
2014-11-23 /ejn/EJN_Home.aspx -
2014-11-23 /ejn/Events.aspx event=184
2014-11-23 /ejn/EJN_Home.aspx -
2014-11-23 /ejn/EJN_Home.aspx -
2014-11-23 /ejn/ -
2014-11-23 /ejn/libdocumentproperties.aspx Id=400
2014-11-23 /ejn/EJN_Home.aspx -
2014-11-23 /ejn/EJN_Home.aspx -
2014-11-23 /ejn/EJN_Home.aspx -
2014-11-23 /ejn/sitemap.aspx -
2014-11-23 /ejn/EJN_Home.aspx -
2014-11-23 /ejn/EJN_Home.aspx -
2014-11-23 /ejn/EJN_Home.aspx -
2014-11-23 /ejn/EJN_Home.aspx -
2014-11-23 /ejn/EJN_Home.aspx -
2014-11-23 /ejn/EJN_Home.aspx -
2014-11-23 /ejn/EJN_Home.aspx -
2014-11-23 /ejn/EJN_Home.aspx -
2014-11-23 /ejn/EJN_Home.aspx -
2014-11-23 /EAW_atlas.aspx -
2014-11-23 /ejn/EJN_Home.aspx -
2014-11-23 /ejn/EJN_FichesBelges.aspx -
2014-11-23 /ejn/EJN_Home.aspx -
2014-11-23 /ejn/EJN_FichesBelges.aspx -
2014-11-23 /ejn/EJN_Home.aspx -
2014-11-23 /ejn/EJN_Home.aspx -
2014-11-23 /ejn/libshowdocument.aspx Id=222&Lang=SL
2014-11-23 /ejn/ -
2014-11-23 /ejn/EJN_Home.aspx -
2014-11-23 /ejn/AtlasChooseCountry.aspx Type=2
2014-11-23 /ejn/AtlasChooseCountry.aspx Type=2++Culture:ROSessionId:uses4ftdwunoti1eyxyys4dfDate_Time:20:00
2014-11-23 /ejn/libcategories.aspx -
2014-11-23 /ejn/libcategories.aspx Id=1
2014-11-23 /ejn/libcategories.aspx Id=19
2014-11-23 /ejn/libcategories.aspx Id=51
2014-11-23 /ejn/libcategories.aspx Id=51
2014-11-23 /ejn/libcategories.aspx Id=9
2014-11-23 /ejn/libdocumentproperties.aspx Id=16
2014-11-23 /ejn/libdocumentproperties.aspx Id=16
2014-11-23 /ejn/libdocumentproperties.aspx Id=16
2014-11-23 /ejn/EJN_Home.aspx -
2014-11-23 /ejn/libcategories.aspx Id=51
2014-11-23 /ejn/libcategories.aspx Id=19
2014-11-23 /ejn/libcategories.aspx Id=51
2014-11-23 /ejn/libcategories.aspx Id=51
2014-11-23 /ejn/libcategories.aspx Id=9
2014-11-23 /ejn/ -
2014-11-23 /ejn/libcategories.aspx Id=9
2014-11-23 /ejn/libcategories.aspx Id=51
2014-11-23 /ejn/libcategories.aspx Id=51
2014-11-23 /ejn/libcategories.aspx Id=10
2014-11-23 /ejn/libcategories.aspx Id=51
2014-11-23 /ejn/libcategories.aspx Id=9
2014-11-23 /ejn/libcategories.aspx Id=51
2014-11-23 /ejn/libcategories.aspx Id=19
2014-11-23 /ejn/libcategories.aspx Id=1
2014-11-23 /ejn/libcategories.aspx -
2014-11-23 /ejn/libcategories.aspx Id=2
2014-11-23 /ejn/AtlasChooseCountry.aspx Type=2
2014-11-23 /ejn/AtlasChooseMeasure.aspx MP=0&Cou=293
2014-11-23 /ejn/EJN_AtlasAdvanced.aspx -
2014-11-23 /ejn/AtlasChooseCountry.aspx Type=2
2014-11-23 /ejn/ -
2014-11-23 /ejn/EJN_StaticPage.aspx Bread=11
2014-11-23 /ejn/ -
2014-11-23 /ejn/NewsAll.aspx Id=4
2014-11-23 /ejn/EJN_EAWWizard.aspx -
2014-11-23 /ejn/EJN_EAWWizard.aspx -
2014-11-23 /ejn/EJN_EAWWizard.aspx -
2014-11-23 /ejn/EJN_EAWWizard.aspx -
2014-11-23 /ejn/ctrls.eawwizard/IframeEngine.aspx -
2014-11-23 /EJN_StaticPage.aspx Bread=28
2014-11-23 /ejn/ -
2014-11-23 /ejn/EJN_Home.aspx -
2014-11-23 /ejn/libcategories.aspx -
2014-11-23 /ejn/libcategories.aspx Id=7
2014-11-23 /ejn/libcategories.aspx Id=5
2014-11-23 /ejn/ -
2014-11-23 /ejn/ -
2014-11-23 /ejn/EJN_Home.aspx -
2014-11-23 /ejn/AtlasChooseCountry.aspx -
2014-11-23 /ejn/EJN_Home.aspx -
2014-11-23 /ejn/EJN_Home.aspx -
2014-11-23 /ejn/EJN_Home.aspx -
2014-11-23 /default.aspx -
2014-11-23 /ejn/EJN_Home.aspx -
2014-11-23 /ejn/EJN_Home.aspx -
2014-11-23 /ejn/EJN_Home.aspx -
2014-11-23 /ejn/EJN_Home.aspx -
2014-11-23 /ejn/ -
2014-11-23 /ejn/EJN_StaticPage.aspx Bread=27
2014-11-23 /ejn/EJN_Home.aspx -
2014-11-23 /ejn/ -
2014-11-23 /ejn/EJN_Home.aspx -
2014-11-23 /ejn/EJN_Login.aspx -
2014-11-23 /ejn/ -
2014-11-23 /ejn/libcategories.aspx -
2014-11-23 /ejn/libcategories.aspx Id=1
2014-11-23 /ejn/libcategories.aspx Id=19
2014-11-23 /ejn/libcategories.aspx Id=51
2014-11-23 /ejn/libcategories.aspx Id=57
2014-11-23 /ejn/libcategories.aspx Id=57
2014-11-23 /ejn/libcategories.aspx Id=58
2014-11-23 /ejn/libcategories.aspx Id=58
2014-11-23 /ejn/libshowdocument.aspx Id=446&Lang=RO
2014-11-23 /ejn/libcategories.aspx Id=51
2014-11-23 /ejn/libshowdocument.aspx Id=446&Lang=RO
2014-11-23 /ejn/EJN_EAWWizard.aspx -
2014-11-23 /ejn/ctrls.eawwizard/IframeEngine.aspx -
2014-11-23 /ejn/EJN_Home.aspx -
2014-11-23 /ejn/EJN_StaticPage.aspx Bread=2
2014-11-23 /ejn/libcategories.aspx Id=32
2014-11-23 /ejn/EJN_StaticPage.aspx Bread=2
2014-11-23 /ejn/libcategories.aspx -
2014-11-23 /ejn/libcategories.aspx Id=3
2014-11-23 /ejn/libdocumentproperties.aspx Id=453
2014-11-23 /ejn/libcategories.aspx Id=4
2014-11-23 /ejn/ -
2014-11-23 /ejn/EJN_QuickLinks.aspx -
2014-11-23 /ejn/EJN_Home.aspx -
2014-11-23 /ejn/EJN_StaticPage.aspx Bread=22
2014-11-23 /ejn/EJN_Home.aspx -
2014-11-23 /ejn/EJN_AtlasAdvanced.aspx -
2014-11-23 /ejn/EJN_Home.aspx -
2014-11-23 /ejn/EJN_QuickLinks.aspx -
2014-11-23 /ejn/ -
2014-11-23 /ejn/ -
2014-11-23 /ejn/EJN_Home.aspx -
2014-11-23 /ejn/EJN_Home.aspx -
2014-11-23 /ejn/EJN_Home.aspx -
2014-11-23 /ejn/EJN_Home.aspx -
2014-11-23 /ejn/ -
2014-11-23 /ejn/ -
2014-11-23 /ejn/ ++Culture:ROSessionId:q4ms2k3lgmr2xcqt0aw3yxs3Date_Time:20:46
2014-11-23 /ejn/AtlasChooseCountry.aspx Type=2
2014-11-23 /ejn/ -
2014-11-23 /ejn/libcategories.aspx -
2014-11-23 /ejn/libcategories.aspx Id=7
2014-11-23 /ejn/libcategories.aspx Id=8
2014-11-23 /ejn/libcategories.aspx Id=1
2014-11-23 /ejn/libcategories.aspx Id=1
2014-11-23 /ejn/libcategories.aspx Id=19
2014-11-23 /ejn/libcategories.aspx Id=20
2014-11-23 /ejn/libcategories.aspx Id=20
2014-11-23 /ejn/libcategories.aspx Id=9
2014-11-23 /ejn/libcategories.aspx Id=129
2014-11-23 /ejn/libcategories.aspx Id=20
2014-11-23 /ejn/EJN_Home.aspx -
2014-11-23 /ejn/libcategories.aspx Id=1
2014-11-23 /ejn/libcategories.aspx -
2014-11-23 /ejn/ -
2014-11-23 /ejn/EJN_FichesBelges.aspx -
2014-11-23 /ejn/ -
2014-11-23 /ejn/AtlasChooseCountry.aspx Type=2
2014-11-23 /ejn/AtlasChooseMeasure.aspx MP=0&Cou=354
2014-11-23 /ejn/AtlasChooseMeasure.aspx MP=0&Cou=354
2014-11-23 /ejn/AtlasChooseMeasure.aspx MP=0&Cou=354
2014-11-23 /ejn/EJN_FichesBelgesResult.aspx measure=104&country=354&other=-1
2014-11-23 /ejn/AtlasChooseCountry.aspx Type=2
2014-11-23 /ejn/ -
2014-11-23 /ejn/EJN_QuickLinks.aspx id=28
2014-11-23 /ejn/libcategories.aspx Id=2
2014-11-23 /ejn/EJN_Library_StatusOfImpByCat.aspx CategoryId=14
2014-11-23 /ejn/EJN_Home.aspx -
2014-11-23 /ejn/EJN_QuickLinks.aspx id=28
2014-11-23 /ejn/EJN_QuickLinks.aspx -
2014-11-23 /ejn/EJN_QuickLinks.aspx id=28
2014-11-23 /ejn/ -
2014-11-23 /ejn/EJN_InfoAbout.aspx Id=295
2014-11-23 /ejn/libshowdocument.aspx Id=13&Lang=EL
2014-11-23 /ejn/ -
2014-11-23 /ejn/ -
2014-11-23 /ejn/EJN_Home.aspx -
2014-11-23 /ejn/EJN_Home.aspx -
2014-11-23 /ejn/EJN_Home.aspx -
2014-11-23 /ejn/EJN_Home.aspx -
2014-11-23 /ejn/EJN_Home.aspx -
2014-11-23 /ejn/EJN_Home.aspx -
2014-11-23 /ejn/ -
2014-11-23 /ejn/ ++Culture:ESSessionId:pukv4hryxrxh4hudhsbz5hlpDate_Time:21:02
2014-11-23 /ejn/EJN_Home.aspx -
2014-11-23 /ejn/ -
2014-11-23 /ejn/ -
2014-11-23 /ejn/ -
2014-11-23 /ejn/EJN_AtlasAdvanced.aspx -
2014-11-23 /ejn/EJN_Home.aspx -
2014-11-23 /ejn/EJN_Home.aspx -
2014-11-23 /ejn/EJN_Home.aspx -
2014-11-23 /ejn/EJN_Home.aspx -
2014-11-23 /ejn/EJN_Home.aspx -
2014-11-23 /ejn/EJN_Home.aspx -
2014-11-23 /ejn/EJN_Home.aspx -
2014-11-23 /ejn/ -
2014-11-23 /ejn/EJN_Home.aspx -
2014-11-23 /ejn/EJN_Home.aspx -
2014-11-23 /ejn/EJN_StaticPage.aspx Bread=34
2014-11-23 /ejn/EJN_Home.aspx -
2014-11-23 /ejn/EJN_Home.aspx -
2014-11-23 /ejn/EJN_AtlasAdvanced.aspx -
2014-11-23 /ejn/EJN_Home.aspx -
2014-11-23 /ejn/EJN_Home.aspx -
2014-11-23 /ejn/EJN_Home.aspx -
2014-11-23 /ejn/EJN_Home.aspx -
2014-11-23 /ejn/EJN_Home.aspx -
2014-11-23 /ejn/EJN_Home.aspx -
2014-11-23 /ejn/EJN_Home.aspx -
2014-11-23 /ejn/EJN_Home.aspx -
2014-11-23 /ejn/EJN_Home.aspx -
2014-11-23 /ejn/EJN_Home.aspx -
2014-11-23 /ejn/EJN_Home.aspx -
2014-11-23 /ejn/ -
2014-11-23 /ejn/EJN_Home.aspx -
2014-11-23 /ejn/EJN_Home.aspx -
2014-11-23 /ejn/EJN_Home.aspx -
2014-11-23 /ejn/EJN_Home.aspx -
2014-11-23 /ejn/EJN_Home.aspx -
2014-11-23 /ejn/EJN_Home.aspx -
2014-11-23 /ejn/EJN_Home.aspx -
2014-11-23 /ejn/EJN_Home.aspx -
2014-11-23 /ejn/ -
2014-11-23 /ejn/EJN_AtlasAdvanced.aspx -
2014-11-23 /ejn/EJN_Home.aspx -
2014-11-23 /ejn/NewsDetail.aspx id=321&Ori=H
2014-11-23 /ejn/EJN_Home.aspx -
2014-11-23 /ejn/EJN_Home.aspx -
2014-11-23 /ejn/EJN_Home.aspx -
2014-11-23 /ejn/EJN_Home.aspx -
2014-11-23 /ejn/ -
2014-11-23 /ejn/EJN_Home.aspx -
2014-11-23 /ejn/EJN_Home.aspx -
2014-11-23 /ejn/EJN_Home.aspx -
2014-11-23 /ejn/EJN_Home.aspx -
2014-11-23 /ejn/ -
2014-11-23 /ejn/EJN_Home.aspx -
2014-11-23 /ejn/ -
2014-11-23 /ejn/EJN_InfoAbout.aspx Id=239
2014-11-23 /ejn/EJN_Home.aspx -
2014-11-23 /ejn/EJN_InfoAbout.aspx Id=239
2014-11-23 /ejn/EJN_InfoAbout.aspx Id=239
2014-11-23 /ejn/EJN_Home.aspx -
2014-11-23 /ejn/EJN_Home.aspx -
2014-11-23 /ejn/EJN_Home.aspx -
2014-11-23 /ejn/EJN_AtlasAdvanced.aspx -
2014-11-23 /ejn/EJN_Home.aspx -
2014-11-23 /ejn/EJN_Home.aspx -
2014-11-23 /ejn/EJN_Home.aspx -
2014-11-23 /ejn/ -
2014-11-23 /ejn/AtlasChooseMeasure.aspx MP=1&Cou=UK&Type=2
2014-11-23 /ejn/AtlasChooseMeasure.aspx MP=1&Cou=UK&Type=2
2014-11-23 /ejn/EJN_FichesBelgesResult.aspx measure=302&country=395&other=-1
2014-11-23 /ejn/EJN_Home.aspx -
2014-11-23 /ejn/EJN_Home.aspx -
2014-11-23 /ejn/EJN_Home.aspx -
2014-11-23 /ejn/EJN_Home.aspx -
2014-11-23 /ejn/EJN_Home.aspx -
2014-11-23 /ejn/EJN_Home.aspx -
2014-11-23 /ejn/EJN_Home.aspx -
2014-11-23 /ejn/EJN_Home.aspx -
2014-11-23 /ejn/EJN_Home.aspx -
2014-11-23 /ejn/EJN_Home.aspx -
2014-11-23 /ejn/EJN_Home.aspx -
2014-11-23 /ejn/ -
2014-11-23 /ejn/EJN_AtlasAdvanced.aspx -
2014-11-23 /ejn/EJN_Home.aspx -
2014-11-23 /ejn/EJN_StaticPage.aspx Bread=10
2014-11-23 /ejn/EJN_Home.aspx -
2014-11-23 /ejn/EJN_FichesBelges.aspx -
2014-11-23 /ejn/EJN_FichesBelges.aspx -
2014-11-23 /ejn/EJN_FichesBelges.aspx -
2014-11-23 /ejn/EJN_Home.aspx -
2014-11-23 /ejn/AtlasChooseCountry.aspx Type=2
2014-11-23 /ejn/AtlasChooseCountry.aspx Type=2
2014-11-23 /ejn/AtlasChooseMeasure.aspx MP=0&Cou=295
2014-11-23 /ejn/EJN_Home.aspx -
2014-11-23 /ejn/AtlasChooseMeasure.aspx MP=0&Cou=295
2014-11-23 /ejn/AtlasChooseMeasure.aspx MP=0&Cou=295
2014-11-23 /ejn/AtlasChooseMeasure.aspx MP=0&Cou=295
2014-11-23 /ejn/AtlasChooseMeasure.aspx MP=0&Cou=295
2014-11-23 /ejn/AtlasSelection.aspx -
2014-11-23 /ejn/AtlasChooseAuthority.aspx -
2014-11-23 /ejn/AtlasChooseAuthority.aspx/GetLocations -
2014-11-23 /ejn/AtlasChooseAuthority.aspx/GetLocations -
2014-11-23 /ejn/AtlasChooseAuthority.aspx -
2014-11-23 /ejn/AtlasAuthorityData.aspx Id=4784
2014-11-23 /ejn/libcategories.aspx Id=2
2014-11-23 /ejn/EJN_Home.aspx -
2014-11-23 /ejn/EJN_Library_StatusOfImpByCat.aspx CategoryId=104
2014-11-23 /ejn/EJN_Home.aspx -
2014-11-23 /ejn/EJN_Home.aspx -
2014-11-23 /ejn/EJN_Library_StatusOfImpByCat.aspx CategoryId=53
2014-11-23 /ejn/EJN_Library_StatusOfImpByCat.aspx CategoryId=42
2014-11-23 /ejn/EJN_Library_StatusOfImpByCat.aspx CategoryId=42
2014-11-23 /ejn/EJN_Error.aspx -
2014-11-23 /ejn/libdocumentproperties.aspx Id=1384
2014-11-23 /ejn/libdocumentproperties.aspx Id=1384
2014-11-23 /ejn/EJN_Home.aspx -
2014-11-23 /ejn/libdocumentproperties.aspx Id=1171
2014-11-23 /ejn/libdocumentproperties.aspx Id=1171
2014-11-23 /ejn/EJN_Home.aspx -
2014-11-23 /ejn/EJN_Library_RatificationsByCou.aspx -
2014-11-23 /ejn/EJN_Library_StatusOfImpByCat.aspx CategoryId=38
2014-11-23 /ejn/EJN_Library_StatusOfImpByCat.aspx CategoryId=34
2014-11-23 /ejn/EJN_Home.aspx -
2014-11-23 /ejn/ -
2014-11-23 /ejn/EJN_Library_StatusOfImpByCat.aspx CategoryId=54
2014-11-23 /ejn/EJN_Library_StatusOfImpByCat.aspx CategoryId=24
2014-11-23 /ejn/libcategories.aspx id=2
2014-11-23 /ejn/libcategories.aspx -
2014-11-23 /ejn/libcategories.aspx Id=1
2014-11-23 /ejn/AtlasChooseCountry.aspx Type=1
2014-11-23 /ejn/AtlasChooseCountry.aspx Type=1
2014-11-23 /ejn/AtlasChooseMeasure.aspx MP=0&Cou=295
2014-11-23 /ejn/AtlasSelection.aspx -
2014-11-23 /ejn/EJN_EAWWizard.aspx -
2014-11-23 /ejn/ctrls.eawwizard/IframeEngine.aspx -
2014-11-23 /ejn/libcategories.aspx Id=4
2014-11-23 /ejn/libdocumentproperties.aspx Id=320
2014-11-23 /ejn/EJN_Home.aspx -
2014-11-23 /ejn/EJN_Home.aspx -
2014-11-23 / -
2014-11-23 / -
2014-11-23 /ejn/EJN_Home.aspx -
2014-11-23 /ejn/EJN_AtlasAdvanced.aspx -
2014-11-23 /ejn/EJN_Home.aspx -
2014-11-23 /ejn/EJN_Home.aspx -
2014-11-23 /ejn/EJN_Home.aspx -
2014-11-23 /ejn/EJN_Home.aspx -
2014-11-23 /ejn/EJN_Home.aspx -
2014-11-23 /ejn/EJN_Home.aspx -
2014-11-23 /Events.aspx event=296
2014-11-23 /ejn/EJN_Home.aspx -
2014-11-23 /ejn/sitemap.aspx -
2014-11-23 /ejn/EJN_Home.aspx -
2014-11-23 /ejn/EJN_Home.aspx -
2014-11-23 /ejn/EJN_Home.aspx -
2014-11-23 /ejn/EJN_Home.aspx -
2014-11-23 /ejn/EJN_Home.aspx -
2014-11-23 /ejn/EJN_Home.aspx -
2014-11-23 /ejn/EJN_Home.aspx -
2014-11-23 /ejn/EJN_Home.aspx -
2014-11-23 /ejn/EJN_Home.aspx -
2014-11-23 /ejn/EJN_Home.aspx -
2014-11-23 /ejn/EJN_Home.aspx -
2014-11-23 /ejn/EJN_Home.aspx -
2014-11-23 /ejn/EJN_Home.aspx -
2014-11-23 /ejn/EJN_Home.aspx -
2014-11-23 /ejn/EJN_Home.aspx -
2014-11-23 /ejn/EJN_Home.aspx -
2014-11-23 /ejn/ -
2014-11-23 /ejn/EJN_AtlasAdvanced.aspx -
2014-11-23 /ejn/EJN_Home.aspx -
2014-11-23 /ejn/EJN_Home.aspx -
2014-11-23 /ejn/EJN_Home.aspx -
2014-11-23 /ejn/EJN_Home.aspx -
2014-11-23 /ejn/EJN_Home.aspx -
2014-11-23 /ejn/EJN_Home.aspx -
2014-11-23 /ejn/EJN_Home.aspx -
2014-11-23 /ejn/ -
2014-11-23 /ejn/EJN_Home.aspx -
2014-11-23 /ejn/EJN_Home.aspx -
2014-11-23 /ejn/EJN_Home.aspx -
2014-11-23 /ejn/EJN_AtlasAdvanced.aspx -
2014-11-23 /ejn/EJN_Home.aspx -
2014-11-23 /ejn/EJN_Home.aspx -
2014-11-23 /ejn/EJN_Home.aspx -
2014-11-23 /ejn/EJN_Home.aspx -
2014-11-23 /ejn/EJN_Home.aspx -
2014-11-23 /ejn/EJN_Home.aspx -
2014-11-23 /ejn/EJN_Home.aspx -
2014-11-23 /ejn/Events.aspx event=267
2014-11-23 /ejn/EJN_Home.aspx -
2014-11-23 /ejn/NewsDetail.aspx id=81&Ori=H
2014-11-23 /ejn/EJN_Home.aspx -
2014-11-23 /ejn/EJN_Home.aspx -
2014-11-23 /ejn/EJN_Home.aspx -
2014-11-23 /ejn/EJN_Home.aspx -
2014-11-23 /ejn/EJN_Home.aspx -
2014-11-23 /ejn/EJN_Home.aspx -
2014-11-23 /ejn/EJN_Home.aspx -
2014-11-23 /ejn/EJN_Home.aspx -
2014-11-23 /ejn/EJN_Home.aspx -
