2014-12-28 /ejn/EJN_Home.aspx -
2014-12-28 /ejn/EJN_Home.aspx -
2014-12-28 /ejn/EJN_Home.aspx -
2014-12-28 /ejn/EJN_Home.aspx -
2014-12-28 /ejn/EJN_StaticPage.aspx Bread=18
2014-12-28 /ejn/EJN_Home.aspx -
2014-12-28 /ejn/ -
2014-12-28 /ejn/EJN_Home.aspx -
2014-12-28 /ejn/EJN_Home.aspx -
2014-12-28 /ejn/EJN_Home.aspx -
2014-12-28 /ejn/EJN_EAWAtlas.aspx -
2014-12-28 /ejn/EJN_Error.aspx -
2014-12-28 /ejn/EJN_Home.aspx -
2014-12-28 /ejn/EJN_AtlasAdvanced.aspx -
2014-12-28 /ejn/EJN_Home.aspx -
2014-12-28 /ejn/NewsDetail.aspx id=73&Ori=H
2014-12-28 /ejn/EJN_Home.aspx -
2014-12-28 /ejn/EJN_Home.aspx -
2014-12-28 /ejn/EJN_Home.aspx -
2014-12-28 /ejn/EJN_Home.aspx -
2014-12-28 /ejn/EJN_AtlasAdvanced.aspx -
2014-12-28 /ejn/EJN_Home.aspx -
2014-12-28 /ejn/EJN_AtlasAdvanced.aspx -
2014-12-28 /ejn/EJN_StaticPage.aspx Bread=23
2014-12-28 /ejn/EJN_Home.aspx -
2014-12-28 /ejn/EJN_Home.aspx -
2014-12-28 /ejn/EJN_Home.aspx -
2014-12-28 /ejn/EJN_Home.aspx -
2014-12-28 /ejn/libshowdocument.aspx Id=222&Lang=LT
2014-12-28 /ejn/NewsDetail.aspx Ori=H&id=245
2014-12-28 /ejn/EJN_Home.aspx -
2014-12-28 /ejn/EJN_Home.aspx -
2014-12-28 /ejn/ -
2014-12-28 /ejn/EJN_Home.aspx -
2014-12-28 /ejn/EJN_Home.aspx -
2014-12-28 /ejn/EJN_Home.aspx -
2014-12-28 /ejn/EJN_AtlasAdvanced.aspx -
2014-12-28 /ejn/EJN_Home.aspx -
2014-12-28 /ejn/EJN_Home.aspx -
2014-12-28 /ejn/EJN_Home.aspx -
2014-12-28 /ejn/EJN_Home.aspx -
2014-12-28 /ejn/NewsAll.aspx Id=2
2014-12-28 /ejn/EJN_Home.aspx -
2014-12-28 /ejn/EJN_Home.aspx -
2014-12-28 /ejn/EJN_Home.aspx -
2014-12-28 /ejn/EJN_Home.aspx -
2014-12-28 /ejn/EJN_Home.aspx -
2014-12-28 /ejn/libcategories.aspx Id=36
2014-12-28 /ejn/EJN_Home.aspx -
2014-12-28 /ejn/NewsDetail.aspx id=346&Ori=H
2014-12-28 /ejn/ -
2014-12-28 /ejn/EJN_Home.aspx -
2014-12-28 /ejn/NewsDetail.aspx id=344&Ori=H
2014-12-28 /ejn/EJN_Home.aspx -
2014-12-28 /ejn/EJN_Home.aspx -
2014-12-28 /ejn/EJN_Home.aspx -
2014-12-28 /ejn/EJN_AtlasAdvanced.aspx -
2014-12-28 /ejn/libshowdocument.aspx Id=197&Lang=CS
2014-12-28 /ejn/libshowdocument.aspx Id=197&Lang=CS
2014-12-28 /ejn/EJN_Home.aspx -
2014-12-28 /ejn/libshowdocument.aspx Id=13&Lang=LV
2014-12-28 /ejn/EJN_Home.aspx -
2014-12-28 /ejn/EJN_Home.aspx -
2014-12-28 /ejn/EJN_Home.aspx -
2014-12-28 /ejn/EJN_StaticPage.aspx Bread=27
2014-12-28 /ejn/EJN_Home.aspx -
2014-12-28 /ejn/EJN_Home.aspx -
2014-12-28 /ejn/EJN_StaticPage.aspx Bread=34
2014-12-28 /ejn/EJN_Home.aspx -
2014-12-28 /ejn/EJN_Home.aspx -
2014-12-28 /ejn/ -
2014-12-28 /ejn/EJN_Home.aspx -
2014-12-28 /ejn/EJN_Home.aspx -
2014-12-28 /ejn/EJN_AtlasAdvanced.aspx -
2014-12-28 /ejn/libcategories.aspx Id=25
2014-12-28 /ejn/EJN_Home.aspx -
2014-12-28 /ejn/libshowdocument.aspx Id=222&Lang=LT
2014-12-28 /ejn/EJN_News.aspx -
2014-12-28 /ejn/EJN_News.aspx -
2014-12-28 /ejn/ejn_staticpage_9.aspx Bread=9
2014-12-28 /ejn/ejn_staticpage_9.aspx Bread=9
2014-12-28 /ejn/EJN_Home.aspx -
2014-12-28 /ejn/EJN_StaticPage.aspx Bread=4
2014-12-28 /ejn/EJN_Home.aspx -
2014-12-28 /ejn/ -
2014-12-28 /ejn/EJN_Home.aspx -
2014-12-28 /ejn/ -
2014-12-28 /ejn/EJN_Home.aspx -
2014-12-28 /ejn/EJN_StaticPage.aspx Bread=4
2014-12-28 /ejn/EJN_Faqs.aspx -
2014-12-28 /ejn/ -
2014-12-28 /ejn/EJN_Search.aspx -
2014-12-28 /ejn/EJN_StaticPage.aspx Bread=7
2014-12-28 /ejn/EJN_ContactUs.aspx &KeepThis=true&TB_iframe=true&height=650&width=900
2014-12-28 /ejn/EJN_StaticPage.aspx Bread=8
2014-12-28 /ejn/EJN_Home.aspx -
2014-12-28 /ejn/ejn_home.aspx -
2014-12-28 /ejn/sitemap.aspx -
2014-12-28 /ejn/EJN_Home.aspx -
2014-12-28 /ejn/ -
2014-12-28 /ejn/libcategories.aspx Id=32
2014-12-28 /ejn/libcategories.aspx Id=34
2014-12-28 /ejn/libcategories.aspx Id=25
2014-12-28 /ejn/EJN_StaticPage.aspx Bread=2
2014-12-28 /ejn/EJN_StaticPage.aspx Bread=9
2014-12-28 /ejn/EJN_StaticPage.aspx Bread=39
2014-12-28 /ejn/libcategories.aspx Id=24
2014-12-28 /ejn/AtlasChooseMeasure.aspx MP=1&Cou=UK&Type=2
2014-12-28 /ejn/libcategories.aspx Id=14
2014-12-28 /ejn/EJN_Home.aspx -
2014-12-28 /ejn/EJN_StaticPage.aspx Bread=13
2014-12-28 /ejn/EJN_StaticPage.aspx Bread=14
2014-12-28 /ejn/EJN_StaticPage.aspx Bread=21
2014-12-28 /ejn/EJN_StaticPage.aspx Bread=17
2014-12-28 /ejn/EJN_StaticPage.aspx Bread=16
2014-12-28 /ejn/EJN_Secretariat.aspx -
2014-12-28 /ejn/EJN_StaticPage.aspx Bread=28
2014-12-28 /ejn/EJN_StaticPage.aspx Bread=27
2014-12-28 /ejn/Gallery.aspx -
2014-12-28 /ejn/EJN_StaticPage.aspx Bread=10
2014-12-28 /ejn/EJN_StaticPage.aspx Bread=30
2014-12-28 /ejn/EJN_StaticPage.aspx Bread=24
2014-12-28 /ejn/EJN_StaticPage.aspx Bread=20
2014-12-28 /ejn/EJN_StaticPage.aspx Bread=35
2014-12-28 /ejn/EJN_StaticPage.aspx Bread=33
2014-12-28 /ejn/EJN_StaticPage.aspx Bread=18
2014-12-28 /ejn/EJN_StaticPage.aspx Bread=32
2014-12-28 /ejn/EJN_StaticPage.aspx Bread=25
2014-12-28 /ejn/EJN_StaticPage.aspx Bread=34
2014-12-28 /ejn/EJN_StaticPage.aspx Bread=31
2014-12-28 /ejn/EJN_StaticPage.aspx Bread=23
2014-12-28 /ejn/EJN_StaticPage.aspx Bread=37
2014-12-28 /ejn/EJN_StaticPage.aspx Bread=38
2014-12-28 /ejn/Events.aspx id=6
2014-12-28 /ejn/NewsDetail.aspx id=346&Ori=H
2014-12-28 /ejn/EJN_StaticPage.aspx Bread=22
2014-12-28 /ejn/NewsDetail.aspx id=344&Ori=H
2014-12-28 /ejn/EJN_StaticPage.aspx Bread=26
2014-12-28 /ejn/EJN_StaticPage.aspx Bread=36
2014-12-28 /ejn/EJN_StaticPage.aspx Bread=19
2014-12-28 /ejn/NewsAll.aspx Id=1
2014-12-28 /ejn/Events.aspx event=318
2014-12-28 /ejn/Events.aspx event=322
2014-12-28 /ejn/NewsAll.aspx Id=4
2014-12-28 /ejn/NewsAll.aspx Id=2
2014-12-28 /ejn/NewsAll.aspx Id=5
2014-12-28 /ejn/Events.aspx Id=6
2014-12-28 /ejn/Events.aspx Id=7
2014-12-28 /ejn/Events.aspx id=7
2014-12-28 /ejn/NewsAll.aspx Id=3
2014-12-28 /ejn/EJN_InfoAbout.aspx Id=239
2014-12-28 /ejn/EJN_InfoAbout.aspx Id=230
2014-12-28 /ejn/NewsAll.aspx -
2014-12-28 /ejn/Events.aspx -
2014-12-28 /ejn/EJN_InfoAbout.aspx Id=223
2014-12-28 /ejn/EJN_InfoAbout.aspx Id=432
2014-12-28 /ejn/EJN_SubscribeNewsLetter.aspx -
2014-12-28 /ejn/EJN_InfoAbout.aspx Id=293
2014-12-28 /ejn/EJN_InfoAbout.aspx Id=279
2014-12-28 /ejn/EJN_InfoAbout.aspx Id=287
2014-12-28 /ejn/EJN_InfoAbout.aspx Id=277
2014-12-28 /ejn/EJN_InfoAbout.aspx Id=272
2014-12-28 /ejn/EJN_InfoAbout.aspx Id=273
2014-12-28 /ejn/EJN_InfoAbout.aspx Id=269
2014-12-28 /ejn/EJN_InfoAbout.aspx Id=258
2014-12-28 /ejn/EJN_InfoAbout.aspx Id=260
2014-12-28 /ejn/EJN_InfoAbout.aspx Id=259
2014-12-28 /ejn/EJN_AtlasAdvanced.aspx -
2014-12-28 /ejn/EJN_Home.aspx -
2014-12-28 /ejn/EJN_InfoAbout.aspx Id=368
2014-12-28 /ejn/EJN_InfoAbout.aspx Id=351
2014-12-28 /ejn/EJN_InfoAbout.aspx Id=354
2014-12-28 /ejn/EJN_InfoAbout.aspx Id=313
2014-12-28 /ejn/EJN_InfoAbout.aspx Id=295
2014-12-28 /ejn/EJN_InfoAbout.aspx Id=352
2014-12-28 /ejn/EJN_InfoAbout.aspx Id=321
2014-12-28 /ejn/EJN_InfoAbout.aspx Id=307
2014-12-28 /ejn/EJN_InfoAbout.aspx Id=337
2014-12-28 /ejn/EJN_InfoAbout.aspx Id=314
2014-12-28 /ejn/EJN_InfoAbout.aspx Id=434
2014-12-28 /ejn/EJN_InfoAbout.aspx Id=364
2014-12-28 /ejn/EJN_InfoAbout.aspx Id=288
2014-12-28 /ejn/EJN_InfoAbout.aspx Id=435
2014-12-28 /ejn/EJN_InfoAbout.aspx Id=395
2014-12-28 /ejn/EJN_InfoAbout.aspx Id=378
2014-12-28 /ejn/EJN_InfoAbout.aspx Id=215
2014-12-28 /ejn/EJN_InfoAbout.aspx Id=369
2014-12-28 /ejn/EJN_InfoAbout.aspx Id=373
2014-12-28 /ejn/EJN_InfoAbout.aspx Id=389
2014-12-28 /ejn/AtlasChooseCountry.aspx Type=1
2014-12-28 /ejn/AtlasChooseCountry.aspx Type=2
2014-12-28 /ejn/EJN_Login.aspx -
2014-12-28 /ejn/EJN_InfoAbout.aspx Id=342
2014-12-28 /ejn/EJN_InfoAbout.aspx Id=430
2014-12-28 /ejn/EJN_FichesBelges.aspx -
2014-12-28 /ejn/EJN_StaticPage.aspx Bread=1
2014-12-28 /ejn/EJN_StaticPage.aspx Bread=3
2014-12-28 /ejn/EJN_InfoAbout.aspx Id=433
2014-12-28 /ejn/libshowdocument.aspx Id=247&Lang=NL
2014-12-28 /ejn/libshowdocument.aspx Id=247&Lang=NL
2014-12-28 /ejn/EJN_Compendium.aspx -
2014-12-28 /ejn/libcategories.aspx -
2014-12-28 /ejn/EJN_QuickLinks.aspx id=28
2014-12-28 /ejn/EJN_QuickLinks.aspx id=23
2014-12-28 /ejn/EJN_StaticPage.aspx Bread=11
2014-12-28 /ejn/EJN_QuickLinks.aspx id=24
2014-12-28 /ejn/EJN_EAWWizard.aspx -
2014-12-28 /ejn/EJN_QuickLinks.aspx id=25
2014-12-28 /ejn/EJN_StaticPage.aspx Bread=12
2014-12-28 /ejn/EJN_QuickLinks.aspx id=26
2014-12-28 /ejn/EJN_QuickLinks.aspx id=27
2014-12-28 /ejn/ejn_faqs.aspx -
2014-12-28 /ejn/EJN_Faqs.aspx cat=1
2014-12-28 /ejn/libcategories.aspx Id=2
2014-12-28 /ejn/EJN_Faqs.aspx cat=2
2014-12-28 /ejn/ejn_staticpage.aspx Bread=7
2014-12-28 /ejn/EJN_QuickLinks.aspx -
2014-12-28 /ejn/ejn_staticpage.aspx Bread=8
2014-12-28 /ejn/ejn_search.aspx -
2014-12-28 /ejn/ejn_staticpage.aspx Bread=4
2014-12-28 /ejn/EJN_StaticPage.aspx Bread=5
2014-12-28 /ejn/ -
2014-12-28 /ejn/libcategories.aspx Id=14
2014-12-28 /ejn/EJN_Home.aspx -
2014-12-28 /ejn/libcategories.aspx -
2014-12-28 /ejn/EJN_Home.aspx -
2014-12-28 /ejn/libcategories.aspx Id=21
2014-12-28 /ejn/EJN_Home.aspx -
2014-12-28 /ejn/libcategories.aspx id=1
2014-12-28 /ejn/libshowdocument.aspx Id=126&Lang=DE
2014-12-28 /ejn/libshowdocument.aspx Id=126&Lang=DK
2014-12-28 /ejn/libdocumentproperties.aspx Id=126
2014-12-28 /ejn/libadvancedsearch.aspx -
2014-12-28 /ejn/libshowdocument.aspx Id=126&Lang=BG
2014-12-28 /ejn/libshowdocument.aspx Id=126&Lang=CS
2014-12-28 /ejn/libshowdocument.aspx Id=126&Lang=HR
2014-12-28 /ejn/libshowdocument.aspx Id=126&Lang=IT
2014-12-28 /ejn/libshowdocument.aspx Id=126&Lang=HU
2014-12-28 /ejn/libshowdocument.aspx Id=219&Lang=SL
2014-12-28 /ejn/libshowdocument.aspx Id=126&Lang=LT
2014-12-28 /ejn/libshowdocument.aspx Id=126&Lang=ES
2014-12-28 /ejn/libshowdocument.aspx Id=126&Lang=FR
2014-12-28 /ejn/libshowdocument.aspx Id=126&Lang=EL
2014-12-28 /ejn/libshowdocument.aspx Id=126&Lang=FI
2014-12-28 /ejn/libshowdocument.aspx Id=126&Lang=ET
2014-12-28 /ejn/libshowdocument.aspx Id=126&Lang=EN
2014-12-28 /ejn/EJN_Home.aspx -
2014-12-28 /ejn/libshowdocument.aspx Id=126&Lang=NL
2014-12-28 /ejn/libshowdocument.aspx Id=126&Lang=PL
2014-12-28 /ejn/libshowdocument.aspx Id=126&Lang=RO
2014-12-28 /ejn/libshowdocument.aspx Id=126&Lang=LV
2014-12-28 /ejn/libdocumentproperties.aspx Id=3
2014-12-28 /ejn/libshowdocument.aspx Id=126&Lang=MT
2014-12-28 /ejn/libshowdocument.aspx Id=126&Lang=SV
2014-12-28 /ejn/libshowdocument.aspx Id=126&Lang=SL
2014-12-28 /ejn/libshowdocument.aspx Id=126&Lang=PT
2014-12-28 /ejn/libshowdocument.aspx Id=126&Lang=SK
2014-12-28 /ejn/libshowdocument.aspx Id=3&Lang=FI
2014-12-28 /ejn/libshowdocument.aspx Id=3&Lang=DK
2014-12-28 /ejn/libshowdocument.aspx Id=3&Lang=DE
2014-12-28 /ejn/libshowdocument.aspx Id=3&Lang=ET
2014-12-28 /ejn/libshowdocument.aspx Id=3&Lang=EL
2014-12-28 /ejn/libshowdocument.aspx Id=3&Lang=EN
2014-12-28 /ejn/libshowdocument.aspx Id=3&Lang=CS
2014-12-28 /ejn/libshowdocument.aspx Id=3&Lang=FR
2014-12-28 /ejn/libshowdocument.aspx Id=3&Lang=BG
2014-12-28 /ejn/libshowdocument.aspx Id=3&Lang=ES
2014-12-28 /ejn/libshowdocument.aspx Id=3&Lang=PT
2014-12-28 /ejn/libshowdocument.aspx Id=3&Lang=PL
2014-12-28 /ejn/libshowdocument.aspx Id=3&Lang=HU
2014-12-28 /ejn/libshowdocument.aspx Id=3&Lang=RO
2014-12-28 /ejn/libshowdocument.aspx Id=3&Lang=NL
2014-12-28 /ejn/libshowdocument.aspx Id=3&Lang=MT
2014-12-28 /ejn/libshowdocument.aspx Id=3&Lang=LT
2014-12-28 /ejn/libshowdocument.aspx Id=3&Lang=SK
2014-12-28 /ejn/libshowdocument.aspx Id=3&Lang=IT
2014-12-28 /ejn/libshowdocument.aspx Id=3&Lang=LV
2014-12-28 /ejn/EJN_Home.aspx -
2014-12-28 /ejn/libshowdocument.aspx Id=681&Lang=BG
2014-12-28 /ejn/libshowdocument.aspx Id=3&Lang=SL
2014-12-28 /ejn/libshowdocument.aspx Id=681&Lang=ES
2014-12-28 /ejn/libdocumentproperties.aspx Id=681
2014-12-28 /ejn/libshowdocument.aspx Id=3&Lang=SV
2014-12-28 /ejn/libshowdocument.aspx Id=681&Lang=DK
2014-12-28 /ejn/libshowdocument.aspx Id=681&Lang=EN
2014-12-28 /ejn/libshowdocument.aspx Id=681&Lang=EL
2014-12-28 /ejn/libshowdocument.aspx Id=681&Lang=CS
2014-12-28 /ejn/libshowdocument.aspx Id=681&Lang=DE
2014-12-28 /ejn/EJN_Home.aspx -
2014-12-28 /ejn/libshowdocument.aspx Id=681&Lang=FI
2014-12-28 /ejn/libshowdocument.aspx Id=681&Lang=ET
2014-12-28 /ejn/EJN_Home.aspx -
2014-12-28 /ejn/EJN_AtlasAdvanced.aspx -
2014-12-28 /ejn/EJN_AtlasAdvanced.aspx -
2014-12-28 /ejn/ -
2014-12-28 /ejn/EJN_Home.aspx -
2014-12-28 /ejn/EJN_Home.aspx -
2014-12-28 /ejn/EJN_Home.aspx -
2014-12-28 /ejn/Events.aspx event=198
2014-12-28 /ejn/EJN_Home.aspx -
2014-12-28 /ejn/ejn_events.aspx -
2014-12-28 /ejn/ejn_events.aspx -
2014-12-28 /ejn/ -
2014-12-28 /ejn/EJN_Home.aspx -
2014-12-28 /ejn/NewsDetail.aspx id=84
2014-12-28 /ejn/EJN_Home.aspx -
2014-12-28 /ejn/EJN_Home.aspx -
2014-12-28 /ejn/NewsDetail.aspx Ori=H&id=329
2014-12-28 /ejn/EJN_Home.aspx -
2014-12-28 /ejn/Events.aspx event=174
2014-12-28 /ejn/EJN_Home.aspx -
2014-12-28 /ejn/EJN_Home.aspx -
2014-12-28 /ejn/EJN_Home.aspx -
2014-12-28 /ejn/EJN_StaticPage.aspx Bread=2
2014-12-28 /ejn/EJN_AtlasAdvanced.aspx -
2014-12-28 /ejn/EJN_Home.aspx -
2014-12-28 /ejn/EJN_News.aspx id=49
2014-12-28 /ejn/EJN_News.aspx id=49
2014-12-28 /ejn/libshowdocument.aspx Id=221&Lang=LT
2014-12-28 /ejn/libshowdocument.aspx Id=13&Lang=HU
2014-12-28 /ejn/EJN_Home.aspx -
2014-12-28 /ejn/EJN_Home.aspx -
2014-12-28 /ejn/EJN_Home.aspx -
2014-12-28 /ejn/NewsDetail.aspx id=309&Ori=H
2014-12-28 /ejn/EJN_Home.aspx -
2014-12-28 /atlas_advanced.aspx -
2014-12-28 /atlas_advanced.aspx -
2014-12-28 /ejn/ -
2014-12-28 /atlas_advanced.aspx -
2014-12-28 /atlas_advanced.aspx -
2014-12-28 /ejn/AtlasChooseCountry.aspx -
2014-12-28 /ejn/EJN_Home.aspx -
2014-12-28 /ejn/ -
2014-12-28 /ejn/EJN_Home.aspx -
2014-12-28 /ejn/EJN_StaticPage.aspx Bread=12
2014-12-28 /ejn/EJN_Home.aspx -
2014-12-28 /ejn/EJN_Home.aspx -
2014-12-28 /ejn/EJN_StaticPage.aspx Bread=12
2014-12-28 /ejn/EJN_Home.aspx -
2014-12-28 /ejn/EJN_Home.aspx -
2014-12-28 /ejn/EJN_Home.aspx -
2014-12-28 /ejn/EJN_News.aspx id=33
2014-12-28 /ejn/EJN_News.aspx id=33
2014-12-28 /ejn/EJN_Home.aspx -
2014-12-28 /ejn/ -
2014-12-28 /ejn/EJN_Home.aspx -
2014-12-28 /ejn/EJN_Home.aspx -
2014-12-28 /ejn/EJN_Home.aspx -
2014-12-28 /ejn/EJN_AtlasAdvanced.aspx -
2014-12-28 /ejn/EJN_Home.aspx -
2014-12-28 /ejn/libshowdocument.aspx Id=13&Lang=LV
2014-12-28 /ejn/EJN_Home.aspx -
2014-12-28 /ejn/EJN_Home.aspx -
2014-12-28 /ejn/EJN_Home.aspx -
2014-12-28 /ejn/EJN_Home.aspx -
2014-12-28 /ejn/NewsDetail.aspx Ori=H&id=242
2014-12-28 /ejn/EJN_Home.aspx -
2014-12-28 /ejn/Events.aspx event=260
2014-12-28 /ejn/EJN_Home.aspx -
2014-12-28 /ejn/EJN_Home.aspx -
2014-12-28 /ejn/EJN_News.aspx id=57
2014-12-28 /ejn/EJN_Home.aspx -
2014-12-28 /ejn/EJN_Home.aspx -
2014-12-28 /ejn/EJN_News.aspx id=57
2014-12-28 /ejn/ -
2014-12-28 /ejn/EJN_ContactPoints.aspx -
2014-12-28 /ejn/EJN_ContactPoints.aspx -
2014-12-28 /ejn/ -
2014-12-28 /ejn/EJN_Home.aspx -
2014-12-28 /ejn/EJN_Home.aspx -
2014-12-28 /ejn/EJN_Home.aspx -
2014-12-28 /ejn/EJN_Home.aspx -
2014-12-28 /ejn/EJN_AtlasAdvanced.aspx -
2014-12-28 /ejn/EJN_Events.aspx date=09/06/2011
2014-12-28 /ejn/EJN_Events.aspx date=09/06/2011
2014-12-28 /ejn/EJN_Home.aspx -
2014-12-28 /ejn/ -
2014-12-28 /ejn/libshowdocument.aspx Id=16&Lang=RO
2014-12-28 /ejn/libshowdocument.aspx Id=16&Lang=RO
2014-12-28 /ejn/libshowdocument.aspx Id=219&Lang=SL
2014-12-28 /ejn/EJN_Home.aspx -
2014-12-28 /ejn/ -
2014-12-28 /ejn/EJN_Home.aspx -
2014-12-28 /ejn/EJN_Home.aspx -
2014-12-28 /ejn/EJN_Home.aspx -
2014-12-28 /ejn/EJN_AtlasAdvanced.aspx -
2014-12-28 /ejn/ -
2014-12-28 /ejn/EJN_Home.aspx -
2014-12-28 /ejn/EJN_AtlasAdvanced.aspx -
2014-12-28 /ejn/ -
2014-12-28 /ejn/EJN_Home.aspx -
2014-12-28 /ejn/EJN_Home.aspx -
2014-12-28 /ejn/ -
2014-12-28 /ejn/ -
2014-12-28 /ejn/ -
2014-12-28 /ejn/EJN_AtlasAdvanced.aspx -
2014-12-28 /ejn/EJN_Home.aspx -
2014-12-28 /ejn/EJN_AtlasAdvanced.aspx -
2014-12-28 /ejn/ -
2014-12-28 /ejn/EJN_Home.aspx -
2014-12-28 /ejn/EJN_Home.aspx -
2014-12-28 /ejn/EJN_Home.aspx -
2014-12-28 /ejn/EJN_AtlasAdvanced.aspx -
2014-12-28 /ejn/ -
2014-12-28 /ejn/EJN_AtlasAdvanced.aspx -
2014-12-28 /ejn/ -
2014-12-28 /ejn/EJN_Home.aspx -
2014-12-28 /ejn/ -
2014-12-28 /ejn/EJN_AtlasAdvanced.aspx -
2014-12-28 /ejn/NewsDetail.aspx Ori=H&id=328
2014-12-28 /ejn/EJN_Home.aspx -
2014-12-28 /ejn/NewsDetail.aspx Ori=H&id=335
2014-12-28 /ejn/EJN_Home.aspx -
2014-12-28 /ejn/NewsDetail.aspx Ori=H&id=283
2014-12-28 /ejn/EJN_Home.aspx -
2014-12-28 /ejn/NewsDetail.aspx Ori=H&id=270
2014-12-28 /ejn/EJN_Home.aspx -
2014-12-28 /ejn/EJN_Home.aspx -
2014-12-28 /ejn/EJN_Home.aspx -
2014-12-28 /ejn/EJN_AtlasAdvanced.aspx -
2014-12-28 /ejn/ -
2014-12-28 /ejn/EJN_Home.aspx -
2014-12-28 /ejn/EJN_Home.aspx -
2014-12-28 /ejn/ -
2014-12-28 /ejn/EJN_AtlasAdvanced.aspx -
2014-12-28 /ejn/EJN_Home.aspx -
2014-12-28 /ejn/ -
2014-12-28 /ejn/EJN_AtlasAdvanced.aspx -
2014-12-28 /ejn/ -
2014-12-28 /ejn/EJN_Home.aspx -
2014-12-28 /ejn/EJN_Home.aspx -
2014-12-28 /ejn/libshowdocument.aspx Id=13&Lang=SL
2014-12-28 /ejn/EJN_Home.aspx -
2014-12-28 /ejn/ -
2014-12-28 /ejn/ -
2014-12-28 /ejn/EJN_AtlasAdvanced.aspx -
2014-12-28 /ejn/ -
2014-12-28 /ejn/EJN_Home.aspx -
2014-12-28 /ejn/EJN_AtlasAdvanced.aspx -
2014-12-28 /ejn/ -
2014-12-28 /ejn/EJN_Home.aspx -
2014-12-28 /ejn/ -
2014-12-28 /ejn/EJN_AtlasAdvanced.aspx -
2014-12-28 /ejn/EJN_Home.aspx -
2014-12-28 /ejn/EJN_Home.aspx -
2014-12-28 /ejn/EJN_AtlasAdvanced.aspx -
2014-12-28 /ejn/ejn_guidevisit.aspx -
2014-12-28 /ejn/ejn_guidevisit.aspx -
2014-12-28 /ejn/ -
2014-12-28 /ejn/EJN_AtlasAdvanced.aspx -
2014-12-28 /ejn/EJN_Events.aspx Id=29
2014-12-28 /ejn/EJN_Events.aspx Id=29
2014-12-28 /ejn/EJN_Home.aspx -
2014-12-28 /ejn/EJN_Events.aspx date=27/06/2011
2014-12-28 /ejn/EJN_Events.aspx date=27/06/2011
2014-12-28 /ejn/EJN_AtlasAdvanced.aspx -
2014-12-28 /ejn/ -
2014-12-28 /ejn/EJN_Home.aspx -
2014-12-28 /ejn/EJN_Home.aspx -
2014-12-28 /ejn/EJN_AtlasAdvanced.aspx -
2014-12-28 /ejn/ -
2014-12-28 /ejn/EJN_Home.aspx -
2014-12-28 /ejn/ -
2014-12-28 /ejn/EJN_AtlasAdvanced.aspx -
2014-12-28 /ejn/EJN_Home.aspx -
2014-12-28 /ejn/EJN_Home.aspx -
2014-12-28 /ejn/ -
2014-12-28 /ejn/EJN_AtlasAdvanced.aspx -
2014-12-28 /ejn/ -
2014-12-28 /ejn/EJN_Home.aspx -
2014-12-28 /ejn/EJN_Home.aspx -
2014-12-28 /ejn/AtlasChooseCountry.aspx Type=2
2014-12-28 /ejn/AtlasChooseCountry.aspx Type=2
2014-12-28 /ejn/AtlasChooseMeasure.aspx MP=0&Cou=277
2014-12-28 /ejn/AtlasChooseMeasure.aspx MP=0&Cou=277
2014-12-28 /ejn/AtlasChooseMeasure.aspx MP=0&Cou=277
2014-12-28 /ejn/AtlasSelection.aspx -
2014-12-28 /ejn/AtlasChooseAuthority.aspx -
2014-12-28 /ejn/AtlasChooseAuthority.aspx -
2014-12-28 /ejn/AtlasChooseAuthority.aspx -
2014-12-28 /ejn/AtlasChooseAuthority.aspx -
2014-12-28 /ejn/AtlasAuthorityData.aspx Id=4177
2014-12-28 /ejn/AtlasChooseAuthority.aspx -
2014-12-28 /ejn/AtlasChooseAuthority.aspx -
2014-12-28 /ejn/ -
2014-12-28 /ejn/EJN_AtlasAdvanced.aspx -
2014-12-28 /ejn/ -
2014-12-28 /ejn/EJN_Home.aspx -
2014-12-28 /ejn/EJN_ContactUs.aspx &KeepThis=true&TB_iframe=true&height=650&width=900
2014-12-28 /ejn/ -
2014-12-28 /ejn/EJN_EAWAtlas.aspx -
2014-12-28 /ejn/EJN_Error.aspx -
2014-12-28 /ejn/EJN_Error.aspx ++Culture:ESSessionId:23l2wr2eacmt03yjjnfzlxh2Date_Time:10:29
2014-12-28 /ejn/EJN_StaticPage.aspx Bread=26
2014-12-28 /ejn/EJN_Home.aspx -
2014-12-28 /ejn/EJN_Error.aspx -
2014-12-28 /ejn/EJN_InfoAbout.aspx Id=430
2014-12-28 /ejn/ -
2014-12-28 /ejn/ -
2014-12-28 /ejn/EJN_Home.aspx -
2014-12-28 /ejn/libshowdocument.aspx Id=219&Lang=SL
2014-12-28 /ejn/ -
2014-12-28 /ejn/ -
2014-12-28 /ejn/libshowdocument.aspx Id=13&Lang=LV
2014-12-28 /ejn/EJN_Home.aspx -
2014-12-28 /ejn/EJN_Home.aspx -
2014-12-28 /ejn/EJN_InfoAbout.aspx Id=430
2014-12-28 /ejn/ ++Culture:ESSessionId:23l2wr2eacmt03yjjnfzlxh2Date_Time:10:39
2014-12-28 /ejn/EJN_AtlasAdvanced.aspx -
2014-12-28 /ejn/AtlasChooseCountry.aspx Type=2
2014-12-28 /ejn/ -
2014-12-28 /ejn/EJN_StaticPage.aspx Bread=21
2014-12-28 /ejn/EJN_QuickLinks.aspx id=25
2014-12-28 /ejn/AtlasChooseCountry.aspx Type=2
2014-12-28 /ejn/ -
2014-12-28 /ejn/AtlasChooseMeasure.aspx MP=1&Cou=DE
2014-12-28 /ejn/AtlasChooseMeasure.aspx MP=1&Cou=DE
2014-12-28 /ejn/AtlasChooseMeasure.aspx MP=1&Cou=DE
2014-12-28 /ejn/AtlasChooseMeasure.aspx MP=1&Cou=DE
2014-12-28 /ejn/AtlasChooseMeasure.aspx MP=1&Cou=DE
2014-12-28 /ejn/AtlasSelection.aspx -
2014-12-28 /ejn/AtlasChooseAuthority.aspx -
2014-12-28 /ejn/AtlasChooseAuthority.aspx/GetLocations -
2014-12-28 /ejn/AtlasChooseAuthority.aspx/GetLocations -
2014-12-28 /ejn/AtlasChooseAuthority.aspx/GetLocations -
2014-12-28 /ejn/AtlasChooseAuthority.aspx -
2014-12-28 /ejn/EJN_Home.aspx -
2014-12-28 /ejn/AtlasChooseAuthority.aspx -
2014-12-28 /ejn/AtlasChooseAuthority.aspx -
2014-12-28 /ejn/AtlasChooseAuthority.aspx -
2014-12-28 /ejn/AtlasAuthorityData.aspx Id=4189
2014-12-28 /ejn/AtlasAuthorityData.aspx Id=4189
2014-12-28 /ejn/AtlasAuthorityData.aspx Id=4189
2014-12-28 /ejn/AtlasAuthorityData.aspx Id=4189
2014-12-28 /ejn/AtlasAuthorityData.aspx Id=4189
2014-12-28 /ejn/AtlasAuthorityData.aspx Id=4189
2014-12-28 /ejn/AtlasAuthorityData.aspx Id=4189
2014-12-28 /ejn/AtlasChooseAuthority.aspx -
2014-12-28 /ejn/AtlasChooseAuthority.aspx -
2014-12-28 /ejn/AtlasChooseMeasure.aspx MP=0&Cou=277
2014-12-28 /ejn/AtlasChooseMeasure.aspx MP=0&Cou=277
2014-12-28 /ejn/AtlasChooseCountry.aspx Type=2
2014-12-28 /ejn/EJN_Home.aspx -
2014-12-28 /ejn/AtlasChooseMeasure.aspx MP=0&Cou=368
2014-12-28 /ejn/AtlasChooseMeasure.aspx MP=0&Cou=368
2014-12-28 /ejn/AtlasChooseMeasure.aspx MP=0&Cou=368
2014-12-28 /ejn/AtlasChooseMeasure.aspx MP=0&Cou=368
2014-12-28 /ejn/AtlasSelection.aspx -
2014-12-28 /ejn/AtlasChooseMeasure.aspx MP=0&Cou=368
2014-12-28 /ejn/AtlasSelection.aspx -
2014-12-28 /ejn/AtlasSelection.aspx -
2014-12-28 /ejn/AtlasSelection.aspx -
2014-12-28 /ejn/AtlasSelection.aspx -
2014-12-28 /ejn/AtlasChooseAuthority.aspx -
2014-12-28 /ejn/EJN_Home.aspx -
2014-12-28 /ejn/EJN_Home.aspx -
2014-12-28 /ejn/EJN_Home.aspx -
2014-12-28 /ejn/EJN_Home.aspx -
2014-12-28 /ejn/ -
2014-12-28 /ejn/ -
2014-12-28 /ejn/ -
2014-12-28 /ejn/ -
2014-12-28 /ejn/EJN_InfoAbout.aspx Id=223
2014-12-28 /ejn/ -
2014-12-28 /ejn/ -
2014-12-28 /ejn/ -
2014-12-28 /ejn/ -
2014-12-28 /ejn/ -
2014-12-28 /ejn/ -
2014-12-28 /ejn/ -
2014-12-28 /ejn/ -
2014-12-28 /ejn/EJN_Login.aspx -
2014-12-28 /ejn/EJN_Login.aspx -
2014-12-28 /ejn/EJN_ContactPointsNew.aspx -
2014-12-28 /ejn/EJN_ContactPointsNew.aspx -
2014-12-28 /ejn/EJN_ContactPointsNew.aspx -
2014-12-28 /ejn/EJN_ContactPointDetail.aspx -
2014-12-28 /ejn/EJN_Home.aspx -
2014-12-28 /ejn/EJN_ContactPointsNew.aspx -
2014-12-28 /ejn/EJN_ContactPointDetail.aspx -
2014-12-28 /ejn/EJN_ContactPointsNew.aspx -
2014-12-28 /ejn/EJN_ContactPointDetail.aspx -
2014-12-28 /ejn/EJN_Home.aspx -
2014-12-28 /ejn/EJN_InfoAbout.aspx Id=430
2014-12-28 /ejn/libshowdocument.aspx Id=222&Lang=ET
2014-12-28 /ejn/EJN_Home.aspx -
2014-12-28 /ejn/EJN_Home.aspx -
2014-12-28 /ejn/libshowdocument.aspx Id=13&Lang=ES
2014-12-28 /ejn/EJN_Home.aspx -
2014-12-28 /ejn/EJN_Home.aspx -
2014-12-28 /ejn/EJN_Home.aspx -
2014-12-28 /ejn/libshowdocument.aspx Id=13&Lang=NL
2014-12-28 /ejn/EJN_Home.aspx -
2014-12-28 /ejn/ -
2014-12-28 /ejn/ -
2014-12-28 /ejn/EJN_Home.aspx -
2014-12-28 /ejn/EJN_Home.aspx -
2014-12-28 /ejn/EJN_EAWWizard.aspx -
2014-12-28 /ejn/EJN_Home.aspx -
2014-12-28 /ejn/libshowdocument.aspx Id=13&Lang=SK
2014-12-28 /ejn/EJN_Home.aspx -
2014-12-28 /ejn/EJN_Home.aspx -
2014-12-28 /ejn/EJN_Home.aspx -
2014-12-28 /ejn/EJN_Home.aspx -
2014-12-28 /ejn/EJN_AtlasAdvanced.aspx -
2014-12-28 /ejn/EJN_Home.aspx -
2014-12-28 /ejn/EJN_Home.aspx -
2014-12-28 /ejn/ -
2014-12-28 /ejn/EJN_Home.aspx -
2014-12-28 /ejn/EJN_Home.aspx -
2014-12-28 /ejn/EJN_Home.aspx -
2014-12-28 /ejn/EJN_Home.aspx -
2014-12-28 /ejn/EJN_Home.aspx -
2014-12-28 /ejn/Events.aspx event=280
2014-12-28 /ejn/EJN_Home.aspx -
2014-12-28 /ejn/ -
2014-12-28 /ejn/EJN_StaticPage.aspx Bread=20
2014-12-28 /ejn/EJN_Home.aspx -
2014-12-28 /ejn/EJN_Home.aspx -
2014-12-28 /ejn/ -
2014-12-28 /ejn/EJN_Home.aspx -
2014-12-28 /ejn/libshowdocument.aspx Id=16&Lang=FI
2014-12-28 /ejn/EJN_Home.aspx -
2014-12-28 /ejn/EJN_Home.aspx -
2014-12-28 /ejn/EJN_Home.aspx -
2014-12-28 /ejn/EJN_QuickLinks.aspx id=25
2014-12-28 /ejn/EJN_Home.aspx -
2014-12-28 /ejn/ -
2014-12-28 /ejn/EJN_Home.aspx -
2014-12-28 /ejn/ -
2014-12-28 /ejn/ -
2014-12-28 /ejn/EJN_StaticPage.aspx Bread=34
2014-12-28 /ejn/EJN_Home.aspx -
2014-12-28 /ejn/EJN_Home.aspx -
2014-12-28 /ejn/EJN_Home.aspx -
2014-12-28 /ejn/EJN_Home.aspx -
2014-12-28 /ejn/EJN_Home.aspx -
2014-12-28 /ejn/EJN_AtlasAdvanced.aspx -
2014-12-28 /ejn/EJN_Home.aspx -
2014-12-28 /ejn/ -
2014-12-28 /ejn/EJN_Home.aspx -
2014-12-28 /ejn/EJN_StaticPage.aspx Bread=13
2014-12-28 /ejn/EJN_Home.aspx -
2014-12-28 /ejn/ejn_home.aspx -
2014-12-28 /atlas_advanced.aspx -
2014-12-28 /atlas_advanced.aspx -
2014-12-28 /ejn/ -
2014-12-28 /atlas_advanced.aspx -
2014-12-28 /atlas_advanced.aspx -
2014-12-28 /ejn/EJN_Home.aspx -
2014-12-28 /ejn/EJN_Home.aspx -
2014-12-28 /ejn/EJN_Home.aspx -
2014-12-28 /ejn/EJN_Home.aspx -
2014-12-28 /ejn/EJN_Home.aspx -
2014-12-28 /ejn/AtlasChooseCountry.aspx -
2014-12-28 /ejn/EJN_Home.aspx -
2014-12-28 /ejn/ -
2014-12-28 /ejn/EJN_Home.aspx -
2014-12-28 /ejn/libcategories.aspx Id=2
2014-12-28 /ejn/EJN_Home.aspx -
2014-12-28 /ejn/EJN_QuickLinks.aspx id=22
2014-12-28 /ejn/EJN_Home.aspx -
2014-12-28 /ejn/libshowdocument.aspx Id=219&Lang=SL
2014-12-28 /ejn/EJN_Home.aspx -
2014-12-28 /ejn/EJN_Home.aspx -
2014-12-28 /ejn/EJN_Home.aspx -
2014-12-28 /ejn/EJN_StaticPage.aspx Bread=12
2014-12-28 /ejn/EJN_Home.aspx -
2014-12-28 /ejn/ -
2014-12-28 /ejn/ -
2014-12-28 /ejn/ -
2014-12-28 /ejn/ -
2014-12-28 /ejn/EJN_Home.aspx -
2014-12-28 /ejn/ -
2014-12-28 /ejn/EJN_Home.aspx -
2014-12-28 /ejn/ -
2014-12-28 /ejn/EJN_AtlasAdvanced.aspx -
2014-12-28 /ejn/ -
2014-12-28 /ejn/EJN_Home.aspx -
2014-12-28 /ejn/ -
2014-12-28 /ejn/libshowdocument.aspx Id=13&Lang=LV
2014-12-28 /ejn/ -
2014-12-28 /ejn/EJN_AtlasAdvanced.aspx -
2014-12-28 /ejn/EJN_Home.aspx -
2014-12-28 /ejn/EJN_Home.aspx -
2014-12-28 /ejn/EJN_AtlasAdvanced.aspx -
2014-12-28 /ejn/EJN_StaticPage.aspx Bread=1
2014-12-28 /ejn/EJN_Home.aspx -
2014-12-28 /ejn/EJN_AtlasAdvanced.aspx -
2014-12-28 /ejn/ -
2014-12-28 /ejn/EJN_Home.aspx -
2014-12-28 /ejn/ -
2014-12-28 /ejn/EJN_Home.aspx -
2014-12-28 /ejn/ -
2014-12-28 /ejn/ -
2014-12-28 /ejn/EJN_AtlasAdvanced.aspx -
2014-12-28 /ejn/EJN_Home.aspx -
2014-12-28 /ejn/EJN_Home.aspx -
2014-12-28 /ejn/EJN_Home.aspx -
2014-12-28 /ejn/ -
2014-12-28 /ejn/EJN_AtlasAdvanced.aspx -
2014-12-28 /ejn/EJN_Home.aspx -
2014-12-28 /ejn/ -
2014-12-28 /ejn/EJN_Home.aspx -
2014-12-28 /ejn/EJN_AtlasAdvanced.aspx -
2014-12-28 /ejn/ -
2014-12-28 /ejn/ -
2014-12-28 /ejn/EJN_Home.aspx -
2014-12-28 /ejn/ -
2014-12-28 /ejn/EJN_AtlasAdvanced.aspx -
2014-12-28 /ejn/EJN_Home.aspx -
2014-12-28 /ejn/EJN_Home.aspx -
2014-12-28 /ejn/ -
2014-12-28 /ejn/EJN_AtlasAdvanced.aspx -
2014-12-28 /ejn/ -
2014-12-28 /ejn/EJN_Home.aspx -
2014-12-28 /ejn/EJN_Home.aspx -
2014-12-28 /ejn/ -
2014-12-28 /ejn/AtlasChooseMeasure.aspx Mp=1&Cou=NL&Type=2
2014-12-28 /ejn/AtlasChooseMeasure.aspx Mp=1&Cou=NL&Type=2
2014-12-28 /ejn/AtlasChooseMeasure.aspx Mp=1&Cou=NL&Type=2
2014-12-28 /ejn/AtlasSelection.aspx -
2014-12-28 /ejn/AtlasSelection.aspx -
2014-12-28 /ejn/ -
2014-12-28 /ejn/AtlasSelection.aspx -
2014-12-28 /ejn/AtlasChooseAuthority.aspx -
2014-12-28 /ejn/AtlasChooseAuthority.aspx/GetLocations -
2014-12-28 /ejn/EJN_Home.aspx -
2014-12-28 /ejn/AtlasChooseAuthority.aspx/GetLocations -
2014-12-28 /ejn/AtlasChooseAuthority.aspx -
2014-12-28 /ejn/AtlasAuthorityData.aspx Id=2632
2014-12-28 /ejn/EJN_Home.aspx -
2014-12-28 /ejn/AtlasChooseAuthority.aspx/GetLocations -
2014-12-28 /ejn/AtlasChooseAuthority.aspx/GetLocations -
2014-12-28 /ejn/AtlasChooseAuthority.aspx/GetLocations -
2014-12-28 /ejn/AtlasChooseAuthority.aspx/GetLocations -
2014-12-28 /ejn/AtlasChooseAuthority.aspx/GetLocations -
2014-12-28 /ejn/ -
2014-12-28 /ejn/AtlasChooseAuthority.aspx/GetLocations -
2014-12-28 /ejn/AtlasChooseAuthority.aspx -
2014-12-28 /ejn/ -
2014-12-28 /ejn/EJN_AtlasAdvanced.aspx -
2014-12-28 /ejn/EJN_Home.aspx -
2014-12-28 /ejn/AtlasChooseMeasure.aspx Mp=1&Cou=NL&Type=2
2014-12-28 /ejn/ -
2014-12-28 /ejn/AtlasChooseMeasure.aspx Mp=1&Cou=NL&Type=2
2014-12-28 /ejn/AtlasChooseMeasure.aspx Mp=1&Cou=NL&Type=2
2014-12-28 /ejn/AtlasChooseMeasure.aspx Mp=1&Cou=NL&Type=2
2014-12-28 /ejn/AtlasSelection.aspx -
2014-12-28 /ejn/AtlasSelection.aspx -
2014-12-28 /ejn/AtlasSelection.aspx -
2014-12-28 /ejn/AtlasChooseAuthority.aspx -
2014-12-28 /ejn/AtlasChooseAuthority.aspx/GetLocations -
2014-12-28 /ejn/AtlasChooseAuthority.aspx/GetLocations -
2014-12-28 /ejn/AtlasChooseAuthority.aspx -
2014-12-28 /ejn/EJN_Home.aspx -
2014-12-28 /ejn/libshowdocument.aspx Id=13&Lang=HU
2014-12-28 /ejn/EJN_Home.aspx -
2014-12-28 /ejn/EJN_Home.aspx -
2014-12-28 /ejn/ -
2014-12-28 /ejn/EJN_AtlasAdvanced.aspx -
2014-12-28 /ejn/libshowdocument.aspx Id=13&Lang=SK
2014-12-28 /ejn/AtlasChooseAuthority.aspx -
2014-12-28 /ejn/AtlasChooseAuthority.aspx/GetLocations -
2014-12-28 /ejn/AtlasChooseAuthority.aspx/GetLocations -
2014-12-28 /ejn/ -
2014-12-28 /ejn/EJN_AtlasAdvanced.aspx -
2014-12-28 /ejn/AtlasChooseMeasure.aspx Mp=1&Cou=NL&Type=2
2014-12-28 /ejn/AtlasChooseMeasure.aspx Mp=1&Cou=NL&Type=2
2014-12-28 /ejn/AtlasChooseMeasure.aspx Mp=1&Cou=NL&Type=2
2014-12-28 /ejn/AtlasSelection.aspx -
2014-12-28 /ejn/AtlasSelection.aspx -
2014-12-28 /ejn/AtlasSelection.aspx -
2014-12-28 /ejn/AtlasChooseAuthority.aspx -
2014-12-28 /ejn/AtlasChooseAuthority.aspx/GetLocations -
2014-12-28 /ejn/AtlasChooseAuthority.aspx/GetLocations -
2014-12-28 /ejn/ -
2014-12-28 /ejn/EJN_AtlasAdvanced.aspx -
2014-12-28 /ejn/EJN_Home.aspx -
2014-12-28 /ejn/AtlasChooseAuthority.aspx/GetLocations -
2014-12-28 /ejn/AtlasChooseAuthority.aspx/GetLocations -
2014-12-28 /ejn/AtlasChooseAuthority.aspx/GetLocations -
2014-12-28 /ejn/AtlasChooseAuthority.aspx -
2014-12-28 /ejn/AtlasAuthorityData.aspx Id=2632
2014-12-28 /ejn/ -
2014-12-28 /ejn/EJN_Home.aspx -
2014-12-28 /ejn/ -
2014-12-28 /ejn/AtlasChooseAuthority.aspx/GetLocations -
2014-12-28 /ejn/AtlasChooseAuthority.aspx/GetLocations -
2014-12-28 /ejn/AtlasChooseAuthority.aspx -
2014-12-28 /ejn/AtlasAuthorityData.aspx Id=2632
2014-12-28 /ejn/EJN_Home.aspx -
2014-12-28 /ejn/ -
2014-12-28 /ejn/EJN_AtlasAdvanced.aspx -
2014-12-28 /ejn/ -
2014-12-28 /ejn/ -
2014-12-28 /ejn/EJN_StaticPage.aspx Bread=9
2014-12-28 /ejn/EJN_StaticPage.aspx Bread=9++Culture:ITSessionId:ipc22wwrpggjdkbvrx4wp4nuDate_Time:14:55
2014-12-28 /ejn/EJN_StaticPage.aspx Bread=2
2014-12-28 /ejn/EJN_Home.aspx -
2014-12-28 /ejn/EJN_Home.aspx -
2014-12-28 /ejn/ -
2014-12-28 /ejn/EJN_AtlasAdvanced.aspx -
2014-12-28 /ejn/ -
2014-12-28 /ejn/EJN_Home.aspx -
2014-12-28 /ejn/EJN_Home.aspx -
2014-12-28 /ejn/EJN_Home.aspx -
2014-12-28 /ejn/ -
2014-12-28 /ejn/EJN_Home.aspx -
2014-12-28 /ejn/EJN_Home.aspx -
2014-12-28 /ejn/ -
2014-12-28 /ejn/EJN_AtlasAdvanced.aspx -
2014-12-28 /ejn/ -
2014-12-28 /ejn/EJN_Home.aspx -
2014-12-28 /ejn/libcategories.aspx Id=24
2014-12-28 /ejn/EJN_Home.aspx -
2014-12-28 /ejn/ -
2014-12-28 /ejn/EJN_Home.aspx -
2014-12-28 /ejn/ -
2014-12-28 /ejn/EJN_AtlasAdvanced.aspx -
2014-12-28 /ejn/EJN_Home.aspx -
2014-12-28 /ejn/EJN_Home.aspx -
2014-12-28 /ejn/ -
2014-12-28 /ejn/EJN_Home.aspx -
2014-12-28 /ejn/EJN_Home.aspx -
2014-12-28 /ejn/ -
2014-12-28 /ejn/EJN_AtlasAdvanced.aspx -
2014-12-28 /ejn/EJN_Home.aspx -
2014-12-28 /ejn/EJN_Home.aspx -
2014-12-28 /ejn/EJN_Home.aspx -
2014-12-28 /ejn/EJN_AtlasAdvanced.aspx -
2014-12-28 /ejn/EJN_Home.aspx -
2014-12-28 /ejn/EJN_Home.aspx -
2014-12-28 /ejn/EJN_Home.aspx -
2014-12-28 /ejn/EJN_Home.aspx -
2014-12-28 /ejn/EJN_Home.aspx -
2014-12-28 /ejn/EJN_Home.aspx -
2014-12-28 /ejn/EJN_Home.aspx -
2014-12-28 /ejn/EJN_Home.aspx -
2014-12-28 /ejn/Events.aspx event=318
2014-12-28 /ejn/EJN_Home.aspx -
2014-12-28 /ejn/EJN_Home.aspx -
2014-12-28 /ejn/EJN_Home.aspx -
2014-12-28 /ejn/EJN_Home.aspx -
2014-12-28 /ejn/EJN_Home.aspx -
2014-12-28 /ejn/EJN_Home.aspx -
2014-12-28 /ejn/EJN_Home.aspx -
2014-12-28 /ejn/Events.aspx Id=7
2014-12-28 /ejn/Events.aspx event=261
2014-12-28 /ejn/ -
2014-12-28 /ejn/EJN_Home.aspx -
2014-12-28 /ejn/EJN_Home.aspx -
2014-12-28 /ejn/ -
2014-12-28 /ejn/EJN_StaticPage.aspx Bread=2
2014-12-28 /ejn/EJN_Secretariat.aspx -
2014-12-28 /ejn/ -
2014-12-28 /ejn/libcategories.aspx Id=34
2014-12-28 /ejn/EJN_Home.aspx -
2014-12-28 /ejn/EJN_StaticPage.aspx Bread=2
2014-12-28 /ejn/ -
2014-12-28 /ejn/EJN_Home.aspx -
2014-12-28 /ejn/Events.aspx event=261
2014-12-28 /ejn/EJN_Home.aspx -
2014-12-28 /ejn/EJN_Home.aspx -
2014-12-28 /ejn/EJN_Home.aspx -
2014-12-28 /ejn/EJN_Home.aspx -
2014-12-28 /ejn/EJN_AtlasAdvanced.aspx -
2014-12-28 /ejn/EJN_Home.aspx -
2014-12-28 /ejn/EJN_Home.aspx -
2014-12-28 /ejn/EJN_Home.aspx -
2014-12-28 /ejn/EJN_Home.aspx -
2014-12-28 /ejn/NewsDetail.aspx Ori=H&id=249
2014-12-28 /ejn/EJN_Home.aspx -
2014-12-28 /ejn/EJN_Home.aspx -
2014-12-28 /ejn/EJN_Home.aspx -
2014-12-28 /ejn/NewsAll.aspx Id=2
2014-12-28 /ejn/EJN_Home.aspx -
2014-12-28 /ejn/EJN_Home.aspx -
2014-12-28 /ejn/EJN_AtlasAdvanced.aspx -
2014-12-28 /ejn/ -
2014-12-28 /ejn/EJN_Home.aspx -
2014-12-28 /ejn/EJN_Home.aspx -
2014-12-28 /ejn/ -
2014-12-28 /ejn/EJN_AtlasAdvanced.aspx -
2014-12-28 /ejn/EJN_Home.aspx -
2014-12-28 /ejn/EJN_Home.aspx -
2014-12-28 /ejn/EJN_Home.aspx -
2014-12-28 /ejn/EJN_Home.aspx -
2014-12-28 /ejn/EJN_StaticPage.aspx Bread=16
2014-12-28 /ejn/EJN_Home.aspx -
2014-12-28 /ejn/ -
2014-12-28 /ejn/EJN_AtlasAdvanced.aspx -
2014-12-28 /ejn/libcategories.aspx Id=24
2014-12-28 /ejn/EJN_Library_StatusOfImpByCat.aspx CategoryId=24
2014-12-28 /ejn/ -
2014-12-28 /ejn/ -
2014-12-28 /ejn/EJN_Home.aspx -
2014-12-28 /ejn/EJN_Home.aspx -
2014-12-28 /ejn/ -
2014-12-28 /ejn/EJN_AtlasAdvanced.aspx -
2014-12-28 /ejn/EJN_Home.aspx -
2014-12-28 /ejn/EJN_Home.aspx -
2014-12-28 /ejn/EJN_Home.aspx -
2014-12-28 /ejn/EJN_Home.aspx -
2014-12-28 /ejn/ -
2014-12-28 /ejn/EJN_AtlasAdvanced.aspx -
2014-12-28 /ejn/EJN_AtlasAdvanced.aspx -
2014-12-28 /documents.aspx -
2014-12-28 /ejn/EJN_Home.aspx -
2014-12-28 /forms.aspx -
2014-12-28 /ejn/EJN_Home.aspx -
2014-12-28 /ejn/ -
2014-12-28 /ejn/EJN_Home.aspx -
2014-12-28 /ejn/ -
2014-12-28 /ejn/EJN_AtlasAdvanced.aspx -
2014-12-28 /ejn/EJN_Home.aspx -
2014-12-28 /ejn/EJN_Home.aspx -
2014-12-28 /ejn/libcategories.aspx Id=25
2014-12-28 /ejn/ -
2014-12-28 /ejn/ -
2014-12-28 /ejn/EJN_AtlasAdvanced.aspx -
2014-12-28 /ejn/EJN_Home.aspx -
2014-12-28 /ejn/EJN_Home.aspx -
2014-12-28 /ejn/EJN_StaticPage.aspx Bread=31
2014-12-28 /ejn/ -
2014-12-28 /ejn/AtlasChooseCountry.aspx Type=2
2014-12-28 /ejn/AtlasChooseMeasure.aspx MP=0&Cou=272
2014-12-28 /ejn/EJN_FichesBelgesResult.aspx measure=501&country=272&other=-1
2014-12-28 /ejn/EJN_FichesBelgesResult.aspx measure=102&country=272&other=-1
2014-12-28 /ejn/EJN_FichesBelgesResult.aspx measure=105&country=272&other=-1
2014-12-28 /default.aspx -
2014-12-28 /ejn/EJN_Home.aspx -
2014-12-28 /ejn/ -
2014-12-28 /ejn/EJN_AtlasAdvanced.aspx -
2014-12-28 /ejn/EJN_Home.aspx -
2014-12-28 /ejn/EJN_Home.aspx -
2014-12-28 /ejn/EJN_Home.aspx -
2014-12-28 /ejn/ -
2014-12-28 /ejn/EJN_AtlasAdvanced.aspx -
2014-12-28 /ejn/EJN_Home.aspx -
2014-12-28 /ejn/EJN_Home.aspx -
2014-12-28 /ejn/EJN_Compendium.aspx -
2014-12-28 /ejn/EJN_Home.aspx -
2014-12-28 /ejn/EJN_InfoAbout.aspx Id=269
2014-12-28 /ejn/ -
2014-12-28 /ejn/AtlasChooseMeasure.aspx Mp=1&Cou=FR&Type=2
2014-12-28 /ejn/ -
2014-12-28 /ejn/AtlasChooseCountry.aspx Type=2
2014-12-28 /ejn/NewsAll.aspx Id=5
2014-12-28 /ejn/EJN_Home.aspx -
2014-12-28 /ejn/AtlasChooseCountry.aspx Type=2
2014-12-28 /ejn/AtlasChooseMeasure.aspx MP=0&Cou=260
2014-12-28 /ejn/AtlasChooseMeasure.aspx MP=0&Cou=260
2014-12-28 /ejn/AtlasChooseMeasure.aspx MP=0&Cou=260
2014-12-28 /ejn/AtlasSelection.aspx -
2014-12-28 /ejn/AtlasSelection.aspx -
2014-12-28 /ejn/AtlasChooseMeasure.aspx Mp=1&Cou=FR&Type=2
2014-12-28 /ejn/AtlasChooseMeasure.aspx Mp=1&Cou=FR&Type=2
2014-12-28 /ejn/AtlasSelection.aspx -
2014-12-28 /ejn/AtlasSelection.aspx -
2014-12-28 /ejn/AtlasSelection.aspx -
2014-12-28 /ejn/AtlasSelection.aspx -
2014-12-28 /ejn/AtlasSelection.aspx -
2014-12-28 /ejn/AtlasChooseAuthority.aspx -
2014-12-28 /ejn/AtlasSelection.aspx -
2014-12-28 /ejn/AtlasAuthorityData.aspx Id=2305
2014-12-28 /ejn/AtlasChooseAuthority.aspx/GetLocations -
2014-12-28 /ejn/AtlasChooseAuthority.aspx/GetLocations -
2014-12-28 /ejn/AtlasChooseAuthority.aspx/GetLocations -
2014-12-28 /ejn/AtlasChooseAuthority.aspx/GetLocations -
2014-12-28 /ejn/AtlasChooseAuthority.aspx/GetLocations -
2014-12-28 /ejn/AtlasChooseAuthority.aspx/GetLocations -
2014-12-28 /ejn/AtlasChooseAuthority.aspx -
2014-12-28 /ejn/AtlasAuthorityData.aspx Id=4754
2014-12-28 /ejn/AtlasChooseAuthority.aspx -
2014-12-28 /ejn/AtlasSelection.aspx Option=LegalInstrument
2014-12-28 /ejn/AtlasSelection.aspx Option=LegalInstrument
2014-12-28 /ejn/AtlasSelection.aspx Option=LegalInstrument
2014-12-28 /ejn/AtlasChooseAuthority.aspx -
2014-12-28 /ejn/AtlasChooseAuthority.aspx/GetLocations -
2014-12-28 /ejn/AtlasChooseAuthority.aspx/GetLocations -
2014-12-28 /ejn/AtlasChooseAuthority.aspx/GetLocations -
2014-12-28 /ejn/AtlasChooseAuthority.aspx -
2014-12-28 /ejn/AtlasAuthorityData.aspx Id=4618
2014-12-28 /ejn/EJN_Home.aspx -
2014-12-28 /ejn/EJN_Home.aspx -
2014-12-28 /ejn/EJN_Home.aspx -
2014-12-28 /ejn/EJN_Home.aspx -
2014-12-28 /ejn/EJN_AtlasAdvanced.aspx -
2014-12-28 /ejn/ -
2014-12-28 /ejn/EJN_Home.aspx -
2014-12-28 /ejn/EJN_Gallery.aspx -
2014-12-28 /ejn/EJN_Home.aspx -
2014-12-28 /ejn/EJN_Gallery.aspx -
2014-12-28 /ejn/EJN_Home.aspx -
2014-12-28 /ejn/EJN_Home.aspx -
2014-12-28 /ejn/EJN_Home.aspx -
2014-12-28 /ejn/EJN_Home.aspx -
2014-12-28 /ejn/ -
2014-12-28 /ejn/EJN_AtlasAdvanced.aspx -
2014-12-28 /ejn/ -
2014-12-28 /ejn/ -
2014-12-28 /ejn/AtlasChooseCountry.aspx Type=2
2014-12-28 /ejn/AtlasChooseMeasure.aspx MP=0&Cou=351
2014-12-28 /ejn/AtlasChooseMeasure.aspx MP=0&Cou=351
2014-12-28 /ejn/AtlasChooseMeasure.aspx MP=0&Cou=351
2014-12-28 /ejn/AtlasChooseMeasure.aspx MP=0&Cou=351
2014-12-28 /ejn/AtlasSelection.aspx -
2014-12-28 /ejn/AtlasSelection.aspx -
2014-12-28 /ejn/AtlasSelection.aspx -
2014-12-28 /ejn/AtlasSelection.aspx -
2014-12-28 /ejn/AtlasSelection.aspx -
2014-12-28 /ejn/AtlasSelection.aspx -
2014-12-28 /ejn/AtlasChooseAuthority.aspx -
2014-12-28 /ejn/AtlasChooseAuthority.aspx -
2014-12-28 /ejn/AtlasChooseAuthority.aspx -
2014-12-28 /ejn/AtlasAuthorityData.aspx Id=5251
2014-12-28 /ejn/EJN_Home.aspx -
2014-12-28 /ejn/EJN_AtlasAdvanced.aspx -
2014-12-28 /ejn/ -
2014-12-28 /ejn/EJN_StaticPage.aspx Bread=21
2014-12-28 /eawwizard.aspx -
2014-12-28 /ejn/EJN_Home.aspx -
2014-12-28 /ejn/EJN_Home.aspx -
2014-12-28 /ejn/ -
2014-12-28 /ejn/libcategories.aspx Id=24
2014-12-28 /ejn/libshowdocument.aspx Id=95&Lang=ES
2014-12-28 /ejn/ -
2014-12-28 /ejn/EJN_AtlasAdvanced.aspx -
2014-12-28 /ejn/ -
2014-12-28 /ejn/ -
2014-12-28 /ejn/EJN_Home.aspx -
2014-12-28 /ejn/EJN_QuickLinks.aspx id=24
2014-12-28 /ejn/EJN_EAWWizard.aspx -
2014-12-28 /ejn/ctrls.eawwizard/IframeEngine.aspx -
2014-12-28 /ejn/EJN_EAWWizard.aspx -
2014-12-28 /ejn/ctrls.eawwizard/IframeEngine.aspx -
2014-12-28 /ejn/EJN_Home.aspx -
2014-12-28 /ejn/ -
2014-12-28 /ejn/ -
2014-12-28 /ejn/EJN_AtlasAdvanced.aspx -
2014-12-28 /ejn/ -
2014-12-28 /ejn/EJN_Home.aspx -
2014-12-28 /ejn/ -
2014-12-28 /ejn/EJN_AtlasAdvanced.aspx -
2014-12-28 /ejn/EJN_Home.aspx -
2014-12-28 /ejn/EJN_Home.aspx -
2014-12-28 /ejn/EJN_Home.aspx -
2014-12-28 /ejn/EJN_Home.aspx -
2014-12-28 /ejn/EJN_Home.aspx -
2014-12-28 /ejn/EJN_Home.aspx -
2014-12-28 /ejn/EJN_AtlasAdvanced.aspx -
2014-12-28 /ejn/EJN_Home.aspx -
2014-12-28 /ejn/ -
2014-12-28 /ejn/EJN_AtlasAdvanced.aspx -
2014-12-28 /ejn/EJN_Home.aspx -
2014-12-28 /ejn/ -
2014-12-28 /ejn/EJN_AtlasAdvanced.aspx -
2014-12-28 /ejn/EJN_Home.aspx -
2014-12-28 /ejn/EJN_Home.aspx -
2014-12-28 /ejn/EJN_Home.aspx -
2014-12-28 /ejn/ -
2014-12-28 /ejn/EJN_AtlasAdvanced.aspx -
2014-12-28 /ejn/EJN_Home.aspx -
2014-12-28 /ejn/EJN_Home.aspx -
2014-12-28 /ejn/EJN_Home.aspx -
2014-12-28 /ejn/EJN_Home.aspx -
2014-12-28 /ejn/ -
2014-12-28 /ejn/ -
2014-12-28 /ejn/ -
2014-12-28 /ejn/EJN_AtlasAdvanced.aspx -
2014-12-28 /ejn/EJN_Home.aspx -
2014-12-28 /ejn/EJN_Home.aspx -
2014-12-28 /ejn/EJN_Home.aspx -
2014-12-28 /ejn/EJN_Home.aspx -
2014-12-28 /ejn/EJN_Home.aspx -
2014-12-28 /ejn/EJN_Home.aspx -
2014-12-28 /ejn/EJN_Home.aspx -
2014-12-28 /ejn/ -
2014-12-28 /ejn/EJN_Home.aspx -
2014-12-28 /european-arrest-warrant.aspx -
2014-12-28 /ejn/EJN_Home.aspx -
2014-12-28 /ejn/ -
2014-12-28 /ejn/ -
2014-12-28 /ejn/AtlasChooseCountry.aspx Type=2
2014-12-28 /ejn/AtlasChooseMeasure.aspx MP=0&Cou=313
2014-12-28 /ejn/EJN_Home.aspx -
2014-12-28 /ejn/EJN_Home.aspx -
2014-12-28 /ejn/AtlasChooseMeasure.aspx MP=0&Cou=313
2014-12-28 /ejn/AtlasChooseMeasure.aspx MP=0&Cou=313
2014-12-28 /ejn/AtlasSelection.aspx -
2014-12-28 /ejn/AtlasChooseAuthority.aspx -
2014-12-28 /ejn/AtlasChooseAuthority.aspx -
2014-12-28 /ejn/AtlasChooseAuthority.aspx -
2014-12-28 /ejn/AtlasAuthorityData.aspx Id=4997
2014-12-28 /ejn/ -
2014-12-28 /ejn/ -
2014-12-28 /ejn/AtlasChooseCountry.aspx Type=2
2014-12-28 /ejn/AtlasChooseCountry.aspx Type=2
2014-12-28 /ejn/AtlasChooseMeasure.aspx MP=0&Cou=351
2014-12-28 /ejn/EJN_Home.aspx -
2014-12-28 /ejn/AtlasChooseMeasure.aspx MP=0&Cou=351
2014-12-28 /ejn/AtlasChooseMeasure.aspx MP=0&Cou=351
2014-12-28 /ejn/AtlasSelection.aspx -
2014-12-28 /ejn/AtlasSelection.aspx -
2014-12-28 /ejn/AtlasSelection.aspx -
2014-12-28 /ejn/AtlasSelection.aspx -
2014-12-28 /ejn/AtlasSelection.aspx -
2014-12-28 /ejn/AtlasChooseAuthority.aspx -
2014-12-28 /ejn/AtlasChooseCountry.aspx Type=2
2014-12-28 /ejn/AtlasChooseAuthority.aspx -
2014-12-28 /ejn/AtlasChooseAuthority.aspx -
2014-12-28 /ejn/AtlasAuthorityData.aspx Id=5282
2014-12-28 /ejn/EJN_Home.aspx -
2014-12-28 /ejn/AtlasChooseMeasure.aspx MP=1&Cou=DE
2014-12-28 /ejn/EJN_Home.aspx -
2014-12-28 /ejn/EJN_Home.aspx -
2014-12-28 /ejn/EJN_Home.aspx -
2014-12-28 /ejn/EJN_FichesBelgesResult.aspx measure=701&country=277&other=-1
2014-12-28 /ejn/EJN_AtlasAdvanced.aspx -
2014-12-28 /ejn/ -
2014-12-28 /ejn/AtlasChooseCountry.aspx Type=2
2014-12-28 /ejn/AtlasChooseMeasure.aspx MP=1&Cou=DE
2014-12-28 /ejn/AtlasChooseMeasure.aspx MP=1&Cou=DE
2014-12-28 /ejn/AtlasChooseCountry.aspx Type=2
2014-12-28 /ejn/EJN_Home.aspx -
2014-12-28 /ejn/EJN_Home.aspx -
2014-12-28 /ejn/EJN_Compendium.aspx -
2014-12-28 /ejn/ctrls.compendium/IframeEngine.aspx -
2014-12-28 /ejn/EJN_Home.aspx -
2014-12-28 /ejn/EJN_Home.aspx -
2014-12-28 /ejn/EJN_Home.aspx -
2014-12-28 /ejn/EJN_Home.aspx -
2014-12-28 /ejn/EJN_Home.aspx -
2014-12-28 /ejn/EJN_Home.aspx -
2014-12-28 /ejn/ -
2014-12-28 /ejn/EJN_Home.aspx -
2014-12-28 /ejn/ -
2014-12-28 /ejn/EJN_Home.aspx -
2014-12-28 /ejn/EJN_Home.aspx -
2014-12-28 /ejn/EJN_QuickLinks.aspx id=24
2014-12-28 /ejn/EJN_QuickLinks.aspx id=24
2014-12-28 /ejn/EJN_EAWWizard.aspx -
2014-12-28 /ejn/ctrls.eawwizard/IframeEngine.aspx -
2014-12-28 /ejn/EJN_Gallery.aspx -
2014-12-28 /ejn/EJN_EAWWizard.aspx -
2014-12-28 /ejn/ctrls.eawwizard/IframeEngine.aspx -
2014-12-28 /ejn/EJN_Home.aspx -
2014-12-28 /ejn/EJN_Home.aspx -
2014-12-28 /ejn/EJN_Home.aspx -
2014-12-28 /ejn/EJN_Home.aspx -
2014-12-28 /ejn/ -
2014-12-28 /ejn/ -
2014-12-28 /ejn/EJN_FichesBelges.aspx -
2014-12-28 /ejn/EJN_FichesBelges.aspx -
2014-12-28 /ejn/EJN_FichesBelges.aspx -
2014-12-28 /ejn/EJN_FichesBelges.aspx -
2014-12-28 /ejn/EJN_FichesBelgesResult.aspx measure=901&country=230&other=277
2014-12-28 /ejn/EJN_Home.aspx -
2014-12-28 /ejn/EJN_Home.aspx -
2014-12-28 /ejn/EJN_Home.aspx -
2014-12-28 /ejn/EJN_Home.aspx -
2014-12-28 /ejn/EJN_Home.aspx -
2014-12-28 /ejn/EJN_Home.aspx -
2014-12-28 /ejn/EJN_AtlasAdvanced.aspx -
2014-12-28 /ejn/EJN_Home.aspx -
2014-12-28 /ejn/EJN_QuickLinks.aspx id=27
2014-12-28 /ejn/EJN_Home.aspx -
2014-12-28 /ejn/EJN_Home.aspx -
2014-12-28 /ejn/EJN_Home.aspx -
2014-12-28 /ejn/EJN_Home.aspx -
2014-12-28 /ejn/EJN_Home.aspx -
2014-12-28 /ejn/EJN_Home.aspx -
2014-12-28 /ejn/ -
2014-12-28 /ejn/ -
2014-12-28 /ejn/EJN_StaticPage.aspx Bread=13
2014-12-28 /ejn/EJN_Home.aspx -
2014-12-28 /ejn/EJN_Home.aspx -
2014-12-28 /ejn/EJN_Home.aspx -
2014-12-28 /ejn/EJN_Home.aspx -
2014-12-28 /ejn/EJN_Home.aspx -
2014-12-28 /atlas_advanced.aspx -
2014-12-28 /ejn/EJN_Home.aspx -
2014-12-28 /ejn/EJN_Home.aspx -
2014-12-28 /ejn/libcategories.aspx Id=1
2014-12-28 /ejn/EJN_Home.aspx -
2014-12-28 /ejn/EJN_Home.aspx -
2014-12-28 /ejn/ -
2014-12-28 /ejn/Events.aspx event=79
2014-12-28 /ejn/EJN_Home.aspx -
2014-12-28 /ejn/EJN_Home.aspx -
2014-12-28 /ejn/EJN_Home.aspx -
2014-12-28 /ejn/EJN_Home.aspx -
2014-12-28 /ejn/EJN_Home.aspx -
2014-12-28 /ejn/EJN_Home.aspx -
2014-12-28 /ejn/EJN_AtlasAdvanced.aspx -
2014-12-28 /ejn/EJN_Home.aspx -
2014-12-28 /ejn/EJN_FichesBelges.aspx -
2014-12-28 /ejn/EJN_Home.aspx -
2014-12-28 /ejn/EJN_Home.aspx -
2014-12-28 /ejn/ -
2014-12-28 /ejn/libshowdocument.aspx Id=222&Lang=LT
2014-12-28 /ejn/EJN_Home.aspx -
2014-12-28 /ejn/EJN_Home.aspx -
2014-12-28 /ejn/AtlasChooseCountry.aspx Type=1
2014-12-28 /ejn/AtlasChooseMeasure.aspx MP=1&Cou=DE
2014-12-28 /ejn/AtlasSelection.aspx -
2014-12-28 /ejn/AtlasChooseAuthority.aspx -
2014-12-28 /ejn/EJN_Home.aspx -
2014-12-28 /ejn/EJN_Home.aspx -
2014-12-28 /ejn/ -
2014-12-28 /ejn/EJN_Secretariat.aspx -
2014-12-28 /ejn/EJN_Secretariat.aspx -
2014-12-28 /ejn/EJN_InfoAbout.aspx Id=277
2014-12-28 /ejn/ejn_home.aspx -
2014-12-28 /ejn/EJN_InfoAbout.aspx Id=277++Culture:DESessionId:fwgfcfcoiyieagtlusbehbz2Date_Time:23:03
2014-12-28 /ejn/EJN_ContactUs.aspx &KeepThis=true&
2014-12-28 /ejn/EJN_InfoAbout.aspx Id=277
2014-12-28 /ejn/EJN_ContactUs.aspx &KeepThis=true&
2014-12-28 /ejn/EJN_Secretariat.aspx -
2014-12-28 /ejn/AtlasChooseCountry.aspx Type=2
2014-12-28 /ejn/AtlasChooseMeasure.aspx MP=1&Cou=DE
2014-12-28 /ejn/AtlasChooseMeasure.aspx MP=1&Cou=DE
2014-12-28 /ejn/EJN_FichesBelgesResult.aspx measure=401&country=277&other=-1
2014-12-28 /ejn/EJN_Home.aspx -
2014-12-28 /ejn/EJN_News.aspx id=52
2014-12-28 /ejn/EJN_News.aspx id=52
2014-12-28 /default.aspx -
2014-12-28 /ejn/ -
2014-12-28 /ejn/AtlasChooseMeasure.aspx Mp=1&Cou=ES&Type=2
2014-12-28 /ejn/AtlasChooseMeasure.aspx Mp=1&Cou=ES&Type=2
2014-12-28 /ejn/AtlasChooseMeasure.aspx Mp=1&Cou=ES&Type=2
2014-12-28 /ejn/AtlasSelection.aspx -
2014-12-28 /ejn/EJN_Home.aspx -
2014-12-28 /ejn/AtlasSelection.aspx -
2014-12-28 /ejn/AtlasSelection.aspx -
2014-12-28 /ejn/AtlasSelection.aspx -
2014-12-28 /ejn/AtlasSelection.aspx -
2014-12-28 /ejn/AtlasAuthorityData.aspx Id=4145
2014-12-28 /ejn/EJN_Home.aspx -
2014-12-28 /ejn/AtlasChooseCountry.aspx Type=2
2014-12-28 /ejn/AtlasChooseMeasure.aspx MP=0&Cou=351
2014-12-28 /ejn/AtlasChooseMeasure.aspx MP=0&Cou=351
2014-12-28 /ejn/AtlasChooseMeasure.aspx MP=0&Cou=351
2014-12-28 /ejn/AtlasChooseMeasure.aspx MP=0&Cou=351
2014-12-28 /ejn/AtlasSelection.aspx -
2014-12-28 /ejn/EJN_Home.aspx -
2014-12-28 /ejn/EJN_Home.aspx -
2014-12-28 /ejn/AtlasSelection.aspx -
2014-12-28 /ejn/AtlasSelection.aspx -
2014-12-28 /ejn/AtlasSelection.aspx -
2014-12-28 /ejn/AtlasSelection.aspx -
2014-12-28 /ejn/AtlasChooseAuthority.aspx -
2014-12-28 /ejn/AtlasChooseAuthority.aspx -
2014-12-28 /ejn/AtlasChooseAuthority.aspx -
2014-12-28 /ejn/AtlasAuthorityData.aspx Id=5208
2014-12-28 /ejn/EJN_Home.aspx -
2014-12-28 /ejn/AtlasChooseAuthority.aspx -
2014-12-28 /ejn/EJN_Home.aspx -
2014-12-28 /ejn/EJN_Home.aspx -
2014-12-28 /ejn/EJN_Login.aspx -
2014-12-28 /ejn/EJN_Login.aspx -
2014-12-28 /ejn/EJN_ContactPointsNew.aspx -
2014-12-28 /ejn/EJN_ContactPointsNew.aspx -
2014-12-28 /ejn/EJN_ContactPointsNew.aspx -
2014-12-28 /ejn/EJN_Home.aspx -
2014-12-28 /ejn/ -
2014-12-28 /ejn/ -
2014-12-28 /ejn/AtlasChooseCountry.aspx Type=1
2014-12-28 /ejn/EJN_Compendium.aspx -
2014-12-28 /ejn/ctrls.compendium/IframeEngine.aspx -
2014-12-28 /ejn/EJN_Compendium.aspx -
2014-12-28 /ejn/ctrls.compendium/IframeEngine.aspx -
2014-12-28 /ejn/EJN_FichesBelges.aspx -
2014-12-28 /ejn/EJN_FichesBelgesTable.aspx -
2014-12-28 /ejn/EJN_Home.aspx -
2014-12-28 /ejn/EJN_FichesBelgesGuide.aspx -
2014-12-28 /ejn/EJN_Home.aspx -
2014-12-28 /ejn/EJN_FichesBelgesTable.aspx -
2014-12-28 /ejn/EJN_Home.aspx -
2014-12-28 /ejn/ -
2014-12-28 /ejn/EJN_Home.aspx -
2014-12-28 /ejn/EJN_AtlasAdvanced.aspx -
2014-12-28 /ejn/EJN_Home.aspx -
2014-12-28 /ejn/EJN_Home.aspx -
2014-12-28 /ejn/ -
2014-12-28 /ejn/EJN_Home.aspx -
2014-12-28 /ejn/EJN_Home.aspx -
2014-12-28 /ejn/EJN_Home.aspx -
2014-12-28 /ejn/EJN_EAWAtlasOld.aspx ctyCode=
2014-12-28 /ejn/EJN_Home.aspx -
2014-12-28 /ejn/Events.aspx event=322
2014-12-28 /ejn/EJN_Home.aspx -
2014-12-28 /ejn/EJN_Home.aspx -
2014-12-28 /ejn/EJN_Home.aspx -
2014-12-28 /ejn/EJN_AtlasAdvanced.aspx -
2014-12-28 /ejn/ -
2014-12-28 /ejn/ -
2014-12-28 /ejn/EJN_Home.aspx -
2014-12-28 /ejn/ -
2014-12-28 /ejn/EJN_AtlasAdvanced.aspx -
2014-12-28 /ejn/EJN_Home.aspx -
2014-12-28 /ejn/EJN_Home.aspx -
2014-12-28 /ejn/EJN_Home.aspx -
2014-12-28 /ejn/EJN_AtlasAdvanced.aspx -
2014-12-28 /ejn/EJN_Home.aspx -
2014-12-28 /ejn/EJN_StaticPage.aspx Bread=34
2014-12-28 /ejn/EJN_Home.aspx -
2014-12-28 /ejn/EJN_Home.aspx -
2014-12-28 /ejn/EJN_Home.aspx -
2014-12-28 /ejn/EJN_Home.aspx -
