2014-10-11 /ejn/EJN_Home.aspx -
2014-10-11 /ejn/ -
2014-10-11 /ejn/EJN_AtlasAdvanced.aspx -
2014-10-11 /ejn/EJN_Compendium.aspx -
2014-10-11 /ejn/EJN_Home.aspx -
2014-10-11 /ejn/EJN_Home.aspx -
2014-10-11 /ejn/EJN_Home.aspx -
2014-10-11 /ejn/EJN_Home.aspx -
2014-10-11 /ejn/EJN_Home.aspx -
2014-10-11 /ejn/EJN_Home.aspx -
2014-10-11 /ejn/EJN_Home.aspx -
2014-10-11 /ejn/EJN_Home.aspx -
2014-10-11 /ejn/EJN_Home.aspx -
2014-10-11 /ejn/EJN_Home.aspx -
2014-10-11 /ejn/EJN_Home.aspx -
2014-10-11 /ejn/EJN_Home.aspx -
2014-10-11 /ejn/EJN_Home.aspx -
2014-10-11 /ejn/ -
2014-10-11 /ejn/EJN_Home.aspx -
2014-10-11 /ejn/EJN_Home.aspx -
2014-10-11 /ejn/ -
2014-10-11 /ejn/EJN_Home.aspx -
2014-10-11 /ejn/EJN_Home.aspx -
2014-10-11 /ejn/EJN_Home.aspx -
2014-10-11 /ejn/EJN_Home.aspx -
2014-10-11 /ejn/newsdetail.aspx Id=251
2014-10-11 /ejn/newsdetail.aspx Id=257
2014-10-11 /ejn/EJN_Home.aspx -
2014-10-11 /ejn/libdocumentproperties.aspx Id=1386
2014-10-11 /ejn/libdocumentproperties.aspx Id=1380
2014-10-11 /ejn/EJN_Home.aspx -
2014-10-11 /ejn/libdocumentproperties.aspx Id=1387
2014-10-11 /ejn/libshowdocument.aspx Id=421&Lang=HR
2014-10-11 /ejn/libdocumentproperties.aspx Id=1384
2014-10-11 /ejn/libdocumentproperties.aspx Id=1394
2014-10-11 /ejn/libdocumentproperties.aspx Id=1388
2014-10-11 /ejn/libdocumentproperties.aspx Id=1392
2014-10-11 /ejn/libdocumentproperties.aspx Id=1390
2014-10-11 /ejn/libdocumentproperties.aspx Id=1391
2014-10-11 /ejn/libdocumentproperties.aspx Id=1398
2014-10-11 /ejn/EJN_Home.aspx -
2014-10-11 /ejn/newsdetail.aspx Id=262
2014-10-11 /ejn/newsdetail.aspx Id=266
2014-10-11 /ejn/EJN_Home.aspx -
2014-10-11 /ejn/ejn_home.aspx -
2014-10-11 /ejn/EJN_StaticPage.aspx Bread=20
2014-10-11 /ejn/EJN_Home.aspx -
2014-10-11 /ejn/Events.aspx event=231
2014-10-11 /ejn/EJN_Home.aspx -
2014-10-11 /ejn/EJN_StaticPage.aspx Bread=2
2014-10-11 /ejn/libdocumentproperties.aspx Id=1404
2014-10-11 /ejn/EJN_Home.aspx -
2014-10-11 /ejn/EJN_Home.aspx -
2014-10-11 /ejn/EJN_Home.aspx -
2014-10-11 /ejn/newsdetail.aspx Id=269
2014-10-11 /ejn/EJN_Home.aspx -
2014-10-11 /ejn/ -
2014-10-11 /ejn/EJN_AtlasAdvanced.aspx -
2014-10-11 /ejn/EJN_Home.aspx -
2014-10-11 /ejn/EJN_Home.aspx -
2014-10-11 /ejn/newsdetail.aspx Id=272
2014-10-11 /ejn/EJN_Home.aspx -
2014-10-11 /ejn/newsdetail.aspx Id=270
2014-10-11 /ejn/EJN_Home.aspx -
2014-10-11 /ejn/EJN_Home.aspx -
2014-10-11 /ejn/EJN_Home.aspx -
2014-10-11 /ejn/EJN_Home.aspx -
2014-10-11 /ejn/EJN_Secretariat.aspx -
2014-10-11 /ejn/EJN_Home.aspx -
2014-10-11 /ejn/EJN_Home.aspx -
2014-10-11 /ejn/EJN_Home.aspx -
2014-10-11 /ejn/EJN_Home.aspx -
2014-10-11 /ejn/EJN_Home.aspx -
2014-10-11 /ejn/EJN_Home.aspx -
2014-10-11 /ejn/ -
2014-10-11 /ejn/ -
2014-10-11 /ejn/EJN_Home.aspx -
2014-10-11 /ejn/EJN_Home.aspx -
2014-10-11 /ejn/EJN_Home.aspx -
2014-10-11 /ejn/EJN_Home.aspx -
2014-10-11 /ejn/EJN_Home.aspx -
2014-10-11 /ejn/EJN_Home.aspx -
2014-10-11 /ejn/EJN_Home.aspx -
2014-10-11 /ejn/EJN_Home.aspx -
2014-10-11 /ejn/EJN_Home.aspx -
2014-10-11 /ejn/ -
2014-10-11 /ejn/EJN_Home.aspx -
2014-10-11 /ejn/EJN_Home.aspx -
2014-10-11 /ejn/EJN_Home.aspx -
2014-10-11 /ejn/EJN_Home.aspx -
2014-10-11 /ejn/libdocumentproperties.aspx Id=1407
2014-10-11 /atlas_advanced.aspx -
2014-10-11 /contact_points.aspx -
2014-10-11 /fiches_belges.aspx -
2014-10-11 /compendium.aspx -
2014-10-11 /ejn/libdocumentproperties.aspx Id=1405
2014-10-11 /ejn/libshowdocument.aspx Id=244&Lang=BG
2014-10-11 /ejn/libshowdocument.aspx Id=244&Lang=RO
2014-10-11 /ejn/libdocumentproperties.aspx Id=1171
2014-10-11 /ejn/EJN_Home.aspx -
2014-10-11 /ejn/newsdetail.aspx Id=276
2014-10-11 /ejn/newsdetail.aspx Id=274
2014-10-11 /ejn/newsdetail.aspx Id=275
2014-10-11 /ejn/libcategories.aspx Id=12
2014-10-11 /ejn/libcategories.aspx Id=20
2014-10-11 /ejn/libcategories.aspx Id=11
2014-10-11 /ejn/libcategories.aspx Id=21
2014-10-11 /ejn/libcategories.aspx Id=13
2014-10-11 /ejn/libcategories.aspx Id=51
2014-10-11 /ejn/libcategories.aspx Id=9
2014-10-11 /ejn/libcategories.aspx Id=10
2014-10-11 /ejn/libdocumentproperties.aspx Id=1250
2014-10-11 /ejn/libshowdocument.aspx Id=1250&Lang=EN
2014-10-11 /ejn/libdocumentproperties.aspx Id=1276
2014-10-11 /ejn/libshowdocument.aspx Id=1276&Lang=DE
2014-10-11 /ejn/libshowdocument.aspx Id=1276&Lang=CS
2014-10-11 /ejn/libshowdocument.aspx Id=1276&Lang=BG
2014-10-11 /ejn/libshowdocument.aspx Id=1276&Lang=DK
2014-10-11 /ejn/libshowdocument.aspx Id=1276&Lang=EN
2014-10-11 /ejn/libshowdocument.aspx Id=1276&Lang=ET
2014-10-11 /ejn/libshowdocument.aspx Id=1276&Lang=FI
2014-10-11 /ejn/libshowdocument.aspx Id=1276&Lang=FR
2014-10-11 /ejn/libshowdocument.aspx Id=1276&Lang=EL
2014-10-11 /ejn/libshowdocument.aspx Id=1276&Lang=IT
2014-10-11 /ejn/libshowdocument.aspx Id=1276&Lang=LT
2014-10-11 /ejn/libshowdocument.aspx Id=1276&Lang=HU
2014-10-11 /ejn/libshowdocument.aspx Id=1276&Lang=MT
2014-10-11 /ejn/libshowdocument.aspx Id=1276&Lang=ES
2014-10-11 /ejn/libshowdocument.aspx Id=1276&Lang=LV
2014-10-11 /ejn/libshowdocument.aspx Id=1276&Lang=PT
2014-10-11 /ejn/libshowdocument.aspx Id=1276&Lang=PL
2014-10-11 /ejn/libshowdocument.aspx Id=1276&Lang=SK
2014-10-11 /ejn/libshowdocument.aspx Id=1276&Lang=NL
2014-10-11 /ejn/libshowdocument.aspx Id=1276&Lang=RO
2014-10-11 /ejn/libshowdocument.aspx Id=1276&Lang=SV
2014-10-11 /ejn/libshowdocument.aspx Id=1276&Lang=SL
2014-10-11 /ejn/libshowdocument.aspx Id=1250&Lang=FR
2014-10-11 /ejn/ -
2014-10-11 /ejn/EJN_AtlasAdvanced.aspx -
2014-10-11 /ejn/EJN_Home.aspx -
2014-10-11 /ejn/EJN_Home.aspx -
2014-10-11 /ejn/EJN_Home.aspx -
2014-10-11 /ejn/EJN_Home.aspx -
2014-10-11 /ejn/EJN_Home.aspx -
2014-10-11 /ejn/ -
2014-10-11 /ejn/libshowdocument.aspx Id=1276&Lang=HR
2014-10-11 /ejn/EJN_Home.aspx -
2014-10-11 /ejn/EJN_Home.aspx -
2014-10-11 /ejn/EJN_AtlasAdvanced.aspx -
2014-10-11 /ejn/EJN_Home.aspx -
2014-10-11 /ejn/libshowdocument.aspx Id=222&Lang=LT
2014-10-11 /ejn/EJN_Home.aspx -
2014-10-11 /ejn/EJN_Home.aspx -
2014-10-11 /ejn/EJN_Home.aspx -
2014-10-11 /ejn/EJN_AtlasAdvanced.aspx -
2014-10-11 /ejn/EJN_AtlasAdvanced.aspx -
2014-10-11 /ejn/EJN_Home.aspx -
2014-10-11 /ejn/EJN_Home.aspx -
2014-10-11 /ejn/EJN_Home.aspx -
2014-10-11 /ejn/EJN_Home.aspx -
2014-10-11 /ejn/EJN_Home.aspx -
2014-10-11 /ejn/EJN_Home.aspx -
2014-10-11 /ejn/EJN_Home.aspx -
2014-10-11 /ejn/EJN_Home.aspx -
2014-10-11 /ejn/EJN_StaticPage.aspx Bread=37
2014-10-11 /ejn/EJN_Home.aspx -
2014-10-11 /ejn/EJN_Home.aspx -
2014-10-11 /ejn/EJN_Home.aspx -
2014-10-11 /ejn/EJN_Home.aspx -
2014-10-11 /ejn/EJN_Home.aspx -
2014-10-11 /ejn/ -
2014-10-11 /ejn/EJN_Home.aspx -
2014-10-11 /ejn/EJN_Home.aspx -
2014-10-11 /ejn/ -
2014-10-11 /ejn/ejn_home.aspx -
2014-10-11 /ejn/EJN_Search.aspx -
2014-10-11 /ejn/sitemap.aspx -
2014-10-11 /ejn/EJN_Home.aspx -
2014-10-11 /ejn/EJN_Faqs.aspx -
2014-10-11 /ejn/EJN_ContactUs.aspx &KeepThis=true&TB_iframe=true&height=650&width=900
2014-10-11 /ejn/EJN_StaticPage.aspx Bread=4
2014-10-11 /ejn/EJN_StaticPage.aspx Bread=7
2014-10-11 /ejn/EJN_StaticPage.aspx Bread=8
2014-10-11 /ejn/ -
2014-10-11 /ejn/ -
2014-10-11 /ejn/EJN_StaticPage.aspx Bread=2
2014-10-11 /ejn/libcategories.aspx Id=34
2014-10-11 /ejn/libcategories.aspx Id=32
2014-10-11 /ejn/AtlasChooseMeasure.aspx MP=1&Cou=UK&Type=2
2014-10-11 /ejn/EJN_StaticPage.aspx Bread=39
2014-10-11 /ejn/EJN_StaticPage.aspx Bread=9
2014-10-11 /ejn/libcategories.aspx Id=24
2014-10-11 /ejn/libcategories.aspx Id=14
2014-10-11 /ejn/libcategories.aspx Id=25
2014-10-11 /ejn/ -
2014-10-11 /ejn/EJN_StaticPage.aspx Bread=17
2014-10-11 /ejn/Gallery.aspx -
2014-10-11 /ejn/EJN_StaticPage.aspx Bread=28
2014-10-11 /ejn/EJN_StaticPage.aspx Bread=21
2014-10-11 /ejn/EJN_StaticPage.aspx Bread=16
2014-10-11 /ejn/EJN_StaticPage.aspx Bread=13
2014-10-11 /ejn/EJN_StaticPage.aspx Bread=10
2014-10-11 /ejn/EJN_StaticPage.aspx Bread=14
2014-10-11 /ejn/EJN_Secretariat.aspx -
2014-10-11 /ejn/EJN_StaticPage.aspx Bread=27
2014-10-11 /ejn/EJN_AtlasAdvanced.aspx -
2014-10-11 /ejn/EJN_StaticPage.aspx Bread=31
2014-10-11 /ejn/EJN_StaticPage.aspx Bread=18
2014-10-11 /ejn/EJN_StaticPage.aspx Bread=33
2014-10-11 /ejn/EJN_StaticPage.aspx Bread=32
2014-10-11 /ejn/EJN_StaticPage.aspx Bread=34
2014-10-11 /ejn/EJN_StaticPage.aspx Bread=25
2014-10-11 /ejn/EJN_StaticPage.aspx Bread=24
2014-10-11 /ejn/EJN_StaticPage.aspx Bread=35
2014-10-11 /ejn/EJN_StaticPage.aspx Bread=20
2014-10-11 /ejn/EJN_StaticPage.aspx Bread=30
2014-10-11 /ejn/EJN_StaticPage.aspx Bread=22
2014-10-11 /ejn/EJN_StaticPage.aspx Bread=38
2014-10-11 /ejn/EJN_StaticPage.aspx Bread=36
2014-10-11 /ejn/NewsDetail.aspx id=276&Ori=H
2014-10-11 /ejn/EJN_StaticPage.aspx Bread=19
2014-10-11 /ejn/EJN_StaticPage.aspx Bread=37
2014-10-11 /ejn/EJN_StaticPage.aspx Bread=26
2014-10-11 /ejn/NewsDetail.aspx id=270&Ori=H
2014-10-11 /ejn/EJN_StaticPage.aspx Bread=23
2014-10-11 /ejn/NewsDetail.aspx id=272&Ori=H
2014-10-11 /ejn/NewsDetail.aspx id=245&Ori=H
2014-10-11 /ejn/NewsDetail.aspx id=269&Ori=H
2014-10-11 /ejn/Events.aspx id=6
2014-10-11 /ejn/NewsDetail.aspx id=257&Ori=H
2014-10-11 /ejn/Events.aspx event=273
2014-10-11 /ejn/NewsDetail.aspx id=262&Ori=H
2014-10-11 /ejn/NewsDetail.aspx id=251&Ori=H
2014-10-11 /ejn/NewsDetail.aspx id=248&Ori=H
2014-10-11 /ejn/Events.aspx id=7
2014-10-11 /ejn/NewsDetail.aspx id=249&Ori=H
2014-10-11 /ejn/EJN_Home.aspx -
2014-10-11 /ejn/EJN_Home.aspx -
2014-10-11 /ejn/NewsAll.aspx Id=2
2014-10-11 /ejn/Events.aspx Id=6
2014-10-11 /ejn/Events.aspx Id=7
2014-10-11 /ejn/NewsAll.aspx -
2014-10-11 /ejn/NewsAll.aspx Id=1
2014-10-11 /ejn/Events.aspx event=231
2014-10-11 /ejn/NewsAll.aspx Id=5
2014-10-11 /ejn/Events.aspx event=181
2014-10-11 /ejn/NewsAll.aspx Id=4
2014-10-11 /ejn/NewsAll.aspx Id=3
2014-10-11 /ejn/Events.aspx -
2014-10-11 /ejn/EJN_InfoAbout.aspx Id=239
2014-10-11 /ejn/EJN_InfoAbout.aspx Id=258
2014-10-11 /ejn/EJN_SubscribeNewsLetter.aspx -
2014-10-11 /ejn/EJN_InfoAbout.aspx Id=230
2014-10-11 /ejn/EJN_InfoAbout.aspx Id=223
2014-10-11 /ejn/EJN_InfoAbout.aspx Id=432
2014-10-11 /ejn/EJN_InfoAbout.aspx Id=269
2014-10-11 /ejn/EJN_InfoAbout.aspx Id=279
2014-10-11 /ejn/EJN_InfoAbout.aspx Id=293
2014-10-11 /ejn/EJN_InfoAbout.aspx Id=295
2014-10-11 /ejn/EJN_InfoAbout.aspx Id=260
2014-10-11 /ejn/EJN_InfoAbout.aspx Id=277
2014-10-11 /ejn/EJN_InfoAbout.aspx Id=273
2014-10-11 /ejn/EJN_InfoAbout.aspx Id=259
2014-10-11 /ejn/EJN_InfoAbout.aspx Id=287
2014-10-11 /ejn/EJN_InfoAbout.aspx Id=272
2014-10-11 /ejn/EJN_InfoAbout.aspx Id=307
2014-10-11 /ejn/EJN_InfoAbout.aspx Id=352
2014-10-11 /ejn/EJN_InfoAbout.aspx Id=369
2014-10-11 /ejn/EJN_InfoAbout.aspx Id=368
2014-10-11 /ejn/EJN_InfoAbout.aspx Id=313
2014-10-11 /ejn/EJN_InfoAbout.aspx Id=351
2014-10-11 /ejn/EJN_InfoAbout.aspx Id=337
2014-10-11 /ejn/EJN_InfoAbout.aspx Id=354
2014-10-11 /ejn/EJN_InfoAbout.aspx Id=321
2014-10-11 /ejn/EJN_InfoAbout.aspx Id=314
2014-10-11 /ejn/EJN_Home.aspx -
2014-10-11 /ejn/EJN_InfoAbout.aspx Id=364
2014-10-11 /ejn/EJN_InfoAbout.aspx Id=215
2014-10-11 /ejn/EJN_InfoAbout.aspx Id=378
2014-10-11 /ejn/EJN_InfoAbout.aspx Id=433
2014-10-11 /ejn/EJN_InfoAbout.aspx Id=434
2014-10-11 /ejn/EJN_InfoAbout.aspx Id=435
2014-10-11 /ejn/EJN_InfoAbout.aspx Id=395
2014-10-11 /ejn/EJN_InfoAbout.aspx Id=288
2014-10-11 /ejn/EJN_InfoAbout.aspx Id=389
2014-10-11 /ejn/EJN_InfoAbout.aspx Id=373
2014-10-11 /ejn/EJN_FichesBelges.aspx -
2014-10-11 /ejn/EJN_StaticPage.aspx Bread=1
2014-10-11 /ejn/EJN_Compendium.aspx -
2014-10-11 /ejn/EJN_InfoAbout.aspx Id=342
2014-10-11 /ejn/AtlasChooseCountry.aspx Type=1
2014-10-11 /ejn/EJN_InfoAbout.aspx Id=430
2014-10-11 /ejn/EJN_StaticPage.aspx Bread=3
2014-10-11 /ejn/EJN_Login.aspx -
2014-10-11 /ejn/AtlasChooseCountry.aspx Type=2
2014-10-11 /ejn/EJN_Home.aspx -
2014-10-11 /ejn/EJN_EAWWizard.aspx -
2014-10-11 /ejn/EJN_QuickLinks.aspx id=25
2014-10-11 /ejn/EJN_StaticPage.aspx Bread=12
2014-10-11 /ejn/EJN_QuickLinks.aspx id=28
2014-10-11 /ejn/EJN_QuickLinks.aspx id=27
2014-10-11 /ejn/EJN_StaticPage.aspx Bread=11
2014-10-11 /ejn/EJN_QuickLinks.aspx -
2014-10-11 /ejn/EJN_QuickLinks.aspx id=26
2014-10-11 /ejn/EJN_QuickLinks.aspx id=23
2014-10-11 /ejn/libcategories.aspx -
2014-10-11 /ejn/EJN_QuickLinks.aspx id=24
2014-10-11 /ejn/EJN_Search.aspx -
2014-10-11 /ejn/EJN_Home.aspx -
2014-10-11 /ejn/EJN_AtlasAdvanced.aspx -
2014-10-11 /ejn/ejn_search.aspx -
2014-10-11 /ejn/EJN_EAWAtlas.aspx -
2014-10-11 /ejn/ejn_staticpage.aspx Bread=8
2014-10-11 /ejn/libcategories.aspx Id=2
2014-10-11 /ejn/ejn_faqs.aspx -
2014-10-11 /ejn/ejn_staticpage.aspx Bread=7
2014-10-11 /ejn/ejn_staticpage.aspx Bread=4
2014-10-11 /ejn/EJN_StaticPage.aspx Bread=5
2014-10-11 /ejn/EJN_Error.aspx -
2014-10-11 /ejn/libshowdocument.aspx Id=126&Lang=EL
2014-10-11 /ejn/libadvancedsearch.aspx -
2014-10-11 /ejn/libcategories.aspx id=1
2014-10-11 /ejn/libdocumentproperties.aspx Id=126
2014-10-11 /ejn/libshowdocument.aspx Id=126&Lang=BG
2014-10-11 /ejn/libshowdocument.aspx Id=126&Lang=DK
2014-10-11 /ejn/libshowdocument.aspx Id=126&Lang=DE
2014-10-11 /ejn/libshowdocument.aspx Id=126&Lang=CS
2014-10-11 /ejn/libshowdocument.aspx Id=126&Lang=IT
2014-10-11 /ejn/libshowdocument.aspx Id=126&Lang=LV
2014-10-11 /ejn/libshowdocument.aspx Id=126&Lang=EN
2014-10-11 /ejn/libshowdocument.aspx Id=126&Lang=FI
2014-10-11 /ejn/EJN_Home.aspx -
2014-10-11 /ejn/libshowdocument.aspx Id=126&Lang=LT
2014-10-11 /ejn/libshowdocument.aspx Id=126&Lang=ES
2014-10-11 /ejn/libshowdocument.aspx Id=126&Lang=HU
2014-10-11 /ejn/libshowdocument.aspx Id=126&Lang=FR
2014-10-11 /ejn/libshowdocument.aspx Id=126&Lang=ET
2014-10-11 /ejn/libshowdocument.aspx Id=126&Lang=HR
2014-10-11 /ejn/libshowdocument.aspx Id=126&Lang=SL
2014-10-11 /ejn/libshowdocument.aspx Id=3&Lang=BG
2014-10-11 /ejn/libdocumentproperties.aspx Id=3
2014-10-11 /ejn/libshowdocument.aspx Id=126&Lang=RO
2014-10-11 /ejn/libshowdocument.aspx Id=126&Lang=MT
2014-10-11 /ejn/EJN_Home.aspx -
2014-10-11 /ejn/EJN_Home.aspx -
2014-10-11 /ejn/libshowdocument.aspx Id=126&Lang=SV
2014-10-11 /ejn/libshowdocument.aspx Id=126&Lang=PL
2014-10-11 /ejn/libshowdocument.aspx Id=126&Lang=PT
2014-10-11 /ejn/libshowdocument.aspx Id=126&Lang=NL
2014-10-11 /ejn/libshowdocument.aspx Id=126&Lang=SK
2014-10-11 /ejn/libshowdocument.aspx Id=3&Lang=EN
2014-10-11 /ejn/libshowdocument.aspx Id=3&Lang=DK
2014-10-11 /ejn/libshowdocument.aspx Id=3&Lang=EL
2014-10-11 /ejn/libshowdocument.aspx Id=3&Lang=CS
2014-10-11 /ejn/libshowdocument.aspx Id=3&Lang=FI
2014-10-11 /ejn/libshowdocument.aspx Id=3&Lang=DE
2014-10-11 /ejn/libshowdocument.aspx Id=3&Lang=FR
2014-10-11 /ejn/libshowdocument.aspx Id=3&Lang=ET
2014-10-11 /ejn/libshowdocument.aspx Id=3&Lang=HU
2014-10-11 /ejn/libshowdocument.aspx Id=3&Lang=ES
2014-10-11 /ejn/libshowdocument.aspx Id=3&Lang=PT
2014-10-11 /ejn/libshowdocument.aspx Id=3&Lang=IT
2014-10-11 /ejn/libshowdocument.aspx Id=3&Lang=SL
2014-10-11 /ejn/libshowdocument.aspx Id=3&Lang=LV
2014-10-11 /ejn/libshowdocument.aspx Id=3&Lang=RO
2014-10-11 /ejn/libshowdocument.aspx Id=3&Lang=SK
2014-10-11 /ejn/libshowdocument.aspx Id=3&Lang=LT
2014-10-11 /ejn/libshowdocument.aspx Id=3&Lang=PL
2014-10-11 /ejn/libshowdocument.aspx Id=3&Lang=NL
2014-10-11 /ejn/libshowdocument.aspx Id=3&Lang=MT
2014-10-11 /ejn/libshowdocument.aspx Id=3&Lang=SV
2014-10-11 /ejn/EJN_Home.aspx -
2014-10-11 /ejn/EJN_Home.aspx -
2014-10-11 /ejn/EJN_Home.aspx -
2014-10-11 /ejn/EJN_Home.aspx -
2014-10-11 /ejn/EJN_Home.aspx -
2014-10-11 /ejn/EJN_Home.aspx -
2014-10-11 /ejn/EJN_Home.aspx -
2014-10-11 /ejn/EJN_Home.aspx -
2014-10-11 /ejn/EJN_Home.aspx -
2014-10-11 /ejn/EJN_FichesBelgesResult.aspx measure=701&country=277&other=351
2014-10-11 /ejn/EJN_Home.aspx -
2014-10-11 /ejn/EJN_Home.aspx -
2014-10-11 /ejn/EJN_Home.aspx -
2014-10-11 /ejn/EJN_Home.aspx -
2014-10-11 /ejn/EJN_Home.aspx -
2014-10-11 /ejn/EJN_Home.aspx -
2014-10-11 /ejn/EJN_Home.aspx -
2014-10-11 /ejn/EJN_Home.aspx -
2014-10-11 /ejn/NewsAll.aspx -
2014-10-11 /ejn/EJN_Home.aspx -
2014-10-11 /atlas_advanced.aspx -
2014-10-11 /atlas_advanced.aspx -
2014-10-11 /ejn/EJN_Home.aspx -
2014-10-11 /ejn/ -
2014-10-11 /atlas_advanced.aspx -
2014-10-11 /atlas_advanced.aspx -
2014-10-11 /ejn/ -
2014-10-11 /ejn/EJN_AtlasAdvanced.aspx -
2014-10-11 /ejn/AtlasChooseCountry.aspx -
2014-10-11 /ejn/EJN_Home.aspx -
2014-10-11 /ejn/ -
2014-10-11 /ejn/EJN_Home.aspx -
2014-10-11 /ejn/EJN_Home.aspx -
2014-10-11 /ejn/EJN_Home.aspx -
2014-10-11 /ejn/EJN_Home.aspx -
2014-10-11 /ejn/EJN_Home.aspx -
2014-10-11 /ejn/EJN_Home.aspx -
2014-10-11 /ejn/EJN_Home.aspx -
2014-10-11 /ejn/EJN_Home.aspx -
2014-10-11 /ejn/EJN_Home.aspx -
2014-10-11 /ejn/EJN_Home.aspx -
2014-10-11 /ejn/EJN_Home.aspx -
2014-10-11 /ejn/EJN_Home.aspx -
2014-10-11 /ejn/EJN_Home.aspx -
2014-10-11 /ejn/EJN_Home.aspx -
2014-10-11 /ejn/EJN_Home.aspx -
2014-10-11 /ejn/EJN_Home.aspx -
2014-10-11 /ejn/EJN_Home.aspx -
2014-10-11 /ejn/EJN_Home.aspx -
2014-10-11 /ejn/EJN_Home.aspx -
2014-10-11 /ejn/EJN_Home.aspx -
2014-10-11 /ejn/EJN_Home.aspx -
2014-10-11 /ejn/EJN_Home.aspx -
2014-10-11 /ejn/EJN_Home.aspx -
2014-10-11 /ejn/ -
2014-10-11 /ejn/EJN_AtlasAdvanced.aspx -
2014-10-11 /ejn/EJN_Home.aspx -
2014-10-11 /ejn/EJN_Home.aspx -
2014-10-11 /ejn/EJN_Home.aspx -
2014-10-11 /ejn/EJN_Home.aspx -
2014-10-11 /ejn/EJN_Home.aspx -
2014-10-11 /ejn/EJN_Home.aspx -
2014-10-11 /ejn/EJN_Home.aspx -
2014-10-11 /ejn/EJN_Home.aspx -
2014-10-11 /ejn/EJN_Home.aspx -
2014-10-11 /ejn/EJN_Home.aspx -
2014-10-11 /ejn/EJN_Home.aspx -
2014-10-11 /ejn/EJN_Home.aspx -
2014-10-11 /ejn/EJN_Home.aspx -
2014-10-11 /ejn/EJN_Home.aspx -
2014-10-11 /ejn/EJN_Home.aspx -
2014-10-11 /ejn/EJN_Home.aspx -
2014-10-11 /ejn/EJN_Home.aspx -
2014-10-11 /ejn/EJN_Home.aspx -
2014-10-11 /ejn/EJN_Home.aspx -
2014-10-11 /ejn/EJN_Home.aspx -
2014-10-11 /ejn/EJN_Home.aspx -
2014-10-11 /ejn/EJN_Home.aspx -
2014-10-11 /ejn/EJN_Home.aspx -
2014-10-11 /ejn/ -
2014-10-11 /ejn/EJN_ContactUs.aspx height=650&KeepThis=true&TB_iframe=true&width=900
2014-10-11 /ejn/EJN_AtlasAdvanced.aspx -
2014-10-11 /EAW_atlas.aspx -
2014-10-11 /ejn/EJN_Home.aspx -
2014-10-11 /ejn/EJN_Home.aspx -
2014-10-11 /ejn/EJN_Home.aspx -
2014-10-11 /ejn/EJN_Home.aspx -
2014-10-11 /ejn/EJN_Home.aspx -
2014-10-11 /ejn/ -
2014-10-11 /ejn/EJN_Home.aspx -
2014-10-11 /ejn/EJN_Home.aspx -
2014-10-11 /ejn/ -
2014-10-11 /ejn/ -
2014-10-11 /ejn/EJN_Home.aspx -
2014-10-11 /ejn/EJN_Home.aspx -
2014-10-11 /ejn/EJN_Home.aspx -
2014-10-11 /ejn/EJN_Home.aspx -
2014-10-11 /ejn/EJN_Home.aspx -
2014-10-11 /ejn/EJN_Home.aspx -
2014-10-11 /ejn/EJN_Home.aspx -
2014-10-11 /ejn/Events.aspx event=246
2014-10-11 /ejn/EJN_Home.aspx -
2014-10-11 /ejn/ -
2014-10-11 /ejn/EJN_Home.aspx -
2014-10-11 /ejn/EJN_Home.aspx -
2014-10-11 /ejn/EJN_Home.aspx -
2014-10-11 /ejn/EJN_Home.aspx -
2014-10-11 /ejn/EJN_Home.aspx -
2014-10-11 /ejn/EJN_Home.aspx -
2014-10-11 /ejn/EJN_EAWWizard.aspx -
2014-10-11 /ejn/EJN_Home.aspx -
2014-10-11 /ejn/EJN_Home.aspx -
2014-10-11 /ejn/EJN_InfoAbout.aspx Id=273
2014-10-11 /ejn/EJN_StaticPage.aspx Bread=12
2014-10-11 /ejn/EJN_EAWWizard.aspx -
2014-10-11 /ejn/ctrls.eawwizard/IframeEngine.aspx -
2014-10-11 /ejn/EJN_EAWWizard.aspx -
2014-10-11 /ejn/ctrls.eawwizard/IframeEngine.aspx -
2014-10-11 /ejn/EJN_EAWWizard.aspx -
2014-10-11 /ejn/ctrls.eawwizard/IframeEngine.aspx -
2014-10-11 /ejn/EJN_Home.aspx -
2014-10-11 /ejn/EJN_Home.aspx -
2014-10-11 /ejn/EJN_Home.aspx -
2014-10-11 /ejn/ -
2014-10-11 /ejn/EJN_AtlasAdvanced.aspx -
2014-10-11 /ejn/EJN_Home.aspx -
2014-10-11 /ejn/EJN_Home.aspx -
2014-10-11 /ejn/EJN_Home.aspx -
2014-10-11 /ejn/EJN_Home.aspx -
2014-10-11 /ejn/EJN_Home.aspx -
2014-10-11 /ejn/EJN_Home.aspx -
2014-10-11 /ejn/EJN_Home.aspx -
2014-10-11 /ejn/EJN_Home.aspx -
2014-10-11 /ejn/NewsDetail.aspx id=276&Ori=H
2014-10-11 /ejn/EJN_Home.aspx -
2014-10-11 /ejn/EJN_Home.aspx -
2014-10-11 /ejn/Events.aspx event=231
2014-10-11 /ejn/EJN_Home.aspx -
2014-10-11 /ejn/EJN_Home.aspx -
2014-10-11 /ejn/EJN_Home.aspx -
2014-10-11 /ejn/EJN_Home.aspx -
2014-10-11 /ejn/EJN_Home.aspx -
2014-10-11 /ejn/EJN_Home.aspx -
2014-10-11 /ejn/EJN_Home.aspx -
2014-10-11 /ejn/ -
2014-10-11 /ejn/ ++Culture:FISessionId:5iz3f4axu5121sko0lsitwhxDate_Time:9:46
2014-10-11 /ejn/EJN_Home.aspx -
2014-10-11 /ejn/EJN_Home.aspx -
2014-10-11 /ejn/EJN_StaticPage.aspx Bread=2
2014-10-11 /ejn/Gallery.aspx -
2014-10-11 /ejn/EJN_StaticPage.aspx Bread=10
2014-10-11 /ejn/EJN_Secretariat.aspx -
2014-10-11 /ejn/EJN_StaticPage.aspx Bread=9
2014-10-11 /ejn/EJN_Home.aspx -
2014-10-11 /ejn/EJN_Home.aspx -
2014-10-11 /ejn/EJN_Home.aspx -
2014-10-11 /ejn/EJN_Home.aspx -
2014-10-11 /ejn/EJN_Home.aspx -
2014-10-11 /ejn/NewsDetail.aspx id=242&Ori=H
2014-10-11 /ejn/ -
2014-10-11 /ejn/ -
2014-10-11 /ejn/EJN_AtlasAdvanced.aspx -
2014-10-11 /ejn/EJN_Home.aspx -
2014-10-11 /ejn/EJN_Home.aspx -
2014-10-11 /ejn/EJN_Home.aspx -
2014-10-11 /ejn/ -
2014-10-11 /ejn/ ++Culture:ESSessionId:mcenhjxzxqkj20xhppfkbgfcDate_Time:10:10
2014-10-11 /ejn/ -
2014-10-11 /ejn/EJN_StaticPage.aspx Bread=1
2014-10-11 /ejn/EJN_AtlasAdvanced.aspx -
2014-10-11 /ejn/EJN_Home.aspx -
2014-10-11 /ejn/EJN_Home.aspx -
2014-10-11 /ejn/EJN_Home.aspx -
2014-10-11 /ejn/EJN_Home.aspx -
2014-10-11 /ejn/ -
2014-10-11 /ejn/EJN_Home.aspx -
2014-10-11 /ejn/EJN_Home.aspx -
2014-10-11 /ejn/EJN_Home.aspx -
2014-10-11 /ejn/EJN_Home.aspx -
2014-10-11 /ejn/EJN_Home.aspx -
2014-10-11 /ejn/EJN_Home.aspx -
2014-10-11 /ejn/EJN_Home.aspx -
2014-10-11 /ejn/EJN_Home.aspx -
2014-10-11 /ejn/EJN_Home.aspx -
2014-10-11 /ejn/EJN_Home.aspx -
2014-10-11 /ejn/EJN_Home.aspx -
2014-10-11 /ejn/EJN_Home.aspx -
2014-10-11 /ejn/ -
2014-10-11 /ejn/EJN_Home.aspx -
2014-10-11 /ejn/EJN_Home.aspx -
2014-10-11 /ejn/EJN_Home.aspx -
2014-10-11 /ejn/EJN_Home.aspx -
2014-10-11 /ejn/ -
2014-10-11 /ejn/EJN_AtlasAdvanced.aspx -
2014-10-11 /ejn/EJN_Home.aspx -
2014-10-11 /ejn/EJN_Home.aspx -
2014-10-11 /ejn/EJN_Home.aspx -
2014-10-11 /ejn/EJN_Home.aspx -
2014-10-11 /ejn/EJN_Home.aspx -
2014-10-11 /ejn/EJN_Home.aspx -
2014-10-11 /ejn/EJN_Home.aspx -
2014-10-11 /ejn/EJN_StaticPage.aspx Bread=26
2014-10-11 /ejn/EJN_Home.aspx -
2014-10-11 /ejn/EJN_Home.aspx -
2014-10-11 /ejn/EJN_Home.aspx -
2014-10-11 /ejn/EJN_Home.aspx -
2014-10-11 /ejn/ -
2014-10-11 /ejn/EJN_Home.aspx -
2014-10-11 /ejn/EJN_Home.aspx -
2014-10-11 /ejn/EJN_Home.aspx -
2014-10-11 /ejn/libcategories.aspx Id=25
2014-10-11 /ejn/EJN_Home.aspx -
2014-10-11 /ejn/EJN_Home.aspx -
2014-10-11 /ejn/EJN_Home.aspx -
2014-10-11 /ejn/AtlasChooseCountry.aspx Type=1
2014-10-11 /ejn/EJN_Home.aspx -
2014-10-11 /ejn/EJN_Home.aspx -
2014-10-11 /ejn/libcategories.aspx -
2014-10-11 /ejn/libcategories.aspx Id=1
2014-10-11 /ejn/libcategories.aspx Id=19
2014-10-11 /ejn/libcategories.aspx Id=12
2014-10-11 /ejn/libcategories.aspx Id=25
2014-10-11 /ejn/EJN_QuickLinks.aspx id=26
2014-10-11 /ejn/EJN_EAWAtlas.aspx -
2014-10-11 /ejn/EJN_Error.aspx -
2014-10-11 /ejn/EJN_Library_StatusOfImpByCat.aspx CategoryId=25
2014-10-11 /ejn/EJN_Library_StatusOfImpByCou.aspx CountryId=273
2014-10-11 /ejn/libshowdocument.aspx Id=781&Lang=RO
2014-10-11 /ejn/ -
2014-10-11 /ejn/libdocumentproperties.aspx Id=1310
2014-10-11 /ejn/libdocumentproperties.aspx Id=1310
2014-10-11 /ejn/EJN_Home.aspx -
2014-10-11 /ejn/EJN_Home.aspx -
2014-10-11 /ejn/EJN_Home.aspx -
2014-10-11 /ejn/EJN_AtlasAdvancedOld.aspx ctyCode=SK
2014-10-11 /ejn/ -
2014-10-11 /ejn/EJN_AtlasAdvanced.aspx -
2014-10-11 /ejn/ -
2014-10-11 /ejn/ -
2014-10-11 /ejn/AtlasChooseCountry.aspx Type=2
2014-10-11 /ejn/AtlasChooseMeasure.aspx MP=0&Cou=273
2014-10-11 /ejn/AtlasChooseMeasure.aspx MP=0&Cou=273
2014-10-11 /ejn/AtlasChooseMeasure.aspx MP=0&Cou=273
2014-10-11 /ejn/AtlasSelection.aspx -
2014-10-11 /ejn/AtlasSelection.aspx -
2014-10-11 /ejn/AtlasSelection.aspx -
2014-10-11 /ejn/AtlasSelection.aspx -
2014-10-11 /ejn/AtlasSelection.aspx -
2014-10-11 /ejn/AtlasChooseAuthority.aspx -
2014-10-11 /ejn/AtlasChooseAuthority.aspx/GetLocations -
2014-10-11 /ejn/EJN_AtlasAdvancedOld.aspx ctyCode=SK
2014-10-11 /ejn/AtlasChooseAuthority.aspx/GetLocations -
2014-10-11 /ejn/AtlasChooseAuthority.aspx -
2014-10-11 /ejn/AtlasAuthorityData.aspx Id=4729
2014-10-11 /ejn/EJN_Home.aspx -
2014-10-11 /ejn/EJN_Home.aspx -
2014-10-11 /ejn/EJN_Home.aspx -
2014-10-11 /ejn/EJN_Home.aspx -
2014-10-11 /ejn/ -
2014-10-11 /ejn/EJN_Home.aspx -
2014-10-11 /ejn/EJN_Home.aspx -
2014-10-11 /ejn/EJN_Home.aspx -
2014-10-11 /ejn/ -
2014-10-11 /ejn/libcategories.aspx -
2014-10-11 /ejn/libcategories.aspx Id=1
2014-10-11 /ejn/libcategories.aspx Id=19
2014-10-11 /ejn/libcategories.aspx Id=12
2014-10-11 /ejn/ejn_home.aspx -
2014-10-11 /ejn/EJN_StaticPage.aspx Bread=22
2014-10-11 /ejn/EJN_StaticPage.aspx Bread=22
2014-10-11 /ejn/EJN_StaticPage.aspx Bread=22
2014-10-11 /ejn/EJN_Home.aspx -
2014-10-11 /ejn/EJN_Home.aspx -
2014-10-11 /ejn/AtlasChooseMeasure.aspx Mp=1&Cou=AT&Type=2
2014-10-11 /ejn/EJN_Home.aspx -
2014-10-11 /ejn/AtlasChooseMeasure.aspx Mp=1&Cou=AT&Type=2
2014-10-11 /ejn/AtlasChooseMeasure.aspx Mp=1&Cou=AT&Type=2
2014-10-11 /ejn/AtlasSelection.aspx -
2014-10-11 /ejn/AtlasChooseAuthority.aspx -
2014-10-11 /ejn/AtlasChooseAuthority.aspx/GetLocations -
2014-10-11 /ejn/AtlasChooseAuthority.aspx -
2014-10-11 /ejn/AtlasAuthorityData.aspx Id=4965
2014-10-11 /ejn/EJN_Home.aspx -
2014-10-11 /ejn/EJN_Home.aspx -
2014-10-11 /ejn/EJN_Home.aspx -
2014-10-11 /ejn/EJN_Home.aspx -
2014-10-11 /ejn/ -
2014-10-11 /ejn/EJN_Home.aspx -
2014-10-11 /ejn/EJN_Home.aspx -
2014-10-11 /ejn/EJN_Home.aspx -
2014-10-11 /ejn/EJN_Home.aspx -
2014-10-11 /ejn/EJN_Home.aspx -
2014-10-11 /atlas_advanced.aspx -
2014-10-11 /atlas_advanced.aspx -
2014-10-11 /ejn/ -
2014-10-11 /ejn/EJN_Home.aspx -
2014-10-11 /ejn/libcategories.aspx -
2014-10-11 /ejn/libcategories.aspx Id=1
2014-10-11 /ejn/libcategories.aspx Id=19
2014-10-11 /ejn/libcategories.aspx Id=12
2014-10-11 /ejn/libcategories.aspx Id=37
2014-10-11 /atlas_advanced.aspx -
2014-10-11 /atlas_advanced.aspx -
2014-10-11 /ejn/ -
2014-10-11 /ejn/EJN_Home.aspx -
2014-10-11 /ejn/libcategories.aspx Id=2
2014-10-11 /ejn/EJN_Library_StatusOfImpByCat.aspx CategoryId=14
2014-10-11 /ejn/EJN_Library_StatusOfImpByCat.aspx CategoryId=37
2014-10-11 /ejn/EJN_Home.aspx -
2014-10-11 /ejn/EJN_Home.aspx -
2014-10-11 /ejn/EJN_Home.aspx -
2014-10-11 /ejn/ -
2014-10-11 /ejn/ -
2014-10-11 /ejn/EJN_AtlasAdvanced.aspx -
2014-10-11 /ejn/ -
2014-10-11 /ejn/libcategories.aspx -
2014-10-11 /ejn/libcategories.aspx Id=1
2014-10-11 /ejn/libcategories.aspx Id=19
2014-10-11 /ejn/libcategories.aspx Id=12
2014-10-11 /ejn/libcategories.aspx Id=37
2014-10-11 /ejn/libdocumentproperties.aspx Id=1112
2014-10-11 /ejn/libshowdocument.aspx Id=1111&Lang=ES
2014-10-11 /ejn/libdocumentproperties.aspx Id=1111
2014-10-11 /ejn/EJN_Home.aspx -
2014-10-11 /ejn/EJN_Home.aspx -
2014-10-11 /ejn/EJN_Home.aspx -
2014-10-11 /ejn/EJN_Home.aspx -
2014-10-11 /ejn/EJN_Home.aspx -
2014-10-11 /ejn/EJN_Home.aspx -
2014-10-11 /ejn/EJN_Home.aspx -
2014-10-11 /ejn/EJN_Home.aspx -
2014-10-11 /ejn/EJN_Home.aspx -
2014-10-11 /ejn/EJN_Home.aspx -
2014-10-11 /ejn/AtlasChooseCountry.aspx -
2014-10-11 /ejn/EJN_Home.aspx -
2014-10-11 /ejn/EJN_Home.aspx ++Culture:ESSessionId:xw2dairivhpsq0w4sxmz2vjnDate_Time:13:23
2014-10-11 /ejn/EJN_InfoAbout.aspx Id=395
2014-10-11 /ejn/EJN_Home.aspx -
2014-10-11 /ejn/EJN_News.aspx id=57
2014-10-11 /ejn/EJN_News.aspx id=57
2014-10-11 /ejn/EJN_Home.aspx -
2014-10-11 /ejn/EJN_Home.aspx -
2014-10-11 /ejn/EJN_Home.aspx -
2014-10-11 /ejn/EJN_Home.aspx -
2014-10-11 /ejn/EJN_Home.aspx -
2014-10-11 /ejn/ -
2014-10-11 /ejn/EJN_Home.aspx -
2014-10-11 /ejn/EJN_Home.aspx -
2014-10-11 /ejn/EJN_Home.aspx -
2014-10-11 /ejn/EJN_Home.aspx -
2014-10-11 /ejn/EJN_Home.aspx -
2014-10-11 /ejn/EJN_Home.aspx -
2014-10-11 /ejn/EJN_Home.aspx -
2014-10-11 /ejn/EJN_Home.aspx -
2014-10-11 /ejn/EJN_Home.aspx -
2014-10-11 /ejn/EJN_Home.aspx -
2014-10-11 /ejn/EJN_Home.aspx -
2014-10-11 /ejn/ -
2014-10-11 /ejn/EJN_Home.aspx -
2014-10-11 /ejn/libcategories.aspx -
2014-10-11 /ejn/libcategories.aspx Id=2
2014-10-11 /ejn/EJN_Home.aspx -
2014-10-11 /ejn/libdocumentproperties.aspx Id=940
2014-10-11 /ejn/EJN_Library_StatusOfImpByCat.aspx CategoryId=38
2014-10-11 /ejn/libdocumentproperties.aspx Id=209
2014-10-11 /ejn/EJN_Library_StatusOfImpByCat.aspx CategoryId=24
2014-10-11 /ejn/EJN_Home.aspx -
2014-10-11 /ejn/ -
2014-10-11 /ejn/EJN_Library_StatusOfImpByCou.aspx CountryId=314
2014-10-11 /ejn/EJN_Home.aspx -
2014-10-11 /ejn/EJN_Home.aspx -
2014-10-11 /ejn/ -
2014-10-11 /ejn/EJN_Search.aspx -
2014-10-11 /ejn/AtlasChooseMeasure.aspx MP=1&Cou=NO
2014-10-11 /ejn/Atlaschoosemeasure.aspx MP=1&cou=NO
2014-10-11 /ejn/EJN_Home.aspx -
2014-10-11 /ejn/ -
2014-10-11 /ejn/AtlasChooseMeasure.aspx Mp=1&Cou=NO&Type=2
2014-10-11 /ejn/Atlaschoosemeasure.aspx MP=1&cou=NO
2014-10-11 /ejn/Atlaschoosemeasure.aspx MP=1&cou=NO
2014-10-11 /ejn/AtlasChooseCountry.aspx Type=2
2014-10-11 /ejn/AtlasChooseMeasure.aspx Mp=1&Cou=NO&Type=2
2014-10-11 /ejn/EJN_Home.aspx -
2014-10-11 /ejn/AtlasChooseMeasure.aspx Mp=1&Cou=NO&Type=2
2014-10-11 /ejn/ -
2014-10-11 /ejn/AtlasChooseCountry.aspx Type=1
2014-10-11 /ejn/EJN_FichesBelgesResult.aspx measure=102&country=342&other=-1
2014-10-11 /ejn/EJN_FichesBelgesResult.aspx measure=713&country=342&other=-1
2014-10-11 /ejn/EJN_FichesBelgesResult.aspx measure=102&country=342&other=-1
2014-10-11 /ejn/AtlasChooseMeasure.aspx MP=1&Cou=NO
2014-10-11 /ejn/AtlasChooseCountry.aspx Type=2
2014-10-11 /ejn/AtlasChooseMeasure.aspx MP=1&Cou=ES
2014-10-11 /ejn/AtlasSelection.aspx -
2014-10-11 /ejn/AtlasAuthorityData.aspx Id=4146
2014-10-11 /ejn/AtlasChooseMeasure.aspx Mp=1&Cou=NO&Type=2
2014-10-11 /ejn/AtlasChooseMeasure.aspx Mp=1&Cou=NO&Type=2
2014-10-11 /ejn/AtlasChooseMeasure.aspx MP=1&Cou=NO
2014-10-11 /ejn/ -
2014-10-11 /ejn/AtlasChooseMeasure.aspx MP=1&Cou=NO
2014-10-11 /ejn/ -
2014-10-11 /ejn/EJN_AtlasAdvanced.aspx -
2014-10-11 /ejn/EJN_AtlasAdvanced.aspx -
2014-10-11 /ejn/ -
2014-10-11 /ejn/AtlasChooseCountry.aspx Type=2
2014-10-11 /ejn/AtlasChooseMeasure.aspx MP=1&Cou=ES
2014-10-11 /ejn/EJN_AtlasAdvanced.aspx -
2014-10-11 /ejn/AtlasChooseMeasure.aspx MP=1&Cou=ES
2014-10-11 /ejn/AtlasChooseMeasure.aspx MP=1&Cou=ES
2014-10-11 /ejn/AtlasSelection.aspx -
2014-10-11 /ejn/AtlasSelection.aspx -
2014-10-11 /ejn/AtlasSelection.aspx -
2014-10-11 /ejn/AtlasSelection.aspx -
2014-10-11 /ejn/AtlasSelection.aspx -
2014-10-11 /ejn/AtlasSelection.aspx -
2014-10-11 /ejn/AtlasSelection.aspx -
2014-10-11 /ejn/AtlasChooseAuthority.aspx -
2014-10-11 /ejn/EJN_Home.aspx -
2014-10-11 /ejn/AtlasChooseAuthority.aspx/GetLocations -
2014-10-11 /ejn/AtlasChooseAuthority.aspx -
2014-10-11 /ejn/AtlasAuthorityData.aspx Id=2971
2014-10-11 /ejn/EJN_Home.aspx -
2014-10-11 /ejn/EJN_Home.aspx -
2014-10-11 /ejn/AtlasChooseAuthority.aspx -
2014-10-11 /ejn/EJN_Error.aspx -
2014-10-11 /ejn/EJN_Home.aspx -
2014-10-11 /ejn/ -
2014-10-11 /ejn/EJN_FichesBelges.aspx -
2014-10-11 /ejn/EJN_FichesBelges.aspx -
2014-10-11 /ejn/EJN_FichesBelges.aspx -
2014-10-11 /ejn/EJN_FichesBelges.aspx -
2014-10-11 /ejn/EJN_Home.aspx -
2014-10-11 /ejn/EJN_FichesBelgesTable.aspx -
2014-10-11 /ejn/AtlasChooseCountry.aspx Type=1
2014-10-11 /ejn/AtlasChooseMeasure.aspx MP=1&Cou=ES
2014-10-11 /ejn/AtlasSelection.aspx -
2014-10-11 /ejn/AtlasAuthorityData.aspx Id=4146
2014-10-11 /ejn/EJN_Home.aspx -
2014-10-11 /ejn/EJN_Home.aspx -
2014-10-11 /ejn/ejn_home.aspx -
2014-10-11 /ejn/EJN_Home.aspx -
2014-10-11 /ejn/EJN_Home.aspx -
2014-10-11 /ejn/EJN_Home.aspx -
2014-10-11 /ejn/EJN_Library_StatusOfImpByCou.aspx CountryId=314
2014-10-11 /ejn/EJN_Error.aspx -
2014-10-11 /ejn/EJN_Home.aspx -
2014-10-11 /ejn/libcategories.aspx -
2014-10-11 /ejn/libcategories.aspx Id=2
2014-10-11 /ejn/libdocumentproperties.aspx Id=209
2014-10-11 /ejn/EJN_Library_StatusOfImpByCat.aspx CategoryId=24
2014-10-11 /ejn/EJN_Home.aspx -
2014-10-11 /ejn/EJN_Home.aspx -
2014-10-11 /ejn/EJN_Home.aspx -
2014-10-11 /ejn/EJN_EAWWizard.aspx -
2014-10-11 /ejn/EJN_Home.aspx -
2014-10-11 /ejn/EJN_InfoAbout.aspx Id=273
2014-10-11 /ejn/EJN_StaticPage.aspx Bread=12
2014-10-11 /ejn/EJN_EAWWizard.aspx -
2014-10-11 /ejn/ctrls.eawwizard/IframeEngine.aspx -
2014-10-11 /ejn/EJN_EAWWizard.aspx -
2014-10-11 /ejn/ctrls.eawwizard/IframeEngine.aspx -
2014-10-11 /ejn/EJN_Home.aspx -
2014-10-11 /ejn/EJN_Home.aspx -
2014-10-11 /ejn/EJN_Home.aspx -
2014-10-11 /ejn/EJN_Home.aspx -
2014-10-11 /ejn/EJN_Home.aspx -
2014-10-11 /ejn/EJN_Home.aspx -
2014-10-11 /ejn/EJN_Home.aspx -
2014-10-11 /ejn/EJN_StaticPage.aspx Bread=31
2014-10-11 /ejn/EJN_Home.aspx -
2014-10-11 /ejn/EJN_Home.aspx -
2014-10-11 /ejn/EJN_Home.aspx -
2014-10-11 /ejn/EJN_Home.aspx -
2014-10-11 /ejn/EJN_Home.aspx -
2014-10-11 /ejn/ -
2014-10-11 /ejn/EJN_InfoAbout.aspx Id=215
2014-10-11 /ejn/EJN_InfoAbout.aspx Id=272
2014-10-11 /ejn/ -
2014-10-11 /ejn/ -
2014-10-11 /ejn/EJN_InfoAbout.aspx Id=215
2014-10-11 /ejn/EJN_Home.aspx -
2014-10-11 /ejn/AtlasChooseCountry.aspx Type=2
2014-10-11 /ejn/AtlasChooseCountry.aspx Type=2
2014-10-11 /ejn/EJN_Home.aspx -
2014-10-11 /ejn/AtlasChooseCountry.aspx Type=2
2014-10-11 /ejn/AtlasChooseMeasure.aspx MP=0&Cou=354
2014-10-11 /ejn/AtlasChooseMeasure.aspx MP=0&Cou=354
2014-10-11 /ejn/ -
2014-10-11 /ejn/EJN_InfoAbout.aspx Id=215
2014-10-11 /ejn/AtlasChooseMeasure.aspx MP=0&Cou=354
2014-10-11 /ejn/AtlasSelection.aspx -
2014-10-11 /ejn/AtlasSelection.aspx -
2014-10-11 /ejn/AtlasSelection.aspx -
2014-10-11 /ejn/AtlasChooseAuthority.aspx -
2014-10-11 /ejn/AtlasChooseAuthority.aspx -
2014-10-11 /ejn/EJN_Login.aspx -
2014-10-11 /ejn/ -
2014-10-11 /ejn/ -
2014-10-11 /ejn/ -
2014-10-11 /ejn/ -
2014-10-11 /ejn/AtlasChooseAuthority.aspx -
2014-10-11 /ejn/ -
2014-10-11 /ejn/ -
2014-10-11 /ejn/ -
2014-10-11 /ejn/ -
2014-10-11 /ejn/ -
2014-10-11 /ejn/ -
2014-10-11 /ejn/AtlasChooseAuthority.aspx/GetLocations -
2014-10-11 /ejn/AtlasChooseAuthority.aspx/GetLocations -
2014-10-11 /ejn/AtlasChooseAuthority.aspx/GetLocations -
2014-10-11 /ejn/AtlasChooseAuthority.aspx/GetLocations -
2014-10-11 /ejn/AtlasChooseAuthority.aspx -
2014-10-11 /ejn/AtlasChooseAuthority.aspx/GetLocations -
2014-10-11 /ejn/AtlasChooseAuthority.aspx/GetLocations -
2014-10-11 /ejn/AtlasChooseAuthority.aspx/GetLocations -
2014-10-11 /ejn/AtlasChooseAuthority.aspx -
2014-10-11 /ejn/AtlasChooseAuthority.aspx -
2014-10-11 /ejn/AtlasChooseAuthority.aspx -
2014-10-11 /ejn/AtlasChooseAuthority.aspx/GetLocations -
2014-10-11 /ejn/AtlasChooseAuthority.aspx -
2014-10-11 /ejn/AtlasAuthorityData.aspx Id=3742
2014-10-11 /ejn/AtlasAuthorityData.aspx Id=3742
2014-10-11 /ejn/ -
2014-10-11 /ejn/AtlasChooseCountry.aspx Type=2
2014-10-11 /ejn/AtlasChooseCountry.aspx Type=2
2014-10-11 /ejn/AtlasChooseMeasure.aspx MP=0&Cou=239
2014-10-11 /ejn/AtlasChooseMeasure.aspx MP=0&Cou=239
2014-10-11 /ejn/AtlasChooseMeasure.aspx MP=0&Cou=239
2014-10-11 /ejn/AtlasChooseMeasure.aspx MP=0&Cou=239
2014-10-11 /ejn/AtlasChooseMeasure.aspx MP=0&Cou=239
2014-10-11 /ejn/EJN_FichesBelgesResult.aspx measure=505&country=239&other=-1
2014-10-11 /ejn/EJN_Home.aspx -
2014-10-11 /ejn/EJN_Home.aspx -
2014-10-11 /ejn/AtlasChooseMeasure.aspx MP=0&Cou=378
2014-10-11 /ejn/EJN_Home.aspx -
2014-10-11 /ejn/AtlasChooseMeasure.aspx MP=0&Cou=378
2014-10-11 /ejn/AtlasChooseMeasure.aspx MP=0&Cou=378
2014-10-11 /ejn/AtlasSelection.aspx -
2014-10-11 /ejn/AtlasSelection.aspx -
2014-10-11 /ejn/AtlasSelection.aspx -
2014-10-11 /ejn/AtlasSelection.aspx -
2014-10-11 /ejn/AtlasSelection.aspx -
2014-10-11 /ejn/AtlasSelection.aspx -
2014-10-11 /ejn/AtlasSelection.aspx -
2014-10-11 /ejn/AtlasSelection.aspx -
2014-10-11 /ejn/AtlasSelection.aspx -
2014-10-11 /ejn/AtlasSelection.aspx -
2014-10-11 /ejn/AtlasSelection.aspx -
2014-10-11 /ejn/AtlasAuthorityData.aspx Id=3950
2014-10-11 /ejn/AtlasSelection.aspx -
2014-10-11 /ejn/AtlasSelection.aspx -
2014-10-11 /ejn/AtlasChooseAuthority.aspx -
2014-10-11 /ejn/AtlasSelection.aspx -
2014-10-11 /ejn/AtlasSelection.aspx -
2014-10-11 /ejn/AtlasAuthorityData.aspx Id=3950
2014-10-11 /ejn/EJN_Home.aspx -
2014-10-11 /ejn/AtlasAuthorityData.aspx Id=3950
2014-10-11 /ejn/AtlasAuthorityData.aspx Id=3950
2014-10-11 /ejn/EJN_Home.aspx -
2014-10-11 /ejn/EJN_Home.aspx -
2014-10-11 /ejn/EJN_Home.aspx -
2014-10-11 /ejn/EJN_Home.aspx -
2014-10-11 /ejn/EJN_News.aspx id=52
2014-10-11 /ejn/EJN_News.aspx id=52
2014-10-11 /ejn/EJN_Home.aspx -
2014-10-11 /ejn/EJN_Home.aspx -
2014-10-11 /ejn/EJN_Home.aspx -
2014-10-11 /ejn/AtlasChooseMeasure.aspx Mp=1&Cou=FR&Type=2
2014-10-11 /ejn/ -
2014-10-11 /ejn/EJN_InfoAbout.aspx Id=378
2014-10-11 /ejn/EJN_InfoAbout.aspx Id=215
2014-10-11 /ejn/EJN_InfoAbout.aspx Id=435
2014-10-11 /ejn/EJN_ContactUs.aspx &KeepThis=true&
2014-10-11 /ejn/EJN_StaticPage.aspx Bread=4
2014-10-11 /ejn/EJN_StaticPage.aspx Bread=10
2014-10-11 /ejn/EJN_FichesBelgesResult.aspx measure=711&country=273&other=-1
2014-10-11 /ejn/EJN_FichesBelgesResult.aspx measure=708&country=273&other=-1
2014-10-11 /ejn/EJN_FichesBelgesTable.aspx -
2014-10-11 /ejn/EJN_Home.aspx -
2014-10-11 /ejn/EJN_Home.aspx -
2014-10-11 /ejn/ -
2014-10-11 /ejn/EJN_FichesBelgesResult.aspx measure=707&country=273&other=-1
2014-10-11 /ejn/EJN_InfoAbout.aspx Id=273
2014-10-11 /ejn/EJN_FichesBelgesResult.aspx measure=702&country=273&other=-1
2014-10-11 /ejn/ -
2014-10-11 /ejn/ -
2014-10-11 /ejn/EJN_AtlasAdvanced.aspx -
2014-10-11 /ejn/AtlasChooseMeasure.aspx Mp=1&Cou=ES&Type=2
2014-10-11 /ejn/EJN_InfoAbout.aspx Id=273
2014-10-11 /ejn/EJN_Home.aspx -
2014-10-11 /ejn/EJN_Home.aspx -
2014-10-11 /ejn/EJN_Home.aspx -
2014-10-11 /ejn/EJN_Home.aspx -
2014-10-11 /ejn/EJN_Home.aspx -
2014-10-11 /ejn/EJN_Home.aspx -
2014-10-11 /ejn/EJN_Home.aspx -
2014-10-11 /ejn/EJN_Home.aspx -
2014-10-11 /ejn/EJN_Home.aspx -
2014-10-11 /ejn/EJN_Home.aspx -
2014-10-11 /ejn/EJN_Home.aspx -
2014-10-11 /ejn/EJN_Home.aspx -
2014-10-11 /ejn/ -
2014-10-11 /ejn/EJN_FichesBelgesResult.aspx measure=713&country=273&other=-1
2014-10-11 /ejn/EJN_Home.aspx -
2014-10-11 /ejn/EJN_Home.aspx -
2014-10-11 /ejn/EJN_FichesBelgesResult.aspx measure=710&country=273&other=-1
2014-10-11 /ejn/EJN_Home.aspx -
2014-10-11 /ejn/EJN_FichesBelgesResult.aspx measure=709&country=273&other=-1
2014-10-11 /ejn/EJN_Home.aspx -
2014-10-11 /ejn/EJN_Home.aspx -
2014-10-11 /ejn/ejn_home.aspx -
2014-10-11 /ejn/EJN_Home.aspx -
2014-10-11 /ejn/ejn_home.aspx -
2014-10-11 /ejn/EJN_InfoAbout.aspx Id=273
2014-10-11 /ejn/EJN_Home.aspx -
2014-10-11 /ejn/EJN_StaticPage.aspx Bread=12
2014-10-11 /ejn/EJN_Home.aspx -
2014-10-11 /ejn/EJN_EAWWizard.aspx -
2014-10-11 /ejn/ctrls.eawwizard/IframeEngine.aspx -
2014-10-11 /ejn/EJN_Home.aspx -
2014-10-11 /ejn/EJN_Home.aspx -
2014-10-11 /ejn/Gallery.aspx -
2014-10-11 /ejn/Gallery.aspx -
2014-10-11 /ejn/EJN_Login.aspx -
2014-10-11 /ejn/EJN_StaticPage.aspx Bread=9
2014-10-11 /ejn/EJN_Home.aspx -
2014-10-11 /ejn/EJN_StaticPage.aspx Bread=21
2014-10-11 /ejn/ejn_home.aspx -
2014-10-11 /ejn/ -
2014-10-11 /ejn/NewsDetail.aspx id=119&Ori=H
2014-10-11 /ejn/EJN_Home.aspx -
2014-10-11 /ejn/EJN_InfoAbout.aspx Id=395
2014-10-11 /ejn/EJN_Home.aspx -
2014-10-11 /ejn/ -
2014-10-11 /ejn/EJN_Home.aspx -
2014-10-11 /ejn/EJN_Home.aspx -
2014-10-11 /ejn/EJN_Home.aspx -
2014-10-11 /ejn/ejn_home.aspx -
2014-10-11 /ejn/EJN_Home.aspx -
2014-10-11 /ejn/EJN_Home.aspx -
2014-10-11 /ejn/EJN_Home.aspx -
2014-10-11 /ejn/EJN_Home.aspx -
2014-10-11 /ejn/EJN_Home.aspx -
2014-10-11 /ejn/EJN_Home.aspx -
2014-10-11 /ejn/EJN_Home.aspx -
2014-10-11 /ejn/Events.aspx event=231
2014-10-11 /ejn/EJN_Home.aspx -
2014-10-11 /ejn/ -
2014-10-11 /ejn/EJN_Home.aspx -
2014-10-11 /ejn/ -
2014-10-11 /ejn/EJN_Home.aspx -
2014-10-11 /ejn/EJN_Home.aspx -
2014-10-11 /ejn/EJN_Home.aspx -
2014-10-11 /ejn/EJN_Home.aspx -
2014-10-11 /ejn/EJN_Home.aspx -
2014-10-11 /ejn/EJN_Home.aspx -
2014-10-11 /ejn/EJN_Home.aspx -
2014-10-11 /ejn/EJN_Home.aspx -
2014-10-11 /ejn/EJN_Home.aspx -
2014-10-11 /ejn/EJN_Home.aspx -
2014-10-11 /ejn/EJN_Home.aspx -
2014-10-11 /ejn/libcategories.aspx Id=5
2014-10-11 /ejn/EJN_Home.aspx -
2014-10-11 /ejn/Events.aspx event=231
2014-10-11 /ejn/ -
2014-10-11 /ejn/EJN_AtlasAdvanced.aspx -
2014-10-11 /ejn/EJN_Home.aspx -
2014-10-11 /ejn/ -
2014-10-11 /ejn/EJN_Home.aspx -
2014-10-11 /ejn/EJN_Home.aspx -
2014-10-11 /ejn/EJN_Home.aspx -
2014-10-11 /ejn/EJN_Home.aspx -
2014-10-11 /ejn/EJN_Home.aspx -
2014-10-11 /ejn/EJN_Home.aspx -
2014-10-11 /ejn/EJN_Home.aspx -
2014-10-11 /ejn/EJN_Home.aspx -
2014-10-11 /ejn/EJN_Home.aspx -
2014-10-11 /ejn/EJN_Home.aspx -
2014-10-11 /ejn/EJN_StaticPage.aspx Bread=21
2014-10-11 /ejn/EJN_Home.aspx -
2014-10-11 /ejn/ -
2014-10-11 /ejn/EJN_FichesBelges.aspx -
2014-10-11 /ejn/EJN_FichesBelges.aspx -
2014-10-11 /ejn/EJN_FichesBelges.aspx -
2014-10-11 /ejn/EJN_FichesBelges.aspx -
2014-10-11 /ejn/EJN_FichesBelgesResult.aspx measure=707&country=373&other=368
2014-10-11 /ejn/EJN_FichesBelges.aspx -
2014-10-11 /ejn/libshowdocument.aspx Id=222&Lang=LT
2014-10-11 /ejn/EJN_FichesBelgesResult.aspx measure=101&country=373&other=373
2014-10-11 /ejn/ -
2014-10-11 /ejn/ -
2014-10-11 /ejn/AtlasChooseMeasure.aspx Mp=1&Cou=ES&Type=2
2014-10-11 /ejn/AtlasChooseMeasure.aspx Mp=1&Cou=ES&Type=2
2014-10-11 /ejn/AtlasChooseMeasure.aspx Mp=1&Cou=ES&Type=2
2014-10-11 /ejn/AtlasSelection.aspx -
2014-10-11 /ejn/AtlasSelection.aspx -
2014-10-11 /ejn/AtlasSelection.aspx -
2014-10-11 /ejn/AtlasSelection.aspx -
2014-10-11 /ejn/AtlasSelection.aspx -
2014-10-11 /ejn/AtlasChooseAuthority.aspx -
2014-10-11 /ejn/AtlasSelection.aspx -
2014-10-11 /ejn/AtlasChooseAuthority.aspx -
2014-10-11 /ejn/AtlasSelection.aspx -
2014-10-11 /ejn/AtlasChooseAuthority.aspx -
2014-10-11 /ejn/AtlasSelection.aspx -
2014-10-11 /ejn/AtlasSelection.aspx -
2014-10-11 /ejn/AtlasAuthorityData.aspx Id=4145
2014-10-11 /ejn/AtlasChooseAuthority.aspx -
2014-10-11 /ejn/EJN_Home.aspx -
2014-10-11 /ejn/EJN_Home.aspx -
2014-10-11 /ejn/EJN_Home.aspx -
2014-10-11 /ejn/ -
2014-10-11 /ejn/AtlasChooseAuthority.aspx/GetLocations -
2014-10-11 /ejn/AtlasChooseMeasure.aspx MP=0&Cou=373
2014-10-11 /ejn/AtlasChooseAuthority.aspx -
2014-10-11 /ejn/AtlasChooseAuthority.aspx -
2014-10-11 /ejn/AtlasChooseMeasure.aspx MP=0&Cou=373
2014-10-11 /ejn/AtlasChooseMeasure.aspx MP=0&Cou=373
2014-10-11 /ejn/AtlasSelection.aspx -
2014-10-11 /ejn/AtlasSelection.aspx -
2014-10-11 /ejn/AtlasSelection.aspx -
2014-10-11 /ejn/EJN_Home.aspx -
2014-10-11 /ejn/ -
2014-10-11 /ejn/ejn_home.aspx -
2014-10-11 /ejn/AtlasSelection.aspx -
2014-10-11 /ejn/AtlasSelection.aspx -
2014-10-11 /ejn/AtlasSelection.aspx -
2014-10-11 /ejn/AtlasSelection.aspx -
2014-10-11 /ejn/AtlasChooseAuthority.aspx -
2014-10-11 /ejn/AtlasChooseAuthority.aspx/GetLocations -
2014-10-11 /ejn/AtlasChooseAuthority.aspx -
2014-10-11 /ejn/AtlasAuthorityData.aspx Id=2971
2014-10-11 /ejn/EJN_StaticPage.aspx Bread=2
2014-10-11 /ejn/EJN_Home.aspx -
2014-10-11 /ejn/EJN_Home.aspx -
2014-10-11 /ejn/AtlasChooseCountry.aspx Type=1
2014-10-11 /ejn/AtlasAuthorityData.aspx Id=2971
2014-10-11 /ejn/AtlasChooseAuthority.aspx -
2014-10-11 /ejn/EJN_EAWWizard.aspx -
2014-10-11 /ejn/ctrls.eawwizard/IframeEngine.aspx -
2014-10-11 /ejn/AtlasChooseAuthority.aspx/GetLocations -
2014-10-11 /ejn/AtlasChooseAuthority.aspx/GetLocations -
2014-10-11 /ejn/AtlasChooseAuthority.aspx -
2014-10-11 /ejn/AtlasAuthorityData.aspx Id=3017
2014-10-11 /ejn/EJN_StaticPage.aspx Bread=13
2014-10-11 /ejn/EJN_Home.aspx -
2014-10-11 /ejn/EJN_StaticPage.aspx Bread=14
2014-10-11 /ejn/AtlasAuthorityData.aspx Id=3017
2014-10-11 /ejn/AtlasChooseAuthority.aspx -
2014-10-11 /ejn/AtlasChooseAuthority.aspx/GetLocations -
2014-10-11 /ejn/AtlasChooseAuthority.aspx -
2014-10-11 /ejn/AtlasAuthorityData.aspx Id=2984
2014-10-11 /ejn/EJN_Home.aspx -
2014-10-11 /ejn/AtlasAuthorityData.aspx Id=2984
2014-10-11 /ejn/AtlasChooseAuthority.aspx -
2014-10-11 /ejn/AtlasChooseAuthority.aspx/GetLocations -
2014-10-11 /ejn/AtlasChooseAuthority.aspx -
2014-10-11 /ejn/AtlasAuthorityData.aspx Id=2775
2014-10-11 /ejn/EJN_Home.aspx -
2014-10-11 /ejn/EJN_Home.aspx -
2014-10-11 /ejn/AtlasAuthorityData.aspx Id=2775
2014-10-11 /ejn/AtlasChooseAuthority.aspx -
2014-10-11 /ejn/AtlasChooseAuthority.aspx/GetLocations -
2014-10-11 /ejn/AtlasChooseAuthority.aspx -
2014-10-11 /ejn/AtlasAuthorityData.aspx Id=2713
2014-10-11 /ejn/ejn_home.aspx -
2014-10-11 /ejn/ejn_home.aspx -
2014-10-11 /ejn/AtlasAuthorityData.aspx Id=2713
2014-10-11 /ejn/AtlasChooseAuthority.aspx -
2014-10-11 /ejn/AtlasChooseAuthority.aspx/GetLocations -
2014-10-11 /ejn/AtlasChooseAuthority.aspx -
2014-10-11 /ejn/AtlasAuthorityData.aspx Id=2987
2014-10-11 /ejn/AtlasAuthorityData.aspx Id=2987
2014-10-11 /ejn/AtlasChooseAuthority.aspx -
2014-10-11 /ejn/AtlasAuthorityData.aspx Id=2987
2014-10-11 /ejn/AtlasChooseAuthority.aspx -
2014-10-11 /ejn/AtlasChooseAuthority.aspx/GetLocations -
2014-10-11 /ejn/AtlasChooseAuthority.aspx -
2014-10-11 /ejn/AtlasAuthorityData.aspx Id=3055
2014-10-11 /ejn/AtlasAuthorityData.aspx Id=3055
2014-10-11 /ejn/AtlasChooseAuthority.aspx -
2014-10-11 /ejn/AtlasChooseAuthority.aspx/GetLocations -
2014-10-11 /ejn/AtlasChooseAuthority.aspx -
2014-10-11 /ejn/AtlasAuthorityData.aspx Id=2737
2014-10-11 /ejn/AtlasAuthorityData.aspx Id=2737
2014-10-11 /ejn/AtlasChooseAuthority.aspx -
2014-10-11 /ejn/AtlasChooseAuthority.aspx/GetLocations -
2014-10-11 /ejn/AtlasChooseAuthority.aspx/GetLocations -
2014-10-11 /ejn/AtlasChooseAuthority.aspx -
2014-10-11 /ejn/AtlasAuthorityData.aspx Id=2691
2014-10-11 /ejn/AtlasAuthorityData.aspx Id=2691
2014-10-11 /ejn/AtlasChooseAuthority.aspx -
2014-10-11 /ejn/AtlasChooseAuthority.aspx/GetLocations -
2014-10-11 /ejn/AtlasChooseAuthority.aspx -
2014-10-11 /ejn/AtlasChooseAuthority.aspx -
2014-10-11 /ejn/AtlasChooseAuthority.aspx/GetLocations -
2014-10-11 /ejn/AtlasChooseAuthority.aspx -
2014-10-11 /ejn/AtlasChooseAuthority.aspx -
2014-10-11 /ejn/AtlasChooseAuthority.aspx -
2014-10-11 /ejn/AtlasChooseAuthority.aspx/GetLocations -
2014-10-11 /ejn/AtlasChooseAuthority.aspx -
2014-10-11 /ejn/AtlasChooseAuthority.aspx/GetLocations -
2014-10-11 /ejn/AtlasChooseAuthority.aspx -
2014-10-11 /ejn/AtlasAuthorityData.aspx Id=2878
2014-10-11 /ejn/AtlasAuthorityData.aspx Id=2878
2014-10-11 /ejn/AtlasChooseAuthority.aspx -
2014-10-11 /ejn/AtlasChooseAuthority.aspx/GetLocations -
2014-10-11 /ejn/AtlasChooseAuthority.aspx -
2014-10-11 /ejn/AtlasAuthorityData.aspx Id=3069
2014-10-11 /ejn/EJN_Home.aspx -
2014-10-11 /ejn/EJN_Home.aspx -
2014-10-11 /ejn/EJN_Home.aspx -
2014-10-11 /ejn/ -
2014-10-11 /ejn/AtlasAuthorityData.aspx Id=3069
2014-10-11 /ejn/AtlasChooseAuthority.aspx -
2014-10-11 /ejn/AtlasChooseAuthority.aspx/GetLocations -
2014-10-11 /ejn/AtlasChooseAuthority.aspx -
2014-10-11 /ejn/AtlasAuthorityData.aspx Id=2756
2014-10-11 /ejn/EJN_Home.aspx -
2014-10-11 /ejn/AtlasAuthorityData.aspx Id=2756
2014-10-11 /ejn/AtlasChooseAuthority.aspx -
2014-10-11 /ejn/AtlasChooseAuthority.aspx/GetLocations -
2014-10-11 /ejn/AtlasChooseAuthority.aspx -
2014-10-11 /ejn/AtlasAuthorityData.aspx Id=3073
2014-10-11 /ejn/EJN_Home.aspx -
2014-10-11 /ejn/AtlasAuthorityData.aspx Id=3073
2014-10-11 /ejn/AtlasChooseAuthority.aspx -
2014-10-11 /ejn/AtlasChooseAuthority.aspx/GetLocations -
2014-10-11 /ejn/AtlasChooseAuthority.aspx -
2014-10-11 /ejn/AtlasAuthorityData.aspx Id=2806
2014-10-11 /ejn/AtlasAuthorityData.aspx Id=2806
2014-10-11 /ejn/AtlasChooseAuthority.aspx -
2014-10-11 /ejn/AtlasChooseAuthority.aspx/GetLocations -
2014-10-11 /ejn/AtlasChooseAuthority.aspx -
2014-10-11 /ejn/AtlasAuthorityData.aspx Id=2835
2014-10-11 /ejn/EJN_Home.aspx -
2014-10-11 /ejn/AtlasAuthorityData.aspx Id=2835
2014-10-11 /ejn/AtlasChooseAuthority.aspx -
2014-10-11 /ejn/EJN_Home.aspx -
2014-10-11 /ejn/AtlasChooseAuthority.aspx/GetLocations -
2014-10-11 /ejn/AtlasChooseAuthority.aspx -
2014-10-11 /ejn/AtlasAuthorityData.aspx Id=2854
2014-10-11 /ejn/AtlasAuthorityData.aspx Id=2854
2014-10-11 /ejn/AtlasChooseAuthority.aspx -
2014-10-11 /ejn/EJN_Home.aspx -
2014-10-11 /ejn/AtlasChooseAuthority.aspx/GetLocations -
2014-10-11 /ejn/AtlasChooseAuthority.aspx -
2014-10-11 /ejn/AtlasAuthorityData.aspx Id=3034
2014-10-11 /ejn/AtlasChooseAuthority.aspx -
2014-10-11 /ejn/AtlasChooseAuthority.aspx/GetLocations -
2014-10-11 /ejn/AtlasChooseAuthority.aspx -
2014-10-11 /ejn/AtlasAuthorityData.aspx Id=3078
2014-10-11 /ejn/EJN_Home.aspx -
2014-10-11 /ejn/AtlasAuthorityData.aspx Id=3078
2014-10-11 /ejn/AtlasChooseAuthority.aspx -
2014-10-11 /ejn/AtlasAuthorityData.aspx Id=3078
2014-10-11 /ejn/EJN_Home.aspx -
2014-10-11 /ejn/AtlasChooseAuthority.aspx/GetLocations -
2014-10-11 /ejn/AtlasChooseAuthority.aspx/GetLocations -
2014-10-11 /ejn/AtlasChooseAuthority.aspx/GetLocations -
2014-10-11 /ejn/AtlasChooseAuthority.aspx -
2014-10-11 /ejn/AtlasAuthorityData.aspx Id=3084
2014-10-11 /ejn/AtlasAuthorityData.aspx Id=3084
2014-10-11 /ejn/AtlasChooseAuthority.aspx -
2014-10-11 /ejn/AtlasChooseAuthority.aspx/GetLocations -
2014-10-11 /ejn/AtlasChooseAuthority.aspx -
2014-10-11 /ejn/AtlasAuthorityData.aspx Id=2975
2014-10-11 /news-detail.aspx anunID=24
2014-10-11 /ejn/AtlasAuthorityData.aspx Id=2975
2014-10-11 /ejn/AtlasChooseAuthority.aspx -
2014-10-11 /ejn/AtlasChooseAuthority.aspx/GetLocations -
2014-10-11 /ejn/AtlasChooseAuthority.aspx -
2014-10-11 /ejn/AtlasAuthorityData.aspx Id=3085
2014-10-11 /ejn/AtlasAuthorityData.aspx Id=3085
2014-10-11 /ejn/AtlasChooseAuthority.aspx -
2014-10-11 /ejn/AtlasChooseAuthority.aspx/GetLocations -
2014-10-11 /ejn/AtlasChooseAuthority.aspx -
2014-10-11 /ejn/AtlasAuthorityData.aspx Id=3074
2014-10-11 /ejn/AtlasAuthorityData.aspx Id=3074
2014-10-11 /ejn/AtlasChooseAuthority.aspx -
2014-10-11 /ejn/AtlasChooseAuthority.aspx/GetLocations -
2014-10-11 /ejn/AtlasChooseAuthority.aspx -
2014-10-11 /ejn/AtlasAuthorityData.aspx Id=3065
2014-10-11 /ejn/AtlasAuthorityData.aspx Id=3065
2014-10-11 /ejn/AtlasChooseAuthority.aspx -
2014-10-11 /ejn/AtlasChooseAuthority.aspx/GetLocations -
2014-10-11 /ejn/AtlasChooseAuthority.aspx -
2014-10-11 /ejn/AtlasAuthorityData.aspx Id=2945
2014-10-11 /ejn/AtlasAuthorityData.aspx Id=2945
2014-10-11 /ejn/AtlasChooseAuthority.aspx -
2014-10-11 /ejn/AtlasChooseAuthority.aspx/GetLocations -
2014-10-11 /ejn/AtlasChooseAuthority.aspx -
2014-10-11 /ejn/AtlasAuthorityData.aspx Id=3090
2014-10-11 /ejn/EJN_AtlasAdvanced.aspx -
2014-10-11 /ejn/ -
2014-10-11 /ejn/AtlasAuthorityData.aspx Id=3090
2014-10-11 /ejn/AtlasChooseAuthority.aspx -
2014-10-11 /ejn/AtlasChooseAuthority.aspx/GetLocations -
2014-10-11 /ejn/AtlasChooseAuthority.aspx -
2014-10-11 /ejn/AtlasAuthorityData.aspx Id=2733
2014-10-11 /ejn/AtlasAuthorityData.aspx Id=2733
2014-10-11 /ejn/AtlasChooseAuthority.aspx -
2014-10-11 /ejn/AtlasChooseAuthority.aspx/GetLocations -
2014-10-11 /ejn/AtlasChooseAuthority.aspx -
2014-10-11 /ejn/AtlasAuthorityData.aspx Id=3093
2014-10-11 /ejn/AtlasAuthorityData.aspx Id=3093
2014-10-11 /ejn/AtlasChooseAuthority.aspx -
2014-10-11 /ejn/AtlasChooseAuthority.aspx/GetLocations -
2014-10-11 /ejn/AtlasChooseAuthority.aspx/GetLocations -
2014-10-11 /ejn/AtlasChooseAuthority.aspx/GetLocations -
2014-10-11 /ejn/AtlasChooseAuthority.aspx -
2014-10-11 /ejn/AtlasAuthorityData.aspx Id=2721
2014-10-11 /ejn/AtlasAuthorityData.aspx Id=2721
2014-10-11 /ejn/AtlasChooseAuthority.aspx -
2014-10-11 /ejn/AtlasChooseAuthority.aspx/GetLocations -
2014-10-11 /ejn/AtlasChooseAuthority.aspx -
2014-10-11 /ejn/AtlasAuthorityData.aspx Id=2883
2014-10-11 /ejn/EJN_Home.aspx -
2014-10-11 /ejn/EJN_Home.aspx -
2014-10-11 /ejn/EJN_Home.aspx -
2014-10-11 /ejn/ -
2014-10-11 /ejn/AtlasAuthorityData.aspx Id=2883
2014-10-11 /ejn/AtlasChooseAuthority.aspx -
2014-10-11 /ejn/AtlasChooseAuthority.aspx/GetLocations -
2014-10-11 /ejn/AtlasChooseAuthority.aspx -
2014-10-11 /ejn/AtlasAuthorityData.aspx Id=2879
2014-10-11 /ejn/EJN_Home.aspx -
2014-10-11 /ejn/AtlasChooseAuthority.aspx -
2014-10-11 /ejn/AtlasChooseAuthority.aspx/GetLocations -
2014-10-11 /ejn/AtlasChooseAuthority.aspx -
2014-10-11 /ejn/AtlasAuthorityData.aspx Id=3104
2014-10-11 /ejn/EJN_Home.aspx -
2014-10-11 /ejn/AtlasAuthorityData.aspx Id=3104
2014-10-11 /ejn/AtlasChooseAuthority.aspx -
2014-10-11 /ejn/AtlasChooseAuthority.aspx/GetLocations -
2014-10-11 /ejn/AtlasChooseAuthority.aspx -
2014-10-11 /ejn/AtlasAuthorityData.aspx Id=2916
2014-10-11 /ejn/EJN_Home.aspx -
2014-10-11 /ejn/AtlasAuthorityData.aspx Id=2916
2014-10-11 /ejn/AtlasChooseAuthority.aspx -
2014-10-11 /ejn/EJN_Home.aspx -
2014-10-11 /ejn/AtlasChooseAuthority.aspx/GetLocations -
2014-10-11 /ejn/AtlasChooseAuthority.aspx -
2014-10-11 /ejn/AtlasChooseAuthority.aspx/GetLocations -
2014-10-11 /ejn/AtlasChooseAuthority.aspx -
2014-10-11 /ejn/AtlasAuthorityData.aspx Id=3105
2014-10-11 /ejn/EJN_Home.aspx -
2014-10-11 /ejn/AtlasAuthorityData.aspx Id=3105
2014-10-11 /ejn/AtlasChooseAuthority.aspx -
2014-10-11 /ejn/AtlasChooseAuthority.aspx/GetLocations -
2014-10-11 /ejn/AtlasChooseAuthority.aspx -
2014-10-11 /ejn/AtlasAuthorityData.aspx Id=3053
2014-10-11 /ejn/AtlasAuthorityData.aspx Id=3053
2014-10-11 /ejn/AtlasChooseAuthority.aspx -
2014-10-11 /ejn/EJN_Home.aspx -
2014-10-11 /ejn/AtlasChooseAuthority.aspx/GetLocations -
2014-10-11 /ejn/AtlasChooseAuthority.aspx -
2014-10-11 /ejn/AtlasAuthorityData.aspx Id=2861
2014-10-11 /ejn/AtlasAuthorityData.aspx Id=2861
2014-10-11 /ejn/AtlasChooseAuthority.aspx -
2014-10-11 /ejn/AtlasChooseAuthority.aspx/GetLocations -
2014-10-11 /ejn/AtlasChooseAuthority.aspx -
2014-10-11 /ejn/AtlasAuthorityData.aspx Id=2851
2014-10-11 /ejn/EJN_Home.aspx -
2014-10-11 /ejn/AtlasAuthorityData.aspx Id=2851
2014-10-11 /ejn/AtlasChooseAuthority.aspx -
2014-10-11 /ejn/AtlasChooseAuthority.aspx/GetLocations -
2014-10-11 /ejn/AtlasChooseAuthority.aspx -
2014-10-11 /ejn/AtlasAuthorityData.aspx Id=3106
2014-10-11 /ejn/AtlasAuthorityData.aspx Id=3106
2014-10-11 /ejn/AtlasChooseAuthority.aspx -
2014-10-11 /ejn/AtlasChooseAuthority.aspx/GetLocations -
2014-10-11 /ejn/AtlasChooseAuthority.aspx -
2014-10-11 /ejn/AtlasAuthorityData.aspx Id=2655
2014-10-11 /ejn/AtlasAuthorityData.aspx Id=2655
2014-10-11 /ejn/AtlasChooseAuthority.aspx -
2014-10-11 /ejn/AtlasChooseAuthority.aspx/GetLocations -
2014-10-11 /ejn/AtlasChooseAuthority.aspx/GetLocations -
2014-10-11 /ejn/AtlasChooseAuthority.aspx -
2014-10-11 /ejn/AtlasAuthorityData.aspx Id=3022
2014-10-11 /ejn/AtlasAuthorityData.aspx Id=3022
2014-10-11 /ejn/AtlasChooseAuthority.aspx -
2014-10-11 /ejn/AtlasChooseAuthority.aspx/GetLocations -
2014-10-11 /ejn/AtlasChooseAuthority.aspx -
2014-10-11 /ejn/AtlasAuthorityData.aspx Id=2979
2014-10-11 /ejn/AtlasAuthorityData.aspx Id=2979
2014-10-11 /ejn/AtlasChooseAuthority.aspx -
2014-10-11 /ejn/AtlasChooseAuthority.aspx/GetLocations -
2014-10-11 /ejn/AtlasChooseAuthority.aspx -
2014-10-11 /ejn/AtlasChooseAuthority.aspx/GetLocations -
2014-10-11 /ejn/AtlasChooseAuthority.aspx -
2014-10-11 /ejn/AtlasAuthorityData.aspx Id=2802
2014-10-11 /ejn/AtlasAuthorityData.aspx Id=2802
2014-10-11 /ejn/AtlasChooseAuthority.aspx -
2014-10-11 /ejn/AtlasChooseAuthority.aspx/GetLocations -
2014-10-11 /ejn/AtlasChooseAuthority.aspx -
2014-10-11 /ejn/AtlasAuthorityData.aspx Id=3109
2014-10-11 /ejn/ -
2014-10-11 /ejn/AtlasAuthorityData.aspx Id=3109
2014-10-11 /ejn/AtlasChooseAuthority.aspx -
2014-10-11 /ejn/AtlasChooseAuthority.aspx/GetLocations -
2014-10-11 /ejn/AtlasChooseAuthority.aspx -
2014-10-11 /ejn/AtlasAuthorityData.aspx Id=2982
2014-10-11 /ejn/AtlasAuthorityData.aspx Id=2982
2014-10-11 /ejn/AtlasChooseAuthority.aspx -
2014-10-11 /ejn/AtlasChooseAuthority.aspx/GetLocations -
2014-10-11 /ejn/AtlasChooseAuthority.aspx -
2014-10-11 /ejn/AtlasChooseAuthority.aspx -
2014-10-11 /ejn/AtlasChooseAuthority.aspx -
2014-10-11 /ejn/AtlasChooseAuthority.aspx -
2014-10-11 /ejn/AtlasChooseAuthority.aspx -
2014-10-11 /ejn/AtlasChooseAuthority.aspx -
2014-10-11 /ejn/AtlasChooseAuthority.aspx/GetLocations -
2014-10-11 /ejn/AtlasChooseAuthority.aspx -
2014-10-11 /ejn/AtlasChooseAuthority.aspx -
2014-10-11 /ejn/AtlasChooseAuthority.aspx -
2014-10-11 /ejn/AtlasChooseAuthority.aspx/GetLocations -
2014-10-11 /ejn/AtlasChooseAuthority.aspx -
2014-10-11 /ejn/EJN_Home.aspx -
2014-10-11 /ejn/EJN_Home.aspx -
2014-10-11 /ejn/EJN_Home.aspx -
2014-10-11 /ejn/ -
2014-10-11 /ejn/EJN_Home.aspx -
2014-10-11 /ejn/EJN_Home.aspx -
2014-10-11 /ejn/EJN_Home.aspx -
2014-10-11 /ejn/EJN_Home.aspx -
2014-10-11 /ejn/EJN_Home.aspx -
2014-10-11 /ejn/ejn_home.aspx -
2014-10-11 /ejn/EJN_Home.aspx -
2014-10-11 /ejn/Events.aspx event=231
2014-10-11 /ejn/EJN_Home.aspx -
2014-10-11 /ejn/EJN_Home.aspx -
2014-10-11 /ejn/EJN_FichesBelges.aspx -
2014-10-11 /ejn/EJN_Home.aspx -
2014-10-11 /ejn/EJN_Home.aspx -
2014-10-11 /ejn/EJN_Home.aspx -
2014-10-11 /ejn/EJN_EAWWizard.aspx -
2014-10-11 /ejn/EJN_Home.aspx -
2014-10-11 /ejn/EJN_Home.aspx -
2014-10-11 /ejn/ -
2014-10-11 /ejn/EJN_Home.aspx -
2014-10-11 /ejn/EJN_Home.aspx -
2014-10-11 /ejn/EJN_Home.aspx -
2014-10-11 /ejn/EJN_Home.aspx -
2014-10-11 /ejn/EJN_Home.aspx -
2014-10-11 /ejn/AtlasChooseMeasure.aspx Mp=1&Cou=PL&Type=2
2014-10-11 /ejn/AtlasChooseMeasure.aspx Mp=1&Cou=PL&Type=2
2014-10-11 /ejn/AtlasChooseMeasure.aspx Mp=1&Cou=PL&Type=2
2014-10-11 /ejn/AtlasChooseMeasure.aspx Mp=1&Cou=PL&Type=2
2014-10-11 /ejn/AtlasSelection.aspx -
2014-10-11 /ejn/AtlasSelection.aspx -
2014-10-11 /ejn/AtlasSelection.aspx -
2014-10-11 /ejn/AtlasSelection.aspx -
2014-10-11 /ejn/AtlasSelection.aspx -
2014-10-11 /ejn/AtlasSelection.aspx -
2014-10-11 /ejn/AtlasChooseAuthority.aspx -
2014-10-11 /ejn/AtlasChooseAuthority.aspx/GetLocations -
2014-10-11 /ejn/AtlasChooseAuthority.aspx -
2014-10-11 /ejn/AtlasAuthorityData.aspx Id=5282
2014-10-11 /ejn/EJN_News.aspx -
2014-10-11 /ejn/EJN_News.aspx -
2014-10-11 /ejn/libshowdocument.aspx Id=247&Lang=BG
2014-10-11 /ejn/libshowdocument.aspx Id=247&Lang=BG
2014-10-11 /ejn/ -
2014-10-11 /ejn/EJN_AtlasAdvanced.aspx -
2014-10-11 /ejn/ejn_home.aspx -
2014-10-11 /ejn/EJN_Home.aspx -
2014-10-11 /ejn/EJN_Home.aspx -
2014-10-11 /ejn/EJN_Home.aspx -
2014-10-11 /ejn/EJN_Home.aspx -
2014-10-11 /ejn/EJN_Home.aspx -
2014-10-11 /ejn/EJN_Home.aspx -
2014-10-11 /ejn/EJN_Home.aspx -
2014-10-11 /ejn/EJN_Home.aspx -
2014-10-11 /ejn/EJN_Home.aspx -
2014-10-11 /ejn/ -
2014-10-11 /ejn/libcategories.aspx -
2014-10-11 /ejn/EJN_Home.aspx -
2014-10-11 /ejn/libcategories.aspx -
2014-10-11 /ejn/libcategories.aspx Id=1
2014-10-11 /ejn/libcategories.aspx Id=19
2014-10-11 /ejn/libcategories.aspx Id=21
2014-10-11 /ejn/libcategories.aspx Id=85
2014-10-11 /ejn/libshowdocument.aspx Id=691&Lang=EN
2014-10-11 /ejn/libcategories.aspx -
2014-10-11 /ejn/libcategories.aspx Id=1
2014-10-11 /ejn/libcategories.aspx Id=19
2014-10-11 /ejn/libcategories.aspx Id=12
2014-10-11 /ejn/libcategories.aspx Id=37
2014-10-11 /ejn/EJN_StaticPage.aspx Bread=7
2014-10-11 /ejn/EJN_Home.aspx -
2014-10-11 /ejn/EJN_Home.aspx -
2014-10-11 /ejn/libcategories.aspx -
2014-10-11 /ejn/EJN_Home.aspx -
2014-10-11 /ejn/libcategories.aspx -
2014-10-11 /ejn/libcategories.aspx Id=1
2014-10-11 /ejn/libcategories.aspx Id=19
2014-10-11 /ejn/libcategories.aspx Id=12
2014-10-11 /ejn/libcategories.aspx Id=24
2014-10-11 /ejn/libshowdocument.aspx Id=786&Lang=EN
2014-10-11 /ejn/EJN_Library_StatusOfImpByCat.aspx CategoryId=24
2014-10-11 /ejn/EJN_Home.aspx -
2014-10-11 /ejn/libdocumentproperties.aspx Id=139
2014-10-11 /ejn/libdocumentproperties.aspx Id=139
2014-10-11 /ejn/EJN_Home.aspx -
2014-10-11 /ejn/libcategories.aspx Id=34
2014-10-11 /ejn/libshowdocument.aspx Id=681&Lang=EN
2014-10-11 /ejn/EJN_Library_StatusOfImpByCat.aspx CategoryId=34
2014-10-11 /ejn/EJN_Home.aspx -
2014-10-11 /ejn/libdocumentproperties.aspx Id=685
2014-10-11 /ejn/libdocumentproperties.aspx Id=685
2014-10-11 /ejn/EJN_Home.aspx -
2014-10-11 /ejn/libdocumentproperties.aspx Id=1040
2014-10-11 /ejn/libdocumentproperties.aspx Id=1040
2014-10-11 /ejn/EJN_Home.aspx -
2014-10-11 /ejn/EJN_Home.aspx -
2014-10-11 /ejn/ -
2014-10-11 /ejn/ ++Culture:ESSessionId:axsz2c4vamffdbytyum1qt4qDate_Time:18:38
2014-10-11 /ejn/EJN_QuickLinks.aspx id=25
2014-10-11 /ejn/EJN_AtlasAdvanced.aspx -
2014-10-11 /ejn/AtlasChooseCountry.aspx Type=2
2014-10-11 /ejn/AtlasChooseCountry.aspx Type=2
2014-10-11 /ejn/AtlasChooseMeasure.aspx MP=0&Cou=373
2014-10-11 /ejn/AtlasChooseMeasure.aspx MP=0&Cou=373
2014-10-11 /ejn/AtlasChooseMeasure.aspx MP=0&Cou=373
2014-10-11 /ejn/AtlasSelection.aspx -
2014-10-11 /ejn/AtlasSelection.aspx -
2014-10-11 /ejn/AtlasSelection.aspx -
2014-10-11 /ejn/AtlasSelection.aspx -
2014-10-11 /ejn/AtlasSelection.aspx -
2014-10-11 /ejn/AtlasSelection.aspx -
2014-10-11 /ejn/AtlasSelection.aspx -
2014-10-11 /ejn/AtlasChooseAuthority.aspx -
2014-10-11 /ejn/AtlasChooseAuthority.aspx/GetLocations -
2014-10-11 /ejn/AtlasChooseAuthority.aspx -
2014-10-11 /ejn/AtlasChooseAuthority.aspx -
2014-10-11 /ejn/AtlasChooseAuthority.aspx/GetLocations -
2014-10-11 /ejn/AtlasChooseAuthority.aspx -
2014-10-11 /ejn/AtlasChooseAuthority.aspx -
2014-10-11 /ejn/AtlasAuthorityData.aspx Id=3114
2014-10-11 /ejn/AtlasAuthorityData.aspx Id=3114
2014-10-11 /ejn/AtlasChooseAuthority.aspx -
2014-10-11 /ejn/AtlasChooseAuthority.aspx/GetLocations -
2014-10-11 /ejn/AtlasChooseAuthority.aspx -
2014-10-11 /ejn/AtlasAuthorityData.aspx Id=2948
2014-10-11 /ejn/AtlasAuthorityData.aspx Id=2948
2014-10-11 /ejn/AtlasChooseAuthority.aspx -
2014-10-11 /ejn/AtlasChooseAuthority.aspx/GetLocations -
2014-10-11 /ejn/AtlasChooseAuthority.aspx -
2014-10-11 /ejn/AtlasAuthorityData.aspx Id=2968
2014-10-11 /ejn/AtlasAuthorityData.aspx Id=2968
2014-10-11 /ejn/AtlasChooseAuthority.aspx -
2014-10-11 /ejn/AtlasChooseAuthority.aspx/GetLocations -
2014-10-11 /ejn/AtlasChooseAuthority.aspx -
2014-10-11 /ejn/AtlasAuthorityData.aspx Id=3040
2014-10-11 /documents.aspx+/t+_blank -
2014-10-11 /ejn/AtlasChooseAuthority.aspx/GetLocations -
2014-10-11 /ejn/AtlasChooseAuthority.aspx -
2014-10-11 /ejn/AtlasChooseAuthority.aspx/GetLocations -
2014-10-11 /ejn/AtlasChooseAuthority.aspx -
2014-10-11 /ejn/AtlasAuthorityData.aspx Id=3077
2014-10-11 /ejn/EJN_Home.aspx -
2014-10-11 /ejn/AtlasChooseAuthority.aspx/GetLocations -
2014-10-11 /ejn/EJN_Home.aspx -
2014-10-11 /ejn/AtlasChooseAuthority.aspx -
2014-10-11 /ejn/AtlasAuthorityData.aspx Id=3103
2014-10-11 /ejn/EJN_Home.aspx -
2014-10-11 /ejn/AtlasChooseAuthority.aspx/GetLocations -
2014-10-11 /ejn/AtlasChooseAuthority.aspx -
2014-10-11 /ejn/AtlasAuthorityData.aspx Id=2752
2014-10-11 /ejn/AtlasChooseAuthority.aspx/GetLocations -
2014-10-11 /ejn/AtlasChooseAuthority.aspx -
2014-10-11 /ejn/AtlasAuthorityData.aspx Id=2961
2014-10-11 /ejn/EJN_Home.aspx -
2014-10-11 /ejn/AtlasChooseAuthority.aspx/GetLocations -
2014-10-11 /ejn/AtlasChooseAuthority.aspx -
2014-10-11 /ejn/AtlasAuthorityData.aspx Id=3118
2014-10-11 /ejn/AtlasChooseAuthority.aspx/GetLocations -
2014-10-11 /ejn/AtlasChooseAuthority.aspx -
2014-10-11 /ejn/AtlasAuthorityData.aspx Id=3119
2014-10-11 /ejn/EJN_Home.aspx -
2014-10-11 /ejn/AtlasChooseAuthority.aspx/GetLocations -
2014-10-11 /ejn/AtlasChooseAuthority.aspx -
2014-10-11 /ejn/AtlasAuthorityData.aspx Id=2778
2014-10-11 /ejn/EJN_Home.aspx -
2014-10-11 /ejn/AtlasChooseAuthority.aspx/GetLocations -
2014-10-11 /ejn/AtlasChooseAuthority.aspx -
2014-10-11 /ejn/AtlasAuthorityData.aspx Id=2731
2014-10-11 /ejn/EJN_Home.aspx -
2014-10-11 /ejn/AtlasChooseAuthority.aspx/GetLocations -
2014-10-11 /ejn/AtlasChooseAuthority.aspx -
2014-10-11 /ejn/AtlasAuthorityData.aspx Id=2993
2014-10-11 /ejn/EJN_Home.aspx -
2014-10-11 /ejn/EJN_Home.aspx -
2014-10-11 /ejn/EJN_StaticPage.aspx Bread=1
2014-10-11 /ejn/EJN_Home.aspx -
2014-10-11 /ejn/EJN+AtlasAdvanced.aspx -
2014-10-11 /ejn/EJN+AtlasAdvanced.aspx -
2014-10-11 /documents.aspx -
2014-10-11 /ejn/ -
2014-10-11 /ejn/EJN_AtlasAdvanced.aspx -
2014-10-11 /ejn/EJN_Home.aspx -
2014-10-11 /ejn/EJN_Home.aspx -
2014-10-11 /ejn/EJN_Home.aspx -
2014-10-11 /ejn/EJN_Home.aspx -
2014-10-11 /ejn/ -
2014-10-11 /ejn/EJN_InfoAbout.aspx Id=373
2014-10-11 /ejn/EJN_Home.aspx -
2014-10-11 /ejn/EJN_Home.aspx -
2014-10-11 /ejn/EJN_Home.aspx -
2014-10-11 /ejn/EJN_News.aspx id=49
2014-10-11 /ejn/EJN_News.aspx id=49
2014-10-11 /ejn/libshowdocument.aspx Id=247&Lang=NL
2014-10-11 /ejn/libshowdocument.aspx Id=247&Lang=NL
2014-10-11 /ejn/EJN_Home.aspx -
2014-10-11 /ejn/EJN_Home.aspx -
2014-10-11 /ejn/EJN_Home.aspx -
2014-10-11 /ejn/EJN_Home.aspx -
2014-10-11 /ejn/EJN_Home.aspx -
2014-10-11 /ejn/EJN_Home.aspx -
2014-10-11 /ejn/EJN_Home.aspx -
2014-10-11 /ejn/ -
2014-10-11 /ejn/EJN_Home.aspx -
2014-10-11 /ejn/EJN_Home.aspx -
2014-10-11 /ejn/EJN_Home.aspx -
2014-10-11 /ejn/EJN_Home.aspx -
2014-10-11 /ejn/ejn_home.aspx -
2014-10-11 /ejn/EJN_Home.aspx -
2014-10-11 /ejn/EJN_Home.aspx -
2014-10-11 /ejn/EJN++Compendium.aspx -
2014-10-11 /ejn/EJN++Compendium.aspx -
2014-10-11 /ejn/EJN_Home.aspx -
2014-10-11 /ejn/ -
2014-10-11 /ejn/EJN_AtlasAdvanced.aspx -
2014-10-11 /ejn/EJN_Home.aspx -
2014-10-11 /ejn/EJN_Home.aspx -
2014-10-11 /ejn/EJN_Home.aspx -
2014-10-11 /ejn/EJN_Home.aspx -
2014-10-11 /ejn/EJN_News.aspx id=33
2014-10-11 /ejn/EJN_News.aspx id=33
2014-10-11 /ejn/EJN_Home.aspx -
2014-10-11 /ejn/EJN_Home.aspx -
2014-10-11 /ejn/libshowdocument.aspx Id=197&Lang=CS
2014-10-11 /ejn/libshowdocument.aspx Id=197&Lang=CS
2014-10-11 /ejn/EJN_Home.aspx -
2014-10-11 /ejn/EJN_Home.aspx -
2014-10-11 /ejn/EJN_Home.aspx -
2014-10-11 /ejn/EJN_Home.aspx -
2014-10-11 /ejn/ejn_home.aspx -
2014-10-11 /ejn/ejn_home.aspx -
2014-10-11 /ejn/EJN_Home.aspx -
2014-10-11 /ejn/EJN_Home.aspx -
2014-10-11 /ejn/EJN_Home.aspx -
2014-10-11 /ejn/EJN_Search.aspx -
2014-10-11 /ejn/EJN_Home.aspx -
2014-10-11 /ejn/EJN_Faqs.aspx -
2014-10-11 /ejn/EJN_Search.aspx -
2014-10-11 /ejn/EJN_Home.aspx -
2014-10-11 /ejn/EJN_Home.aspx -
2014-10-11 /ejn/EJN_Home.aspx -
2014-10-11 /ejn/EJN_Home.aspx -
2014-10-11 /ejn/EJN_Home.aspx -
2014-10-11 /ejn/EJN_Home.aspx -
2014-10-11 /ejn/EJN_Home.aspx -
2014-10-11 /ejn/EJN_Home.aspx -
2014-10-11 /ejn/ -
2014-10-11 /ejn/ -
2014-10-11 /ejn/EJN_AtlasAdvanced.aspx -
2014-10-11 /ejn/Events.aspx event=230
2014-10-11 /ejn/EJN_Home.aspx -
2014-10-11 /ejn/EJN_Home.aspx -
2014-10-11 /ejn/EJN_Home.aspx -
2014-10-11 /ejn/EJN_Home.aspx -
2014-10-11 /atlas_advanced_old.aspx ctyCode=AT
2014-10-11 /ejn/EJN_Home.aspx -
2014-10-11 /ejn/EJN_Home.aspx -
2014-10-11 /ejn/EJN_Events.aspx date=09/06/2011
2014-10-11 /ejn/EJN_Events.aspx date=09/06/2011
2014-10-11 /ejn/EJN_Home.aspx -
2014-10-11 /ejn/EJN_AtlasAdvancedOld.aspx -
2014-10-11 /ejn/EJN_AtlasAdvancedOld.aspx -
2014-10-11 /ejn/NewsAll.aspx Id=5
2014-10-11 /ejn/EJN_Home.aspx -
2014-10-11 /ejn/EJN_Home.aspx -
2014-10-11 /ejn/EJN_Home.aspx -
2014-10-11 /ejn/EJN_Home.aspx -
2014-10-11 /ejn/EJN_Home.aspx -
2014-10-11 /ejn/ -
2014-10-11 /ejn/EJN_StaticPage.aspx Bread=26
2014-10-11 /ejn/EJN_Home.aspx -
2014-10-11 /ejn/AtlasChooseMeasure.aspx Mp=1&Cou=PT&Type=2
2014-10-11 /ejn/EJN_Home.aspx -
2014-10-11 /ejn/EJN_QuickLinks.aspx id=25
2014-10-11 /ejn/EJN_Home.aspx -
2014-10-11 /ejn/EJN_Home.aspx -
2014-10-11 /ejn/EJN_Home.aspx -
2014-10-11 /ejn/EJN_Home.aspx -
2014-10-11 /ejn/EJN_Home.aspx -
2014-10-11 /ejn/EJN_Home.aspx -
2014-10-11 /ejn/EJN_Home.aspx -
2014-10-11 /ejn/EJN_Home.aspx -
2014-10-11 /ejn/ -
2014-10-11 /ejn/EJN_AtlasAdvanced.aspx -
2014-10-11 /ejn/EJN_Home.aspx -
2014-10-11 /ejn/EJN_Home.aspx -
2014-10-11 /ejn/EJN_Home.aspx -
2014-10-11 /ejn/EJN_Home.aspx -
2014-10-11 /ejn/EJN_Home.aspx -
2014-10-11 /ejn/EJN_Home.aspx -
2014-10-11 /ejn/EJN_ContactPoints.aspx -
2014-10-11 /ejn/EJN_ContactPoints.aspx -
2014-10-11 /ejn/EJN_Home.aspx -
2014-10-11 /ejn/libshowdocument.aspx Id=16&Lang=RO
2014-10-11 /ejn/libshowdocument.aspx Id=16&Lang=RO
2014-10-11 /ejn/EJN_Home.aspx -
2014-10-11 /ejn/EJN_Home.aspx -
2014-10-11 /ejn/EJN_Home.aspx -
2014-10-11 /ejn/EJN_Home.aspx -
2014-10-11 /ejn/EJN_Home.aspx -
2014-10-11 /ejn/EJN_Home.aspx -
2014-10-11 /ejn/EJN_Home.aspx -
2014-10-11 /ejn/EJN_Home.aspx -
2014-10-11 /ejn/EJN_Home.aspx -
2014-10-11 /ejn/EJN_Home.aspx -
2014-10-11 /ejn/EJN_Home.aspx -
2014-10-11 /ejn/EJN_Home.aspx -
2014-10-11 /ejn/EJN_Home.aspx -
2014-10-11 /ejn/ -
2014-10-11 /ejn/EJN_Home.aspx ++Culture:FRSessionId:skikvaqdxtj3nnn3ojvelynhDate_Time:23:00
2014-10-11 /ejn/ -
2014-10-11 /ejn/EJN_AtlasAdvanced.aspx -
2014-10-11 /ejn/EJN_Home.aspx -
2014-10-11 /ejn/EJN_Home.aspx -
2014-10-11 /ejn/EJN_Home.aspx -
2014-10-11 /ejn/EJN_Home.aspx -
2014-10-11 /ejn/ -
2014-10-11 /ejn/EJN_Home.aspx -
2014-10-11 /ejn/EJN_Home.aspx -
2014-10-11 /ejn/EJN_Home.aspx -
2014-10-11 /ejn/libcategories.aspx Id=6
2014-10-11 /ejn/EJN_Home.aspx -
2014-10-11 /ejn/EJN_Home.aspx -
2014-10-11 /ejn/EJN_Home.aspx -
2014-10-11 /ejn/EJN_Home.aspx -
2014-10-11 /ejn/EJN_Home.aspx -
2014-10-11 /ejn/ -
2014-10-11 /ejn/EJN_Home.aspx -
2014-10-11 /ejn/EJN_InfoAbout.aspx Id=373
2014-10-11 /ejn/EJN_Home.aspx -
2014-10-11 /ejn/ejn_guidevisit.aspx -
2014-10-11 /ejn/ejn_guidevisit.aspx -
2014-10-11 /ejn/EJN_Home.aspx -
2014-10-11 /ejn/EJN_Events.aspx Id=29
2014-10-11 /ejn/EJN_Events.aspx Id=29
2014-10-11 /ejn/ -
2014-10-11 /ejn/EJN_Home.aspx -
2014-10-11 /ejn/EJN_Home.aspx -
2014-10-11 /ejn/EJN_Home.aspx -
2014-10-11 /ejn/ -
2014-10-11 /ejn/EJN_Home.aspx -
2014-10-11 /ejn/EJN_Home.aspx -
2014-10-11 /ejn/EJN_Home.aspx -
2014-10-11 /ejn/ -
2014-10-11 /ejn/EJN_Home.aspx -
2014-10-11 /ejn/ -
2014-10-11 /ejn/EJN_AtlasAdvanced.aspx -
2014-10-11 /ejn/NewsDetail.aspx id=117&Ori=H
2014-10-11 /ejn/EJN_Home.aspx -
2014-10-11 /ejn/EJN_Home.aspx -
2014-10-11 /ejn/EJN_Home.aspx -
2014-10-11 /ejn/EJN_Home.aspx -
2014-10-11 /ejn/EJN_Home.aspx -
2014-10-11 /ejn/EJN_Home.aspx -
2014-10-11 /ejn/EJN_Home.aspx -
2014-10-11 /ejn/EJN_Events.aspx date=27/06/2011
2014-10-11 /ejn/EJN_Events.aspx date=27/06/2011
2014-10-11 /ejn/EJN_Home.aspx -
2014-10-11 /ejn/ -
2014-10-11 /ejn/EJN_Home.aspx -
2014-10-11 /ejn/EJN_Home.aspx -
2014-10-11 /ejn/EJN_Home.aspx -
2014-10-11 /ejn/EJN_Home.aspx -
2014-10-11 /ejn/EJN_Home.aspx -
2014-10-11 /ejn/EJN_Home.aspx -
2014-10-11 /ejn/EJN_Home.aspx -
2014-10-11 /ejn/EJN_Home.aspx -
2014-10-11 /ejn/EJN_Home.aspx -
2014-10-11 /ejn/EJN_Home.aspx -
2014-10-11 /ejn/EJN_Home.aspx -
2014-10-11 /ejn/EJN_Home.aspx -
2014-10-11 /ejn/EJN_Home.aspx -
2014-10-11 /ejn/EJN_Home.aspx -
2014-10-11 /ejn/ -
2014-10-11 /ejn/EJN_AtlasAdvanced.aspx -
2014-10-11 /ejn/EJN_Home.aspx -
2014-10-11 /ejn/EJN_Home.aspx -
2014-10-11 /ejn/EJN_Home.aspx -
2014-10-11 /ejn/EJN_Home.aspx -
2014-10-11 /ejn/EJN_Home.aspx -
2014-10-11 /ejn/EJN_Home.aspx -
2014-10-11 /ejn/EJN_Home.aspx -
2014-10-11 /ejn/EJN_Home.aspx -
2014-10-11 /ejn/EJN_Home.aspx -
2014-10-11 /ejn/EJN_Home.aspx -
2014-10-11 /ejn/EJN_Home.aspx -
2014-10-11 /ejn/Events.aspx event=64
2014-10-11 /ejn/EJN_Home.aspx -
2014-10-11 /ejn/EJN_Home.aspx -
2014-10-11 /ejn/EJN_Home.aspx -
2014-10-11 /ejn/EJN_Home.aspx -
2014-10-11 /ejn/EJN_Home.aspx -
2014-10-11 /ejn/EJN_Home.aspx -
2014-10-11 /ejn/EJN_Home.aspx -
2014-10-11 /ejn/EJN_Home.aspx -
2014-10-11 /ejn/EJN_Home.aspx -
2014-10-11 /ejn/EJN_Home.aspx -
