2014-12-14 /EAW_atlas.aspx -
2014-12-14 /ejn/EJN_Home.aspx -
2014-12-14 /ejn/EJN_Home.aspx -
2014-12-14 /ejn/ -
2014-12-14 /ejn/EJN_Home.aspx -
2014-12-14 /ejn/EJN_AtlasAdvanced.aspx -
2014-12-14 /ejn/ -
2014-12-14 /ejn/EJN_Home.aspx -
2014-12-14 /ejn/ -
2014-12-14 /ejn/EJN_Home.aspx -
2014-12-14 /ejn/ -
2014-12-14 /ejn/EJN_AtlasAdvanced.aspx -
2014-12-14 /ejn/EJN_StaticPage.aspx Bread=39
2014-12-14 /ejn/EJN_Home.aspx -
2014-12-14 /ejn/EJN_AtlasAdvanced.aspx -
2014-12-14 /ejn/EJN_Gallery.aspx -
2014-12-14 /ejn/EJN_Gallery.aspx -
2014-12-14 /ejn/AtlasChooseAuthority.aspx -
2014-12-14 /ejn/EJN_Error.aspx -
2014-12-14 /ejn/EJN_Home.aspx -
2014-12-14 /ejn/EJN_AtlasAdvanced.aspx -
2014-12-14 /ejn/ -
2014-12-14 /ejn/EJN_Home.aspx -
2014-12-14 /ejn/ -
2014-12-14 /ejn/EJN_StaticPage.aspx Bread=33
2014-12-14 /ejn/EJN_StaticPage.aspx Bread=1
2014-12-14 /ejn/EJN_Home.aspx -
2014-12-14 /ejn/EJN_Home.aspx -
2014-12-14 /ejn/ -
2014-12-14 /ejn/EJN_AtlasAdvanced.aspx -
2014-12-14 /ejn/ -
2014-12-14 /ejn/EJN_AtlasAdvanced.aspx -
2014-12-14 /ejn/ -
2014-12-14 /ejn/EJN_AtlasAdvanced.aspx -
2014-12-14 /ejn/EJN_AtlasAdvanced.aspx -
2014-12-14 /ejn/ -
2014-12-14 /ejn/ -
2014-12-14 /ejn/EJN_AtlasAdvanced.aspx -
2014-12-14 /ejn/EJN_AtlasAdvanced.aspx -
2014-12-14 /ejn/ -
2014-12-14 /ejn/ -
2014-12-14 /ejn/EJN_AtlasAdvanced.aspx -
2014-12-14 /ejn/ -
2014-12-14 /ejn/EJN_AtlasAdvanced.aspx -
2014-12-14 /ejn/EJN_Home.aspx -
2014-12-14 /ejn/ -
2014-12-14 /ejn/ -
2014-12-14 /ejn/EJN_QuickLinks.aspx Id=27
2014-12-14 /ejn/EJN_Home.aspx -
2014-12-14 /ejn/EJN_Home.aspx -
2014-12-14 /ejn/EJN_QuickLinks.aspx id=24
2014-12-14 /ejn/EJN_Home.aspx -
2014-12-14 /ejn/EJN_Home.aspx -
2014-12-14 /ejn/EJN_Home.aspx -
2014-12-14 /ejn/EJN_Home.aspx -
2014-12-14 /ejn/EJN_Home.aspx -
2014-12-14 /ejn/ -
2014-12-14 /ejn/EJN_AtlasAdvanced.aspx -
2014-12-14 /ejn/EJN_AtlasAdvanced.aspx -
2014-12-14 /ejn/ -
2014-12-14 /ejn/EJN_AtlasAdvanced.aspx -
2014-12-14 /ejn/EJN_Home.aspx -
2014-12-14 /ejn/ -
2014-12-14 /ejn/EJN_AtlasAdvanced.aspx -
2014-12-14 /ejn/ -
2014-12-14 /ejn/ -
2014-12-14 /ejn/EJN_StaticPage.aspx Bread=8
2014-12-14 /ejn/EJN_StaticPage.aspx Bread=4
2014-12-14 /ejn/EJN_ContactUs.aspx &KeepThis=true&TB_iframe=true&height=650&width=900
2014-12-14 /ejn/EJN_Home.aspx -
2014-12-14 /ejn/ejn_home.aspx -
2014-12-14 /ejn/EJN_StaticPage.aspx Bread=7
2014-12-14 /ejn/EJN_Search.aspx -
2014-12-14 /ejn/sitemap.aspx -
2014-12-14 /ejn/EJN_Faqs.aspx -
2014-12-14 /ejn/ -
2014-12-14 /ejn/EJN_StaticPage.aspx Bread=2
2014-12-14 /ejn/libcategories.aspx Id=32
2014-12-14 /ejn/libcategories.aspx Id=25
2014-12-14 /ejn/EJN_StaticPage.aspx Bread=9
2014-12-14 /ejn/AtlasChooseMeasure.aspx MP=1&Cou=UK&Type=2
2014-12-14 /ejn/libcategories.aspx Id=24
2014-12-14 /ejn/EJN_StaticPage.aspx Bread=39
2014-12-14 /ejn/libcategories.aspx Id=34
2014-12-14 /ejn/ -
2014-12-14 /ejn/libcategories.aspx Id=14
2014-12-14 /ejn/EJN_StaticPage.aspx Bread=21
2014-12-14 /ejn/Gallery.aspx -
2014-12-14 /ejn/EJN_StaticPage.aspx Bread=27
2014-12-14 /ejn/EJN_StaticPage.aspx Bread=17
2014-12-14 /ejn/EJN_Secretariat.aspx -
2014-12-14 /ejn/EJN_StaticPage.aspx Bread=28
2014-12-14 /ejn/EJN_StaticPage.aspx Bread=14
2014-12-14 /ejn/EJN_StaticPage.aspx Bread=10
2014-12-14 /ejn/EJN_StaticPage.aspx Bread=13
2014-12-14 /ejn/EJN_StaticPage.aspx Bread=16
2014-12-14 /ejn/EJN_StaticPage.aspx Bread=24
2014-12-14 /ejn/EJN_StaticPage.aspx Bread=31
2014-12-14 /ejn/EJN_StaticPage.aspx Bread=18
2014-12-14 /ejn/EJN_StaticPage.aspx Bread=25
2014-12-14 /ejn/EJN_StaticPage.aspx Bread=30
2014-12-14 /ejn/EJN_StaticPage.aspx Bread=35
2014-12-14 /ejn/EJN_StaticPage.aspx Bread=34
2014-12-14 /ejn/EJN_StaticPage.aspx Bread=33
2014-12-14 /ejn/EJN_StaticPage.aspx Bread=32
2014-12-14 /ejn/EJN_StaticPage.aspx Bread=20
2014-12-14 /ejn/EJN_StaticPage.aspx Bread=38
2014-12-14 /ejn/NewsDetail.aspx id=344&Ori=H
2014-12-14 /ejn/NewsDetail.aspx id=341&Ori=H
2014-12-14 /ejn/EJN_StaticPage.aspx Bread=22
2014-12-14 /ejn/EJN_StaticPage.aspx Bread=26
2014-12-14 /ejn/EJN_StaticPage.aspx Bread=37
2014-12-14 /ejn/EJN_StaticPage.aspx Bread=36
2014-12-14 /ejn/Events.aspx id=6
2014-12-14 /ejn/EJN_StaticPage.aspx Bread=19
2014-12-14 /ejn/EJN_StaticPage.aspx Bread=23
2014-12-14 /ejn/NewsAll.aspx Id=3
2014-12-14 /ejn/NewsAll.aspx Id=4
2014-12-14 /ejn/NewsAll.aspx Id=5
2014-12-14 /ejn/NewsAll.aspx Id=1
2014-12-14 /ejn/NewsAll.aspx Id=2
2014-12-14 /ejn/Events.aspx Id=6
2014-12-14 /ejn/Events.aspx id=7
2014-12-14 /ejn/Events.aspx event=322
2014-12-14 /ejn/Events.aspx Id=7
2014-12-14 /ejn/Events.aspx event=318
2014-12-14 /ejn/Events.aspx -
2014-12-14 /ejn/EJN_InfoAbout.aspx Id=239
2014-12-14 /ejn/EJN_InfoAbout.aspx Id=223
2014-12-14 /ejn/EJN_SubscribeNewsLetter.aspx -
2014-12-14 /ejn/NewsAll.aspx -
2014-12-14 /ejn/EJN_InfoAbout.aspx Id=432
2014-12-14 /ejn/EJN_InfoAbout.aspx Id=230
2014-12-14 /ejn/EJN_InfoAbout.aspx Id=277
2014-12-14 /ejn/EJN_InfoAbout.aspx Id=287
2014-12-14 /ejn/EJN_InfoAbout.aspx Id=260
2014-12-14 /ejn/EJN_InfoAbout.aspx Id=273
2014-12-14 /ejn/EJN_InfoAbout.aspx Id=259
2014-12-14 /ejn/EJN_InfoAbout.aspx Id=258
2014-12-14 /ejn/EJN_InfoAbout.aspx Id=293
2014-12-14 /ejn/EJN_InfoAbout.aspx Id=279
2014-12-14 /ejn/EJN_InfoAbout.aspx Id=269
2014-12-14 /ejn/EJN_InfoAbout.aspx Id=272
2014-12-14 /ejn/EJN_InfoAbout.aspx Id=352
2014-12-14 /ejn/EJN_InfoAbout.aspx Id=354
2014-12-14 /ejn/EJN_InfoAbout.aspx Id=307
2014-12-14 /ejn/EJN_InfoAbout.aspx Id=321
2014-12-14 /ejn/EJN_InfoAbout.aspx Id=368
2014-12-14 /ejn/EJN_InfoAbout.aspx Id=313
2014-12-14 /ejn/EJN_InfoAbout.aspx Id=337
2014-12-14 /ejn/EJN_InfoAbout.aspx Id=351
2014-12-14 /ejn/EJN_InfoAbout.aspx Id=314
2014-12-14 /ejn/EJN_InfoAbout.aspx Id=295
2014-12-14 /ejn/EJN_InfoAbout.aspx Id=395
2014-12-14 /ejn/EJN_InfoAbout.aspx Id=378
2014-12-14 /ejn/EJN_InfoAbout.aspx Id=364
2014-12-14 /ejn/EJN_InfoAbout.aspx Id=434
2014-12-14 /ejn/EJN_InfoAbout.aspx Id=215
2014-12-14 /ejn/EJN_InfoAbout.aspx Id=373
2014-12-14 /ejn/EJN_InfoAbout.aspx Id=389
2014-12-14 /ejn/EJN_InfoAbout.aspx Id=369
2014-12-14 /ejn/ -
2014-12-14 /ejn/EJN_InfoAbout.aspx Id=288
2014-12-14 /ejn/libcategories.aspx Id=14
2014-12-14 /ejn/EJN_InfoAbout.aspx Id=435
2014-12-14 /ejn/EJN_Home.aspx -
2014-12-14 /ejn/libcategories.aspx -
2014-12-14 /ejn/EJN_Home.aspx -
2014-12-14 /ejn/libcategories.aspx Id=21
2014-12-14 /ejn/EJN_Home.aspx -
2014-12-14 /ejn/EJN_AtlasAdvanced.aspx -
2014-12-14 /ejn/AtlasChooseCountry.aspx Type=1
2014-12-14 /ejn/EJN_Login.aspx -
2014-12-14 /ejn/EJN_StaticPage.aspx Bread=1
2014-12-14 /ejn/EJN_InfoAbout.aspx Id=342
2014-12-14 /ejn/EJN_FichesBelges.aspx -
2014-12-14 /ejn/EJN_InfoAbout.aspx Id=430
2014-12-14 /ejn/EJN_InfoAbout.aspx Id=433
2014-12-14 /ejn/AtlasChooseCountry.aspx Type=2
2014-12-14 /ejn/EJN_StaticPage.aspx Bread=3
2014-12-14 /ejn/EJN_Compendium.aspx -
2014-12-14 /ejn/EJN_QuickLinks.aspx id=24
2014-12-14 /ejn/EJN_QuickLinks.aspx id=28
2014-12-14 /ejn/EJN_QuickLinks.aspx id=23
2014-12-14 /ejn/EJN_StaticPage.aspx Bread=12
2014-12-14 /ejn/EJN_QuickLinks.aspx id=25
2014-12-14 /ejn/EJN_StaticPage.aspx Bread=11
2014-12-14 /ejn/EJN_QuickLinks.aspx id=27
2014-12-14 /ejn/EJN_QuickLinks.aspx id=26
2014-12-14 /ejn/libcategories.aspx -
2014-12-14 /ejn/EJN_EAWWizard.aspx -
2014-12-14 /ejn/libcategories.aspx Id=2
2014-12-14 /ejn/EJN_Faqs.aspx cat=1
2014-12-14 /ejn/ejn_staticpage.aspx Bread=4
2014-12-14 /ejn/EJN_StaticPage.aspx Bread=5
2014-12-14 /ejn/ejn_staticpage.aspx Bread=7
2014-12-14 /ejn/ejn_faqs.aspx -
2014-12-14 /ejn/EJN_Faqs.aspx cat=2
2014-12-14 /ejn/EJN_QuickLinks.aspx -
2014-12-14 /ejn/ejn_staticpage.aspx Bread=8
2014-12-14 /ejn/ejn_search.aspx -
2014-12-14 /ejn/libcategories.aspx id=1
2014-12-14 /ejn/libdocumentproperties.aspx Id=16
2014-12-14 /ejn/libadvancedsearch.aspx -
2014-12-14 /ejn/libshowdocument.aspx Id=16&Lang=DK
2014-12-14 /ejn/libshowdocument.aspx Id=16&Lang=DE
2014-12-14 /ejn/libshowdocument.aspx Id=16&Lang=EL
2014-12-14 /ejn/libshowdocument.aspx Id=16&Lang=CS
2014-12-14 /ejn/libshowdocument.aspx Id=16&Lang=EN
2014-12-14 /ejn/libshowdocument.aspx Id=16&Lang=FI
2014-12-14 /ejn/libshowdocument.aspx Id=16&Lang=IT
2014-12-14 /ejn/libshowdocument.aspx Id=16&Lang=ES
2014-12-14 /ejn/libshowdocument.aspx Id=16&Lang=FR
2014-12-14 /ejn/libshowdocument.aspx Id=16&Lang=ET
2014-12-14 /ejn/libshowdocument.aspx Id=16&Lang=LV
2014-12-14 /ejn/libshowdocument.aspx Id=16&Lang=HU
2014-12-14 /ejn/libshowdocument.aspx Id=16&Lang=GA
2014-12-14 /ejn/libshowdocument.aspx Id=16&Lang=LT
2014-12-14 /ejn/libshowdocument.aspx Id=16&Lang=SL
2014-12-14 /ejn/libdocumentproperties.aspx Id=17
2014-12-14 /ejn/libshowdocument.aspx Id=16&Lang=SK
2014-12-14 /ejn/libdocumentproperties.aspx Id=19
2014-12-14 /ejn/libdocumentproperties.aspx Id=18
2014-12-14 /ejn/libdocumentproperties.aspx Id=614
2014-12-14 /ejn/libshowdocument.aspx Id=16&Lang=SV
2014-12-14 /ejn/libshowdocument.aspx Id=16&Lang=NL
2014-12-14 /ejn/libshowdocument.aspx Id=16&Lang=PT
2014-12-14 /ejn/libshowdocument.aspx Id=16&Lang=PL
2014-12-14 /ejn/libdocumentproperties.aspx Id=625
2014-12-14 /ejn/libdocumentproperties.aspx Id=620
2014-12-14 /ejn/libdocumentproperties.aspx Id=617
2014-12-14 /ejn/libdocumentproperties.aspx Id=626
2014-12-14 /ejn/libdocumentproperties.aspx Id=623
2014-12-14 /ejn/libdocumentproperties.aspx Id=624
2014-12-14 /ejn/libdocumentproperties.aspx Id=619
2014-12-14 /ejn/libdocumentproperties.aspx Id=621
2014-12-14 /ejn/libdocumentproperties.aspx Id=615
2014-12-14 /ejn/libdocumentproperties.aspx Id=622
2014-12-14 /ejn/libdocumentproperties.aspx Id=636
2014-12-14 /ejn/libdocumentproperties.aspx Id=627
2014-12-14 /ejn/libdocumentproperties.aspx Id=631
2014-12-14 /ejn/libdocumentproperties.aspx Id=634
2014-12-14 /ejn/libdocumentproperties.aspx Id=635
2014-12-14 /ejn/libdocumentproperties.aspx Id=629
2014-12-14 /ejn/libdocumentproperties.aspx Id=633
2014-12-14 /ejn/libdocumentproperties.aspx Id=628
2014-12-14 /ejn/libdocumentproperties.aspx Id=632
2014-12-14 /ejn/libdocumentproperties.aspx Id=630
2014-12-14 /ejn/libshowdocument.aspx Id=1128&Lang=CS
2014-12-14 /ejn/libshowdocument.aspx Id=1128&Lang=EN
2014-12-14 /ejn/libdocumentproperties.aspx Id=1128
2014-12-14 /ejn/libshowdocument.aspx Id=1128&Lang=DK
2014-12-14 /ejn/libshowdocument.aspx Id=1128&Lang=EL
2014-12-14 /ejn/libshowdocument.aspx Id=1128&Lang=DE
2014-12-14 /ejn/libdocumentproperties.aspx Id=574
2014-12-14 /ejn/libshowdocument.aspx Id=1128&Lang=ES
2014-12-14 /ejn/EJN_Library_RatificationsByCou.aspx -
2014-12-14 /ejn/libshowdocument.aspx Id=1128&Lang=BG
2014-12-14 /ejn/libshowdocument.aspx Id=1128&Lang=ET
2014-12-14 /ejn/ -
2014-12-14 /ejn/EJN_Home.aspx -
2014-12-14 /ejn/ejn_home.aspx -
2014-12-14 /ejn/EJN_StaticPage.aspx Bread=4
2014-12-14 /ejn/EJN_Search.aspx -
2014-12-14 /ejn/EJN_StaticPage.aspx Bread=7
2014-12-14 /ejn/EJN_Home.aspx -
2014-12-14 /ejn/EJN_Faqs.aspx -
2014-12-14 /ejn/EJN_ContactUs.aspx &KeepThis=true&TB_iframe=true&height=650&width=900
2014-12-14 /ejn/sitemap.aspx -
2014-12-14 /ejn/EJN_StaticPage.aspx Bread=8
2014-12-14 /ejn/ -
2014-12-14 /ejn/EJN_StaticPage.aspx Bread=9
2014-12-14 /ejn/libcategories.aspx Id=34
2014-12-14 /ejn/AtlasChooseMeasure.aspx MP=1&Cou=UK&Type=2
2014-12-14 /ejn/EJN_StaticPage.aspx Bread=39
2014-12-14 /ejn/libcategories.aspx Id=24
2014-12-14 /ejn/ -
2014-12-14 /ejn/libcategories.aspx Id=32
2014-12-14 /ejn/libcategories.aspx Id=25
2014-12-14 /ejn/EJN_StaticPage.aspx Bread=2
2014-12-14 /ejn/libcategories.aspx Id=14
2014-12-14 /ejn/EJN_Secretariat.aspx -
2014-12-14 /ejn/EJN_StaticPage.aspx Bread=16
2014-12-14 /ejn/EJN_StaticPage.aspx Bread=14
2014-12-14 /ejn/EJN_StaticPage.aspx Bread=21
2014-12-14 /ejn/EJN_StaticPage.aspx Bread=28
2014-12-14 /ejn/EJN_StaticPage.aspx Bread=17
2014-12-14 /ejn/EJN_StaticPage.aspx Bread=13
2014-12-14 /ejn/Gallery.aspx -
2014-12-14 /ejn/EJN_StaticPage.aspx Bread=27
2014-12-14 /ejn/EJN_StaticPage.aspx Bread=10
2014-12-14 /ejn/EJN_StaticPage.aspx Bread=35
2014-12-14 /ejn/EJN_StaticPage.aspx Bread=18
2014-12-14 /ejn/EJN_StaticPage.aspx Bread=32
2014-12-14 /ejn/EJN_StaticPage.aspx Bread=31
2014-12-14 /ejn/EJN_StaticPage.aspx Bread=20
2014-12-14 /ejn/EJN_StaticPage.aspx Bread=33
2014-12-14 /ejn/EJN_StaticPage.aspx Bread=34
2014-12-14 /ejn/EJN_StaticPage.aspx Bread=30
2014-12-14 /ejn/EJN_StaticPage.aspx Bread=25
2014-12-14 /ejn/EJN_StaticPage.aspx Bread=24
2014-12-14 /ejn/EJN_StaticPage.aspx Bread=37
2014-12-14 /ejn/Events.aspx id=6
2014-12-14 /ejn/EJN_StaticPage.aspx Bread=19
2014-12-14 /ejn/EJN_StaticPage.aspx Bread=36
2014-12-14 /ejn/EJN_StaticPage.aspx Bread=26
2014-12-14 /ejn/EJN_StaticPage.aspx Bread=38
2014-12-14 /ejn/NewsDetail.aspx id=341&Ori=H
2014-12-14 /ejn/EJN_StaticPage.aspx Bread=23
2014-12-14 /ejn/NewsDetail.aspx id=344&Ori=H
2014-12-14 /ejn/EJN_StaticPage.aspx Bread=22
2014-12-14 /ejn/NewsAll.aspx Id=5
2014-12-14 /ejn/NewsAll.aspx Id=3
2014-12-14 /ejn/Events.aspx event=318
2014-12-14 /ejn/Events.aspx id=7
2014-12-14 /ejn/Events.aspx Id=6
2014-12-14 /ejn/NewsAll.aspx Id=1
2014-12-14 /ejn/NewsAll.aspx Id=4
2014-12-14 /ejn/NewsAll.aspx Id=2
2014-12-14 /ejn/Events.aspx event=322
2014-12-14 /ejn/Events.aspx Id=7
2014-12-14 /ejn/EJN_InfoAbout.aspx Id=223
2014-12-14 /ejn/NewsAll.aspx -
2014-12-14 /ejn/EJN_InfoAbout.aspx Id=239
2014-12-14 /ejn/Events.aspx -
2014-12-14 /ejn/EJN_InfoAbout.aspx Id=230
2014-12-14 /ejn/EJN_InfoAbout.aspx Id=432
2014-12-14 /ejn/EJN_SubscribeNewsLetter.aspx -
2014-12-14 /ejn/EJN_InfoAbout.aspx Id=269
2014-12-14 /ejn/EJN_InfoAbout.aspx Id=272
2014-12-14 /ejn/EJN_InfoAbout.aspx Id=287
2014-12-14 /ejn/EJN_InfoAbout.aspx Id=279
2014-12-14 /ejn/EJN_InfoAbout.aspx Id=273
2014-12-14 /ejn/EJN_InfoAbout.aspx Id=293
2014-12-14 /ejn/EJN_InfoAbout.aspx Id=277
2014-12-14 /ejn/EJN_InfoAbout.aspx Id=260
2014-12-14 /ejn/EJN_InfoAbout.aspx Id=258
2014-12-14 /ejn/EJN_InfoAbout.aspx Id=259
2014-12-14 /ejn/EJN_InfoAbout.aspx Id=368
2014-12-14 /ejn/EJN_InfoAbout.aspx Id=313
2014-12-14 /ejn/EJN_InfoAbout.aspx Id=314
2014-12-14 /ejn/EJN_InfoAbout.aspx Id=351
2014-12-14 /ejn/EJN_InfoAbout.aspx Id=337
2014-12-14 /ejn/EJN_InfoAbout.aspx Id=321
2014-12-14 /ejn/EJN_InfoAbout.aspx Id=295
2014-12-14 /ejn/EJN_InfoAbout.aspx Id=352
2014-12-14 /ejn/EJN_InfoAbout.aspx Id=354
2014-12-14 /ejn/EJN_InfoAbout.aspx Id=307
2014-12-14 /ejn/EJN_InfoAbout.aspx Id=389
2014-12-14 /ejn/EJN_InfoAbout.aspx Id=373
2014-12-14 /ejn/EJN_InfoAbout.aspx Id=215
2014-12-14 /ejn/EJN_InfoAbout.aspx Id=288
2014-12-14 /ejn/EJN_InfoAbout.aspx Id=434
2014-12-14 /ejn/EJN_InfoAbout.aspx Id=364
2014-12-14 /ejn/EJN_InfoAbout.aspx Id=435
2014-12-14 /ejn/EJN_InfoAbout.aspx Id=395
2014-12-14 /ejn/EJN_InfoAbout.aspx Id=378
2014-12-14 /ejn/EJN_InfoAbout.aspx Id=369
2014-12-14 /ejn/EJN_Compendium.aspx -
2014-12-14 /ejn/EJN_FichesBelges.aspx -
2014-12-14 /ejn/EJN_StaticPage.aspx Bread=1
2014-12-14 /ejn/AtlasChooseCountry.aspx Type=1
2014-12-14 /ejn/AtlasChooseCountry.aspx Type=2
2014-12-14 /ejn/EJN_Login.aspx -
2014-12-14 /ejn/EJN_InfoAbout.aspx Id=433
2014-12-14 /ejn/EJN_InfoAbout.aspx Id=342
2014-12-14 /ejn/EJN_StaticPage.aspx Bread=3
2014-12-14 /ejn/EJN_InfoAbout.aspx Id=430
2014-12-14 /ejn/libcategories.aspx -
2014-12-14 /ejn/EJN_QuickLinks.aspx id=27
2014-12-14 /ejn/EJN_QuickLinks.aspx id=25
2014-12-14 /ejn/EJN_QuickLinks.aspx id=24
2014-12-14 /ejn/EJN_QuickLinks.aspx id=23
2014-12-14 /ejn/EJN_QuickLinks.aspx id=26
2014-12-14 /ejn/EJN_QuickLinks.aspx id=28
2014-12-14 /ejn/EJN_StaticPage.aspx Bread=11
2014-12-14 /ejn/EJN_StaticPage.aspx Bread=12
2014-12-14 /ejn/EJN_EAWWizard.aspx -
2014-12-14 /ejn/ -
2014-12-14 /ejn/EJN_Home.aspx -
2014-12-14 /ejn/EJN_Home.aspx -
2014-12-14 /ejn/EJN_Home.aspx -
2014-12-14 /ejn/EJN_Faqs.aspx cat=2
2014-12-14 /ejn/EJN_Faqs.aspx cat=1
2014-12-14 /ejn/EJN_QuickLinks.aspx -
2014-12-14 /ejn/ejn_faqs.aspx -
2014-12-14 /ejn/libcategories.aspx Id=2
2014-12-14 /ejn/ejn_staticpage.aspx Bread=7
2014-12-14 /ejn/ejn_search.aspx -
2014-12-14 /ejn/ejn_staticpage.aspx Bread=8
2014-12-14 /ejn/EJN_StaticPage.aspx Bread=5
2014-12-14 /ejn/ejn_staticpage.aspx Bread=4
2014-12-14 /ejn/libshowdocument.aspx Id=126&Lang=DK
2014-12-14 /ejn/libadvancedsearch.aspx -
2014-12-14 /ejn/libdocumentproperties.aspx Id=126
2014-12-14 /ejn/libcategories.aspx id=1
2014-12-14 /ejn/libshowdocument.aspx Id=126&Lang=DE
2014-12-14 /ejn/libshowdocument.aspx Id=126&Lang=CS
2014-12-14 /ejn/libshowdocument.aspx Id=126&Lang=BG
2014-12-14 /ejn/libshowdocument.aspx Id=126&Lang=LT
2014-12-14 /ejn/libshowdocument.aspx Id=126&Lang=EL
2014-12-14 /ejn/libshowdocument.aspx Id=126&Lang=FI
2014-12-14 /ejn/libshowdocument.aspx Id=126&Lang=IT
2014-12-14 /ejn/libshowdocument.aspx Id=126&Lang=HU
2014-12-14 /ejn/libshowdocument.aspx Id=126&Lang=EN
2014-12-14 /ejn/libshowdocument.aspx Id=126&Lang=ES
2014-12-14 /ejn/libshowdocument.aspx Id=126&Lang=FR
2014-12-14 /ejn/libshowdocument.aspx Id=126&Lang=ET
2014-12-14 /ejn/libshowdocument.aspx Id=126&Lang=HR
2014-12-14 /ejn/libshowdocument.aspx Id=126&Lang=SK
2014-12-14 /ejn/libdocumentproperties.aspx Id=3
2014-12-14 /ejn/libshowdocument.aspx Id=126&Lang=SV
2014-12-14 /ejn/libshowdocument.aspx Id=126&Lang=NL
2014-12-14 /ejn/libshowdocument.aspx Id=126&Lang=RO
2014-12-14 /ejn/libshowdocument.aspx Id=126&Lang=LV
2014-12-14 /ejn/libshowdocument.aspx Id=126&Lang=MT
2014-12-14 /ejn/libshowdocument.aspx Id=126&Lang=SL
2014-12-14 /ejn/libshowdocument.aspx Id=126&Lang=PL
2014-12-14 /ejn/libshowdocument.aspx Id=126&Lang=PT
2014-12-14 /ejn/libshowdocument.aspx Id=3&Lang=DE
2014-12-14 /ejn/libshowdocument.aspx Id=3&Lang=BG
2014-12-14 /ejn/libshowdocument.aspx Id=3&Lang=ES
2014-12-14 /ejn/libshowdocument.aspx Id=3&Lang=EL
2014-12-14 /ejn/libshowdocument.aspx Id=3&Lang=FI
2014-12-14 /ejn/libshowdocument.aspx Id=3&Lang=CS
2014-12-14 /ejn/libshowdocument.aspx Id=3&Lang=EN
2014-12-14 /ejn/libshowdocument.aspx Id=3&Lang=FR
2014-12-14 /ejn/libshowdocument.aspx Id=3&Lang=DK
2014-12-14 /ejn/libshowdocument.aspx Id=3&Lang=ET
2014-12-14 /ejn/libshowdocument.aspx Id=3&Lang=PL
2014-12-14 /ejn/libshowdocument.aspx Id=3&Lang=LV
2014-12-14 /ejn/libshowdocument.aspx Id=3&Lang=MT
2014-12-14 /ejn/libshowdocument.aspx Id=3&Lang=NL
2014-12-14 /ejn/libshowdocument.aspx Id=3&Lang=HU
2014-12-14 /ejn/libshowdocument.aspx Id=3&Lang=LT
2014-12-14 /ejn/libshowdocument.aspx Id=3&Lang=SK
2014-12-14 /ejn/libshowdocument.aspx Id=3&Lang=RO
2014-12-14 /ejn/libshowdocument.aspx Id=3&Lang=PT
2014-12-14 /ejn/libshowdocument.aspx Id=3&Lang=IT
2014-12-14 /ejn/libshowdocument.aspx Id=681&Lang=DE
2014-12-14 /ejn/libshowdocument.aspx Id=681&Lang=DK
2014-12-14 /ejn/libshowdocument.aspx Id=3&Lang=SV
2014-12-14 /ejn/libdocumentproperties.aspx Id=681
2014-12-14 /ejn/libshowdocument.aspx Id=3&Lang=SL
2014-12-14 /ejn/libshowdocument.aspx Id=681&Lang=CS
2014-12-14 /ejn/libshowdocument.aspx Id=681&Lang=EL
2014-12-14 /ejn/libshowdocument.aspx Id=681&Lang=EN
2014-12-14 /ejn/libshowdocument.aspx Id=681&Lang=ES
2014-12-14 /ejn/libshowdocument.aspx Id=681&Lang=BG
2014-12-14 /ejn/libshowdocument.aspx Id=681&Lang=ET
2014-12-14 /ejn/ejn_home.aspx -
2014-12-14 /ejn/EJN_AtlasAdvanced.aspx -
2014-12-14 /ejn/EJN_AtlasAdvanced.aspx -
2014-12-14 /ejn/ -
2014-12-14 /ejn/ -
2014-12-14 /ejn/EJN_AtlasAdvanced.aspx -
2014-12-14 /ejn/ -
2014-12-14 /ejn/EJN_AtlasAdvanced.aspx -
2014-12-14 /ejn/ -
2014-12-14 /ejn/EJN_StaticPage.aspx Bread=8
2014-12-14 /ejn/EJN_Home.aspx -
2014-12-14 /ejn/ -
2014-12-14 /ejn/EJN_AtlasAdvanced.aspx -
2014-12-14 /ejn/EJN_AtlasAdvanced.aspx -
2014-12-14 /ejn/ -
2014-12-14 /ejn/EJN_AtlasAdvanced.aspx -
2014-12-14 /atlas_advanced.aspx -
2014-12-14 /atlas_advanced.aspx -
2014-12-14 /ejn/ -
2014-12-14 /atlas_advanced.aspx -
2014-12-14 /atlas_advanced.aspx -
2014-12-14 /ejn/AtlasChooseCountry.aspx -
2014-12-14 /ejn/EJN_Home.aspx -
2014-12-14 /ejn/ -
2014-12-14 /ejn/ -
2014-12-14 /ejn/EJN_AtlasAdvanced.aspx -
2014-12-14 /ejn/EJN_StaticPage.aspx Bread=12
2014-12-14 /ejn/EJN_Home.aspx -
2014-12-14 /ejn/EJN_StaticPage.aspx Bread=12
2014-12-14 /ejn/EJN_Home.aspx -
2014-12-14 /ejn/EJN_AtlasAdvanced.aspx -
2014-12-14 /ejn/ -
2014-12-14 /ejn/ -
2014-12-14 /ejn/EJN_AtlasAdvanced.aspx -
2014-12-14 /ejn/libshowdocument.aspx Id=248&Lang=NL
2014-12-14 /ejn/ -
2014-12-14 /ejn/ -
2014-12-14 /ejn/EJN_AtlasAdvanced.aspx -
2014-12-14 /ejn/ -
2014-12-14 /ejn/EJN_AtlasAdvanced.aspx -
2014-12-14 /ejn/EJN_AtlasAdvanced.aspx -
2014-12-14 /ejn/ -
2014-12-14 /ejn/EJN_AtlasAdvanced.aspx -
2014-12-14 /ejn/ -
2014-12-14 /ejn/EJN_AtlasAdvancedOld.aspx ctyCode=PT
2014-12-14 /ejn/EJN_AtlasAdvancedOld.aspx ctyCode=SK
2014-12-14 /ejn/EJN_AtlasAdvancedOld.aspx ctyCode=SK
2014-12-14 /ejn/ -
2014-12-14 /ejn/EJN_AtlasAdvanced.aspx -
2014-12-14 /ejn/EJN_AtlasAdvanced.aspx -
2014-12-14 /ejn/ -
2014-12-14 /ejn/ -
2014-12-14 /ejn/EJN_AtlasAdvanced.aspx -
2014-12-14 /ejn/ -
2014-12-14 /ejn/EJN_AtlasAdvanced.aspx -
2014-12-14 /ejn/ -
2014-12-14 /ejn/ -
2014-12-14 /ejn/EJN_AtlasAdvanced.aspx -
2014-12-14 /ejn/Events.aspx event=125
2014-12-14 /ejn/EJN_Home.aspx -
2014-12-14 /ejn/ -
2014-12-14 /ejn/ -
2014-12-14 /ejn/EJN_AtlasAdvanced.aspx -
2014-12-14 /ejn/ -
2014-12-14 /ejn/EJN_Home.aspx -
2014-12-14 /ejn/ejn_staticpage_9.aspx Bread=9
2014-12-14 /ejn/ejn_staticpage_9.aspx Bread=9
2014-12-14 /ejn/EJN_News.aspx id=49
2014-12-14 /ejn/EJN_News.aspx id=49
2014-12-14 /ejn/libshowdocument.aspx Id=13&Lang=LT
2014-12-14 /ejn/EJN_AtlasAdvancedOld.aspx ctyCode=PT
2014-12-14 /ejn/EJN_AtlasAdvancedOld.aspx ctyCode=PT
2014-12-14 /ejn/ -
2014-12-14 /fiches_belges.aspx -
2014-12-14 /ejn/ -
2014-12-14 /documents.aspx -
2014-12-14 /ejn/ -
2014-12-14 /ejn/EJN_AtlasAdvanced.aspx -
2014-12-14 /ejn/EJN_Home.aspx -
2014-12-14 /ejn/ -
2014-12-14 /ejn/EJN_StaticPage.aspx Bread=26
2014-12-14 /ejn/EJN_Home.aspx -
2014-12-14 /ejn/NewsDetail.aspx id=305&Ori=H
2014-12-14 /ejn/EJN_Home.aspx -
2014-12-14 /ejn/EJN_FichesBelges.aspx -
2014-12-14 /ejn/EJN_Home.aspx -
2014-12-14 /ejn/ -
2014-12-14 /ejn/ -
2014-12-14 /ejn/libshowdocument.aspx Id=222&Lang=ET
2014-12-14 /ejn/EJN_Home.aspx -
2014-12-14 /ejn/ejn_home.aspx -
2014-12-14 /ejn/AtlasChooseCountry.aspx Type=1
2014-12-14 /ejn/EJN_StaticPage.aspx Bread=27
2014-12-14 /ejn/sitemap.aspx -
2014-12-14 /ejn/libcategories.aspx Id=32
2014-12-14 /ejn/libcategories.aspx Id=25
2014-12-14 /ejn/EJN_QuickLinks.aspx id=26
2014-12-14 /ejn/EJN_StaticPage.aspx Bread=1
2014-12-14 /ejn/EJN_StaticPage.aspx Bread=12
2014-12-14 /ejn/EJN_StaticPage.aspx Bread=20
2014-12-14 /ejn/EJN_StaticPage.aspx Bread=37
2014-12-14 /ejn/Events.aspx id=7
2014-12-14 /ejn/EJN_StaticPage.aspx Bread=19
2014-12-14 /ejn/NewsAll.aspx Id=1
2014-12-14 /ejn/EJN_StaticPage.aspx Bread=30
2014-12-14 /ejn/NewsDetail.aspx id=179&Ori=H
2014-12-14 /ejn/EJN_SubscribeNewsLetter.aspx -
2014-12-14 /ejn/NewsDetail.aspx id=214&Ori=H
2014-12-14 /ejn/NewsDetail.aspx id=312&Ori=H
2014-12-14 /ejn/NewsDetail.aspx id=319&Ori=H
2014-12-14 /ejn/Events.aspx Id=7
2014-12-14 /ejn/NewsDetail.aspx id=326&Ori=H
2014-12-14 /ejn/Events.aspx event=196
2014-12-14 /ejn/NewsDetail.aspx id=331&Ori=H
2014-12-14 /ejn/NewsDetail.aspx id=333&Ori=H
2014-12-14 /ejn/NewsDetail.aspx id=336&Ori=H
2014-12-14 /ejn/EJN_StaticPage.aspx Bread=28
2014-12-14 /ejn/NewsDetail.aspx id=340&Ori=H
2014-12-14 /ejn/libcategories.aspx -
2014-12-14 /ejn/AtlasChooseCountry.aspx Type=2
2014-12-14 /ejn/EJN_EAWWizard.aspx -
2014-12-14 /ejn/EJN_FichesBelges.aspx -
2014-12-14 /ejn/libcategories.aspx Id=14
2014-12-14 /ejn/EJN_QuickLinks.aspx id=25
2014-12-14 /ejn/EJN_Search.aspx -
2014-12-14 /ejn/EJN_Secretariat.aspx -
2014-12-14 /ejn/EJN_StaticPage.aspx Bread=11
2014-12-14 /ejn/EJN_StaticPage.aspx Bread=24
2014-12-14 /ejn/EJN_StaticPage.aspx Bread=23
2014-12-14 /ejn/EJN_StaticPage.aspx Bread=33
2014-12-14 /ejn/EJN_StaticPage.aspx Bread=34
2014-12-14 /ejn/EJN_StaticPage.aspx Bread=38
2014-12-14 /ejn/EJN_StaticPage.aspx Bread=2
2014-12-14 /ejn/Events.aspx event=290
2014-12-14 /ejn/Events.aspx event=316
2014-12-14 /ejn/Gallery.aspx -
2014-12-14 /ejn/EJN_StaticPage.aspx Bread=5
2014-12-14 /ejn/NewsAll.aspx Id=2
2014-12-14 /ejn/NewsAll.aspx Id=5
2014-12-14 /ejn/EJN_StaticPage.aspx Bread=9
2014-12-14 /ejn/NewsDetail.aspx id=211&Ori=H
2014-12-14 /ejn/NewsDetail.aspx id=309&Ori=H
2014-12-14 /ejn/NewsDetail.aspx id=315&Ori=H
2014-12-14 /ejn/NewsDetail.aspx id=328&Ori=H
2014-12-14 /ejn/EJN_StaticPage.aspx Bread=16
2014-12-14 /ejn/Events.aspx event=277
2014-12-14 /ejn/NewsDetail.aspx id=334&Ori=H
2014-12-14 /ejn/Events.aspx event=280
2014-12-14 /ejn/NewsDetail.aspx id=337&Ori=H
2014-12-14 /ejn/EJN_Compendium.aspx -
2014-12-14 /ejn/EJN_QuickLinks.aspx id=23
2014-12-14 /ejn/EJN_QuickLinks.aspx id=24
2014-12-14 /ejn/EJN_QuickLinks.aspx id=28
2014-12-14 /ejn/EJN_StaticPage.aspx Bread=10
2014-12-14 /ejn/EJN_StaticPage.aspx Bread=25
2014-12-14 /ejn/EJN_StaticPage.aspx Bread=22
2014-12-14 /ejn/EJN_StaticPage.aspx Bread=32
2014-12-14 /ejn/EJN_StaticPage.aspx Bread=35
2014-12-14 /ejn/Events.aspx event=317
2014-12-14 /ejn/EJN_StaticPage.aspx Bread=39
2014-12-14 /ejn/EJN_StaticPage.aspx Bread=4
2014-12-14 /ejn/NewsAll.aspx -
2014-12-14 /ejn/NewsAll.aspx Id=3
2014-12-14 /ejn/EJN_StaticPage.aspx Bread=8
2014-12-14 /ejn/NewsAll.aspx Id=4
2014-12-14 /ejn/NewsDetail.aspx id=207&Ori=H
2014-12-14 /ejn/Events.aspx -
2014-12-14 /ejn/EJN_StaticPage.aspx Bread=17
2014-12-14 /ejn/EJN_StaticPage.aspx Bread=3
2014-12-14 /ejn/NewsDetail.aspx id=329&Ori=H
2014-12-14 /ejn/Events.aspx event=253
2014-12-14 /ejn/Events.aspx event=261
2014-12-14 /ejn/NewsDetail.aspx id=335&Ori=H
2014-12-14 /ejn/EJN_AtlasAdvanced.aspx -
2014-12-14 /ejn/EJN_AtlasAdvanced.aspx -
2014-12-14 /ejn/ -
2014-12-14 /ejn/EJN_AtlasAdvanced.aspx -
2014-12-14 /ejn/ -
2014-12-14 /ejn/NewsDetail.aspx id=339&Ori=H
2014-12-14 /ejn/ -
2014-12-14 /ejn/EJN_Faqs.aspx -
2014-12-14 /ejn/EJN_Login.aspx -
2014-12-14 /ejn/EJN_QuickLinks.aspx -
2014-12-14 /ejn/EJN_StaticPage.aspx Bread=31
2014-12-14 /ejn/libcategories.aspx Id=34
2014-12-14 /ejn/EJN_StaticPage.aspx Bread=26
2014-12-14 /ejn/libcategories.aspx Id=24
2014-12-14 /ejn/EJN_QuickLinks.aspx id=27
2014-12-14 /ejn/EJN_StaticPage.aspx Bread=13
2014-12-14 /ejn/EJN_StaticPage.aspx Bread=14
2014-12-14 /ejn/EJN_StaticPage.aspx Bread=21
2014-12-14 /ejn/EJN_StaticPage.aspx Bread=36
2014-12-14 /ejn/Events.aspx event=282
2014-12-14 /ejn/Events.aspx id=6
2014-12-14 /ejn/EJN_StaticPage.aspx Bread=7
2014-12-14 /ejn/EJN_StaticPage.aspx Bread=18
2014-12-14 /ejn/Events.aspx Id=6
2014-12-14 /ejn/NewsDetail.aspx id=327&Ori=H
2014-12-14 /ejn/NewsDetail.aspx id=330&Ori=H
2014-12-14 /ejn/EJN_StaticPage.aspx Bread=19
2014-12-14 /ejn/EJN_Home.aspx -
2014-12-14 /ejn/AtlasChooseCountry.aspx -
2014-12-14 /ejn/EJN_Home.aspx -
2014-12-14 /ejn/EJN_InfoAbout.aspx Id=273
2014-12-14 /ejn/EJN_Home.aspx -
2014-12-14 /ejn/EJN_StaticPage.aspx Bread=11
2014-12-14 /ejn/EJN_Home.aspx -
2014-12-14 /ejn/EJN_StaticPage.aspx Bread=30
2014-12-14 /ejn/EJN_Home.aspx -
2014-12-14 /ejn/ -
2014-12-14 /ejn/ -
2014-12-14 /ejn/EJN_InfoAbout.aspx Id=354
2014-12-14 /documents.aspx doclink=Y&country=Romania
2014-12-14 /ejn/libcategories.aspx Id=24
2014-12-14 /ejn/libcategories.aspx Id=24++Culture:ROSessionId:yibtznxv0gqljufyya010nx5Date_Time:10:30
2014-12-14 /ejn/libcategories.aspx Id=24
2014-12-14 /ejn/libadvancedsearch.aspx -
2014-12-14 /ejn/libcategories.aspx Id=24
2014-12-14 /ejn/AtlasChooseCountry.aspx Type=2
2014-12-14 /ejn/AtlasChooseMeasure.aspx MP=0&Cou=354
2014-12-14 /ejn/EJN_EAWWizard.aspx -
2014-12-14 /ejn/ctrls.eawwizard/IframeEngine.aspx -
2014-12-14 /ejn/EJN_Compendium.aspx -
2014-12-14 /ejn/ctrls.compendium/IframeEngine.aspx -
2014-12-14 /ejn/ -
2014-12-14 /ejn/EJN_Compendium.aspx -
2014-12-14 /ejn/ctrls.compendium/IframeEngine.aspx -
2014-12-14 /ejn/ctrls.compendium/iframeEngine.aspx remoteFunction=getMLAforCountry&country=RO&mIDs=101,102,104,502&langId=67&callback=checkMLA_cb
2014-12-14 /ejn/ctrls.compendium/iframeEngine.aspx remoteFunction=getMLAforCountry&country=RO&mIDs=101,102,104,502&langId=67&callback=checkMLA_cb
2014-12-14 /ejn/ -
2014-12-14 /ejn/ -
2014-12-14 /ejn/ ++Culture:ESSessionId:i15jb2ggvu3qczqtmtchtwbeDate_Time:10:35
2014-12-14 /ejn/ -
2014-12-14 /ejn/libcategories.aspx Id=32
2014-12-14 /ejn/libcategories.aspx -
2014-12-14 /ejn/libcategories.aspx Id=5
2014-12-14 /ejn/libcategories.aspx -
2014-12-14 /ejn/libcategories.aspx Id=5
2014-12-14 /ejn/ctrls.compendium/iframeEngine.aspx remoteFunction=getMLAforCountry&country=RO&mIDs=101,102,104,402,403,501,502,602&langId=67&callback=checkMLA_cb
2014-12-14 /ejn/libdocumentproperties.aspx Id=1118
2014-12-14 /ejn/libdocumentproperties.aspx Id=1118
2014-12-14 /ejn/ctrls.compendium/iframeEngine.aspx remoteFunction=getMLAforCountry&country=RO&mIDs=101,102,104,402,403,501,502,602,801,802,804&langId=67&callback=checkMLA_cb
2014-12-14 /ejn/EJN_Compendium.aspx -
2014-12-14 /ejn/EJN_FichesBelges.aspx -
2014-12-14 /ejn/EJN_FichesBelges.aspx -
2014-12-14 /ejn/EJN_FichesBelges.aspx -
2014-12-14 /ejn/EJN_FichesBelgesResult.aspx measure=101&country=354&other=-1
2014-12-14 /ejn/libcategories.aspx -
2014-12-14 /ejn/EJN_FichesBelges.aspx -
2014-12-14 /ejn/EJN_Home.aspx -
2014-12-14 /ejn/AtlasChooseCountry.aspx Type=1
2014-12-14 /ejn/AtlasChooseMeasure.aspx MP=1&Cou=FR
2014-12-14 /ejn/AtlasSelection.aspx -
2014-12-14 /ejn/AtlasSelection.aspx -
2014-12-14 /ejn/AtlasSelection.aspx -
2014-12-14 /ejn/AtlasChooseAuthority.aspx -
2014-12-14 /ejn/EJN_StaticPage.aspx Bread=10
2014-12-14 /ejn/EJN_QuickLinks.aspx id=25
2014-12-14 /ejn/AtlasChooseCountry.aspx Type=2
2014-12-14 /ejn/AtlasChooseMeasure.aspx MP=0&Cou=354
2014-12-14 /ejn/libshowdocument.aspx Id=13&Lang=PL
2014-12-14 /ejn/EJN_QuickLinks.aspx -
2014-12-14 /ejn/EJN_QuickLinks.aspx Id=22
2014-12-14 /ejn/EJN_Compendium.aspx -
2014-12-14 /ejn/ctrls.compendium/IframeEngine.aspx -
2014-12-14 /ejn/EJN_AtlasAdvanced.aspx -
2014-12-14 /ejn/ -
2014-12-14 /ejn/EJN_AtlasAdvanced.aspx -
2014-12-14 /ejn/ -
2014-12-14 /ejn/ -
2014-12-14 /ejn/ -
2014-12-14 /ejn/EJN_AtlasAdvanced.aspx -
2014-12-14 /ejn/ -
2014-12-14 /ejn/ -
2014-12-14 /ejn/EJN_Home.aspx -
2014-12-14 /ejn/AtlasChooseCountry.aspx Type=1
2014-12-14 /ejn/EJN_QuickLinks.aspx id=27
2014-12-14 /ejn/EJN_EAWWizard.aspx -
2014-12-14 /ejn/EJN_StaticPage.aspx Bread=22
2014-12-14 /ejn/EJN_StaticPage.aspx Bread=12
2014-12-14 /ejn/EJN_Home.aspx -
2014-12-14 /ejn/NewsAll.aspx Id=2
2014-12-14 /ejn/EJN_Home.aspx -
2014-12-14 /ejn/EJN_StaticPage.aspx Bread=39
2014-12-14 /ejn/Events.aspx event=318
2014-12-14 /ejn/EJN_StaticPage.aspx Bread=27
2014-12-14 /ejn/EJN_StaticPage.aspx Bread=9
2014-12-14 /ejn/NewsAll.aspx Id=4
2014-12-14 /ejn/libcategories.aspx Id=2
2014-12-14 /ejn/EJN_QuickLinks.aspx id=26
2014-12-14 /ejn/EJN_Home.aspx -
2014-12-14 /ejn/sitemap.aspx -
2014-12-14 /ejn/EJN_Home.aspx -
2014-12-14 /ejn/Events.aspx id=7
2014-12-14 /ejn/EJN_Secretariat.aspx -
2014-12-14 /ejn/EJN_Home.aspx -
2014-12-14 /ejn/EJN_StaticPage.aspx Bread=8
2014-12-14 /ejn/EJN_StaticPage.aspx Bread=3
2014-12-14 /ejn/EJN_Home.aspx -
2014-12-14 /ejn/EJN_StaticPage.aspx Bread=34
2014-12-14 /ejn/EJN_StaticPage.aspx Bread=14
2014-12-14 /ejn/NewsAll.aspx Id=1
2014-12-14 /ejn/EJN_Home.aspx -
2014-12-14 /ejn/libcategories.aspx Id=25
2014-12-14 /ejn/NewsAll.aspx -
2014-12-14 /ejn/EJN_QuickLinks.aspx id=24
2014-12-14 /ejn/EJN_StaticPage.aspx Bread=23
2014-12-14 /ejn/EJN_Home.aspx -
2014-12-14 /ejn/EJN_Home.aspx -
2014-12-14 /ejn/EJN_StaticPage.aspx Bread=33
2014-12-14 /ejn/EJN_StaticPage.aspx Bread=30
2014-12-14 /ejn/EJN_Home.aspx -
2014-12-14 /ejn/EJN_Home.aspx -
2014-12-14 /ejn/EJN_Home.aspx -
2014-12-14 /ejn/EJN_Home.aspx -
2014-12-14 /ejn/EJN_Home.aspx -
2014-12-14 /ejn/EJN_Search.aspx -
2014-12-14 /ejn/EJN_StaticPage.aspx Bread=5
2014-12-14 /ejn/NewsDetail.aspx id=341&Ori=H
2014-12-14 /ejn/EJN_Home.aspx -
2014-12-14 /ejn/EJN_Home.aspx -
2014-12-14 /ejn/EJN_Home.aspx -
2014-12-14 /ejn/EJN_Home.aspx -
2014-12-14 /ejn/EJN_QuickLinks.aspx id=25
2014-12-14 /ejn/EJN_StaticPage.aspx Bread=24
2014-12-14 /ejn/EJN_QuickLinks.aspx id=28
2014-12-14 /ejn/libcategories.aspx Id=32
2014-12-14 /ejn/EJN_Home.aspx -
2014-12-14 /ejn/EJN_Home.aspx -
2014-12-14 /ejn/EJN_Home.aspx -
2014-12-14 /ejn/libcategories.aspx Id=24
2014-12-14 /ejn/EJN_StaticPage.aspx Bread=19
2014-12-14 /ejn/EJN_StaticPage.aspx Bread=7
2014-12-14 /ejn/EJN_StaticPage.aspx Bread=13
2014-12-14 /ejn/EJN_StaticPage.aspx Bread=20
2014-12-14 /ejn/EJN_Home.aspx -
2014-12-14 /ejn/EJN_Home.aspx -
2014-12-14 /ejn/EJN_Home.aspx -
2014-12-14 /ejn/EJN_StaticPage.aspx Bread=10
2014-12-14 /ejn/EJN_StaticPage.aspx Bread=37
2014-12-14 /ejn/EJN_Home.aspx -
2014-12-14 /ejn/libcategories.aspx -
2014-12-14 /ejn/EJN_Home.aspx -
2014-12-14 /ejn/EJN_Home.aspx -
2014-12-14 /ejn/EJN_StaticPage.aspx Bread=4
2014-12-14 /ejn/EJN_Home.aspx -
2014-12-14 /ejn/libcategories.aspx Id=34
2014-12-14 /ejn/EJN_Home.aspx -
2014-12-14 /ejn/NewsAll.aspx Id=3
2014-12-14 /ejn/EJN_Home.aspx -
2014-12-14 /ejn/EJN_Home.aspx -
2014-12-14 /ejn/EJN_Home.aspx -
2014-12-14 /ejn/EJN_Home.aspx -
2014-12-14 /ejn/EJN_Home.aspx -
2014-12-14 /ejn/EJN_Home.aspx -
2014-12-14 /ejn/EJN_Home.aspx -
2014-12-14 /ejn/EJN_Home.aspx -
2014-12-14 /ejn/EJN_Home.aspx -
2014-12-14 /ejn/EJN_Home.aspx -
2014-12-14 /ejn/EJN_Home.aspx -
2014-12-14 /ejn/EJN_Home.aspx -
2014-12-14 /ejn/EJN_Home.aspx -
2014-12-14 /ejn/EJN_Home.aspx -
2014-12-14 /ejn/EJN_QuickLinks.aspx -
2014-12-14 /ejn/EJN_Faqs.aspx -
2014-12-14 /ejn/EJN_StaticPage.aspx Bread=17
2014-12-14 /ejn/EJN_Home.aspx -
2014-12-14 /ejn/EJN_Home.aspx -
2014-12-14 /ejn/EJN_Home.aspx -
2014-12-14 /ejn/EJN_Home.aspx -
2014-12-14 /ejn/EJN_Home.aspx -
2014-12-14 /ejn/EJN_Home.aspx -
2014-12-14 /ejn/ -
2014-12-14 /ejn/EJN_Home.aspx -
2014-12-14 /ejn/ -
2014-12-14 /ejn/EJN_AtlasAdvanced.aspx -
2014-12-14 /ejn/EJN_News.aspx id=33
2014-12-14 /ejn/EJN_News.aspx id=33
2014-12-14 /ejn/EJN_Home.aspx -
2014-12-14 /ejn/EJN_AtlasAdvanced.aspx -
2014-12-14 /ejn/AtlasChooseCountry.aspx -
2014-12-14 /ejn/EJN_Home.aspx -
2014-12-14 /ejn/EJN_InfoAbout.aspx Id=373
2014-12-14 /ejn/ -
2014-12-14 /ejn/EJN_AtlasAdvanced.aspx -
2014-12-14 /ejn/ -
2014-12-14 /ejn/EJN_Home.aspx -
2014-12-14 /ejn/EJN_Home.aspx -
2014-12-14 /ejn/ -
2014-12-14 /ejn/EJN_AtlasAdvanced.aspx -
2014-12-14 /ejn/ -
2014-12-14 /ejn/EJN_AtlasAdvanced.aspx -
2014-12-14 /ejn/ -
2014-12-14 /ejn/EJN_AtlasAdvanced.aspx -
2014-12-14 /ejn/ -
2014-12-14 /ejn/AtlasChooseCountry.aspx Type=2
2014-12-14 /ejn/AtlasChooseMeasure.aspx MP=0&Cou=277
2014-12-14 /ejn/AtlasChooseMeasure.aspx MP=0&Cou=277
2014-12-14 /ejn/AtlasChooseMeasure.aspx MP=0&Cou=277
2014-12-14 /ejn/AtlasSelection.aspx -
2014-12-14 /ejn/AtlasChooseAuthority.aspx -
2014-12-14 /ejn/AtlasChooseAuthority.aspx -
2014-12-14 /ejn/AtlasChooseAuthority.aspx -
2014-12-14 /ejn/AtlasAuthorityData.aspx Id=4252
2014-12-14 /ejn/AtlasAuthorityData.aspx Id=4194
2014-12-14 /default.aspx -
2014-12-14 /ejn/EJN_AtlasAdvanced.aspx -
2014-12-14 /ejn/ -
2014-12-14 /ejn/EJN_Home.aspx -
2014-12-14 /ejn/EJN_Home.aspx -
2014-12-14 /ejn/ -
2014-12-14 /ejn/libcategories.aspx Id=37
2014-12-14 /ejn/EJN_Home.aspx -
2014-12-14 /ejn/EJN_Home.aspx -
2014-12-14 /ejn/ -
2014-12-14 /ejn/NewsAll.aspx -
2014-12-14 /ejn/libcategories.aspx Id=32
2014-12-14 /ejn/EJN_Home.aspx -
2014-12-14 /ejn/AtlasChooseCountry.aspx Type=2
2014-12-14 /ejn/AtlasChooseMeasure.aspx MP=0&Cou=354
2014-12-14 /ejn/AtlasChooseMeasure.aspx MP=0&Cou=354++Culture:FRSessionId:yibtznxv0gqljufyya010nx5Date_Time:12:12
2014-12-14 /ejn/AtlasChooseMeasure.aspx MP=0&Cou=354++Culture:ESSessionId:yibtznxv0gqljufyya010nx5Date_Time:12:12
2014-12-14 /ejn/AtlasChooseMeasure.aspx MP=0&Cou=354
2014-12-14 /ejn/AtlasChooseMeasure.aspx MP=0&Cou=354
2014-12-14 /ejn/AtlasChooseMeasure.aspx MP=0&Cou=354
2014-12-14 /ejn/AtlasChooseMeasure.aspx MP=0&Cou=354
2014-12-14 /ejn/ -
2014-12-14 /ejn/EJN_AtlasAdvanced.aspx -
2014-12-14 /ejn/sitemap.aspx -
2014-12-14 /ejn/EJN_Home.aspx -
2014-12-14 /ejn/AtlasChooseMeasure.aspx MP=0&Cou=354
2014-12-14 /ejn/AtlasChooseMeasure.aspx MP=0&Cou=354
2014-12-14 /ejn/AtlasSelection.aspx -
2014-12-14 /ejn/AtlasChooseMeasure.aspx MP=1&Cou=UK&Type=2
2014-12-14 /ejn/AtlasSelection.aspx -
2014-12-14 /ejn/AtlasSelection.aspx -
2014-12-14 /ejn/AtlasAuthorityData.aspx Id=5341
2014-12-14 /ejn/AtlasChooseMeasure.aspx MP=1&Cou=UK&Type=2
2014-12-14 /ejn/AtlasSelection.aspx -
2014-12-14 /ejn/AtlasChooseMeasure.aspx MP=1&Cou=UK&Type=2
2014-12-14 /ejn/AtlasChooseMeasure.aspx MP=1&Cou=UK&Type=2
2014-12-14 /ejn/AtlasSelection.aspx -
2014-12-14 /ejn/AtlasSelection.aspx -
2014-12-14 /ejn/AtlasSelection.aspx -
2014-12-14 /ejn/AtlasChooseMeasure.aspx MP=1&Cou=UK&Type=2
2014-12-14 /ejn/AtlasSelection.aspx -
2014-12-14 /ejn/AtlasAuthorityData.aspx Id=4136
2014-12-14 /ejn/ -
2014-12-14 /ejn/AtlasAuthorityData.aspx Id=4136
2014-12-14 /ejn/AtlasChooseMeasure.aspx MP=0&Cou=354
2014-12-14 /ejn/AtlasChooseMeasure.aspx MP=0&Cou=354
2014-12-14 /ejn/AtlasChooseMeasure.aspx MP=0&Cou=354
2014-12-14 /ejn/AtlasSelection.aspx -
2014-12-14 /ejn/AtlasSelection.aspx -
2014-12-14 /ejn/AtlasSelection.aspx -
2014-12-14 /ejn/AtlasChooseMeasure.aspx MP=0&Cou=354
2014-12-14 /ejn/AtlasChooseMeasure.aspx MP=0&Cou=354
2014-12-14 /ejn/AtlasChooseMeasure.aspx MP=0&Cou=354
2014-12-14 /ejn/AtlasChooseCountry.aspx Type=2
2014-12-14 /ejn/AtlasChooseMeasure.aspx MP=0&Cou=354
2014-12-14 /ejn/AtlasChooseMeasure.aspx MP=0&Cou=354
2014-12-14 /ejn/AtlasChooseMeasure.aspx MP=0&Cou=354
2014-12-14 /ejn/AtlasSelection.aspx -
2014-12-14 /ejn/AtlasSelection.aspx -
2014-12-14 /ejn/AtlasSelection.aspx -
2014-12-14 /ejn/AtlasAuthorityData.aspx Id=4136
2014-12-14 /ejn/EJN_FichesBelges.aspx -
2014-12-14 /ejn/EJN_FichesBelgesTable.aspx -
2014-12-14 /ejn/EJN_FichesBelges.aspx -
2014-12-14 /ejn/EJN_FichesBelges.aspx -
2014-12-14 /ejn/EJN_FichesBelges.aspx -
2014-12-14 /ejn/EJN_FichesBelgesResult.aspx measure=502&country=373&other=354
2014-12-14 /ejn/ -
2014-12-14 /ejn/EJN_AtlasAdvanced.aspx -
2014-12-14 /ejn/ -
2014-12-14 /ejn/ -
2014-12-14 /ejn/EJN_Home.aspx -
2014-12-14 /ejn/libcategories.aspx -
2014-12-14 /ejn/libcategories.aspx Id=1
2014-12-14 /ejn/libcategories.aspx Id=19
2014-12-14 /ejn/libcategories.aspx Id=12
2014-12-14 /ejn/libcategories.aspx Id=37
2014-12-14 /ejn/EJN_Home.aspx -
2014-12-14 /ejn/ -
2014-12-14 /ejn/EJN_AtlasAdvanced.aspx -
2014-12-14 /ejn/ -
2014-12-14 /ejn/ -
2014-12-14 /ejn/ -
2014-12-14 /ejn/EJN_AtlasAdvanced.aspx -
2014-12-14 /ejn/EJN_Home.aspx -
2014-12-14 /ejn/ -
2014-12-14 /ejn/EJN_Home.aspx -
2014-12-14 /ejn/EJN_Home.aspx -
2014-12-14 /ejn/EJN_AtlasAdvanced.aspx -
2014-12-14 /ejn/ -
2014-12-14 /ejn/EJN_AtlasAdvanced.aspx -
2014-12-14 /ejn/EJN_Home.aspx -
2014-12-14 /atlas_advanced.aspx -
2014-12-14 /atlas_advanced.aspx -
2014-12-14 /ejn/ -
2014-12-14 /atlas_advanced.aspx -
2014-12-14 /atlas_advanced.aspx -
2014-12-14 /ejn/ -
2014-12-14 /ejn/EJN_AtlasAdvanced.aspx -
2014-12-14 /ejn/EJN_Home.aspx -
2014-12-14 /ejn/ -
2014-12-14 /ejn/EJN_AtlasAdvanced.aspx -
2014-12-14 /ejn/ -
2014-12-14 /ejn/ -
2014-12-14 /ejn/libcategories.aspx -
2014-12-14 /ejn/libcategories.aspx Id=2
2014-12-14 /ejn/EJN_Library_StatusOfImpByCat.aspx CategoryId=14
2014-12-14 /ejn/EJN_Library_StatusOfImpByCou.aspx CountryId=223
2014-12-14 /ejn/EJN_AtlasAdvanced.aspx -
2014-12-14 /ejn/Events.aspx event=322
2014-12-14 /ejn/EJN_Home.aspx -
2014-12-14 /ejn/EJN_Home.aspx -
2014-12-14 /ejn/EJN_Home.aspx -
2014-12-14 /ejn/libcategories.aspx Id=2
2014-12-14 /ejn/EJN_Home.aspx -
2014-12-14 /ejn/EJN_AtlasAdvanced.aspx -
2014-12-14 /ejn/ -
2014-12-14 /ejn/EJN_Home.aspx -
2014-12-14 /ejn/EJN_AtlasAdvanced.aspx -
2014-12-14 /ejn/ -
2014-12-14 /ejn/libshowdocument.aspx Id=1&Lang=DE
2014-12-14 /ejn/ -
2014-12-14 /ejn/EJN_AtlasAdvanced.aspx -
2014-12-14 /ejn/libshowdocument.aspx Id=222&Lang=DK
2014-12-14 /ejn/EJN_Home.aspx -
2014-12-14 /ejn/EJN_Home.aspx -
2014-12-14 /ejn/ -
2014-12-14 /ejn/EJN_Home.aspx -
2014-12-14 /ejn/ -
2014-12-14 /ejn/EJN_AtlasAdvanced.aspx -
2014-12-14 /fiches_belges.aspx -
2014-12-14 /ejn/EJN_Home.aspx -
2014-12-14 /ejn/EJN_Compendium.aspx -
2014-12-14 /ejn/ctrls.compendium/IframeEngine.aspx -
2014-12-14 /ejn/AtlasChooseCountry.aspx Type=2
2014-12-14 /ejn/AtlasChooseMeasure.aspx MP=0&Cou=354
2014-12-14 /ejn/EJN_Compendium.aspx -
2014-12-14 /ejn/EJN_Compendium.aspx -
2014-12-14 /ejn/ctrls.compendium/IframeEngine.aspx -
2014-12-14 /ejn/ -
2014-12-14 /ejn/ -
2014-12-14 /ejn/AtlasChooseCountry.aspx Type=2
2014-12-14 /ejn/AtlasChooseCountry.aspx Type=2
2014-12-14 /ejn/AtlasChooseMeasure.aspx MP=0&Cou=307
2014-12-14 /ejn/AtlasChooseMeasure.aspx MP=0&Cou=307
2014-12-14 /ejn/AtlasChooseMeasure.aspx MP=0&Cou=307
2014-12-14 /ejn/AtlasSelection.aspx -
2014-12-14 /ejn/AtlasSelection.aspx -
2014-12-14 /ejn/AtlasSelection.aspx -
2014-12-14 /ejn/AtlasAuthorityData.aspx Id=1749
2014-12-14 /ejn/libcategories.aspx -
2014-12-14 /ejn/ -
2014-12-14 /ejn/EJN_Home.aspx -
2014-12-14 /ejn/EJN_Home.aspx -
2014-12-14 /ejn/EJN_Home.aspx -
2014-12-14 /ejn/EJN_Home.aspx -
2014-12-14 /ejn/ -
2014-12-14 /ejn/EJN_Home.aspx -
2014-12-14 /ejn/EJN_AtlasAdvanced.aspx -
2014-12-14 /ejn/EJN_Home.aspx -
2014-12-14 /ejn/EJN_Home.aspx -
2014-12-14 /ejn/EJN_Home.aspx -
2014-12-14 /ejn/ -
2014-12-14 /ejn/NewsDetail.aspx id=344&Ori=H
2014-12-14 /ejn/EJN_EAWWizard.aspx -
2014-12-14 /ejn/ctrls.eawwizard/IframeEngine.aspx -
2014-12-14 /ejn/EJN_Home.aspx -
2014-12-14 /ejn/ -
2014-12-14 /ejn/EJN_AtlasAdvanced.aspx -
2014-12-14 /ejn/ -
2014-12-14 /ejn/EJN_Home.aspx -
2014-12-14 /ejn/EJN_Home.aspx -
2014-12-14 /ejn/ -
2014-12-14 /ejn/EJN_Home.aspx -
2014-12-14 /ejn/ -
2014-12-14 /ejn/EJN_AtlasAdvanced.aspx -
2014-12-14 /ejn/EJN_Home.aspx -
2014-12-14 /ejn/EJN_AtlasAdvanced.aspx -
2014-12-14 /ejn/ -
2014-12-14 /ejn/ -
2014-12-14 /ejn/EJN_Home.aspx -
2014-12-14 /ejn/EJN_QuickLinks.aspx id=25
2014-12-14 /ejn/EJN_Home.aspx -
2014-12-14 /ejn/EJN_Home.aspx -
2014-12-14 /ejn/ -
2014-12-14 /ejn/EJN_AtlasAdvanced.aspx -
2014-12-14 /ejn/libcategories.aspx -
2014-12-14 /ejn/EJN_Home.aspx -
2014-12-14 /ejn/ -
2014-12-14 /ejn/AtlasSelection.aspx -
2014-12-14 /ejn/EJN_Error.aspx -
2014-12-14 /ejn/EJN_Home.aspx -
2014-12-14 /ejn/AtlasChooseMeasure.aspx Mp=1&Cou=ES&Type=2
2014-12-14 /ejn/AtlasChooseMeasure.aspx Mp=1&Cou=ES&Type=2
2014-12-14 /ejn/AtlasChooseMeasure.aspx Mp=1&Cou=ES&Type=2
2014-12-14 /ejn/AtlasSelection.aspx -
2014-12-14 /ejn/AtlasSelection.aspx -
2014-12-14 /ejn/AtlasSelection.aspx -
2014-12-14 /ejn/AtlasSelection.aspx -
2014-12-14 /ejn/AtlasSelection.aspx -
2014-12-14 /ejn/AtlasAuthorityData.aspx Id=4145
2014-12-14 /ejn/Events.aspx event=322
2014-12-14 /ejn/EJN_Home.aspx -
2014-12-14 /ejn/Events.aspx event=322
2014-12-14 /ejn/EJN_AtlasAdvanced.aspx -
2014-12-14 /ejn/EJN_Home.aspx -
2014-12-14 /ejn/EJN_FichesBelges.aspx -
2014-12-14 /ejn/EJN_FichesBelgesTable.aspx -
2014-12-14 /ejn/EJN_Home.aspx -
2014-12-14 /ejn/AtlasAuthorityData.aspx Id=5341
2014-12-14 /ejn/EJN_Error.aspx -
2014-12-14 /ejn/ -
2014-12-14 /ejn/NewsDetail.aspx id=344&Ori=H
2014-12-14 /ejn/libcategories.aspx Id=24
2014-12-14 /ejn/libshowdocument.aspx Id=95&Lang=PL
2014-12-14 /ejn/libdocumentproperties.aspx Id=341
2014-12-14 /ejn/libdocumentproperties.aspx Id=341
2014-12-14 /ejn/EJN_News.aspx id=52
2014-12-14 /ejn/EJN_News.aspx id=52
2014-12-14 /ejn/EJN_Library_StatusOfImpByCat.aspx CategoryId=24
2014-12-14 /ejn/libdocumentproperties.aspx Id=347
2014-12-14 /ejn/libdocumentproperties.aspx Id=347
2014-12-14 /ejn/libshowdocument.aspx Id=1499&Lang=PL
2014-12-14 /ejn/EJN_Home.aspx -
2014-12-14 /ejn/libshowdocument.aspx Id=1498&Lang=PL
2014-12-14 /ejn/EJN_QuickLinks.aspx id=28
2014-12-14 /ejn/EJN_Home.aspx -
2014-12-14 /ejn/libshowdocument.aspx Id=399&Lang=PL
2014-12-14 /ejn/libcategories.aspx Id=34
2014-12-14 /ejn/libdocumentproperties.aspx Id=1308
2014-12-14 /ejn/libdocumentproperties.aspx Id=1308
2014-12-14 /ejn/libcategories.aspx Id=24
2014-12-14 /ejn/libshowdocument.aspx Id=95&Lang=PL
2014-12-14 /ejn/AtlasAuthorityData.aspx Id=5341
2014-12-14 /ejn/EJN_Error.aspx -
2014-12-14 /ejn/ -
2014-12-14 /ejn/libdocumentproperties.aspx Id=341
2014-12-14 /ejn/libdocumentproperties.aspx Id=341
2014-12-14 /ejn/ -
2014-12-14 /ejn/ -
2014-12-14 /ejn/ -
2014-12-14 /ejn/EJN_StaticPage.aspx Bread=1
2014-12-14 /ejn/libcategories.aspx Id=14
2014-12-14 /ejn/EJN_StaticPage.aspx Bread=9
2014-12-14 /ejn/EJN_StaticPage.aspx Bread=2
2014-12-14 /ejn/EJN_Library_StatusOfImpByCat.aspx CategoryId=14
2014-12-14 /ejn/EJN_Secretariat.aspx -
2014-12-14 /ejn/libshowdocument.aspx Id=95&Lang=PL
2014-12-14 /ejn/EJN_StaticPage.aspx Bread=13
2014-12-14 /ejn/EJN_StaticPage.aspx Bread=11
2014-12-14 /ejn/EJN_StaticPage.aspx Bread=10
2014-12-14 /ejn/AtlasChooseCountry.aspx Type=2
2014-12-14 /ejn/AtlasChooseMeasure.aspx MP=0&Cou=373
2014-12-14 /ejn/EJN_AtlasAdvanced.aspx -
2014-12-14 /ejn/ -
2014-12-14 /ejn/AtlasChooseMeasure.aspx MP=0&Cou=373
2014-12-14 /ejn/AtlasChooseMeasure.aspx MP=0&Cou=373
2014-12-14 /ejn/AtlasSelection.aspx -
2014-12-14 /ejn/AtlasSelection.aspx -
2014-12-14 /ejn/AtlasSelection.aspx -
2014-12-14 /ejn/AtlasAuthorityData.aspx Id=3503
2014-12-14 /ejn/ -
2014-12-14 /ejn/EJN_AtlasAdvanced.aspx -
2014-12-14 /ejn/EJN_StaticPage.aspx Bread=1
2014-12-14 /ejn/ -
2014-12-14 /ejn/ -
2014-12-14 /ejn/ -
2014-12-14 /ejn/EJN_Home.aspx -
2014-12-14 /ejn/AtlasChooseCountry.aspx Type=2
2014-12-14 /ejn/AtlasChooseMeasure.aspx MP=0&Cou=337
2014-12-14 /ejn/AtlasChooseMeasure.aspx MP=0&Cou=337
2014-12-14 /ejn/AtlasChooseMeasure.aspx MP=0&Cou=337
2014-12-14 /ejn/AtlasSelection.aspx -
2014-12-14 /ejn/AtlasSelection.aspx -
2014-12-14 /ejn/AtlasSelection.aspx -
2014-12-14 /ejn/AtlasAuthorityData.aspx Id=1754
2014-12-14 /ejn/EJN_Home.aspx -
2014-12-14 /ejn/ -
2014-12-14 /ejn/ejn_home.aspx -
2014-12-14 /ejn/ -
2014-12-14 /ejn/ -
2014-12-14 /ejn/libcategories.aspx Id=2
2014-12-14 /ejn/libdocumentproperties.aspx Id=739
2014-12-14 /ejn/EJN_Library_StatusOfImpByCat.aspx CategoryId=36
2014-12-14 /ejn/EJN_AtlasAdvanced.aspx -
2014-12-14 /ejn/EJN_Home.aspx -
2014-12-14 /ejn/Events.aspx event=322
2014-12-14 /ejn/EJN_Home.aspx -
2014-12-14 /ejn/EJN_Home.aspx -
2014-12-14 /ejn/EJN_Home.aspx -
2014-12-14 /ejn/EJN_Home.aspx -
2014-12-14 /ejn/EJN_Home.aspx -
2014-12-14 /ejn/EJN_Home.aspx -
2014-12-14 /ejn/EJN_Home.aspx -
2014-12-14 /ejn/EJN_Home.aspx -
2014-12-14 /ejn/ -
2014-12-14 /ejn/ -
2014-12-14 /ejn/ -
2014-12-14 /ejn/ -
2014-12-14 /ejn/ -
2014-12-14 /ejn/ -
2014-12-14 /ejn/ -
2014-12-14 /ejn/ -
2014-12-14 /ejn/ -
2014-12-14 /ejn/ -
2014-12-14 /ejn/EJN_Home.aspx -
2014-12-14 /ejn/EJN_Home.aspx -
2014-12-14 /ejn/ -
2014-12-14 /ejn/libshowdocument.aspx Id=13&Lang=SK
2014-12-14 /ejn/EJN_AtlasAdvanced.aspx -
2014-12-14 /ejn/EJN_Home.aspx -
2014-12-14 /ejn/ -
2014-12-14 /ejn/EJN_Home.aspx -
2014-12-14 /ejn/ -
2014-12-14 /ejn/EJN_AtlasAdvanced.aspx -
2014-12-14 /ejn/EJN_Home.aspx -
2014-12-14 /ejn/EJN_Events.aspx date=09/06/2011
2014-12-14 /ejn/EJN_Events.aspx date=09/06/2011
2014-12-14 /ejn/libshowdocument.aspx Id=201&Lang=EN
2014-12-14 /ejn/ -
2014-12-14 /ejn/EJN_AtlasAdvanced.aspx -
2014-12-14 /ejn/EJN_Home.aspx -
2014-12-14 /ejn/EJN_Home.aspx -
2014-12-14 /ejn/EJN_AtlasAdvanced.aspx -
2014-12-14 /ejn/ -
2014-12-14 /default.aspx -
2014-12-14 /ejn/EJN_AtlasAdvanced.aspx -
2014-12-14 /ejn/ -
2014-12-14 /ejn/EJN_Home.aspx -
2014-12-14 /ejn/EJN_Home.aspx -
2014-12-14 /ejn/ -
2014-12-14 /ejn/EJN_InfoAbout.aspx Id=433
2014-12-14 /ejn/ -
2014-12-14 /ejn/AtlasChooseMeasure.aspx Mp=1&Cou=PL&Type=2
2014-12-14 /ejn/EJN_FichesBelgesResult.aspx measure=101&country=351&other=-1
2014-12-14 /ejn/EJN_Home.aspx -
2014-12-14 /ejn/AtlasChooseMeasure.aspx Mp=1&Cou=PL&Type=2
2014-12-14 /ejn/EJN_Home.aspx -
2014-12-14 /ejn/EJN_InfoAbout.aspx Id=351
2014-12-14 /ejn/EJN_Login.aspx -
2014-12-14 /ejn/ -
2014-12-14 /ejn/EJN_InfoAbout.aspx Id=430
2014-12-14 /ejn/libcategories.aspx Id=14
2014-12-14 /ejn/ -
2014-12-14 /ejn/EJN_InfoAbout.aspx Id=430
2014-12-14 /ejn/EJN_StaticPage.aspx Bread=12
2014-12-14 /ejn/EJN_Home.aspx -
2014-12-14 /ejn/EJN_Home.aspx -
2014-12-14 /ejn/EJN_Home.aspx -
2014-12-14 /ejn/NewsDetail.aspx id=90&Ori=H
2014-12-14 /ejn/EJN_Home.aspx -
2014-12-14 /ejn/EJN_Home.aspx -
2014-12-14 /ejn/EJN_Home.aspx -
2014-12-14 /ejn/EJN_Home.aspx -
2014-12-14 /ejn/EJN_Home.aspx -
2014-12-14 /ejn/ -
2014-12-14 /ejn/ -
2014-12-14 /ejn/ -
2014-12-14 /ejn/EJN_AtlasAdvanced.aspx -
2014-12-14 /ejn/ -
2014-12-14 /ejn/EJN_AtlasAdvanced.aspx -
2014-12-14 /ejn/ -
2014-12-14 /ejn/EJN_AtlasAdvanced.aspx -
2014-12-14 /ejn/EJN_Home.aspx -
2014-12-14 /ejn/ -
2014-12-14 /ejn/EJN_Home.aspx -
2014-12-14 /ejn/ -
2014-12-14 /ejn/ -
2014-12-14 /ejn/EJN_Home.aspx -
2014-12-14 /ejn/ -
2014-12-14 /ejn/ -
2014-12-14 /ejn/ -
2014-12-14 /ejn/EJN_Home.aspx -
2014-12-14 /ejn/ -
2014-12-14 /ejn/ ++Culture:ESSessionId:lok41rtmzcf1q1zytqrznms0Date_Time:17:34
2014-12-14 /ejn/EJN_StaticPage.aspx Bread=1
2014-12-14 /ejn/EJN_AtlasAdvanced.aspx -
2014-12-14 /ejn/EJN_Home.aspx -
2014-12-14 /ejn/EJN_Home.aspx -
2014-12-14 /ejn/EJN_Home.aspx -
2014-12-14 /ejn/EJN_Home.aspx -
2014-12-14 /ejn/ -
2014-12-14 /ejn/ -
2014-12-14 /ejn/ -
2014-12-14 /ejn/EJN_Home.aspx -
2014-12-14 /ejn/ -
2014-12-14 /ejn/EJN_Home.aspx -
2014-12-14 /ejn/ -
2014-12-14 /ejn/EJN_Home.aspx -
2014-12-14 /ejn/EJN_AtlasAdvanced.aspx -
2014-12-14 /ejn/ -
2014-12-14 /ejn/EJN_Secretariat.aspx -
2014-12-14 /ejn/EJN_StaticPage.aspx Bread=13
2014-12-14 /ejn/EJN_Login.aspx -
2014-12-14 /ejn/EJN_StaticPage.aspx Bread=3
2014-12-14 /ejn/AtlasChooseCountry.aspx Type=1
2014-12-14 /ejn/EJN_EAWWizard.aspx -
2014-12-14 /ejn/Gallery.aspx -
2014-12-14 /ejn/EJN_StaticPage.aspx Bread=14
2014-12-14 /ejn/EJN_StaticPage.aspx Bread=8
2014-12-14 /ejn/EJN_StaticPage.aspx Bread=7
2014-12-14 /ejn/EJN_StaticPage.aspx Bread=10
2014-12-14 /ejn/EJN_StaticPage.aspx Bread=12
2014-12-14 /ejn/sitemap.aspx -
2014-12-14 /ejn/libcategories.aspx -
2014-12-14 /ejn/EJN_Faqs.aspx -
2014-12-14 /ejn/EJN_Search.aspx -
2014-12-14 /ejn/EJN_ContactUs.aspx KeepThis=true&TB_iframe=true&height=650&width=900
2014-12-14 /ejn/EJN_StaticPage.aspx Bread=11
2014-12-14 /ejn/EJN_StaticPage.aspx Bread=4
2014-12-14 /ejn/EJN_QuickLinks.aspx id=28
2014-12-14 /ejn/ejn_home.aspx -
2014-12-14 /ejn/EJN_QuickLinks.aspx id=23
2014-12-14 /ejn/libcategories.aspx Id=14
2014-12-14 /ejn/EJN_QuickLinks.aspx id=24
2014-12-14 /ejn/EJN_StaticPage.aspx Bread=16
2014-12-14 /ejn/EJN_QuickLinks.aspx id=25
2014-12-14 /ejn/EJN_StaticPage.aspx Bread=27
2014-12-14 /ejn/EJN_QuickLinks.aspx id=26
2014-12-14 /ejn/EJN_StaticPage.aspx Bread=28
2014-12-14 /ejn/EJN_QuickLinks.aspx id=27
2014-12-14 /ejn/EJN_StaticPage.aspx Bread=17
2014-12-14 /ejn/EJN_QuickLinks.aspx -
2014-12-14 /ejn/EJN_StaticPage.aspx Bread=21
2014-12-14 /ejn/libcategories.aspx Id=2
2014-12-14 /ejn/EJN_StaticPage.aspx Bread=30
2014-12-14 /ejn/EJN_StaticPage.aspx Bread=20
2014-12-14 /ejn/EJN_StaticPage.aspx Bread=5
2014-12-14 /ejn/EJN_StaticPage.aspx Bread=24
2014-12-14 /ejn/libcategories.aspx Id=24
2014-12-14 /ejn/EJN_StaticPage.aspx Bread=25
2014-12-14 /ejn/EJN_Home.aspx -
2014-12-14 /ejn/EJN_StaticPage.aspx Bread=18
2014-12-14 /ejn/libcategories.aspx Id=25
2014-12-14 /ejn/EJN_StaticPage.aspx Bread=31
2014-12-14 /ejn/libcategories.aspx Id=34
2014-12-14 /ejn/EJN_StaticPage.aspx Bread=32
2014-12-14 /ejn/libcategories.aspx Id=32
2014-12-14 /ejn/EJN_StaticPage.aspx Bread=33
2014-12-14 /ejn/EJN_StaticPage.aspx Bread=9
2014-12-14 /ejn/EJN_StaticPage.aspx Bread=34
2014-12-14 /ejn/EJN_StaticPage.aspx Bread=2
2014-12-14 /ejn/EJN_StaticPage.aspx Bread=35
2014-12-14 /ejn/EJN_StaticPage.aspx Bread=39
2014-12-14 /ejn/EJN_StaticPage.aspx Bread=36
2014-12-14 /ejn/EJN_StaticPage.aspx Bread=23
2014-12-14 /ejn/EJN_StaticPage.aspx Bread=26
2014-12-14 /ejn/EJN_StaticPage.aspx Bread=22
2014-12-14 /ejn/EJN_StaticPage.aspx Bread=38
2014-12-14 /ejn/EJN_StaticPage.aspx Bread=19
2014-12-14 /ejn/EJN_StaticPage.aspx Bread=37
2014-12-14 /ejn/NewsDetail.aspx Ori=H&id=344
2014-12-14 /ejn/NewsDetail.aspx Ori=H&id=341
2014-12-14 /ejn/Events.aspx id=6
2014-12-14 /ejn/Events.aspx id=7
2014-12-14 /ejn/Events.aspx event=318
2014-12-14 /ejn/Events.aspx event=322
2014-12-14 /ejn/NewsAll.aspx Id=1
2014-12-14 /ejn/NewsAll.aspx Id=2
2014-12-14 /ejn/NewsAll.aspx Id=3
2014-12-14 /ejn/NewsAll.aspx Id=4
2014-12-14 /ejn/NewsAll.aspx Id=5
2014-12-14 /ejn/Events.aspx Id=6
2014-12-14 /ejn/Events.aspx Id=7
2014-12-14 /ejn/NewsAll.aspx -
2014-12-14 /ejn/Events.aspx -
2014-12-14 /ejn/EJN_SubscribeNewsLetter.aspx -
2014-12-14 /ejn/EJN_StaticPage.aspx Bread=1
2014-12-14 /ejn/AtlasChooseCountry.aspx Type=2
2014-12-14 /ejn/EJN_Compendium.aspx -
2014-12-14 /ejn/EJN_FichesBelges.aspx -
2014-12-14 /ejn/EJN_AtlasAdvanced.aspx -
2014-12-14 /ejn/ -
2014-12-14 /ejn/ ++Culture:ESSessionId:tjmhwc0j0xzvliiqjocv5nc2Date_Time:18:14
2014-12-14 /ejn/ -
2014-12-14 /ejn/ -
2014-12-14 /ejn/EJN_QuickLinks.aspx id=26
2014-12-14 /ejn/EJN_Home.aspx -
2014-12-14 /ejn/AtlasChooseCountry.aspx Type=2
2014-12-14 /ejn/AtlasChooseMeasure.aspx MP=0&Cou=373
2014-12-14 /ejn/AtlasChooseCountry.aspx Type=2
2014-12-14 /ejn/AtlasChooseMeasure.aspx MP=0&Cou=373
2014-12-14 /ejn/EJN_FichesBelgesResult.aspx measure=304&country=373&other=-1
2014-12-14 /ejn/EJN_Home.aspx -
2014-12-14 /ejn/ -
2014-12-14 /ejn/ -
2014-12-14 /atlas_advanced.aspx -
2014-12-14 /ejn/EJN_Home.aspx -
2014-12-14 /ejn/ -
2014-12-14 /ejn/ -
2014-12-14 /ejn/ -
2014-12-14 /ejn/EJN_StaticPage.aspx Bread=11
2014-12-14 /ejn/libcategories.aspx Id=32
2014-12-14 /ejn/libdocumentproperties.aspx Id=621
2014-12-14 /ejn/libdocumentproperties.aspx Id=620
2014-12-14 /ejn/libdocumentproperties.aspx Id=620
2014-12-14 /ejn/libcategories.aspx -
2014-12-14 /ejn/libcategories.aspx Id=5
2014-12-14 /ejn/EJN_AtlasAdvanced.aspx -
2014-12-14 /ejn/EJN_Home.aspx -
2014-12-14 /ejn/libdocumentproperties.aspx Id=920
2014-12-14 /ejn/EJN_Home.aspx -
2014-12-14 /ejn/libcategories.aspx Id=3
2014-12-14 /ejn/libdocumentproperties.aspx Id=1333
2014-12-14 /ejn/libdocumentproperties.aspx Id=1333
2014-12-14 /ejn/EJN_Home.aspx -
2014-12-14 /ejn/EJN_StaticPage.aspx Bread=12
2014-12-14 /ejn/EJN_Home.aspx -
2014-12-14 /ejn/EJN_StaticPage.aspx Bread=12
2014-12-14 /ejn/libcategories.aspx Id=14
2014-12-14 /ejn/libshowdocument.aspx Id=787&Lang=EN
2014-12-14 /ejn/ -
2014-12-14 /ejn/EJN_InfoAbout.aspx Id=373
2014-12-14 /ejn/libcategories.aspx Id=24
2014-12-14 /ejn/EJN_Home.aspx -
2014-12-14 /ejn/AtlasChooseCountry.aspx Type=1
2014-12-14 /ejn/AtlasChooseMeasure.aspx MP=0&Cou=373
2014-12-14 /ejn/AtlasSelection.aspx -
2014-12-14 /ejn/AtlasAuthorityData.aspx Id=4146
2014-12-14 /ejn/AtlasAuthorityData.aspx Id=4146
2014-12-14 /ejn/AtlasChooseCountry.aspx Type=1
2014-12-14 /ejn/EJN_AtlasAdvanced.aspx -
2014-12-14 /EAW_atlas.aspx -
2014-12-14 /ejn/ -
2014-12-14 /ejn/AtlasChooseMeasure.aspx MP=0&Cou=314
2014-12-14 /ejn/AtlasSelection.aspx -
2014-12-14 /ejn/AtlasChooseAuthority.aspx -
2014-12-14 /ejn/AtlasChooseMeasure.aspx MP=0&Cou=337
2014-12-14 /ejn/AtlasSelection.aspx -
2014-12-14 /ejn/AtlasAuthorityData.aspx Id=3183
2014-12-14 /ejn/ -
2014-12-14 /ejn/EJN_AtlasAdvanced.aspx -
2014-12-14 /ejn/EJN_Home.aspx -
2014-12-14 /ejn/EJN_Home.aspx -
2014-12-14 /ejn/AtlasChooseMeasure.aspx MP=0&Cou=354
2014-12-14 /ejn/AtlasChooseMeasure.aspx MP=0&Cou=277
2014-12-14 /ejn/AtlasChooseMeasure.aspx MP=0&Cou=337
2014-12-14 /ejn/EJN_FichesBelgesResult.aspx measure=705&country=337&other=-1
2014-12-14 /ejn/AtlasAuthorityData.aspx Id=4146
2014-12-14 /ejn/EJN_Error.aspx -
2014-12-14 /ejn/EJN_StaticPage.aspx Bread=11
2014-12-14 /ejn/AtlasChooseCountry.aspx Type=2
2014-12-14 /ejn/EJN_Compendium.aspx -
2014-12-14 /ejn/EJN_Home.aspx -
2014-12-14 /ejn/AtlasChooseMeasure.aspx MP=1&Cou=UK&Type=2
2014-12-14 /ejn/AtlasChooseMeasure.aspx MP=0&Cou=277
2014-12-14 /ejn/AtlasChooseMeasure.aspx MP=1&Cou=UK&Type=2
2014-12-14 /ejn/EJN_FichesBelgesResult.aspx measure=708&country=395&other=-1
2014-12-14 /ejn/EJN_Home.aspx -
2014-12-14 /ejn/AtlasChooseMeasure.aspx MP=1&Cou=UK&Type=2
2014-12-14 /ejn/AtlasSelection.aspx -
2014-12-14 /ejn/AtlasSelection.aspx -
2014-12-14 /ejn/AtlasSelection.aspx -
2014-12-14 /ejn/AtlasAuthorityData.aspx Id=2589
2014-12-14 /ejn/AtlasAuthorityData.aspx Id=2589
2014-12-14 /ejn/AtlasSelection.aspx Option=AuthorityType
2014-12-14 /ejn/AtlasSelection.aspx Option=AuthorityType
2014-12-14 /ejn/AtlasSelection.aspx Option=AuthorityType
2014-12-14 /ejn/AtlasAuthorityData.aspx Id=2588
2014-12-14 /ejn/AtlasAuthorityData.aspx Id=2588
2014-12-14 /ejn/AtlasAuthorityData.aspx Id=2588
2014-12-14 /ejn/AtlasAuthorityData.aspx Id=2588
2014-12-14 /ejn/EJN_Compendium.aspx authId=2588
2014-12-14 /ejn/ctrls.compendium/IframeEngine.aspx -
2014-12-14 /ejn/ctrls.compendium/iframeEngine.aspx remoteFunction=getAuthority&Id=2588&callback=loadRequestedAuth_cb
2014-12-14 /ejn/AtlasChooseMeasure.aspx MP=0&Cou=373
2014-12-14 /ejn/AtlasChooseMeasure.aspx MP=0&Cou=373
2014-12-14 /ejn/EJN_FichesBelgesResult.aspx measure=202&country=373&other=-1
2014-12-14 /ejn/AtlasChooseCountry.aspx -
2014-12-14 /ejn/EJN_Home.aspx -
2014-12-14 /ejn/AtlasChooseCountry.aspx Type=2
2014-12-14 /ejn/AtlasChooseMeasure.aspx MP=1&Cou=FR
2014-12-14 /ejn/AtlasChooseMeasure.aspx MP=1&Cou=FR
2014-12-14 /ejn/AtlasChooseMeasure.aspx Mp=1&Cou=ES&Type=2
2014-12-14 /ejn/AtlasChooseMeasure.aspx Mp=1&Cou=ES&Type=2
2014-12-14 /ejn/AtlasChooseMeasure.aspx Mp=1&Cou=ES&Type=2
2014-12-14 /ejn/AtlasChooseMeasure.aspx Mp=1&Cou=ES&Type=2
2014-12-14 /ejn/AtlasSelection.aspx -
2014-12-14 /ejn/libshowdocument.aspx Id=221&Lang=FI
2014-12-14 /ejn/AtlasSelection.aspx -
2014-12-14 /ejn/ -
2014-12-14 /ejn/AtlasSelection.aspx -
2014-12-14 /ejn/AtlasAuthorityData.aspx Id=4146
2014-12-14 /ejn/EJN_FichesBelgesResult.aspx measure=202&country=373&other=-1
2014-12-14 /ejn/AtlasSelection.aspx -
2014-12-14 /ejn/AtlasSelection.aspx -
2014-12-14 /ejn/AtlasSelection.aspx -
2014-12-14 /ejn/AtlasSelection.aspx -
2014-12-14 /ejn/ -
2014-12-14 /ejn/AtlasSelection.aspx -
2014-12-14 /ejn/AtlasSelection.aspx -
2014-12-14 /ejn/ -
2014-12-14 /ejn/ -
2014-12-14 /ejn/AtlasChooseAuthority.aspx -
2014-12-14 /ejn/libshowdocument.aspx Id=95&Lang=DK
2014-12-14 /ejn/AtlasChooseAuthority.aspx -
2014-12-14 /ejn/AtlasChooseAuthority.aspx -
2014-12-14 /ejn/AtlasAuthorityData.aspx Id=3181
2014-12-14 /ejn/AtlasChooseMeasure.aspx MP=0&Cou=373
2014-12-14 /ejn/AtlasChooseCountry.aspx Type=2
2014-12-14 /ejn/AtlasChooseMeasure.aspx MP=0&Cou=230
2014-12-14 /ejn/EJN_Home.aspx -
2014-12-14 /ejn/EJN_QuickLinks.aspx id=25
2014-12-14 /ejn/AtlasChooseCountry.aspx Type=2
2014-12-14 /ejn/AtlasChooseMeasure.aspx MP=0&Cou=373
2014-12-14 /ejn/AtlasChooseMeasure.aspx MP=0&Cou=373
2014-12-14 /ejn/AtlasChooseMeasure.aspx MP=0&Cou=373
2014-12-14 /ejn/AtlasChooseMeasure.aspx MP=0&Cou=373
2014-12-14 /ejn/EJN_Compendium.aspx authId=2588
2014-12-14 /ejn/ctrls.compendium/IframeEngine.aspx -
2014-12-14 /ejn/ctrls.compendium/iframeEngine.aspx remoteFunction=getAuthority&Id=2588&callback=loadRequestedAuth_cb
2014-12-14 /ejn/EJN_Compendium.aspx authId=2588
2014-12-14 /ejn/ctrls.compendium/IframeEngine.aspx -
2014-12-14 /ejn/ctrls.compendium/iframeEngine.aspx remoteFunction=getAuthority&Id=2588&callback=loadRequestedAuth_cb
2014-12-14 /ejn/AtlasChooseCountry.aspx Type=2
2014-12-14 /ejn/AtlasAuthorityData.aspx Id=2588
2014-12-14 /ejn/AtlasSelection.aspx Option=AuthorityType
2014-12-14 /ejn/AtlasSelection.aspx Option=AuthorityType
2014-12-14 /ejn/AtlasChooseMeasure.aspx MP=0&Cou=395
2014-12-14 /ejn/AtlasChooseMeasure.aspx MP=0&Cou=395
2014-12-14 /ejn/AtlasChooseCountry.aspx Type=2
2014-12-14 /ejn/AtlasChooseMeasure.aspx MP=0&Cou=373
2014-12-14 /ejn/AtlasChooseMeasure.aspx MP=0&Cou=395
2014-12-14 /ejn/AtlasChooseMeasure.aspx MP=0&Cou=395
2014-12-14 /ejn/AtlasChooseCountry.aspx Type=2
2014-12-14 /ejn/AtlasChooseCountry.aspx Type=2
2014-12-14 /ejn/sitemap.aspx -
2014-12-14 /ejn/libcategories.aspx Id=32
2014-12-14 /ejn/libdocumentproperties.aspx Id=18
2014-12-14 /ejn/EJN_Login.aspx -
2014-12-14 /ejn/libdocumentproperties.aspx Id=459
2014-12-14 /ejn/EJN_Home.aspx -
2014-12-14 /ejn/AtlasChooseCountry.aspx Type=2
2014-12-14 /ejn/libdocumentproperties.aspx Id=162
2014-12-14 /ejn/AtlasChooseCountry.aspx Type=2
2014-12-14 /ejn/ -
2014-12-14 /ejn/EJN_FichesBelges.aspx -
2014-12-14 /ejn/EJN_FichesBelges.aspx -
2014-12-14 /ejn/EJN_FichesBelges.aspx -
2014-12-14 /ejn/EJN_FichesBelges.aspx -
2014-12-14 /ejn/EJN_FichesBelgesTable.aspx -
2014-12-14 /ejn/libcategories.aspx Id=5
2014-12-14 /ejn/libshowdocument.aspx Id=388&Lang=EN
2014-12-14 /ejn/libdocumentproperties.aspx Id=977
2014-12-14 /ejn/EJN_FichesBelges.aspx -
2014-12-14 /ejn/AtlasChooseCountry.aspx Type=2
2014-12-14 /ejn/AtlasChooseMeasure.aspx MP=0&Cou=373
2014-12-14 /ejn/AtlasChooseMeasure.aspx MP=0&Cou=373
2014-12-14 /ejn/EJN_Home.aspx -
2014-12-14 /ejn/EJN_FichesBelgesResult.aspx measure=701&country=373&other=-1
2014-12-14 /ejn/EJN_FichesBelgesResult.aspx measure=702&country=373&other=-1
2014-12-14 /ejn/EJN_FichesBelgesResult.aspx measure=703&country=373&other=-1
2014-12-14 /ejn/EJN_AtlasAdvanced.aspx -
2014-12-14 /ejn/EJN_QuickLinks.aspx id=23
2014-12-14 /ejn/EJN_QuickLinks.aspx id=23
2014-12-14 /ejn/EJN_InfoAbout.aspx Id=337
2014-12-14 /ejn/EJN_ContactPoints.aspx -
2014-12-14 /ejn/EJN_QuickLinks.aspx id=23
2014-12-14 /ejn/EJN_ContactPoints.aspx -
2014-12-14 /ejn/libdocumentproperties.aspx Id=1333
2014-12-14 /ejn/libshowdocument.aspx Id=95&Lang=BG
2014-12-14 /ejn/EJN_Home.aspx -
2014-12-14 /ejn/EJN_Home.aspx -
2014-12-14 /ejn/ -
2014-12-14 /ejn/ -
2014-12-14 /ejn/AtlasChooseCountry.aspx Type=1
2014-12-14 /ejn/AtlasChooseMeasure.aspx MP=0&Cou=373
2014-12-14 /ejn/AtlasSelection.aspx -
2014-12-14 /ejn/AtlasAuthorityData.aspx Id=4146
2014-12-14 /ejn/EJN_StaticPage.aspx Bread=35
2014-12-14 /ejn/EJN_Home.aspx -
2014-12-14 /ejn/EJN_Home.aspx -
2014-12-14 /ejn/AtlasAuthorityData.aspx Id=4146
2014-12-14 /ejn/AtlasAuthorityData.aspx Id=4146
2014-12-14 /ejn/AtlasAuthorityData.aspx Id=4146
2014-12-14 /ejn/EJN_StaticPage.aspx Bread=10
2014-12-14 /ejn/AtlasAuthorityData.aspx Id=4146
2014-12-14 /ejn/AtlasAuthorityData.aspx Id=4146
2014-12-14 /ejn/AtlasAuthorityData.aspx Id=4146
2014-12-14 /ejn/AtlasChooseCountry.aspx Type=1
2014-12-14 /ejn/EJN_Home.aspx -
2014-12-14 /ejn/AtlasChooseMeasure.aspx MP=0&Cou=337
2014-12-14 /ejn/AtlasSelection.aspx -
2014-12-14 /ejn/AtlasAuthorityData.aspx Id=3183
2014-12-14 /ejn/libdocumentproperties.aspx Id=1406
2014-12-14 /ejn/EJN_StaticPage.aspx Bread=12
2014-12-14 /ejn/EJN_InfoAbout.aspx Id=295
2014-12-14 /ejn/AtlasAuthorityData.aspx Id=3183
2014-12-14 /ejn/AtlasAuthorityData.aspx Id=3183
2014-12-14 /ejn/AtlasAuthorityData.aspx Id=3183
2014-12-14 /ejn/AtlasChooseCountry.aspx Type=1
2014-12-14 /ejn/AtlasChooseMeasure.aspx MP=0&Cou=295
2014-12-14 /ejn/AtlasSelection.aspx -
2014-12-14 /ejn/AtlasSelection.aspx -
2014-12-14 /ejn/AtlasSelection.aspx -
2014-12-14 /ejn/AtlasAuthorityData.aspx Id=5311
2014-12-14 /ejn/ejn_infoabout.aspx -
2014-12-14 /ejn/EJN_Home.aspx -
2014-12-14 /ejn/AtlasAuthorityData.aspx Id=5311
2014-12-14 /ejn/AtlasAuthorityData.aspx Id=5311
2014-12-14 /ejn/AtlasChooseCountry.aspx Type=1
2014-12-14 /ejn/AtlasChooseMeasure.aspx MP=0&Cou=373
2014-12-14 /ejn/AtlasSelection.aspx -
2014-12-14 /ejn/AtlasAuthorityData.aspx Id=4146
2014-12-14 /ejn/AtlasAuthorityData.aspx Id=4146
2014-12-14 /ejn/AtlasChooseCountry.aspx Type=1
2014-12-14 /ejn/AtlasAuthorityData.aspx Id=4146
2014-12-14 /ejn/EJN_StaticPage.aspx Bread=11
2014-12-14 /ejn/libcategories.aspx Id=32
2014-12-14 /ejn/libdocumentproperties.aspx Id=634
2014-12-14 /ejn/libdocumentproperties.aspx Id=634
2014-12-14 /ejn/EJN_AtlasAdvanced.aspx -
2014-12-14 /ejn/libcategories.aspx Id=32
2014-12-14 /ejn/libcategories.aspx Id=36
2014-12-14 /ejn/EJN_Home.aspx -
2014-12-14 /ejn/sitemap.aspx -
2014-12-14 /ejn/EJN_Home.aspx -
2014-12-14 /ejn/libdocumentproperties.aspx Id=621
2014-12-14 /ejn/libdocumentproperties.aspx Id=621
2014-12-14 /ejn/AtlasChooseCountry.aspx Type=2
2014-12-14 /ejn/libdocumentproperties.aspx Id=634
2014-12-14 /ejn/libcategories.aspx Id=32
2014-12-14 /ejn/libcategories.aspx Id=19
2014-12-14 /ejn/libcategories.aspx Id=21
2014-12-14 /ejn/libcategories.aspx Id=32
2014-12-14 /ejn/libdocumentproperties.aspx Id=1333
2014-12-14 /ejn/libcategories.aspx Id=5
2014-12-14 /ejn/libshowdocument.aspx Id=388&Lang=ES
2014-12-14 /ejn/EJN_Home.aspx -
2014-12-14 /ejn/libshowdocument.aspx Id=388&Lang=IT
2014-12-14 /ejn/libshowdocument.aspx Id=1233&Lang=SL
2014-12-14 /ejn/libshowdocument.aspx Id=1122&Lang=ES
2014-12-14 /ejn/libshowdocument.aspx Id=1217&Lang=SL
2014-12-14 /ejn/libshowdocument.aspx Id=1097&Lang=ES
2014-12-14 /ejn/EJN_Home.aspx -
2014-12-14 /ejn/EJN_Home.aspx -
2014-12-14 /ejn/Events.aspx event=263
2014-12-14 /ejn/EJN_Home.aspx -
2014-12-14 /ejn/libdocumentproperties.aspx Id=1114
2014-12-14 /ejn/libdocumentproperties.aspx Id=1114
2014-12-14 /ejn/libdocumentproperties.aspx Id=1113
2014-12-14 /ejn/libdocumentproperties.aspx Id=1113
2014-12-14 /ejn/libdocumentproperties.aspx Id=571
2014-12-14 /ejn/libdocumentproperties.aspx Id=571
2014-12-14 /ejn/EJN_Home.aspx -
2014-12-14 /ejn/libdocumentproperties.aspx Id=1097
2014-12-14 /ejn/EJN_Home.aspx -
2014-12-14 /ejn/EJN_AtlasAdvanced.aspx -
2014-12-14 /ejn/libdocumentproperties.aspx Id=1097
2014-12-14 /ejn/EJN_AtlasAdvanced.aspx -
2014-12-14 /ejn/ -
2014-12-14 /ejn/ -
2014-12-14 /ejn/libdocumentproperties.aspx Id=1122
2014-12-14 /ejn/libdocumentproperties.aspx Id=1122
2014-12-14 /ejn/libshowdocument.aspx Id=1499&Lang=ES
2014-12-14 /ejn/EJN_Home.aspx -
2014-12-14 /ejn/ -
2014-12-14 /ejn/EJN_AtlasAdvanced.aspx -
2014-12-14 /ejn/libshowdocument.aspx Id=390&Lang=ES
2014-12-14 /ejn/libcategories.aspx Id=8
2014-12-14 /ejn/libdocumentproperties.aspx Id=1061
2014-12-14 /ejn/ -
2014-12-14 /ejn/libdocumentproperties.aspx Id=1061
2014-12-14 /ejn/EJN_AtlasAdvanced.aspx -
2014-12-14 /ejn/EJN_AtlasAdvanced.aspx -
2014-12-14 /ejn/ -
2014-12-14 /ejn/ -
2014-12-14 /ejn/EJN_Home.aspx -
2014-12-14 /ejn/ -
2014-12-14 /ejn/EJN_Home.aspx -
2014-12-14 /ejn/EJN_Home.aspx -
2014-12-14 /ejn/NewsDetail.aspx id=313&Ori=H
2014-12-14 /ejn/EJN_Home.aspx -
2014-12-14 /ejn/EJN_AtlasAdvanced.aspx -
2014-12-14 /ejn/Events.aspx event=123
2014-12-14 /ejn/EJN_Home.aspx -
2014-12-14 /ejn/EJN_Home.aspx -
2014-12-14 /ejn/EJN_StaticPage.aspx Bread=5
2014-12-14 /ejn/EJN_Home.aspx -
2014-12-14 /ejn/ -
2014-12-14 /ejn/ -
2014-12-14 /ejn/AtlasChooseMeasure.aspx MP=1&Cou=UK&Type=2
2014-12-14 /ejn/EJN_AtlasAdvanced.aspx -
2014-12-14 /ejn/ -
2014-12-14 /ejn/EJN_Search.aspx -
2014-12-14 /ejn/EJN_Search.aspx -
2014-12-14 /ejn/EJN_Search.aspx ++Culture:FRSessionId:nqmnhyltzmupx5voekftr2q1Date_Time:21:48
2014-12-14 /ejn/EJN_Search.aspx -
2014-12-14 /ejn/EJN_Search.aspx -
2014-12-14 /ejn/EJN_Home.aspx -
2014-12-14 /ejn/ -
2014-12-14 /ejn/ -
2014-12-14 /ejn/ -
2014-12-14 /ejn/EJN_InfoAbout.aspx Id=435
2014-12-14 /ejn/libcategories.aspx Id=34
2014-12-14 /ejn/AtlasChooseCountry.aspx -
2014-12-14 /ejn/EJN_Home.aspx -
2014-12-14 /ejn/EJN_Compendium.aspx -
2014-12-14 /ejn/ -
2014-12-14 /ejn/ctrls.compendium/IframeEngine.aspx -
2014-12-14 /ejn/EJN_InfoAbout.aspx Id=435
2014-12-14 /ejn/AtlasChooseCountry.aspx Type=2
2014-12-14 /ejn/AtlasChooseMeasure.aspx MP=1&Cou=IT
2014-12-14 /ejn/EJN_StaticPage.aspx Bread=2
2014-12-14 /ejn/AtlasChooseMeasure.aspx MP=1&Cou=IT
2014-12-14 /ejn/ -
2014-12-14 /ejn/AtlasChooseMeasure.aspx MP=1&Cou=IT
2014-12-14 /ejn/EJN_Home.aspx -
2014-12-14 /ejn/AtlasChooseMeasure.aspx MP=1&Cou=IT
2014-12-14 /ejn/AtlasSelection.aspx -
2014-12-14 /ejn/AtlasChooseAuthority.aspx -
2014-12-14 /ejn/AtlasChooseAuthority.aspx -
2014-12-14 /ejn/AtlasChooseAuthority.aspx -
2014-12-14 /ejn/AtlasChooseMeasure.aspx MP=1&Cou=IT
2014-12-14 /ejn/AtlasChooseMeasure.aspx MP=1&Cou=IT++Culture:ESSessionId:wxplqr0qknxttvagiiy2bkprDate_Time:22:09
2014-12-14 /ejn/AtlasChooseMeasure.aspx MP=1&Cou=IT
2014-12-14 /ejn/AtlasChooseMeasure.aspx MP=1&Cou=IT
2014-12-14 /ejn/EJN_FichesBelgesResult.aspx measure=713&country=295&other=-1
2014-12-14 /ejn/AtlasChooseCountry.aspx -
2014-12-14 /ejn/AtlasChooseMeasure.aspx MP=1&Cou=FR
2014-12-14 /ejn/AtlasChooseMeasure.aspx MP=1&Cou=FR
2014-12-14 /ejn/AtlasChooseMeasure.aspx MP=1&Cou=FR
2014-12-14 /ejn/AtlasChooseMeasure.aspx MP=1&Cou=FR
2014-12-14 /ejn/AtlasChooseCountry.aspx Type=2
2014-12-14 /ejn/EJN_FichesBelges.aspx -
2014-12-14 /ejn/EJN_FichesBelges.aspx -
2014-12-14 /ejn/EJN_FichesBelges.aspx -
2014-12-14 /ejn/EJN_FichesBelges.aspx -
2014-12-14 /ejn/EJN_FichesBelgesResult.aspx measure=901&country=273&other=373
2014-12-14 /ejn/AtlasChooseCountry.aspx -
2014-12-14 /ejn/EJN_Home.aspx -
2014-12-14 /ejn/AtlasChooseCountry.aspx Type=1
2014-12-14 /ejn/AtlasChooseMeasure.aspx MP=1&Cou=FR
2014-12-14 /ejn/AtlasSelection.aspx -
2014-12-14 /ejn/AtlasSelection.aspx -
2014-12-14 /ejn/AtlasSelection.aspx -
2014-12-14 /ejn/AtlasChooseAuthority.aspx -
2014-12-14 /ejn/AtlasSelection.aspx -
2014-12-14 /ejn/EJN_StaticPage.aspx Bread=12
2014-12-14 /ejn/EJN_StaticPage.aspx Bread=12
2014-12-14 /ejn/EJN_Home.aspx -
2014-12-14 /ejn/ -
2014-12-14 /ejn/EJN_AtlasAdvanced.aspx -
2014-12-14 /ejn/ -
2014-12-14 /ejn/libshowdocument.aspx Id=16&Lang=RO
2014-12-14 /ejn/libshowdocument.aspx Id=16&Lang=RO
2014-12-14 /ejn/ -
2014-12-14 /ejn/EJN_AtlasAdvanced.aspx -
2014-12-14 /ejn/libshowdocument.aspx Id=222&Lang=SV
2014-12-14 /ejn/ -
2014-12-14 /ejn/EJN_Home.aspx -
2014-12-14 /ejn/EJN_Home.aspx -
2014-12-14 /ejn/EJN_Home.aspx -
2014-12-14 /ejn/EJN_Home.aspx -
2014-12-14 /ejn/ -
2014-12-14 /ejn/AtlasChooseCountry.aspx Type=2
2014-12-14 /ejn/AtlasChooseCountry.aspx Type=2
2014-12-14 /ejn/AtlasChooseMeasure.aspx MP=0&Cou=230
2014-12-14 /ejn/AtlasChooseMeasure.aspx MP=0&Cou=230
2014-12-14 /ejn/AtlasChooseMeasure.aspx MP=0&Cou=230
2014-12-14 /ejn/AtlasChooseMeasure.aspx MP=0&Cou=230
2014-12-14 /ejn/AtlasSelection.aspx -
2014-12-14 /ejn/AtlasChooseAuthority.aspx -
2014-12-14 /ejn/AtlasChooseAuthority.aspx/GetLocations -
2014-12-14 /ejn/AtlasChooseAuthority.aspx -
2014-12-14 /ejn/AtlasAuthorityData.aspx Id=4536
2014-12-14 /ejn/ -
2014-12-14 /ejn/EJN_Search.aspx -
2014-12-14 /ejn/EJN_Home.aspx -
2014-12-14 /ejn/AtlasChooseCountry.aspx Type=2
2014-12-14 /ejn/AtlasChooseMeasure.aspx MP=1&Cou=ES
2014-12-14 /ejn/AtlasChooseMeasure.aspx MP=1&Cou=ES
2014-12-14 /ejn/AtlasChooseMeasure.aspx MP=1&Cou=ES
2014-12-14 /ejn/AtlasSelection.aspx -
2014-12-14 /ejn/AtlasSelection.aspx -
2014-12-14 /ejn/AtlasSelection.aspx -
2014-12-14 /ejn/EJN_AtlasAdvanced.aspx -
2014-12-14 /ejn/AtlasSelection.aspx -
2014-12-14 /ejn/AtlasSelection.aspx -
2014-12-14 /ejn/AtlasChooseAuthority.aspx -
2014-12-14 /ejn/AtlasChooseAuthority.aspx -
2014-12-14 /ejn/AtlasChooseAuthority.aspx -
2014-12-14 /ejn/AtlasAuthorityData.aspx Id=3181
2014-12-14 /ejn/ -
2014-12-14 /ejn/ ++Culture:ESSessionId:fkpoytvbqfyzsldlkgcequpbDate_Time:22:44
2014-12-14 /ejn/EJN_StaticPage.aspx Bread=11
2014-12-14 /ejn/AtlasChooseCountry.aspx Type=2
2014-12-14 /ejn/AtlasChooseMeasure.aspx MP=1&Cou=IT
2014-12-14 /ejn/AtlasChooseMeasure.aspx MP=1&Cou=IT
2014-12-14 /ejn/AtlasChooseMeasure.aspx MP=1&Cou=IT
2014-12-14 /ejn/AtlasSelection.aspx -
2014-12-14 /ejn/AtlasChooseAuthority.aspx -
2014-12-14 /ejn/AtlasChooseAuthority.aspx -
2014-12-14 /ejn/AtlasChooseAuthority.aspx -
2014-12-14 /ejn/AtlasAuthorityData.aspx Id=4797
2014-12-14 /ejn/AtlasChooseAuthority.aspx -
2014-12-14 /ejn/EJN_Home.aspx -
2014-12-14 /ejn/AtlasChooseCountry.aspx Type=2
2014-12-14 /ejn/EJN_FichesBelges.aspx -
2014-12-14 /ejn/EJN_FichesBelges.aspx -
2014-12-14 /ejn/AtlasChooseMeasure.aspx MP=1&Cou=IT
2014-12-14 /ejn/AtlasChooseMeasure.aspx MP=1&Cou=IT
2014-12-14 /ejn/EJN_FichesBelges.aspx -
2014-12-14 /ejn/AtlasChooseMeasure.aspx MP=1&Cou=IT
2014-12-14 /ejn/AtlasChooseMeasure.aspx MP=1&Cou=IT
2014-12-14 /ejn/AtlasSelection.aspx -
2014-12-14 /ejn/AtlasChooseAuthority.aspx -
2014-12-14 /ejn/AtlasChooseAuthority.aspx -
2014-12-14 /ejn/AtlasChooseAuthority.aspx -
2014-12-14 /ejn/AtlasAuthorityData.aspx Id=4797
2014-12-14 /ejn/EJN_FichesBelges.aspx -
2014-12-14 /ejn/EJN_FichesBelges.aspx -
2014-12-14 /ejn/EJN_FichesBelges.aspx -
2014-12-14 /ejn/EJN_FichesBelges.aspx -
2014-12-14 /ejn/EJN_FichesBelgesResult.aspx measure=101&country=373&other=295
2014-12-14 /ejn/EJN_Home.aspx -
2014-12-14 /ejn/EJN_FichesBelges.aspx -
2014-12-14 /ejn/EJN_Home.aspx -
2014-12-14 /ejn/EJN_QuickLinks.aspx -
2014-12-14 /ejn/EJN_QuickLinks.aspx Id=25
2014-12-14 /ejn/AtlasChooseCountry.aspx Type=2
2014-12-14 /ejn/AtlasChooseMeasure.aspx MP=1&Cou=IT
2014-12-14 /ejn/AtlasChooseMeasure.aspx MP=1&Cou=IT
2014-12-14 /ejn/EJN_FichesBelgesResult.aspx measure=101&country=295&other=-1
2014-12-14 /ejn/EJN_Home.aspx -
2014-12-14 /ejn/EJN_StaticPage.aspx Bread=16
2014-12-14 /ejn/EJN_StaticPage.aspx Bread=16
2014-12-14 /ejn/ -
2014-12-14 /ejn/EJN_Home.aspx -
2014-12-14 /ejn/EJN_AtlasAdvanced.aspx -
2014-12-14 /ejn/EJN_AtlasAdvanced.aspx -
2014-12-14 /ejn/ -
2014-12-14 /ejn/EJN_Home.aspx -
2014-12-14 /ejn/EJN_Home.aspx -
2014-12-14 /ejn/EJN_Home.aspx -
2014-12-14 /ejn/EJN_Home.aspx -
2014-12-14 /ejn/ -
2014-12-14 /ejn/ejn_guidevisit.aspx -
2014-12-14 /ejn/ejn_guidevisit.aspx -
2014-12-14 /ejn/libshowdocument.aspx Id=13&Lang=HU
2014-12-14 /ejn/ -
2014-12-14 /ejn/AtlasChooseMeasure.aspx Mp=1&Cou=IT&Type=2
2014-12-14 /ejn/AtlasChooseMeasure.aspx Mp=1&Cou=IT&Type=2
2014-12-14 /ejn/AtlasChooseMeasure.aspx Mp=1&Cou=IT&Type=2
2014-12-14 /ejn/AtlasChooseMeasure.aspx Mp=1&Cou=IT&Type=2
2014-12-14 /ejn/EJN_FichesBelgesResult.aspx measure=711&country=295&other=-1
2014-12-14 /ejn/EJN_Home.aspx -
2014-12-14 /ejn/ -
2014-12-14 /ejn/EJN_Home.aspx -
2014-12-14 /ejn/EJN_Home.aspx -
2014-12-14 /ejn/EJN_EAWWizard.aspx -
2014-12-14 /ejn/ctrls.eawwizard/IframeEngine.aspx -
2014-12-14 /ejn/EJN_EAWWizard.aspx -
2014-12-14 /ejn/ctrls.eawwizard/IframeEngine.aspx -
2014-12-14 /ejn/EJN_Home.aspx -
2014-12-14 /ejn/EJN_EAWWizard.aspx -
2014-12-14 /ejn/ctrls.eawwizard/IframeEngine.aspx -
2014-12-14 /ejn/EJN_StaticPage.aspx Bread=12
2014-12-14 /ejn/libshowdocument.aspx Id=1&Lang=EN
2014-12-14 /ejn/EJN_Home.aspx -
2014-12-14 /ejn/EJN_AtlasAdvanced.aspx -
2014-12-14 /ejn/ -
2014-12-14 /ejn/EJN_Home.aspx -
2014-12-14 /ejn/ -
2014-12-14 /ejn/EJN_Home.aspx -
2014-12-14 /ejn/EJN_Home.aspx -
2014-12-14 /ejn/EJN_Home.aspx -
2014-12-14 /ejn/EJN_Home.aspx -
2014-12-14 /ejn/EJN_Home.aspx -
2014-12-14 /ejn/EJN_Home.aspx -
2014-12-14 /ejn/EJN_Home.aspx -
2014-12-14 /ejn/EJN_AtlasAdvanced.aspx -
2014-12-14 /ejn/EJN_Home.aspx -
2014-12-14 /ejn/EJN_Home.aspx -
2014-12-14 /ejn/EJN_Home.aspx -
2014-12-14 /ejn/EJN_Home.aspx -
2014-12-14 /ejn/EJN_Home.aspx -
2014-12-14 /ejn/EJN_Home.aspx -
2014-12-14 /ejn/EJN_StaticPage.aspx Bread=2
2014-12-14 /ejn/EJN_Home.aspx -
2014-12-14 /ejn/EJN_Home.aspx -
2014-12-14 /ejn/EJN_Home.aspx -
2014-12-14 /ejn/ -
2014-12-14 /ejn/EJN_Home.aspx -
2014-12-14 /ejn/EJN_Home.aspx -
2014-12-14 /ejn/EJN_Home.aspx -
2014-12-14 /ejn/EJN_AtlasAdvanced.aspx -
2014-12-14 /ejn/EJN_InfoAbout.aspx Id=342
2014-12-14 /ejn/EJN_Home.aspx -
2014-12-14 /ejn/EJN_Home.aspx -
2014-12-14 /ejn/NewsDetail.aspx id=312&Ori=H
