2015-01-18 /ejn/ -
2015-01-18 /ejn/ ++Culture:ESSessionId:ey2rlxwevpagpprwe5jnffrbDate_Time:1:06
2015-01-18 /ejn/EJN_StaticPage.aspx Bread=23
2015-01-18 /ejn/EJN_AtlasAdvanced.aspx -
2015-01-18 /ejn/ -
2015-01-18 /ejn/EJN_Home.aspx -
2015-01-18 /ejn/EJN_Home.aspx -
2015-01-18 /ejn/EJN_Home.aspx -
2015-01-18 /ejn/ -
2015-01-18 /ejn/ejn_home.aspx -
2015-01-18 /ejn/EJN_AtlasAdvanced.aspx -
2015-01-18 /ejn/EJN_AtlasAdvanced.aspx -
2015-01-18 /ejn/ -
2015-01-18 /ejn/ -
2015-01-18 /ejn/EJN_AtlasAdvanced.aspx -
2015-01-18 /ejn/EJN_AtlasAdvanced.aspx -
2015-01-18 /ejn/ -
2015-01-18 /ejn/EJN_AtlasAdvanced.aspx -
2015-01-18 /ejn/ -
2015-01-18 /ejn/ -
2015-01-18 /ejn/EJN_AtlasAdvanced.aspx -
2015-01-18 /ejn/ -
2015-01-18 /ejn/ -
2015-01-18 /ejn/EJN_Home.aspx -
2015-01-18 /ejn/EJN_Home.aspx -
2015-01-18 /ejn/EJN_AtlasAdvanced.aspx -
2015-01-18 /ejn/EJN_AtlasAdvanced.aspx -
2015-01-18 /ejn/ -
2015-01-18 /ejn/ -
2015-01-18 /ejn/EJN_AtlasAdvanced.aspx -
2015-01-18 /ejn/ -
2015-01-18 /ejn/EJN_Secretariat.aspx -
2015-01-18 /ejn/EJN_Home.aspx -
2015-01-18 /ejn/ -
2015-01-18 /ejn/ -
2015-01-18 /ejn/EJN_AtlasAdvanced.aspx -
2015-01-18 /ejn/ -
2015-01-18 /ejn/EJN_AtlasAdvanced.aspx -
2015-01-18 /ejn/ -
2015-01-18 /ejn/EJN_AtlasAdvanced.aspx -
2015-01-18 /ejn/ -
2015-01-18 /ejn/Events.aspx event=110
2015-01-18 /ejn/EJN_Home.aspx -
2015-01-18 /ejn/ -
2015-01-18 /ejn/ -
2015-01-18 /ejn/EJN_AtlasAdvanced.aspx -
2015-01-18 /ejn/ -
2015-01-18 /ejn/EJN_StaticPage.aspx Bread=17
2015-01-18 /ejn/ -
2015-01-18 /ejn/EJN_Home.aspx -
2015-01-18 /ejn/ -
2015-01-18 /ejn/EJN_Faqs.aspx -
2015-01-18 /ejn/ -
2015-01-18 /ejn/ejn_home.aspx -
2015-01-18 /ejn/EJN_Search.aspx -
2015-01-18 /ejn/sitemap.aspx -
2015-01-18 /ejn/EJN_StaticPage.aspx Bread=4
2015-01-18 /ejn/EJN_StaticPage.aspx Bread=7
2015-01-18 /ejn/EJN_StaticPage.aspx Bread=8
2015-01-18 /ejn/EJN_ContactUs.aspx &KeepThis=true&TB_iframe=true&height=650&width=900
2015-01-18 /ejn/EJN_Home.aspx -
2015-01-18 /ejn/ -
2015-01-18 /ejn/EJN_StaticPage.aspx Bread=39
2015-01-18 /ejn/EJN_StaticPage.aspx Bread=9
2015-01-18 /ejn/libcategories.aspx Id=24
2015-01-18 /ejn/AtlasChooseMeasure.aspx MP=1&Cou=UK&Type=2
2015-01-18 /ejn/libcategories.aspx Id=34
2015-01-18 /ejn/libcategories.aspx Id=32
2015-01-18 /ejn/libcategories.aspx Id=25
2015-01-18 /ejn/EJN_StaticPage.aspx Bread=2
2015-01-18 /ejn/libcategories.aspx Id=14
2015-01-18 /ejn/EJN_StaticPage.aspx Bread=17
2015-01-18 /ejn/EJN_StaticPage.aspx Bread=16
2015-01-18 /ejn/EJN_StaticPage.aspx Bread=10
2015-01-18 /ejn/EJN_StaticPage.aspx Bread=27
2015-01-18 /ejn/Gallery.aspx -
2015-01-18 /ejn/EJN_Secretariat.aspx -
2015-01-18 /ejn/EJN_StaticPage.aspx Bread=14
2015-01-18 /ejn/EJN_StaticPage.aspx Bread=21
2015-01-18 /ejn/EJN_StaticPage.aspx Bread=28
2015-01-18 /ejn/EJN_StaticPage.aspx Bread=13
2015-01-18 /ejn/EJN_StaticPage.aspx Bread=35
2015-01-18 /ejn/EJN_StaticPage.aspx Bread=34
2015-01-18 /ejn/EJN_StaticPage.aspx Bread=24
2015-01-18 /ejn/EJN_StaticPage.aspx Bread=25
2015-01-18 /ejn/EJN_StaticPage.aspx Bread=32
2015-01-18 /ejn/EJN_StaticPage.aspx Bread=18
2015-01-18 /ejn/ -
2015-01-18 /ejn/EJN_StaticPage.aspx Bread=30
2015-01-18 /ejn/EJN_StaticPage.aspx Bread=31
2015-01-18 /ejn/EJN_StaticPage.aspx Bread=33
2015-01-18 /ejn/EJN_StaticPage.aspx Bread=20
2015-01-18 /ejn/EJN_StaticPage.aspx Bread=37
2015-01-18 /ejn/NewsDetail.aspx id=352&Ori=H
2015-01-18 /ejn/NewsDetail.aspx id=346&Ori=H
2015-01-18 /ejn/EJN_StaticPage.aspx Bread=22
2015-01-18 /ejn/EJN_StaticPage.aspx Bread=26
2015-01-18 /ejn/EJN_StaticPage.aspx Bread=23
2015-01-18 /ejn/EJN_StaticPage.aspx Bread=19
2015-01-18 /ejn/EJN_StaticPage.aspx Bread=36
2015-01-18 /ejn/EJN_StaticPage.aspx Bread=38
2015-01-18 /ejn/NewsDetail.aspx id=344&Ori=H
2015-01-18 /ejn/NewsAll.aspx Id=3
2015-01-18 /ejn/Events.aspx event=322
2015-01-18 /ejn/NewsAll.aspx Id=1
2015-01-18 /ejn/Events.aspx id=6
2015-01-18 /ejn/Events.aspx event=348
2015-01-18 /ejn/Events.aspx id=7
2015-01-18 /ejn/NewsDetail.aspx id=339&Ori=H
2015-01-18 /ejn/NewsAll.aspx Id=2
2015-01-18 /ejn/Events.aspx event=351
2015-01-18 /ejn/Events.aspx event=318
2015-01-18 /ejn/Events.aspx Id=6
2015-01-18 /ejn/EJN_SubscribeNewsLetter.aspx -
2015-01-18 /ejn/NewsAll.aspx -
2015-01-18 /ejn/NewsAll.aspx Id=4
2015-01-18 /ejn/NewsAll.aspx Id=5
2015-01-18 /ejn/Events.aspx -
2015-01-18 /ejn/Events.aspx Id=7
2015-01-18 /ejn/EJN_InfoAbout.aspx Id=269
2015-01-18 /ejn/EJN_InfoAbout.aspx Id=260
2015-01-18 /ejn/EJN_InfoAbout.aspx Id=258
2015-01-18 /ejn/EJN_InfoAbout.aspx Id=272
2015-01-18 /ejn/EJN_InfoAbout.aspx Id=432
2015-01-18 /ejn/EJN_InfoAbout.aspx Id=273
2015-01-18 /ejn/EJN_InfoAbout.aspx Id=223
2015-01-18 /ejn/EJN_InfoAbout.aspx Id=239
2015-01-18 /ejn/EJN_InfoAbout.aspx Id=259
2015-01-18 /ejn/EJN_InfoAbout.aspx Id=230
2015-01-18 /ejn/EJN_InfoAbout.aspx Id=321
2015-01-18 /ejn/EJN_InfoAbout.aspx Id=337
2015-01-18 /ejn/EJN_InfoAbout.aspx Id=314
2015-01-18 /ejn/EJN_InfoAbout.aspx Id=293
2015-01-18 /ejn/EJN_InfoAbout.aspx Id=287
2015-01-18 /ejn/EJN_InfoAbout.aspx Id=313
2015-01-18 /ejn/EJN_InfoAbout.aspx Id=279
2015-01-18 /ejn/EJN_InfoAbout.aspx Id=295
2015-01-18 /ejn/EJN_InfoAbout.aspx Id=277
2015-01-18 /ejn/EJN_InfoAbout.aspx Id=307
2015-01-18 /ejn/EJN_InfoAbout.aspx Id=215
2015-01-18 /ejn/EJN_InfoAbout.aspx Id=373
2015-01-18 /ejn/EJN_InfoAbout.aspx Id=378
2015-01-18 /ejn/EJN_InfoAbout.aspx Id=354
2015-01-18 /ejn/EJN_InfoAbout.aspx Id=352
2015-01-18 /ejn/EJN_InfoAbout.aspx Id=351
2015-01-18 /ejn/EJN_InfoAbout.aspx Id=435
2015-01-18 /ejn/EJN_InfoAbout.aspx Id=369
2015-01-18 /ejn/EJN_InfoAbout.aspx Id=395
2015-01-18 /ejn/EJN_InfoAbout.aspx Id=368
2015-01-18 /ejn/AtlasChooseCountry.aspx Type=2
2015-01-18 /ejn/EJN_InfoAbout.aspx Id=433
2015-01-18 /ejn/EJN_InfoAbout.aspx Id=430
2015-01-18 /ejn/EJN_Compendium.aspx -
2015-01-18 /ejn/EJN_StaticPage.aspx Bread=1
2015-01-18 /ejn/EJN_InfoAbout.aspx Id=342
2015-01-18 /ejn/EJN_InfoAbout.aspx Id=288
2015-01-18 /ejn/EJN_InfoAbout.aspx Id=364
2015-01-18 /ejn/EJN_InfoAbout.aspx Id=434
2015-01-18 /ejn/EJN_InfoAbout.aspx Id=389
2015-01-18 /ejn/EJN_QuickLinks.aspx id=23
2015-01-18 /ejn/EJN_StaticPage.aspx Bread=11
2015-01-18 /ejn/EJN_StaticPage.aspx Bread=12
2015-01-18 /ejn/EJN_StaticPage.aspx Bread=3
2015-01-18 /ejn/EJN_Login.aspx -
2015-01-18 /ejn/libcategories.aspx -
2015-01-18 /ejn/EJN_QuickLinks.aspx id=28
2015-01-18 /ejn/EJN_FichesBelges.aspx -
2015-01-18 /ejn/AtlasChooseCountry.aspx Type=1
2015-01-18 /ejn/EJN_EAWWizard.aspx -
2015-01-18 /ejn/EJN_Faqs.aspx cat=2
2015-01-18 /ejn/ejn_faqs.aspx -
2015-01-18 /ejn/EJN_Faqs.aspx cat=1
2015-01-18 /ejn/libcategories.aspx Id=2
2015-01-18 /ejn/EJN_QuickLinks.aspx id=26
2015-01-18 /ejn/EJN_StaticPage.aspx Bread=5
2015-01-18 /ejn/EJN_QuickLinks.aspx id=27
2015-01-18 /ejn/EJN_QuickLinks.aspx id=24
2015-01-18 /ejn/EJN_QuickLinks.aspx id=25
2015-01-18 /ejn/EJN_QuickLinks.aspx -
2015-01-18 /ejn/ejn_search.aspx -
2015-01-18 /ejn/ejn_staticpage.aspx Bread=39
2015-01-18 /ejn/ejn_staticpage.aspx Bread=4
2015-01-18 /ejn/ejn_staticpage.aspx Bread=9
2015-01-18 /ejn/libadvancedsearch.aspx -
2015-01-18 /ejn/libcategories.aspx id=1
2015-01-18 /ejn/ejn_staticpage.aspx Bread=7
2015-01-18 /ejn/ejn_staticpage.aspx Bread=8
2015-01-18 /ejn/libshowdocument.aspx Id=1&Lang=DK
2015-01-18 /ejn/libshowdocument.aspx Id=1&Lang=ES
2015-01-18 /ejn/libshowdocument.aspx Id=1&Lang=DE
2015-01-18 /ejn/libshowdocument.aspx Id=1&Lang=EN
2015-01-18 /ejn/libdocumentproperties.aspx Id=1
2015-01-18 /ejn/libshowdocument.aspx Id=1&Lang=EL
2015-01-18 /ejn/libshowdocument.aspx Id=1&Lang=ET
2015-01-18 /ejn/libshowdocument.aspx Id=1&Lang=CS
2015-01-18 /ejn/libshowdocument.aspx Id=1&Lang=BG
2015-01-18 /ejn/libshowdocument.aspx Id=1&Lang=LT
2015-01-18 /ejn/libshowdocument.aspx Id=1&Lang=IT
2015-01-18 /ejn/libshowdocument.aspx Id=1&Lang=NL
2015-01-18 /ejn/libshowdocument.aspx Id=1&Lang=FI
2015-01-18 /ejn/libshowdocument.aspx Id=1&Lang=FR
2015-01-18 /ejn/libshowdocument.aspx Id=1&Lang=MT
2015-01-18 /ejn/libshowdocument.aspx Id=1&Lang=PL
2015-01-18 /ejn/libshowdocument.aspx Id=1&Lang=HU
2015-01-18 /ejn/libshowdocument.aspx Id=1&Lang=LV
2015-01-18 /ejn/libshowdocument.aspx Id=1&Lang=HR
2015-01-18 /ejn/libshowdocument.aspx Id=1&Lang=SL
2015-01-18 /ejn/libdocumentproperties.aspx Id=3
2015-01-18 /ejn/libshowdocument.aspx Id=1&Lang=PT
2015-01-18 /ejn/libshowdocument.aspx Id=3&Lang=DK
2015-01-18 /ejn/libshowdocument.aspx Id=1&Lang=SV
2015-01-18 /ejn/libshowdocument.aspx Id=3&Lang=CS
2015-01-18 /ejn/libshowdocument.aspx Id=3&Lang=BG
2015-01-18 /ejn/libshowdocument.aspx Id=3&Lang=DE
2015-01-18 /ejn/libshowdocument.aspx Id=1&Lang=RO
2015-01-18 /ejn/libshowdocument.aspx Id=1&Lang=SK
2015-01-18 /ejn/libshowdocument.aspx Id=3&Lang=LV
2015-01-18 /ejn/libshowdocument.aspx Id=3&Lang=HU
2015-01-18 /ejn/libshowdocument.aspx Id=3&Lang=IT
2015-01-18 /ejn/libshowdocument.aspx Id=3&Lang=LT
2015-01-18 /ejn/libshowdocument.aspx Id=3&Lang=FI
2015-01-18 /ejn/libshowdocument.aspx Id=3&Lang=EL
2015-01-18 /ejn/libshowdocument.aspx Id=3&Lang=FR
2015-01-18 /ejn/libshowdocument.aspx Id=3&Lang=ET
2015-01-18 /ejn/libshowdocument.aspx Id=3&Lang=ES
2015-01-18 /ejn/libshowdocument.aspx Id=3&Lang=EN
2015-01-18 /ejn/EJN_AtlasAdvanced.aspx -
2015-01-18 /ejn/libdocumentproperties.aspx Id=787
2015-01-18 /ejn/libshowdocument.aspx Id=3&Lang=SV
2015-01-18 /ejn/libshowdocument.aspx Id=3&Lang=SK
2015-01-18 /ejn/libshowdocument.aspx Id=3&Lang=NL
2015-01-18 /ejn/libshowdocument.aspx Id=3&Lang=MT
2015-01-18 /ejn/libshowdocument.aspx Id=3&Lang=RO
2015-01-18 /ejn/libshowdocument.aspx Id=3&Lang=PL
2015-01-18 /ejn/libshowdocument.aspx Id=3&Lang=PT
2015-01-18 /ejn/libshowdocument.aspx Id=3&Lang=SL
2015-01-18 /ejn/libshowdocument.aspx Id=787&Lang=BG
2015-01-18 /ejn/libshowdocument.aspx Id=787&Lang=CS
2015-01-18 /ejn/ -
2015-01-18 /ejn/ -
2015-01-18 /ejn/EJN_AtlasAdvanced.aspx -
2015-01-18 /ejn/EJN_AtlasAdvanced.aspx -
2015-01-18 /ejn/ -
2015-01-18 /ejn/EJN_AtlasAdvanced.aspx -
2015-01-18 /ejn/ -
2015-01-18 /ejn/EJN_AtlasAdvanced.aspx -
2015-01-18 /ejn/ -
2015-01-18 /ejn/libcategories.aspx Id=14
2015-01-18 /ejn/EJN_Home.aspx -
2015-01-18 /ejn/libcategories.aspx -
2015-01-18 /ejn/EJN_Home.aspx -
2015-01-18 /ejn/libcategories.aspx Id=21
2015-01-18 /ejn/EJN_Home.aspx -
2015-01-18 /ejn/EJN_AtlasAdvanced.aspx -
2015-01-18 /ejn/ -
2015-01-18 /ejn/ -
2015-01-18 /ejn/EJN_AtlasAdvanced.aspx -
2015-01-18 /ejn/ -
2015-01-18 /ejn/EJN_AtlasAdvanced.aspx -
2015-01-18 /ejn/ -
2015-01-18 /fiches_belges.aspx -
2015-01-18 /ejn/ -
2015-01-18 /ejn/EJN_AtlasAdvanced.aspx -
2015-01-18 /ejn/EJN_AtlasAdvanced.aspx -
2015-01-18 /ejn/EJN_Home.aspx -
2015-01-18 /ejn/EJN_Home.aspx -
2015-01-18 /atlas_advanced.aspx -
2015-01-18 /atlas_advanced.aspx -
2015-01-18 /ejn/ -
2015-01-18 /atlas_advanced.aspx -
2015-01-18 /atlas_advanced.aspx -
2015-01-18 /ejn/AtlasChooseCountry.aspx -
2015-01-18 /ejn/EJN_Home.aspx -
2015-01-18 /ejn/ -
2015-01-18 /ejn/EJN_StaticPage.aspx Bread=12
2015-01-18 /ejn/EJN_Home.aspx -
2015-01-18 /ejn/ -
2015-01-18 /ejn/EJN_AtlasAdvanced.aspx -
2015-01-18 /ejn/ -
2015-01-18 /ejn/ -
2015-01-18 /ejn/ -
2015-01-18 /ejn/EJN_AtlasAdvanced.aspx -
2015-01-18 /ejn/EJN_AtlasAdvanced.aspx -
2015-01-18 /ejn/sitemap.aspx -
2015-01-18 /ejn/EJN_Home.aspx -
2015-01-18 /ejn/EJN_AtlasAdvanced.aspx -
2015-01-18 /ejn/ -
2015-01-18 /ejn/EJN_StaticPage.aspx Bread=4
2015-01-18 /ejn/EJN_Home.aspx -
2015-01-18 /ejn/libcategories.aspx Id=24
2015-01-18 /ejn/libdocumentproperties.aspx Id=106
2015-01-18 /ejn/EJN_EAWAtlas.aspx -
2015-01-18 /ejn/libdocumentproperties.aspx Id=112
2015-01-18 /ejn/libdocumentproperties.aspx Id=105
2015-01-18 /ejn/EJN_QuickLinks.aspx id=23
2015-01-18 /ejn/ -
2015-01-18 /ejn/EJN_AtlasAdvanced.aspx -
2015-01-18 /ejn/ -
2015-01-18 /ejn/ -
2015-01-18 /ejn/EJN_Home.aspx -
2015-01-18 /ejn/ -
2015-01-18 /ejn/ -
2015-01-18 /ejn/NewsDetail.aspx id=346&Ori=H
2015-01-18 /ejn/EJN_Home.aspx -
2015-01-18 /ejn/NewsDetail.aspx id=352&Ori=H
2015-01-18 /ejn/EJN_StaticPage.aspx Bread=14
2015-01-18 /ejn/NewsDetail.aspx id=344&Ori=H
2015-01-18 /ejn/EJN_StaticPage.aspx Bread=28
2015-01-18 /ejn/ -
2015-01-18 /ejn/NewsDetail.aspx id=346&Ori=H
2015-01-18 /ejn/EJN_AtlasAdvanced.aspx -
2015-01-18 /ejn/EJN_StaticPage.aspx Bread=14
2015-01-18 /ejn/sitemap.aspx -
2015-01-18 /ejn/EJN_Faqs.aspx -
2015-01-18 /ejn/EJN_Search.aspx -
2015-01-18 /ejn/EJN_StaticPage.aspx Bread=20
2015-01-18 /ejn/EJN_StaticPage.aspx Bread=5
2015-01-18 /ejn/ejn_home.aspx -
2015-01-18 /ejn/ -
2015-01-18 /ejn/EJN_StaticPage.aspx Bread=28
2015-01-18 /ejn/libcategories.aspx Id=42
2015-01-18 /ejn/libcategories.aspx Id=42
2015-01-18 /ejn/libcategories.aspx Id=19
2015-01-18 /ejn/ -
2015-01-18 /ejn/EJN_Home.aspx -
2015-01-18 /ejn/ -
2015-01-18 /ejn/EJN_Home.aspx -
2015-01-18 /ejn/EJN_Home.aspx -
2015-01-18 /ejn/ -
2015-01-18 /ejn/EJN_Home.aspx -
2015-01-18 /ejn/EJN_Home.aspx -
2015-01-18 /ejn/EJN_Home.aspx -
2015-01-18 /ejn/ -
2015-01-18 /ejn/EJN_Home.aspx -
2015-01-18 /ejn/EJN_Home.aspx -
2015-01-18 /ejn/ejn_home.aspx -
2015-01-18 /ejn/EJN_AtlasAdvanced.aspx -
2015-01-18 /ejn/EJN_Home.aspx -
2015-01-18 /ejn/EJN_Home.aspx -
2015-01-18 /ejn/EJN_Home.aspx -
2015-01-18 /ejn/Events.aspx event=247
2015-01-18 /ejn/EJN_Home.aspx -
2015-01-18 /ejn/EJN_Home.aspx -
2015-01-18 /ejn/EJN_Home.aspx -
2015-01-18 /ejn/EJN_EAWWizard.aspx -
2015-01-18 /ejn/EJN_Home.aspx -
2015-01-18 /ejn/NewsDetail.aspx id=145&Ori=H
2015-01-18 /ejn/EJN_Home.aspx -
2015-01-18 /ejn/ -
2015-01-18 /ejn/EJN_StaticPage.aspx Bread=2
2015-01-18 /ejn/ -
2015-01-18 /ejn/EJN_Home.aspx -
2015-01-18 /ejn/EJN_Home.aspx -
2015-01-18 /ejn/EJN_AtlasAdvanced.aspx -
2015-01-18 /ejn/ -
2015-01-18 /ejn/AtlasChooseCountry.aspx Type=2
2015-01-18 /ejn/AtlasChooseCountry.aspx Type=1
2015-01-18 /ejn/AtlasChooseCountry.aspx Type=1
2015-01-18 /ejn/AtlasChooseMeasure.aspx MP=0&Cou=373
2015-01-18 /ejn/AtlasSelection.aspx -
2015-01-18 /ejn/AtlasAuthorityData.aspx Id=4146
2015-01-18 /ejn/AtlasAuthorityData.aspx Id=4146
2015-01-18 /ejn/AtlasChooseCountry.aspx Type=1
2015-01-18 /ejn/AtlasChooseCountry.aspx Type=1
2015-01-18 /ejn/AtlasChooseMeasure.aspx MP=0&Cou=259
2015-01-18 /ejn/AtlasSelection.aspx -
2015-01-18 /ejn/ -
2015-01-18 /ejn/ -
2015-01-18 /ejn/ -
2015-01-18 /ejn/EJN_StaticPage.aspx Bread=2
2015-01-18 /ejn/ -
2015-01-18 /ejn/EJN_Home.aspx -
2015-01-18 /ejn/AtlasChooseAuthority.aspx -
2015-01-18 /ejn/EJN_Home.aspx -
2015-01-18 /ejn/EJN_FichesBelges.aspx -
2015-01-18 /ejn/EJN_FichesBelges.aspx -
2015-01-18 /ejn/EJN_FichesBelges.aspx -
2015-01-18 /ejn/EJN_FichesBelgesTable.aspx -
2015-01-18 /ejn/libcategories.aspx Id=2
2015-01-18 /ejn/ -
2015-01-18 /ejn/libadvancedsearch.aspx -
2015-01-18 /ejn/ -
2015-01-18 /ejn/libadvancedsearch.aspx -
2015-01-18 /ejn/libadvancedsearch.aspx -
2015-01-18 /ejn/libadvancedsearch.aspx -
2015-01-18 /ejn/libadvancedsearch.aspx -
2015-01-18 /ejn/libadvancedsearch.aspx -
2015-01-18 /ejn/EJN_Home.aspx -
2015-01-18 /ejn/libadvancedsearch.aspx -
2015-01-18 /ejn/libadvancedsearch.aspx -
2015-01-18 /ejn/libadvancedsearch.aspx -
2015-01-18 /ejn/EJN_StaticPage.aspx Bread=14
2015-01-18 /ejn/libcategories.aspx -
2015-01-18 /ejn/libcategories.aspx Id=2
2015-01-18 /ejn/EJN_Library_StatusOfImpByCat.aspx CategoryId=53
2015-01-18 /ejn/libdocumentproperties.aspx Id=937
2015-01-18 /ejn/libdocumentproperties.aspx Id=936
2015-01-18 /ejn/libdocumentproperties.aspx Id=4
2015-01-18 /ejn/libdocumentproperties.aspx Id=1283
2015-01-18 /ejn/libdocumentproperties.aspx Id=1282
2015-01-18 /ejn/libdocumentproperties.aspx Id=209
2015-01-18 /ejn/libdocumentproperties.aspx Id=210
2015-01-18 /ejn/EJN_Library_StatusOfImpByCat.aspx CategoryId=25
2015-01-18 /ejn/EJN_Library_StatusOfImpByCou.aspx CountryId=313
2015-01-18 /ejn/ejn_home.aspx -
2015-01-18 /ejn/EJN_Home.aspx -
2015-01-18 /ejn/ejn_home.aspx -
2015-01-18 /ejn/EJN_InfoAbout.aspx Id=239
2015-01-18 /ejn/EJN_QuickLinks.aspx id=28
2015-01-18 /ejn/EJN_News.aspx -
2015-01-18 /ejn/EJN_News.aspx -
2015-01-18 /ejn/ -
2015-01-18 /ejn/ -
2015-01-18 /ejn/EJN_Home.aspx -
2015-01-18 /ejn/EJN_Home.aspx -
2015-01-18 /ejn/ejn_home.aspx -
2015-01-18 /ejn/EJN_StaticPage.aspx Bread=7
2015-01-18 /ejn/EJN_Home.aspx -
2015-01-18 /ejn/EJN_Home.aspx -
2015-01-18 /ejn/ -
2015-01-18 /ejn/ -
2015-01-18 /ejn/ -
2015-01-18 /ejn/EJN_Login.aspx -
2015-01-18 /ejn/EJN_Login.aspx -
2015-01-18 /ejn/EJN_ContactPointsNew.aspx -
2015-01-18 /ejn/EJN_ContactPointsNew.aspx -
2015-01-18 /ejn/libshowdocument.aspx Id=16&Lang=SL
2015-01-18 /ejn/AtlasChooseCountry.aspx -
2015-01-18 /ejn/EJN_Home.aspx -
2015-01-18 /ejn/AtlasChooseCountry.aspx Type=2
2015-01-18 /ejn/AtlasChooseMeasure.aspx MP=1&Cou=SE
2015-01-18 /ejn/AtlasChooseMeasure.aspx MP=1&Cou=SE
2015-01-18 /ejn/AtlasChooseMeasure.aspx MP=1&Cou=SE
2015-01-18 /ejn/AtlasChooseMeasure.aspx MP=1&Cou=SE
2015-01-18 /ejn/AtlasSelection.aspx -
2015-01-18 /ejn/AtlasSelection.aspx -
2015-01-18 /ejn/AtlasSelection.aspx -
2015-01-18 /ejn/libshowdocument.aspx Id=16&Lang=SL
2015-01-18 /ejn/AtlasSelection.aspx -
2015-01-18 /ejn/AtlasSelection.aspx -
2015-01-18 /ejn/AtlasSelection.aspx -
2015-01-18 /ejn/ -
2015-01-18 /ejn/AtlasSelection.aspx -
2015-01-18 /ejn/AtlasChooseAuthority.aspx -
2015-01-18 /ejn/AtlasChooseCountry.aspx Type=2
2015-01-18 /ejn/EJN_Home.aspx -
2015-01-18 /ejn/EJN_FichesBelges.aspx -
2015-01-18 /ejn/EJN_FichesBelges.aspx -
2015-01-18 /ejn/EJN_FichesBelges.aspx -
2015-01-18 /ejn/EJN_FichesBelgesResult.aspx measure=402&country=378&other=-1
2015-01-18 /ejn/EJN_Home.aspx -
2015-01-18 /ejn/libshowdocument.aspx Id=16&Lang=SL
2015-01-18 /ejn/EJN_Home.aspx -
2015-01-18 /ejn/EJN_AtlasAdvanced.aspx -
2015-01-18 /ejn/libshowdocument.aspx Id=222&Lang=LT
2015-01-18 /ejn/EJN_News.aspx id=49
2015-01-18 /ejn/EJN_News.aspx id=49
2015-01-18 /ejn/EJN_Home.aspx -
2015-01-18 /ejn/EJN_Home.aspx -
2015-01-18 /ejn/ -
2015-01-18 /ejn/AtlasChooseAuthority.aspx -
2015-01-18 /ejn/EJN_Home.aspx -
2015-01-18 /ejn/EJN_QuickLinks.aspx id=28
2015-01-18 /ejn/libcategories.aspx Id=2
2015-01-18 /ejn/libadvancedsearch.aspx -
2015-01-18 /ejn/libadvancedsearch.aspx -
2015-01-18 /ejn/libadvancedsearch.aspx -
2015-01-18 /ejn/libadvancedsearch.aspx -
2015-01-18 /ejn/libcategories.aspx -
2015-01-18 /ejn/libcategories.aspx Id=2
2015-01-18 /ejn/libdocumentproperties.aspx Id=210
2015-01-18 /ejn/EJN_Library_StatusOfImpByCat.aspx CategoryId=25
2015-01-18 /ejn/EJN_Home.aspx -
2015-01-18 /ejn/ -
2015-01-18 /ejn/EJN_Home.aspx -
2015-01-18 /ejn/EJN_Home.aspx -
2015-01-18 /ejn/EJN_Home.aspx -
2015-01-18 /ejn/ -
2015-01-18 /ejn/EJN_Home.aspx -
2015-01-18 /forms.aspx -
2015-01-18 /ejn/AtlasChooseCountry.aspx -
2015-01-18 /ejn/EJN_Home.aspx -
2015-01-18 /ejn/AtlasChooseMeasure.aspx Mp=1&Cou=DE&Type=2
2015-01-18 /ejn/AtlasChooseMeasure.aspx Mp=1&Cou=DE&Type=2++Culture:DESessionId:tunltn5x55e5euvtddj1unoqDate_Time:12:31
2015-01-18 /ejn/AtlasChooseMeasure.aspx Mp=1&Cou=DE&Type=2
2015-01-18 /ejn/AtlasChooseMeasure.aspx Mp=1&Cou=DE&Type=2
2015-01-18 /ejn/AtlasSelection.aspx -
2015-01-18 /ejn/AtlasChooseAuthority.aspx -
2015-01-18 /ejn/AtlasChooseAuthority.aspx/GetLocations -
2015-01-18 /ejn/AtlasChooseAuthority.aspx -
2015-01-18 /ejn/AtlasChooseAuthority.aspx -
2015-01-18 /ejn/AtlasChooseAuthority.aspx/GetLocations -
2015-01-18 /ejn/AtlasChooseAuthority.aspx -
2015-01-18 /ejn/AtlasAuthorityData.aspx Id=4212
2015-01-18 /ejn/AtlasAuthorityData.aspx Id=4212
2015-01-18 /ejn/AtlasAuthorityData.aspx Id=4212
2015-01-18 /ejn/AtlasAuthorityData.aspx Id=4212
2015-01-18 /ejn/AtlasAuthorityData.aspx Id=4212
2015-01-18 /ejn/AtlasChooseAuthority.aspx -
2015-01-18 /ejn/AtlasChooseAuthority.aspx/GetLocations -
2015-01-18 /ejn/AtlasChooseAuthority.aspx -
2015-01-18 /ejn/AtlasAuthorityData.aspx Id=4288
2015-01-18 /ejn/AtlasAuthorityData.aspx Id=4288
2015-01-18 /ejn/AtlasChooseAuthority.aspx -
2015-01-18 /ejn/AtlasChooseMeasure.aspx MP=0&Cou=277
2015-01-18 /ejn/AtlasChooseMeasure.aspx MP=0&Cou=277
2015-01-18 /ejn/AtlasChooseMeasure.aspx MP=0&Cou=277
2015-01-18 /ejn/AtlasChooseMeasure.aspx MP=0&Cou=277
2015-01-18 /ejn/AtlasChooseMeasure.aspx MP=0&Cou=277
2015-01-18 /ejn/AtlasChooseMeasure.aspx MP=0&Cou=277
2015-01-18 /ejn/AtlasChooseMeasure.aspx MP=0&Cou=277
2015-01-18 /ejn/AtlasChooseMeasure.aspx MP=0&Cou=277
2015-01-18 /ejn/AtlasSelection.aspx -
2015-01-18 /ejn/AtlasChooseAuthority.aspx -
2015-01-18 /ejn/AtlasChooseAuthority.aspx/GetLocations -
2015-01-18 /ejn/AtlasChooseAuthority.aspx -
2015-01-18 /ejn/AtlasChooseMeasure.aspx MP=0&Cou=277
2015-01-18 /ejn/AtlasChooseMeasure.aspx MP=0&Cou=277
2015-01-18 /ejn/AtlasChooseMeasure.aspx MP=0&Cou=277
2015-01-18 /ejn/AtlasChooseMeasure.aspx MP=0&Cou=277
2015-01-18 /ejn/AtlasSelection.aspx -
2015-01-18 /ejn/AtlasChooseAuthority.aspx -
2015-01-18 /ejn/AtlasChooseAuthority.aspx/GetLocations -
2015-01-18 /ejn/AtlasChooseAuthority.aspx -
2015-01-18 /ejn/AtlasAuthorityData.aspx Id=4212
2015-01-18 /ejn/AtlasAuthorityData.aspx Id=4212
2015-01-18 /ejn/AtlasAuthorityData.aspx Id=4212
2015-01-18 /ejn/AtlasAuthorityData.aspx Id=4212
2015-01-18 /ejn/EJN_Home.aspx -
2015-01-18 /ejn/AtlasAuthorityData.aspx Id=4212
2015-01-18 /ejn/EJN_AtlasAdvanced.aspx -
2015-01-18 /ejn/EJN_AtlasAdvanced.aspx -
2015-01-18 /ejn/ -
2015-01-18 /ejn/EJN_Home.aspx -
2015-01-18 /ejn/EJN_Home.aspx -
2015-01-18 /ejn/EJN_Home.aspx -
2015-01-18 /ejn/EJN_AtlasAdvanced.aspx -
2015-01-18 /ejn/ -
2015-01-18 /ejn/EJN_Home.aspx -
2015-01-18 /atlas_advanced.aspx -
2015-01-18 /atlas_advanced.aspx -
2015-01-18 /ejn/ -
2015-01-18 /atlas_advanced.aspx -
2015-01-18 /atlas_advanced.aspx -
2015-01-18 /ejn/NewsDetail.aspx id=337&Ori=H
2015-01-18 /ejn/EJN_Home.aspx -
2015-01-18 /ejn/ -
2015-01-18 /ejn/EJN_Home.aspx -
2015-01-18 /ejn/ -
2015-01-18 /ejn/EJN_AtlasAdvanced.aspx -
2015-01-18 /ejn/EJN_Home.aspx -
2015-01-18 /ejn/EJN_Home.aspx -
2015-01-18 /ejn/EJN_Home.aspx -
2015-01-18 /ejn/ -
2015-01-18 /ejn/EJN_Home.aspx -
2015-01-18 /ejn/EJN_Home.aspx -
2015-01-18 /ejn/EJN_StaticPage.aspx Bread=9
2015-01-18 /ejn/ -
2015-01-18 /ejn/EJN_Secretariat.aspx -
2015-01-18 /ejn/EJN_AtlasAdvanced.aspx -
2015-01-18 /ejn/EJN_Home.aspx -
2015-01-18 /ejn/ -
2015-01-18 /ejn/ -
2015-01-18 /ejn/EJN_Compendium.aspx -
2015-01-18 /ejn/EJN_Home.aspx -
2015-01-18 /ejn/AtlasChooseCountry.aspx -
2015-01-18 /ejn/EJN_Home.aspx -
2015-01-18 /ejn/ -
2015-01-18 /ejn/libcategories.aspx Id=32
2015-01-18 /ejn/libdocumentproperties.aspx Id=634
2015-01-18 /ejn/ -
2015-01-18 /ejn/EJN_AtlasAdvanced.aspx -
2015-01-18 /ejn/libshowdocument.aspx Id=16&Lang=ES
2015-01-18 /ejn/libdocumentproperties.aspx Id=634
2015-01-18 /ejn/libdocumentproperties.aspx Id=634
2015-01-18 /ejn/libshowdocument.aspx Id=16&Lang=FR
2015-01-18 /ejn/EJN_StaticPage.aspx Bread=10
2015-01-18 /ejn/AtlasChooseMeasure.aspx Mp=1&Cou=ES&Type=2
2015-01-18 /ejn/EJN_Home.aspx -
2015-01-18 /ejn/AtlasChooseMeasure.aspx Mp=1&Cou=ES&Type=2
2015-01-18 /ejn/AtlasChooseMeasure.aspx Mp=1&Cou=ES&Type=2
2015-01-18 /ejn/AtlasChooseMeasure.aspx Mp=1&Cou=ES&Type=2
2015-01-18 /ejn/EJN_FichesBelgesResult.aspx measure=402&country=373&other=-1
2015-01-18 /ejn/EJN_AtlasAdvancedOld.aspx ctyCode=SK
2015-01-18 /ejn/ -
2015-01-18 /ejn/EJN_StaticPage.aspx Bread=5
2015-01-18 /ejn/EJN_FichesBelgesResult.aspx measure=402&country=373&other=-1
2015-01-18 /ejn/EJN_Login.aspx -
2015-01-18 /ejn/EJN_SubscribeNewsLetter.aspx -
2015-01-18 /ejn/Events.aspx id=7
2015-01-18 /ejn/EJN_Home.aspx -
2015-01-18 /ejn/Events.aspx Id=7
2015-01-18 /ejn/EJN_ContactUs.aspx &KeepThis=true&TB_iframe=true&height=650&width=900
2015-01-18 /ejn/EJN_StaticPage.aspx Bread=32
2015-01-18 /ejn/EJN_News.aspx id=72
2015-01-18 /ejn/EJN_News.aspx id=72
2015-01-18 /ejn/AtlasChooseCountry.aspx Type=2
2015-01-18 /ejn/AtlasChooseMeasure.aspx Mp=1&Cou=ES&Type=2
2015-01-18 /ejn/EJN_Home.aspx -
2015-01-18 /ejn/EJN_Compendium.aspx -
2015-01-18 /ejn/ctrls.compendium/IframeEngine.aspx -
2015-01-18 /ejn/ -
2015-01-18 /ejn/ -
2015-01-18 /ejn/ -
2015-01-18 /ejn/ctrls.compendium/iframeEngine.aspx remoteFunction=getMLAforCountry&country=ES&mIDs=403&langId=7&callback=checkMLA_cb
2015-01-18 /ejn/ctrls.compendium/iframeEngine.aspx remoteFunction=getMLAforCountry&country=ES&mIDs=403&langId=7&callback=checkMLA_cb
2015-01-18 /ejn/EJN_Compendium.aspx -
2015-01-18 /ejn/ctrls.compendium/IframeEngine.aspx -
2015-01-18 /ejn/EJN_Compendium.aspx -
2015-01-18 /ejn/AtlasChooseCountry.aspx Type=2
2015-01-18 /ejn/AtlasChooseMeasure.aspx MP=1&Cou=ES
2015-01-18 /ejn/AtlasChooseMeasure.aspx MP=1&Cou=ES
2015-01-18 /ejn/EJN_FichesBelgesTable.aspx -
2015-01-18 /ejn/libshowdocument.aspx Id=16&Lang=SL
2015-01-18 /ejn/EJN_Home.aspx -
2015-01-18 /ejn/EJN_Login.aspx -
2015-01-18 /ejn/AtlasChooseMeasure.aspx MP=1&Cou=ES
2015-01-18 /ejn/EJN_News.aspx id=57
2015-01-18 /ejn/AtlasChooseMeasure.aspx MP=1&Cou=ES
2015-01-18 /ejn/AtlasChooseMeasure.aspx MP=1&Cou=ES
2015-01-18 /ejn/AtlasChooseMeasure.aspx MP=1&Cou=ES
2015-01-18 /ejn/AtlasSelection.aspx -
2015-01-18 /ejn/AtlasSelection.aspx -
2015-01-18 /ejn/AtlasSelection.aspx -
2015-01-18 /ejn/AtlasSelection.aspx -
2015-01-18 /ejn/AtlasSelection.aspx -
2015-01-18 /ejn/AtlasSelection.aspx -
2015-01-18 /ejn/AtlasSelection.aspx -
2015-01-18 /ejn/AtlasChooseAuthority.aspx -
2015-01-18 /ejn/EJN_Home.aspx -
2015-01-18 /ejn/AtlasChooseAuthority.aspx/GetLocations -
2015-01-18 /ejn/AtlasChooseAuthority.aspx -
2015-01-18 /ejn/AtlasAuthorityData.aspx Id=2811
2015-01-18 /ejn/EJN_News.aspx id=57
2015-01-18 /ejn/AtlasAuthorityData.aspx Id=2811
2015-01-18 /ejn/AtlasAuthorityData.aspx Id=2811
2015-01-18 /ejn/EJN_AtlasAdvanced.aspx -
2015-01-18 /ejn/libcategories.aspx -
2015-01-18 /ejn/libcategories.aspx Id=7
2015-01-18 /ejn/libcategories.aspx Id=4
2015-01-18 /ejn/libcategories.aspx Id=5
2015-01-18 /ejn/libshowdocument.aspx Id=16&Lang=SL
2015-01-18 /ejn/libshowdocument.aspx Id=389&Lang=ES
2015-01-18 /ejn/EJN_Home.aspx -
2015-01-18 /ejn/ -
2015-01-18 /ejn/EJN_Login.aspx -
2015-01-18 /ejn/libcategories.aspx -
2015-01-18 /ejn/libcategories.aspx Id=7
2015-01-18 /ejn/libcategories.aspx Id=1
2015-01-18 /ejn/libcategories.aspx Id=1
2015-01-18 /ejn/libcategories.aspx Id=19
2015-01-18 /ejn/libcategories.aspx Id=51
2015-01-18 /ejn/libcategories.aspx Id=51
2015-01-18 /ejn/libcategories.aspx Id=9
2015-01-18 /ejn/EJN_Home.aspx -
2015-01-18 /ejn/libcategories.aspx Id=31
2015-01-18 /ejn/libshowdocument.aspx Id=444&Lang=ES
2015-01-18 /ejn/ -
2015-01-18 /ejn/AtlasChooseMeasure.aspx Mp=1&Cou=HU&Type=2
2015-01-18 /ejn/libshowdocument.aspx Id=444&Lang=FR
2015-01-18 /ejn/libcategories.aspx Id=31
2015-01-18 /ejn/libcategories.aspx Id=19
2015-01-18 /ejn/libcategories.aspx Id=51
2015-01-18 /ejn/libcategories.aspx Id=51
2015-01-18 /ejn/libcategories.aspx Id=9
2015-01-18 /ejn/libcategories.aspx Id=32
2015-01-18 /ejn/libcategories.aspx Id=32
2015-01-18 /ejn/libshowdocument.aspx Id=16&Lang=FR
2015-01-18 /ejn/libdocumentproperties.aspx Id=634
2015-01-18 /ejn/EJN_Home.aspx -
2015-01-18 /ejn/libcategories.aspx Id=32
2015-01-18 /ejn/libcategories.aspx Id=19
2015-01-18 /ejn/libcategories.aspx Id=11
2015-01-18 /ejn/libcategories.aspx Id=11
2015-01-18 /ejn/libcategories.aspx Id=12
2015-01-18 /ejn/libcategories.aspx Id=104
2015-01-18 /ejn/EJN_Home.aspx -
2015-01-18 /ejn/EJN_Home.aspx -
2015-01-18 /ejn/ -
2015-01-18 /ejn/libcategories.aspx -
2015-01-18 /ejn/libcategories.aspx Id=1
2015-01-18 /ejn/libcategories.aspx Id=1
2015-01-18 /ejn/libcategories.aspx Id=19
2015-01-18 /ejn/libcategories.aspx Id=12
2015-01-18 /ejn/libcategories.aspx Id=12
2015-01-18 /ejn/libcategories.aspx Id=12
2015-01-18 /ejn/libcategories.aspx Id=35
2015-01-18 /ejn/libshowdocument.aspx Id=217&Lang=ES
2015-01-18 /ejn/libshowdocument.aspx Id=217&Lang=FR
2015-01-18 /ejn/libcategories.aspx Id=38
2015-01-18 /ejn/libshowdocument.aspx Id=219&Lang=ES
2015-01-18 /ejn/ -
2015-01-18 /ejn/libshowdocument.aspx Id=219&Lang=FR
2015-01-18 /ejn/AtlasChooseCountry.aspx -
2015-01-18 /ejn/EJN_Home.aspx -
2015-01-18 /ejn/libcategories.aspx Id=12
2015-01-18 /ejn/libcategories.aspx Id=9
2015-01-18 /ejn/AtlasChooseMeasure.aspx MP=1&Cou=UK&Type=2
2015-01-18 /ejn/AtlasChooseMeasure.aspx MP=1&Cou=UK&Type=2++Culture:ROSessionId:kmam1ndj145barekuozhieflDate_Time:14:18
2015-01-18 /ejn/Events.aspx event=348
2015-01-18 /ejn/EJN_Home.aspx -
2015-01-18 /ejn/AtlasChooseMeasure.aspx MP=1&Cou=UK&Type=2
2015-01-18 /ejn/AtlasChooseMeasure.aspx MP=1&Cou=UK&Type=2
2015-01-18 /ejn/AtlasChooseMeasure.aspx MP=1&Cou=UK&Type=2
2015-01-18 /ejn/AtlasSelection.aspx -
2015-01-18 /ejn/ -
2015-01-18 /ejn/ -
2015-01-18 /ejn/ -
2015-01-18 /ejn/EJN_Home.aspx -
2015-01-18 /ejn/ -
2015-01-18 /ejn/EJN_Home.aspx -
2015-01-18 /ejn/EJN_Home.aspx -
2015-01-18 /ejn/Events.aspx event=137
2015-01-18 /ejn/EJN_Home.aspx -
2015-01-18 /ejn/EJN_Compendium.aspx -
2015-01-18 /ejn/EJN_Home.aspx -
2015-01-18 /ejn/EJN_Home.aspx -
2015-01-18 /ejn/EJN_AtlasAdvanced.aspx -
2015-01-18 /ejn/EJN_Home.aspx -
2015-01-18 /ejn/ -
2015-01-18 /ejn/EJN_Home.aspx -
2015-01-18 /ejn/ -
2015-01-18 /ejn/EJN_Home.aspx -
2015-01-18 /ejn/Events.aspx event=142
2015-01-18 /ejn/EJN_Home.aspx -
2015-01-18 /ejn/EJN_InfoAbout.aspx Id=215
2015-01-18 /ejn/EJN_Home.aspx -
2015-01-18 /ejn/EJN_InfoAbout.aspx Id=389
2015-01-18 /ejn/EJN_Home.aspx -
2015-01-18 /ejn/EJN_Home.aspx -
2015-01-18 /ejn/AtlasChooseCountry.aspx Type=2
2015-01-18 /ejn/AtlasChooseMeasure.aspx MP=0&Cou=351
2015-01-18 /ejn/AtlasChooseMeasure.aspx MP=0&Cou=351
2015-01-18 /ejn/AtlasChooseMeasure.aspx MP=0&Cou=351
2015-01-18 /ejn/AtlasSelection.aspx -
2015-01-18 /ejn/AtlasSelection.aspx -
2015-01-18 /ejn/AtlasSelection.aspx -
2015-01-18 /ejn/AtlasSelection.aspx -
2015-01-18 /ejn/AtlasSelection.aspx -
2015-01-18 /ejn/AtlasChooseAuthority.aspx -
2015-01-18 /ejn/AtlasChooseAuthority.aspx/GetLocations -
2015-01-18 /ejn/AtlasChooseAuthority.aspx/GetLocations -
2015-01-18 /ejn/AtlasChooseAuthority.aspx/GetLocations -
2015-01-18 /ejn/AtlasChooseAuthority.aspx/GetLocations -
2015-01-18 /ejn/AtlasChooseAuthority.aspx -
2015-01-18 /ejn/EJN_Home.aspx -
2015-01-18 /ejn/AtlasChooseAuthority.aspx -
2015-01-18 /ejn/AtlasSelection.aspx Option=PathOptions
2015-01-18 /ejn/AtlasSelection.aspx Option=PathOptions
2015-01-18 /ejn/AtlasSelection.aspx Option=PathOptions
2015-01-18 /ejn/AtlasChooseAuthority.aspx -
2015-01-18 /ejn/AtlasChooseAuthority.aspx -
2015-01-18 /ejn/AtlasAuthorityData.aspx Id=5253
2015-01-18 /ejn/ -
2015-01-18 /ejn/Events.aspx event=318
2015-01-18 /ejn/Events.aspx -
2015-01-18 /ejn/EJN_Home.aspx -
2015-01-18 /ejn/EJN_Home.aspx -
2015-01-18 /ejn/NewsAll.aspx Id=1
2015-01-18 /ejn/EJN_StaticPage.aspx Bread=26
2015-01-18 /ejn/NewsDetail.aspx id=344&Ori=H
2015-01-18 /ejn/AtlasChooseCountry.aspx Type=1
2015-01-18 /ejn/EJN_StaticPage.aspx Bread=17
2015-01-18 /ejn/Events.aspx Id=6
2015-01-18 /ejn/EJN_StaticPage.aspx Bread=35
2015-01-18 /ejn/Events.aspx id=6
2015-01-18 /ejn/EJN_EAWWizard.aspx -
2015-01-18 /ejn/EJN_StaticPage.aspx Bread=37
2015-01-18 /ejn/EJN_StaticPage.aspx Bread=8
2015-01-18 /ejn/libcategories.aspx -
2015-01-18 /ejn/libcategories.aspx Id=34
2015-01-18 /ejn/EJN_StaticPage.aspx Bread=22
2015-01-18 /ejn/EJN_StaticPage.aspx Bread=4
2015-01-18 /ejn/sitemap.aspx -
2015-01-18 /ejn/EJN_StaticPage.aspx Bread=10
2015-01-18 /ejn/AtlasChooseCountry.aspx Type=2
2015-01-18 /ejn/libcategories.aspx Id=25
2015-01-18 /ejn/EJN_StaticPage.aspx Bread=30
2015-01-18 /ejn/EJN_StaticPage.aspx Bread=5
2015-01-18 /ejn/libcategories.aspx Id=32
2015-01-18 /ejn/EJN_StaticPage.aspx Bread=32
2015-01-18 /ejn/EJN_Login.aspx -
2015-01-18 /ejn/Events.aspx id=7
2015-01-18 /ejn/ -
2015-01-18 /ejn/EJN_StaticPage.aspx Bread=13
2015-01-18 /ejn/ejn_events.aspx -
2015-01-18 /ejn/ejn_events.aspx -
2015-01-18 /ejn/EJN_Home.aspx -
2015-01-18 /ejn/Events.aspx -
2015-01-18 /ejn/Events.aspx -
2015-01-18 /ejn/Events.aspx -
2015-01-18 /ejn/EJN_StaticPage.aspx Bread=13
2015-01-18 /ejn/EJN_Home.aspx -
2015-01-18 /ejn/EJN_Home.aspx -
2015-01-18 /ejn/AtlasChooseCountry.aspx Type=2
2015-01-18 /ejn/AtlasChooseMeasure.aspx MP=0&Cou=287
2015-01-18 /ejn/AtlasChooseMeasure.aspx MP=0&Cou=287
2015-01-18 /ejn/AtlasChooseMeasure.aspx MP=0&Cou=287
2015-01-18 /ejn/AtlasSelection.aspx -
2015-01-18 /ejn/AtlasSelection.aspx -
2015-01-18 /ejn/AtlasSelection.aspx -
2015-01-18 /ejn/AtlasChooseAuthority.aspx -
2015-01-18 /ejn/AtlasChooseAuthority.aspx/GetLocations -
2015-01-18 /ejn/AtlasChooseAuthority.aspx/GetLocations -
2015-01-18 /ejn/AtlasChooseAuthority.aspx/GetLocations -
2015-01-18 /ejn/AtlasChooseAuthority.aspx/GetLocations -
2015-01-18 /ejn/AtlasChooseAuthority.aspx/GetLocations -
2015-01-18 /ejn/AtlasChooseAuthority.aspx -
2015-01-18 /ejn/AtlasAuthorityData.aspx Id=2456
2015-01-18 /ejn/EJN_AtlasAdvanced.aspx -
2015-01-18 /ejn/ -
2015-01-18 /ejn/ -
2015-01-18 /ejn/EJN_Search.aspx -
2015-01-18 /ejn/EJN_Home.aspx -
2015-01-18 /ejn/ -
2015-01-18 /ejn/ -
2015-01-18 /ejn/AtlasChooseCountry.aspx Type=1
2015-01-18 /ejn/AtlasChooseMeasure.aspx MP=0&Cou=395
2015-01-18 /ejn/AtlasSelection.aspx -
2015-01-18 /ejn/AtlasSelection.aspx -
2015-01-18 /ejn/AtlasSelection.aspx -
2015-01-18 /ejn/AtlasChooseCountry.aspx Type=1
2015-01-18 /ejn/ -
2015-01-18 /ejn/ -
2015-01-18 /ejn/EJN_InfoAbout.aspx Id=395
2015-01-18 /ejn/ -
2015-01-18 /ejn/ -
2015-01-18 /ejn/EJN_AtlasAdvanced.aspx -
2015-01-18 /ejn/NewsDetail.aspx id=183&Ori=H
2015-01-18 /ejn/EJN_Home.aspx -
2015-01-18 /ejn/EJN_News.aspx id=33
2015-01-18 /ejn/EJN_News.aspx id=33
2015-01-18 /ejn/libshowdocument.aspx Id=247&Lang=BG
2015-01-18 /ejn/libshowdocument.aspx Id=247&Lang=BG
2015-01-18 /ejn/EJN_Home.aspx -
2015-01-18 /ejn/EJN_Home.aspx -
2015-01-18 /ejn/EJN_Home.aspx -
2015-01-18 /ejn/ -
2015-01-18 /ejn/ -
2015-01-18 /ejn/AtlasChooseCountry.aspx Type=2
2015-01-18 /ejn/AtlasChooseMeasure.aspx MP=0&Cou=395
2015-01-18 /ejn/AtlasChooseMeasure.aspx MP=0&Cou=395
2015-01-18 /ejn/libcategories.aspx Id=4
2015-01-18 /ejn/EJN_Home.aspx -
2015-01-18 /ejn/EJN_FichesBelgesResult.aspx measure=401&country=395&other=-1
2015-01-18 /ejn/AtlasChooseMeasure.aspx MP=0&Cou=395
2015-01-18 /ejn/EJN_FichesBelgesResult.aspx measure=304&country=395&other=-1
2015-01-18 /ejn/EJN_StaticPage.aspx Bread=1
2015-01-18 /ejn/EJN_Home.aspx -
2015-01-18 /ejn/AtlasChooseCountry.aspx Type=2
2015-01-18 /ejn/ -
2015-01-18 /ejn/ -
2015-01-18 /ejn/AtlasChooseCountry.aspx Type=2
2015-01-18 /ejn/AtlasChooseMeasure.aspx MP=0&Cou=223
2015-01-18 /ejn/AtlasChooseMeasure.aspx MP=0&Cou=223
2015-01-18 /ejn/AtlasChooseMeasure.aspx MP=0&Cou=223
2015-01-18 /ejn/AtlasSelection.aspx -
2015-01-18 /ejn/AtlasChooseAuthority.aspx -
2015-01-18 /ejn/AtlasChooseAuthority.aspx/GetLocations -
2015-01-18 /ejn/AtlasChooseAuthority.aspx -
2015-01-18 /ejn/AtlasAuthorityData.aspx Id=4909
2015-01-18 /ejn/ejn_atlasadvanced.aspx reload=1
2015-01-18 /ejn/ -
2015-01-18 /ejn/ -
2015-01-18 /ejn/AtlasChooseCountry.aspx Type=2
2015-01-18 /ejn/EJN_Home.aspx -
2015-01-18 /ejn/AtlasChooseCountry.aspx Type=2
2015-01-18 /ejn/AtlasChooseMeasure.aspx MP=0&Cou=395
2015-01-18 /ejn/AtlasChooseMeasure.aspx MP=0&Cou=395
2015-01-18 /ejn/EJN_FichesBelgesResult.aspx measure=304&country=395&other=-1
2015-01-18 /ejn/EJN_Login.aspx -
2015-01-18 /ejn/EJN_FichesBelgesResult.aspx measure=304&country=395&other=-1
2015-01-18 /ejn/ -
2015-01-18 /ejn/AtlasChooseCountry.aspx -
2015-01-18 /ejn/EJN_Home.aspx -
2015-01-18 /ejn/EJN_FichesBelges.aspx -
2015-01-18 /ejn/AtlasChooseCountry.aspx -
2015-01-18 /ejn/ -
2015-01-18 /ejn/EJN_InfoAbout.aspx Id=337
2015-01-18 /ejn/EJN_InfoAbout.aspx Id=337
2015-01-18 /ejn/EJN_InfoAbout.aspx Id=277
2015-01-18 /ejn/ -
2015-01-18 /ejn/ -
2015-01-18 /ejn/EJN_Home.aspx -
2015-01-18 /ejn/EJN_Home.aspx -
2015-01-18 /ejn/ -
2015-01-18 /ejn/ -
2015-01-18 /ejn/AtlasChooseCountry.aspx Type=2
2015-01-18 /ejn/AtlasChooseMeasure.aspx MP=1&Cou=FR
2015-01-18 /ejn/EJN_FichesBelgesResult.aspx measure=301&country=273&other=-1
2015-01-18 /ejn/EJN_StaticPage.aspx Bread=34
2015-01-18 /ejn/ -
2015-01-18 /ejn/ -
2015-01-18 /ejn/EJN_FichesBelges.aspx -
2015-01-18 /ejn/EJN_Events.aspx date=09/06/2011
2015-01-18 /ejn/EJN_Events.aspx date=09/06/2011
2015-01-18 /ejn/EJN_Compendium.aspx -
2015-01-18 /ejn/ctrls.compendium/IframeEngine.aspx -
2015-01-18 /ejn/EJN_Home.aspx -
2015-01-18 /ejn/EJN_ContactPoints.aspx -
2015-01-18 /ejn/EJN_ContactPoints.aspx -
2015-01-18 /ejn/EJN_AtlasAdvanced.aspx -
2015-01-18 /ejn/ -
2015-01-18 /ejn/ -
2015-01-18 /ejn/ -
2015-01-18 /ejn/ -
2015-01-18 /ejn/EJN_Compendium.aspx -
2015-01-18 /ejn/ctrls.compendium/IframeEngine.aspx -
2015-01-18 /ejn/EJN_Compendium.aspx -
2015-01-18 /ejn/ctrls.compendium/IframeEngine.aspx -
2015-01-18 /ejn/libshowdocument.aspx Id=247&Lang=NL
2015-01-18 /ejn/libshowdocument.aspx Id=247&Lang=NL
2015-01-18 /ejn/libcategories.aspx Id=14
2015-01-18 /ejn/AtlasChooseCountry.aspx -
2015-01-18 /ejn/EJN_Home.aspx -
2015-01-18 /ejn/AtlasChooseCountry.aspx Type=1
2015-01-18 /ejn/AtlasChooseCountry.aspx Type=1
2015-01-18 /ejn/AtlasChooseMeasure.aspx MP=0&Cou=295
2015-01-18 /ejn/AtlasSelection.aspx -
2015-01-18 /ejn/EJN_Home.aspx -
2015-01-18 /ejn/libcategories.aspx -
2015-01-18 /ejn/libcategories.aspx Id=5
2015-01-18 /ejn/AtlasSelection.aspx -
2015-01-18 /ejn/AtlasSelection.aspx -
2015-01-18 /ejn/AtlasAuthorityData.aspx Id=5311
2015-01-18 /ejn/AtlasAuthorityData.aspx Id=5311
2015-01-18 /ejn/AtlasSelection.aspx Option=PathOptions
2015-01-18 /ejn/libshowdocument.aspx Id=388&Lang=ES
2015-01-18 /ejn/AtlasSelection.aspx Option=PathOptions
2015-01-18 /ejn/AtlasSelection.aspx Option=PathOptions
2015-01-18 /ejn/AtlasSelection.aspx Option=PathOptions
2015-01-18 /ejn/AtlasSelection.aspx Option=PathOptions
2015-01-18 /ejn/AtlasAuthorityData.aspx Id=5311
2015-01-18 /ejn/AtlasAuthorityData.aspx Id=5311
2015-01-18 /ejn/AtlasSelection.aspx Option=PathOptions
2015-01-18 /ejn/AtlasSelection.aspx Option=PathOptions
2015-01-18 /ejn/AtlasSelection.aspx Option=PathOptions
2015-01-18 /ejn/AtlasChooseAuthority.aspx -
2015-01-18 /ejn/AtlasChooseAuthority.aspx -
2015-01-18 /ejn/AtlasSelection.aspx Option=PathOptions
2015-01-18 /ejn/AtlasSelection.aspx Option=PathOptions
2015-01-18 /ejn/AtlasSelection.aspx Option=PathOptions
2015-01-18 /ejn/AtlasSelection.aspx Option=PathOptions
2015-01-18 /ejn/AtlasSelection.aspx Option=PathOptions
2015-01-18 /ejn/AtlasAuthorityData.aspx Id=5311
2015-01-18 /ejn/AtlasAuthorityData.aspx Id=5311
2015-01-18 /ejn/AtlasAuthorityData.aspx Id=5311
2015-01-18 /ejn/AtlasSelection.aspx Option=PathOptions
2015-01-18 /ejn/AtlasChooseAuthority.aspx -
2015-01-18 /ejn/AtlasSelection.aspx -
2015-01-18 /ejn/AtlasChooseCountry.aspx Type=1
2015-01-18 /ejn/EJN_EAWWizard.aspx -
2015-01-18 /ejn/ctrls.eawwizard/IframeEngine.aspx -
2015-01-18 /ejn/EJN_EAWWizard.aspx -
2015-01-18 /ejn/ctrls.eawwizard/IframeEngine.aspx -
2015-01-18 /ejn/libcategories.aspx Id=5
2015-01-18 /ejn/EJN_Home.aspx -
2015-01-18 /ejn/NewsAll.aspx Id=2
2015-01-18 /ejn/Events.aspx id=6
2015-01-18 /ejn/Events.aspx event=318
2015-01-18 /ejn/EJN_StaticPage.aspx Bread=37
2015-01-18 /ejn/EJN_StaticPage.aspx Bread=30
2015-01-18 /ejn/AtlasChooseCountry.aspx -
2015-01-18 /ejn/Events.aspx Id=6
2015-01-18 /ejn/libcategories.aspx Id=2
2015-01-18 /ejn/NewsDetail.aspx id=344&Ori=H
2015-01-18 /ejn/Gallery.aspx -
2015-01-18 /ejn/EJN_StaticPage.aspx Bread=9
2015-01-18 /ejn/EJN_Home.aspx -
2015-01-18 /ejn/EJN_StaticPage.aspx Bread=12
2015-01-18 /ejn/EJN_Compendium.aspx -
2015-01-18 /ejn/EJN_Home.aspx -
2015-01-18 /ejn/EJN_Secretariat.aspx -
2015-01-18 /ejn/EJN_Home.aspx -
2015-01-18 /ejn/libcategories.aspx Id=14
2015-01-18 /ejn/libdocumentproperties.aspx Id=331
2015-01-18 /ejn/libdocumentproperties.aspx Id=331
2015-01-18 /ejn/EJN_StaticPage.aspx Bread=17
2015-01-18 /ejn/NewsAll.aspx Id=3
2015-01-18 /ejn/EJN_Home.aspx -
2015-01-18 /ejn/EJN_Home.aspx -
2015-01-18 /ejn/libdocumentproperties.aspx Id=320
2015-01-18 /ejn/libdocumentproperties.aspx Id=320
2015-01-18 /ejn/EJN_Home.aspx -
2015-01-18 /ejn/EJN_AtlasAdvanced.aspx -
2015-01-18 /ejn/ -
2015-01-18 /ejn/EJN_Home.aspx -
2015-01-18 /ejn/ -
2015-01-18 /ejn/ -
2015-01-18 /ejn/ -
2015-01-18 /ejn/EJN_AtlasAdvanced.aspx -
2015-01-18 /ejn/EJN_Home.aspx -
2015-01-18 /ejn/EJN_Faqs.aspx -
2015-01-18 /ejn/ -
2015-01-18 /ejn/ -
2015-01-18 /ejn/EJN_Home.aspx -
2015-01-18 /ejn/EJN_Home.aspx -
2015-01-18 /ejn/EJN_AtlasAdvanced.aspx -
2015-01-18 /ejn/ -
2015-01-18 /ejn/EJN_Home.aspx -
2015-01-18 /ejn/EJN_Home.aspx -
2015-01-18 /ejn/EJN_Home.aspx -
2015-01-18 /ejn/EJN_QuickLinks.aspx id=25
2015-01-18 /ejn/EJN_Home.aspx -
2015-01-18 /ejn/ -
2015-01-18 /ejn/libcategories.aspx Id=40
2015-01-18 /ejn/EJN_Home.aspx -
2015-01-18 /ejn/libcategories.aspx Id=40
2015-01-18 /ejn/libshowdocument.aspx Id=222&Lang=NL
2015-01-18 /ejn/EJN_Compendium.aspx -
2015-01-18 /ejn/EJN_Home.aspx -
2015-01-18 /ejn/EJN_Home.aspx -
2015-01-18 /ejn/ -
2015-01-18 /ejn/EJN_AtlasAdvanced.aspx -
2015-01-18 /ejn/EJN_Home.aspx -
2015-01-18 /ejn/EJN_Home.aspx -
2015-01-18 /ejn/libshowdocument.aspx Id=16&Lang=RO
2015-01-18 /ejn/libshowdocument.aspx Id=16&Lang=RO
2015-01-18 /ejn/EJN_AtlasAdvanced.aspx -
2015-01-18 /ejn/EJN_Home.aspx -
2015-01-18 /ejn/libshowdocument.aspx Id=197&Lang=CS
2015-01-18 /ejn/libshowdocument.aspx Id=197&Lang=CS
2015-01-18 /ejn/EJN_Home.aspx -
2015-01-18 /ejn/ -
2015-01-18 /ejn/EJN_AtlasAdvanced.aspx -
2015-01-18 /ejn/EJN_Home.aspx -
2015-01-18 /ejn/AtlasAuthorityData.aspx Id=3609
2015-01-18 /ejn/EJN_Home.aspx -
2015-01-18 /ejn/EJN_Home.aspx -
2015-01-18 /ejn/ejn_guidevisit.aspx -
2015-01-18 /ejn/ejn_guidevisit.aspx -
2015-01-18 /ejn/EJN_Home.aspx -
2015-01-18 /ejn/EJN_Home.aspx -
2015-01-18 /ejn/EJN_Home.aspx -
2015-01-18 /ejn/EJN_Home.aspx -
2015-01-18 /ejn/EJN_Home.aspx -
2015-01-18 /ejn/EJN_InfoAbout.aspx Id=293
2015-01-18 /ejn/EJN_Home.aspx -
2015-01-18 /ejn/EJN_InfoAbout.aspx Id=293
2015-01-18 /ejn/EJN_Home.aspx -
2015-01-18 /ejn/EJN_Home.aspx -
2015-01-18 /ejn/EJN_Events.aspx Id=29
2015-01-18 /ejn/EJN_Events.aspx Id=29
2015-01-18 /ejn/ -
2015-01-18 /ejn/libcategories.aspx Id=32
2015-01-18 /ejn/EJN_Home.aspx -
2015-01-18 /ejn/EJN_Home.aspx -
2015-01-18 /ejn/EJN_InfoAbout.aspx Id=277
2015-01-18 /ejn/EJN_Home.aspx -
2015-01-18 /ejn/ -
2015-01-18 /ejn/EJN_Home.aspx -
2015-01-18 /ejn/ -
2015-01-18 /ejn/libcategories.aspx Id=32
2015-01-18 /ejn/libdocumentproperties.aspx Id=622
2015-01-18 /ejn/ -
2015-01-18 /ejn/EJN_Compendium.aspx -
2015-01-18 /ejn/libdocumentproperties.aspx Id=622
2015-01-18 /ejn/EJN_EAWWizard.aspx -
2015-01-18 /ejn/EJN_FichesBelges.aspx -
2015-01-18 /ejn/ctrls.eawwizard/IframeEngine.aspx -
2015-01-18 /ejn/libadvancedsearch.aspx -
2015-01-18 /ejn/ctrls.compendium/IframeEngine.aspx -
2015-01-18 /ejn/EJN_StaticPage.aspx Bread=12
2015-01-18 /ejn/libdocumentproperties.aspx Id=622
2015-01-18 /ejn/libdocumentproperties.aspx Id=622
2015-01-18 /ejn/EJN_Compendium.aspx -
2015-01-18 /ejn/ctrls.compendium/IframeEngine.aspx -
2015-01-18 /ejn/EJN_EAWWizard.aspx -
2015-01-18 /ejn/ctrls.eawwizard/IframeEngine.aspx -
2015-01-18 /ejn/EJN_FichesBelges.aspx -
2015-01-18 /ejn/EJN_FichesBelges.aspx -
2015-01-18 /ejn/EJN_FichesBelges.aspx -
2015-01-18 /ejn/EJN_FichesBelgesResult.aspx measure=703&country=351&other=277
2015-01-18 /ejn/libcategories.aspx Id=41
2015-01-18 /ejn/EJN_FichesBelgesResult.aspx measure=711&country=351&other=277
2015-01-18 /ejn/ejn_home.aspx -
2015-01-18 /ejn/sitemap.aspx -
2015-01-18 /ejn/EJN_Home.aspx -
2015-01-18 /ejn/AtlasChooseCountry.aspx Type=2
2015-01-18 /ejn/AtlasChooseMeasure.aspx MP=1&Cou=DE
2015-01-18 /ejn/AtlasChooseCountry.aspx Type=2
2015-01-18 /ejn/AtlasChooseMeasure.aspx MP=1&Cou=PL
2015-01-18 /ejn/EJN_Home.aspx -
2015-01-18 /ejn/EJN_FichesBelgesResult.aspx measure=301&country=351&other=-1
2015-01-18 /ejn/EJN_FichesBelgesResult.aspx measure=704&country=351&other=-1
2015-01-18 /ejn/EJN_Home.aspx -
2015-01-18 /ejn/EJN_Home.aspx -
2015-01-18 /ejn/ -
2015-01-18 /ejn/ ++Culture:ROSessionId:ithecl3wtuhpmkprhirj54ovDate_Time:18:31
2015-01-18 /ejn/AtlasChooseMeasure.aspx Mp=1&Cou=FR&Type=2
2015-01-18 /ejn/ -
2015-01-18 /ejn/libcategories.aspx Id=14
2015-01-18 /ejn/ -
2015-01-18 /ejn/ -
2015-01-18 /ejn/EJN_Home.aspx -
2015-01-18 /ejn/AtlasChooseMeasure.aspx Mp=1&Cou=ES&Type=2
2015-01-18 /ejn/EJN_Library_StatusOfImpByCou.aspx CountryId=373
2015-01-18 /ejn/EJN_Home.aspx -
2015-01-18 /ejn/EJN_Home.aspx -
2015-01-18 /ejn/EJN_News.aspx Publication=All
2015-01-18 /ejn/EJN_News.aspx Publication=All
2015-01-18 /ejn/EJN_AtlasAdvanced.aspx -
2015-01-18 /ejn/ -
2015-01-18 /ejn/EJN_Home.aspx -
2015-01-18 /ejn/AtlasChooseMeasure.aspx Mp=1&Cou=ES&Type=2
2015-01-18 /ejn/EJN_Home.aspx -
2015-01-18 /ejn/EJN_FichesBelgesResult.aspx measure=505&country=373&other=-1
2015-01-18 /ejn/EJN_FichesBelgesResult.aspx measure=601&country=373&other=-1
2015-01-18 /ejn/EJN_AtlasAdvanced.aspx -
2015-01-18 /ejn/EJN_FichesBelgesTable.aspx -
2015-01-18 /ejn/AtlasChooseCountry.aspx Type=2
2015-01-18 /ejn/AtlasChooseMeasure.aspx MP=1&Cou=PT
2015-01-18 /ejn/EJN_Home.aspx -
2015-01-18 /ejn/AtlasChooseMeasure.aspx MP=1&Cou=PT
2015-01-18 /ejn/AtlasChooseCountry.aspx Type=1
2015-01-18 /ejn/AtlasChooseMeasure.aspx MP=1&Cou=PL
2015-01-18 /ejn/AtlasSelection.aspx -
2015-01-18 /ejn/AtlasChooseMeasure.aspx MP=1&Cou=PT
2015-01-18 /ejn/EJN_Home.aspx -
2015-01-18 /ejn/AtlasExtraInformationInstrument.aspx id=901&KeepThis=true&
2015-01-18 /ejn/AtlasChooseMeasure.aspx MP=1&Cou=PT
2015-01-18 /ejn/EJN_FichesBelgesResult.aspx measure=709&country=352&other=-1
2015-01-18 /ejn/EJN_Home.aspx -
2015-01-18 /ejn/EJN_Home.aspx -
2015-01-18 /ejn/ -
2015-01-18 /ejn/EJN_AtlasAdvanced.aspx -
2015-01-18 /ejn/EJN_FichesBelgesTable.aspx -
2015-01-18 /ejn/EJN_Home.aspx -
2015-01-18 /ejn/AtlasChooseMeasure.aspx MP=1&Cou=PT
2015-01-18 /ejn/EJN_FichesBelgesResult.aspx measure=707&country=352&other=-1
2015-01-18 /ejn/EJN_Home.aspx -
2015-01-18 /ejn/ -
2015-01-18 /ejn/EJN_Home.aspx -
2015-01-18 /ejn/EJN_StaticPage.aspx Bread=8
2015-01-18 /ejn/EJN_AtlasAdvanced.aspx -
2015-01-18 /ejn/ -
2015-01-18 /ejn/EJN_Home.aspx -
2015-01-18 /ejn/EJN_Home.aspx -
2015-01-18 /ejn/EJN_Home.aspx -
2015-01-18 /ejn/EJN_QuickLinks.aspx -
2015-01-18 /ejn/EJN_Home.aspx -
2015-01-18 /ejn/EJN_Home.aspx -
2015-01-18 /ejn/EJN_Events.aspx date=27/06/2011
2015-01-18 /ejn/EJN_Events.aspx date=27/06/2011
2015-01-18 /ejn/ -
2015-01-18 /ejn/AtlasChooseCountry.aspx Type=2
2015-01-18 /ejn/AtlasChooseMeasure.aspx MP=1&Cou=FR
2015-01-18 /ejn/AtlasChooseMeasure.aspx MP=1&Cou=FR
2015-01-18 /ejn/AtlasChooseCountry.aspx Type=2
2015-01-18 /ejn/AtlasChooseMeasure.aspx MP=1&Cou=FR
2015-01-18 /ejn/EJN_Home.aspx -
2015-01-18 /ejn/AtlasChooseMeasure.aspx MP=1&Cou=FR
2015-01-18 /ejn/AtlasChooseCountry.aspx Type=2
2015-01-18 /ejn/AtlasChooseMeasure.aspx MP=1&Cou=ES
2015-01-18 /ejn/EJN_Home.aspx -
2015-01-18 /ejn/AtlasChooseMeasure.aspx MP=1&Cou=ES
2015-01-18 /ejn/AtlasChooseCountry.aspx Type=2
2015-01-18 /ejn/AtlasChooseCountry.aspx Type=2
2015-01-18 /eaw_atlas.aspx -
2015-01-18 /ejn/EJN_Home.aspx -
2015-01-18 /ejn/ -
2015-01-18 /ejn/EJN_Home.aspx -
2015-01-18 /ejn/AtlasChooseCountry.aspx Type=2
2015-01-18 /ejn/AtlasChooseMeasure.aspx MP=1&Cou=DE
2015-01-18 /ejn/AtlasChooseMeasure.aspx MP=1&Cou=DE
2015-01-18 /ejn/ -
2015-01-18 /ejn/AtlasChooseMeasure.aspx MP=1&Cou=DE
2015-01-18 /ejn/AtlasChooseCountry.aspx Type=2
2015-01-18 /ejn/EJN_FichesBelgesResult.aspx measure=709&country=277&other=-1
2015-01-18 /ejn/AtlasChooseMeasure.aspx MP=1&Cou=LT
2015-01-18 /ejn/AtlasChooseMeasure.aspx MP=1&Cou=LT
2015-01-18 /ejn/AtlasChooseMeasure.aspx MP=1&Cou=LT
2015-01-18 /ejn/AtlasChooseMeasure.aspx MP=1&Cou=LT
2015-01-18 /ejn/AtlasSelection.aspx -
2015-01-18 /ejn/AtlasSelection.aspx -
2015-01-18 /ejn/AtlasSelection.aspx -
2015-01-18 /ejn/AtlasChooseAuthority.aspx -
2015-01-18 /ejn/AtlasChooseAuthority.aspx/GetLocations -
2015-01-18 /ejn/AtlasChooseAuthority.aspx/GetLocations -
2015-01-18 /ejn/AtlasChooseAuthority.aspx -
2015-01-18 /ejn/AtlasChooseAuthority.aspx/GetLocations -
2015-01-18 /ejn/AtlasChooseAuthority.aspx/GetLocations -
2015-01-18 /ejn/AtlasChooseAuthority.aspx -
2015-01-18 /ejn/AtlasAuthorityData.aspx Id=4997
2015-01-18 /ejn/ -
2015-01-18 /ejn/AtlasChooseAuthority.aspx -
2015-01-18 /ejn/AtlasSelection.aspx -
2015-01-18 /ejn/AtlasChooseCountry.aspx Type=2
2015-01-18 /ejn/AtlasChooseMeasure.aspx MP=1&Cou=LT
2015-01-18 /ejn/AtlasChooseCountry.aspx Type=2
2015-01-18 /ejn/AtlasChooseMeasure.aspx MP=0&Cou=277
2015-01-18 /ejn/AtlasChooseMeasure.aspx MP=0&Cou=277
2015-01-18 /ejn/AtlasChooseMeasure.aspx MP=0&Cou=277
2015-01-18 /ejn/AtlasSelection.aspx -
2015-01-18 /ejn/AtlasChooseAuthority.aspx -
2015-01-18 /ejn/AtlasChooseAuthority.aspx/GetLocations -
2015-01-18 /ejn/AtlasChooseAuthority.aspx/GetLocations -
2015-01-18 /ejn/AtlasChooseAuthority.aspx -
2015-01-18 /ejn/AtlasChooseAuthority.aspx -
2015-01-18 /ejn/AtlasChooseAuthority.aspx -
2015-01-18 /ejn/EJN_Home.aspx -
2015-01-18 /ejn/AtlasChooseAuthority.aspx -
2015-01-18 /ejn/ -
2015-01-18 /ejn/AtlasChooseAuthority.aspx -
2015-01-18 /ejn/EJN_Home.aspx -
2015-01-18 /ejn/AtlasChooseAuthority.aspx -
2015-01-18 /ejn/AtlasChooseAuthority.aspx -
2015-01-18 /ejn/AtlasChooseAuthority.aspx -
2015-01-18 /ejn/AtlasChooseAuthority.aspx -
2015-01-18 /ejn/AtlasChooseMeasure.aspx MP=0&Cou=277
2015-01-18 /ejn/AtlasChooseMeasure.aspx MP=0&Cou=277
2015-01-18 /ejn/EJN_Library_StatusOfImpByCou.aspx CountryId=277
2015-01-18 /ejn/EJN_FichesBelgesResult.aspx measure=711&country=277&other=-1
2015-01-18 /ejn/EJN_FichesBelgesResult.aspx measure=703&country=277&other=-1
2015-01-18 /ejn/ -
2015-01-18 /ejn/AtlasChooseCountry.aspx Type=2
2015-01-18 /ejn/AtlasChooseMeasure.aspx MP=1&Cou=DE
2015-01-18 /ejn/AtlasChooseMeasure.aspx MP=1&Cou=DE
2015-01-18 /ejn/AtlasChooseMeasure.aspx MP=1&Cou=DE
2015-01-18 /ejn/AtlasSelection.aspx -
2015-01-18 /ejn/AtlasChooseAuthority.aspx -
2015-01-18 /ejn/ -
2015-01-18 /ejn/AtlasChooseAuthority.aspx/GetLocations -
2015-01-18 /ejn/AtlasChooseAuthority.aspx -
2015-01-18 /ejn/AtlasAuthorityData.aspx Id=4189
2015-01-18 /ejn/EJN_Home.aspx -
2015-01-18 /ejn/EJN_StaticPage.aspx Bread=12
2015-01-18 /ejn/ -
2015-01-18 /ejn/libcategories.aspx -
2015-01-18 /ejn/libcategories.aspx Id=1
2015-01-18 /ejn/libcategories.aspx Id=19
2015-01-18 /ejn/libcategories.aspx Id=12
2015-01-18 /ejn/libcategories.aspx Id=104
2015-01-18 /ejn/EJN_Library_StatusOfImpByCat.aspx CategoryId=104
2015-01-18 /ejn/EJN_AtlasAdvanced.aspx -
2015-01-18 /ejn/EJN_Home.aspx -
2015-01-18 /ejn/AtlasAuthorityData.aspx Id=4189
2015-01-18 /ejn/libcategories.aspx Id=54
2015-01-18 /ejn/libshowdocument.aspx Id=439&Lang=SL
2015-01-18 /ejn/EJN_AtlasAdvanced.aspx -
2015-01-18 /ejn/ -
2015-01-18 /ejn/libcategories.aspx Id=34
2015-01-18 /ejn/libshowdocument.aspx Id=126&Lang=SL
2015-01-18 /ejn/libshowdocument.aspx Id=3&Lang=SL
2015-01-18 /ejn/libshowdocument.aspx Id=681&Lang=SL
2015-01-18 /ejn/libdocumentproperties.aspx Id=418
2015-01-18 /ejn/EJN_Home.aspx -
2015-01-18 /ejn/ejn_home.aspx -
2015-01-18 /ejn/libdocumentproperties.aspx Id=418
2015-01-18 /ejn/EJN_Home.aspx -
2015-01-18 /ejn/libcategories.aspx Id=35
2015-01-18 /ejn/libshowdocument.aspx Id=217&Lang=SL
2015-01-18 /ejn/ -
2015-01-18 /ejn/EJN_AtlasAdvanced.aspx -
2015-01-18 /ejn/ -
2015-01-18 /ejn/libcategories.aspx -
2015-01-18 /ejn/libcategories.aspx Id=2
2015-01-18 /ejn/libcategories.aspx -
2015-01-18 /ejn/libcategories.aspx Id=1
2015-01-18 /ejn/libcategories.aspx Id=19
2015-01-18 /ejn/libcategories.aspx Id=12
2015-01-18 /ejn/libcategories.aspx Id=36
2015-01-18 /ejn/libshowdocument.aspx Id=216&Lang=SL
2015-01-18 /ejn/libshowdocument.aspx Id=780&Lang=SL
2015-01-18 /ejn/libcategories.aspx Id=38
2015-01-18 /ejn/libshowdocument.aspx Id=219&Lang=SL
2015-01-18 /ejn/libshowdocument.aspx Id=477&Lang=SL
2015-01-18 /ejn/libshowdocument.aspx Id=1220&Lang=SL
2015-01-18 /ejn/EJN_Home.aspx -
2015-01-18 /ejn/ -
2015-01-18 /ejn/libcategories.aspx Id=52
2015-01-18 /ejn/libshowdocument.aspx Id=437&Lang=SL
2015-01-18 /ejn/EJN_Home.aspx -
2015-01-18 /ejn/libshowdocument.aspx Id=792&Lang=SL
2015-01-18 /ejn/libdocumentproperties.aspx Id=793
2015-01-18 /ejn/EJN_Home.aspx -
2015-01-18 /ejn/libcategories.aspx Id=25
2015-01-18 /ejn/libshowdocument.aspx Id=99&Lang=SL
2015-01-18 /ejn/libcategories.aspx Id=24
2015-01-18 /ejn/libshowdocument.aspx Id=95&Lang=SL
2015-01-18 /ejn/libcategories.aspx Id=12
2015-01-18 /ejn/libcategories.aspx Id=24
2015-01-18 /ejn/libshowdocument.aspx Id=221&Lang=LV
2015-01-18 /ejn/libcategories.aspx Id=42
2015-01-18 /ejn/libcategories.aspx Id=42
2015-01-18 /ejn/libshowdocument.aspx Id=244&Lang=SL
2015-01-18 /ejn/EJN_Home.aspx -
2015-01-18 /ejn/libcategories.aspx Id=53
2015-01-18 /ejn/ -
2015-01-18 /ejn/libshowdocument.aspx Id=438&Lang=SL
2015-01-18 /ejn/EJN_Home.aspx -
2015-01-18 /ejn/libshowdocument.aspx Id=438&Lang=SL
2015-01-18 /ejn/libcategories.aspx Id=66
2015-01-18 /ejn/ -
2015-01-18 /ejn/libshowdocument.aspx Id=479&Lang=SL
2015-01-18 /ejn/libcategories.aspx Id=37
2015-01-18 /ejn/ -
2015-01-18 /ejn/libshowdocument.aspx Id=218&Lang=SL
2015-01-18 /ejn/libshowdocument.aspx Id=218&Lang=SL
2015-01-18 /ejn/libcategories.aspx Id=39
2015-01-18 /ejn/libshowdocument.aspx Id=221&Lang=SL
2015-01-18 /ejn/EJN_Home.aspx -
2015-01-18 /ejn/libcategories.aspx -
2015-01-18 /ejn/libcategories.aspx Id=5
2015-01-18 /ejn/EJN_InfoAbout.aspx Id=307
2015-01-18 /ejn/EJN_Home.aspx -
2015-01-18 /ejn/ejn_infoabout.aspx -
2015-01-18 /ejn/EJN_StaticPage.aspx Bread=2
2015-01-18 /ejn/EJN_Home.aspx -
2015-01-18 /ejn/EJN_StaticPage.aspx Bread=7
2015-01-18 /ejn/NewsAll.aspx Id=1
2015-01-18 /ejn/libshowdocument.aspx Id=221&Lang=SL
2015-01-18 /ejn/libcategories.aspx Id=25
2015-01-18 /ejn/EJN_StaticPage.aspx Bread=20
2015-01-18 /ejn/ -
2015-01-18 /ejn/EJN_StaticPage.aspx Bread=27
2015-01-18 /ejn/NewsAll.aspx Id=4
2015-01-18 /ejn/libcategories.aspx Id=14
2015-01-18 /ejn/NewsDetail.aspx id=352&Ori=H
2015-01-18 /ejn/EJN_QuickLinks.aspx -
2015-01-18 /ejn/EJN_Home.aspx -
2015-01-18 /ejn/EJN_Home.aspx -
2015-01-18 /ejn/ -
2015-01-18 /ejn/libcategories.aspx Id=36
2015-01-18 /ejn/EJN_Home.aspx -
2015-01-18 /ejn/EJN_StaticPage.aspx Bread=2
2015-01-18 /ejn/EJN_Home.aspx -
2015-01-18 /ejn/EJN_Home.aspx -
2015-01-18 /ejn/AtlasChooseCountry.aspx -
2015-01-18 /ejn/EJN_Home.aspx -
2015-01-18 /ejn/ -
2015-01-18 /ejn/AtlasChooseCountry.aspx -
2015-01-18 /ejn/EJN_Home.aspx -
2015-01-18 /ejn/EJN_Home.aspx -
2015-01-18 /ejn/AtlasChooseCountry.aspx -
2015-01-18 /ejn/AtlasChooseMeasure.aspx MP=0&Cou=373
2015-01-18 /ejn/EJN_FichesBelgesResult.aspx measure=303&country=373&other=-1
2015-01-18 /ejn/AtlasChooseCountry.aspx -
2015-01-18 /ejn/ -
2015-01-18 /ejn/EJN_Home.aspx -
2015-01-18 /ejn/EJN_Home.aspx -
2015-01-18 /ejn/EJN_AtlasAdvanced.aspx -
2015-01-18 /ejn/EJN_Home.aspx -
2015-01-18 /ejn/EJN_Home.aspx -
2015-01-18 /ejn/EJN_Home.aspx -
2015-01-18 /ejn/EJN_Home.aspx -
2015-01-18 /ejn/EJN_Home.aspx -
2015-01-18 /ejn/Events.aspx event=317
2015-01-18 /ejn/EJN_Home.aspx -
2015-01-18 /ejn/EJN_Home.aspx -
2015-01-18 /ejn/EJN_Home.aspx -
2015-01-18 /ejn/EJN_Home.aspx -
2015-01-18 /ejn/EJN_Home.aspx -
2015-01-18 /ejn/libshowdocument.aspx Id=16&Lang=SL
2015-01-18 /ejn/libshowdocument.aspx Id=16&Lang=HU
2015-01-18 /ejn/EJN_Home.aspx -
2015-01-18 /ejn/EJN_Home.aspx -
2015-01-18 /ejn/ -
2015-01-18 /ejn/libcategories.aspx -
2015-01-18 /ejn/libcategories.aspx Id=4
2015-01-18 /ejn/libdocumentproperties.aspx Id=1176
2015-01-18 /ejn/libcategories.aspx Id=4
2015-01-18 /ejn/EJN_Home.aspx -
2015-01-18 /ejn/EJN_Home.aspx -
2015-01-18 /ejn/EJN_Home.aspx -
2015-01-18 /ejn/ -
2015-01-18 /ejn/EJN_Home.aspx -
2015-01-18 /ejn/ -
2015-01-18 /ejn/libcategories.aspx -
2015-01-18 /ejn/libcategories.aspx Id=1
2015-01-18 /ejn/libcategories.aspx Id=19
2015-01-18 /ejn/libcategories.aspx Id=12
2015-01-18 /ejn/libcategories.aspx Id=39
2015-01-18 /ejn/libdocumentproperties.aspx Id=1260
2015-01-18 /ejn/EJN_Home.aspx -
2015-01-18 /ejn/EJN_Home.aspx -
2015-01-18 /ejn/ -
2015-01-18 /ejn/EJN_Home.aspx -
2015-01-18 /ejn/EJN_Home.aspx -
2015-01-18 /ejn/EJN_AtlasAdvanced.aspx -
2015-01-18 /ejn/ -
2015-01-18 /ejn/EJN_AtlasAdvanced.aspx -
2015-01-18 /ejn/EJN_Home.aspx -
2015-01-18 /ejn/EJN_StaticPage.aspx Bread=9
2015-01-18 /ejn/EJN_StaticPage.aspx Bread=2
2015-01-18 /ejn/EJN_Home.aspx -
2015-01-18 /ejn/ -
2015-01-18 /ejn/ -
2015-01-18 /ejn/EJN_AtlasAdvanced.aspx -
2015-01-18 /ejn/libcategories.aspx Id=44
2015-01-18 /ejn/libshowdocument.aspx Id=421&Lang=SL
2015-01-18 /ejn/EJN_Home.aspx -
2015-01-18 /ejn/libshowdocument.aspx Id=221&Lang=LV
2015-01-18 /ejn/EJN_Home.aspx -
2015-01-18 /ejn/EJN_StaticPage.aspx Bread=28
2015-01-18 /ejn/EJN_StaticPage.aspx Bread=17
2015-01-18 /ejn/EJN_StaticPage.aspx Bread=21
2015-01-18 /ejn/EJN_StaticPage.aspx Bread=30
2015-01-18 /ejn/EJN_StaticPage.aspx Bread=20
2015-01-18 /ejn/EJN_StaticPage.aspx Bread=24
2015-01-18 /ejn/EJN_Home.aspx -
2015-01-18 /ejn/ -
2015-01-18 /ejn/ -
2015-01-18 /ejn/ -
2015-01-18 /ejn/ -
2015-01-18 /ejn/ -
2015-01-18 /ejn/EJN_AtlasAdvanced.aspx -
2015-01-18 /ejn/EJN_Home.aspx -
2015-01-18 /ejn/EJN_Home.aspx -
2015-01-18 /ejn/EJN_InfoAbout.aspx Id=321
2015-01-18 /ejn/EJN_InfoAbout.aspx Id=321
2015-01-18 /ejn/EJN_InfoAbout.aspx Id=258
2015-01-18 /ejn/EJN_Home.aspx -
2015-01-18 /ejn/EJN_InfoAbout.aspx Id=258
2015-01-18 /ejn/EJN_InfoAbout.aspx Id=223
2015-01-18 /ejn/EJN_Home.aspx -
2015-01-18 /ejn/ -
2015-01-18 /ejn/ ++Culture:PTSessionId:3fdyi4ksr2bhepuzg5stepgiDate_Time:22:31
2015-01-18 /ejn/EJN_AtlasAdvanced.aspx -
2015-01-18 /ejn/ -
2015-01-18 /ejn/libcategories.aspx Id=34
2015-01-18 /ejn/libshowdocument.aspx Id=126&Lang=PT
2015-01-18 /ejn/EJN_InfoAbout.aspx Id=223
2015-01-18 /ejn/EJN_InfoAbout.aspx Id=395
2015-01-18 /ejn/EJN_Home.aspx -
2015-01-18 /ejn/EJN_Home.aspx -
2015-01-18 /ejn/EJN_InfoAbout.aspx Id=395
2015-01-18 /ejn/EJN_InfoAbout.aspx Id=373
2015-01-18 /ejn/EJN_Home.aspx -
2015-01-18 /compendium.aspx -
2015-01-18 /ejn/EJN_InfoAbout.aspx Id=373
2015-01-18 /ejn/EJN_InfoAbout.aspx Id=352
2015-01-18 /ejn/EJN_InfoAbout.aspx Id=352
2015-01-18 /ejn/EJN_InfoAbout.aspx Id=337
2015-01-18 /ejn/libshowdocument.aspx Id=126&Lang=PT
2015-01-18 /ejn/libcategories.aspx Id=34
2015-01-18 /ejn/libshowdocument.aspx Id=3&Lang=PT
2015-01-18 /ejn/libshowdocument.aspx Id=681&Lang=PT
2015-01-18 /ejn/libshowdocument.aspx Id=396&Lang=PT
2015-01-18 /ejn/libdocumentproperties.aspx Id=1040
2015-01-18 /ejn/libdocumentproperties.aspx Id=1040
2015-01-18 /ejn/EJN_Home.aspx -
2015-01-18 /ejn/EJN_Home.aspx -
2015-01-18 /ejn/EJN_Home.aspx -
2015-01-18 /ejn/ -
2015-01-18 /ejn/Events.aspx event=351
2015-01-18 /ejn/EJN_StaticPage.aspx Bread=1
2015-01-18 /ejn/EJN_Home.aspx -
2015-01-18 /ejn/libshowdocument.aspx Id=221&Lang=SK
2015-01-18 /ejn/ -
2015-01-18 /ejn/EJN_AtlasAdvanced.aspx -
2015-01-18 /ejn/EJN_Home.aspx -
2015-01-18 /ejn/Events.aspx id=7
2015-01-18 /ejn/EJN_Home.aspx -
2015-01-18 /ejn/EJN_Home.aspx -
2015-01-18 /ejn/EJN_Home.aspx -
2015-01-18 /ejn/EJN_Home.aspx -
2015-01-18 /ejn/EJN_Home.aspx -
2015-01-18 /ejn/EJN_Home.aspx -
2015-01-18 /ejn/EJN_AtlasAdvanced.aspx -
2015-01-18 /ejn/ -
2015-01-18 /ejn/EJN_Home.aspx -
2015-01-18 /ejn/ -
2015-01-18 /ejn/Events.aspx event=194
2015-01-18 /ejn/EJN_Home.aspx -
2015-01-18 /ejn/EJN_AtlasAdvanced.aspx -
2015-01-18 /ejn/ -
2015-01-18 /ejn/EJN_AtlasAdvanced.aspx -
2015-01-18 /ejn/ -
2015-01-18 /ejn/ -
2015-01-18 /ejn/EJN_Home.aspx -
2015-01-18 /ejn/ -
2015-01-18 /ejn/EJN_AtlasAdvanced.aspx -
2015-01-18 /ejn/EJN_QuickLinks.aspx id=24
2015-01-18 /ejn/EJN_Home.aspx -
2015-01-18 /ejn/EJN_Home.aspx -
2015-01-18 /ejn/EJN_Home.aspx -
2015-01-18 /ejn/EJN_Home.aspx -
2015-01-18 /ejn/EJN_Home.aspx -
2015-01-18 /ejn/EJN_Home.aspx -
2015-01-18 /ejn/ -
2015-01-18 /ejn/EJN_StaticPage.aspx Bread=16
2015-01-18 /ejn/EJN_StaticPage.aspx Bread=21
2015-01-18 /ejn/ -
2015-01-18 /ejn/EJN_AtlasAdvanced.aspx -
2015-01-18 /ejn/EJN_Home.aspx -
2015-01-18 /ejn/libshowdocument.aspx Id=16&Lang=SL
2015-01-18 /ejn/ -
2015-01-18 /ejn/EJN_Home.aspx -
2015-01-18 /ejn/EJN_AtlasAdvanced.aspx -
2015-01-18 /ejn/EJN_Home.aspx -
2015-01-18 /ejn/NewsAll.aspx -
2015-01-18 /ejn/EJN_Home.aspx -
2015-01-18 /ejn/EJN_Home.aspx -
2015-01-18 /ejn/EJN_Home.aspx -
2015-01-18 /ejn/EJN_Home.aspx -
2015-01-18 /ejn/EJN_Home.aspx -
2015-01-18 /ejn/EJN_Home.aspx -
2015-01-18 /ejn/libcategories.aspx Id=34
2015-01-18 /ejn/EJN_Home.aspx -
2015-01-18 /ejn/EJN_Home.aspx -
2015-01-18 /ejn/AtlasChooseCountry.aspx -
2015-01-18 /ejn/EJN_Home.aspx -
2015-01-18 /ejn/EJN_Home.aspx -
2015-01-18 /ejn/EJN_Home.aspx -
2015-01-18 /ejn/ -
2015-01-18 /ejn/EJN_AtlasAdvanced.aspx -
