2014-12-07 /ejn/Events.aspx event=277
2014-12-07 /ejn/EJN_StaticPage.aspx Bread=12
2014-12-07 /ejn/EJN_Home.aspx -
2014-12-07 /ejn/EJN_Home.aspx -
2014-12-07 /ejn/ -
2014-12-07 /ejn/EJN_AtlasAdvanced.aspx -
2014-12-07 /ejn/ -
2014-12-07 /ejn/EJN_Home.aspx -
2014-12-07 /ejn/EJN_Home.aspx -
2014-12-07 /ejn/EJN_Home.aspx -
2014-12-07 /ejn/EJN_Home.aspx -
2014-12-07 /ejn/EJN_AtlasAdvanced.aspx -
2014-12-07 /ejn/ -
2014-12-07 /ejn/EJN_Home.aspx -
2014-12-07 /ejn/EJN_Home.aspx -
2014-12-07 /ejn/ -
2014-12-07 /ejn/EJN_AtlasAdvanced.aspx -
2014-12-07 /ejn/ -
2014-12-07 /ejn/EJN_Home.aspx -
2014-12-07 /ejn/ -
2014-12-07 /ejn/EJN_Home.aspx -
2014-12-07 /ejn/EJN_Home.aspx -
2014-12-07 /ejn/EJN_Home.aspx -
2014-12-07 /ejn/EJN_Home.aspx -
2014-12-07 /ejn/EJN_AtlasAdvanced.aspx -
2014-12-07 /ejn/ -
2014-12-07 /ejn/EJN_Home.aspx -
2014-12-07 /ejn/EJN_Home.aspx -
2014-12-07 /ejn/EJN_AtlasAdvanced.aspx -
2014-12-07 /ejn/ -
2014-12-07 /ejn/EJN_Home.aspx -
2014-12-07 /ejn/ -
2014-12-07 /ejn/EJN_Home.aspx -
2014-12-07 /ejn/EJN_AtlasAdvanced.aspx -
2014-12-07 /ejn/ -
2014-12-07 /ejn/EJN_Home.aspx -
2014-12-07 /ejn/EJN_Home.aspx -
2014-12-07 /ejn/EJN_Home.aspx -
2014-12-07 /ejn/EJN_Home.aspx -
2014-12-07 /ejn/ -
2014-12-07 /ejn/EJN_AtlasAdvanced.aspx -
2014-12-07 /ejn/ -
2014-12-07 /ejn/EJN_Home.aspx -
2014-12-07 /ejn/EJN_AtlasAdvanced.aspx -
2014-12-07 /ejn/EJN_Home.aspx -
2014-12-07 /ejn/ -
2014-12-07 /ejn/EJN_AtlasAdvanced.aspx -
2014-12-07 /ejn/EJN_Home.aspx -
2014-12-07 /ejn/ -
2014-12-07 /ejn/EJN_Home.aspx -
2014-12-07 /ejn/EJN_Home.aspx -
2014-12-07 /ejn/EJN_Home.aspx -
2014-12-07 /ejn/EJN_Home.aspx -
2014-12-07 /ejn/EJN_AtlasAdvanced.aspx -
2014-12-07 /ejn/ -
2014-12-07 /ejn/EJN_Home.aspx -
2014-12-07 /ejn/ -
2014-12-07 /ejn/EJN_Home.aspx -
2014-12-07 /ejn/ -
2014-12-07 /ejn/libcategories.aspx Id=1
2014-12-07 /ejn/EJN_Home.aspx -
2014-12-07 /ejn/EJN_StaticPage.aspx Bread=4
2014-12-07 /ejn/ -
2014-12-07 /ejn/EJN_Home.aspx -
2014-12-07 /ejn/EJN_AtlasAdvanced.aspx -
2014-12-07 /ejn/ -
2014-12-07 /ejn/EJN_StaticPage.aspx Bread=2
2014-12-07 /ejn/EJN_Home.aspx -
2014-12-07 /ejn/EJN_StaticPage.aspx Bread=27
2014-12-07 /ejn/EJN_StaticPage.aspx Bread=10
2014-12-07 /ejn/EJN_Home.aspx -
2014-12-07 /ejn/EJN_StaticPage.aspx Bread=34
2014-12-07 /ejn/EJN_Home.aspx -
2014-12-07 /ejn/EJN_Home.aspx -
2014-12-07 /ejn/ -
2014-12-07 /ejn/EJN_AtlasAdvanced.aspx -
2014-12-07 /ejn/EJN_Home.aspx -
2014-12-07 /ejn/EJN_AtlasAdvanced.aspx -
2014-12-07 /ejn/EJN_Home.aspx -
2014-12-07 /ejn/EJN_StaticPage.aspx Bread=9
2014-12-07 /ejn/EJN_Home.aspx -
2014-12-07 /ejn/EJN_AtlasAdvanced.aspx -
2014-12-07 /ejn/ -
2014-12-07 /ejn/EJN_Home.aspx -
2014-12-07 /ejn/ -
2014-12-07 /ejn/EJN_Home.aspx -
2014-12-07 /ejn/EJN_Home.aspx -
2014-12-07 /ejn/EJN_Home.aspx -
2014-12-07 /ejn/EJN_Home.aspx -
2014-12-07 /ejn/EJN_AtlasAdvanced.aspx -
2014-12-07 /ejn/ -
2014-12-07 /ejn/EJN_Home.aspx -
2014-12-07 /ejn/EJN_Home.aspx -
2014-12-07 /ejn/EJN_AtlasAdvanced.aspx -
2014-12-07 /ejn/ -
2014-12-07 /ejn/EJN_Home.aspx -
2014-12-07 /ejn/ -
2014-12-07 /ejn/EJN_Home.aspx -
2014-12-07 /ejn/EJN_AtlasAdvanced.aspx -
2014-12-07 /ejn/ -
2014-12-07 /ejn/EJN_Home.aspx -
2014-12-07 /ejn/EJN_Home.aspx -
2014-12-07 /ejn/EJN_Home.aspx -
2014-12-07 /ejn/EJN_AtlasAdvanced.aspx -
2014-12-07 /ejn/ -
2014-12-07 /ejn/EJN_Home.aspx -
2014-12-07 /ejn/EJN_Home.aspx -
2014-12-07 /ejn/EJN_Home.aspx -
2014-12-07 /ejn/ -
2014-12-07 /ejn/EJN_Home.aspx -
2014-12-07 /ejn/EJN_Home.aspx -
2014-12-07 /ejn/ -
2014-12-07 /ejn/EJN_AtlasAdvanced.aspx -
2014-12-07 /ejn/ -
2014-12-07 /ejn/EJN_Home.aspx -
2014-12-07 /ejn/EJN_Home.aspx -
2014-12-07 /ejn/EJN_Home.aspx -
2014-12-07 /ejn/EJN_AtlasAdvanced.aspx -
2014-12-07 /ejn/ -
2014-12-07 /ejn/EJN_Home.aspx -
2014-12-07 /ejn/EJN_Home.aspx -
2014-12-07 /ejn/EJN_Home.aspx -
2014-12-07 /ejn/EJN_AtlasAdvanced.aspx -
2014-12-07 /ejn/EJN_AtlasAdvanced.aspx -
2014-12-07 /ejn/ -
2014-12-07 /ejn/EJN_Home.aspx -
2014-12-07 /ejn/ -
2014-12-07 /ejn/EJN_Home.aspx -
2014-12-07 /ejn/EJN_Home.aspx -
2014-12-07 /ejn/EJN_QuickLinks.aspx id=25
2014-12-07 /ejn/EJN_Home.aspx -
2014-12-07 /ejn/EJN_Faqs.aspx -
2014-12-07 /ejn/EJN_Home.aspx -
2014-12-07 /ejn/EJN_Home.aspx -
2014-12-07 /ejn/ -
2014-12-07 /ejn/EJN_AtlasAdvanced.aspx -
2014-12-07 /ejn/ -
2014-12-07 /ejn/EJN_Home.aspx -
2014-12-07 /ejn/EJN_Home.aspx -
2014-12-07 /ejn/Events.aspx id=6
2014-12-07 /ejn/EJN_Home.aspx -
2014-12-07 /ejn/EJN_AtlasAdvanced.aspx -
2014-12-07 /ejn/ -
2014-12-07 /ejn/EJN_Home.aspx -
2014-12-07 /ejn/EJN_Home.aspx -
2014-12-07 /ejn/Events.aspx Id=7
2014-12-07 /ejn/Events.aspx event=261
2014-12-07 /ejn/Events.aspx event=280
2014-12-07 /ejn/Events.aspx id=7
2014-12-07 /ejn/EJN_Home.aspx -
2014-12-07 /ejn/ -
2014-12-07 /ejn/EJN_Home.aspx -
2014-12-07 /ejn/EJN_Home.aspx -
2014-12-07 /ejn/ -
2014-12-07 /ejn/EJN_AtlasAdvanced.aspx -
2014-12-07 /ejn/EJN_Home.aspx -
2014-12-07 /ejn/ -
2014-12-07 /ejn/EJN_Home.aspx -
2014-12-07 /ejn/EJN_Home.aspx -
2014-12-07 /ejn/ -
2014-12-07 /ejn/AtlasChooseMeasure.aspx Mp=1&Cou=ES&Type=2
2014-12-07 /ejn/AtlasChooseMeasure.aspx Mp=1&Cou=ES&Type=2
2014-12-07 /ejn/AtlasChooseMeasure.aspx Mp=1&Cou=ES&Type=2
2014-12-07 /ejn/AtlasChooseMeasure.aspx Mp=1&Cou=ES&Type=2
2014-12-07 /ejn/AtlasSelection.aspx -
2014-12-07 /ejn/AtlasSelection.aspx -
2014-12-07 /ejn/ -
2014-12-07 /ejn/EJN_Home.aspx -
2014-12-07 /ejn/AtlasSelection.aspx -
2014-12-07 /ejn/AtlasSelection.aspx -
2014-12-07 /ejn/AtlasSelection.aspx -
2014-12-07 /ejn/AtlasSelection.aspx -
2014-12-07 /ejn/AtlasSelection.aspx -
2014-12-07 /ejn/AtlasChooseAuthority.aspx -
2014-12-07 /ejn/EJN_AtlasAdvanced.aspx -
2014-12-07 /ejn/EJN_Faqs.aspx -
2014-12-07 /ejn/EJN_Home.aspx -
2014-12-07 /ejn/EJN_StaticPage.aspx Bread=7
2014-12-07 /ejn/EJN_ContactUs.aspx &KeepThis=true&TB_iframe=true&height=650&width=900
2014-12-07 /ejn/EJN_Search.aspx -
2014-12-07 /ejn/ejn_home.aspx -
2014-12-07 /ejn/EJN_StaticPage.aspx Bread=8
2014-12-07 /ejn/EJN_StaticPage.aspx Bread=4
2014-12-07 /ejn/sitemap.aspx -
2014-12-07 /ejn/ -
2014-12-07 /ejn/AtlasChooseAuthority.aspx/GetLocations -
2014-12-07 /ejn/AtlasChooseAuthority.aspx -
2014-12-07 /ejn/AtlasAuthorityData.aspx Id=3181
2014-12-07 /ejn/EJN_AtlasAdvanced.aspx -
2014-12-07 /ejn/EJN_Home.aspx -
2014-12-07 /ejn/ -
2014-12-07 /ejn/libcategories.aspx Id=25
2014-12-07 /ejn/libcategories.aspx Id=34
2014-12-07 /ejn/libcategories.aspx Id=32
2014-12-07 /ejn/EJN_StaticPage.aspx Bread=39
2014-12-07 /ejn/EJN_StaticPage.aspx Bread=9
2014-12-07 /ejn/libcategories.aspx Id=24
2014-12-07 /ejn/AtlasChooseMeasure.aspx MP=1&Cou=UK&Type=2
2014-12-07 /ejn/EJN_StaticPage.aspx Bread=2
2014-12-07 /ejn/libcategories.aspx Id=14
2014-12-07 /ejn/ -
2014-12-07 /ejn/EJN_Secretariat.aspx -
2014-12-07 /ejn/EJN_StaticPage.aspx Bread=17
2014-12-07 /ejn/EJN_StaticPage.aspx Bread=28
2014-12-07 /ejn/EJN_StaticPage.aspx Bread=14
2014-12-07 /ejn/EJN_StaticPage.aspx Bread=10
2014-12-07 /ejn/Gallery.aspx -
2014-12-07 /ejn/EJN_StaticPage.aspx Bread=16
2014-12-07 /ejn/EJN_StaticPage.aspx Bread=27
2014-12-07 /ejn/EJN_StaticPage.aspx Bread=21
2014-12-07 /ejn/EJN_StaticPage.aspx Bread=13
2014-12-07 /ejn/EJN_StaticPage.aspx Bread=18
2014-12-07 /ejn/EJN_StaticPage.aspx Bread=20
2014-12-07 /ejn/EJN_StaticPage.aspx Bread=35
2014-12-07 /ejn/EJN_StaticPage.aspx Bread=34
2014-12-07 /ejn/EJN_StaticPage.aspx Bread=30
2014-12-07 /ejn/EJN_StaticPage.aspx Bread=31
2014-12-07 /ejn/EJN_StaticPage.aspx Bread=25
2014-12-07 /ejn/EJN_StaticPage.aspx Bread=33
2014-12-07 /ejn/EJN_StaticPage.aspx Bread=32
2014-12-07 /ejn/EJN_StaticPage.aspx Bread=24
2014-12-07 /ejn/EJN_Home.aspx -
2014-12-07 /ejn/EJN_StaticPage.aspx Bread=22
2014-12-07 /ejn/NewsDetail.aspx id=339&Ori=H
2014-12-07 /ejn/EJN_StaticPage.aspx Bread=26
2014-12-07 /ejn/NewsDetail.aspx id=337&Ori=H
2014-12-07 /ejn/NewsDetail.aspx id=340&Ori=H
2014-12-07 /ejn/EJN_StaticPage.aspx Bread=38
2014-12-07 /ejn/EJN_StaticPage.aspx Bread=36
2014-12-07 /ejn/EJN_StaticPage.aspx Bread=23
2014-12-07 /ejn/EJN_StaticPage.aspx Bread=19
2014-12-07 /ejn/EJN_StaticPage.aspx Bread=37
2014-12-07 /ejn/Events.aspx event=280
2014-12-07 /ejn/NewsDetail.aspx id=328&Ori=H
2014-12-07 /ejn/NewsDetail.aspx id=331&Ori=H
2014-12-07 /ejn/NewsDetail.aspx id=334&Ori=H
2014-12-07 /ejn/NewsDetail.aspx id=336&Ori=H
2014-12-07 /ejn/NewsDetail.aspx id=330&Ori=H
2014-12-07 /ejn/Events.aspx id=7
2014-12-07 /ejn/NewsDetail.aspx id=335&Ori=H
2014-12-07 /ejn/NewsDetail.aspx id=329&Ori=H
2014-12-07 /ejn/Events.aspx id=6
2014-12-07 /ejn/Events.aspx event=261
2014-12-07 /ejn/Events.aspx Id=6
2014-12-07 /ejn/NewsAll.aspx Id=2
2014-12-07 /ejn/NewsAll.aspx Id=3
2014-12-07 /ejn/NewsAll.aspx Id=5
2014-12-07 /ejn/NewsAll.aspx Id=1
2014-12-07 /ejn/Events.aspx Id=7
2014-12-07 /ejn/NewsAll.aspx Id=4
2014-12-07 /ejn/NewsAll.aspx -
2014-12-07 /ejn/Events.aspx -
2014-12-07 /ejn/EJN_InfoAbout.aspx Id=259
2014-12-07 /ejn/EJN_SubscribeNewsLetter.aspx -
2014-12-07 /ejn/EJN_InfoAbout.aspx Id=230
2014-12-07 /ejn/EJN_InfoAbout.aspx Id=432
2014-12-07 /ejn/EJN_InfoAbout.aspx Id=258
2014-12-07 /ejn/EJN_InfoAbout.aspx Id=223
2014-12-07 /ejn/EJN_InfoAbout.aspx Id=239
2014-12-07 /ejn/EJN_InfoAbout.aspx Id=272
2014-12-07 /ejn/EJN_InfoAbout.aspx Id=307
2014-12-07 /ejn/EJN_InfoAbout.aspx Id=295
2014-12-07 /ejn/EJN_InfoAbout.aspx Id=287
2014-12-07 /ejn/EJN_InfoAbout.aspx Id=269
2014-12-07 /ejn/EJN_InfoAbout.aspx Id=279
2014-12-07 /ejn/EJN_InfoAbout.aspx Id=273
2014-12-07 /ejn/EJN_InfoAbout.aspx Id=277
2014-12-07 /ejn/EJN_InfoAbout.aspx Id=293
2014-12-07 /ejn/EJN_InfoAbout.aspx Id=260
2014-12-07 /ejn/EJN_InfoAbout.aspx Id=369
2014-12-07 /ejn/EJN_InfoAbout.aspx Id=354
2014-12-07 /ejn/EJN_InfoAbout.aspx Id=313
2014-12-07 /ejn/EJN_InfoAbout.aspx Id=373
2014-12-07 /ejn/EJN_InfoAbout.aspx Id=321
2014-12-07 /ejn/EJN_InfoAbout.aspx Id=351
2014-12-07 /ejn/EJN_InfoAbout.aspx Id=368
2014-12-07 /ejn/EJN_InfoAbout.aspx Id=337
2014-12-07 /ejn/EJN_InfoAbout.aspx Id=314
2014-12-07 /ejn/EJN_InfoAbout.aspx Id=352
2014-12-07 /ejn/EJN_Home.aspx -
2014-12-07 /ejn/ -
2014-12-07 /ejn/ -
2014-12-07 /ejn/EJN_InfoAbout.aspx Id=342
2014-12-07 /ejn/EJN_InfoAbout.aspx Id=389
2014-12-07 /ejn/EJN_InfoAbout.aspx Id=288
2014-12-07 /ejn/EJN_InfoAbout.aspx Id=433
2014-12-07 /ejn/EJN_InfoAbout.aspx Id=364
2014-12-07 /ejn/EJN_InfoAbout.aspx Id=434
2014-12-07 /ejn/EJN_InfoAbout.aspx Id=378
2014-12-07 /ejn/EJN_InfoAbout.aspx Id=435
2014-12-07 /ejn/EJN_InfoAbout.aspx Id=395
2014-12-07 /ejn/EJN_InfoAbout.aspx Id=215
2014-12-07 /ejn/ -
2014-12-07 /ejn/EJN_AtlasAdvanced.aspx -
2014-12-07 /ejn/EJN_Home.aspx -
2014-12-07 /ejn/EJN_Home.aspx -
2014-12-07 /ejn/EJN_StaticPage.aspx Bread=12
2014-12-07 /ejn/AtlasChooseCountry.aspx Type=1
2014-12-07 /ejn/EJN_FichesBelges.aspx -
2014-12-07 /ejn/EJN_StaticPage.aspx Bread=1
2014-12-07 /ejn/AtlasChooseCountry.aspx Type=2
2014-12-07 /ejn/EJN_InfoAbout.aspx Id=430
2014-12-07 /ejn/EJN_StaticPage.aspx Bread=3
2014-12-07 /ejn/EJN_Login.aspx -
2014-12-07 /ejn/EJN_EAWWizard.aspx -
2014-12-07 /ejn/EJN_Compendium.aspx -
2014-12-07 /ejn/libcategories.aspx Id=2
2014-12-07 /ejn/EJN_QuickLinks.aspx -
2014-12-07 /ejn/EJN_QuickLinks.aspx id=24
2014-12-07 /ejn/EJN_StaticPage.aspx Bread=11
2014-12-07 /ejn/EJN_QuickLinks.aspx id=27
2014-12-07 /ejn/libcategories.aspx -
2014-12-07 /ejn/EJN_QuickLinks.aspx id=23
2014-12-07 /ejn/EJN_QuickLinks.aspx id=25
2014-12-07 /ejn/EJN_QuickLinks.aspx id=26
2014-12-07 /ejn/EJN_QuickLinks.aspx id=28
2014-12-07 /ejn/EJN_StaticPage.aspx Bread=5
2014-12-07 /ejn/ejn_staticpage.aspx Bread=8
2014-12-07 /ejn/ejn_staticpage.aspx Bread=4
2014-12-07 /ejn/EJN_Faqs.aspx cat=2
2014-12-07 /ejn/EJN_Faqs.aspx cat=1
2014-12-07 /ejn/ejn_staticpage.aspx Bread=7
2014-12-07 /ejn/ejn_faqs.aspx -
2014-12-07 /ejn/ejn_search.aspx -
2014-12-07 /ejn/EJN_Home.aspx -
2014-12-07 /ejn/libshowdocument.aspx Id=99&Lang=CS
2014-12-07 /ejn/libadvancedsearch.aspx -
2014-12-07 /ejn/libshowdocument.aspx Id=99&Lang=DK
2014-12-07 /ejn/libshowdocument.aspx Id=99&Lang=DE
2014-12-07 /ejn/libshowdocument.aspx Id=99&Lang=EN
2014-12-07 /ejn/libcategories.aspx id=1
2014-12-07 /ejn/libdocumentproperties.aspx Id=99
2014-12-07 /ejn/libshowdocument.aspx Id=99&Lang=EL
2014-12-07 /ejn/libshowdocument.aspx Id=99&Lang=BG
2014-12-07 /ejn/libshowdocument.aspx Id=99&Lang=FI
2014-12-07 /ejn/libshowdocument.aspx Id=99&Lang=ET
2014-12-07 /ejn/libshowdocument.aspx Id=99&Lang=LV
2014-12-07 /ejn/libshowdocument.aspx Id=99&Lang=IT
2014-12-07 /ejn/libshowdocument.aspx Id=99&Lang=HU
2014-12-07 /ejn/libshowdocument.aspx Id=99&Lang=FR
2014-12-07 /ejn/libshowdocument.aspx Id=99&Lang=MT
2014-12-07 /ejn/libshowdocument.aspx Id=99&Lang=ES
2014-12-07 /ejn/libshowdocument.aspx Id=99&Lang=LT
2014-12-07 /ejn/libshowdocument.aspx Id=99&Lang=HR
2014-12-07 /ejn/libshowdocument.aspx Id=3&Lang=BG
2014-12-07 /ejn/libshowdocument.aspx Id=99&Lang=NL
2014-12-07 /ejn/libshowdocument.aspx Id=99&Lang=SV
2014-12-07 /ejn/libdocumentproperties.aspx Id=3
2014-12-07 /ejn/libshowdocument.aspx Id=99&Lang=SL
2014-12-07 /ejn/libshowdocument.aspx Id=3&Lang=CS
2014-12-07 /ejn/libshowdocument.aspx Id=99&Lang=RO
2014-12-07 /ejn/libshowdocument.aspx Id=99&Lang=PT
2014-12-07 /ejn/libshowdocument.aspx Id=99&Lang=PL
2014-12-07 /ejn/libshowdocument.aspx Id=99&Lang=SK
2014-12-07 /ejn/libshowdocument.aspx Id=3&Lang=FR
2014-12-07 /ejn/libshowdocument.aspx Id=3&Lang=DK
2014-12-07 /ejn/libshowdocument.aspx Id=3&Lang=EN
2014-12-07 /ejn/libshowdocument.aspx Id=3&Lang=DE
2014-12-07 /ejn/libshowdocument.aspx Id=3&Lang=IT
2014-12-07 /ejn/libshowdocument.aspx Id=3&Lang=ET
2014-12-07 /ejn/libshowdocument.aspx Id=3&Lang=FI
2014-12-07 /ejn/libshowdocument.aspx Id=3&Lang=EL
2014-12-07 /ejn/libshowdocument.aspx Id=3&Lang=HU
2014-12-07 /ejn/libshowdocument.aspx Id=3&Lang=ES
2014-12-07 /ejn/EJN_AtlasAdvanced.aspx -
2014-12-07 /ejn/ -
2014-12-07 /ejn/libshowdocument.aspx Id=3&Lang=SV
2014-12-07 /ejn/libshowdocument.aspx Id=3&Lang=SK
2014-12-07 /ejn/libshowdocument.aspx Id=3&Lang=RO
2014-12-07 /ejn/libshowdocument.aspx Id=3&Lang=LT
2014-12-07 /ejn/libshowdocument.aspx Id=3&Lang=SL
2014-12-07 /ejn/libshowdocument.aspx Id=3&Lang=PT
2014-12-07 /ejn/libshowdocument.aspx Id=3&Lang=NL
2014-12-07 /ejn/libshowdocument.aspx Id=3&Lang=MT
2014-12-07 /ejn/libshowdocument.aspx Id=3&Lang=PL
2014-12-07 /ejn/libshowdocument.aspx Id=3&Lang=LV
2014-12-07 /ejn/EJN_Home.aspx -
2014-12-07 /ejn/EJN_Home.aspx -
2014-12-07 /ejn/libdocumentproperties.aspx Id=781
2014-12-07 /ejn/EJN_Home.aspx -
2014-12-07 /ejn/EJN_Home.aspx -
2014-12-07 /ejn/EJN_Home.aspx -
2014-12-07 /ejn/EJN_AtlasAdvanced.aspx -
2014-12-07 /ejn/EJN_AtlasAdvanced.aspx -
2014-12-07 /ejn/ -
2014-12-07 /ejn/EJN_Home.aspx -
2014-12-07 /ejn/ -
2014-12-07 /ejn/EJN_Home.aspx -
2014-12-07 /ejn/EJN_Home.aspx -
2014-12-07 /ejn/EJN_Home.aspx -
2014-12-07 /ejn/libshowdocument.aspx Id=3&Lang=EN
2014-12-07 /ejn/EJN_AtlasAdvanced.aspx -
2014-12-07 /ejn/ -
2014-12-07 /ejn/ -
2014-12-07 /ejn/libcategories.aspx Id=14
2014-12-07 /ejn/EJN_Home.aspx -
2014-12-07 /ejn/libcategories.aspx -
2014-12-07 /ejn/EJN_Home.aspx -
2014-12-07 /ejn/libcategories.aspx Id=21
2014-12-07 /ejn/EJN_Home.aspx -
2014-12-07 /ejn/EJN_Home.aspx -
2014-12-07 /ejn/EJN_Home.aspx -
2014-12-07 /ejn/EJN_Home.aspx -
2014-12-07 /ejn/EJN_Home.aspx -
2014-12-07 /ejn/EJN_AtlasAdvanced.aspx -
2014-12-07 /ejn/ -
2014-12-07 /ejn/EJN_Home.aspx -
2014-12-07 /ejn/libdocumentproperties.aspx Id=465
2014-12-07 /ejn/EJN_Home.aspx -
2014-12-07 /ejn/ -
2014-12-07 /ejn/libdocumentproperties.aspx Id=464
2014-12-07 /ejn/EJN_AtlasAdvanced.aspx -
2014-12-07 /ejn/ -
2014-12-07 /ejn/EJN_Home.aspx -
2014-12-07 /ejn/EJN_Home.aspx -
2014-12-07 /ejn/EJN_Home.aspx -
2014-12-07 /ejn/EJN_AtlasAdvanced.aspx -
2014-12-07 /ejn/ -
2014-12-07 /ejn/EJN_Home.aspx -
2014-12-07 /ejn/EJN_Home.aspx -
2014-12-07 /AtlasChooseCountry.aspx Type=1
2014-12-07 /ejn/EJN_Home.aspx -
2014-12-07 /ejn/ -
2014-12-07 /ejn/EJN_AtlasAdvanced.aspx -
2014-12-07 /ejn/ -
2014-12-07 /ejn/EJN_Home.aspx -
2014-12-07 /ejn/ -
2014-12-07 /ejn/EJN_Home.aspx -
2014-12-07 /ejn/ -
2014-12-07 /ejn/EJN_AtlasAdvanced.aspx -
2014-12-07 /ejn/ -
2014-12-07 /ejn/EJN_Home.aspx -
2014-12-07 /ejn/EJN_Home.aspx -
2014-12-07 /ejn/EJN_AtlasAdvanced.aspx -
2014-12-07 /ejn/EJN_Home.aspx -
2014-12-07 /ejn/EJN_Home.aspx -
2014-12-07 /ejn/EJN_Home.aspx -
2014-12-07 /ejn/EJN_AtlasAdvanced.aspx -
2014-12-07 /ejn/ -
2014-12-07 /ejn/EJN_Home.aspx -
2014-12-07 /ejn/ -
2014-12-07 /ejn/EJN_Compendium.aspx -
2014-12-07 /ejn/EJN_AtlasAdvanced.aspx -
2014-12-07 /ejn/ -
2014-12-07 /ejn/EJN_Home.aspx -
2014-12-07 /ejn/EJN_Home.aspx -
2014-12-07 /ejn/EJN_Home.aspx -
2014-12-07 /ejn/EJN_Home.aspx -
2014-12-07 /ejn/EJN_Home.aspx -
2014-12-07 /ejn/EJN_AtlasAdvanced.aspx -
2014-12-07 /ejn/ -
2014-12-07 /ejn/EJN_Home.aspx -
2014-12-07 /ejn/AtlasChooseMeasure.aspx Mp=1&Cou=IT&Type=2
2014-12-07 /atlas_advanced.aspx -
2014-12-07 /atlas_advanced.aspx -
2014-12-07 /ejn/AtlasChooseMeasure.aspx Mp=1&Cou=IT&Type=2
2014-12-07 /ejn/AtlasChooseMeasure.aspx Mp=1&Cou=IT&Type=2
2014-12-07 /ejn/AtlasChooseMeasure.aspx Mp=1&Cou=IT&Type=2
2014-12-07 /ejn/AtlasSelection.aspx -
2014-12-07 /ejn/AtlasChooseAuthority.aspx -
2014-12-07 /ejn/AtlasChooseAuthority.aspx/GetLocations -
2014-12-07 /ejn/AtlasChooseAuthority.aspx -
2014-12-07 /ejn/AtlasAuthorityData.aspx Id=4797
2014-12-07 /ejn/ -
2014-12-07 /atlas_advanced.aspx -
2014-12-07 /atlas_advanced.aspx -
2014-12-07 /ejn/EJN_Home.aspx -
2014-12-07 /ejn/ -
2014-12-07 /ejn/ -
2014-12-07 /ejn/EJN_AtlasAdvanced.aspx -
2014-12-07 /ejn/AtlasChooseCountry.aspx -
2014-12-07 /ejn/EJN_Home.aspx -
2014-12-07 /ejn/ -
2014-12-07 /ejn/EJN_Home.aspx -
2014-12-07 /ejn/EJN_StaticPage.aspx Bread=12
2014-12-07 /ejn/EJN_Home.aspx -
2014-12-07 /ejn/ -
2014-12-07 /ejn/EJN_AtlasAdvanced.aspx -
2014-12-07 /ejn/EJN_Home.aspx -
2014-12-07 /ejn/EJN_Home.aspx -
2014-12-07 /ejn/libcategories.aspx Id=3
2014-12-07 /ejn/EJN_Home.aspx -
2014-12-07 /ejn/EJN_Home.aspx -
2014-12-07 /ejn/EJN_StaticPage.aspx Bread=12
2014-12-07 /ejn/EJN_Home.aspx -
2014-12-07 /ejn/EJN_Home.aspx -
2014-12-07 /ejn/EJN_Home.aspx -
2014-12-07 /ejn/ -
2014-12-07 /ejn/EJN_AtlasAdvanced.aspx -
2014-12-07 /ejn/ -
2014-12-07 /ejn/EJN_Home.aspx -
2014-12-07 /ejn/ -
2014-12-07 /ejn/EJN_Home.aspx -
2014-12-07 /ejn/ -
2014-12-07 /ejn/EJN_AtlasAdvanced.aspx -
2014-12-07 /ejn/EJN_Home.aspx -
2014-12-07 /ejn/EJN_Home.aspx -
2014-12-07 /ejn/EJN_AtlasAdvanced.aspx -
2014-12-07 /ejn/EJN_Home.aspx -
2014-12-07 /ejn/libcategories.aspx Id=66
2014-12-07 /ejn/EJN_News.aspx id=52
2014-12-07 /ejn/EJN_News.aspx id=52
2014-12-07 /ejn/ -
2014-12-07 /ejn/EJN_AtlasAdvanced.aspx -
2014-12-07 /ejn/EJN_Home.aspx -
2014-12-07 /ejn/EJN_Home.aspx -
2014-12-07 /ejn/EJN_Home.aspx -
2014-12-07 /ejn/ -
2014-12-07 /ejn/EJN_AtlasAdvanced.aspx -
2014-12-07 /ejn/ -
2014-12-07 /ejn/sitemap.aspx -
2014-12-07 /ejn/EJN_Home.aspx -
2014-12-07 /ejn/EJN_Home.aspx -
2014-12-07 /ejn/EJN_Home.aspx -
2014-12-07 /ejn/EJN_AtlasAdvanced.aspx -
2014-12-07 /ejn/ -
2014-12-07 /ejn/EJN_Home.aspx -
2014-12-07 /ejn/EJN_Home.aspx -
2014-12-07 /ejn/EJN_Home.aspx -
2014-12-07 /ejn/EJN_AtlasAdvanced.aspx -
2014-12-07 /ejn/ -
2014-12-07 /ejn/EJN_Home.aspx -
2014-12-07 /ejn/ -
2014-12-07 /ejn/EJN_Home.aspx -
2014-12-07 /ejn/EJN_AtlasAdvanced.aspx -
2014-12-07 /ejn/ -
2014-12-07 /ejn/EJN_Home.aspx -
2014-12-07 /ejn/EJN_Home.aspx -
2014-12-07 /ejn/EJN_Home.aspx -
2014-12-07 /ejn/ -
2014-12-07 /ejn/EJN_Home.aspx -
2014-12-07 /ejn/EJN_AtlasAdvanced.aspx -
2014-12-07 /ejn/ -
2014-12-07 /ejn/EJN_Home.aspx -
2014-12-07 /ejn/EJN_Home.aspx -
2014-12-07 /ejn/EJN_Home.aspx -
2014-12-07 /ejn/ -
2014-12-07 /ejn/EJN_Home.aspx -
2014-12-07 /ejn/ -
2014-12-07 /ejn/EJN_Home.aspx -
2014-12-07 /ejn/EJN_AtlasAdvanced.aspx -
2014-12-07 /ejn/ -
2014-12-07 /ejn/EJN_Home.aspx -
2014-12-07 /ejn/EJN_Home.aspx -
2014-12-07 /ejn/EJN_AtlasAdvanced.aspx -
2014-12-07 /ejn/EJN_AtlasAdvanced.aspx -
2014-12-07 /ejn/ -
2014-12-07 /ejn/EJN_Home.aspx -
2014-12-07 /ejn/EJN_Home.aspx -
2014-12-07 /ejn/EJN_Home.aspx -
2014-12-07 /ejn/ -
2014-12-07 /ejn/EJN_Home.aspx -
2014-12-07 /ejn/ -
2014-12-07 /ejn/EJN_AtlasAdvanced.aspx -
2014-12-07 /ejn/ -
2014-12-07 /ejn/EJN_Home.aspx -
2014-12-07 /ejn/EJN_AtlasAdvanced.aspx -
2014-12-07 /ejn/ -
2014-12-07 /ejn/EJN_Home.aspx -
2014-12-07 /ejn/EJN_Home.aspx -
2014-12-07 /ejn/EJN_Home.aspx -
2014-12-07 /ejn/ -
2014-12-07 /ejn/EJN_Home.aspx -
2014-12-07 /ejn/EJN_Home.aspx -
2014-12-07 /ejn/EJN_ContactUs.aspx -
2014-12-07 /ejn/NewsDetail.aspx id=145&Ori=H
2014-12-07 /ejn/EJN_ContactUs.aspx KeepThis=true&TB_iframe=true&height=650&width=900
2014-12-07 /ejn/ejn_home.aspx -
2014-12-07 /ejn/ -
2014-12-07 /ejn/EJN_Home.aspx -
2014-12-07 /ejn/EJN_Home.aspx -
2014-12-07 /ejn/EJN_Home.aspx -
2014-12-07 /ejn/EJN_Home.aspx -
2014-12-07 /ejn/EJN_Home.aspx -
2014-12-07 /ejn/EJN_Home.aspx -
2014-12-07 /ejn/EJN_Home.aspx -
2014-12-07 /ejn/EJN_Home.aspx -
2014-12-07 /ejn/EJN_Home.aspx -
2014-12-07 /ejn/EJN_Home.aspx -
2014-12-07 /ejn/EJN_Home.aspx -
2014-12-07 /ejn/ -
2014-12-07 /ejn/EJN_AtlasAdvanced.aspx -
2014-12-07 /ejn/ -
2014-12-07 /ejn/EJN_Home.aspx -
2014-12-07 /ejn/ -
2014-12-07 /ejn/EJN_InfoAbout.aspx Id=313
2014-12-07 /ejn/EJN_Home.aspx -
2014-12-07 /ejn/ -
2014-12-07 /ejn/EJN_Home.aspx -
2014-12-07 /ejn/EJN_AtlasAdvanced.aspx -
2014-12-07 /ejn/ -
2014-12-07 /ejn/ -
2014-12-07 /ejn/AtlasChooseMeasure.aspx Mp=1&Cou=LT&Type=2
2014-12-07 /ejn/AtlasChooseMeasure.aspx Mp=1&Cou=LT&Type=2
2014-12-07 /ejn/AtlasChooseMeasure.aspx Mp=1&Cou=LT&Type=2
2014-12-07 /ejn/AtlasChooseMeasure.aspx Mp=1&Cou=LT&Type=2
2014-12-07 /ejn/AtlasChooseMeasure.aspx Mp=1&Cou=LT&Type=2
2014-12-07 /ejn/AtlasSelection.aspx -
2014-12-07 /ejn/AtlasChooseAuthority.aspx -
2014-12-07 /ejn/AtlasChooseMeasure.aspx Mp=1&Cou=LT&Type=2
2014-12-07 /ejn/EJN_Home.aspx -
2014-12-07 /ejn/AtlasChooseCountry.aspx Type=1
2014-12-07 /ejn/EJN_EAWWizard.aspx -
2014-12-07 /ejn/ctrls.eawwizard/IframeEngine.aspx -
2014-12-07 /ejn/EJN_EAWWizard.aspx -
2014-12-07 /ejn/ctrls.eawwizard/IframeEngine.aspx -
2014-12-07 /ejn/EJN_EAWWizard.aspx -
2014-12-07 /ejn/EJN_StaticPage.aspx Bread=12
2014-12-07 /ejn/EJN_Home.aspx -
2014-12-07 /ejn/EJN_Home.aspx -
2014-12-07 /ejn/EJN_Home.aspx -
2014-12-07 /ejn/EJN_AtlasAdvanced.aspx -
2014-12-07 /ejn/ -
2014-12-07 /ejn/EJN_Home.aspx -
2014-12-07 /ejn/EJN_Home.aspx -
2014-12-07 /ejn/ -
2014-12-07 /ejn/ -
2014-12-07 /ejn/EJN_Home.aspx -
2014-12-07 /ejn/ -
2014-12-07 /ejn/EJN_AtlasAdvanced.aspx -
2014-12-07 /ejn/ -
2014-12-07 /ejn/EJN_Home.aspx -
2014-12-07 /ejn/EJN_AtlasAdvanced.aspx -
2014-12-07 /ejn/ -
2014-12-07 /ejn/EJN_Home.aspx -
2014-12-07 /ejn/EJN_Home.aspx -
2014-12-07 /ejn/EJN_AtlasAdvanced.aspx -
2014-12-07 /ejn/EJN_Home.aspx -
2014-12-07 /ejn/EJN_Home.aspx -
2014-12-07 /ejn/EJN_Home.aspx -
2014-12-07 /ejn/libshowdocument.aspx Id=1&Lang=PL
2014-12-07 /ejn/EJN_AtlasAdvanced.aspx -
2014-12-07 /ejn/ -
2014-12-07 /ejn/EJN_Home.aspx -
2014-12-07 /ejn/ -
2014-12-07 /ejn/ -
2014-12-07 /ejn/EJN_Home.aspx -
2014-12-07 /ejn/Events.aspx -
2014-12-07 /ejn/EJN_AtlasAdvanced.aspx -
2014-12-07 /ejn/ -
2014-12-07 /ejn/EJN_Home.aspx -
2014-12-07 /ejn/EJN_Home.aspx -
2014-12-07 /ejn/EJN_Home.aspx -
2014-12-07 /ejn/EJN_Home.aspx -
2014-12-07 /ejn/EJN_AtlasAdvanced.aspx -
2014-12-07 /ejn/ -
2014-12-07 /ejn/ -
2014-12-07 /ejn/EJN_Home.aspx -
2014-12-07 /ejn/EJN_Home.aspx -
2014-12-07 /ejn/EJN_Home.aspx -
2014-12-07 /ejn/ -
2014-12-07 /ejn/ -
2014-12-07 /ejn/ -
2014-12-07 /ejn/EJN_StaticPage.aspx Bread=1
2014-12-07 /ejn/EJN_InfoAbout.aspx Id=351
2014-12-07 /ejn/EJN_FichesBelges.aspx -
2014-12-07 /ejn/EJN_InfoAbout.aspx Id=351++Culture:DESessionId:txyoruuwdhxo0xta0bwfgbaoDate_Time:09:06
2014-12-07 /ejn/EJN_FichesBelges.aspx -
2014-12-07 /ejn/EJN_FichesBelges.aspx -
2014-12-07 /ejn/EJN_FichesBelges.aspx -
2014-12-07 /ejn/EJN_FichesBelgesResult.aspx measure=901&country=337&other=-1
2014-12-07 /ejn/EJN_StaticPage.aspx Bread=8
2014-12-07 /ejn/ -
2014-12-07 /ejn/EJN_AtlasAdvanced.aspx -
2014-12-07 /ejn/AtlasChooseCountry.aspx Type=2
2014-12-07 /ejn/AtlasChooseMeasure.aspx MP=1&Cou=PL
2014-12-07 /ejn/EJN_Home.aspx -
2014-12-07 /ejn/AtlasChooseMeasure.aspx MP=1&Cou=PL
2014-12-07 /ejn/EJN_FichesBelgesResult.aspx measure=403&country=351&other=-1
2014-12-07 /ejn/AtlasChooseMeasure.aspx MP=1&Cou=PL
2014-12-07 /ejn/AtlasChooseCountry.aspx -
2014-12-07 /ejn/AtlasChooseMeasure.aspx MP=1&Cou=PL
2014-12-07 /ejn/AtlasChooseCountry.aspx Type=2
2014-12-07 /ejn/ -
2014-12-07 /ejn/AtlasChooseMeasure.aspx MP=0&Cou=351
2014-12-07 /ejn/NewsDetail.aspx id=340&Ori=H
2014-12-07 /ejn/EJN_StaticPage.aspx Bread=10
2014-12-07 /ejn/AtlasChooseCountry.aspx Type=2
2014-12-07 /ejn/libcategories.aspx Id=32
2014-12-07 /ejn/ejn_home.aspx -
2014-12-07 /ejn/EJN_QuickLinks.aspx id=27
2014-12-07 /ejn/ejn_home.aspx -
2014-12-07 /ejn/EJN_QuickLinks.aspx -
2014-12-07 /ejn/EJN_QuickLinks.aspx Id=25
2014-12-07 /ejn/AtlasChooseCountry.aspx Type=2
2014-12-07 /ejn/AtlasChooseMeasure.aspx MP=0&Cou=351
2014-12-07 /ejn/ -
2014-12-07 /ejn/libcategories.aspx Id=32
2014-12-07 /ejn/AtlasChooseMeasure.aspx MP=0&Cou=351
2014-12-07 /ejn/AtlasChooseMeasure.aspx MP=0&Cou=351
2014-12-07 /ejn/AtlasChooseMeasure.aspx MP=0&Cou=351
2014-12-07 /ejn/EJN_FichesBelgesResult.aspx measure=401&country=351&other=-1
2014-12-07 /ejn/NewsDetail.aspx id=327&Ori=H
2014-12-07 /ejn/libdocumentproperties.aspx Id=574
2014-12-07 /ejn/EJN_Home.aspx -
2014-12-07 /ejn/EJN_Library_RatificationsByCou.aspx -
2014-12-07 /ejn/EJN_Home.aspx -
2014-12-07 /ejn/EJN_Home.aspx -
2014-12-07 /ejn/libdocumentproperties.aspx Id=602
2014-12-07 /ejn/EJN_InfoAbout.aspx Id=351
2014-12-07 /ejn/EJN_AtlasAdvanced.aspx -
2014-12-07 /ejn/ -
2014-12-07 /ejn/EJN_Home.aspx -
2014-12-07 /ejn/EJN_StaticPage.aspx Bread=26
2014-12-07 /ejn/EJN_Home.aspx -
2014-12-07 /ejn/EJN_Home.aspx -
2014-12-07 /ejn/ -
2014-12-07 /ejn/EJN_Home.aspx -
2014-12-07 /ejn/ -
2014-12-07 /ejn/ -
2014-12-07 /ejn/EJN_AtlasAdvanced.aspx -
2014-12-07 /ejn/EJN_StaticPage.aspx Bread=24
2014-12-07 /ejn/EJN_Home.aspx -
2014-12-07 /ejn/EJN_AtlasAdvanced.aspx -
2014-12-07 /ejn/ -
2014-12-07 /ejn/EJN_AtlasAdvanced.aspx -
2014-12-07 /ejn/EJN_Home.aspx -
2014-12-07 /ejn/EJN_Home.aspx -
2014-12-07 /ejn/EJN_Home.aspx -
2014-12-07 /ejn/ -
2014-12-07 /ejn/EJN_Home.aspx -
2014-12-07 /ejn/EJN_AtlasAdvanced.aspx -
2014-12-07 /ejn/ -
2014-12-07 /ejn/libshowdocument.aspx Id=1&Lang=RO
2014-12-07 /ejn/EJN_Home.aspx -
2014-12-07 /ejn/ -
2014-12-07 /ejn/EJN_AtlasAdvanced.aspx -
2014-12-07 /ejn/ -
2014-12-07 /ejn/ -
2014-12-07 /ejn/AtlasChooseCountry.aspx Type=2
2014-12-07 /ejn/AtlasChooseMeasure.aspx MP=1&Cou=ES
2014-12-07 /ejn/AtlasChooseMeasure.aspx MP=1&Cou=ES
2014-12-07 /ejn/AtlasChooseMeasure.aspx MP=1&Cou=ES
2014-12-07 /ejn/AtlasChooseMeasure.aspx MP=1&Cou=ES
2014-12-07 /ejn/AtlasSelection.aspx -
2014-12-07 /ejn/AtlasSelection.aspx -
2014-12-07 /ejn/AtlasSelection.aspx -
2014-12-07 /ejn/AtlasSelection.aspx -
2014-12-07 /ejn/AtlasSelection.aspx -
2014-12-07 /ejn/AtlasSelection.aspx -
2014-12-07 /ejn/AtlasSelection.aspx -
2014-12-07 /ejn/AtlasChooseAuthority.aspx -
2014-12-07 /ejn/AtlasChooseAuthority.aspx/GetLocations -
2014-12-07 /ejn/AtlasChooseAuthority.aspx -
2014-12-07 /ejn/AtlasAuthorityData.aspx Id=2658
2014-12-07 /ejn/EJN_Home.aspx -
2014-12-07 /ejn/EJN_Home.aspx -
2014-12-07 /ejn/EJN_Home.aspx -
2014-12-07 /ejn/EJN_AtlasAdvanced.aspx -
2014-12-07 /ejn/ -
2014-12-07 /ejn/EJN_Home.aspx -
2014-12-07 /ejn/EJN_Home.aspx -
2014-12-07 /ejn/ -
2014-12-07 /ejn/ -
2014-12-07 /ejn/EJN_AtlasAdvanced.aspx -
2014-12-07 /ejn/EJN_Home.aspx -
2014-12-07 /ejn/EJN_AtlasAdvanced.aspx -
2014-12-07 /ejn/ -
2014-12-07 /ejn/EJN_Home.aspx -
2014-12-07 /ejn/EJN_Home.aspx -
2014-12-07 /ejn/EJN_Home.aspx -
2014-12-07 /ejn/ -
2014-12-07 /ejn/ -
2014-12-07 /ejn/EJN_AtlasAdvanced.aspx -
2014-12-07 /ejn/EJN_Home.aspx -
2014-12-07 /ejn/EJN_Home.aspx -
2014-12-07 /ejn/ -
2014-12-07 /ejn/EJN_AtlasAdvanced.aspx -
2014-12-07 /ejn/ -
2014-12-07 /ejn/EJN_EAWAtlas.aspx -
2014-12-07 /ejn/EJN_Error.aspx -
2014-12-07 /ejn/EJN_Home.aspx -
2014-12-07 /ejn/ -
2014-12-07 /ejn/EJN_AtlasAdvanced.aspx -
2014-12-07 /ejn/EJN_Home.aspx -
2014-12-07 /ejn/EJN_Home.aspx -
2014-12-07 /ejn/EJN_Home.aspx -
2014-12-07 /ejn/libshowdocument.aspx Id=221&Lang=SK
2014-12-07 /ejn/ -
2014-12-07 /ejn/EJN_AtlasAdvanced.aspx -
2014-12-07 /ejn/EJN_Home.aspx -
2014-12-07 /ejn/EJN_Home.aspx -
2014-12-07 /ejn/ -
2014-12-07 /ejn/EJN_AtlasAdvanced.aspx -
2014-12-07 /ejn/ -
2014-12-07 /ejn/EJN_EAWWizard.aspx -
2014-12-07 /ejn/ -
2014-12-07 /ejn/AtlasChooseCountry.aspx Type=1
2014-12-07 /ejn/AtlasChooseMeasure.aspx MP=1&Cou=UK
2014-12-07 /ejn/AtlasSelection.aspx -
2014-12-07 /ejn/AtlasSelection.aspx -
2014-12-07 /ejn/AtlasChooseCountry.aspx Type=1
2014-12-07 /ejn/AtlasChooseMeasure.aspx MP=1&Cou=UK
2014-12-07 /ejn/AtlasSelection.aspx -
2014-12-07 /ejn/AtlasChooseCountry.aspx Type=1
2014-12-07 /ejn/EJN_QuickLinks.aspx id=25
2014-12-07 /ejn/AtlasChooseCountry.aspx Type=2
2014-12-07 /ejn/AtlasChooseMeasure.aspx MP=1&Cou=UK
2014-12-07 /ejn/EJN_Home.aspx -
2014-12-07 /ejn/ -
2014-12-07 /ejn/EJN_Home.aspx -
2014-12-07 /ejn/ -
2014-12-07 /ejn/EJN_AtlasAdvanced.aspx -
2014-12-07 /ejn/EJN_Home.aspx -
2014-12-07 /ejn/AtlasChooseMeasure.aspx MP=1&Cou=UK++Culture:ROSessionId:avzrvdjxqsks1pgbc2kdpulxDate_Time:10:58
2014-12-07 /ejn/AtlasChooseCountry.aspx Type=2
2014-12-07 /ejn/AtlasChooseMeasure.aspx MP=1&Cou=UK
2014-12-07 /ejn/AtlasChooseMeasure.aspx MP=1&Cou=UK
2014-12-07 /ejn/AtlasChooseCountry.aspx Type=2
2014-12-07 /ejn/AtlasChooseMeasure.aspx MP=1&Cou=UK
2014-12-07 /ejn/EJN_QuickLinks.aspx id=27
2014-12-07 /ejn/EJN_QuickLinks.aspx id=27
2014-12-07 /ejn/AtlasChooseCountry.aspx Type=2
2014-12-07 /ejn/AtlasChooseMeasure.aspx MP=1&Cou=UK
2014-12-07 /ejn/AtlasChooseCountry.aspx Type=1
2014-12-07 /ejn/AtlasChooseMeasure.aspx MP=1&Cou=UK
2014-12-07 /ejn/AtlasSelection.aspx -
2014-12-07 /ejn/EJN_Home.aspx -
2014-12-07 /ejn/EJN_QuickLinks.aspx id=27
2014-12-07 /ejn/EJN_AtlasAdvanced.aspx -
2014-12-07 /ejn/ -
2014-12-07 /ejn/EJN_Home.aspx -
2014-12-07 /ejn/ -
2014-12-07 /ejn/EJN_AtlasAdvanced.aspx -
2014-12-07 /ejn/ -
2014-12-07 /ejn/ -
2014-12-07 /ejn/ -
2014-12-07 /ejn/ -
2014-12-07 /ejn/EJN_Home.aspx -
2014-12-07 /ejn/EJN_Home.aspx -
2014-12-07 /ejn/EJN_Home.aspx -
2014-12-07 /ejn/EJN_Home.aspx -
2014-12-07 /ejn/EJN_Home.aspx -
2014-12-07 /ejn/EJN_Home.aspx -
2014-12-07 /ejn/EJN_Home.aspx -
2014-12-07 /ejn/ -
2014-12-07 /ejn/EJN_AtlasAdvanced.aspx -
2014-12-07 /ejn/ -
2014-12-07 /ejn/ -
2014-12-07 /ejn/EJN_Home.aspx -
2014-12-07 /ejn/EJN_Home.aspx -
2014-12-07 /ejn/EJN_Home.aspx -
2014-12-07 /ejn/EJN_Home.aspx -
2014-12-07 /ejn/EJN_Home.aspx -
2014-12-07 /ejn/EJN_Home.aspx -
2014-12-07 /ejn/ -
2014-12-07 /ejn/ -
2014-12-07 /ejn/EJN_AtlasAdvanced.aspx -
2014-12-07 /ejn/ -
2014-12-07 /ejn/libcategories.aspx -
2014-12-07 /ejn/libcategories.aspx Id=2
2014-12-07 /ejn/EJN_Library_StatusOfImpByCat.aspx CategoryId=35
2014-12-07 /ejn/EJN_Home.aspx -
2014-12-07 /ejn/NewsDetail.aspx id=337&Ori=H
2014-12-07 /ejn/EJN_Home.aspx -
2014-12-07 /ejn/EJN_AtlasAdvanced.aspx -
2014-12-07 /ejn/EJN_Library_StatusOfImpByCat.aspx CategoryId=38
2014-12-07 /ejn/ -
2014-12-07 /ejn/ -
2014-12-07 /ejn/EJN_Home.aspx -
2014-12-07 /ejn/EJN_Home.aspx -
2014-12-07 /ejn/EJN_Home.aspx -
2014-12-07 /ejn/libcategories.aspx Id=2
2014-12-07 /ejn/EJN_Library_StatusOfImpByCat.aspx CategoryId=52
2014-12-07 /ejn/EJN_Library_StatusOfImpByCat.aspx CategoryId=38
2014-12-07 /ejn/EJN_Library_StatusOfImpByCat.aspx CategoryId=38
2014-12-07 /ejn/ -
2014-12-07 /ejn/EJN_AtlasAdvanced.aspx -
2014-12-07 /ejn/EJN_Home.aspx -
2014-12-07 /ejn/EJN_Home.aspx -
2014-12-07 /ejn/Events.aspx event=260
2014-12-07 /ejn/EJN_Home.aspx -
2014-12-07 /ejn/EJN_Home.aspx -
2014-12-07 /ejn/ -
2014-12-07 /ejn/libcategories.aspx Id=2
2014-12-07 /ejn/libadvancedsearch.aspx -
2014-12-07 /ejn/libcategories.aspx Id=2
2014-12-07 /ejn/libadvancedsearch.aspx -
2014-12-07 /ejn/ -
2014-12-07 /ejn/EJN_AtlasAdvanced.aspx -
2014-12-07 /ejn/libcategories.aspx Id=2
2014-12-07 /ejn/libcategories.aspx -
2014-12-07 /ejn/libadvancedsearch.aspx -
2014-12-07 /ejn/libcategories.aspx Id=1
2014-12-07 /ejn/libcategories.aspx Id=19
2014-12-07 /ejn/libcategories.aspx Id=11
2014-12-07 /ejn/libcategories.aspx Id=65
2014-12-07 /ejn/libdocumentproperties.aspx Id=762
2014-12-07 /ejn/libshowdocument.aspx Id=478&Lang=EN
2014-12-07 /ejn/libcategories.aspx Id=38
2014-12-07 /ejn/EJN_Library_StatusOfImpByCat.aspx CategoryId=38
2014-12-07 /ejn/libdocumentproperties.aspx Id=1405
2014-12-07 /ejn/libdocumentproperties.aspx Id=1312
2014-12-07 /ejn/libdocumentproperties.aspx Id=762
2014-12-07 /ejn/libdocumentproperties.aspx Id=1405
2014-12-07 /ejn/ -
2014-12-07 /ejn/ -
2014-12-07 /ejn/EJN_Library_StatusOfImpByCat.aspx CategoryId=38
2014-12-07 /ejn/libdocumentproperties.aspx Id=1405
2014-12-07 /ejn/EJN_Home.aspx -
2014-12-07 /ejn/ -
2014-12-07 /ejn/ -
2014-12-07 /ejn/EJN_AtlasAdvanced.aspx -
2014-12-07 /ejn/EJN_Home.aspx -
2014-12-07 /ejn/EJN_Home.aspx -
2014-12-07 /ejn/EJN_Home.aspx -
2014-12-07 /ejn/ -
2014-12-07 /ejn/libcategories.aspx -
2014-12-07 /ejn/libcategories.aspx Id=2
2014-12-07 /ejn/libcategories.aspx Id=1
2014-12-07 /ejn/libcategories.aspx Id=19
2014-12-07 /ejn/libcategories.aspx Id=11
2014-12-07 /ejn/libcategories.aspx Id=65
2014-12-07 /ejn/libdocumentproperties.aspx Id=762
2014-12-07 /ejn/libcategories.aspx Id=38
2014-12-07 /ejn/libdocumentproperties.aspx Id=762
2014-12-07 /ejn/libdocumentproperties.aspx Id=1483
2014-12-07 /ejn/libshowdocument.aspx Id=477&Lang=RO
2014-12-07 /ejn/libcategories.aspx Id=12
2014-12-07 /ejn/libcategories.aspx Id=35
2014-12-07 /ejn/EJN_Home.aspx -
2014-12-07 /ejn/libdocumentproperties.aspx Id=1314
2014-12-07 /ejn/libdocumentproperties.aspx Id=1316
2014-12-07 /ejn/libdocumentproperties.aspx Id=1011
2014-12-07 /ejn/libcategories.aspx Id=19
2014-12-07 /ejn/libcategories.aspx Id=12
2014-12-07 /ejn/libcategories.aspx Id=38
2014-12-07 /ejn/EJN_Library_StatusOfImpByCat.aspx CategoryId=38
2014-12-07 /ejn/libdocumentproperties.aspx Id=1312
2014-12-07 /ejn/libdocumentproperties.aspx Id=762
2014-12-07 /ejn/libcategories.aspx Id=35
2014-12-07 /ejn/EJN_Library_StatusOfImpByCat.aspx CategoryId=35
2014-12-07 /ejn/libdocumentproperties.aspx Id=724
2014-12-07 /ejn/libdocumentproperties.aspx Id=723
2014-12-07 /ejn/EJN_Home.aspx -
2014-12-07 /ejn/ -
2014-12-07 /ejn/libcategories.aspx -
2014-12-07 /ejn/libcategories.aspx Id=2
2014-12-07 /ejn/EJN_Library_StatusOfImpByCat.aspx CategoryId=38
2014-12-07 /ejn/EJN_Home.aspx -
2014-12-07 /ejn/libcategories.aspx Id=1
2014-12-07 /ejn/libcategories.aspx Id=19
2014-12-07 /ejn/libcategories.aspx Id=12
2014-12-07 /ejn/libcategories.aspx Id=35
2014-12-07 /ejn/libcategories.aspx Id=11
2014-12-07 /ejn/ -
2014-12-07 /ejn/EJN_AtlasAdvanced.aspx -
2014-12-07 /ejn/libcategories.aspx Id=12
2014-12-07 /ejn/libcategories.aspx Id=38
2014-12-07 /ejn/libshowdocument.aspx Id=219&Lang=RO
2014-12-07 /ejn/libdocumentproperties.aspx Id=1366
2014-12-07 /ejn/libdocumentproperties.aspx Id=1264
2014-12-07 /ejn/EJN_Home.aspx -
2014-12-07 /ejn/ -
2014-12-07 /ejn/libdocumentproperties.aspx Id=762
2014-12-07 /ejn/libcategories.aspx Id=35
2014-12-07 /ejn/libdocumentproperties.aspx Id=1314
2014-12-07 /ejn/libdocumentproperties.aspx Id=1010
2014-12-07 /ejn/libcategories.aspx Id=38
2014-12-07 /ejn/libdocumentproperties.aspx Id=1405
2014-12-07 /ejn/ -
2014-12-07 /ejn/EJN_AtlasAdvanced.aspx -
2014-12-07 /ejn/EJN_Home.aspx -
2014-12-07 /ejn/EJN_Home.aspx -
2014-12-07 /ejn/EJN_Home.aspx -
2014-12-07 /ejn/EJN_Home.aspx -
2014-12-07 /ejn/ -
2014-12-07 /ejn/ -
2014-12-07 /ejn/EJN_Home.aspx -
2014-12-07 /ejn/EJN_AtlasAdvanced.aspx -
2014-12-07 /ejn/ -
2014-12-07 /ejn/EJN_Home.aspx -
2014-12-07 /ejn/ -
2014-12-07 /ejn/EJN_Home.aspx -
2014-12-07 /ejn/EJN_Home.aspx -
2014-12-07 /ejn/ -
2014-12-07 /ejn/EJN_AtlasAdvanced.aspx -
2014-12-07 /ejn/ -
2014-12-07 /ejn/EJN_Home.aspx -
2014-12-07 /ejn/EJN_Home.aspx -
2014-12-07 /ejn/EJN_Secretariat.aspx -
2014-12-07 /ejn/EJN_Home.aspx -
2014-12-07 /ejn/EJN_Home.aspx -
2014-12-07 /ejn/ -
2014-12-07 /ejn/EJN_Home.aspx -
2014-12-07 /ejn/EJN_Home.aspx -
2014-12-07 /ejn/EJN_Home.aspx -
2014-12-07 /ejn/EJN_AtlasAdvanced.aspx -
2014-12-07 /ejn/ -
2014-12-07 /ejn/EJN_AtlasAdvanced.aspx -
2014-12-07 /ejn/libshowdocument.aspx Id=222&Lang=LT
2014-12-07 /ejn/EJN_Home.aspx -
2014-12-07 /ejn/ -
2014-12-07 /ejn/EJN_Home.aspx -
2014-12-07 /ejn/EJN_Home.aspx -
2014-12-07 /ejn/EJN_Home.aspx -
2014-12-07 /ejn/ -
2014-12-07 /ejn/EJN_AtlasAdvanced.aspx -
2014-12-07 /ejn/ -
2014-12-07 /ejn/NewsAll.aspx Id=2
2014-12-07 /atlas_advanced.aspx -
2014-12-07 /atlas_advanced.aspx -
2014-12-07 /ejn/EJN_Home.aspx -
2014-12-07 /ejn/EJN_Home.aspx -
2014-12-07 /ejn/ -
2014-12-07 /atlas_advanced.aspx -
2014-12-07 /atlas_advanced.aspx -
2014-12-07 /ejn/EJN_Home.aspx -
2014-12-07 /ejn/ -
2014-12-07 /ejn/EJN_AtlasAdvanced.aspx -
2014-12-07 /ejn/EJN_Home.aspx -
2014-12-07 /ejn/EJN_Home.aspx -
2014-12-07 /ejn/EJN_Home.aspx -
2014-12-07 /ejn/EJN_Home.aspx -
2014-12-07 /ejn/EJN_Home.aspx -
2014-12-07 /ejn/EJN_Home.aspx -
2014-12-07 /ejn/ -
2014-12-07 /ejn/EJN_AtlasAdvanced.aspx -
2014-12-07 /ejn/EJN_Home.aspx -
2014-12-07 /ejn/ -
2014-12-07 /ejn/ -
2014-12-07 /ejn/ -
2014-12-07 /ejn/EJN_AtlasAdvanced.aspx -
2014-12-07 /ejn/ -
2014-12-07 /ejn/EJN_Home.aspx -
2014-12-07 /ejn/EJN_Home.aspx -
2014-12-07 /ejn/EJN_Home.aspx -
2014-12-07 /ejn/EJN_Home.aspx -
2014-12-07 /ejn/EJN_Home.aspx -
2014-12-07 /ejn/ -
2014-12-07 /ejn/EJN_AtlasAdvanced.aspx -
2014-12-07 /ejn/ -
2014-12-07 /ejn/EJN_Home.aspx -
2014-12-07 /ejn/EJN_Home.aspx -
2014-12-07 /ejn/ -
2014-12-07 /ejn/ -
2014-12-07 /ejn/EJN_AtlasAdvanced.aspx -
2014-12-07 /ejn/EJN_Home.aspx -
2014-12-07 /ejn/libshowdocument.aspx Id=13&Lang=EL
2014-12-07 /ejn/libshowdocument.aspx Id=221&Lang=EL
2014-12-07 /ejn/EJN_AtlasAdvanced.aspx -
2014-12-07 /ejn/EJN_AtlasAdvanced.aspx -
2014-12-07 /ejn/EJN_Home.aspx -
2014-12-07 /ejn/ -
2014-12-07 /ejn/EJN_Home.aspx -
2014-12-07 /ejn/EJN_Home.aspx -
2014-12-07 /ejn/ -
2014-12-07 /ejn/EJN_InfoAbout.aspx Id=430
2014-12-07 /ejn/libshowdocument.aspx Id=221&Lang=EL
2014-12-07 /ejn/ -
2014-12-07 /ejn/EJN_InfoAbout.aspx Id=307
2014-12-07 /ejn/ -
2014-12-07 /ejn/EJN_FichesBelges.aspx -
2014-12-07 /ejn/AtlasChooseCountry.aspx Type=1
2014-12-07 /ejn/EJN_StaticPage.aspx Bread=10
2014-12-07 /ejn/ -
2014-12-07 /ejn/ -
2014-12-07 /ejn/ -
2014-12-07 /ejn/ -
2014-12-07 /ejn/ -
2014-12-07 /ejn/ -
2014-12-07 /ejn/ -
2014-12-07 /ejn/ -
2014-12-07 /ejn/ -
2014-12-07 /ejn/ -
2014-12-07 /ejn/EJN_StaticPage.aspx Bread=11
2014-12-07 /ejn/AtlasChooseCountry.aspx Type=2
2014-12-07 /ejn/ -
2014-12-07 /ejn/EJN_StaticPage.aspx Bread=10
2014-12-07 /ejn/EJN_Home.aspx -
2014-12-07 /ejn/EJN_AtlasAdvanced.aspx -
2014-12-07 /ejn/ -
2014-12-07 /ejn/EJN_Home.aspx -
2014-12-07 /ejn/ -
2014-12-07 /ejn/ -
2014-12-07 /ejn/ -
2014-12-07 /ejn/ -
2014-12-07 /ejn/EJN_AtlasAdvanced.aspx -
2014-12-07 /ejn/ -
2014-12-07 /ejn/EJN_Home.aspx -
2014-12-07 /ejn/EJN_Home.aspx -
2014-12-07 /ejn/EJN_Home.aspx -
2014-12-07 /ejn/EJN_Home.aspx -
2014-12-07 /ejn/EJN_AtlasAdvanced.aspx -
2014-12-07 /ejn/ -
2014-12-07 /ejn/ -
2014-12-07 /ejn/EJN_Home.aspx -
2014-12-07 /ejn/EJN_Home.aspx -
2014-12-07 /ejn/ -
2014-12-07 /ejn/ -
2014-12-07 /ejn/EJN_StaticPage.aspx Bread=1
2014-12-07 /ejn/EJN_Home.aspx -
2014-12-07 /ejn/AtlasChooseCountry.aspx Type=1
2014-12-07 /ejn/AtlasChooseMeasure.aspx MP=0&Cou=287
2014-12-07 /ejn/AtlasSelection.aspx -
2014-12-07 /ejn/AtlasAuthorityData.aspx Id=2587
2014-12-07 /ejn/EJN_AtlasAdvanced.aspx -
2014-12-07 /ejn/AtlasAuthorityData.aspx Id=2587
2014-12-07 /ejn/ -
2014-12-07 /ejn/EJN_StaticPage.aspx Bread=12
2014-12-07 /ejn/libcategories.aspx Id=14
2014-12-07 /ejn/libdocumentproperties.aspx Id=305
2014-12-07 /ejn/libdocumentproperties.aspx Id=305
2014-12-07 /ejn/ -
2014-12-07 /ejn/libdocumentproperties.aspx Id=317
2014-12-07 /ejn/libdocumentproperties.aspx Id=317
2014-12-07 /ejn/ -
2014-12-07 /ejn/libdocumentproperties.aspx Id=305
2014-12-07 /ejn/libdocumentproperties.aspx Id=305
2014-12-07 /ejn/ -
2014-12-07 /ejn/EJN_Home.aspx -
2014-12-07 /ejn/EJN_StaticPage.aspx Bread=23
2014-12-07 /ejn/EJN_Home.aspx -
2014-12-07 /ejn/EJN_Home.aspx -
2014-12-07 /ejn/EJN_Home.aspx -
2014-12-07 /ejn/EJN_Home.aspx -
2014-12-07 /ejn/EJN_AtlasAdvanced.aspx -
2014-12-07 /ejn/ -
2014-12-07 /ejn/ -
2014-12-07 /ejn/ -
2014-12-07 /ejn/EJN_Home.aspx -
2014-12-07 /ejn/EJN_Home.aspx -
2014-12-07 /ejn/ -
2014-12-07 /ejn/EJN_AtlasAdvanced.aspx -
2014-12-07 /ejn/ -
2014-12-07 /ejn/libcategories.aspx Id=24
2014-12-07 /ejn/EJN_Home.aspx -
2014-12-07 /ejn/libshowdocument.aspx Id=222&Lang=LT
2014-12-07 /ejn/ -
2014-12-07 /ejn/AtlasChooseCountry.aspx Type=1
2014-12-07 /ejn/AtlasChooseMeasure.aspx MP=1&Cou=UK
2014-12-07 /ejn/AtlasSelection.aspx -
2014-12-07 /ejn/AtlasChooseCountry.aspx Type=1
2014-12-07 /ejn/AtlasChooseMeasure.aspx MP=1&Cou=UK
2014-12-07 /ejn/AtlasSelection.aspx -
2014-12-07 /ejn/EJN_AtlasAdvanced.aspx -
2014-12-07 /ejn/ -
2014-12-07 /ejn/EJN_AtlasAdvanced.aspx -
2014-12-07 /ejn/ -
2014-12-07 /ejn/libcategories.aspx Id=2
2014-12-07 /ejn/EJN_Home.aspx -
2014-12-07 /ejn/libdocumentproperties.aspx Id=1384
2014-12-07 /ejn/EJN_Home.aspx -
2014-12-07 /ejn/libdocumentproperties.aspx Id=1171
2014-12-07 /ejn/EJN_Home.aspx -
2014-12-07 /ejn/libcategories.aspx -
2014-12-07 /ejn/libcategories.aspx Id=1
2014-12-07 /ejn/libcategories.aspx Id=19
2014-12-07 /ejn/libcategories.aspx Id=12
2014-12-07 /ejn/libcategories.aspx Id=36
2014-12-07 /ejn/libdocumentproperties.aspx Id=978
2014-12-07 /ejn/libdocumentproperties.aspx Id=1263
2014-12-07 /ejn/libdocumentproperties.aspx Id=1263
2014-12-07 /ejn/libdocumentproperties.aspx Id=1228
2014-12-07 /ejn/libshowdocument.aspx Id=780&Lang=EN
2014-12-07 /ejn/ -
2014-12-07 /ejn/EJN_AtlasAdvanced.aspx -
2014-12-07 /ejn/EJN_Home.aspx -
2014-12-07 /ejn/EJN_Home.aspx -
2014-12-07 /ejn/ -
2014-12-07 /ejn/EJN_AtlasAdvanced.aspx -
2014-12-07 /ejn/ -
2014-12-07 /ejn/EJN_Home.aspx -
2014-12-07 /ejn/EJN_Home.aspx -
2014-12-07 /ejn/EJN_Home.aspx -
2014-12-07 /ejn/EJN_Home.aspx -
2014-12-07 /ejn/ -
2014-12-07 /ejn/EJN_StaticPage.aspx Bread=10
2014-12-07 /ejn/EJN_Home.aspx -
2014-12-07 /ejn/EJN_AtlasAdvanced.aspx -
2014-12-07 /ejn/ -
2014-12-07 /ejn/libcategories.aspx Id=12
2014-12-07 /ejn/EJN_Home.aspx -
2014-12-07 /ejn/Events.aspx event=247
2014-12-07 /ejn/EJN_Home.aspx -
2014-12-07 /ejn/Events.aspx event=273
2014-12-07 /ejn/EJN_Home.aspx -
2014-12-07 /ejn/EJN_Home.aspx -
2014-12-07 /ejn/ -
2014-12-07 /ejn/EJN_AtlasAdvanced.aspx -
2014-12-07 /ejn/ -
2014-12-07 /ejn/ -
2014-12-07 /ejn/EJN_InfoAbout.aspx Id=368
2014-12-07 /ejn/ -
2014-12-07 /ejn/EJN_Home.aspx -
2014-12-07 /ejn/EJN_Home.aspx -
2014-12-07 /ejn/EJN_Home.aspx -
2014-12-07 /ejn/EJN_InfoAbout.aspx Id=259
2014-12-07 /ejn/EJN_AtlasAdvanced.aspx -
2014-12-07 /ejn/EJN_StaticPage.aspx Bread=9
2014-12-07 /ejn/ -
2014-12-07 /ejn/ejn_home.aspx -
2014-12-07 /ejn/EJN_Home.aspx -
2014-12-07 /ejn/ejn_home.aspx -
2014-12-07 /ejn/EJN_InfoAbout.aspx Id=259
2014-12-07 /ejn/EJN_Home.aspx -
2014-12-07 /ejn/sitemap.aspx -
2014-12-07 /ejn/EJN_Home.aspx -
2014-12-07 /ejn/EJN_Faqs.aspx -
2014-12-07 /ejn/EJN_Faqs.aspx cat=1
2014-12-07 /ejn/EJN_Faqs.aspx cat=1&id=8
2014-12-07 /ejn/EJN_StaticPage.aspx Bread=8
2014-12-07 /ejn/ -
2014-12-07 /ejn/EJN_Home.aspx -
2014-12-07 /ejn/EJN_AtlasAdvanced.aspx -
2014-12-07 /ejn/ -
2014-12-07 /ejn/EJN_Home.aspx -
2014-12-07 /ejn/ -
2014-12-07 /ejn/EJN_AtlasAdvanced.aspx -
2014-12-07 /ejn/ -
2014-12-07 /ejn/EJN_AtlasAdvanced.aspx -
2014-12-07 /ejn/EJN_Home.aspx -
2014-12-07 /ejn/EJN_Home.aspx -
2014-12-07 /ejn/EJN_Home.aspx -
2014-12-07 /ejn/EJN_Home.aspx -
2014-12-07 /ejn/ -
2014-12-07 /ejn/EJN_AtlasAdvanced.aspx -
2014-12-07 /ejn/ -
2014-12-07 /ejn/EJN_Home.aspx -
2014-12-07 /ejn/EJN_Home.aspx -
2014-12-07 /ejn/ -
2014-12-07 /ejn/ -
2014-12-07 /ejn/ -
2014-12-07 /ejn/EJN_AtlasAdvanced.aspx -
2014-12-07 /ejn/ -
2014-12-07 /ejn/ -
2014-12-07 /ejn/NewsDetail.aspx id=335&Ori=H
2014-12-07 /ejn/NewsDetail.aspx id=340&Ori=H
2014-12-07 /ejn/ -
2014-12-07 /ejn/EJN_Secretariat.aspx -
2014-12-07 /ejn/EJN_AtlasAdvanced.aspx -
2014-12-07 /ejn/EJN_AtlasAdvanced.aspx -
2014-12-07 /ejn/ -
2014-12-07 /ejn/EJN_Home.aspx -
2014-12-07 /ejn/ -
2014-12-07 /ejn/AtlasChooseMeasure.aspx Mp=1&Cou=NL&Type=2
2014-12-07 /ejn/EJN_Home.aspx -
2014-12-07 /ejn/EJN_Home.aspx -
2014-12-07 /ejn/ -
2014-12-07 /ejn/AtlasChooseMeasure.aspx Mp=1&Cou=NL&Type=2
2014-12-07 /ejn/AtlasChooseMeasure.aspx Mp=1&Cou=NL&Type=2
2014-12-07 /ejn/AtlasChooseMeasure.aspx Mp=1&Cou=NL&Type=2
2014-12-07 /ejn/AtlasSelection.aspx -
2014-12-07 /ejn/AtlasSelection.aspx -
2014-12-07 /ejn/AtlasSelection.aspx -
2014-12-07 /ejn/AtlasChooseAuthority.aspx -
2014-12-07 /ejn/AtlasChooseAuthority.aspx/GetLocations -
2014-12-07 /ejn/AtlasChooseAuthority.aspx/GetLocations -
2014-12-07 /ejn/AtlasChooseAuthority.aspx -
2014-12-07 /ejn/AtlasAuthorityData.aspx Id=2626
2014-12-07 /ejn/EJN_Home.aspx -
2014-12-07 /ejn/EJN_AtlasAdvanced.aspx -
2014-12-07 /ejn/ -
2014-12-07 /ejn/EJN_Home.aspx -
2014-12-07 /ejn/ -
2014-12-07 /ejn/ -
2014-12-07 /ejn/EJN_QuickLinks.aspx id=25
2014-12-07 /ejn/AtlasChooseCountry.aspx Type=2
2014-12-07 /ejn/AtlasChooseCountry.aspx Type=2
2014-12-07 /ejn/AtlasChooseMeasure.aspx MP=0&Cou=395
2014-12-07 /ejn/AtlasChooseMeasure.aspx MP=0&Cou=395++Culture:ROSessionId:f42zqocvwxuktftha4elv4srDate_Time:16:10
2014-12-07 /ejn/AtlasChooseMeasure.aspx MP=0&Cou=395
2014-12-07 /ejn/AtlasChooseMeasure.aspx MP=0&Cou=395
2014-12-07 /ejn/AtlasSelection.aspx -
2014-12-07 /ejn/AtlasSelection.aspx -
2014-12-07 /ejn/AtlasSelection.aspx -
2014-12-07 /ejn/AtlasAuthorityData.aspx Id=2589
2014-12-07 /ejn/AtlasSelection.aspx -
2014-12-07 /ejn/AtlasSelection.aspx -
2014-12-07 /ejn/AtlasSelection.aspx -
2014-12-07 /ejn/AtlasSelection.aspx -
2014-12-07 /ejn/AtlasAuthorityData.aspx Id=3833
2014-12-07 /ejn/AtlasChooseCountry.aspx Type=2
2014-12-07 /ejn/AtlasChooseCountry.aspx Type=2
2014-12-07 /ejn/AtlasChooseMeasure.aspx MP=0&Cou=395
2014-12-07 /ejn/AtlasChooseMeasure.aspx MP=0&Cou=395
2014-12-07 /ejn/AtlasChooseMeasure.aspx MP=0&Cou=395
2014-12-07 /ejn/AtlasSelection.aspx -
2014-12-07 /ejn/ -
2014-12-07 /ejn/AtlasSelection.aspx -
2014-12-07 /ejn/AtlasSelection.aspx -
2014-12-07 /ejn/AtlasAuthorityData.aspx Id=3184
2014-12-07 /ejn/AtlasAuthorityData.aspx Id=3184
2014-12-07 /ejn/AtlasSelection.aspx Option=AuthorityType
2014-12-07 /ejn/AtlasChooseCountry.aspx Type=2
2014-12-07 /ejn/AtlasChooseCountry.aspx Type=2
2014-12-07 /ejn/AtlasChooseMeasure.aspx MP=0&Cou=354
2014-12-07 /ejn/AtlasChooseMeasure.aspx MP=0&Cou=354
2014-12-07 /ejn/AtlasChooseMeasure.aspx MP=0&Cou=354
2014-12-07 /ejn/AtlasSelection.aspx -
2014-12-07 /ejn/EJN_AtlasAdvanced.aspx -
2014-12-07 /ejn/ -
2014-12-07 /ejn/AtlasSelection.aspx -
2014-12-07 /ejn/AtlasSelection.aspx -
2014-12-07 /ejn/AtlasAuthorityData.aspx Id=5341
2014-12-07 /ejn/AtlasSelection.aspx -
2014-12-07 /ejn/AtlasSelection.aspx -
2014-12-07 /ejn/AtlasAuthorityData.aspx Id=4141
2014-12-07 /ejn/AtlasSelection.aspx -
2014-12-07 /ejn/AtlasSelection.aspx -
2014-12-07 /ejn/AtlasAuthorityData.aspx Id=4136
2014-12-07 /ejn/AtlasChooseCountry.aspx Type=2
2014-12-07 /ejn/AtlasChooseMeasure.aspx MP=1&Cou=UK
2014-12-07 /ejn/AtlasChooseMeasure.aspx MP=1&Cou=UK
2014-12-07 /ejn/AtlasChooseMeasure.aspx MP=1&Cou=UK
2014-12-07 /ejn/AtlasChooseMeasure.aspx MP=1&Cou=UK
2014-12-07 /ejn/AtlasSelection.aspx -
2014-12-07 /ejn/AtlasSelection.aspx -
2014-12-07 /ejn/AtlasSelection.aspx -
2014-12-07 /ejn/AtlasAuthorityData.aspx Id=2589
2014-12-07 /ejn/AtlasSelection.aspx -
2014-12-07 /ejn/AtlasSelection.aspx -
2014-12-07 /ejn/AtlasAuthorityData.aspx Id=2592
2014-12-07 /ejn/AtlasSelection.aspx -
2014-12-07 /ejn/AtlasSelection.aspx -
2014-12-07 /ejn/AtlasAuthorityData.aspx Id=3833
2014-12-07 /ejn/AtlasSelection.aspx -
2014-12-07 /ejn/EJN_Home.aspx -
2014-12-07 /ejn/EJN_QuickLinks.aspx id=25
2014-12-07 /ejn/AtlasChooseCountry.aspx Type=2
2014-12-07 /ejn/AtlasChooseMeasure.aspx MP=1&Cou=UK
2014-12-07 /ejn/AtlasChooseMeasure.aspx MP=1&Cou=UK
2014-12-07 /ejn/AtlasChooseMeasure.aspx MP=1&Cou=UK
2014-12-07 /ejn/AtlasChooseMeasure.aspx MP=1&Cou=UK
2014-12-07 /ejn/AtlasSelection.aspx -
2014-12-07 /ejn/AtlasChooseMeasure.aspx MP=1&Cou=UK
2014-12-07 /ejn/AtlasChooseMeasure.aspx MP=0&Cou=395
2014-12-07 /ejn/EJN_QuickLinks.aspx id=26
2014-12-07 /ejn/AtlasChooseCountry.aspx Type=1
2014-12-07 /ejn/EJN_Home.aspx -
2014-12-07 /ejn/AtlasChooseMeasure.aspx MP=1&Cou=UK
2014-12-07 /ejn/AtlasSelection.aspx -
2014-12-07 /ejn/AtlasSelection.aspx -
2014-12-07 /ejn/AtlasSelection.aspx -
2014-12-07 /ejn/AtlasAuthorityData.aspx Id=3833
2014-12-07 /ejn/AtlasSelection.aspx -
2014-12-07 /ejn/EJN_QuickLinks.aspx id=25
2014-12-07 /ejn/AtlasChooseCountry.aspx Type=2
2014-12-07 /ejn/EJN_Home.aspx -
2014-12-07 /ejn/AtlasChooseMeasure.aspx MP=1&Cou=UK&Type=2
2014-12-07 /ejn/EJN_Home.aspx -
2014-12-07 /ejn/EJN_Home.aspx -
2014-12-07 /ejn/AtlasChooseMeasure.aspx MP=1&Cou=UK&Type=2
2014-12-07 /ejn/AtlasChooseMeasure.aspx MP=1&Cou=UK&Type=2
2014-12-07 /ejn/AtlasSelection.aspx -
2014-12-07 /ejn/EJN_Home.aspx -
2014-12-07 /ejn/ -
2014-12-07 /ejn/EJN_AtlasAdvanced.aspx -
2014-12-07 /ejn/EJN_Home.aspx -
2014-12-07 /ejn/ -
2014-12-07 /ejn/ -
2014-12-07 /ejn/EJN_Login.aspx -
2014-12-07 /ejn/EJN_Home.aspx -
2014-12-07 /ejn/ -
2014-12-07 /ejn/EJN_Login.aspx -
2014-12-07 /ejn/EJN_ContactPointsNew.aspx -
2014-12-07 /ejn/EJN_ContactPointsNew.aspx -
2014-12-07 /ejn/EJN_ContactPointsNew.aspx -
2014-12-07 /ejn/EJN_ContactPointsNew.aspx -
2014-12-07 /ejn/ -
2014-12-07 /ejn/ ++Culture:LVSessionId:0sc1waaairlpyxjnsgyn4tqdDate_Time:16:30
2014-12-07 /ejn/libcategories.aspx Id=32
2014-12-07 /ejn/libshowdocument.aspx Id=16&Lang=LV
2014-12-07 /ejn/libshowdocument.aspx Id=16&Lang=LV
2014-12-07 /ejn/EJN_AtlasAdvanced.aspx -
2014-12-07 /ejn/ -
2014-12-07 /ejn/ -
2014-12-07 /ejn/libdocumentproperties.aspx Id=624
2014-12-07 /ejn/ -
2014-12-07 /ejn/AtlasChooseCountry.aspx Type=1
2014-12-07 /ejn/AtlasChooseCountry.aspx Type=2
2014-12-07 /ejn/EJN_Home.aspx -
2014-12-07 /ejn/EJN_Home.aspx -
2014-12-07 /ejn/EJN_AtlasAdvanced.aspx -
2014-12-07 /ejn/EJN_Home.aspx -
2014-12-07 /ejn/EJN_Home.aspx -
2014-12-07 /ejn/EJN_Home.aspx -
2014-12-07 /ejn/EJN_Home.aspx -
2014-12-07 /ejn/EJN_Home.aspx -
2014-12-07 /ejn/NewsDetail.aspx id=336&Ori=H
2014-12-07 /ejn/EJN_Home.aspx -
2014-12-07 /ejn/ -
2014-12-07 /ejn/EJN_AtlasAdvanced.aspx -
2014-12-07 /ejn/ejn_home.aspx -
2014-12-07 /ejn/EJN_Home.aspx -
2014-12-07 /ejn/EJN_Home.aspx -
2014-12-07 /ejn/ -
2014-12-07 /ejn/EJN_FichesBelgesResult.aspx measure=701&country=277&other=351
2014-12-07 /ejn/EJN_Home.aspx -
2014-12-07 /ejn/EJN_AtlasAdvanced.aspx -
2014-12-07 /ejn/ -
2014-12-07 /ejn/EJN_Home.aspx -
2014-12-07 /ejn/EJN_Home.aspx -
2014-12-07 /ejn/ -
2014-12-07 /ejn/ -
2014-12-07 /ejn/EJN_Home.aspx -
2014-12-07 /ejn/EJN_Home.aspx -
2014-12-07 /ejn/EJN_StaticPage.aspx Bread=12
2014-12-07 /ejn/EJN_Home.aspx -
2014-12-07 /ejn/AtlasChooseCountry.aspx Type=1
2014-12-07 /ejn/EJN_Home.aspx -
2014-12-07 /ejn/EJN_Home.aspx -
2014-12-07 /ejn/EJN_EAWWizard.aspx -
2014-12-07 /ejn/ctrls.eawwizard/IframeEngine.aspx -
2014-12-07 /ejn/EJN_Home.aspx -
2014-12-07 /ejn/EJN_EAWWizard.aspx ++Culture:NLSessionId:lzcmmwn52h4ef5o1z0toryjxDate_Time:16:57
2014-12-07 /ejn/ctrls.eawwizard/IframeEngine.aspx -
2014-12-07 /ejn/EJN_StaticPage.aspx Bread=12
2014-12-07 /ejn/EJN_AtlasAdvanced.aspx -
2014-12-07 /ejn/ -
2014-12-07 /ejn/EJN_EAWWizard.aspx -
2014-12-07 /ejn/EJN_Home.aspx -
2014-12-07 /ejn/ -
2014-12-07 /ejn/EJN_EAWWizard.aspx -
2014-12-07 /ejn/ctrls.eawwizard/IframeEngine.aspx -
2014-12-07 /ejn/EJN_StaticPage.aspx Bread=12
2014-12-07 /ejn/ -
2014-12-07 /ejn/libcategories.aspx -
2014-12-07 /ejn/libcategories.aspx Id=1
2014-12-07 /ejn/libcategories.aspx Id=1
2014-12-07 /ejn/libcategories.aspx Id=19
2014-12-07 /ejn/EJN_Home.aspx -
2014-12-07 /ejn/libcategories.aspx Id=19
2014-12-07 /ejn/libcategories.aspx Id=9
2014-12-07 /ejn/libcategories.aspx Id=9
2014-12-07 /ejn/libcategories.aspx Id=10
2014-12-07 /ejn/libcategories.aspx Id=10
2014-12-07 /ejn/libcategories.aspx Id=13
2014-12-07 /ejn/libcategories.aspx Id=10
2014-12-07 /ejn/libcategories.aspx Id=9
2014-12-07 /ejn/EJN_Home.aspx -
2014-12-07 /ejn/ -
2014-12-07 /ejn/EJN_AtlasAdvanced.aspx -
2014-12-07 /ejn/ -
2014-12-07 /ejn/EJN_Home.aspx -
2014-12-07 /ejn/ -
2014-12-07 /ejn/EJN_AtlasAdvanced.aspx -
2014-12-07 /ejn/EJN_Home.aspx -
2014-12-07 /ejn/EJN_Home.aspx -
2014-12-07 /ejn/EJN_Home.aspx -
2014-12-07 /ejn/EJN_Home.aspx -
2014-12-07 /ejn/EJN_Home.aspx -
2014-12-07 /ejn/EJN_Home.aspx -
2014-12-07 /ejn/EJN_Home.aspx -
2014-12-07 /ejn/EJN_StaticPage.aspx Bread=2
2014-12-07 /ejn/EJN_Home.aspx -
2014-12-07 /ejn/ -
2014-12-07 /ejn/EJN_EAWWizard.aspx -
2014-12-07 /ejn/EJN_Home.aspx -
2014-12-07 /ejn/EJN_Home.aspx -
2014-12-07 /ejn/ -
2014-12-07 /ejn/EJN_AtlasAdvanced.aspx -
2014-12-07 /ejn/EJN_Home.aspx -
2014-12-07 /ejn/ -
2014-12-07 /ejn/NewsDetail.aspx id=228&Ori=H
2014-12-07 /ejn/ -
2014-12-07 /ejn/EJN_InfoAbout.aspx Id=368
2014-12-07 /ejn/EJN_AtlasAdvanced.aspx -
2014-12-07 /ejn/ -
2014-12-07 /ejn/EJN_Home.aspx -
2014-12-07 /ejn/EJN_AtlasAdvanced.aspx -
2014-12-07 /ejn/EJN_Home.aspx -
2014-12-07 /ejn/EJN_Home.aspx -
2014-12-07 /ejn/EJN_Home.aspx -
2014-12-07 /ejn/EJN_Home.aspx -
2014-12-07 /ejn/EJN_Home.aspx -
2014-12-07 /ejn/EJN_Home.aspx -
2014-12-07 /ejn/EJN_AtlasAdvanced.aspx -
2014-12-07 /ejn/ -
2014-12-07 /ejn/libshowdocument.aspx Id=222&Lang=LT
2014-12-07 /ejn/ -
2014-12-07 /ejn/EJN_Home.aspx -
2014-12-07 /ejn/EJN_Home.aspx -
2014-12-07 /ejn/ -
2014-12-07 /ejn/AtlasChooseCountry.aspx -
2014-12-07 /ejn/EJN_Home.aspx -
2014-12-07 /ejn/AtlasChooseMeasure.aspx Mp=1&Cou=IT&Type=2
2014-12-07 /ejn/AtlasChooseMeasure.aspx Mp=1&Cou=IT&Type=2
2014-12-07 /ejn/AtlasChooseMeasure.aspx Mp=1&Cou=IT&Type=2
2014-12-07 /ejn/AtlasChooseMeasure.aspx Mp=1&Cou=IT&Type=2
2014-12-07 /ejn/AtlasSelection.aspx -
2014-12-07 /ejn/AtlasChooseAuthority.aspx -
2014-12-07 /ejn/AtlasChooseAuthority.aspx/GetLocations -
2014-12-07 /ejn/AtlasChooseAuthority.aspx -
2014-12-07 /ejn/AtlasAuthorityData.aspx Id=4797
2014-12-07 /ejn/EJN_AtlasAdvanced.aspx -
2014-12-07 /ejn/ -
2014-12-07 /ejn/AtlasChooseMeasure.aspx MP=0&Cou=295
2014-12-07 /ejn/AtlasChooseMeasure.aspx MP=0&Cou=295
2014-12-07 /ejn/AtlasChooseMeasure.aspx MP=0&Cou=295
2014-12-07 /ejn/AtlasChooseMeasure.aspx MP=0&Cou=295
2014-12-07 /ejn/AtlasChooseMeasure.aspx MP=0&Cou=295
2014-12-07 /ejn/AtlasChooseMeasure.aspx MP=0&Cou=295
2014-12-07 /ejn/AtlasChooseMeasure.aspx MP=0&Cou=295
2014-12-07 /ejn/AtlasSelection.aspx -
2014-12-07 /ejn/AtlasChooseAuthority.aspx -
2014-12-07 /ejn/AtlasChooseAuthority.aspx/GetLocations -
2014-12-07 /ejn/AtlasChooseAuthority.aspx -
2014-12-07 /ejn/AtlasAuthorityData.aspx Id=4797
2014-12-07 /ejn/EJN_Home.aspx -
2014-12-07 /ejn/EJN_AtlasAdvanced.aspx -
2014-12-07 /ejn/ -
2014-12-07 /ejn/EJN_Home.aspx -
2014-12-07 /ejn/EJN_Home.aspx -
2014-12-07 /ejn/EJN_Home.aspx -
2014-12-07 /ejn/EJN_AtlasAdvanced.aspx -
2014-12-07 /ejn/EJN_Home.aspx -
2014-12-07 /ejn/EJN_Home.aspx -
2014-12-07 /ejn/EJN_Home.aspx -
2014-12-07 /ejn/ejn_home.aspx -
2014-12-07 /ejn/EJN_AtlasAdvanced.aspx -
2014-12-07 /ejn/EJN_Home.aspx -
2014-12-07 /ejn/EJN_AtlasAdvanced.aspx -
2014-12-07 /ejn/ -
2014-12-07 /ejn/ -
2014-12-07 /ejn/EJN_AtlasAdvancedOld.aspx ctyCode=SK
2014-12-07 /compendium.aspx -
2014-12-07 /ejn/NewsDetail.aspx id=309&Ori=H
2014-12-07 /ejn/EJN_Home.aspx -
2014-12-07 /ejn/ -
2014-12-07 /ejn/ -
2014-12-07 /ejn/EJN_StaticPage.aspx Bread=11
2014-12-07 /ejn/NewsDetail.aspx id=262&Ori=H
2014-12-07 /ejn/NewsDetail.aspx id=335&Ori=H
2014-12-07 /ejn/NewsDetail.aspx id=251&Ori=H
2014-12-07 /fiches_belges.aspx -
2014-12-07 /ejn/Events.aspx event=254
2014-12-07 /ejn/EJN_EAWWizard.aspx -
2014-12-07 /ejn/Gallery.aspx -
2014-12-07 /ejn/EJN_StaticPage.aspx Bread=9
2014-12-07 /ejn/EJN_QuickLinks.aspx id=23
2014-12-07 /ejn/EJN_Home.aspx -
2014-12-07 /ejn/EJN_AtlasAdvanced.aspx -
2014-12-07 /ejn/ -
2014-12-07 /ejn/EJN_Home.aspx -
2014-12-07 /ejn/EJN_Home.aspx -
2014-12-07 /ejn/EJN_Home.aspx -
2014-12-07 /ejn/EJN_Home.aspx -
2014-12-07 /ejn/EJN_Home.aspx -
2014-12-07 /ejn/EJN_Home.aspx -
2014-12-07 /ejn/EJN_Home.aspx -
2014-12-07 /ejn/EJN_AtlasAdvanced.aspx -
2014-12-07 /ejn/ -
2014-12-07 /ejn/ -
2014-12-07 /ejn/EJN_Home.aspx -
2014-12-07 /ejn/EJN_Home.aspx -
2014-12-07 /ejn/ -
2014-12-07 /ejn/EJN_AtlasAdvanced.aspx -
2014-12-07 /ejn/ -
2014-12-07 /ejn/EJN_Home.aspx -
2014-12-07 /ejn/EJN_AtlasAdvanced.aspx -
2014-12-07 /ejn/EJN_Home.aspx -
2014-12-07 /ejn/EJN_Home.aspx -
2014-12-07 /ejn/ -
2014-12-07 /ejn/EJN_AtlasAdvanced.aspx -
2014-12-07 /ejn/ -
2014-12-07 /ejn/EJN_Home.aspx -
2014-12-07 /ejn/EJN_Home.aspx -
2014-12-07 /ejn/EJN_Home.aspx -
2014-12-07 /ejn/EJN_Home.aspx -
2014-12-07 /ejn/EJN_Home.aspx -
2014-12-07 /ejn/EJN_Home.aspx -
2014-12-07 /ejn/EJN_Secretariat.aspx -
2014-12-07 /ejn/EJN_Home.aspx -
2014-12-07 /ejn/EJN_AtlasAdvanced.aspx -
2014-12-07 /ejn/ -
2014-12-07 /ejn/EJN_Home.aspx -
2014-12-07 /ejn/ -
2014-12-07 /ejn/libcategories.aspx Id=14
2014-12-07 /ejn/EJN_Home.aspx -
2014-12-07 /ejn/EJN_StaticPage.aspx Bread=38
2014-12-07 /ejn/EJN_Home.aspx -
2014-12-07 /ejn/ -
2014-12-07 /ejn/AtlasChooseMeasure.aspx Mp=1&Cou=FR&Type=2
2014-12-07 /ejn/EJN_AtlasAdvanced.aspx -
2014-12-07 /ejn/ -
2014-12-07 /ejn/AtlasChooseCountry.aspx Type=2
2014-12-07 /ejn/EJN_Home.aspx -
2014-12-07 /ejn/EJN_Home.aspx -
2014-12-07 /ejn/EJN_Home.aspx -
2014-12-07 /ejn/EJN_Home.aspx -
2014-12-07 /ejn/AtlasChooseMeasure.aspx MP=1&Cou=DE
2014-12-07 /ejn/ -
2014-12-07 /ejn/EJN_Home.aspx -
2014-12-07 /ejn/EJN_Home.aspx -
2014-12-07 /ejn/AtlasChooseMeasure.aspx MP=1&Cou=DE
2014-12-07 /ejn/EJN_FichesBelgesResult.aspx measure=101&country=277&other=-1
2014-12-07 /ejn/AtlasChooseMeasure.aspx MP=1&Cou=DE
2014-12-07 /ejn/EJN_Home.aspx -
2014-12-07 /ejn/EJN_FichesBelgesResult.aspx measure=502&country=277&other=-1
2014-12-07 /ejn/EJN_AtlasAdvanced.aspx -
2014-12-07 /ejn/ -
2014-12-07 /ejn/AtlasChooseMeasure.aspx MP=1&Cou=DE
2014-12-07 /ejn/AtlasSelection.aspx -
2014-12-07 /ejn/AtlasChooseAuthority.aspx -
2014-12-07 /ejn/AtlasChooseAuthority.aspx/GetLocations -
2014-12-07 /ejn/ -
2014-12-07 /ejn/AtlasChooseAuthority.aspx -
2014-12-07 /ejn/AtlasChooseAuthority.aspx -
2014-12-07 /ejn/AtlasAuthorityData.aspx Id=4189
2014-12-07 /ejn/AtlasChooseAuthority.aspx/GetLocations -
2014-12-07 /ejn/EJN_Home.aspx -
2014-12-07 /ejn/AtlasChooseAuthority.aspx -
2014-12-07 /ejn/AtlasAuthorityData.aspx Id=4189
2014-12-07 /ejn/AtlasAuthorityData.aspx Id=4189
2014-12-07 /ejn/AtlasAuthorityData.aspx Id=4189
2014-12-07 /ejn/EJN_Home.aspx -
2014-12-07 /ejn/EJN_Home.aspx -
2014-12-07 /ejn/ -
2014-12-07 /ejn/ -
2014-12-07 /ejn/ -
2014-12-07 /ejn/ -
2014-12-07 /ejn/EJN_AtlasAdvanced.aspx -
2014-12-07 /ejn/ -
2014-12-07 /ejn/EJN_Home.aspx -
2014-12-07 /ejn/ -
2014-12-07 /ejn/EJN_Home.aspx -
2014-12-07 /ejn/EJN_Home.aspx -
2014-12-07 /ejn/EJN_Home.aspx -
2014-12-07 /ejn/EJN_Home.aspx -
2014-12-07 /ejn/EJN_Home.aspx -
2014-12-07 /ejn/EJN_Home.aspx -
2014-12-07 /ejn/EJN_AtlasAdvanced.aspx -
2014-12-07 /ejn/ -
2014-12-07 /ejn/ -
2014-12-07 /ejn/EJN_Home.aspx -
2014-12-07 /ejn/EJN_Home.aspx -
2014-12-07 /ejn/ -
2014-12-07 /ejn/EJN_Home.aspx -
2014-12-07 /ejn/ -
2014-12-07 /news.aspx -
2014-12-07 /ejn/ -
2014-12-07 /ejn/EJN_AtlasAdvanced.aspx -
2014-12-07 /ejn/EJN_Home.aspx -
2014-12-07 /ejn/EJN_Home.aspx -
2014-12-07 /ejn/ -
2014-12-07 /ejn/EJN_AtlasAdvanced.aspx -
2014-12-07 /ejn/libshowdocument.aspx Id=222&Lang=LT
2014-12-07 /ejn/EJN_Home.aspx -
2014-12-07 /ejn/EJN_Home.aspx -
2014-12-07 /ejn/EJN_Home.aspx -
2014-12-07 /ejn/EJN_Home.aspx -
2014-12-07 /ejn/EJN_Home.aspx -
2014-12-07 /ejn/EJN_Home.aspx -
2014-12-07 /ejn/ -
2014-12-07 /ejn/EJN_AtlasAdvanced.aspx -
2014-12-07 /ejn/EJN_Home.aspx -
2014-12-07 /ejn/ -
2014-12-07 /ejn/EJN_Home.aspx -
2014-12-07 /ejn/EJN_Home.aspx -
2014-12-07 /ejn/ -
2014-12-07 /ejn/ -
2014-12-07 /ejn/EJN_Home.aspx -
2014-12-07 /ejn/EJN_AtlasAdvanced.aspx -
2014-12-07 /ejn/ -
2014-12-07 /ejn/EJN_Home.aspx -
2014-12-07 /ejn/EJN_Home.aspx -
2014-12-07 /ejn/EJN_Home.aspx -
2014-12-07 /ejn/ -
2014-12-07 /ejn/EJN_Home.aspx -
2014-12-07 /ejn/EJN_Home.aspx -
2014-12-07 /ejn/ -
2014-12-07 /ejn/AtlasChooseCountry.aspx Type=2
2014-12-07 /ejn/AtlasChooseCountry.aspx Type=2
2014-12-07 /ejn/AtlasChooseMeasure.aspx MP=0&Cou=277
2014-12-07 /ejn/AtlasChooseMeasure.aspx MP=0&Cou=277
2014-12-07 /ejn/EJN_FichesBelgesResult.aspx measure=703&country=277&other=-1
2014-12-07 /ejn/AtlasChooseCountry.aspx Type=2
2014-12-07 /ejn/EJN_Home.aspx -
2014-12-07 /ejn/AtlasChooseMeasure.aspx MP=0&Cou=223
2014-12-07 /ejn/AtlasChooseMeasure.aspx MP=0&Cou=223
2014-12-07 /ejn/EJN_FichesBelgesResult.aspx measure=704&country=223&other=-1
2014-12-07 /ejn/EJN_Home.aspx -
2014-12-07 /ejn/EJN_Home.aspx -
2014-12-07 /ejn/ -
2014-12-07 /ejn/EJN_AtlasAdvanced.aspx -
2014-12-07 /ejn/EJN_Home.aspx -
2014-12-07 /ejn/EJN_Home.aspx -
2014-12-07 /ejn/EJN_FichesBelgesResult.aspx measure=703&country=277&other=-1
2014-12-07 /ejn/EJN_FichesBelgesResult.aspx measure=704&country=223&other=-1
2014-12-07 /ejn/EJN_Home.aspx -
2014-12-07 /ejn/EJN_Home.aspx -
2014-12-07 /ejn/EJN_Home.aspx -
2014-12-07 /ejn/EJN_Home.aspx -
2014-12-07 /ejn/Events.aspx event=137
2014-12-07 /ejn/EJN_Home.aspx -
2014-12-07 /ejn/EJN_Home.aspx -
2014-12-07 /ejn/ -
2014-12-07 /ejn/ -
2014-12-07 /ejn/EJN_AtlasAdvanced.aspx -
2014-12-07 /ejn/ -
2014-12-07 /ejn/ -
2014-12-07 /ejn/EJN_Home.aspx -
2014-12-07 /ejn/EJN_Compendium.aspx -
2014-12-07 /ejn/EJN_Home.aspx -
2014-12-07 /ejn/EJN_Home.aspx -
2014-12-07 /ejn/ -
2014-12-07 /ejn/EJN_Home.aspx -
2014-12-07 /ejn/EJN_Home.aspx -
2014-12-07 /ejn/EJN_Home.aspx -
2014-12-07 /ejn/AtlasChooseMeasure.aspx Mp=1&Cou=IT&Type=2
2014-12-07 /ejn/AtlasChooseMeasure.aspx Mp=1&Cou=IT&Type=2
2014-12-07 /ejn/AtlasChooseMeasure.aspx Mp=1&Cou=IT&Type=2
2014-12-07 /ejn/AtlasChooseMeasure.aspx Mp=1&Cou=IT&Type=2
2014-12-07 /ejn/AtlasSelection.aspx -
2014-12-07 /ejn/AtlasChooseAuthority.aspx -
2014-12-07 /ejn/AtlasChooseAuthority.aspx/GetLocations -
2014-12-07 /ejn/AtlasChooseAuthority.aspx -
2014-12-07 /ejn/AtlasAuthorityData.aspx Id=4797
2014-12-07 /ejn/ejn_home.aspx -
2014-12-07 /ejn/ -
2014-12-07 /ejn/AtlasChooseCountry.aspx Type=2
2014-12-07 /ejn/EJN_Home.aspx -
2014-12-07 /ejn/ -
2014-12-07 /ejn/libcategories.aspx Id=2
2014-12-07 /ejn/EJN_Home.aspx -
2014-12-07 /ejn/EJN_Home.aspx -
2014-12-07 /ejn/libcategories.aspx -
2014-12-07 /ejn/libcategories.aspx Id=1
2014-12-07 /ejn/libcategories.aspx Id=19
2014-12-07 /ejn/libcategories.aspx Id=12
2014-12-07 /ejn/ -
2014-12-07 /ejn/EJN_AtlasAdvanced.aspx -
2014-12-07 /ejn/libcategories.aspx Id=37
2014-12-07 /ejn/AtlasChooseMeasure.aspx MP=1&Cou=DE
2014-12-07 /ejn/EJN_Home.aspx -
2014-12-07 /ejn/AtlasChooseMeasure.aspx MP=1&Cou=DE
2014-12-07 /ejn/AtlasChooseCountry.aspx Type=2
2014-12-07 /ejn/EJN_Home.aspx -
2014-12-07 /ejn/EJN_Home.aspx -
2014-12-07 /ejn/AtlasChooseCountry.aspx Type=2
2014-12-07 /ejn/AtlasChooseMeasure.aspx MP=1&Cou=ES
2014-12-07 /ejn/AtlasChooseMeasure.aspx MP=1&Cou=ES
2014-12-07 /ejn/AtlasChooseMeasure.aspx MP=1&Cou=ES
2014-12-07 /ejn/AtlasChooseMeasure.aspx MP=1&Cou=ES
2014-12-07 /ejn/AtlasChooseMeasure.aspx MP=1&Cou=ES
2014-12-07 /ejn/AtlasChooseMeasure.aspx MP=1&Cou=ES
2014-12-07 /ejn/AtlasSelection.aspx -
2014-12-07 /ejn/AtlasSelection.aspx -
2014-12-07 /ejn/AtlasSelection.aspx -
2014-12-07 /ejn/AtlasAuthorityData.aspx Id=3503
2014-12-07 /ejn/EJN_Home.aspx -
2014-12-07 /ejn/EJN_Home.aspx -
2014-12-07 /ejn/EJN_Home.aspx -
2014-12-07 /ejn/EJN_Home.aspx -
2014-12-07 /ejn/EJN_AtlasAdvanced.aspx -
2014-12-07 /ejn/ -
2014-12-07 /ejn/EJN_Home.aspx -
2014-12-07 /ejn/ -
2014-12-07 /ejn/EJN_Home.aspx -
2014-12-07 /ejn/ -
2014-12-07 /ejn/ -
2014-12-07 /ejn/EJN_Home.aspx -
2014-12-07 /ejn/EJN_Home.aspx -
2014-12-07 /ejn/ -
2014-12-07 /ejn/AtlasChooseCountry.aspx Type=2
2014-12-07 /ejn/EJN_AtlasAdvanced.aspx -
2014-12-07 /ejn/ -
2014-12-07 /ejn/EJN_FichesBelges.aspx -
2014-12-07 /ejn/EJN_FichesBelgesTable.aspx -
2014-12-07 /ejn/AtlasChooseCountry.aspx Type=1
2014-12-07 /ejn/EJN_StaticPage.aspx Bread=12
2014-12-07 /ejn/EJN_Home.aspx -
2014-12-07 /ejn/EJN_Home.aspx -
2014-12-07 /ejn/ -
2014-12-07 /ejn/ -
2014-12-07 /ejn/ -
2014-12-07 /ejn/ -
2014-12-07 /ejn/EJN_Home.aspx -
2014-12-07 /ejn/EJN_Home.aspx -
2014-12-07 /ejn/EJN_Home.aspx -
2014-12-07 /ejn/EJN_Home.aspx -
2014-12-07 /ejn/EJN_AtlasAdvanced.aspx -
2014-12-07 /ejn/ -
2014-12-07 /ejn/ -
2014-12-07 /ejn/EJN_AtlasAdvanced.aspx -
2014-12-07 /ejn/EJN_Home.aspx -
2014-12-07 /ejn/EJN_Home.aspx -
2014-12-07 /ejn/AtlasChooseCountry.aspx Type=2
2014-12-07 /ejn/EJN_Home.aspx -
2014-12-07 /ejn/AtlasChooseCountry.aspx Type=2
2014-12-07 /ejn/AtlasChooseCountry.aspx Type=1
2014-12-07 /ejn/EJN_Compendium.aspx -
2014-12-07 /ejn/EJN_Compendium.aspx -
2014-12-07 /ejn/EJN_Compendium.aspx -
2014-12-07 /ejn/EJN_Compendium.aspx -
2014-12-07 /ejn/ctrls.compendium/IframeEngine.aspx -
2014-12-07 /ejn/AtlasChooseMeasure.aspx MP=1&Cou=ES
2014-12-07 /ejn/AtlasSelection.aspx -
2014-12-07 /ejn/AtlasAuthorityData.aspx Id=4146
2014-12-07 /ejn/EJN_Home.aspx -
2014-12-07 /ejn/ -
2014-12-07 /ejn/AtlasAuthorityData.aspx Id=4146
2014-12-07 /ejn/AtlasChooseCountry.aspx Type=1
2014-12-07 /ejn/AtlasChooseCountry.aspx Type=2
2014-12-07 /ejn/AtlasChooseMeasure.aspx MP=1&Cou=ES
2014-12-07 /ejn/AtlasChooseMeasure.aspx MP=1&Cou=ES
2014-12-07 /ejn/AtlasChooseCountry.aspx Type=2
2014-12-07 /ejn/AtlasChooseMeasure.aspx MP=1&Cou=ES
2014-12-07 /ejn/AtlasChooseMeasure.aspx MP=1&Cou=ES
2014-12-07 /ejn/EJN_FichesBelgesTable.aspx -
2014-12-07 /ejn/AtlasChooseCountry.aspx Type=2
2014-12-07 /ejn/AtlasChooseMeasure.aspx MP=1&Cou=ES
2014-12-07 /ejn/AtlasChooseMeasure.aspx MP=1&Cou=ES
2014-12-07 /ejn/AtlasChooseCountry.aspx Type=2
2014-12-07 /ejn/AtlasChooseCountry.aspx Type=2
2014-12-07 /ejn/EJN_Home.aspx -
2014-12-07 /ejn/ -
2014-12-07 /ejn/EJN_AtlasAdvanced.aspx -
2014-12-07 /ejn/ -
2014-12-07 /ejn/EJN_Home.aspx -
2014-12-07 /ejn/EJN_Home.aspx -
2014-12-07 /ejn/EJN_Home.aspx -
2014-12-07 /ejn/EJN_Home.aspx -
2014-12-07 /ejn/EJN_Home.aspx -
2014-12-07 /ejn/EJN_Home.aspx -
2014-12-07 /ejn/EJN_Home.aspx -
2014-12-07 /ejn/EJN_AtlasAdvanced.aspx -
2014-12-07 /ejn/ -
2014-12-07 /ejn/EJN_Home.aspx -
2014-12-07 /ejn/EJN_Home.aspx -
2014-12-07 /ejn/ -
2014-12-07 /ejn/EJN_InfoAbout.aspx Id=342
2014-12-07 /ejn/EJN_Home.aspx -
2014-12-07 /ejn/ -
2014-12-07 /ejn/EJN_Home.aspx -
2014-12-07 /ejn/EJN_AtlasAdvanced.aspx -
2014-12-07 /ejn/ -
2014-12-07 /ejn/EJN_Home.aspx -
2014-12-07 /ejn/ -
2014-12-07 /ejn/EJN_Home.aspx -
2014-12-07 /ejn/EJN_Home.aspx -
2014-12-07 /ejn/ -
2014-12-07 /ejn/EJN_InfoAbout.aspx Id=395
2014-12-07 /ejn/EJN_Home.aspx -
2014-12-07 /ejn/EJN_Home.aspx -
2014-12-07 /ejn/EJN_Home.aspx -
2014-12-07 /ejn/EJN_Home.aspx -
2014-12-07 /ejn/EJN_Home.aspx -
2014-12-07 /ejn/ -
2014-12-07 /ejn/EJN_AtlasAdvanced.aspx -
2014-12-07 /ejn/EJN_Home.aspx -
2014-12-07 /ejn/EJN_Home.aspx -
2014-12-07 /ejn/EJN_Home.aspx -
2014-12-07 /ejn/ -
2014-12-07 /ejn/ -
2014-12-07 /ejn/EJN_AtlasAdvanced.aspx -
2014-12-07 /ejn/ -
2014-12-07 /ejn/EJN_Home.aspx -
2014-12-07 /ejn/ -
2014-12-07 /ejn/ -
2014-12-07 /ejn/EJN_Home.aspx -
2014-12-07 /ejn/EJN_Home.aspx -
2014-12-07 /ejn/EJN_FichesBelges.aspx -
2014-12-07 /ejn/EJN_Home.aspx -
2014-12-07 /ejn/EJN_Home.aspx -
2014-12-07 /ejn/EJN_Home.aspx -
2014-12-07 /ejn/EJN_Home.aspx -
2014-12-07 /ejn/EJN_Home.aspx -
2014-12-07 /ejn/ -
2014-12-07 /ejn/EJN_AtlasAdvanced.aspx -
2014-12-07 /ejn/EJN_Home.aspx -
2014-12-07 /ejn/EJN_Home.aspx -
2014-12-07 /ejn/EJN_AtlasAdvanced.aspx -
2014-12-07 /ejn/EJN_Home.aspx -
2014-12-07 /ejn/ -
2014-12-07 /ejn/ -
2014-12-07 /ejn/ -
2014-12-07 /ejn/EJN_AtlasAdvanced.aspx -
2014-12-07 /ejn/EJN_Home.aspx -
2014-12-07 /ejn/ -
2014-12-07 /ejn/EJN_Home.aspx -
2014-12-07 /ejn/EJN_Home.aspx -
2014-12-07 /ejn/EJN_Home.aspx -
2014-12-07 /ejn/EJN_AtlasAdvanced.aspx -
2014-12-07 /ejn/ -
2014-12-07 /ejn/EJN_Home.aspx -
2014-12-07 /ejn/ -
2014-12-07 /ejn/EJN_Home.aspx -
2014-12-07 /ejn/EJN_Home.aspx -
2014-12-07 /ejn/EJN_Home.aspx -
2014-12-07 /ejn/EJN_Home.aspx -
2014-12-07 /ejn/EJN_Home.aspx -
2014-12-07 /ejn/ -
2014-12-07 /ejn/EJN_AtlasAdvanced.aspx -
2014-12-07 /ejn/ -
2014-12-07 /ejn/EJN_Home.aspx -
2014-12-07 /ejn/ -
2014-12-07 /ejn/EJN_Home.aspx -
2014-12-07 /ejn/EJN_Home.aspx -
2014-12-07 /ejn/EJN_AtlasAdvanced.aspx -
2014-12-07 /ejn/ -
2014-12-07 /ejn/EJN_Home.aspx -
2014-12-07 /ejn/EJN_Home.aspx -
2014-12-07 /ejn/EJN_Home.aspx -
2014-12-07 /ejn/EJN_Home.aspx -
2014-12-07 /ejn/ -
2014-12-07 /ejn/EJN_Home.aspx -
2014-12-07 /ejn/EJN_Library_StatusOfImpByCat.aspx CategoryId=39
2014-12-07 /ejn/EJN_Error.aspx -
2014-12-07 /ejn/EJN_Home.aspx -
2014-12-07 /ejn/ -
2014-12-07 /ejn/libcategories.aspx -
2014-12-07 /ejn/EJN_AtlasAdvanced.aspx -
2014-12-07 /ejn/EJN_AtlasAdvanced.aspx -
2014-12-07 /ejn/libcategories.aspx Id=8
2014-12-07 /ejn/libcategories.aspx Id=8
2014-12-07 /ejn/libcategories.aspx Id=8
2014-12-07 /ejn/EJN_Home.aspx -
2014-12-07 /ejn/EJN_Home.aspx -
2014-12-07 /ejn/EJN_Home.aspx -
2014-12-07 /ejn/ -
2014-12-07 /ejn/libshowdocument.aspx Id=222&Lang=LT
2014-12-07 /ejn/ -
2014-12-07 /ejn/EJN_Home.aspx -
2014-12-07 /ejn/ -
2014-12-07 /ejn/EJN_AtlasAdvanced.aspx -
2014-12-07 /ejn/ -
2014-12-07 /ejn/ -
2014-12-07 /ejn/EJN_AtlasAdvanced.aspx -
2014-12-07 /ejn/libcategories.aspx Id=55
2014-12-07 /ejn/EJN_Home.aspx -
2014-12-07 /ejn/EJN_Home.aspx -
2014-12-07 /ejn/Events.aspx event=142
2014-12-07 /ejn/EJN_Home.aspx -
2014-12-07 /ejn/EJN_Home.aspx -
2014-12-07 /ejn/EJN_EAWAtlas.aspx -
2014-12-07 /ejn/EJN_Error.aspx -
2014-12-07 /ejn/EJN_Home.aspx -
2014-12-07 /ejn/EJN_FichesBelges.aspx -
2014-12-07 /ejn/EJN_Home.aspx -
2014-12-07 /ejn/EJN_Home.aspx -
2014-12-07 /ejn/ -
2014-12-07 /ejn/EJN_Home.aspx -
2014-12-07 /ejn/EJN_AtlasAdvanced.aspx -
2014-12-07 /ejn/ -
2014-12-07 /ejn/EJN_StaticPage.aspx Bread=7
2014-12-07 /ejn/ -
2014-12-07 /ejn/ -
2014-12-07 /ejn/ -
2014-12-07 /ejn/EJN_Home.aspx -
2014-12-07 /ejn/AtlasChooseCountry.aspx Type=2
2014-12-07 /ejn/AtlasChooseMeasure.aspx MP=1&Cou=PT
2014-12-07 /ejn/EJN_Home.aspx -
2014-12-07 /ejn/AtlasChooseMeasure.aspx MP=1&Cou=PT++Culture:ESSessionId:1g4qvyic3wxbimj44dnpw3mtDate_Time:22:44
2014-12-07 /ejn/EJN_Home.aspx -
2014-12-07 /ejn/ -
2014-12-07 /ejn/ -
2014-12-07 /ejn/AtlasChooseCountry.aspx Type=1
2014-12-07 /ejn/ -
2014-12-07 /ejn/ -
2014-12-07 /ejn/AtlasChooseCountry.aspx Type=1
2014-12-07 /ejn/AtlasChooseMeasure.aspx MP=0&Cou=352
2014-12-07 /ejn/AtlasSelection.aspx -
2014-12-07 /ejn/ -
2014-12-07 /ejn/ -
2014-12-07 /ejn/AtlasSelection.aspx -
2014-12-07 /ejn/ -
2014-12-07 /ejn/EJN_AtlasAdvanced.aspx -
2014-12-07 /ejn/ -
2014-12-07 /ejn/AtlasSelection.aspx -
2014-12-07 /ejn/ -
2014-12-07 /ejn/AtlasSelection.aspx -
2014-12-07 /ejn/AtlasSelection.aspx -
2014-12-07 /ejn/AtlasSelection.aspx Option=PathOptions
2014-12-07 /ejn/AtlasSelection.aspx Option=PathOptions
2014-12-07 /ejn/AtlasSelection.aspx Option=PathOptions
2014-12-07 /ejn/ -
2014-12-07 /ejn/ -
2014-12-07 /ejn/ -
2014-12-07 /ejn/AtlasSelection.aspx Option=PathOptions
2014-12-07 /ejn/AtlasSelection.aspx Option=PathOptions
2014-12-07 /ejn/AtlasAuthorityData.aspx Id=4557
2014-12-07 /ejn/ -
2014-12-07 /ejn/EJN_Home.aspx -
2014-12-07 /ejn/ -
2014-12-07 /ejn/AtlasAuthorityData.aspx Id=4557
2014-12-07 /ejn/AtlasAuthorityData.aspx Id=4557
2014-12-07 /ejn/AtlasAuthorityData.aspx Id=4557
2014-12-07 /ejn/ -
2014-12-07 /ejn/AtlasSelection.aspx Option=PathOptions
2014-12-07 /ejn/ ++Culture:ESSessionId:i4wk1vbptw0phtsemjtjimdaDate_Time:22:55
2014-12-07 /ejn/AtlasSelection.aspx Option=PathOptions
2014-12-07 /ejn/AtlasSelection.aspx Option=PathOptions
2014-12-07 /ejn/EJN_StaticPage.aspx Bread=9
2014-12-07 /ejn/AtlasSelection.aspx Option=PathOptions
2014-12-07 /ejn/EJN_Secretariat.aspx -
2014-12-07 /ejn/AtlasSelection.aspx Option=PathOptions
2014-12-07 /ejn/AtlasChooseAuthority.aspx -
2014-12-07 /ejn/EJN_Home.aspx -
2014-12-07 /ejn/EJN_AtlasAdvanced.aspx -
2014-12-07 /ejn/ -
2014-12-07 /ejn/EJN_Home.aspx -
2014-12-07 /ejn/AtlasChooseAuthority.aspx -
2014-12-07 /ejn/AtlasChooseAuthority.aspx -
2014-12-07 /ejn/EJN_StaticPage.aspx Bread=24
2014-12-07 /ejn/EJN_Home.aspx -
2014-12-07 /ejn/AtlasChooseAuthority.aspx -
2014-12-07 /ejn/EJN_Home.aspx -
2014-12-07 /ejn/AtlasChooseAuthority.aspx -
2014-12-07 /ejn/AtlasSelection.aspx Option=PathOptions
2014-12-07 /ejn/AtlasSelection.aspx Option=PathOptions
2014-12-07 /ejn/AtlasSelection.aspx Option=PathOptions
2014-12-07 /ejn/AtlasChooseAuthority.aspx -
2014-12-07 /ejn/AtlasChooseCountry.aspx -
2014-12-07 /ejn/EJN_Home.aspx -
2014-12-07 /ejn/AtlasChooseAuthority.aspx -
2014-12-07 /ejn/EJN_Home.aspx ++Culture:DESessionId:mad0onofyeyg0l5qrq3mgrkrDate_Time:23:02
2014-12-07 /ejn/AtlasChooseCountry.aspx Type=2
2014-12-07 /ejn/AtlasChooseCountry.aspx Type=2
2014-12-07 /ejn/AtlasChooseMeasure.aspx MP=0&Cou=277
2014-12-07 /ejn/AtlasChooseAuthority.aspx -
2014-12-07 /ejn/AtlasSelection.aspx Option=PathOptions
2014-12-07 /ejn/AtlasChooseMeasure.aspx MP=0&Cou=277
2014-12-07 /ejn/EJN_Home.aspx -
2014-12-07 /ejn/AtlasChooseMeasure.aspx MP=0&Cou=277
2014-12-07 /ejn/AtlasSelection.aspx -
2014-12-07 /ejn/AtlasChooseAuthority.aspx -
2014-12-07 /ejn/AtlasChooseAuthority.aspx/GetLocations -
2014-12-07 /ejn/AtlasChooseAuthority.aspx -
2014-12-07 /ejn/AtlasAuthorityData.aspx Id=4280
2014-12-07 /ejn/AtlasSelection.aspx Option=PathOptions
2014-12-07 /ejn/AtlasSelection.aspx Option=PathOptions
2014-12-07 /ejn/EJN_Home.aspx -
2014-12-07 /ejn/EJN_AtlasAdvanced.aspx -
2014-12-07 /ejn/ -
2014-12-07 /ejn/EJN_Home.aspx -
2014-12-07 /ejn/ -
2014-12-07 /ejn/EJN_StaticPage.aspx Bread=16
2014-12-07 /ejn/EJN_StaticPage.aspx Bread=16
2014-12-07 /ejn/ -
2014-12-07 /ejn/EJN_StaticPage.aspx Bread=2
2014-12-07 /ejn/EJN_Home.aspx -
2014-12-07 /ejn/ -
2014-12-07 /ejn/Events.aspx Id=7
2014-12-07 /ejn/EJN_EAWAtlas.aspx -
2014-12-07 /ejn/EJN_Error.aspx -
2014-12-07 /ejn/EJN_AtlasAdvanced.aspx -
2014-12-07 /ejn/ -
2014-12-07 /ejn/libcategories.aspx Id=14
2014-12-07 /ejn/libdocumentproperties.aspx Id=330
2014-12-07 /ejn/EJN_Home.aspx -
2014-12-07 /ejn/libdocumentproperties.aspx Id=330
2014-12-07 /ejn/EJN_Home.aspx -
2014-12-07 /ejn/EJN_Home.aspx -
2014-12-07 /ejn/EJN_Home.aspx -
2014-12-07 /ejn/ -
2014-12-07 /ejn/EJN_Home.aspx -
2014-12-07 /ejn/ -
2014-12-07 /ejn/EJN_Home.aspx -
2014-12-07 /ejn/ -
2014-12-07 /ejn/EJN_AtlasAdvanced.aspx -
2014-12-07 /ejn/EJN_Home.aspx -
2014-12-07 /ejn/ -
2014-12-07 /ejn/EJN_Home.aspx -
2014-12-07 /ejn/ -
2014-12-07 /ejn/EJN_StaticPage.aspx Bread=7
2014-12-07 /ejn/ -
2014-12-07 /ejn/EJN_AtlasAdvanced.aspx -
2014-12-07 /ejn/EJN_Home.aspx -
2014-12-07 /ejn/EJN_Home.aspx -
2014-12-07 /ejn/EJN_AtlasAdvanced.aspx -
2014-12-07 /ejn/EJN_Home.aspx -
2014-12-07 /ejn/EJN_Home.aspx -
2014-12-07 /ejn/EJN_AtlasAdvanced.aspx -
2014-12-07 /ejn/ -
2014-12-07 /ejn/EJN_Home.aspx -
2014-12-07 /ejn/EJN_Home.aspx -
2014-12-07 /ejn/ -
2014-12-07 /ejn/EJN_Home.aspx -
2014-12-07 /ejn/ -
2014-12-07 /ejn/EJN_AtlasAdvanced.aspx -
2014-12-07 /ejn/ -
2014-12-07 /ejn/EJN_Home.aspx -
2014-12-07 /ejn/EJN_AtlasAdvanced.aspx -
2014-12-07 /ejn/ -
2014-12-07 /ejn/EJN_Home.aspx -
2014-12-07 /ejn/EJN_Home.aspx -
2014-12-07 /ejn/EJN_Home.aspx -
2014-12-07 /ejn/EJN_Home.aspx -
2014-12-07 /ejn/ -
2014-12-07 /ejn/libcategories.aspx Id=14
2014-12-07 /ejn/EJN_AtlasAdvanced.aspx -
2014-12-07 /ejn/EJN_Home.aspx -
2014-12-07 /ejn/ -
2014-12-07 /ejn/EJN_AtlasAdvanced.aspx -
2014-12-07 /ejn/ -
2014-12-07 /ejn/EJN_Home.aspx -
2014-12-07 /ejn/EJN_Home.aspx -
2014-12-07 /ejn/EJN_Home.aspx -
2014-12-07 /ejn/EJN_AtlasAdvanced.aspx -
2014-12-07 /ejn/ -
2014-12-07 /ejn/EJN_QuickLinks.aspx id=23
2014-12-07 /ejn/EJN_Home.aspx -
2014-12-07 /ejn/EJN_Home.aspx -
2014-12-07 /ejn/EJN_Home.aspx -
2014-12-07 /ejn/ -
2014-12-07 /ejn/libdocumentproperties.aspx Id=13
2014-12-07 /ejn/EJN_Home.aspx -
2014-12-07 /ejn/ -
2014-12-07 /ejn/EJN_StaticPage.aspx Bread=12
2014-12-07 /ejn/EJN_AtlasAdvanced.aspx -
2014-12-07 /ejn/ -
2014-12-07 /ejn/EJN_EAWWizard.aspx -
2014-12-07 /ejn/ctrls.eawwizard/IframeEngine.aspx -
2014-12-07 /ejn/ -
2014-12-07 /ejn/EJN_EAWWizard.aspx -
2014-12-07 /ejn/ctrls.eawwizard/IframeEngine.aspx -
2014-12-07 /ejn/libcategories.aspx Id=14
2014-12-07 /ejn/libshowdocument.aspx Id=735&Lang=EN
2014-12-07 /ejn/EJN_Home.aspx -
2014-12-07 /ejn/EJN_AtlasAdvanced.aspx -
2014-12-07 /ejn/ -
2014-12-07 /ejn/EJN_AtlasAdvanced.aspx -
2014-12-07 /ejn/libdocumentproperties.aspx Id=586
2014-12-07 /ejn/libdocumentproperties.aspx Id=586++Culture:ESSessionId:1g4qvyic3wxbimj44dnpw3mtDate_Time:0:38
2014-12-07 /ejn/libdocumentproperties.aspx Id=586
2014-12-07 /ejn/EJN_Home.aspx -
2014-12-07 /ejn/EJN_Home.aspx -
2014-12-07 /ejn/EJN_Home.aspx -
2014-12-07 /ejn/EJN_AtlasAdvanced.aspx -
2014-12-07 /ejn/ -
2014-12-07 /ejn/EJN_Home.aspx -
2014-12-07 /ejn/ -
2014-12-07 /ejn/ -
2014-12-07 /ejn/ -
2014-12-07 /ejn/EJN_AtlasAdvanced.aspx -
2014-12-07 /ejn/EJN_Home.aspx -
