2014-10-26 /ejn/EJN_Home.aspx -
2014-10-26 /ejn/EJN_StaticPage.aspx Bread=2
2014-10-26 /ejn/EJN_Home.aspx -
2014-10-26 /ejn/EJN_FichesBelgesResult.aspx measure=404&country=313&other=-1
2014-10-26 /ejn/EJN_Home.aspx -
2014-10-26 /ejn/EJN_Home.aspx -
2014-10-26 /ejn/EJN_Home.aspx -
2014-10-26 /ejn/EJN_Home.aspx -
2014-10-26 /ejn/ -
2014-10-26 /ejn/EJN_Compendium.aspx -
2014-10-26 /ejn/EJN_Home.aspx -
2014-10-26 /ejn/EJN_Home.aspx -
2014-10-26 /ejn/EJN_Home.aspx -
2014-10-26 /ejn/EJN_Home.aspx -
2014-10-26 /ejn/EJN_Home.aspx -
2014-10-26 /ejn/EJN_Home.aspx -
2014-10-26 /ejn/EJN_Home.aspx -
2014-10-26 /ejn/EJN_Home.aspx -
2014-10-26 /ejn/EJN_Home.aspx -
2014-10-26 /ejn/ -
2014-10-26 /ejn/AtlasChooseMeasure.aspx MP=1&Cou=FR
2014-10-26 /ejn/EJN_Home.aspx -
2014-10-26 /ejn/EJN_Home.aspx -
2014-10-26 /ejn/EJN_Home.aspx -
2014-10-26 /ejn/EJN_Home.aspx -
2014-10-26 /ejn/EJN_Home.aspx -
2014-10-26 /ejn/ -
2014-10-26 /ejn/EJN_QuickLinks.aspx id=24
2014-10-26 /ejn/EJN_Home.aspx -
2014-10-26 /ejn/EJN_Home.aspx -
2014-10-26 /ejn/EJN_Home.aspx -
2014-10-26 /ejn/EJN_Home.aspx -
2014-10-26 /ejn/EJN_Home.aspx -
2014-10-26 /ejn/libshowdocument.aspx Id=219&Lang=FI
2014-10-26 /ejn/EJN_Home.aspx -
2014-10-26 /ejn/ -
2014-10-26 /ejn/EJN_Home.aspx -
2014-10-26 /ejn/EJN_AtlasAdvanced.aspx -
2014-10-26 /ejn/EJN_Home.aspx -
2014-10-26 /ejn/EJN_Home.aspx -
2014-10-26 /ejn/ -
2014-10-26 /ejn/ -
2014-10-26 /ejn/EJN_Home.aspx -
2014-10-26 /ejn/EJN_Home.aspx -
2014-10-26 /ejn/EJN_Home.aspx -
2014-10-26 /ejn/ -
2014-10-26 /ejn/ -
2014-10-26 /ejn/EJN_Home.aspx -
2014-10-26 /ejn/ -
2014-10-26 /ejn/EJN_Home.aspx -
2014-10-26 /ejn/ -
2014-10-26 /ejn/Events.aspx id=7
2014-10-26 /ejn/EJN_Home.aspx -
2014-10-26 /ejn/EJN_Home.aspx -
2014-10-26 /ejn/EJN_Home.aspx -
2014-10-26 /ejn/EJN_Home.aspx -
2014-10-26 /ejn/EJN_Home.aspx -
2014-10-26 /ejn/AtlasAuthorityData.aspx Id=4792
2014-10-26 /ejn/EJN_Error.aspx -
2014-10-26 /ejn/EJN_Home.aspx -
2014-10-26 /ejn/EJN_Home.aspx -
2014-10-26 /ejn/EJN_AtlasAdvanced.aspx -
2014-10-26 /ejn/EJN_Home.aspx -
2014-10-26 /ejn/ejn_home.aspx -
2014-10-26 /ejn/EJN_Home.aspx -
2014-10-26 /ejn/libcategories.aspx Id=5
2014-10-26 /ejn/EJN_Home.aspx -
2014-10-26 /ejn/ -
2014-10-26 /ejn/EJN_Home.aspx -
2014-10-26 /ejn/ -
2014-10-26 /ejn/EJN_Home.aspx -
2014-10-26 /ejn/EJN_Home.aspx -
2014-10-26 /ejn/EJN_StaticPage.aspx Bread=30
2014-10-26 /ejn/EJN_Home.aspx -
2014-10-26 /ejn/ -
2014-10-26 /ejn/EJN_FichesBelgesResult.aspx measure=702&country=295&other=-1
2014-10-26 /ejn/EJN_Home.aspx -
2014-10-26 /ejn/ -
2014-10-26 /ejn/EJN_Home.aspx -
2014-10-26 /ejn/EJN_AtlasAdvanced.aspx -
2014-10-26 /ejn/EJN_Home.aspx -
2014-10-26 /ejn/ -
2014-10-26 /ejn/EJN_Home.aspx -
2014-10-26 /ejn/ -
2014-10-26 /ejn/EJN_Home.aspx -
2014-10-26 /ejn/EJN_InfoAbout.aspx Id=337
2014-10-26 /ejn/EJN_Home.aspx -
2014-10-26 /ejn/EJN_Home.aspx -
2014-10-26 /ejn/ -
2014-10-26 /ejn/EJN_AtlasAdvanced.aspx -
2014-10-26 /ejn/EJN_Home.aspx -
2014-10-26 /ejn/EJN_FichesBelges.aspx -
2014-10-26 /ejn/EJN_Home.aspx -
2014-10-26 /ejn/EJN_Home.aspx -
2014-10-26 /ejn/EJN_Home.aspx -
2014-10-26 /ejn/ -
2014-10-26 /ejn/libshowdocument.aspx Id=222&Lang=LT
2014-10-26 /ejn/EJN_Home.aspx -
2014-10-26 /ejn/ -
2014-10-26 /ejn/ -
2014-10-26 /ejn/EJN_Home.aspx -
2014-10-26 /ejn/EJN_AtlasAdvanced.aspx -
2014-10-26 /ejn/EJN_StaticPage.aspx Bread=1
2014-10-26 /ejn/EJN_Home.aspx -
2014-10-26 /ejn/EJN_Home.aspx -
2014-10-26 /ejn/ -
2014-10-26 /ejn/ -
2014-10-26 /ejn/EJN_AtlasAdvanced.aspx -
2014-10-26 /ejn/EJN_Home.aspx -
2014-10-26 /ejn/ -
2014-10-26 /ejn/libshowdocument.aspx Id=1&Lang=DE
2014-10-26 /ejn/EJN_Home.aspx -
2014-10-26 /ejn/ -
2014-10-26 /ejn/EJN_StaticPage.aspx Bread=4
2014-10-26 /ejn/EJN_Home.aspx -
2014-10-26 /ejn/EJN_Faqs.aspx -
2014-10-26 /ejn/sitemap.aspx -
2014-10-26 /ejn/EJN_Search.aspx -
2014-10-26 /ejn/EJN_ContactUs.aspx &KeepThis=true&TB_iframe=true&height=650&width=900
2014-10-26 /ejn/ejn_home.aspx -
2014-10-26 /ejn/EJN_StaticPage.aspx Bread=8
2014-10-26 /ejn/EJN_StaticPage.aspx Bread=7
2014-10-26 /ejn/ -
2014-10-26 /ejn/libcategories.aspx Id=24
2014-10-26 /ejn/AtlasChooseMeasure.aspx MP=1&Cou=UK&Type=2
2014-10-26 /ejn/EJN_StaticPage.aspx Bread=2
2014-10-26 /ejn/EJN_StaticPage.aspx Bread=39
2014-10-26 /ejn/libcategories.aspx Id=25
2014-10-26 /ejn/libcategories.aspx Id=32
2014-10-26 /ejn/libcategories.aspx Id=14
2014-10-26 /ejn/EJN_StaticPage.aspx Bread=9
2014-10-26 /ejn/libcategories.aspx Id=34
2014-10-26 /ejn/ -
2014-10-26 /ejn/EJN_StaticPage.aspx Bread=17
2014-10-26 /ejn/EJN_StaticPage.aspx Bread=10
2014-10-26 /ejn/EJN_StaticPage.aspx Bread=27
2014-10-26 /ejn/EJN_StaticPage.aspx Bread=16
2014-10-26 /ejn/EJN_StaticPage.aspx Bread=28
2014-10-26 /ejn/EJN_StaticPage.aspx Bread=21
2014-10-26 /ejn/EJN_Secretariat.aspx -
2014-10-26 /ejn/Gallery.aspx -
2014-10-26 /ejn/EJN_StaticPage.aspx Bread=14
2014-10-26 /ejn/EJN_StaticPage.aspx Bread=13
2014-10-26 /ejn/EJN_AtlasAdvanced.aspx -
2014-10-26 /ejn/EJN_Home.aspx -
2014-10-26 /ejn/ -
2014-10-26 /ejn/EJN_StaticPage.aspx Bread=35
2014-10-26 /ejn/EJN_StaticPage.aspx Bread=30
2014-10-26 /ejn/EJN_StaticPage.aspx Bread=33
2014-10-26 /ejn/EJN_StaticPage.aspx Bread=32
2014-10-26 /ejn/EJN_StaticPage.aspx Bread=31
2014-10-26 /ejn/EJN_StaticPage.aspx Bread=18
2014-10-26 /ejn/EJN_StaticPage.aspx Bread=24
2014-10-26 /ejn/EJN_StaticPage.aspx Bread=20
2014-10-26 /ejn/EJN_StaticPage.aspx Bread=25
2014-10-26 /ejn/EJN_StaticPage.aspx Bread=34
2014-10-26 /ejn/NewsDetail.aspx id=291&Ori=H
2014-10-26 /ejn/EJN_StaticPage.aspx Bread=36
2014-10-26 /ejn/EJN_StaticPage.aspx Bread=37
2014-10-26 /ejn/EJN_StaticPage.aspx Bread=38
2014-10-26 /ejn/EJN_StaticPage.aspx Bread=22
2014-10-26 /ejn/NewsDetail.aspx id=298&Ori=H
2014-10-26 /ejn/EJN_StaticPage.aspx Bread=19
2014-10-26 /ejn/EJN_StaticPage.aspx Bread=23
2014-10-26 /ejn/NewsDetail.aspx id=292&Ori=H
2014-10-26 /ejn/EJN_StaticPage.aspx Bread=26
2014-10-26 /ejn/NewsDetail.aspx id=272&Ori=H
2014-10-26 /ejn/NewsDetail.aspx id=284&Ori=H
2014-10-26 /ejn/Events.aspx event=273
2014-10-26 /ejn/NewsDetail.aspx id=287&Ori=H
2014-10-26 /ejn/Events.aspx id=6
2014-10-26 /ejn/NewsDetail.aspx id=270&Ori=H
2014-10-26 /ejn/NewsDetail.aspx id=285&Ori=H
2014-10-26 /ejn/NewsDetail.aspx id=283&Ori=H
2014-10-26 /ejn/Events.aspx id=7
2014-10-26 /ejn/NewsDetail.aspx id=276&Ori=H
2014-10-26 /ejn/NewsAll.aspx Id=3
2014-10-26 /ejn/Events.aspx Id=7
2014-10-26 /ejn/NewsAll.aspx Id=1
2014-10-26 /ejn/Events.aspx event=268
2014-10-26 /ejn/NewsAll.aspx -
2014-10-26 /ejn/NewsAll.aspx Id=5
2014-10-26 /ejn/NewsAll.aspx Id=4
2014-10-26 /ejn/Events.aspx Id=6
2014-10-26 /ejn/NewsAll.aspx Id=2
2014-10-26 /ejn/Events.aspx event=264
2014-10-26 /ejn/EJN_InfoAbout.aspx Id=258
2014-10-26 /ejn/EJN_InfoAbout.aspx Id=230
2014-10-26 /ejn/EJN_InfoAbout.aspx Id=223
2014-10-26 /ejn/Events.aspx -
2014-10-26 /ejn/EJN_InfoAbout.aspx Id=432
2014-10-26 /ejn/EJN_InfoAbout.aspx Id=239
2014-10-26 /ejn/EJN_SubscribeNewsLetter.aspx -
2014-10-26 /ejn/libshowdocument.aspx Id=222&Lang=SL
2014-10-26 /ejn/EJN_InfoAbout.aspx Id=287
2014-10-26 /ejn/EJN_InfoAbout.aspx Id=269
2014-10-26 /ejn/EJN_InfoAbout.aspx Id=272
2014-10-26 /ejn/EJN_InfoAbout.aspx Id=277
2014-10-26 /ejn/EJN_InfoAbout.aspx Id=295
2014-10-26 /ejn/EJN_InfoAbout.aspx Id=260
2014-10-26 /ejn/EJN_InfoAbout.aspx Id=293
2014-10-26 /ejn/EJN_InfoAbout.aspx Id=279
2014-10-26 /ejn/EJN_InfoAbout.aspx Id=259
2014-10-26 /ejn/EJN_InfoAbout.aspx Id=273
2014-10-26 /ejn/EJN_InfoAbout.aspx Id=354
2014-10-26 /ejn/EJN_InfoAbout.aspx Id=352
2014-10-26 /ejn/EJN_InfoAbout.aspx Id=368
2014-10-26 /ejn/EJN_InfoAbout.aspx Id=307
2014-10-26 /ejn/EJN_InfoAbout.aspx Id=351
2014-10-26 /ejn/EJN_InfoAbout.aspx Id=337
2014-10-26 /ejn/EJN_InfoAbout.aspx Id=321
2014-10-26 /ejn/EJN_InfoAbout.aspx Id=369
2014-10-26 /ejn/EJN_InfoAbout.aspx Id=313
2014-10-26 /ejn/EJN_InfoAbout.aspx Id=314
2014-10-26 /ejn/EJN_InfoAbout.aspx Id=389
2014-10-26 /ejn/EJN_InfoAbout.aspx Id=215
2014-10-26 /ejn/EJN_InfoAbout.aspx Id=395
2014-10-26 /ejn/EJN_InfoAbout.aspx Id=435
2014-10-26 /ejn/EJN_InfoAbout.aspx Id=373
2014-10-26 /ejn/EJN_InfoAbout.aspx Id=288
2014-10-26 /ejn/EJN_QuickLinks.aspx id=27
2014-10-26 /ejn/EJN_InfoAbout.aspx Id=364
2014-10-26 /ejn/EJN_InfoAbout.aspx Id=378
2014-10-26 /ejn/EJN_Home.aspx -
2014-10-26 /ejn/EJN_InfoAbout.aspx Id=433
2014-10-26 /ejn/EJN_InfoAbout.aspx Id=434
2014-10-26 /ejn/EJN_StaticPage.aspx Bread=1
2014-10-26 /ejn/EJN_FichesBelges.aspx -
2014-10-26 /ejn/EJN_Compendium.aspx -
2014-10-26 /ejn/AtlasChooseCountry.aspx Type=2
2014-10-26 /ejn/EJN_Login.aspx -
2014-10-26 /ejn/EJN_StaticPage.aspx Bread=3
2014-10-26 /ejn/AtlasChooseCountry.aspx Type=1
2014-10-26 /ejn/EJN_InfoAbout.aspx Id=342
2014-10-26 /ejn/EJN_InfoAbout.aspx Id=430
2014-10-26 /ejn/EJN_EAWWizard.aspx -
2014-10-26 /ejn/EJN_Home.aspx -
2014-10-26 /ejn/EJN_StaticPage.aspx Bread=12
2014-10-26 /ejn/EJN_QuickLinks.aspx -
2014-10-26 /ejn/EJN_QuickLinks.aspx id=25
2014-10-26 /ejn/EJN_QuickLinks.aspx id=23
2014-10-26 /ejn/EJN_QuickLinks.aspx id=28
2014-10-26 /ejn/EJN_QuickLinks.aspx id=26
2014-10-26 /ejn/EJN_StaticPage.aspx Bread=11
2014-10-26 /ejn/EJN_QuickLinks.aspx id=24
2014-10-26 /ejn/libcategories.aspx -
2014-10-26 /ejn/EJN_QuickLinks.aspx id=27
2014-10-26 /ejn/EJN_AtlasAdvanced.aspx -
2014-10-26 /ejn/EJN_Faqs.aspx cat=2
2014-10-26 /ejn/ejn_staticpage.aspx Bread=4
2014-10-26 /ejn/libcategories.aspx Id=2
2014-10-26 /ejn/EJN_StaticPage.aspx Bread=5
2014-10-26 /ejn/ejn_staticpage.aspx Bread=8
2014-10-26 /ejn/EJN_EAWAtlas.aspx -
2014-10-26 /ejn/ejn_faqs.aspx -
2014-10-26 /ejn/EJN_Faqs.aspx cat=1
2014-10-26 /ejn/ejn_staticpage.aspx Bread=7
2014-10-26 /ejn/EJN_Error.aspx -
2014-10-26 /ejn/libshowdocument.aspx Id=16&Lang=SL
2014-10-26 /ejn/libdocumentproperties.aspx Id=95
2014-10-26 /ejn/libshowdocument.aspx Id=95&Lang=DE
2014-10-26 /ejn/libshowdocument.aspx Id=95&Lang=BG
2014-10-26 /ejn/libshowdocument.aspx Id=95&Lang=CS
2014-10-26 /ejn/libadvancedsearch.aspx -
2014-10-26 /ejn/libcategories.aspx id=1
2014-10-26 /ejn/ejn_search.aspx -
2014-10-26 /ejn/libshowdocument.aspx Id=95&Lang=EN
2014-10-26 /ejn/libshowdocument.aspx Id=95&Lang=FR
2014-10-26 /ejn/libshowdocument.aspx Id=95&Lang=ET
2014-10-26 /ejn/libshowdocument.aspx Id=95&Lang=HR
2014-10-26 /ejn/libshowdocument.aspx Id=95&Lang=IT
2014-10-26 /ejn/libshowdocument.aspx Id=95&Lang=FI
2014-10-26 /ejn/libshowdocument.aspx Id=95&Lang=DK
2014-10-26 /ejn/libshowdocument.aspx Id=95&Lang=EL
2014-10-26 /ejn/libshowdocument.aspx Id=95&Lang=HU
2014-10-26 /ejn/libshowdocument.aspx Id=95&Lang=ES
2014-10-26 /ejn/NewsDetail.aspx id=242&Ori=H
2014-10-26 /ejn/NewsDetail.aspx id=242&Ori=H
2014-10-26 /ejn/EJN_Home.aspx -
2014-10-26 /ejn/libshowdocument.aspx Id=95&Lang=RO
2014-10-26 /ejn/libshowdocument.aspx Id=95&Lang=SV
2014-10-26 /ejn/libshowdocument.aspx Id=95&Lang=MT
2014-10-26 /ejn/libshowdocument.aspx Id=95&Lang=PL
2014-10-26 /ejn/libshowdocument.aspx Id=95&Lang=LT
2014-10-26 /ejn/libshowdocument.aspx Id=95&Lang=NL
2014-10-26 /ejn/libshowdocument.aspx Id=95&Lang=LV
2014-10-26 /ejn/libshowdocument.aspx Id=95&Lang=SK
2014-10-26 /ejn/libshowdocument.aspx Id=95&Lang=PT
2014-10-26 /ejn/libshowdocument.aspx Id=95&Lang=SL
2014-10-26 /ejn/libshowdocument.aspx Id=214&Lang=ET
2014-10-26 /ejn/libshowdocument.aspx Id=786&Lang=EN
2014-10-26 /ejn/libdocumentproperties.aspx Id=786
2014-10-26 /ejn/libshowdocument.aspx Id=786&Lang=MT
2014-10-26 /ejn/libdocumentproperties.aspx Id=214
2014-10-26 /ejn/libshowdocument.aspx Id=786&Lang=ET
2014-10-26 /ejn/libshowdocument.aspx Id=214&Lang=SK
2014-10-26 /ejn/libshowdocument.aspx Id=214&Lang=MT
2014-10-26 /ejn/libshowdocument.aspx Id=214&Lang=EN
2014-10-26 /ejn/libshowdocument.aspx Id=786&Lang=SK
2014-10-26 /ejn/libdocumentproperties.aspx Id=337
2014-10-26 /ejn/libdocumentproperties.aspx Id=339
2014-10-26 /ejn/EJN_Library_StatusOfImpByCat.aspx CategoryId=24
2014-10-26 /ejn/libdocumentproperties.aspx Id=732
2014-10-26 /ejn/libdocumentproperties.aspx Id=340
2014-10-26 /ejn/libdocumentproperties.aspx Id=342
2014-10-26 /ejn/libdocumentproperties.aspx Id=341
2014-10-26 /ejn/libdocumentproperties.aspx Id=209
2014-10-26 /ejn/libdocumentproperties.aspx Id=338
2014-10-26 /ejn/libdocumentproperties.aspx Id=1383
2014-10-26 /ejn/ -
2014-10-26 /ejn/libcategories.aspx Id=14
2014-10-26 /ejn/EJN_Home.aspx -
2014-10-26 /ejn/libcategories.aspx -
2014-10-26 /ejn/EJN_Home.aspx -
2014-10-26 /ejn/libcategories.aspx Id=21
2014-10-26 /ejn/EJN_Home.aspx -
2014-10-26 /ejn/libdocumentproperties.aspx Id=343
2014-10-26 /ejn/ -
2014-10-26 /ejn/ -
2014-10-26 /ejn/EJN_Home.aspx -
2014-10-26 /ejn/ -
2014-10-26 /ejn/EJN_Home.aspx -
2014-10-26 /ejn/ -
2014-10-26 /ejn/EJN_AtlasAdvanced.aspx -
2014-10-26 /ejn/EJN_Home.aspx -
2014-10-26 /ejn/ -
2014-10-26 /ejn/EJN_Home.aspx -
2014-10-26 /ejn/ -
2014-10-26 /ejn/EJN_Home.aspx -
2014-10-26 /ejn/libcategories.aspx Id=14
2014-10-26 /ejn/EJN_Home.aspx -
2014-10-26 /ejn/EJN_Home.aspx -
2014-10-26 /ejn/EJN_Home.aspx -
2014-10-26 /ejn/EJN_Home.aspx -
2014-10-26 /ejn/ -
2014-10-26 /ejn/EJN_Home.aspx -
2014-10-26 /ejn/ -
2014-10-26 /ejn/EJN_Home.aspx -
2014-10-26 /ejn/EJN_StaticPage.aspx Bread=14
2014-10-26 /ejn/libshowdocument.aspx Id=222&Lang=LT
2014-10-26 /ejn/EJN_Home.aspx -
2014-10-26 /ejn/ -
2014-10-26 /ejn/EJN_AtlasAdvanced.aspx -
2014-10-26 /atlas_advanced.aspx -
2014-10-26 /atlas_advanced.aspx -
2014-10-26 /ejn/EJN_Home.aspx -
2014-10-26 /ejn/ -
2014-10-26 /atlas_advanced.aspx -
2014-10-26 /atlas_advanced.aspx -
2014-10-26 /ejn/EJN_StaticPage.aspx Bread=12
2014-10-26 /ejn/EJN_Home.aspx -
2014-10-26 /ejn/AtlasChooseCountry.aspx Type=1
2014-10-26 /ejn/EJN_Home.aspx -
2014-10-26 /ejn/EJN_Home.aspx -
2014-10-26 /ejn/ -
2014-10-26 /ejn/AtlasChooseCountry.aspx -
2014-10-26 /ejn/EJN_Home.aspx -
2014-10-26 /ejn/ -
2014-10-26 /ejn/EJN_AtlasAdvanced.aspx -
2014-10-26 /ejn/EJN_StaticPage.aspx Bread=12
2014-10-26 /ejn/EJN_Home.aspx -
2014-10-26 /ejn/EJN_Home.aspx -
2014-10-26 /ejn/ -
2014-10-26 /ejn/EJN_Home.aspx -
2014-10-26 /ejn/EJN_Home.aspx -
2014-10-26 /ejn/libshowdocument.aspx Id=16&Lang=SL
2014-10-26 /ejn/libshowdocument.aspx Id=222&Lang=SL
2014-10-26 /ejn/EJN_Home.aspx -
2014-10-26 /ejn/ -
2014-10-26 /ejn/EJN_Home.aspx -
2014-10-26 /ejn/ -
2014-10-26 /ejn/EJN_Home.aspx -
2014-10-26 /ejn/AtlasSelection.aspx -
2014-10-26 /ejn/EJN_Error.aspx -
2014-10-26 /ejn/EJN_Home.aspx -
2014-10-26 /ejn/ -
2014-10-26 /ejn/EJN_AtlasAdvanced.aspx -
2014-10-26 /ejn/NewsDetail.aspx id=270&Ori=H
2014-10-26 /ejn/AtlasChooseCountry.aspx Type=2
2014-10-26 /ejn/EJN_StaticPage.aspx Bread=30
2014-10-26 /ejn/EJN_Home.aspx -
2014-10-26 /ejn/ -
2014-10-26 /ejn/EJN_Home.aspx -
2014-10-26 /ejn/ -
2014-10-26 /ejn/EJN_AtlasAdvanced.aspx -
2014-10-26 /ejn/EJN_Home.aspx -
2014-10-26 /ejn/ -
2014-10-26 /ejn/EJN_Home.aspx -
2014-10-26 /ejn/ -
2014-10-26 /ejn/EJN_StaticPage.aspx Bread=23
2014-10-26 /ejn/EJN_Home.aspx -
2014-10-26 /ejn/EJN_Home.aspx -
2014-10-26 /ejn/EJN_AtlasAdvanced.aspx -
2014-10-26 /ejn/EJN_News.aspx id=57
2014-10-26 /ejn/EJN_Home.aspx -
2014-10-26 /ejn/ -
2014-10-26 /ejn/EJN_News.aspx id=57
2014-10-26 /ejn/NewsAll.aspx Id=4
2014-10-26 /ejn/EJN_Home.aspx -
2014-10-26 /ejn/EJN_Home.aspx -
2014-10-26 /ejn/ -
2014-10-26 /ejn/EJN_Home.aspx -
2014-10-26 /ejn/ -
2014-10-26 /ejn/AtlasChooseCountry.aspx -
2014-10-26 /ejn/EJN_Home.aspx -
2014-10-26 /ejn/EJN_Home.aspx -
2014-10-26 /ejn/libshowdocument.aspx Id=219&Lang=SL
2014-10-26 /ejn/libshowdocument.aspx Id=222&Lang=LT
2014-10-26 /ejn/libcategories.aspx Id=14
2014-10-26 /ejn/EJN_Home.aspx -
2014-10-26 /ejn/EJN_AtlasAdvanced.aspx -
2014-10-26 /ejn/libshowdocument.aspx Id=221&Lang=SK
2014-10-26 /ejn/EJN_Home.aspx -
2014-10-26 /ejn/ -
2014-10-26 /ejn/ejn_home.aspx -
2014-10-26 /ejn/EJN_Home.aspx -
2014-10-26 /ejn/EJN_Home.aspx -
2014-10-26 /ejn/EJN_Home.aspx -
2014-10-26 /ejn/EJN_Home.aspx -
2014-10-26 /ejn/ -
2014-10-26 /ejn/EJN_Home.aspx -
2014-10-26 /ejn/EJN_Home.aspx -
2014-10-26 /ejn/EJN_Home.aspx -
2014-10-26 /ejn/ -
2014-10-26 /ejn/EJN_AtlasAdvanced.aspx -
2014-10-26 /ejn/EJN_Home.aspx -
2014-10-26 /ejn/EJN_Home.aspx -
2014-10-26 /ejn/ -
2014-10-26 /ejn/ -
2014-10-26 /ejn/EJN_StaticPage.aspx Bread=1
2014-10-26 /ejn/EJN_Home.aspx -
2014-10-26 /ejn/AtlasChooseMeasure.aspx Mp=1&Cou=ES&Type=2
2014-10-26 /ejn/EJN_Home.aspx -
2014-10-26 /ejn/ -
2014-10-26 /ejn/EJN_FichesBelgesResult.aspx measure=502&country=373&other=-1
2014-10-26 /ejn/EJN_Home.aspx -
2014-10-26 /ejn/EJN_FichesBelgesResult.aspx measure=703&country=373&other=-1
2014-10-26 /ejn/EJN_Home.aspx -
2014-10-26 /ejn/ -
2014-10-26 /ejn/EJN_FichesBelgesResult.aspx measure=101&country=373&other=-1
2014-10-26 /ejn/EJN_Home.aspx -
2014-10-26 /ejn/ -
2014-10-26 /ejn/EJN_StaticPage.aspx Bread=1
2014-10-26 /ejn/EJN_Home.aspx -
2014-10-26 /ejn/EJN_AtlasAdvanced.aspx -
2014-10-26 /ejn/EJN_Home.aspx -
2014-10-26 /ejn/EJN_StaticPage.aspx Bread=27
2014-10-26 /ejn/EJN_Home.aspx -
2014-10-26 /ejn/EJN_StaticPage.aspx Bread=36
2014-10-26 /ejn/EJN_Home.aspx -
2014-10-26 /ejn/EJN_Home.aspx -
2014-10-26 /ejn/EJN_Home.aspx -
2014-10-26 /ejn/ -
2014-10-26 /ejn/EJN_AtlasAdvanced.aspx -
2014-10-26 /ejn/EJN_AtlasAdvanced.aspx -
2014-10-26 /ejn/EJN_Home.aspx -
2014-10-26 /ejn/EJN_AtlasAdvanced.aspx -
2014-10-26 /ejn/EJN_Home.aspx -
2014-10-26 /EJN_StaticPage.aspx Bread=25
2014-10-26 /ejn/ -
2014-10-26 /ejn/AtlasChooseMeasure.aspx Mp=1&Cou=DE&Type=2
2014-10-26 /ejn/AtlasChooseMeasure.aspx Mp=1&Cou=DE&Type=2++Culture:ESSessionId:5l404ypailscpipaujwfd2gzDate_Time:8:44
2014-10-26 /ejn/AtlasChooseMeasure.aspx Mp=1&Cou=DE&Type=2
2014-10-26 /ejn/AtlasChooseCountry.aspx Type=2
2014-10-26 /ejn/AtlasChooseMeasure.aspx MP=1&Cou=DE
2014-10-26 /ejn/libshowdocument.aspx Id=222&Lang=SL
2014-10-26 /ejn/AtlasChooseMeasure.aspx MP=1&Cou=DE
2014-10-26 /ejn/EJN_FichesBelgesResult.aspx measure=709&country=277&other=-1
2014-10-26 /ejn/EJN_Home.aspx -
2014-10-26 /ejn/EJN_FichesBelgesResult.aspx measure=710&country=277&other=-1
2014-10-26 /ejn/AtlasChooseMeasure.aspx Mp=1&Cou=DE&Type=2
2014-10-26 /ejn/ -
2014-10-26 /ejn/ -
2014-10-26 /ejn/ -
2014-10-26 /ejn/AtlasChooseMeasure.aspx Mp=1&Cou=DE&Type=2
2014-10-26 /ejn/EJN_Home.aspx -
2014-10-26 /ejn/libshowdocument.aspx Id=13&Lang=FR
2014-10-26 /ejn/EJN_SubscribeNewsLetter.aspx -
2014-10-26 /ejn/EJN_Home.aspx -
2014-10-26 /ejn/EJN_Home.aspx -
2014-10-26 /ejn/EJN_Login.aspx -
2014-10-26 /ejn/EJN_Home.aspx -
2014-10-26 /ejn/EJN_Home.aspx -
2014-10-26 /ejn/ -
2014-10-26 /ejn/ -
2014-10-26 /ejn/AtlasChooseCountry.aspx Type=2
2014-10-26 /ejn/AtlasChooseCountry.aspx Type=2
2014-10-26 /ejn/AtlasChooseMeasure.aspx MP=0&Cou=368
2014-10-26 /ejn/AtlasChooseMeasure.aspx MP=0&Cou=368
2014-10-26 /ejn/AtlasChooseMeasure.aspx MP=0&Cou=368
2014-10-26 /ejn/AtlasChooseMeasure.aspx MP=0&Cou=368
2014-10-26 /ejn/AtlasSelection.aspx -
2014-10-26 /ejn/EJN_Home.aspx -
2014-10-26 /ejn/AtlasSelection.aspx -
2014-10-26 /ejn/AtlasSelection.aspx -
2014-10-26 /ejn/AtlasSelection.aspx -
2014-10-26 /ejn/AtlasSelection.aspx -
2014-10-26 /ejn/AtlasChooseAuthority.aspx -
2014-10-26 /ejn/AtlasChooseAuthority.aspx/GetLocations -
2014-10-26 /ejn/AtlasChooseAuthority.aspx/GetLocations -
2014-10-26 /ejn/AtlasChooseAuthority.aspx -
2014-10-26 /ejn/AtlasAuthorityData.aspx Id=5078
2014-10-26 /ejn/EJN_Home.aspx -
2014-10-26 /ejn/EJN_Home.aspx -
2014-10-26 /ejn/EJN_Home.aspx -
2014-10-26 /ejn/ -
2014-10-26 /ejn/ -
2014-10-26 /ejn/ -
2014-10-26 /ejn/EJN_Home.aspx -
2014-10-26 /ejn/EJN_Home.aspx -
2014-10-26 /ejn/EJN_Home.aspx -
2014-10-26 /ejn/EJN_Home.aspx -
2014-10-26 /ejn/ -
2014-10-26 /ejn/EJN_Home.aspx -
2014-10-26 /ejn/EJN_Home.aspx -
2014-10-26 /ejn/ -
2014-10-26 /ejn/ -
2014-10-26 /ejn/ -
2014-10-26 /ejn/AtlasChooseMeasure.aspx Mp=1&Cou=PL&Type=2
2014-10-26 /ejn/AtlasChooseMeasure.aspx Mp=1&Cou=PL&Type=2
2014-10-26 /ejn/AtlasChooseMeasure.aspx Mp=1&Cou=PL&Type=2
2014-10-26 /ejn/AtlasChooseMeasure.aspx Mp=1&Cou=PL&Type=2
2014-10-26 /ejn/AtlasSelection.aspx -
2014-10-26 /ejn/AtlasSelection.aspx -
2014-10-26 /ejn/AtlasSelection.aspx -
2014-10-26 /ejn/AtlasSelection.aspx -
2014-10-26 /ejn/AtlasSelection.aspx -
2014-10-26 /ejn/AtlasChooseAuthority.aspx -
2014-10-26 /ejn/AtlasChooseAuthority.aspx -
2014-10-26 /ejn/AtlasChooseAuthority.aspx/GetLocations -
2014-10-26 /ejn/AtlasChooseAuthority.aspx -
2014-10-26 /ejn/AtlasAuthorityData.aspx Id=5282
2014-10-26 /ejn/EJN_Home.aspx -
2014-10-26 /ejn/EJN_Home.aspx -
2014-10-26 /ejn/EJN_Home.aspx -
2014-10-26 /ejn/EJN_AtlasAdvanced.aspx -
2014-10-26 /ejn/EJN_Home.aspx -
2014-10-26 /ejn/ -
2014-10-26 /ejn/EJN_StaticPage.aspx Bread=35
2014-10-26 /ejn/EJN_Home.aspx -
2014-10-26 /ejn/EJN_Home.aspx -
2014-10-26 /ejn/ -
2014-10-26 /ejn/EJN_Home.aspx -
2014-10-26 /ejn/EJN_Home.aspx -
2014-10-26 /ejn/EJN_Home.aspx -
2014-10-26 /ejn/EJN_Home.aspx -
2014-10-26 /ejn/ -
2014-10-26 /ejn/ -
2014-10-26 /ejn/EJN_Home.aspx -
2014-10-26 /EJN_StaticPage.aspx Bread=36
2014-10-26 /ejn/ -
2014-10-26 /ejn/EJN_Home.aspx -
2014-10-26 /ejn/EJN_Home.aspx -
2014-10-26 /ejn/EJN_AtlasAdvanced.aspx -
2014-10-26 /ejn/EJN_StaticPage.aspx Bread=31
2014-10-26 /ejn/EJN_Home.aspx -
2014-10-26 /ejn/EJN_Home.aspx -
2014-10-26 /ejn/ -
2014-10-26 /ejn/ -
2014-10-26 /ejn/ -
2014-10-26 /ejn/AtlasChooseCountry.aspx Type=2
2014-10-26 /ejn/EJN_Home.aspx -
2014-10-26 /ejn/ -
2014-10-26 /ejn/EJN_Home.aspx -
2014-10-26 /ejn/ -
2014-10-26 /ejn/EJN_AtlasAdvanced.aspx -
2014-10-26 /ejn/EJN_AtlasAdvanced.aspx -
2014-10-26 /ejn/EJN_Home.aspx -
2014-10-26 /ejn/EJN_Home.aspx -
2014-10-26 /ejn/ -
2014-10-26 /ejn/EJN_AtlasAdvanced.aspx -
2014-10-26 /ejn/EJN_Home.aspx -
2014-10-26 /ejn/EJN_Home.aspx -
2014-10-26 /ejn/ -
2014-10-26 /ejn/EJN_EAWAtlas.aspx -
2014-10-26 /ejn/EJN_Error.aspx -
2014-10-26 /ejn/EJN_Home.aspx -
2014-10-26 /ejn/AtlasChooseMeasure.aspx Mp=1&Cou=ES&Type=2
2014-10-26 /ejn/EJN_Home.aspx -
2014-10-26 /ejn/ -
2014-10-26 /ejn/ -
2014-10-26 /ejn/EJN_Home.aspx -
2014-10-26 /ejn/EJN_Home.aspx -
2014-10-26 /ejn/EJN_Home.aspx -
2014-10-26 /ejn/ -
2014-10-26 /ejn/ -
2014-10-26 /ejn/libdocumentproperties.aspx Id=147
2014-10-26 /ejn/ejn_home.aspx -
2014-10-26 /ejn/EJN_Home.aspx -
2014-10-26 /ejn/ -
2014-10-26 /ejn/EJN_Home.aspx -
2014-10-26 /ejn/EJN_Home.aspx -
2014-10-26 /ejn/ -
2014-10-26 /ejn/EJN_Home.aspx -
2014-10-26 /ejn/EJN_Home.aspx -
2014-10-26 /ejn/EJN_Home.aspx -
2014-10-26 /ejn/EJN_AtlasAdvanced.aspx -
2014-10-26 /ejn/EJN_Home.aspx -
2014-10-26 /ejn/ -
2014-10-26 /ejn/EJN_Secretariat.aspx -
2014-10-26 /ejn/EJN_Home.aspx -
2014-10-26 /ejn/ -
2014-10-26 /ejn/EJN_Home.aspx -
2014-10-26 /ejn/ -
2014-10-26 /ejn/ -
2014-10-26 /ejn/EJN_Home.aspx -
2014-10-26 /ejn/EJN_Home.aspx -
2014-10-26 /ejn/EJN_Home.aspx -
2014-10-26 /ejn/ -
2014-10-26 /ejn/AtlasChooseMeasure.aspx Mp=1&Cou=ES&Type=2
2014-10-26 /ejn/ -
2014-10-26 /ejn/EJN_Home.aspx -
2014-10-26 /ejn/EJN_StaticPage.aspx Bread=10
2014-10-26 /ejn/EJN_AtlasAdvanced.aspx -
2014-10-26 /ejn/EJN_Home.aspx -
2014-10-26 /ejn/ -
2014-10-26 /ejn/ -
2014-10-26 /ejn/EJN_Home.aspx -
2014-10-26 /ejn/EJN_Home.aspx -
2014-10-26 /ejn/EJN_Home.aspx -
2014-10-26 /ejn/EJN_Home.aspx -
2014-10-26 /ejn/EJN_Home.aspx -
2014-10-26 /ejn/EJN_Home.aspx -
2014-10-26 /ejn/EJN_Home.aspx -
2014-10-26 /ejn/EJN_Home.aspx -
2014-10-26 /ejn/ -
2014-10-26 /ejn/EJN_Home.aspx -
2014-10-26 /ejn/ -
2014-10-26 /ejn/EJN_Home.aspx -
2014-10-26 /ejn/EJN_Home.aspx -
2014-10-26 /ejn/EJN_AtlasAdvanced.aspx -
2014-10-26 /ejn/EJN_Home.aspx -
2014-10-26 /ejn/EJN_QuickLinks.aspx id=25
2014-10-26 /ejn/EJN_Home.aspx -
2014-10-26 /fiches_belges.aspx -
2014-10-26 /ejn_tools.aspx -
2014-10-26 /ejn/EJN_AtlasAdvanced.aspx -
2014-10-26 /ejn/EJN_Home.aspx -
2014-10-26 /ejn/ -
2014-10-26 /ejn/EJN_Home.aspx -
2014-10-26 /ejn/ -
2014-10-26 /ejn/EJN_Home.aspx -
2014-10-26 /ejn/EJN_Home.aspx -
2014-10-26 /default.aspx -
2014-10-26 /ejn/EJN_Home.aspx -
2014-10-26 /ejn/EJN_AtlasAdvanced.aspx -
2014-10-26 /ejn/ -
2014-10-26 /ejn/EJN_StaticPage.aspx Bread=12
2014-10-26 /ejn/EJN_Home.aspx -
2014-10-26 /ejn/EJN_Home.aspx -
2014-10-26 /ejn/ -
2014-10-26 /ejn/EJN_Home.aspx -
2014-10-26 /ejn/EJN_Home.aspx -
2014-10-26 /ejn/EJN_Home.aspx -
2014-10-26 /ejn/EJN_Home.aspx -
2014-10-26 /ejn/ -
2014-10-26 /ejn/ ++Culture:ESSessionId:1haf2vbqmpihrb2eqdmynuf3Date_Time:12:49
2014-10-26 /atlas_advanced.aspx -
2014-10-26 /atlas_advanced.aspx -
2014-10-26 /ejn/EJN_Login.aspx -
2014-10-26 /ejn/EJN_FichesBelges.aspx -
2014-10-26 /ejn/ -
2014-10-26 /atlas_advanced.aspx -
2014-10-26 /atlas_advanced.aspx -
2014-10-26 /ejn/EJN_Home.aspx -
2014-10-26 /ejn/ -
2014-10-26 /ejn/EJN_Home.aspx -
2014-10-26 /ejn/ -
2014-10-26 /ejn/EJN_Home.aspx -
2014-10-26 /ejn/EJN_Home.aspx -
2014-10-26 /ejn/EJN_AtlasAdvanced.aspx -
2014-10-26 /ejn/EJN_Home.aspx -
2014-10-26 /ejn/EJN_Home.aspx -
2014-10-26 /ejn/ -
2014-10-26 /ejn/ -
2014-10-26 /ejn/ -
2014-10-26 /ejn/EJN_Home.aspx -
2014-10-26 /ejn/ -
2014-10-26 /ejn/EJN_Home.aspx -
2014-10-26 /ejn/EJN_Home.aspx -
2014-10-26 /ejn/ -
2014-10-26 /ejn/EJN_InfoAbout.aspx Id=352
2014-10-26 /ejn/EJN_InfoAbout.aspx Id=352++Culture:PTSessionId:d4kmzpvd5xo14cqknx12anczDate_Time:13:29
2014-10-26 /ejn/NewsDetail.aspx id=73&Ori=H
2014-10-26 /ejn/EJN_Home.aspx -
2014-10-26 /ejn/EJN_AtlasAdvanced.aspx -
2014-10-26 /ejn/EJN_AtlasAdvanced.aspx -
2014-10-26 /ejn/EJN_EAWAtlas.aspx -
2014-10-26 /ejn/EJN_Error.aspx -
2014-10-26 /ejn/EJN_Home.aspx -
2014-10-26 /ejn/EJN_Home.aspx -
2014-10-26 /ejn/ -
2014-10-26 /ejn/ -
2014-10-26 /ejn/ ++Culture:ESSessionId:timxechydr0sqghlm0q54a0mDate_Time:13:37
2014-10-26 /ejn/ -
2014-10-26 /ejn/AtlasSelection.aspx Option=PathOptions
2014-10-26 /ejn/EJN_Error.aspx -
2014-10-26 /ejn/EJN_Home.aspx -
2014-10-26 /ejn/EJN_Compendium.aspx -
2014-10-26 /ejn/ctrls.compendium/IframeEngine.aspx -
2014-10-26 /ejn/ -
2014-10-26 /ejn/ -
2014-10-26 /ejn/EJN_Home.aspx -
2014-10-26 /ejn/libshowdocument.aspx Id=13&Lang=EL
2014-10-26 /ejn/EJN_Home.aspx -
2014-10-26 /ejn/EJN_Home.aspx -
2014-10-26 /ejn/EJN_Home.aspx -
2014-10-26 /ejn/EJN_StaticPage.aspx Bread=20
2014-10-26 /ejn/EJN_Home.aspx -
2014-10-26 /ejn/EJN_Home.aspx -
2014-10-26 /ejn/ -
2014-10-26 /ejn/EJN_Home.aspx -
2014-10-26 /ejn/EJN_Home.aspx -
2014-10-26 /ejn/EJN_Home.aspx -
2014-10-26 /ejn/ -
2014-10-26 /ejn/EJN_AtlasAdvanced.aspx -
2014-10-26 /ejn/ -
2014-10-26 /ejn/EJN_Home.aspx -
2014-10-26 /ejn/ -
2014-10-26 /ejn/EJN_Home.aspx -
2014-10-26 /ejn/ -
2014-10-26 /ejn/AtlasChooseCountry.aspx Type=2
2014-10-26 /ejn/AtlasChooseMeasure.aspx MP=0&Cou=223
2014-10-26 /ejn/AtlasChooseMeasure.aspx MP=0&Cou=223++Culture:DESessionId:uj5tz3oic5pyz0e552ag3jtsDate_Time:14:22
2014-10-26 /ejn/AtlasChooseMeasure.aspx MP=0&Cou=223
2014-10-26 /ejn/AtlasChooseMeasure.aspx MP=0&Cou=223
2014-10-26 /ejn/AtlasSelection.aspx -
2014-10-26 /ejn/AtlasChooseAuthority.aspx -
2014-10-26 /ejn/AtlasChooseAuthority.aspx -
2014-10-26 /ejn/AtlasChooseAuthority.aspx/GetLocations -
2014-10-26 /ejn/AtlasChooseAuthority.aspx -
2014-10-26 /ejn/AtlasAuthorityData.aspx Id=4901
2014-10-26 /ejn/EJN_Home.aspx -
2014-10-26 /ejn/EJN_Home.aspx -
2014-10-26 /ejn/EJN_Home.aspx -
2014-10-26 /ejn/ -
2014-10-26 /ejn/EJN_Home.aspx -
2014-10-26 /ejn/ -
2014-10-26 /ejn/EJN_Home.aspx -
2014-10-26 /ejn/EJN_Home.aspx -
2014-10-26 /ejn/EJN_Home.aspx -
2014-10-26 /ejn/ -
2014-10-26 /ejn/EJN_Home.aspx -
2014-10-26 /ejn/EJN_Home.aspx -
2014-10-26 /ejn/EJN_AtlasAdvanced.aspx -
2014-10-26 /ejn/EJN_Home.aspx -
2014-10-26 /ejn/ -
2014-10-26 /ejn/ -
2014-10-26 /ejn/ -
2014-10-26 /ejn/AtlasChooseCountry.aspx Type=2
2014-10-26 /ejn/AtlasChooseCountry.aspx Type=2
2014-10-26 /ejn/AtlasChooseMeasure.aspx MP=0&Cou=369
2014-10-26 /ejn/ -
2014-10-26 /ejn/AtlasChooseMeasure.aspx MP=0&Cou=369
2014-10-26 /ejn/AtlasChooseCountry.aspx Type=2
2014-10-26 /ejn/AtlasChooseCountry.aspx Type=2
2014-10-26 /ejn/AtlasChooseMeasure.aspx MP=0&Cou=369
2014-10-26 /ejn/EJN_Home.aspx -
2014-10-26 /ejn/AtlasChooseMeasure.aspx MP=0&Cou=369
2014-10-26 /ejn/AtlasChooseMeasure.aspx MP=0&Cou=369
2014-10-26 /ejn/EJN_FichesBelgesResult.aspx measure=701&country=369&other=-1
2014-10-26 /ejn/EJN_FichesBelgesGuide.aspx -
2014-10-26 /ejn/EJN_Home.aspx -
2014-10-26 /ejn/ -
2014-10-26 /ejn/AtlasChooseMeasure.aspx MP=0&Cou=369
2014-10-26 /ejn/AtlasSelection.aspx -
2014-10-26 /ejn/AtlasChooseAuthority.aspx -
2014-10-26 /ejn/AtlasChooseAuthority.aspx/GetLocations -
2014-10-26 /ejn/AtlasChooseAuthority.aspx/GetLocations -
2014-10-26 /ejn/AtlasChooseMeasure.aspx Mp=1&Cou=DE&Type=2
2014-10-26 /ejn/ -
2014-10-26 /ejn/AtlasChooseAuthority.aspx -
2014-10-26 /ejn/AtlasChooseMeasure.aspx Mp=1&Cou=DE&Type=2
2014-10-26 /ejn/AtlasChooseMeasure.aspx Mp=1&Cou=DE&Type=2
2014-10-26 /ejn/AtlasSelection.aspx -
2014-10-26 /ejn/AtlasChooseAuthority.aspx -
2014-10-26 /ejn/AtlasChooseAuthority.aspx -
2014-10-26 /ejn/AtlasChooseAuthority.aspx -
2014-10-26 /ejn/AtlasChooseAuthority.aspx -
2014-10-26 /ejn/EJN_InfoAbout.aspx Id=373
2014-10-26 /ejn/AtlasChooseAuthority.aspx -
2014-10-26 /ejn/AtlasChooseAuthority.aspx -
2014-10-26 /ejn/EJN_Home.aspx -
2014-10-26 /ejn/AtlasAuthorityData.aspx Id=1770&AuthTypeId=197
2014-10-26 /ejn/EJN_Home.aspx -
2014-10-26 /ejn/ -
2014-10-26 /ejn/EJN_AtlasAdvanced.aspx -
2014-10-26 /ejn/AtlasChooseAuthority.aspx -
2014-10-26 /ejn/AtlasChooseMeasure.aspx MP=0&Cou=369
2014-10-26 /ejn/AtlasChooseCountry.aspx Type=2
2014-10-26 /ejn/AtlasChooseCountry.aspx Type=2
2014-10-26 /ejn/AtlasChooseMeasure.aspx MP=0&Cou=351
2014-10-26 /ejn/AtlasChooseMeasure.aspx MP=0&Cou=351
2014-10-26 /ejn/AtlasChooseMeasure.aspx MP=0&Cou=351
2014-10-26 /ejn/AtlasChooseMeasure.aspx MP=0&Cou=351
2014-10-26 /ejn/AtlasSelection.aspx -
2014-10-26 /ejn/AtlasSelection.aspx -
2014-10-26 /ejn/AtlasSelection.aspx -
2014-10-26 /ejn/AtlasSelection.aspx -
2014-10-26 /ejn/AtlasSelection.aspx -
2014-10-26 /ejn/AtlasChooseAuthority.aspx -
2014-10-26 /ejn/AtlasChooseAuthority.aspx -
2014-10-26 /ejn/AtlasChooseAuthority.aspx -
2014-10-26 /ejn/AtlasChooseAuthority.aspx -
2014-10-26 /ejn/AtlasSelection.aspx Option=PathOptions
2014-10-26 /ejn/AtlasSelection.aspx Option=PathOptions
2014-10-26 /ejn/AtlasSelection.aspx Option=PathOptions
2014-10-26 /ejn/AtlasChooseAuthority.aspx -
2014-10-26 /ejn/ -
2014-10-26 /ejn/AtlasChooseAuthority.aspx -
2014-10-26 /ejn/AtlasChooseAuthority.aspx -
2014-10-26 /ejn/EJN_FichesBelges.aspx -
2014-10-26 /ejn/EJN_Home.aspx -
2014-10-26 /ejn/EJN_Home.aspx -
2014-10-26 /ejn/EJN_Home.aspx -
2014-10-26 /ejn/ -
2014-10-26 /ejn/ -
2014-10-26 /ejn/EJN_Home.aspx -
2014-10-26 /ejn/libshowdocument.aspx Id=222&Lang=EL
2014-10-26 /ejn/ -
2014-10-26 /ejn/AtlasChooseCountry.aspx Type=2
2014-10-26 /ejn/EJN_Home.aspx -
2014-10-26 /ejn/ -
2014-10-26 /ejn/AtlasChooseCountry.aspx Type=2
2014-10-26 /ejn/AtlasChooseMeasure.aspx MP=0&Cou=368
2014-10-26 /ejn/AtlasChooseMeasure.aspx MP=0&Cou=368
2014-10-26 /ejn/AtlasChooseMeasure.aspx MP=0&Cou=368
2014-10-26 /ejn/AtlasSelection.aspx -
2014-10-26 /ejn/AtlasSelection.aspx -
2014-10-26 /ejn/AtlasSelection.aspx -
2014-10-26 /ejn/EJN_Home.aspx -
2014-10-26 /ejn/AtlasSelection.aspx -
2014-10-26 /ejn/AtlasSelection.aspx -
2014-10-26 /ejn/AtlasChooseAuthority.aspx -
2014-10-26 /ejn/EJN_Home.aspx -
2014-10-26 /ejn/AtlasChooseMeasure.aspx MP=0&Cou=368
2014-10-26 /ejn/AtlasChooseCountry.aspx Type=2
2014-10-26 /ejn/AtlasChooseMeasure.aspx MP=0&Cou=259
2014-10-26 /ejn/AtlasChooseMeasure.aspx MP=0&Cou=259
2014-10-26 /ejn/AtlasChooseMeasure.aspx MP=0&Cou=259
2014-10-26 /ejn/AtlasSelection.aspx -
2014-10-26 /ejn/AtlasSelection.aspx -
2014-10-26 /ejn/AtlasSelection.aspx -
2014-10-26 /ejn/AtlasChooseAuthority.aspx -
2014-10-26 /ejn/AtlasChooseAuthority.aspx -
2014-10-26 /ejn/AtlasChooseAuthority.aspx -
2014-10-26 /ejn/AtlasAuthorityData.aspx Id=2321
2014-10-26 /ejn/EJN_Home.aspx -
2014-10-26 /ejn/EJN_Home.aspx -
2014-10-26 /ejn/ -
2014-10-26 /ejn/EJN_Home.aspx -
2014-10-26 /ejn/ -
2014-10-26 /ejn/EJN_Home.aspx -
2014-10-26 /ejn/ -
2014-10-26 /ejn/EJN_Home.aspx -
2014-10-26 /ejn/EJN_Home.aspx -
2014-10-26 /ejn/EJN_StaticPage.aspx Bread=26
2014-10-26 /ejn/EJN_Home.aspx -
2014-10-26 /ejn/EJN_QuickLinks.aspx id=24
2014-10-26 /ejn/ -
2014-10-26 /ejn/AtlasChooseMeasure.aspx Mp=1&Cou=SK&Type=2
2014-10-26 /ejn/EJN_AtlasAdvanced.aspx -
2014-10-26 /ejn/EJN_Home.aspx -
2014-10-26 /ejn/EJN_Home.aspx -
2014-10-26 /ejn/ -
2014-10-26 /news-detail.aspx anunID=13
2014-10-26 /ejn/EJN_Home.aspx -
2014-10-26 /ejn/EJN_Home.aspx -
2014-10-26 /ejn/ -
2014-10-26 /ejn/EJN_Home.aspx -
2014-10-26 /ejn/EJN_Home.aspx -
2014-10-26 /ejn/ -
2014-10-26 /ejn/EJN_AtlasAdvanced.aspx -
2014-10-26 /ejn/EJN_Home.aspx -
2014-10-26 /ejn_tools.aspx -
2014-10-26 /ejn_tools.aspx -
2014-10-26 /ejn/EJN_Home.aspx -
2014-10-26 /ejn/ -
2014-10-26 /ejn/ -
2014-10-26 /ejn/NewsDetail.aspx id=243&Ori=H
2014-10-26 /ejn/Events.aspx event=246
2014-10-26 /ejn/NewsDetail.aspx id=245&Ori=H
2014-10-26 /ejn/EJN_Home.aspx -
2014-10-26 /ejn/ -
2014-10-26 /ejn/EJN_Home.aspx -
2014-10-26 /ejn/ -
2014-10-26 /ejn/EJN_Home.aspx -
2014-10-26 /ejn/EJN_Home.aspx -
2014-10-26 /ejn/EJN_Home.aspx -
2014-10-26 /ejn/EJN_Home.aspx -
2014-10-26 /ejn/ -
2014-10-26 /ejn/libshowdocument.aspx Id=222&Lang=LT
2014-10-26 /ejn/EJN_Home.aspx -
2014-10-26 /ejn/libcategories.aspx -
2014-10-26 /ejn/EJN_Home.aspx -
2014-10-26 /forms.aspx -
2014-10-26 /ejn/ -
2014-10-26 /ejn/EJN_Home.aspx -
2014-10-26 /ejn/ -
2014-10-26 /ejn/EJN_Home.aspx -
2014-10-26 /ejn/ -
2014-10-26 /ejn/EJN_Home.aspx -
2014-10-26 /ejn/EJN_Home.aspx -
2014-10-26 /ejn/EJN_QuickLinks.aspx id=24
2014-10-26 /ejn/EJN_Home.aspx -
2014-10-26 /ejn/NewsAll.aspx Id=1
2014-10-26 /ejn/EJN_Home.aspx -
2014-10-26 /forms.aspx -
2014-10-26 /european-arrest-warrant.aspx -
2014-10-26 /ejn/EJN_AtlasAdvanced.aspx -
2014-10-26 /ejn/EJN_Home.aspx -
2014-10-26 /ejn/ -
2014-10-26 /ejn/EJN_Home.aspx -
2014-10-26 /ejn/libshowdocument.aspx Id=219&Lang=LV
2014-10-26 /ejn/ -
2014-10-26 /ejn/AtlasChooseAuthority.aspx -
2014-10-26 /ejn/EJN_Error.aspx -
2014-10-26 /ejn/EJN_Error.aspx -
2014-10-26 /ejn/EJN_Home.aspx -
2014-10-26 /ejn/ -
2014-10-26 /ejn/AtlasChooseMeasure.aspx Mp=1&Cou=DE&Type=2
2014-10-26 /ejn/AtlasChooseMeasure.aspx Mp=1&Cou=DE&Type=2
2014-10-26 /ejn/AtlasChooseMeasure.aspx Mp=1&Cou=DE&Type=2
2014-10-26 /ejn/AtlasSelection.aspx -
2014-10-26 /ejn/AtlasChooseAuthority.aspx -
2014-10-26 /ejn/AtlasChooseAuthority.aspx -
2014-10-26 /ejn/AtlasChooseAuthority.aspx -
2014-10-26 /ejn/AtlasChooseAuthority.aspx -
2014-10-26 /ejn/AtlasAuthorityData.aspx Id=4239
2014-10-26 /ejn/ -
2014-10-26 /ejn/ -
2014-10-26 /ejn/EJN_Home.aspx -
2014-10-26 /ejn/NewsDetail.aspx id=276&Ori=H
2014-10-26 /ejn/EJN_Home.aspx -
2014-10-26 /ejn/ -
2014-10-26 /ejn/EJN_AtlasAdvanced.aspx -
2014-10-26 /ejn/EJN_EAWWizard.aspx -
2014-10-26 /ejn/EJN_Home.aspx -
2014-10-26 /ejn/ -
2014-10-26 /ejn/ -
2014-10-26 /ejn/ -
2014-10-26 /ejn/EJN_Home.aspx -
2014-10-26 /ejn/ -
2014-10-26 /ejn_tools.aspx -
2014-10-26 /ejn_tools.aspx -
2014-10-26 /ejn/EJN_Home.aspx -
2014-10-26 /ejn/ -
2014-10-26 /ejn/EJN_Home.aspx -
2014-10-26 /ejn/ -
2014-10-26 /ejn/EJN_Home.aspx -
2014-10-26 /ejn/EJN_Home.aspx -
2014-10-26 /ejn/AtlasChooseMeasure.aspx Mp=1&Cou=DE&Type=2
2014-10-26 /ejn/AtlasChooseMeasure.aspx Mp=1&Cou=DE&Type=2
2014-10-26 /ejn/AtlasChooseMeasure.aspx Mp=1&Cou=DE&Type=2
2014-10-26 /ejn/AtlasSelection.aspx -
2014-10-26 /ejn/AtlasChooseAuthority.aspx -
2014-10-26 /ejn/AtlasChooseAuthority.aspx -
2014-10-26 /ejn/AtlasChooseAuthority.aspx -
2014-10-26 /ejn/AtlasChooseAuthority.aspx -
2014-10-26 /ejn/AtlasChooseAuthority.aspx -
2014-10-26 /ejn/AtlasAuthorityData.aspx Id=4239
2014-10-26 /ejn/EJN_Home.aspx -
2014-10-26 /ejn/ -
2014-10-26 /ejn/EJN_Home.aspx -
2014-10-26 /ejn/ -
2014-10-26 /ejn/libshowdocument.aspx Id=16&Lang=BG
2014-10-26 /ejn/libshowdocument.aspx Id=16&Lang=BG
2014-10-26 /ejn/EJN_Home.aspx -
2014-10-26 /ejn/ -
2014-10-26 /ejn/EJN_Home.aspx -
2014-10-26 /ejn/EJN_Home.aspx -
2014-10-26 /ejn/ -
2014-10-26 /ejn/EJN_Secretariat.aspx -
2014-10-26 /ejn/EJN_Home.aspx -
2014-10-26 /ejn/ -
2014-10-26 /ejn/ -
2014-10-26 /ejn/libcategories.aspx -
2014-10-26 /ejn/libcategories.aspx Id=2
2014-10-26 /ejn/EJN_Home.aspx -
2014-10-26 /ejn/EJN_Library_RatificationsByCou.aspx -
2014-10-26 /ejn/EJN_Library_RatificationsByCou.aspx -
2014-10-26 /ejn/libcategories.aspx Id=32
2014-10-26 /ejn/EJN_Home.aspx -
2014-10-26 /ejn/ -
2014-10-26 /ejn/EJN_AtlasAdvanced.aspx -
2014-10-26 /ejn/ -
2014-10-26 /ejn/AtlasChooseCountry.aspx Type=2
2014-10-26 /ejn/AtlasChooseMeasure.aspx MP=1&Cou=LT
2014-10-26 /ejn/AtlasChooseMeasure.aspx MP=1&Cou=LT
2014-10-26 /ejn/AtlasChooseCountry.aspx Type=2
2014-10-26 /ejn/AtlasChooseMeasure.aspx MP=1&Cou=LT
2014-10-26 /ejn/AtlasChooseMeasure.aspx MP=1&Cou=LT
2014-10-26 /ejn/AtlasChooseCountry.aspx Type=2
2014-10-26 /ejn/EJN_Home.aspx -
2014-10-26 /ejn/ -
2014-10-26 /ejn/EJN_QuickLinks.aspx -
2014-10-26 /ejn/EJN_Home.aspx -
2014-10-26 /ejn/EJN_Home.aspx -
2014-10-26 /ejn/EJN_Home.aspx -
2014-10-26 /ejn/EJN_Home.aspx -
2014-10-26 /ejn/ -
2014-10-26 /ejn/EJN_AtlasAdvanced.aspx -
2014-10-26 /ejn/EJN_Home.aspx -
2014-10-26 /ejn/ -
2014-10-26 /ejn/EJN_Home.aspx -
2014-10-26 /ejn/EJN_Home.aspx -
2014-10-26 /ejn/ -
2014-10-26 /ejn/EJN_StaticPage.aspx Bread=33
2014-10-26 /ejn/EJN_Home.aspx -
2014-10-26 /ejn/EJN_Home.aspx -
2014-10-26 /ejn/EJN_Home.aspx -
2014-10-26 /ejn/EJN_Home.aspx -
2014-10-26 /ejn/EJN_Home.aspx -
2014-10-26 /ejn/EJN_Home.aspx -
2014-10-26 /ejn/EJN_Home.aspx -
2014-10-26 /ejn/ -
2014-10-26 /ejn/EJN_Home.aspx -
2014-10-26 /ejn/ -
2014-10-26 /ejn/EJN_InfoAbout.aspx Id=352
2014-10-26 /ejn/EJN_QuickLinks.aspx id=24
2014-10-26 /ejn/EJN_Home.aspx -
2014-10-26 /ejn/EJN_Home.aspx -
2014-10-26 /ejn/EJN_Home.aspx -
2014-10-26 /ejn/EJN_Home.aspx -
2014-10-26 /ejn/EJN_Home.aspx -
2014-10-26 /ejn/EJN_Home.aspx -
2014-10-26 /ejn/EJN_Home.aspx -
2014-10-26 /ejn/EJN_Home.aspx -
2014-10-26 /ejn/AtlasChooseCountry.aspx Type=2
2014-10-26 /ejn/AtlasChooseCountry.aspx Type=2
2014-10-26 /ejn/AtlasChooseMeasure.aspx MP=0&Cou=395
2014-10-26 /ejn/ejn_home.aspx -
2014-10-26 /ejn/AtlasChooseMeasure.aspx MP=0&Cou=395
2014-10-26 /ejn/AtlasChooseMeasure.aspx MP=0&Cou=395
2014-10-26 /ejn/AtlasSelection.aspx -
2014-10-26 /ejn/AtlasSelection.aspx -
2014-10-26 /ejn/AtlasSelection.aspx -
2014-10-26 /ejn/AtlasAuthorityData.aspx Id=2588
2014-10-26 /ejn/EJN_Home.aspx -
2014-10-26 /ejn/ -
2014-10-26 /ejn/AtlasAuthorityData.aspx Id=2588
2014-10-26 /ejn/EJN_Home.aspx -
2014-10-26 /ejn/EJN_Home.aspx -
2014-10-26 /ejn/ -
2014-10-26 /ejn/EJN_Home.aspx -
2014-10-26 /ejn/ -
2014-10-26 /ejn/NewsAll.aspx Id=4
2014-10-26 /ejn/EJN_Home.aspx -
2014-10-26 /ejn/EJN_Home.aspx -
2014-10-26 /ejn/EJN_Home.aspx -
2014-10-26 /ejn/EJN_Home.aspx -
2014-10-26 /ejn/EJN_Home.aspx -
2014-10-26 /ejn/ -
2014-10-26 /ejn/ -
2014-10-26 /ejn/EJN_StaticPage.aspx Bread=17
2014-10-26 /ejn/EJN_Home.aspx -
2014-10-26 /ejn/ -
2014-10-26 /ejn/EJN_StaticPage.aspx Bread=2
2014-10-26 /ejn/ -
2014-10-26 /ejn/EJN_Home.aspx -
2014-10-26 /ejn/EJN_Home.aspx -
2014-10-26 /ejn/EJN_Home.aspx -
2014-10-26 /ejn/ -
2014-10-26 /ejn/libcategories.aspx Id=14
2014-10-26 /ejn/EJN_Home.aspx -
2014-10-26 /ejn/EJN_Home.aspx -
2014-10-26 /ejn/EJN_Home.aspx -
2014-10-26 /ejn/EJN_Home.aspx -
2014-10-26 /ejn/EJN_Home.aspx -
2014-10-26 /ejn/EJN_Home.aspx -
2014-10-26 /ejn/ -
2014-10-26 /ejn/ejn_staticpage.aspx Bread=17
2014-10-26 /ejn/EJN_Home.aspx -
2014-10-26 /ejn/ -
2014-10-26 /ejn/EJN_AtlasAdvanced.aspx -
2014-10-26 /ejn/EJN_Home.aspx -
2014-10-26 /ejn/ -
2014-10-26 /ejn/EJN_Home.aspx -
2014-10-26 /ejn/EJN_StaticPage.aspx Bread=30
2014-10-26 /ejn/EJN_Home.aspx -
2014-10-26 /ejn/EJN_Home.aspx -
2014-10-26 /ejn/EJN_Home.aspx -
2014-10-26 /ejn/EJN_Home.aspx -
2014-10-26 /ejn/EJN_Home.aspx -
2014-10-26 /ejn/EJN_Home.aspx -
2014-10-26 /ejn/EJN_StaticPage.aspx Bread=18
2014-10-26 /ejn/EJN_StaticPage.aspx Bread=21
2014-10-26 /ejn/EJN_Home.aspx -
2014-10-26 /ejn/EJN_Home.aspx -
2014-10-26 /ejn/EJN_Home.aspx -
2014-10-26 /ejn/ -
2014-10-26 /ejn/EJN_AtlasAdvanced.aspx -
2014-10-26 /ejn/EJN_Home.aspx -
2014-10-26 /ejn/ -
2014-10-26 /ejn/ -
2014-10-26 /ejn/EJN_AtlasAdvanced.aspx -
2014-10-26 /ejn/EJN_Home.aspx -
2014-10-26 /ejn/EJN_StaticPage.aspx Bread=20
2014-10-26 /ejn/ -
2014-10-26 /ejn/Events.aspx id=6
2014-10-26 /ejn/EJN_Home.aspx -
2014-10-26 /ejn/EJN_Home.aspx -
2014-10-26 /ejn/EJN_Home.aspx -
2014-10-26 /ejn/EJN_Home.aspx -
2014-10-26 /ejn/EJN_Home.aspx -
2014-10-26 /ejn/EJN_Home.aspx -
2014-10-26 /ejn/ -
2014-10-26 /ejn/EJN_Home.aspx -
2014-10-26 /ejn/ -
2014-10-26 /ejn/EJN_Home.aspx -
2014-10-26 /ejn/EJN_Home.aspx -
2014-10-26 /ejn/EJN_Home.aspx -
2014-10-26 /ejn/EJN_Home.aspx -
2014-10-26 /ejn/EJN_Home.aspx -
2014-10-26 /ejn/ -
2014-10-26 /ejn/ -
2014-10-26 /ejn/EJN_Home.aspx -
2014-10-26 /ejn/EJN_Home.aspx -
2014-10-26 /ejn/EJN_Home.aspx -
2014-10-26 /ejn/ -
2014-10-26 /ejn/EJN_Home.aspx -
2014-10-26 /ejn/EJN_SubscribeNewsLetter.aspx -
2014-10-26 /ejn/EJN_Home.aspx -
2014-10-26 /ejn/libshowdocument.aspx Id=222&Lang=LT
2014-10-26 /ejn/libcategories.aspx Id=14
2014-10-26 /ejn/EJN_Home.aspx -
2014-10-26 /ejn/EJN_Home.aspx -
2014-10-26 /ejn/EJN_Home.aspx -
2014-10-26 /ejn/EJN_Home.aspx -
2014-10-26 /ejn/EJN_Home.aspx -
2014-10-26 /ejn/EJN_Home.aspx -
2014-10-26 /ejn/ -
2014-10-26 /ejn/ -
2014-10-26 /ejn/EJN_Home.aspx -
2014-10-26 /ejn/EJN_AtlasAdvanced.aspx -
2014-10-26 /ejn/EJN_QuickLinks.aspx id=23
2014-10-26 /ejn/EJN_Home.aspx -
2014-10-26 /ejn/EJN_Home.aspx -
2014-10-26 /ejn/EJN_Home.aspx -
2014-10-26 /ejn/EJN_Home.aspx -
2014-10-26 /ejn/ -
2014-10-26 /ejn/EJN_Home.aspx -
2014-10-26 /ejn/ -
2014-10-26 /ejn/EJN_Home.aspx -
2014-10-26 /ejn/EJN_Home.aspx -
2014-10-26 /ejn/ -
2014-10-26 /ejn/ -
2014-10-26 /ejn/EJN_Home.aspx -
2014-10-26 /ejn/EJN_Home.aspx -
2014-10-26 /ejn/EJN_Home.aspx -
2014-10-26 /ejn/EJN_Home.aspx -
2014-10-26 /ejn/EJN_Home.aspx -
2014-10-26 /ejn/ -
2014-10-26 /ejn/EJN_StaticPage.aspx Bread=30
2014-10-26 /ejn/EJN_Home.aspx -
2014-10-26 /ejn/EJN_Home.aspx -
2014-10-26 /ejn/EJN_Home.aspx -
2014-10-26 /ejn/EJN_Home.aspx -
2014-10-26 /ejn/EJN_Home.aspx -
2014-10-26 /ejn/EJN_Home.aspx -
2014-10-26 /ejn/ -
2014-10-26 /ejn/EJN_AtlasAdvanced.aspx -
2014-10-26 /ejn/EJN_Home.aspx -
2014-10-26 /ejn/EJN_Home.aspx -
2014-10-26 /ejn/EJN_Home.aspx -
2014-10-26 /ejn/EJN_StaticPage.aspx Bread=11
2014-10-26 /ejn/EJN_Home.aspx -
2014-10-26 /ejn/EJN_Home.aspx -
2014-10-26 /ejn/ -
2014-10-26 /ejn/libshowdocument.aspx Id=222&Lang=SL
2014-10-26 /ejn/Events.aspx id=6
2014-10-26 /ejn/EJN_Home.aspx -
2014-10-26 /ejn/EJN_Home.aspx -
2014-10-26 /ejn/EJN_Home.aspx -
2014-10-26 /ejn/EJN_Home.aspx -
2014-10-26 /ejn/EJN_Home.aspx -
2014-10-26 /ejn/EJN_Home.aspx -
2014-10-26 /ejn/ -
2014-10-26 /ejn/EJN_Home.aspx -
2014-10-26 /ejn/ -
2014-10-26 /ejn/EJN_News.aspx id=52
2014-10-26 /ejn/EJN_News.aspx id=52
2014-10-26 /ejn/ -
2014-10-26 /ejn/EJN_Home.aspx -
2014-10-26 /ejn/EJN_Home.aspx -
2014-10-26 /ejn/EJN_Home.aspx -
2014-10-26 /ejn/EJN_Home.aspx -
2014-10-26 /ejn/ -
2014-10-26 /ejn/EJN_AtlasAdvanced.aspx -
2014-10-26 /ejn/EJN_StaticPage.aspx Bread=31
2014-10-26 /ejn/EJN_StaticPage.aspx Bread=30
2014-10-26 /ejn/EJN_Home.aspx -
2014-10-26 /ejn/EJN_Home.aspx -
2014-10-26 /ejn/ -
2014-10-26 /ejn/ -
2014-10-26 /ejn/EJN_Home.aspx -
2014-10-26 /ejn/EJN_Secretariat.aspx -
2014-10-26 /ejn/EJN_Home.aspx -
2014-10-26 /ejn/EJN_Home.aspx -
2014-10-26 /ejn/EJN_Home.aspx -
2014-10-26 /ejn/EJN_Home.aspx -
2014-10-26 /ejn/ -
2014-10-26 /ejn/EJN_StaticPage.aspx Bread=5
2014-10-26 /ejn/EJN_Home.aspx -
2014-10-26 /ejn/ -
2014-10-26 /ejn/ -
2014-10-26 /ejn/EJN_InfoAbout.aspx Id=354
2014-10-26 /ejn/EJN_Home.aspx -
2014-10-26 /ejn/EJN_Home.aspx -
2014-10-26 /ejn/ -
2014-10-26 /ejn/ -
2014-10-26 /ejn/ ++Culture:FRSessionId:bxwczset1x00rtlz4wokl4vwDate_Time:21:00
2014-10-26 /ejn/EJN_Home.aspx -
2014-10-26 /ejn/ -
2014-10-26 /ejn/EJN_AtlasAdvanced.aspx -
2014-10-26 /ejn/EJN_Home.aspx -
2014-10-26 /ejn/EJN_Home.aspx -
2014-10-26 /ejn/EJN_StaticPage.aspx Bread=1
2014-10-26 /ejn/EJN_Home.aspx -
2014-10-26 /ejn/AtlasChooseMeasure.aspx Mp=1&Cou=FR&Type=2
2014-10-26 /ejn/EJN_Home.aspx -
2014-10-26 /ejn/ -
2014-10-26 /ejn/AtlasChooseMeasure.aspx Mp=1&Cou=FR&Type=2
2014-10-26 /ejn/AtlasChooseMeasure.aspx Mp=1&Cou=FR&Type=2
2014-10-26 /ejn/AtlasSelection.aspx -
2014-10-26 /ejn/AtlasSelection.aspx -
2014-10-26 /ejn/AtlasSelection.aspx -
2014-10-26 /ejn/AtlasSelection.aspx -
2014-10-26 /ejn/AtlasSelection.aspx -
2014-10-26 /ejn/AtlasChooseAuthority.aspx -
2014-10-26 /ejn/libshowdocument.aspx Id=16&Lang=SL
2014-10-26 /ejn/EJN_Home.aspx -
2014-10-26 /ejn/ -
2014-10-26 /ejn/ -
2014-10-26 /ejn/AtlasChooseMeasure.aspx Mp=1&Cou=LT&Type=2
2014-10-26 /ejn/AtlasChooseMeasure.aspx Mp=1&Cou=LT&Type=2
2014-10-26 /ejn/AtlasChooseMeasure.aspx Mp=1&Cou=LT&Type=2
2014-10-26 /ejn/AtlasSelection.aspx -
2014-10-26 /ejn/AtlasSelection.aspx -
2014-10-26 /ejn/AtlasSelection.aspx -
2014-10-26 /ejn/AtlasChooseAuthority.aspx -
2014-10-26 /ejn/AtlasChooseAuthority.aspx -
2014-10-26 /ejn/AtlasChooseAuthority.aspx/GetLocations -
2014-10-26 /ejn/AtlasChooseAuthority.aspx -
2014-10-26 /ejn/AtlasAuthorityData.aspx Id=5001
2014-10-26 /ejn/ -
2014-10-26 /ejn/EJN_Home.aspx -
2014-10-26 /Events.aspx Id=7
2014-10-26 /ejn/EJN_Home.aspx -
2014-10-26 /ejn/EJN_Home.aspx -
2014-10-26 /ejn/EJN_Home.aspx -
2014-10-26 /ejn/ -
2014-10-26 /ejn/EJN_Home.aspx -
2014-10-26 /ejn/EJN_AtlasAdvanced.aspx -
2014-10-26 /ejn/ -
2014-10-26 /ejn/AtlasChooseMeasure.aspx Mp=1&Cou=SK&Type=2
2014-10-26 /ejn/AtlasChooseMeasure.aspx Mp=1&Cou=SK&Type=2
2014-10-26 /ejn/EJN_Home.aspx -
2014-10-26 /ejn/ -
2014-10-26 /ejn/EJN_Home.aspx -
2014-10-26 /ejn/NewsAll.aspx Id=5
2014-10-26 /ejn/EJN_Home.aspx -
2014-10-26 /ejn/libcategories.aspx Id=2
2014-10-26 /ejn/EJN_Home.aspx -
2014-10-26 /ejn/EJN_Home.aspx -
2014-10-26 /ejn/EJN_Home.aspx -
2014-10-26 /ejn/EJN_Home.aspx -
2014-10-26 /ejn/ -
2014-10-26 /ejn/AtlasChooseMeasure.aspx Mp=1&Cou=DE&Type=2
2014-10-26 /ejn/AtlasChooseMeasure.aspx Mp=1&Cou=DE&Type=2
2014-10-26 /ejn/AtlasChooseMeasure.aspx Mp=1&Cou=DE&Type=2
2014-10-26 /ejn/AtlasSelection.aspx -
2014-10-26 /ejn/AtlasChooseAuthority.aspx -
2014-10-26 /ejn/AtlasChooseAuthority.aspx -
2014-10-26 /ejn/AtlasAuthorityData.aspx Id=4269
2014-10-26 /ejn/EJN_Home.aspx -
2014-10-26 /ejn/ -
2014-10-26 /ejn/EJN_Home.aspx -
2014-10-26 /ejn/EJN_Home.aspx -
2014-10-26 /ejn/AtlasAuthorityData.aspx Id=4269
2014-10-26 /ejn/AtlasChooseAuthority.aspx -
2014-10-26 /ejn/AtlasChooseAuthority.aspx -
2014-10-26 /ejn/AtlasChooseMeasure.aspx MP=0&Cou=277
2014-10-26 /ejn/AtlasChooseMeasure.aspx MP=0&Cou=277
2014-10-26 /ejn/AtlasChooseMeasure.aspx MP=0&Cou=277
2014-10-26 /ejn/AtlasSelection.aspx -
2014-10-26 /ejn/AtlasChooseAuthority.aspx -
2014-10-26 /ejn/AtlasChooseAuthority.aspx -
2014-10-26 /ejn/AtlasAuthorityData.aspx Id=4227
2014-10-26 /ejn/ -
2014-10-26 /ejn/EJN_AtlasAdvanced.aspx -
2014-10-26 /ejn/libshowdocument.aspx Id=222&Lang=SL
2014-10-26 /ejn/EJN_Home.aspx -
2014-10-26 /ejn/EJN_Home.aspx -
2014-10-26 /ejn/ -
2014-10-26 /ejn/ -
2014-10-26 /ejn/ -
2014-10-26 /ejn/EJN_Home.aspx -
2014-10-26 /ejn/ -
2014-10-26 /ejn/EJN_Home.aspx -
2014-10-26 /ejn/ -
2014-10-26 /ejn/EJN_Home.aspx -
2014-10-26 /ejn/EJN_Home.aspx -
2014-10-26 /ejn/EJN_Home.aspx -
2014-10-26 /ejn/EJN_Home.aspx -
2014-10-26 /ejn/ -
2014-10-26 /ejn/EJN_StaticPage.aspx Bread=39
2014-10-26 /ejn/EJN_Home.aspx -
2014-10-26 /ejn/EJN_Secretariat.aspx -
2014-10-26 /ejn/libshowdocument.aspx Id=222&Lang=LT
2014-10-26 /ejn/EJN_StaticPage.aspx Bread=9
2014-10-26 /ejn/EJN_StaticPage.aspx Bread=13
2014-10-26 /ejn/ -
2014-10-26 /ejn/AtlasChooseCountry.aspx -
2014-10-26 /ejn/EJN_Home.aspx -
2014-10-26 /ejn/AtlasChooseMeasure.aspx MP=1&Cou=UK&Type=2
2014-10-26 /ejn/Events.aspx event=264
2014-10-26 /ejn/EJN_Home.aspx -
2014-10-26 /ejn/AtlasChooseMeasure.aspx MP=1&Cou=UK&Type=2++Culture:ESSessionId:qqeqh5i4kosyzj2d4tzp3lilDate_Time:22:34
2014-10-26 /ejn/EJN_AtlasAdvanced.aspx -
2014-10-26 /ejn/AtlasChooseMeasure.aspx MP=1&Cou=UK&Type=2
2014-10-26 /ejn/AtlasChooseMeasure.aspx MP=1&Cou=UK&Type=2
2014-10-26 /ejn/AtlasChooseMeasure.aspx MP=1&Cou=UK&Type=2
2014-10-26 /ejn/AtlasChooseMeasure.aspx MP=1&Cou=UK&Type=2
2014-10-26 /ejn/AtlasSelection.aspx -
2014-10-26 /ejn/EJN_Home.aspx -
2014-10-26 /ejn/ -
2014-10-26 /ejn/AtlasChooseCountry.aspx -
2014-10-26 /ejn/AtlasChooseMeasure.aspx MP=1&Cou=UK
2014-10-26 /ejn/EJN_Home.aspx -
2014-10-26 /ejn/AtlasChooseMeasure.aspx MP=1&Cou=UK
2014-10-26 /ejn/AtlasChooseMeasure.aspx MP=1&Cou=UK
2014-10-26 /ejn/AtlasChooseMeasure.aspx MP=1&Cou=UK
2014-10-26 /ejn/AtlasSelection.aspx -
2014-10-26 /ejn/EJN_Home.aspx -
2014-10-26 /ejn/AtlasSelection.aspx -
2014-10-26 /ejn/AtlasSelection.aspx -
2014-10-26 /ejn/AtlasAuthorityData.aspx Id=2588
2014-10-26 /ejn/AtlasAuthorityData.aspx Id=2588
2014-10-26 /ejn/AtlasChooseCountry.aspx -
2014-10-26 /ejn/AtlasChooseMeasure.aspx MP=1&Cou=UK
2014-10-26 /ejn/AtlasChooseMeasure.aspx MP=1&Cou=UK
2014-10-26 /ejn/AtlasChooseMeasure.aspx MP=1&Cou=UK
2014-10-26 /ejn/AtlasSelection.aspx -
2014-10-26 /ejn/AtlasChooseCountry.aspx Type=2
2014-10-26 /ejn/EJN_Home.aspx -
2014-10-26 /ejn/EJN_Home.aspx -
2014-10-26 /ejn/AtlasChooseMeasure.aspx MP=1&Cou=UK
2014-10-26 /ejn/AtlasChooseMeasure.aspx MP=1&Cou=UK
2014-10-26 /ejn/AtlasChooseMeasure.aspx -
2014-10-26 /ejn/EJN_Error.aspx -
2014-10-26 /ejn/EJN_Home.aspx -
2014-10-26 /ejn/AtlasChooseMeasure.aspx MP=1&Cou=UK
2014-10-26 /ejn/AtlasChooseMeasure.aspx MP=1&Cou=UK
2014-10-26 /ejn/AtlasSelection.aspx -
2014-10-26 /ejn/AtlasChooseMeasure.aspx -
2014-10-26 /ejn/EJN_Error.aspx -
2014-10-26 /ejn/EJN_Home.aspx -
2014-10-26 /ejn/ -
2014-10-26 /ejn/NewsAll.aspx Id=2
2014-10-26 /ejn/EJN_Home.aspx -
2014-10-26 /ejn/EJN_Home.aspx -
2014-10-26 /ejn/EJN_Home.aspx -
2014-10-26 /ejn/libshowdocument.aspx Id=16&Lang=SL
2014-10-26 /ejn/ -
2014-10-26 /ejn/EJN_AtlasAdvanced.aspx -
2014-10-26 /ejn/EJN_Home.aspx -
2014-10-26 /ejn/EJN_Home.aspx -
2014-10-26 /ejn/EJN_Home.aspx -
2014-10-26 /ejn/ -
2014-10-26 /ejn/EJN_Home.aspx -
2014-10-26 /ejn/ -
2014-10-26 /ejn/EJN_Home.aspx -
2014-10-26 /ejn/EJN_Home.aspx -
2014-10-26 /ejn/EJN_Home.aspx -
2014-10-26 /ejn/EJN_Search.aspx -
2014-10-26 /ejn/EJN_Home.aspx -
2014-10-26 /ejn/EJN_AtlasAdvanced.aspx -
2014-10-26 /ejn/EJN_StaticPage.aspx Bread=19
2014-10-26 /ejn/EJN_Home.aspx -
2014-10-26 /ejn/ -
2014-10-26 /ejn/EJN_Home.aspx -
2014-10-26 /ejn/ -
2014-10-26 /ejn/ -
2014-10-26 /ejn/EJN_Home.aspx -
2014-10-26 /ejn/sitemap.aspx -
2014-10-26 /ejn/EJN_Home.aspx -
2014-10-26 /ejn/EJN_Home.aspx -
2014-10-26 /ejn/EJN_Home.aspx -
2014-10-26 /ejn/EJN_Home.aspx -
2014-10-26 /ejn/ -
2014-10-26 /ejn/EJN_Home.aspx -
2014-10-26 /ejn/ -
2014-10-26 /ejn/EJN_Home.aspx -
2014-10-26 /ejn/EJN_AtlasAdvanced.aspx -
2014-10-26 /ejn/ -
2014-10-26 /ejn/EJN_Home.aspx -
2014-10-26 /ejn/EJN_Home.aspx -
2014-10-26 /ejn/Events.aspx event=264
2014-10-26 /ejn/ -
2014-10-26 /ejn/Events.aspx event=268
2014-10-26 /ejn/ -
2014-10-26 /ejn/libcategories.aspx Id=2
2014-10-26 /ejn/libcategories.aspx id=2
2014-10-26 /ejn/EJN_QuickLinks.aspx -
2014-10-26 /ejn/EJN_Home.aspx -
2014-10-26 /ejn/ -
2014-10-26 /ejn/EJN_QuickLinks.aspx Id=27
2014-10-26 /ejn/EJN_StaticPage.aspx Bread=10
2014-10-26 /ejn/libcategories.aspx Id=34
2014-10-26 /ejn/libcategories.aspx Id=34
2014-10-26 /ejn/libcategories.aspx Id=19
2014-10-26 /ejn/libcategories.aspx Id=21
2014-10-26 /ejn/EJN_Home.aspx -
2014-10-26 /ejn/libcategories.aspx Id=21
2014-10-26 /ejn/libcategories.aspx Id=51
2014-10-26 /ejn/libcategories.aspx Id=51
2014-10-26 /ejn/libcategories.aspx Id=9
2014-10-26 /ejn/ -
2014-10-26 /ejn/libcategories.aspx Id=9
2014-10-26 /ejn/libcategories.aspx Id=10
2014-10-26 /ejn/libcategories.aspx Id=10
2014-10-26 /ejn/libcategories.aspx Id=13
2014-10-26 /ejn/libcategories.aspx Id=13
2014-10-26 /ejn/libcategories.aspx Id=9
2014-10-26 /ejn/libcategories.aspx Id=88
2014-10-26 /ejn/libshowdocument.aspx Id=222&Lang=LT
2014-10-26 /ejn/EJN_Home.aspx -
2014-10-26 /ejn/EJN_Home.aspx -
2014-10-26 /ejn/NewsDetail.aspx id=298&Ori=H
2014-10-26 /ejn/EJN_AtlasAdvanced.aspx -
2014-10-26 /default.aspx -
2014-10-26 /ejn/ -
2014-10-26 /ejn/EJN_StaticPage.aspx Bread=2
2014-10-26 /ejn/EJN_Home.aspx -
2014-10-26 /ejn/ -
2014-10-26 /ejn/EJN_Faqs.aspx -
2014-10-26 /ejn/EJN_Secretariat.aspx -
2014-10-26 /ejn/EJN_Home.aspx -
2014-10-26 /ejn/EJN_StaticPage.aspx Bread=28
2014-10-26 /ejn/EJN_StaticPage.aspx Bread=17
2014-10-26 /ejn/EJN_StaticPage.aspx Bread=21
2014-10-26 /ejn/ -
2014-10-26 /ejn/EJN_Home.aspx -
2014-10-26 /ejn/EJN_Home.aspx -
2014-10-26 /ejn/EJN_Home.aspx -
2014-10-26 /ejn/Events.aspx Id=7
