2015-01-11 /ejn/EJN_Home.aspx -
2015-01-11 /ejn/EJN_Home.aspx -
2015-01-11 /ejn/EJN_Home.aspx -
2015-01-11 /ejn/EJN_AtlasAdvanced.aspx -
2015-01-11 /ejn/ -
2015-01-11 /ejn/EJN_Home.aspx -
2015-01-11 /ejn/EJN_Home.aspx -
2015-01-11 /ejn/EJN_Home.aspx -
2015-01-11 /ejn/EJN_AtlasAdvanced.aspx -
2015-01-11 /ejn/ -
2015-01-11 /ejn/EJN_Home.aspx -
2015-01-11 /ejn/EJN_Home.aspx -
2015-01-11 /ejn/EJN_Home.aspx -
2015-01-11 /ejn/ -
2015-01-11 /ejn/EJN_Home.aspx -
2015-01-11 /ejn/ -
2015-01-11 /ejn/EJN_Home.aspx -
2015-01-11 /ejn/EJN_AtlasAdvanced.aspx -
2015-01-11 /ejn/ -
2015-01-11 /ejn/ -
2015-01-11 /ejn/ -
2015-01-11 /ejn/EJN_Home.aspx -
2015-01-11 /ejn/EJN_Home.aspx -
2015-01-11 /ejn/EJN_Home.aspx -
2015-01-11 /ejn/EJN_Home.aspx -
2015-01-11 /ejn/libshowdocument.aspx Id=1&Lang=RO
2015-01-11 /ejn/EJN_Home.aspx -
2015-01-11 /ejn/ -
2015-01-11 /ejn/EJN_Home.aspx -
2015-01-11 /ejn/EJN_Home.aspx -
2015-01-11 /ejn/EJN_Home.aspx -
2015-01-11 /ejn/EJN_Home.aspx -
2015-01-11 /ejn/EJN_Home.aspx -
2015-01-11 /ejn/EJN_Home.aspx -
2015-01-11 /ejn/EJN_Home.aspx -
2015-01-11 /ejn/EJN_Home.aspx -
2015-01-11 /ejn/EJN_Home.aspx -
2015-01-11 /ejn/EJN_Home.aspx -
2015-01-11 /ejn/EJN_Home.aspx -
2015-01-11 /ejn/EJN_Home.aspx -
2015-01-11 /ejn/EJN_Home.aspx -
2015-01-11 /ejn/EJN_Home.aspx -
2015-01-11 /ejn/EJN_Home.aspx -
2015-01-11 /ejn/EJN_Home.aspx -
2015-01-11 /ejn/libshowdocument.aspx Id=16&Lang=PL
2015-01-11 /ejn/ -
2015-01-11 /ejn/EJN_Home.aspx -
2015-01-11 /ejn/EJN_Home.aspx -
2015-01-11 /ejn/ -
2015-01-11 /ejn/EJN_Home.aspx -
2015-01-11 /ejn/EJN_AtlasAdvanced.aspx -
2015-01-11 /ejn/EJN_Home.aspx -
2015-01-11 /ejn/EJN_Home.aspx -
2015-01-11 /ejn/EJN_Home.aspx -
2015-01-11 /ejn/EJN_Home.aspx -
2015-01-11 /ejn/EJN_Home.aspx -
2015-01-11 /ejn/EJN_Home.aspx -
2015-01-11 /ejn/EJN_Home.aspx -
2015-01-11 /ejn/EJN_Home.aspx -
2015-01-11 /ejn/EJN_Home.aspx -
2015-01-11 /ejn/EJN_Home.aspx -
2015-01-11 /ejn/EJN_Home.aspx -
2015-01-11 /ejn/EJN_Home.aspx -
2015-01-11 /ejn/EJN_Home.aspx -
2015-01-11 /ejn/EJN_Home.aspx -
2015-01-11 /ejn/EJN_Home.aspx -
2015-01-11 /ejn/EJN_Home.aspx -
2015-01-11 /ejn/EJN_Home.aspx -
2015-01-11 /ejn/EJN_Home.aspx -
2015-01-11 /ejn/EJN_Home.aspx -
2015-01-11 /ejn/EJN_Home.aspx -
2015-01-11 /ejn/EJN_Home.aspx -
2015-01-11 /ejn/EJN_Home.aspx -
2015-01-11 /ejn/EJN_Home.aspx -
2015-01-11 /ejn/EJN_Home.aspx -
2015-01-11 /ejn/EJN_Home.aspx -
2015-01-11 /ejn/EJN_Home.aspx -
2015-01-11 /ejn/EJN_Home.aspx -
2015-01-11 /ejn/EJN_Home.aspx -
2015-01-11 /ejn/EJN_Home.aspx -
2015-01-11 /ejn/EJN_News.aspx id=72
2015-01-11 /ejn/NewsDetail.aspx id=249&Ori=H
2015-01-11 /ejn/EJN_News.aspx id=72
2015-01-11 /ejn/EJN_Home.aspx -
2015-01-11 /ejn/EJN_Home.aspx -
2015-01-11 /ejn/ -
2015-01-11 /ejn/ -
2015-01-11 /ejn/EJN_Home.aspx -
2015-01-11 /ejn/EJN_AtlasAdvanced.aspx -
2015-01-11 /ejn/EJN_Home.aspx -
2015-01-11 /ejn/EJN_Home.aspx -
2015-01-11 /ejn/EJN_Home.aspx -
2015-01-11 /ejn/EJN_Home.aspx -
2015-01-11 /ejn/EJN_Home.aspx -
2015-01-11 /ejn/EJN_Home.aspx -
2015-01-11 /ejn/ejn_home.aspx -
2015-01-11 /ejn/EJN_StaticPage.aspx Bread=34
2015-01-11 /ejn/EJN_Home.aspx -
2015-01-11 /ejn/EJN_Home.aspx -
2015-01-11 /ejn/EJN_Home.aspx -
2015-01-11 /ejn/EJN_Home.aspx -
2015-01-11 /ejn/EJN_Home.aspx -
2015-01-11 /ejn/EJN_Home.aspx -
2015-01-11 /ejn/EJN_Home.aspx -
2015-01-11 /ejn/ -
2015-01-11 /ejn/EJN_AtlasAdvanced.aspx -
2015-01-11 /ejn/EJN_Home.aspx -
2015-01-11 /ejn/EJN_Home.aspx -
2015-01-11 /ejn/EJN_Home.aspx -
2015-01-11 /ejn/EJN_Home.aspx -
2015-01-11 /ejn/EJN_Home.aspx -
2015-01-11 /ejn/EJN_Home.aspx -
2015-01-11 /ejn/ -
2015-01-11 /ejn/EJN_Home.aspx -
2015-01-11 /ejn/EJN_StaticPage.aspx Bread=7
2015-01-11 /ejn/EJN_ContactUs.aspx &KeepThis=true&TB_iframe=true&height=650&width=900
2015-01-11 /ejn/ -
2015-01-11 /ejn/EJN_Home.aspx -
2015-01-11 /ejn/EJN_Faqs.aspx -
2015-01-11 /ejn/EJN_Search.aspx -
2015-01-11 /ejn/sitemap.aspx -
2015-01-11 /ejn/EJN_StaticPage.aspx Bread=8
2015-01-11 /ejn/EJN_StaticPage.aspx Bread=4
2015-01-11 /ejn/ejn_home.aspx -
2015-01-11 /ejn/ -
2015-01-11 /ejn/EJN_Home.aspx -
2015-01-11 /ejn/libcategories.aspx Id=25
2015-01-11 /ejn/libcategories.aspx Id=32
2015-01-11 /ejn/libcategories.aspx Id=34
2015-01-11 /ejn/AtlasChooseMeasure.aspx MP=1&Cou=UK&Type=2
2015-01-11 /ejn/EJN_StaticPage.aspx Bread=39
2015-01-11 /ejn/EJN_StaticPage.aspx Bread=2
2015-01-11 /ejn/libcategories.aspx Id=24
2015-01-11 /ejn/EJN_StaticPage.aspx Bread=9
2015-01-11 /ejn/libcategories.aspx Id=14
2015-01-11 /ejn/EJN_Home.aspx -
2015-01-11 /ejn/EJN_StaticPage.aspx Bread=10
2015-01-11 /ejn/Gallery.aspx -
2015-01-11 /ejn/EJN_Secretariat.aspx -
2015-01-11 /ejn/EJN_StaticPage.aspx Bread=28
2015-01-11 /ejn/EJN_StaticPage.aspx Bread=16
2015-01-11 /ejn/EJN_StaticPage.aspx Bread=14
2015-01-11 /ejn/EJN_StaticPage.aspx Bread=17
2015-01-11 /ejn/EJN_StaticPage.aspx Bread=13
2015-01-11 /ejn/EJN_StaticPage.aspx Bread=21
2015-01-11 /ejn/EJN_StaticPage.aspx Bread=27
2015-01-11 /ejn/EJN_StaticPage.aspx Bread=32
2015-01-11 /ejn/EJN_StaticPage.aspx Bread=25
2015-01-11 /ejn/EJN_StaticPage.aspx Bread=30
2015-01-11 /ejn/EJN_StaticPage.aspx Bread=34
2015-01-11 /ejn/EJN_StaticPage.aspx Bread=24
2015-01-11 /ejn/EJN_StaticPage.aspx Bread=31
2015-01-11 /ejn/EJN_StaticPage.aspx Bread=33
2015-01-11 /ejn/EJN_StaticPage.aspx Bread=20
2015-01-11 /ejn/EJN_StaticPage.aspx Bread=35
2015-01-11 /ejn/EJN_StaticPage.aspx Bread=18
2015-01-11 /ejn/EJN_StaticPage.aspx Bread=23
2015-01-11 /ejn/NewsDetail.aspx id=346&Ori=H
2015-01-11 /ejn/EJN_StaticPage.aspx Bread=36
2015-01-11 /ejn/EJN_StaticPage.aspx Bread=37
2015-01-11 /ejn/EJN_StaticPage.aspx Bread=26
2015-01-11 /ejn/NewsDetail.aspx id=344&Ori=H
2015-01-11 /ejn/EJN_StaticPage.aspx Bread=19
2015-01-11 /ejn/NewsDetail.aspx id=352&Ori=H
2015-01-11 /ejn/EJN_StaticPage.aspx Bread=38
2015-01-11 /ejn/EJN_StaticPage.aspx Bread=22
2015-01-11 /ejn/Events.aspx id=7
2015-01-11 /ejn/NewsDetail.aspx id=339&Ori=H
2015-01-11 /ejn/Events.aspx event=322
2015-01-11 /ejn/Events.aspx event=351
2015-01-11 /ejn/NewsAll.aspx Id=1
2015-01-11 /ejn/Events.aspx event=348
2015-01-11 /ejn/NewsAll.aspx Id=2
2015-01-11 /ejn/Events.aspx id=6
2015-01-11 /ejn/Events.aspx event=318
2015-01-11 /ejn/NewsAll.aspx Id=3
2015-01-11 /ejn/NewsAll.aspx Id=5
2015-01-11 /ejn/NewsAll.aspx -
2015-01-11 /ejn/Events.aspx Id=7
2015-01-11 /ejn/Events.aspx -
2015-01-11 /ejn/NewsAll.aspx Id=4
2015-01-11 /ejn/EJN_SubscribeNewsLetter.aspx -
2015-01-11 /ejn/Events.aspx Id=6
2015-01-11 /ejn/ -
2015-01-11 /ejn/ -
2015-01-11 /ejn/ejn_home.aspx -
2015-01-11 /ejn/EJN_InfoAbout.aspx Id=260
2015-01-11 /ejn/EJN_InfoAbout.aspx Id=432
2015-01-11 /ejn/EJN_InfoAbout.aspx Id=273
2015-01-11 /ejn/EJN_InfoAbout.aspx Id=258
2015-01-11 /ejn/EJN_InfoAbout.aspx Id=239
2015-01-11 /ejn/EJN_InfoAbout.aspx Id=269
2015-01-11 /ejn/EJN_InfoAbout.aspx Id=272
2015-01-11 /ejn/EJN_InfoAbout.aspx Id=230
2015-01-11 /ejn/EJN_InfoAbout.aspx Id=223
2015-01-11 /ejn/EJN_InfoAbout.aspx Id=259
2015-01-11 /ejn/EJN_InfoAbout.aspx Id=321
2015-01-11 /ejn/EJN_InfoAbout.aspx Id=287
2015-01-11 /ejn/EJN_InfoAbout.aspx Id=277
2015-01-11 /ejn/EJN_InfoAbout.aspx Id=337
2015-01-11 /ejn/EJN_InfoAbout.aspx Id=279
2015-01-11 /ejn/EJN_InfoAbout.aspx Id=293
2015-01-11 /ejn/EJN_InfoAbout.aspx Id=295
2015-01-11 /ejn/EJN_InfoAbout.aspx Id=313
2015-01-11 /ejn/EJN_InfoAbout.aspx Id=314
2015-01-11 /ejn/EJN_InfoAbout.aspx Id=307
2015-01-11 /ejn/EJN_InfoAbout.aspx Id=354
2015-01-11 /ejn/EJN_InfoAbout.aspx Id=351
2015-01-11 /ejn/EJN_InfoAbout.aspx Id=352
2015-01-11 /ejn/EJN_InfoAbout.aspx Id=395
2015-01-11 /ejn/EJN_InfoAbout.aspx Id=368
2015-01-11 /ejn/EJN_InfoAbout.aspx Id=435
2015-01-11 /ejn/EJN_InfoAbout.aspx Id=369
2015-01-11 /ejn/EJN_InfoAbout.aspx Id=373
2015-01-11 /ejn_tools.aspx -
2015-01-11 /ejn/EJN_InfoAbout.aspx Id=378
2015-01-11 /ejn/EJN_InfoAbout.aspx Id=215
2015-01-11 /ejn/EJN_Home.aspx -
2015-01-11 /ejn/EJN_InfoAbout.aspx Id=433
2015-01-11 /ejn/EJN_InfoAbout.aspx Id=430
2015-01-11 /ejn/EJN_StaticPage.aspx Bread=1
2015-01-11 /ejn/EJN_InfoAbout.aspx Id=364
2015-01-11 /ejn/EJN_InfoAbout.aspx Id=389
2015-01-11 /ejn/EJN_InfoAbout.aspx Id=288
2015-01-11 /ejn/EJN_InfoAbout.aspx Id=434
2015-01-11 /ejn/EJN_Compendium.aspx -
2015-01-11 /ejn/AtlasChooseCountry.aspx Type=2
2015-01-11 /ejn/EJN_InfoAbout.aspx Id=342
2015-01-11 /ejn/EJN_QuickLinks.aspx id=28
2015-01-11 /ejn/EJN_StaticPage.aspx Bread=12
2015-01-11 /ejn/EJN_AtlasAdvanced.aspx -
2015-01-11 /ejn/EJN_Home.aspx -
2015-01-11 /ejn/libcategories.aspx -
2015-01-11 /ejn/EJN_FichesBelges.aspx -
2015-01-11 /ejn/EJN_Login.aspx -
2015-01-11 /ejn/AtlasChooseCountry.aspx Type=1
2015-01-11 /ejn/EJN_QuickLinks.aspx id=23
2015-01-11 /ejn/EJN_StaticPage.aspx Bread=11
2015-01-11 /ejn/EJN_StaticPage.aspx Bread=3
2015-01-11 /ejn/EJN_EAWWizard.aspx -
2015-01-11 /ejn/ejn_staticpage.aspx Bread=8
2015-01-11 /ejn/EJN_QuickLinks.aspx -
2015-01-11 /ejn/EJN_QuickLinks.aspx id=24
2015-01-11 /ejn/EJN_QuickLinks.aspx id=26
2015-01-11 /ejn/EJN_StaticPage.aspx Bread=5
2015-01-11 /ejn/libcategories.aspx Id=2
2015-01-11 /ejn/EJN_QuickLinks.aspx id=25
2015-01-11 /ejn/EJN_QuickLinks.aspx id=27
2015-01-11 /ejn/ejn_staticpage.aspx Bread=7
2015-01-11 /ejn/libdocumentproperties.aspx Id=99
2015-01-11 /ejn/libcategories.aspx id=1
2015-01-11 /ejn/libadvancedsearch.aspx -
2015-01-11 /ejn/EJN_Faqs.aspx cat=1
2015-01-11 /ejn/EJN_Faqs.aspx cat=2
2015-01-11 /ejn/ejn_search.aspx -
2015-01-11 /ejn/ejn_faqs.aspx -
2015-01-11 /ejn/ejn_staticpage.aspx Bread=4
2015-01-11 /ejn/libshowdocument.aspx Id=99&Lang=FI
2015-01-11 /ejn/libshowdocument.aspx Id=99&Lang=ET
2015-01-11 /ejn/libshowdocument.aspx Id=99&Lang=ES
2015-01-11 /ejn/libshowdocument.aspx Id=99&Lang=BG
2015-01-11 /ejn/libshowdocument.aspx Id=99&Lang=EN
2015-01-11 /ejn/libshowdocument.aspx Id=99&Lang=DE
2015-01-11 /ejn/libshowdocument.aspx Id=99&Lang=DK
2015-01-11 /ejn/libshowdocument.aspx Id=99&Lang=FR
2015-01-11 /ejn/EJN_Home.aspx -
2015-01-11 /ejn/libshowdocument.aspx Id=99&Lang=EL
2015-01-11 /ejn/libshowdocument.aspx Id=99&Lang=CS
2015-01-11 /ejn/libshowdocument.aspx Id=99&Lang=IT
2015-01-11 /ejn/libshowdocument.aspx Id=99&Lang=HU
2015-01-11 /ejn/libshowdocument.aspx Id=99&Lang=PL
2015-01-11 /ejn/libshowdocument.aspx Id=99&Lang=LV
2015-01-11 /ejn/libshowdocument.aspx Id=99&Lang=NL
2015-01-11 /ejn/libshowdocument.aspx Id=99&Lang=PT
2015-01-11 /ejn/libshowdocument.aspx Id=99&Lang=MT
2015-01-11 /ejn/libshowdocument.aspx Id=99&Lang=HR
2015-01-11 /ejn/libshowdocument.aspx Id=99&Lang=RO
2015-01-11 /ejn/libshowdocument.aspx Id=99&Lang=LT
2015-01-11 /ejn/libshowdocument.aspx Id=3&Lang=EN
2015-01-11 /ejn/libshowdocument.aspx Id=3&Lang=DE
2015-01-11 /ejn/libshowdocument.aspx Id=3&Lang=CS
2015-01-11 /ejn/libshowdocument.aspx Id=3&Lang=BG
2015-01-11 /ejn/libshowdocument.aspx Id=3&Lang=DK
2015-01-11 /ejn/libshowdocument.aspx Id=99&Lang=SV
2015-01-11 /ejn/libdocumentproperties.aspx Id=3
2015-01-11 /ejn/libshowdocument.aspx Id=3&Lang=EL
2015-01-11 /ejn/libshowdocument.aspx Id=99&Lang=SL
2015-01-11 /ejn/libshowdocument.aspx Id=99&Lang=SK
2015-01-11 /ejn/libshowdocument.aspx Id=3&Lang=HU
2015-01-11 /ejn/libshowdocument.aspx Id=3&Lang=MT
2015-01-11 /ejn/libshowdocument.aspx Id=3&Lang=LV
2015-01-11 /ejn/libshowdocument.aspx Id=3&Lang=FR
2015-01-11 /ejn/libshowdocument.aspx Id=3&Lang=IT
2015-01-11 /ejn/libshowdocument.aspx Id=3&Lang=LT
2015-01-11 /ejn/libshowdocument.aspx Id=3&Lang=FI
2015-01-11 /ejn/libshowdocument.aspx Id=3&Lang=NL
2015-01-11 /ejn/libshowdocument.aspx Id=3&Lang=ET
2015-01-11 /ejn/libshowdocument.aspx Id=3&Lang=ES
2015-01-11 /ejn/EJN_Home.aspx -
2015-01-11 /ejn/libdocumentproperties.aspx Id=781
2015-01-11 /ejn/libshowdocument.aspx Id=3&Lang=PT
2015-01-11 /ejn/libshowdocument.aspx Id=781&Lang=DE
2015-01-11 /ejn/libshowdocument.aspx Id=3&Lang=PL
2015-01-11 /ejn/libshowdocument.aspx Id=3&Lang=SL
2015-01-11 /ejn/libshowdocument.aspx Id=3&Lang=SV
2015-01-11 /ejn/libshowdocument.aspx Id=3&Lang=SK
2015-01-11 /ejn/libshowdocument.aspx Id=3&Lang=RO
2015-01-11 /ejn/libshowdocument.aspx Id=781&Lang=CS
2015-01-11 /ejn/libshowdocument.aspx Id=781&Lang=BG
2015-01-11 /ejn/EJN_Home.aspx -
2015-01-11 /ejn/libshowdocument.aspx Id=781&Lang=DK
2015-01-11 /ejn/EJN_Home.aspx -
2015-01-11 /ejn/ -
2015-01-11 /ejn/libcategories.aspx Id=14
2015-01-11 /ejn/EJN_Home.aspx -
2015-01-11 /ejn/libcategories.aspx -
2015-01-11 /ejn/EJN_Home.aspx -
2015-01-11 /ejn/libcategories.aspx Id=21
2015-01-11 /ejn/EJN_Home.aspx -
2015-01-11 /ejn/EJN_Home.aspx -
2015-01-11 /ejn/EJN_Home.aspx -
2015-01-11 /ejn/EJN_StaticPage.aspx Bread=25
2015-01-11 /ejn/EJN_Home.aspx -
2015-01-11 /ejn/EJN_Home.aspx -
2015-01-11 /ejn/EJN_Home.aspx -
2015-01-11 /ejn/EJN_Home.aspx -
2015-01-11 /ejn/EJN_Home.aspx -
2015-01-11 /ejn/EJN_Home.aspx -
2015-01-11 /ejn/EJN_Home.aspx -
2015-01-11 /ejn/EJN_Home.aspx -
2015-01-11 /ejn/EJN_Home.aspx -
2015-01-11 /ejn/EJN_Home.aspx -
2015-01-11 /ejn/ -
2015-01-11 /ejn/EJN_Home.aspx -
2015-01-11 /ejn/EJN_Home.aspx -
2015-01-11 /ejn/EJN_AtlasAdvanced.aspx -
2015-01-11 /ejn/EJN_Home.aspx -
2015-01-11 /ejn/EJN_Home.aspx -
2015-01-11 /ejn/EJN_Home.aspx -
2015-01-11 /ejn/EJN_Home.aspx -
2015-01-11 /ejn/EJN_ContactUs.aspx -
2015-01-11 /ejn/EJN_Home.aspx -
2015-01-11 /ejn/EJN_Home.aspx -
2015-01-11 /ejn/EJN_Home.aspx -
2015-01-11 /ejn/EJN_Home.aspx -
2015-01-11 /ejn/EJN_Home.aspx -
2015-01-11 /ejn/EJN_Home.aspx -
2015-01-11 /ejn/EJN_Home.aspx -
2015-01-11 /ejn/EJN_Home.aspx -
2015-01-11 /ejn/libcategories.aspx Id=5
2015-01-11 /ejn/EJN_Home.aspx -
2015-01-11 /ejn/EJN_Home.aspx -
2015-01-11 /ejn/EJN_Home.aspx -
2015-01-11 /atlas_advanced.aspx -
2015-01-11 /atlas_advanced.aspx -
2015-01-11 /atlas_advanced.aspx -
2015-01-11 /atlas_advanced.aspx -
2015-01-11 /ejn/ -
2015-01-11 /ejn/EJN_Home.aspx -
2015-01-11 /ejn/AtlasChooseCountry.aspx -
2015-01-11 /ejn/EJN_Home.aspx -
2015-01-11 /ejn/ -
2015-01-11 /ejn/EJN_Home.aspx -
2015-01-11 /ejn/EJN_Home.aspx -
2015-01-11 /ejn/EJN_Home.aspx -
2015-01-11 /ejn/ -
2015-01-11 /ejn/EJN_Home.aspx -
2015-01-11 /ejn/EJN_Home.aspx -
2015-01-11 /ejn/EJN_StaticPage.aspx Bread=12
2015-01-11 /ejn/EJN_Home.aspx -
2015-01-11 /ejn/ -
2015-01-11 /ejn/EJN_Home.aspx -
2015-01-11 /ejn/EJN_Home.aspx -
2015-01-11 /ejn/EJN_Home.aspx -
2015-01-11 /ejn/EJN_AtlasAdvanced.aspx -
2015-01-11 /ejn/EJN_Home.aspx -
2015-01-11 /ejn/EJN_Home.aspx -
2015-01-11 /ejn/EJN_Home.aspx -
2015-01-11 /ejn/EJN_Home.aspx -
2015-01-11 /ejn/EJN_Home.aspx -
2015-01-11 /ejn/EJN_Home.aspx -
2015-01-11 /ejn/EJN_Home.aspx -
2015-01-11 /ejn/EJN_Home.aspx -
2015-01-11 /ejn/EJN_Home.aspx -
2015-01-11 /ejn/EJN_Home.aspx -
2015-01-11 /ejn/EJN_Home.aspx -
2015-01-11 /ejn/EJN_Home.aspx -
2015-01-11 /ejn/EJN_Home.aspx -
2015-01-11 /ejn/EJN_Home.aspx -
2015-01-11 /ejn/EJN_Home.aspx -
2015-01-11 /ejn/EJN_Home.aspx -
2015-01-11 /ejn/EJN_Home.aspx -
2015-01-11 /ejn/EJN_Home.aspx -
2015-01-11 /ejn/EJN_Home.aspx -
2015-01-11 /ejn/EJN_Home.aspx -
2015-01-11 /ejn/EJN_Home.aspx -
2015-01-11 /ejn/ -
2015-01-11 /ejn/EJN_Home.aspx -
2015-01-11 /ejn/EJN_Home.aspx -
2015-01-11 /ejn/ -
2015-01-11 /ejn/EJN_Home.aspx -
2015-01-11 /ejn/EJN_AtlasAdvanced.aspx -
2015-01-11 /ejn/ -
2015-01-11 /ejn/ -
2015-01-11 /ejn/EJN_Home.aspx -
2015-01-11 /ejn/EJN_Home.aspx -
2015-01-11 /ejn/EJN_Home.aspx -
2015-01-11 /ejn/EJN_Home.aspx -
2015-01-11 /ejn/EJN_Home.aspx -
2015-01-11 /ejn/EJN_QuickLinks.aspx id=28
2015-01-11 /ejn/EJN_Home.aspx -
2015-01-11 /ejn/EJN_Home.aspx -
2015-01-11 /ejn/EJN_Home.aspx -
2015-01-11 /eaw_atlas_old.aspx ctyCode=DE
2015-01-11 /ejn/EJN_Home.aspx -
2015-01-11 /ejn/ -
2015-01-11 /forms.aspx -
2015-01-11 /ejn/ -
2015-01-11 /ejn/ -
2015-01-11 /ejn/EJN_Home.aspx -
2015-01-11 /ejn/ -
2015-01-11 /ejn/EJN_Home.aspx -
2015-01-11 /ejn/EJN_Home.aspx -
2015-01-11 /ejn/libcategories.aspx Id=14
2015-01-11 /ejn/EJN_Home.aspx -
2015-01-11 /ejn/EJN_StaticPage.aspx Bread=8
2015-01-11 /ejn/EJN_StaticPage.aspx Bread=7
2015-01-11 /ejn/sitemap.aspx -
2015-01-11 /ejn/EJN_Faqs.aspx -
2015-01-11 /ejn/EJN_Search.aspx -
2015-01-11 /ejn/EJN_ContactUs.aspx &KeepThis=true&TB_iframe=true&height=650&width=900
2015-01-11 /ejn/EJN_StaticPage.aspx Bread=4
2015-01-11 /ejn/ejn_home.aspx -
2015-01-11 /ejn/libcategories.aspx Id=24
2015-01-11 /ejn/libcategories.aspx Id=24
2015-01-11 /ejn/EJN_InfoAbout.aspx Id=138539
2015-01-11 /ejn/EJN_InfoAbout.aspx Id=138539
2015-01-11 /ejn/EJN_Home.aspx -
2015-01-11 /ejn/libcategories.aspx Id=14
2015-01-11 /ejn/libcategories.aspx Id=24
2015-01-11 /ejn/ -
2015-01-11 /ejn/EJN_Secretariat.aspx -
2015-01-11 /ejn/EJN_StaticPage.aspx Bread=13
2015-01-11 /ejn/Gallery.aspx -
2015-01-11 /ejn/EJN_StaticPage.aspx Bread=14
2015-01-11 /ejn/EJN_StaticPage.aspx Bread=10
2015-01-11 /ejn/EJN_StaticPage.aspx Bread=16
2015-01-11 /ejn/EJN_StaticPage.aspx Bread=27
2015-01-11 /ejn/EJN_StaticPage.aspx Bread=28
2015-01-11 /ejn/EJN_StaticPage.aspx Bread=17
2015-01-11 /ejn/EJN_StaticPage.aspx Bread=21
2015-01-11 /ejn/EJN_StaticPage.aspx Bread=30
2015-01-11 /ejn/EJN_StaticPage.aspx Bread=20
2015-01-11 /ejn/EJN_StaticPage.aspx Bread=24
2015-01-11 /ejn/EJN_StaticPage.aspx Bread=25
2015-01-11 /ejn/EJN_StaticPage.aspx Bread=18
2015-01-11 /ejn/EJN_StaticPage.aspx Bread=31
2015-01-11 /ejn/EJN_Home.aspx -
2015-01-11 /ejn/EJN_Home.aspx -
2015-01-11 /ejn/EJN_EAWAtlasOld.aspx ctyCode=BE
2015-01-11 /ejn/EJN_Home.aspx -
2015-01-11 /ejn/EJN_AtlasAdvanced.aspx -
2015-01-11 /ejn/EJN_Home.aspx -
2015-01-11 /ejn/EJN_Home.aspx -
2015-01-11 /ejn/EJN_Home.aspx -
2015-01-11 /ejn/ -
2015-01-11 /ejn/EJN_Home.aspx -
2015-01-11 /ejn/NewsDetail.aspx id=54
2015-01-11 /ejn/EJN_Home.aspx -
2015-01-11 /ejn/EJN_Home.aspx -
2015-01-11 /ejn/EJN_Home.aspx -
2015-01-11 /ejn/EJN_Home.aspx -
2015-01-11 /ejn/EJN_Home.aspx -
2015-01-11 /ejn/ -
2015-01-11 /ejn/EJN_Home.aspx -
2015-01-11 /ejn/EJN_Home.aspx -
2015-01-11 /ejn/ -
2015-01-11 /ejn/EJN_Home.aspx -
2015-01-11 /ejn/EJN_AtlasAdvanced.aspx -
2015-01-11 /ejn/libcategories.aspx -
2015-01-11 /ejn/EJN_Home.aspx -
2015-01-11 /ejn/libcategories.aspx -
2015-01-11 /ejn/ -
2015-01-11 /ejn/ -
2015-01-11 /ejn/EJN_Home.aspx -
2015-01-11 /ejn/EJN_Home.aspx -
2015-01-11 /ejn/EJN_Home.aspx -
2015-01-11 /ejn/EJN_Home.aspx -
2015-01-11 /ejn/EJN_Home.aspx -
2015-01-11 /ejn/EJN_Home.aspx -
2015-01-11 /ejn/EJN_Home.aspx -
2015-01-11 /ejn/EJN_Home.aspx -
2015-01-11 /ejn/EJN_Home.aspx -
2015-01-11 /ejn/EJN_Home.aspx -
2015-01-11 /ejn/EJN_Home.aspx -
2015-01-11 /ejn/EJN_Home.aspx -
2015-01-11 /ejn/EJN_Home.aspx -
2015-01-11 /ejn/EJN_Home.aspx -
2015-01-11 /ejn/EJN_Home.aspx -
2015-01-11 /ejn/EJN_Home.aspx -
2015-01-11 /ejn/EJN_Home.aspx -
2015-01-11 /ejn/EJN_Home.aspx -
2015-01-11 /ejn/EJN_Home.aspx -
2015-01-11 /ejn/EJN_Home.aspx -
2015-01-11 /ejn/EJN_Home.aspx -
2015-01-11 /ejn/EJN_Home.aspx -
2015-01-11 /ejn/ -
2015-01-11 /ejn/EJN_Home.aspx -
2015-01-11 /ejn/EJN_Home.aspx -
2015-01-11 /ejn/ -
2015-01-11 /ejn/ -
2015-01-11 /ejn/EJN_Home.aspx -
2015-01-11 /ejn/EJN_AtlasAdvanced.aspx -
2015-01-11 /ejn/EJN_Home.aspx -
2015-01-11 /ejn/EJN_Home.aspx -
2015-01-11 /ejn/EJN_Home.aspx -
2015-01-11 /ejn/EJN_Home.aspx -
2015-01-11 /ejn/EJN_Home.aspx -
2015-01-11 /ejn/EJN_Home.aspx -
2015-01-11 /ejn/ -
2015-01-11 /ejn/EJN_StaticPage.aspx Bread=19
2015-01-11 /ejn/EJN_Home.aspx -
2015-01-11 /ejn/EJN_QuickLinks.aspx id=25
2015-01-11 /ejn/NewsAll.aspx Id=3
2015-01-11 /ejn/libcategories.aspx Id=2
2015-01-11 /ejn/EJN_StaticPage.aspx Bread=31
2015-01-11 /ejn/EJN_QuickLinks.aspx -
2015-01-11 /ejn/NewsAll.aspx -
2015-01-11 /ejn/EJN_StaticPage.aspx Bread=2
2015-01-11 /ejn/EJN_StaticPage.aspx Bread=34
2015-01-11 /ejn/EJN_StaticPage.aspx Bread=36
2015-01-11 /ejn/NewsDetail.aspx id=352&Ori=H
2015-01-11 /ejn/Events.aspx event=348
2015-01-11 /ejn/EJN_StaticPage.aspx Bread=24
2015-01-11 /ejn/NewsAll.aspx Id=4
2015-01-11 /ejn/EJN_QuickLinks.aspx id=26
2015-01-11 /ejn/EJN_StaticPage.aspx Bread=3
2015-01-11 /ejn/NewsAll.aspx Id=2
2015-01-11 /ejn/EJN_StaticPage.aspx Bread=25
2015-01-11 /ejn/NewsDetail.aspx id=339&Ori=H
2015-01-11 /ejn/EJN_QuickLinks.aspx id=28
2015-01-11 /ejn/libcategories.aspx Id=14
2015-01-11 /ejn/EJN_QuickLinks.aspx id=24
2015-01-11 /ejn/EJN_StaticPage.aspx Bread=14
2015-01-11 /ejn/EJN_StaticPage.aspx Bread=20
2015-01-11 /ejn/EJN_QuickLinks.aspx id=27
2015-01-11 /ejn/EJN_StaticPage.aspx Bread=23
2015-01-11 /ejn/EJN_SubscribeNewsLetter.aspx -
2015-01-11 /ejn/EJN_StaticPage.aspx Bread=28
2015-01-11 /ejn/EJN_Secretariat.aspx -
2015-01-11 /ejn/EJN_Compendium.aspx -
2015-01-11 /ejn/Events.aspx event=351
2015-01-11 /ejn/EJN_StaticPage.aspx Bread=21
2015-01-11 /ejn/EJN_StaticPage.aspx Bread=11
2015-01-11 /ejn/Events.aspx Id=7
2015-01-11 /ejn/EJN_StaticPage.aspx Bread=18
2015-01-11 /ejn/EJN_StaticPage.aspx Bread=39
2015-01-11 /ejn/EJN_StaticPage.aspx Bread=33
2015-01-11 /ejn/EJN_StaticPage.aspx Bread=13
2015-01-11 /ejn/EJN_StaticPage.aspx Bread=16
2015-01-11 /ejn/EJN_StaticPage.aspx Bread=38
2015-01-11 /ejn/EJN_StaticPage.aspx Bread=7
2015-01-11 /ejn/EJN_StaticPage.aspx Bread=9
2015-01-11 /ejn/libshowdocument.aspx Id=13&Lang=HU
2015-01-11 /ejn/EJN_Home.aspx -
2015-01-11 /ejn/EJN_Home.aspx -
2015-01-11 /ejn/EJN_Home.aspx -
2015-01-11 /ejn/EJN_Home.aspx -
2015-01-11 /ejn/EJN_Home.aspx -
2015-01-11 /ejn/EJN_Home.aspx -
2015-01-11 /ejn/EJN_Home.aspx -
2015-01-11 /ejn/EJN_Home.aspx -
2015-01-11 /ejn/EJN_Home.aspx -
2015-01-11 /ejn/ -
2015-01-11 /ejn/EJN_Home.aspx -
2015-01-11 /ejn/EJN_Home.aspx -
2015-01-11 /ejn/EJN_Home.aspx -
2015-01-11 /ejn/EJN_Home.aspx -
2015-01-11 /ejn/EJN_Home.aspx -
2015-01-11 /ejn/EJN_Home.aspx -
2015-01-11 /ejn/EJN_Home.aspx -
2015-01-11 /ejn/EJN_Home.aspx -
2015-01-11 /ejn/EJN_Home.aspx -
2015-01-11 /ejn/EJN_Home.aspx -
2015-01-11 /ejn/EJN_Home.aspx -
2015-01-11 /ejn/ -
2015-01-11 /ejn/EJN_Home.aspx -
2015-01-11 /ejn/EJN_Home.aspx -
2015-01-11 /ejn/EJN_Home.aspx -
2015-01-11 /ejn/EJN_AtlasAdvanced.aspx -
2015-01-11 /ejn/EJN_Home.aspx -
2015-01-11 /ejn/EJN_Home.aspx -
2015-01-11 /ejn/EJN_Home.aspx -
2015-01-11 /ejn/EJN_Compendium.aspx -
2015-01-11 /ejn/EJN_Home.aspx -
2015-01-11 /ejn/EJN_Home.aspx -
2015-01-11 /ejn/EJN_Home.aspx -
2015-01-11 /ejn/EJN_Home.aspx -
2015-01-11 /ejn/EJN_StaticPage.aspx Bread=2
2015-01-11 /ejn/EJN_Home.aspx -
2015-01-11 /ejn/EJN_Home.aspx -
2015-01-11 /ejn/EJN_Home.aspx -
2015-01-11 /ejn/EJN_Home.aspx -
2015-01-11 /ejn/EJN_Home.aspx -
2015-01-11 /ejn/EJN_Home.aspx -
2015-01-11 /ejn/EJN_Home.aspx -
2015-01-11 /ejn/EJN_Home.aspx -
2015-01-11 /ejn/EJN_Home.aspx -
2015-01-11 /ejn/EJN_Home.aspx -
2015-01-11 /ejn/EJN_Home.aspx -
2015-01-11 /ejn/EJN_Home.aspx -
2015-01-11 /ejn/ -
2015-01-11 /ejn/EJN_Home.aspx -
2015-01-11 /ejn/ -
2015-01-11 /ejn/ -
2015-01-11 /ejn/AtlasChooseCountry.aspx Type=2
2015-01-11 /ejn/AtlasChooseMeasure.aspx MP=1&Cou=BG
2015-01-11 /ejn/AtlasChooseMeasure.aspx MP=1&Cou=BG
2015-01-11 /ejn/AtlasChooseMeasure.aspx MP=1&Cou=BG
2015-01-11 /ejn/AtlasChooseMeasure.aspx MP=1&Cou=BG
2015-01-11 /ejn/AtlasChooseMeasure.aspx MP=1&Cou=BG
2015-01-11 /ejn/AtlasSelection.aspx -
2015-01-11 /ejn/AtlasChooseAuthority.aspx -
2015-01-11 /ejn/AtlasChooseAuthority.aspx/GetLocations -
2015-01-11 /ejn/AtlasChooseAuthority.aspx -
2015-01-11 /ejn/AtlasChooseAuthority.aspx -
2015-01-11 /ejn/EJN_Home.aspx -
2015-01-11 /ejn/AtlasChooseAuthority.aspx -
2015-01-11 /ejn/AtlasChooseAuthority.aspx -
2015-01-11 /ejn/AtlasChooseAuthority.aspx/GetLocations -
2015-01-11 /ejn/AtlasChooseAuthority.aspx -
2015-01-11 /ejn/AtlasAuthorityData.aspx Id=2550
2015-01-11 /ejn/AtlasChooseAuthority.aspx -
2015-01-11 /ejn/AtlasAuthorityData.aspx Id=2550
2015-01-11 /ejn/EJN_Home.aspx -
2015-01-11 /ejn/EJN_Home.aspx -
2015-01-11 /ejn/EJN_Home.aspx -
2015-01-11 /ejn/ -
2015-01-11 /ejn/ -
2015-01-11 /ejn/EJN_Home.aspx -
2015-01-11 /ejn/ -
2015-01-11 /ejn/EJN_Home.aspx -
2015-01-11 /ejn/EJN_Home.aspx -
2015-01-11 /ejn/ -
2015-01-11 /ejn/ ++Culture:ELSessionId:j1tjyvztoeeytbofrvemkxvmDate_Time:11:21+??
2015-01-11 /ejn/AtlasChooseMeasure.aspx Mp=1&Cou=BG&Type=2
2015-01-11 /ejn/AtlasChooseMeasure.aspx Mp=1&Cou=BG&Type=2
2015-01-11 /ejn/AtlasChooseMeasure.aspx Mp=1&Cou=BG&Type=2
2015-01-11 /ejn/AtlasChooseCountry.aspx Type=2
2015-01-11 /ejn/EJN_Home.aspx -
2015-01-11 /ejn/AtlasChooseMeasure.aspx MP=1&Cou=BG
2015-01-11 /ejn/AtlasChooseMeasure.aspx MP=1&Cou=BG
2015-01-11 /ejn/AtlasChooseMeasure.aspx MP=1&Cou=BG
2015-01-11 /ejn/AtlasChooseMeasure.aspx MP=1&Cou=BG
2015-01-11 /ejn/EJN_FichesBelgesResult.aspx measure=709&country=239&other=-1
2015-01-11 /ejn/EJN_FichesBelgesResult.aspx measure=701&country=239&other=-1
2015-01-11 /ejn/EJN_FichesBelgesResult.aspx measure=713&country=239&other=-1
2015-01-11 /ejn/AtlasChooseMeasure.aspx MP=1&Cou=BG
2015-01-11 /ejn/EJN_FichesBelgesResult.aspx measure=404&country=239&other=-1
2015-01-11 /ejn/EJN_AtlasAdvanced.aspx -
2015-01-11 /ejn/AtlasChooseMeasure.aspx MP=1&Cou=BG
2015-01-11 /ejn/EJN_FichesBelgesResult.aspx measure=101&country=239&other=-1
2015-01-11 /ejn/EJN_Home.aspx -
2015-01-11 /ejn/AtlasChooseMeasure.aspx MP=1&Cou=BG
2015-01-11 /ejn/EJN_FichesBelgesResult.aspx measure=710&country=239&other=-1
2015-01-11 /ejn/AtlasChooseMeasure.aspx Mp=1&Cou=BG&Type=2
2015-01-11 /ejn/ -
2015-01-11 /ejn/AtlasChooseMeasure.aspx Mp=1&Cou=FR&Type=2
2015-01-11 /ejn/AtlasChooseMeasure.aspx Mp=1&Cou=FR&Type=2
2015-01-11 /ejn/EJN_FichesBelgesResult.aspx measure=710&country=273&other=-1
2015-01-11 /ejn/EJN_Home.aspx -
2015-01-11 /ejn/EJN_FichesBelgesResult.aspx measure=709&country=273&other=-1
2015-01-11 /ejn/EJN_FichesBelgesGuide.aspx -
2015-01-11 /ejn/EJN_Home.aspx -
2015-01-11 /ejn/EJN_FichesBelgesTable.aspx -
2015-01-11 /ejn/AtlasChooseCountry.aspx Type=2
2015-01-11 /ejn/AtlasChooseMeasure.aspx MP=1&Cou=BG
2015-01-11 /ejn/AtlasChooseMeasure.aspx MP=1&Cou=BG
2015-01-11 /ejn/AtlasChooseMeasure.aspx MP=1&Cou=BG
2015-01-11 /ejn/EJN_Home.aspx -
2015-01-11 /ejn/EJN_Compendium.aspx -
2015-01-11 /ejn/EJN_FichesBelges.aspx -
2015-01-11 /ejn/EJN_FichesBelges.aspx -
2015-01-11 /ejn/EJN_FichesBelges.aspx -
2015-01-11 /ejn/EJN_FichesBelges.aspx -
2015-01-11 /ejn/EJN_FichesBelgesTable.aspx -
2015-01-11 /ejn/EJN_Home.aspx -
2015-01-11 /ejn/EJN_FichesBelges.aspx -
2015-01-11 /ejn/EJN_FichesBelgesResult.aspx measure=710&country=239&other=239
2015-01-11 /ejn/EJN_FichesBelgesGuide.aspx -
2015-01-11 /ejn/EJN_Home.aspx -
2015-01-11 /ejn/EJN_Home.aspx -
2015-01-11 /ejn/EJN_Search.aspx -
2015-01-11 /ejn/EJN_Home.aspx -
2015-01-11 /ejn/libcategories.aspx Id=14
2015-01-11 /ejn/EJN_Home.aspx -
2015-01-11 /ejn/EJN_StaticPage.aspx Bread=8
2015-01-11 /ejn/EJN_StaticPage.aspx Bread=7
2015-01-11 /ejn/sitemap.aspx -
2015-01-11 /ejn/EJN_Faqs.aspx -
2015-01-11 /ejn/EJN_Search.aspx -
2015-01-11 /ejn/EJN_ContactUs.aspx &KeepThis=true&TB_iframe=true&height=650&width=900
2015-01-11 /ejn/EJN_StaticPage.aspx Bread=4
2015-01-11 /ejn/ejn_home.aspx -
2015-01-11 /ejn/libcategories.aspx Id=24
2015-01-11 /ejn/libcategories.aspx Id=24
2015-01-11 /ejn/EJN_InfoAbout.aspx Id=5476
2015-01-11 /ejn/EJN_InfoAbout.aspx Id=5476
2015-01-11 /ejn/EJN_Home.aspx -
2015-01-11 /ejn/libcategories.aspx Id=14
2015-01-11 /ejn/libcategories.aspx Id=24
2015-01-11 /ejn/ -
2015-01-11 /ejn/EJN_Secretariat.aspx -
2015-01-11 /ejn/EJN_StaticPage.aspx Bread=13
2015-01-11 /ejn/Gallery.aspx -
2015-01-11 /ejn/EJN_StaticPage.aspx Bread=14
2015-01-11 /ejn/EJN_StaticPage.aspx Bread=10
2015-01-11 /ejn/EJN_StaticPage.aspx Bread=16
2015-01-11 /ejn/EJN_StaticPage.aspx Bread=27
2015-01-11 /ejn/EJN_StaticPage.aspx Bread=28
2015-01-11 /ejn/EJN_StaticPage.aspx Bread=17
2015-01-11 /ejn/EJN_StaticPage.aspx Bread=21
2015-01-11 /ejn/EJN_StaticPage.aspx Bread=30
2015-01-11 /ejn/EJN_StaticPage.aspx Bread=20
2015-01-11 /ejn/EJN_StaticPage.aspx Bread=24
2015-01-11 /ejn/EJN_StaticPage.aspx Bread=25
2015-01-11 /ejn/EJN_StaticPage.aspx Bread=18
2015-01-11 /ejn/EJN_StaticPage.aspx Bread=31
2015-01-11 /ejn/ -
2015-01-11 /ejn/EJN_Home.aspx -
2015-01-11 /ejn/ ++Culture:DESessionId:a3widopcsdr4kti1fhkmgeejDate_Time:11:38
2015-01-11 /ejn/ -
2015-01-11 /ejn/EJN_Home.aspx -
2015-01-11 /ejn/ -
2015-01-11 /ejn/EJN_InfoAbout.aspx Id=279
2015-01-11 /ejn/EJN_StaticPage.aspx Bread=24
2015-01-11 /ejn/AtlasChooseCountry.aspx Type=1
2015-01-11 /ejn/AtlasChooseMeasure.aspx MP=0&Cou=279
2015-01-11 /ejn/AtlasSelection.aspx -
2015-01-11 /ejn/EJN_Home.aspx -
2015-01-11 /ejn/EJN_Home.aspx -
2015-01-11 /ejn/EJN_Home.aspx -
2015-01-11 /ejn/EJN_Home.aspx -
2015-01-11 /ejn/EJN_Home.aspx -
2015-01-11 /ejn/EJN_Home.aspx -
2015-01-11 /ejn/ -
2015-01-11 /ejn/EJN_Home.aspx -
2015-01-11 /ejn/EJN_InfoAbout.aspx Id=259
2015-01-11 /ejn/EJN_InfoAbout.aspx Id=259++Culture:ROSessionId:etduqkcs3pk5oit4oeidrcveDate_Time:11:49
2015-01-11 /ejn/EJN_Home.aspx -
2015-01-11 /ejn/libcategories.aspx Id=32
2015-01-11 /ejn/libdocumentproperties.aspx Id=631
2015-01-11 /ejn/libdocumentproperties.aspx Id=631
2015-01-11 /ejn/ -
2015-01-11 /ejn/EJN_AtlasAdvanced.aspx -
2015-01-11 /ejn/ -
2015-01-11 /ejn/ -
2015-01-11 /ejn/ejn_home.aspx -
2015-01-11 /ejn/ejn_home.aspx -
2015-01-11 /ejn/EJN_Compendium.aspx -
2015-01-11 /ejn/EJN_Home.aspx -
2015-01-11 /ejn/EJN_StaticPage.aspx Bread=10
2015-01-11 /ejn/libcategories.aspx -
2015-01-11 /ejn/EJN_StaticPage.aspx Bread=11
2015-01-11 /ejn/EJN_FichesBelges.aspx -
2015-01-11 /ejn/EJN_QuickLinks.aspx id=24
2015-01-11 /ejn/EJN_QuickLinks.aspx id=25
2015-01-11 /ejn/EJN_StaticPage.aspx Bread=21
2015-01-11 /ejn/EJN_Home.aspx -
2015-01-11 /ejn/EJN_AtlasAdvanced.aspx -
2015-01-11 /ejn/ -
2015-01-11 /ejn/EJN_Home.aspx -
2015-01-11 /ejn/libshowdocument.aspx Id=1&Lang=ET
2015-01-11 /ejn/AtlasChooseCountry.aspx Type=2
2015-01-11 /ejn/AtlasChooseMeasure.aspx MP=0&Cou=259
2015-01-11 /ejn/EJN_EAWWizard.aspx -
2015-01-11 /ejn/ctrls.eawwizard/IframeEngine.aspx -
2015-01-11 /ejn/EJN_Home.aspx -
2015-01-11 /ejn/EJN_EAWWizard.aspx -
2015-01-11 /ejn/ctrls.eawwizard/IframeEngine.aspx -
2015-01-11 /ejn/EJN_FichesBelges.aspx -
2015-01-11 /ejn/EJN_FichesBelges.aspx -
2015-01-11 /ejn/EJN_FichesBelges.aspx -
2015-01-11 /ejn/EJN_FichesBelgesResult.aspx measure=901&country=354&other=259
2015-01-11 /ejn/libcategories.aspx Id=5
2015-01-11 /ejn/libcategories.aspx Id=8
2015-01-11 /ejn/libshowdocument.aspx Id=388&Lang=RO
2015-01-11 /ejn/libshowdocument.aspx Id=1499&Lang=RO
2015-01-11 /ejn/EJN_Home.aspx -
2015-01-11 /ejn/EJN_Home.aspx -
2015-01-11 /ejn/EJN_Home.aspx -
2015-01-11 /ejn/EJN_Home.aspx -
2015-01-11 /ejn/EJN_Home.aspx -
2015-01-11 /ejn/EJN_Home.aspx -
2015-01-11 /ejn/EJN_InfoAbout.aspx Id=259
2015-01-11 /ejn/libcategories.aspx Id=32
2015-01-11 /ejn/AtlasChooseMeasure.aspx Mp=1&Cou=CZ&Type=2
2015-01-11 /ejn/AtlasChooseMeasure.aspx Mp=1&Cou=CZ&Type=2
2015-01-11 /ejn/EJN_Home.aspx -
2015-01-11 /ejn/AtlasChooseMeasure.aspx Mp=1&Cou=CZ&Type=2
2015-01-11 /ejn/AtlasSelection.aspx -
2015-01-11 /ejn/AtlasSelection.aspx -
2015-01-11 /ejn/AtlasSelection.aspx -
2015-01-11 /ejn/AtlasChooseAuthority.aspx -
2015-01-11 /ejn/AtlasChooseAuthority.aspx/GetLocations -
2015-01-11 /ejn/EJN_Home.aspx -
2015-01-11 /ejn/AtlasChooseAuthority.aspx -
2015-01-11 /ejn/AtlasChooseAuthority.aspx -
2015-01-11 /ejn/AtlasSelection.aspx -
2015-01-11 /ejn/AtlasSelection.aspx -
2015-01-11 /ejn/AtlasChooseMeasure.aspx Mp=1&Cou=CZ&Type=2
2015-01-11 /ejn/AtlasChooseMeasure.aspx Mp=1&Cou=CZ&Type=2
2015-01-11 /ejn/AtlasChooseMeasure.aspx Mp=1&Cou=CZ&Type=2
2015-01-11 /ejn/AtlasChooseMeasure.aspx Mp=1&Cou=CZ&Type=2
2015-01-11 /ejn/AtlasSelection.aspx -
2015-01-11 /ejn/AtlasSelection.aspx -
2015-01-11 /ejn/AtlasSelection.aspx -
2015-01-11 /ejn/AtlasChooseAuthority.aspx -
2015-01-11 /ejn/AtlasChooseAuthority.aspx/GetLocations -
2015-01-11 /ejn/AtlasChooseAuthority.aspx/GetLocations -
2015-01-11 /ejn/AtlasChooseAuthority.aspx -
2015-01-11 /ejn/AtlasAuthorityData.aspx Id=81
2015-01-11 /ejn/EJN_Home.aspx -
2015-01-11 /ejn/EJN_Home.aspx -
2015-01-11 /ejn/AtlasAuthorityData.aspx Id=81
2015-01-11 /ejn/AtlasAuthorityData.aspx Id=81
2015-01-11 /ejn/AtlasAuthorityData.aspx Id=81
2015-01-11 /ejn/AtlasAuthorityData.aspx Id=81
2015-01-11 /ejn/AtlasAuthorityData.aspx Id=81
2015-01-11 /ejn/AtlasAuthorityData.aspx Id=81
2015-01-11 /ejn/AtlasAuthorityData.aspx Id=81
2015-01-11 /ejn/EJN_Compendium.aspx authId=81
2015-01-11 /ejn/ctrls.compendium/IframeEngine.aspx -
2015-01-11 /ejn/ctrls.compendium/iframeEngine.aspx remoteFunction=getAuthority&Id=81&callback=loadRequestedAuth_cb
2015-01-11 /ejn/EJNAtlasAdvanced.aspxabout:Tabs -
2015-01-11 /ejn/ -
2015-01-11 /ejn/ejn_home.aspx -
2015-01-11 /ejn/EJN_StaticPage.aspx Bread=2
2015-01-11 /ejn/ -
2015-01-11 /ejn/EJN_Home.aspx -
2015-01-11 /ejn/EJN_ContactUs.aspx &KeepThis=true&
2015-01-11 /ejn/EJN_Home.aspx -
2015-01-11 /ejn/AtlasChooseMeasure.aspx Mp=1&Cou=CZ&Type=2
2015-01-11 /ejn/AtlasChooseMeasure.aspx Mp=1&Cou=CZ&Type=2
2015-01-11 /ejn/AtlasChooseMeasure.aspx Mp=1&Cou=CZ&Type=2
2015-01-11 /ejn/AtlasSelection.aspx -
2015-01-11 /ejn/AtlasAuthorityData.aspx Id=1701
2015-01-11 /ejn/AtlasAuthorityData.aspx Id=1701
2015-01-11 /ejn/EJN_Compendium.aspx authId=1701
2015-01-11 /ejn/ctrls.compendium/IframeEngine.aspx -
2015-01-11 /ejn/ctrls.compendium/iframeEngine.aspx remoteFunction=getAuthority&Id=1701&callback=loadRequestedAuth_cb
2015-01-11 /ejn/EJN_Home.aspx -
2015-01-11 /ejn/EJN_QuickLinks.aspx id=24
2015-01-11 /ejn/EJN_Home.aspx -
2015-01-11 /ejn/EJN_Home.aspx -
2015-01-11 /ejn/EJN_AtlasAdvanced.aspx -
2015-01-11 /ejn/EJN_Home.aspx -
2015-01-11 /ejn/EJN_Home.aspx -
2015-01-11 /ejn/EJN_Home.aspx -
2015-01-11 /ejn/EJN_Home.aspx -
2015-01-11 /ejn/EJN_Home.aspx -
2015-01-11 /ejn/ -
2015-01-11 /ejn/ ++Culture:CSSessionId:swc304j3bplizobcz3exusttDate_Time:12:34
2015-01-11 /ejn/ -
2015-01-11 /ejn/ -
2015-01-11 /ejn/EJN_InfoAbout.aspx Id=351
2015-01-11 /ejn/ -
2015-01-11 /ejn/ -
2015-01-11 /ejn/ -
2015-01-11 /ejn/EJN_InfoAbout.aspx Id=351
2015-01-11 /ejn/ ++Culture:ELSessionId:iwzkuun5tluvpy402s3qwyfhDate_Time:12:36+??
2015-01-11 /ejn/ -
2015-01-11 /ejn/ -
2015-01-11 /ejn/ -
2015-01-11 /ejn/EJN_InfoAbout.aspx Id=351++Culture:ITSessionId:tbge0pgb4wjmsqxzixtqaxcrDate_Time:12:36
2015-01-11 /ejn/ -
2015-01-11 /ejn/ -
2015-01-11 /ejn/EJN_Home.aspx -
2015-01-11 /ejn/EJN_Home.aspx -
2015-01-11 /ejn/EJN_Home.aspx -
2015-01-11 /ejn/EJN_Home.aspx -
2015-01-11 /ejn/EJN_Home.aspx -
2015-01-11 /ejn/EJN_Home.aspx -
2015-01-11 /ejn/EJN_Home.aspx -
2015-01-11 /ejn/EJN_Home.aspx -
2015-01-11 /atlas_advanced.aspx -
2015-01-11 /atlas_advanced.aspx -
2015-01-11 /ejn/EJN_Home.aspx -
2015-01-11 /atlas_advanced.aspx -
2015-01-11 /atlas_advanced.aspx -
2015-01-11 /ejn/EJN_Home.aspx -
2015-01-11 /eaw_atlas.aspx -
2015-01-11 /european-arrest-warrant.aspx -
2015-01-11 /ejn/ -
2015-01-11 /ejn/EJN_StaticPage.aspx Bread=2
2015-01-11 /ejn/EJN_Home.aspx -
2015-01-11 /ejn/EJN_Home.aspx -
2015-01-11 /ejn/EJN_StaticPage.aspx Bread=12
2015-01-11 /ejn/EJN_Home.aspx -
2015-01-11 /ejn/AtlasChooseCountry.aspx Type=1
2015-01-11 /ejn/EJN_Home.aspx -
2015-01-11 /ejn/AtlasChooseMeasure.aspx MP=1&Cou=BE
2015-01-11 /ejn/AtlasSelection.aspx -
2015-01-11 /ejn/AtlasSelection.aspx -
2015-01-11 /ejn/AtlasChooseCountry.aspx Type=1
2015-01-11 /ejn/AtlasChooseMeasure.aspx MP=1&Cou=BE
2015-01-11 /ejn/AtlasSelection.aspx -
2015-01-11 /ejn/AtlasExtraInformationInstrument.aspx id=901&KeepThis=true&
2015-01-11 /ejn/EJN_StaticPage.aspx Bread=12
2015-01-11 /ejn/EJN_EAWWizard.aspx -
2015-01-11 /ejn/ctrls.eawwizard/IframeEngine.aspx -
2015-01-11 /ejn/EJN_Home.aspx -
2015-01-11 /ejn/EJN_Home.aspx -
2015-01-11 /ejn/EJN_Home.aspx -
2015-01-11 /ejn/EJN_Home.aspx -
2015-01-11 /ejn/EJN_Home.aspx -
2015-01-11 /ejn/EJN_Home.aspx -
2015-01-11 /ejn/EJN_Home.aspx -
2015-01-11 /ejn/EJN_Home.aspx -
2015-01-11 /ejn/EJN_Home.aspx -
2015-01-11 /ejn/EJN_Home.aspx -
2015-01-11 /ejn/EJN_Home.aspx -
2015-01-11 /ejn/EJN_Home.aspx -
2015-01-11 /ejn/ -
2015-01-11 /ejn/EJN_Home.aspx -
2015-01-11 /ejn/EJN_Home.aspx -
2015-01-11 /ejn/EJN_Home.aspx -
2015-01-11 /ejn/EJN_AtlasAdvanced.aspx -
2015-01-11 /ejn/EJN_Home.aspx -
2015-01-11 /ejn/EJN_Home.aspx -
2015-01-11 /ejn/EJN_Home.aspx -
2015-01-11 /ejn/EJN_Home.aspx -
2015-01-11 /ejn/ -
2015-01-11 /ejn/ -
2015-01-11 /ejn/EJN_StaticPage.aspx Bread=1
2015-01-11 /ejn/EJN_Home.aspx -
2015-01-11 /ejn/EJN_StaticPage.aspx Bread=1++Culture:DESessionId:1q4hvainj532y2kdcfbawmilDate_Time:13:31
2015-01-11 /ejn/ -
2015-01-11 /ejn/EJN_FichesBelges.aspx -
2015-01-11 /ejn/ -
2015-01-11 /ejn/EJN_FichesBelges.aspx ++Culture:ENSessionId:1q4hvainj532y2kdcfbawmilDate_Time:1:34+PM
2015-01-11 /ejn/NewsDetail.aspx id=346&Ori=H
2015-01-11 /ejn/EJN_FichesBelges.aspx ++Culture:DESessionId:1q4hvainj532y2kdcfbawmilDate_Time:13:36
2015-01-11 /ejn/EJN_Home.aspx -
2015-01-11 /ejn/EJN_FichesBelgesTable.aspx -
2015-01-11 /ejn/EJN_FichesBelges.aspx -
2015-01-11 /ejn/EJN_Compendium.aspx -
2015-01-11 /ejn/ctrls.compendium/IframeEngine.aspx -
2015-01-11 /ejn/EJN_Home.aspx -
2015-01-11 /ejn/EJN_Compendium.aspx ++Culture:ENSessionId:1q4hvainj532y2kdcfbawmilDate_Time:1:37+PM
2015-01-11 /ejn/ctrls.compendium/IframeEngine.aspx -
2015-01-11 /ejn/EJN_Compendium.aspx ++Culture:DESessionId:1q4hvainj532y2kdcfbawmilDate_Time:13:37
2015-01-11 /ejn/ctrls.compendium/IframeEngine.aspx -
2015-01-11 /ejn/EJN_Compendium.aspx ++Culture:ENSessionId:1q4hvainj532y2kdcfbawmilDate_Time:1:38+PM
2015-01-11 /ejn/EJN_Compendium.aspx -
2015-01-11 /ejn/EJN_Home.aspx -
2015-01-11 /ejn/AtlasChooseCountry.aspx Type=2
2015-01-11 /ejn/EJN_Home.aspx -
2015-01-11 /ejn/EJN_Home.aspx -
2015-01-11 /ejn/ -
2015-01-11 /ejn/ -
2015-01-11 /ejn/AtlasChooseMeasure.aspx Mp=1&Cou=FR&Type=2
2015-01-11 /ejn/AtlasChooseMeasure.aspx Mp=1&Cou=FR&Type=2
2015-01-11 /ejn/ -
2015-01-11 /ejn/ -
2015-01-11 /ejn/ -
2015-01-11 /ejn/ -
2015-01-11 /ejn/libcategories.aspx -
2015-01-11 /ejn/libcategories.aspx -
2015-01-11 /ejn/libcategories.aspx Id=5
2015-01-11 /ejn/libcategories.aspx -
2015-01-11 /ejn/libcategories.aspx Id=2
2015-01-11 /ejn/libcategories.aspx -
2015-01-11 /ejn/libcategories.aspx Id=1
2015-01-11 /ejn/libcategories.aspx -
2015-01-11 /ejn/libcategories.aspx Id=6
2015-01-11 /ejn/EJN_StaticPage.aspx Bread=2
2015-01-11 /ejn/EJN_StaticPage.aspx Bread=2
2015-01-11 /ejn/ -
2015-01-11 /ejn/ -
2015-01-11 /ejn/EJN_Home.aspx -
2015-01-11 /ejn/EJN_Home.aspx -
2015-01-11 /ejn/EJN_Home.aspx -
2015-01-11 /ejn/EJN_Home.aspx -
2015-01-11 /ejn/ -
2015-01-11 /ejn/EJN_Home.aspx -
2015-01-11 /ejn/EJN_Home.aspx -
2015-01-11 /ejn/EJN_Home.aspx -
2015-01-11 /ejn/EJN_Home.aspx -
2015-01-11 /ejn/EJN_Home.aspx -
2015-01-11 /ejn/ -
2015-01-11 /ejn/EJN_Home.aspx -
2015-01-11 /faq_page.aspx cat=4&id=19
2015-01-11 /ejn/EJN_Home.aspx -
2015-01-11 /ejn/libshowdocument.aspx Id=3&Lang=LT
2015-01-11 /ejn/EJN_Home.aspx -
2015-01-11 /ejn/AtlasChooseCountry.aspx -
2015-01-11 /ejn/EJN_Home.aspx -
2015-01-11 /ejn/EJN_Home.aspx -
2015-01-11 /ejn/EJN_AtlasAdvanced.aspx -
2015-01-11 /ejn/ -
2015-01-11 /ejn/EJN_Home.aspx -
2015-01-11 /ejn/EJN_Home.aspx -
2015-01-11 /ejn/EJN_Home.aspx -
2015-01-11 /ejn/EJN_Home.aspx -
2015-01-11 /ejn/ -
2015-01-11 /ejn/AtlasChooseMeasure.aspx Mp=1&Cou=NL&Type=2
2015-01-11 /ejn/AtlasChooseMeasure.aspx Mp=1&Cou=NL&Type=2
2015-01-11 /ejn/NewsDetail.aspx id=352&Ori=H
2015-01-11 /ejn/AtlasChooseMeasure.aspx Mp=1&Cou=NL&Type=2
2015-01-11 /ejn/EJN_Home.aspx -
2015-01-11 /ejn/AtlasChooseMeasure.aspx Mp=1&Cou=NL&Type=2
2015-01-11 /ejn/ -
2015-01-11 /ejn/AtlasChooseMeasure.aspx Mp=1&Cou=NL&Type=2
2015-01-11 /ejn/AtlasSelection.aspx -
2015-01-11 /ejn/EJN_AtlasAdvanced.aspx -
2015-01-11 /ejn/AtlasSelection.aspx -
2015-01-11 /ejn/AtlasSelection.aspx -
2015-01-11 /ejn/AtlasChooseAuthority.aspx -
2015-01-11 /ejn/AtlasChooseAuthority.aspx/GetLocations -
2015-01-11 /ejn/AtlasChooseAuthority.aspx -
2015-01-11 /ejn/AtlasAuthorityData.aspx Id=2626
2015-01-11 /ejn/EJN_Home.aspx -
2015-01-11 /ejn/EJN_Home.aspx -
2015-01-11 /ejn/EJN_Home.aspx -
2015-01-11 /ejn/ -
2015-01-11 /ejn/EJN_Home.aspx -
2015-01-11 /ejn/EJN_AtlasAdvanced.aspx -
2015-01-11 /ejn/ -
2015-01-11 /ejn/EJN_Home.aspx -
2015-01-11 /ejn/EJN_Home.aspx -
2015-01-11 /ejn/EJN_Home.aspx -
2015-01-11 /ejn/EJN_Home.aspx -
2015-01-11 /ejn/libcategories.aspx -
2015-01-11 /ejn/EJN_Home.aspx -
2015-01-11 /ejn/EJN_AtlasAdvanced.aspx -
2015-01-11 /ejn/EJN_Home.aspx -
2015-01-11 /ejn/EJN_Home.aspx -
2015-01-11 /ejn/ -
2015-01-11 /ejn/EJN_Home.aspx -
2015-01-11 /ejn/ -
2015-01-11 /ejn/EJN_Search.aspx -
2015-01-11 /ejn/EJN_Search.aspx -
2015-01-11 /ejn/ -
2015-01-11 /ejn/sitemap.aspx -
2015-01-11 /ejn/EJN_Home.aspx -
2015-01-11 /ejn/EJN_StaticPage.aspx Bread=10
2015-01-11 /ejn/EJN_Home.aspx -
2015-01-11 /ejn/EJN_FichesBelges.aspx -
2015-01-11 /ejn/EJN_Home.aspx -
2015-01-11 /ejn/EJN_FichesBelges.aspx -
2015-01-11 /ejn/EJN_FichesBelges.aspx -
2015-01-11 /ejn/Events.aspx event=215
2015-01-11 /ejn/EJN_Home.aspx -
2015-01-11 /ejn/EJN_Home.aspx -
2015-01-11 /ejn/EJN_Home.aspx -
2015-01-11 /ejn/EJN_Home.aspx -
2015-01-11 /ejn/EJN_Home.aspx -
2015-01-11 /ejn/EJN_Home.aspx -
2015-01-11 /ejn/EJN_Home.aspx -
2015-01-11 /ejn/EJN_Home.aspx -
2015-01-11 /ejn/EJN_Home.aspx -
2015-01-11 /ejn/EJN_Home.aspx -
2015-01-11 /ejn/ -
2015-01-11 /ejn/ -
2015-01-11 /ejn/EJN_Home.aspx -
2015-01-11 /ejn/EJN_Home.aspx -
2015-01-11 /ejn/EJN_Home.aspx -
2015-01-11 /ejn/EJN_Home.aspx -
2015-01-11 /ejn/EJN_Home.aspx -
2015-01-11 /ejn/EJN_Home.aspx -
2015-01-11 /ejn/EJN_Home.aspx -
2015-01-11 /ejn/EJN_Home.aspx -
2015-01-11 /ejn/EJN_Home.aspx -
2015-01-11 /ejn/EJN_Home.aspx -
2015-01-11 /ejn/EJN_Home.aspx -
2015-01-11 /ejn/EJN_Home.aspx -
2015-01-11 /ejn/EJN_Home.aspx -
2015-01-11 /ejn/ -
2015-01-11 /ejn/EJN_Home.aspx -
2015-01-11 /ejn/ -
2015-01-11 /ejn/AtlasChooseMeasure.aspx Mp=1&Cou=AT&Type=2
2015-01-11 /ejn/EJN_Search.aspx -
2015-01-11 /ejn/EJN_Home.aspx -
2015-01-11 /ejn/EJN_Home.aspx -
2015-01-11 /ejn/EJN_AtlasAdvanced.aspx -
2015-01-11 /ejn/AtlasChooseMeasure.aspx Mp=1&Cou=AT&Type=2
2015-01-11 /ejn/AtlasChooseCountry.aspx Type=2
2015-01-11 /ejn/EJN_Home.aspx -
2015-01-11 /ejn/EJN_Home.aspx -
2015-01-11 /ejn/EJN_Home.aspx -
2015-01-11 /ejn/EJN_AtlasAdvanced.aspx -
2015-01-11 /ejn/ -
2015-01-11 /ejn/EJN_Home.aspx -
2015-01-11 /ejn/EJN_Home.aspx -
2015-01-11 /ejn/ -
2015-01-11 /ejn/EJN_Home.aspx -
2015-01-11 /ejn/EJN_Home.aspx -
2015-01-11 /ejn/EJN_Home.aspx -
2015-01-11 /ejn/AtlasAuthorityData.aspx Id=4840
2015-01-11 /ejn/EJN_Home.aspx -
2015-01-11 /ejn/EJN_Home.aspx -
2015-01-11 /ejn/EJN_Home.aspx -
2015-01-11 /ejn/EJN_Home.aspx -
2015-01-11 /ejn/EJN_Home.aspx -
2015-01-11 /ejn/EJN_Home.aspx -
2015-01-11 /ejn/EJN_Home.aspx -
2015-01-11 /ejn/EJN_Home.aspx -
2015-01-11 /ejn/EJN_Home.aspx -
2015-01-11 /ejn/EJN_Home.aspx -
2015-01-11 /ejn/EJN_Home.aspx -
2015-01-11 /ejn/EJN_Home.aspx -
2015-01-11 /ejn/EJN_Home.aspx -
2015-01-11 /ejn/EJN_Home.aspx -
2015-01-11 /ejn/ -
2015-01-11 /ejn/EJN_StaticPage.aspx Bread=1
2015-01-11 /ejn/AtlasChooseCountry.aspx Type=2
2015-01-11 /ejn/EJN_ContactPointsnew.aspx -
2015-01-11 /ejn/EJN_Login.aspx -
2015-01-11 /ejn/EJN_Login.aspx -
2015-01-11 /ejn/EJN_ContactPointsNew.aspx -
2015-01-11 /ejn/libshowdocument.aspx Id=126&Lang=LT
2015-01-11 /ejn/EJN_Home.aspx -
2015-01-11 /ejn/EJN_Home.aspx -
2015-01-11 /ejn/ -
2015-01-11 /ejn/EJN_Home.aspx -
2015-01-11 /ejn/AtlasChooseCountry.aspx -
2015-01-11 /ejn/EJN_Home.aspx -
2015-01-11 /ejn/EJN_Home.aspx -
2015-01-11 /ejn/ -
2015-01-11 /ejn/EJN_Home.aspx -
2015-01-11 /ejn/ -
2015-01-11 /ejn/EJN_Home.aspx -
2015-01-11 /ejn/EJN_Home.aspx -
2015-01-11 /ejn/ -
2015-01-11 /ejn/EJN_Home.aspx -
2015-01-11 /ejn/EJN_AtlasAdvanced.aspx -
2015-01-11 /ejn/EJN_Home.aspx -
2015-01-11 /ejn/EJN_Home.aspx -
2015-01-11 /ejn/libcategories.aspx Id=32
2015-01-11 /ejn/EJN_Home.aspx -
2015-01-11 /ejn/EJN_Home.aspx -
2015-01-11 /ejn/ -
2015-01-11 /ejn/EJN_Home.aspx ++Culture:ESSessionId:xp0zs2fafbgfmuk1damsosyeDate_Time:16:43
2015-01-11 /ejn/ -
2015-01-11 /ejn/AtlasChooseMeasure.aspx Mp=1&Cou=FR&Type=2
2015-01-11 /ejn/AtlasChooseMeasure.aspx Mp=1&Cou=FR&Type=2
2015-01-11 /ejn/EJN_FichesBelgesResult.aspx measure=708&country=273&other=-1
2015-01-11 /ejn/EJN_FichesBelgesResult.aspx measure=708&country=273&other=-1
2015-01-11 /ejn/EJN_FichesBelgesResult.aspx measure=709&country=273&other=-1
2015-01-11 /ejn/EJN_FichesBelgesGuide.aspx -
2015-01-11 /ejn/EJN_FichesBelgesResult.aspx measure=709&country=273&other=-1++Culture:FRSessionId:xp0zs2fafbgfmuk1damsosyeDate_Time:16:46
2015-01-11 /ejn/EJN_FichesBelgesResult.aspx measure=709&country=273&other=-1++Culture:ESSessionId:xp0zs2fafbgfmuk1damsosyeDate_Time:16:46
2015-01-11 /ejn/EJN_FichesBelgesResult.aspx measure=709&country=273&other=-1++Culture:FRSessionId:xp0zs2fafbgfmuk1damsosyeDate_Time:16:46
2015-01-11 /ejn/EJN_Home.aspx -
2015-01-11 /ejn/ -
2015-01-11 /ejn/AtlasChooseMeasure.aspx Mp=1&Cou=AT&Type=2
2015-01-11 /ejn/EJN_Home.aspx -
2015-01-11 /ejn/ -
2015-01-11 /ejn/AtlasChooseMeasure.aspx Mp=1&Cou=AT&Type=2
2015-01-11 /ejn/ -
2015-01-11 /ejn/EJN_AtlasAdvanced.aspx -
2015-01-11 /ejn/EJN_Home.aspx -
2015-01-11 /ejn/AtlasChooseMeasure.aspx Mp=1&Cou=AT&Type=2
2015-01-11 /ejn/AtlasChooseMeasure.aspx Mp=1&Cou=AT&Type=2++Culture:CSSessionId:vykg0fwlim1o2vnuv0if4h2mDate_Time:16:47
2015-01-11 /ejn/AtlasChooseMeasure.aspx Mp=1&Cou=AT&Type=2
2015-01-11 /ejn/AtlasChooseMeasure.aspx Mp=1&Cou=AT&Type=2
2015-01-11 /ejn/AtlasChooseMeasure.aspx Mp=1&Cou=AT&Type=2
2015-01-11 /ejn/AtlasChooseMeasure.aspx Mp=1&Cou=AT&Type=2
2015-01-11 /ejn/EJN_Home.aspx -
2015-01-11 /ejn/AtlasChooseMeasure.aspx Mp=1&Cou=AT&Type=2
2015-01-11 /ejn/AtlasChooseMeasure.aspx Mp=1&Cou=AT&Type=2
2015-01-11 /ejn/AtlasChooseMeasure.aspx Mp=1&Cou=AT&Type=2
2015-01-11 /ejn/AtlasChooseMeasure.aspx Mp=1&Cou=AT&Type=2
2015-01-11 /ejn/AtlasChooseMeasure.aspx Mp=1&Cou=AT&Type=2
2015-01-11 /ejn/AtlasChooseMeasure.aspx Mp=1&Cou=AT&Type=2
2015-01-11 /ejn/AtlasChooseCountry.aspx Type=2
2015-01-11 /ejn/AtlasChooseCountry.aspx Type=2
2015-01-11 /ejn/AtlasChooseMeasure.aspx MP=1&Cou=AT
2015-01-11 /ejn/AtlasChooseMeasure.aspx MP=1&Cou=AT
2015-01-11 /ejn/AtlasChooseMeasure.aspx MP=1&Cou=AT
2015-01-11 /ejn/AtlasChooseMeasure.aspx MP=1&Cou=AT
2015-01-11 /ejn/AtlasSelection.aspx -
2015-01-11 /ejn/AtlasChooseAuthority.aspx -
2015-01-11 /ejn/EJN_Home.aspx -
2015-01-11 /ejn/AtlasChooseAuthority.aspx/GetLocations -
2015-01-11 /ejn/AtlasChooseAuthority.aspx -
2015-01-11 /ejn/AtlasChooseAuthority.aspx -
2015-01-11 /ejn/ -
2015-01-11 /ejn/AtlasChooseMeasure.aspx Mp=1&Cou=AT&Type=2
2015-01-11 /ejn/ -
2015-01-11 /ejn/AtlasChooseMeasure.aspx Mp=1&Cou=DE&Type=2
2015-01-11 /ejn/ -
2015-01-11 /ejn/EJN_Home.aspx -
2015-01-11 /ejn/EJN_Compendium.aspx -
2015-01-11 /ejn/ctrls.compendium/IframeEngine.aspx -
2015-01-11 /ejn/EJN_Compendium.aspx -
2015-01-11 /ejn/ctrls.compendium/IframeEngine.aspx -
2015-01-11 /ejn/AtlasChooseCountry.aspx Type=2
2015-01-11 /ejn/AtlasChooseMeasure.aspx MP=1&Cou=PL
2015-01-11 /ejn/EJN_InfoAbout.aspx Id=215
2015-01-11 /ejn/EJN_Home.aspx -
2015-01-11 /ejn/AtlasChooseCountry.aspx Type=2
2015-01-11 /ejn/AtlasChooseMeasure.aspx Mp=1&Cou=IT&Type=2
2015-01-11 /ejn/AtlasChooseCountry.aspx Type=2
2015-01-11 /ejn/AtlasChooseMeasure.aspx MP=0&Cou=223
2015-01-11 /ejn/AtlasChooseMeasure.aspx Mp=1&Cou=IT&Type=2
2015-01-11 /ejn/AtlasChooseMeasure.aspx Mp=1&Cou=IT&Type=2
2015-01-11 /ejn/AtlasSelection.aspx -
2015-01-11 /ejn/AtlasChooseAuthority.aspx -
2015-01-11 /ejn/AtlasChooseAuthority.aspx -
2015-01-11 /ejn/AtlasChooseMeasure.aspx MP=0&Cou=223
2015-01-11 /ejn/AtlasAuthorityData.aspx Id=4804
2015-01-11 /ejn/AtlasChooseMeasure.aspx MP=0&Cou=223
2015-01-11 /ejn/AtlasAuthorityData.aspx Id=4804
2015-01-11 /ejn/AtlasChooseMeasure.aspx MP=0&Cou=223
2015-01-11 /ejn/AtlasAuthorityData.aspx Id=4804
2015-01-11 /ejn/AtlasChooseMeasure.aspx MP=0&Cou=223
2015-01-11 /ejn/AtlasAuthorityData.aspx Id=4804
2015-01-11 /ejn/AtlasChooseMeasure.aspx MP=0&Cou=223
2015-01-11 /ejn/AtlasChooseMeasure.aspx MP=0&Cou=223
2015-01-11 /ejn/AtlasChooseMeasure.aspx MP=0&Cou=223
2015-01-11 /ejn/EJN_FichesBelgesResult.aspx measure=403&country=223&other=-1
2015-01-11 /ejn/AtlasAuthorityData.aspx Id=4804
2015-01-11 /ejn/AtlasAuthorityData.aspx Id=4804
2015-01-11 /ejn/NewsAll.aspx -
2015-01-11 /ejn/EJN_Home.aspx -
2015-01-11 /ejn/AtlasChooseMeasure.aspx MP=0&Cou=223
2015-01-11 /ejn/AtlasAuthorityData.aspx Id=4804
2015-01-11 /ejn/AtlasAuthorityData.aspx Id=4804
2015-01-11 /ejn/EJN_FichesBelgesTable.aspx -
2015-01-11 /ejn/AtlasAuthorityData.aspx Id=4804
2015-01-11 /ejn/EJN_Compendium.aspx authId=4804
2015-01-11 /ejn/ctrls.compendium/IframeEngine.aspx -
2015-01-11 /ejn/ctrls.compendium/iframeEngine.aspx remoteFunction=getAuthority&Id=4804&callback=loadRequestedAuth_cb
2015-01-11 /ejn/ -
2015-01-11 /ejn/AtlasChooseMeasure.aspx Mp=1&Cou=FR&Type=2
2015-01-11 /ejn/AtlasChooseMeasure.aspx Mp=1&Cou=FR&Type=2
2015-01-11 /ejn/EJN_FichesBelgesResult.aspx measure=710&country=273&other=-1
2015-01-11 /ejn/EJN_FichesBelgesResult.aspx measure=711&country=273&other=-1
2015-01-11 /ejn/EJN_FichesBelgesTable.aspx -
2015-01-11 /ejn/EJN_Home.aspx -
2015-01-11 /ejn/EJN_Library_StatusOfImpByCou.aspx CountryId=223
2015-01-11 /ejn/EJN_AtlasAdvanced.aspx -
2015-01-11 /ejn/ -
2015-01-11 /ejn/EJN_FichesBelgesResult.aspx measure=709&country=273&other=-1
2015-01-11 /ejn/EJN_Home.aspx -
2015-01-11 /ejn/AtlasChooseCountry.aspx Type=2
2015-01-11 /ejn/AtlasChooseMeasure.aspx MP=1&Cou=FR
2015-01-11 /ejn/AtlasChooseCountry.aspx Type=2
2015-01-11 /ejn/AtlasChooseMeasure.aspx MP=0&Cou=223
2015-01-11 /ejn/AtlasChooseCountry.aspx Type=2
2015-01-11 /ejn/AtlasChooseMeasure.aspx MP=0&Cou=273
2015-01-11 /ejn/AtlasChooseMeasure.aspx MP=0&Cou=223
2015-01-11 /ejn/AtlasSelection.aspx -
2015-01-11 /ejn/AtlasChooseAuthority.aspx -
2015-01-11 /ejn/AtlasChooseAuthority.aspx/GetLocations -
2015-01-11 /ejn/AtlasChooseAuthority.aspx -
2015-01-11 /ejn/AtlasAuthorityData.aspx Id=4881
2015-01-11 /ejn/AtlasChooseMeasure.aspx Mp=1&Cou=FR&Type=2
2015-01-11 /ejn/EJN_Home.aspx -
2015-01-11 /ejn/EJN_StaticPage.aspx Bread=3
2015-01-11 /ejn/EJN_StaticPage.aspx Bread=3++Culture:ITSessionId:qyrzv5ql1kk5yvcj2zjrmgmnDate_Time:17:01
2015-01-11 /ejn/EJN_StaticPage.aspx Bread=3
2015-01-11 /ejn/EJN_Home.aspx ++Culture:ITSessionId:qyrzv5ql1kk5yvcj2zjrmgmnDate_Time:17:02
2015-01-11 /ejn/EJN_StaticPage.aspx Bread=3
2015-01-11 /ejn/AtlasChooseCountry.aspx Type=1
2015-01-11 /ejn/EJN_Home.aspx -
2015-01-11 /ejn/AtlasChooseMeasure.aspx MP=1&Cou=IT
2015-01-11 /ejn/AtlasSelection.aspx -
2015-01-11 /ejn/AtlasSelection.aspx -
2015-01-11 /ejn/AtlasSelection.aspx -
2015-01-11 /ejn/AtlasAuthorityData.aspx Id=5311
2015-01-11 /ejn/AtlasAuthorityData.aspx Id=5311
2015-01-11 /ejn/AtlasAuthorityData.aspx Id=5311
2015-01-11 /ejn/EJN_EAWAtlas.aspx -
2015-01-11 /ejn/AtlasAuthorityData.aspx Id=5311
2015-01-11 /ejn/EJN_Home.aspx -
2015-01-11 /ejn/AtlasAuthorityData.aspx Id=5311
2015-01-11 /ejn/EJN_EAWWizard.aspx authId=5311&Central=True
2015-01-11 /ejn/ctrls.eawwizard/IframeEngine.aspx -
2015-01-11 /ejn/ctrls.eawwizard/iframeEngine.aspx remoteFunction=getAuthority&Id=5311&paneName=central_auth&callback=loadAuth_cb
2015-01-11 /ejn/EJN_Compendium.aspx -
2015-01-11 /ejn/ctrls.compendium/IframeEngine.aspx -
2015-01-11 /ejn/EJN_Compendium.aspx ++Culture:ESSessionId:xp0zs2fafbgfmuk1damsosyeDate_Time:17:03
2015-01-11 /ejn/ctrls.compendium/IframeEngine.aspx -
2015-01-11 /ejn/EJN_Compendium.aspx -
2015-01-11 /ejn/ctrls.compendium/IframeEngine.aspx -
2015-01-11 /ejn/EJN_Home.aspx -
2015-01-11 /ejn/EJN_EAWWizard.aspx -
2015-01-11 /ejn/ctrls.eawwizard/IframeEngine.aspx -
2015-01-11 /ejn/ctrls.compendium/iframeEngine.aspx remoteFunction=getMLAforCountry&country=FR&mIDs=709&langId=67&callback=checkMLA_cb
2015-01-11 /ejn/EJN_EAWWizard.aspx -
2015-01-11 /ejn/ctrls.eawwizard/IframeEngine.aspx -
2015-01-11 /ejn/AtlasChooseCountry.aspx Type=2
2015-01-11 /ejn/AtlasChooseMeasure.aspx MP=1&Cou=FR
2015-01-11 /ejn/AtlasChooseMeasure.aspx MP=1&Cou=FR
2015-01-11 /ejn/AtlasChooseMeasure.aspx MP=1&Cou=FR
2015-01-11 /ejn/AtlasChooseMeasure.aspx MP=1&Cou=FR
2015-01-11 /ejn/AtlasSelection.aspx -
2015-01-11 /ejn/AtlasSelection.aspx -
2015-01-11 /ejn/AtlasSelection.aspx -
2015-01-11 /ejn/AtlasSelection.aspx -
2015-01-11 /ejn/EJN_StaticPage.aspx Bread=12
2015-01-11 /ejn/EJN_Home.aspx -
2015-01-11 /ejn/AtlasSelection.aspx -
2015-01-11 /ejn/AtlasChooseAuthority.aspx -
2015-01-11 /ejn/EJN_StaticPage.aspx Bread=16
2015-01-11 /ejn/AtlasChooseAuthority.aspx/GetLocations -
2015-01-11 /ejn/EJN_StaticPage.aspx Bread=16
2015-01-11 /ejn/EJN_InfoAbout.aspx Id=287
2015-01-11 /ejn/AtlasChooseAuthority.aspx -
2015-01-11 /ejn/AtlasAuthorityData.aspx Id=4745
2015-01-11 /ejn/EJN_Home.aspx -
2015-01-11 /ejn/AtlasChooseMeasure.aspx MP=1&Cou=AT
2015-01-11 /ejn/AtlasAuthorityData.aspx Id=4745
2015-01-11 /ejn/AtlasAuthorityData.aspx Id=4745
2015-01-11 /ejn/EJN_Library_StatusOfImpByCou.aspx CountryId=223
2015-01-11 /ejn/AtlasAuthorityData.aspx Id=4745
2015-01-11 /ejn/AtlasAuthorityData.aspx Id=4745
2015-01-11 /ejn/EJN_FichesBelgesTable.aspx -
2015-01-11 /ejn/EJN_AtlasAdvanced.aspx -
2015-01-11 /ejn/ -
2015-01-11 /ejn/AtlasChooseMeasure.aspx Mp=1&Cou=RO&Type=2
2015-01-11 /ejn/EJN_Home.aspx -
2015-01-11 /ejn/ -
2015-01-11 /ejn/ -
2015-01-11 /ejn/AtlasChooseCountry.aspx Type=1
2015-01-11 /ejn/AtlasChooseMeasure.aspx MP=1&Cou=AT
2015-01-11 /ejn/AtlasChooseMeasure.aspx MP=1&Cou=AT
2015-01-11 /ejn/AtlasChooseMeasure.aspx MP=1&Cou=AT
2015-01-11 /ejn/AtlasSelection.aspx -
2015-01-11 /ejn/AtlasSelection.aspx -
2015-01-11 /ejn/AtlasSelection.aspx -
2015-01-11 /ejn/AtlasSelection.aspx -
2015-01-11 /ejn/AtlasSelection.aspx -
2015-01-11 /ejn/AtlasChooseAuthority.aspx -
2015-01-11 /ejn/AtlasChooseAuthority.aspx/GetLocations -
2015-01-11 /ejn/AtlasChooseAuthority.aspx -
2015-01-11 /ejn/AtlasChooseAuthority.aspx -
2015-01-11 /ejn/AtlasChooseAuthority.aspx -
2015-01-11 /ejn/AtlasChooseAuthority.aspx -
2015-01-11 /ejn/ -
2015-01-11 /ejn/AtlasChooseMeasure.aspx Mp=1&Cou=AT&Type=2
2015-01-11 /ejn/EJN_Home.aspx -
2015-01-11 /ejn/EJN_News.aspx id=57
2015-01-11 /ejn/AtlasChooseMeasure.aspx Mp=1&Cou=AT&Type=2
2015-01-11 /ejn/EJN_News.aspx id=57
2015-01-11 /ejn/AtlasChooseMeasure.aspx Mp=1&Cou=AT&Type=2
2015-01-11 /ejn/AtlasChooseMeasure.aspx Mp=1&Cou=AT&Type=2
2015-01-11 /ejn/AtlasChooseMeasure.aspx Mp=1&Cou=AT&Type=2
2015-01-11 /ejn/AtlasSelection.aspx -
2015-01-11 /ejn/AtlasChooseAuthority.aspx -
2015-01-11 /ejn/AtlasChooseAuthority.aspx/GetLocations -
2015-01-11 /ejn/AtlasChooseAuthority.aspx -
2015-01-11 /ejn/ -
2015-01-11 /ejn/EJN_Home.aspx -
2015-01-11 /ejn/ -
2015-01-11 /ejn/EJN_Home.aspx -
2015-01-11 /ejn/AtlasChooseCountry.aspx -
2015-01-11 /ejn/EJN_Home.aspx -
2015-01-11 /ejn/ -
2015-01-11 /ejn/EJN_Home.aspx -
2015-01-11 /ejn/EJN_Home.aspx -
2015-01-11 /ejn/AtlasChooseMeasure.aspx Mp=1&Cou=AT&Type=2
2015-01-11 /ejn/AtlasChooseMeasure.aspx Mp=1&Cou=AT&Type=2
2015-01-11 /ejn/AtlasChooseMeasure.aspx Mp=1&Cou=AT&Type=2
2015-01-11 /ejn/AtlasChooseMeasure.aspx Mp=1&Cou=AT&Type=2
2015-01-11 /ejn/AtlasChooseMeasure.aspx Mp=1&Cou=AT&Type=2
2015-01-11 /ejn/EJN_Home.aspx -
2015-01-11 /ejn/ -
2015-01-11 /ejn/AtlasChooseCountry.aspx Type=2
2015-01-11 /ejn/AtlasChooseCountry.aspx Type=2
2015-01-11 /ejn/AtlasChooseMeasure.aspx MP=0&Cou=223
2015-01-11 /ejn/EJN_FichesBelgesTable.aspx -
2015-01-11 /ejn/EJN_FichesBelgesTable.aspx -
2015-01-11 /ejn/AtlasChooseCountry.aspx Type=1
2015-01-11 /ejn/EJN_Home.aspx -
2015-01-11 /ejn/AtlasChooseCountry.aspx Type=1
2015-01-11 /ejn/AtlasChooseMeasure.aspx MP=0&Cou=259
2015-01-11 /ejn/AtlasSelection.aspx -
2015-01-11 /ejn/ -
2015-01-11 /ejn/ -
2015-01-11 /ejn/EJN_Home.aspx -
2015-01-11 /ejn/EJN_Home.aspx -
2015-01-11 /ejn/EJN_Home.aspx -
2015-01-11 /ejn/AtlasChooseMeasure.aspx Mp=1&Cou=DE&Type=2
2015-01-11 /ejn/EJN_Home.aspx -
2015-01-11 /ejn/ -
2015-01-11 /ejn/ -
2015-01-11 /ejn/EJN_QuickLinks.aspx id=25
2015-01-11 /ejn/EJN_FichesBelges.aspx -
2015-01-11 /ejn/EJN_FichesBelges.aspx -
2015-01-11 /ejn/EJN_FichesBelges.aspx -
2015-01-11 /ejn/EJN_FichesBelges.aspx -
2015-01-11 /ejn/EJN_FichesBelges.aspx -
2015-01-11 /ejn/EJN_FichesBelges.aspx -
2015-01-11 /ejn/EJN_FichesBelges.aspx -
2015-01-11 /ejn/EJN_FichesBelges.aspx -
2015-01-11 /ejn/EJN_FichesBelges.aspx -
2015-01-11 /ejn/EJN_FichesBelges.aspx -
2015-01-11 /ejn/ -
2015-01-11 /ejn/ -
2015-01-11 /ejn/ -
2015-01-11 /ejn/ -
2015-01-11 /ejn/ -
2015-01-11 /ejn/EJN_Home.aspx -
2015-01-11 /ejn/EJN_Home.aspx -
2015-01-11 /ejn/EJN_Home.aspx -
2015-01-11 /ejn/ -
2015-01-11 /ejn/EJN_Home.aspx -
2015-01-11 /ejn/EJN_Home.aspx -
2015-01-11 /ejn/EJN_Home.aspx -
2015-01-11 /ejn/EJN_FichesBelgesResult.aspx measure=406&country=259&other=354
2015-01-11 /ejn/EJN_Home.aspx -
2015-01-11 /ejn/EJN_AtlasAdvanced.aspx -
2015-01-11 /ejn/EJN_FichesBelges.aspx -
2015-01-11 /ejn/EJN_FichesBelges.aspx -
2015-01-11 /ejn/AtlasChooseCountry.aspx Type=1
2015-01-11 /ejn/EJN_Login.aspx -
2015-01-11 /ejn/EJN_Login.aspx -
2015-01-11 /ejn/EJN_Home.aspx -
2015-01-11 /ejn/EJN_Compendium.aspx -
2015-01-11 /ejn/ctrls.compendium/IframeEngine.aspx -
2015-01-11 /ejn/EJN_FichesBelges.aspx -
2015-01-11 /ejn/EJN_FichesBelges.aspx -
2015-01-11 /ejn/EJN_FichesBelges.aspx -
2015-01-11 /ejn/EJN_FichesBelges.aspx -
2015-01-11 /ejn/EJN_FichesBelgesResult.aspx measure=406&country=259&other=223
2015-01-11 /ejn/EJN_FichesBelgesResult.aspx measure=405&country=259&other=223
2015-01-11 /ejn/EJN_Home.aspx -
2015-01-11 /ejn/EJN_FichesBelgesResult.aspx measure=406&country=259&other=223
2015-01-11 /ejn/EJN_StaticPage.aspx Bread=25
2015-01-11 /ejn/EJN_Home.aspx -
2015-01-11 /ejn/EJN_Home.aspx -
2015-01-11 /ejn/EJN_Home.aspx -
2015-01-11 /ejn/EJN_Home.aspx -
2015-01-11 /ejn/EJN_Home.aspx -
2015-01-11 /ejn/EJN_Home.aspx -
2015-01-11 /ejn/EJN_Home.aspx -
2015-01-11 /ejn/EJN_Home.aspx -
2015-01-11 /ejn/EJN_Home.aspx -
2015-01-11 /ejn/EJN_Home.aspx -
2015-01-11 /ejn/ -
2015-01-11 /ejn/EJN_InfoAbout.aspx Id=354
2015-01-11 /ejn/AtlasChooseCountry.aspx Type=2
2015-01-11 /ejn/AtlasChooseMeasure.aspx MP=0&Cou=354
2015-01-11 /ejn/EJN_Home.aspx -
2015-01-11 /ejn/AtlasChooseCountry.aspx -
2015-01-11 /ejn/EJN_Home.aspx -
2015-01-11 /ejn/EJN_Home.aspx ++Culture:ROSessionId:ouv5pwb4mrszzw521kv02vymDate_Time:18:18
2015-01-11 /ejn/libcategories.aspx -
2015-01-11 /ejn/libcategories.aspx Id=1
2015-01-11 /ejn/libcategories.aspx Id=19
2015-01-11 /ejn/EJN_Home.aspx -
2015-01-11 /ejn/libcategories.aspx Id=12
2015-01-11 /ejn/libcategories.aspx id=1
2015-01-11 /ejn/libcategories.aspx id=1
2015-01-11 /ejn/libcategories.aspx -
2015-01-11 /ejn/libadvancedsearch.aspx -
2015-01-11 /ejn/EJN_Home.aspx -
2015-01-11 /ejn/ -
2015-01-11 /ejn/EJN_Home.aspx -
2015-01-11 /ejn/EJN_Home.aspx -
2015-01-11 /ejn/EJN_Home.aspx -
2015-01-11 /ejn/EJN_Home.aspx -
2015-01-11 /ejn/EJN_Home.aspx -
2015-01-11 /ejn/EJN_Home.aspx -
2015-01-11 /ejn/ -
2015-01-11 /ejn/EJN_InfoAbout.aspx Id=293
2015-01-11 /ejn/EJN_InfoAbout.aspx Id=260
2015-01-11 /ejn/EJN_Home.aspx -
2015-01-11 /ejn/EJN_Home.aspx -
2015-01-11 /ejn/EJN_Home.aspx -
2015-01-11 /ejn/ -
2015-01-11 /ejn/EJN_Home.aspx -
2015-01-11 /ejn/ -
2015-01-11 /ejn/EJN_Home.aspx -
2015-01-11 /ejn/EJN_Home.aspx -
2015-01-11 /ejn/EJN_Home.aspx -
2015-01-11 /ejn/EJN_Gallery.aspx -
2015-01-11 /ejn/EJN_Gallery.aspx -
2015-01-11 /ejn/EJN_Home.aspx -
2015-01-11 /ejn/EJN_Home.aspx -
2015-01-11 /ejn/ -
2015-01-11 /ejn/EJN_AtlasAdvanced.aspx -
2015-01-11 /ejn/EJN_Home.aspx -
2015-01-11 /ejn/EJN_Home.aspx -
2015-01-11 /ejn/EJN_Home.aspx -
2015-01-11 /ejn/EJN_Home.aspx -
2015-01-11 /ejn/EJN_Home.aspx -
2015-01-11 /ejn/EJN_Home.aspx -
2015-01-11 /ejn/EJN_Home.aspx -
2015-01-11 /ejn/EJN_Home.aspx -
2015-01-11 /ejn/ -
2015-01-11 /ejn/ -
2015-01-11 /ejn/EJN_Home.aspx -
2015-01-11 /ejn/EJN_AtlasAdvanced.aspx -
2015-01-11 /ejn/ -
2015-01-11 /ejn/EJN_Home.aspx -
2015-01-11 /ejn/EJN_Home.aspx -
2015-01-11 /ejn/EJN_AtlasAdvanced.aspx -
2015-01-11 /ejn/ -
2015-01-11 /ejn/EJN_Home.aspx -
2015-01-11 /ejn/EJN_Home.aspx -
2015-01-11 /ejn/EJN_Home.aspx -
2015-01-11 /ejn/ -
2015-01-11 /ejn/EJN_Home.aspx -
2015-01-11 /ejn/EJN_Home.aspx -
2015-01-11 /ejn/EJN_Home.aspx -
2015-01-11 /ejn/EJN_Home.aspx -
2015-01-11 /ejn/EJN_Home.aspx -
2015-01-11 /ejn/EJN_Home.aspx -
2015-01-11 /ejn/EJN_Home.aspx -
2015-01-11 /ejn/EJN_Home.aspx -
2015-01-11 /ejn/EJN_Home.aspx -
2015-01-11 /ejn/EJN_Home.aspx -
2015-01-11 /ejn/Events.aspx event=163
2015-01-11 /ejn/EJN_Home.aspx -
2015-01-11 /ejn/EJN_Home.aspx -
2015-01-11 /forms.aspx -
2015-01-11 /ejn/libshowdocument.aspx Id=3&Lang=DE
2015-01-11 /ejn/libshowdocument.aspx Id=3&Lang=DE
2015-01-11 /ejn/EJN_Home.aspx -
2015-01-11 /ejn/ -
2015-01-11 /ejn/EJN_Home.aspx -
2015-01-11 /ejn/EJN_Home.aspx -
2015-01-11 /ejn/EJN_Home.aspx -
2015-01-11 /ejn/EJN_Home.aspx -
2015-01-11 /ejn/EJN_InfoAbout.aspx Id=273
2015-01-11 /ejn/EJN_ContactUs.aspx &KeepThis=true&
2015-01-11 /ejn/EJN_Home.aspx -
2015-01-11 /ejn/EJN_AtlasAdvanced.aspx -
2015-01-11 /ejn/ejn_infoabout.aspx -
2015-01-11 /ejn/EJN_Home.aspx -
2015-01-11 /ejn/ -
2015-01-11 /ejn/EJN_AtlasAdvanced.aspx -
2015-01-11 /ejn/ -
2015-01-11 /ejn/EJN_Home.aspx -
2015-01-11 /ejn/EJN_Home.aspx -
2015-01-11 /ejn/EJN_Home.aspx -
2015-01-11 /ejn/EJN_Home.aspx -
2015-01-11 /ejn/EJN_Home.aspx -
2015-01-11 /ejn/EJN_Home.aspx -
2015-01-11 /ejn/ -
2015-01-11 /ejn/EJN_AtlasAdvanced.aspx -
2015-01-11 /ejn/ -
2015-01-11 /ejn/EJN_Home.aspx -
2015-01-11 /ejn/libcategories.aspx -
2015-01-11 /ejn/EJN_EAWWizard.aspx -
2015-01-11 /ejn/ctrls.eawwizard/IframeEngine.aspx -
2015-01-11 /ejn/EJN_StaticPage.aspx Bread=3
2015-01-11 /ejn/EJN_Home.aspx -
2015-01-11 /ejn/EJN_EAWWizard.aspx -
2015-01-11 /ejn/ctrls.eawwizard/IframeEngine.aspx -
2015-01-11 /ejn/EJN_StaticPage.aspx Bread=12
2015-01-11 /ejn/AtlasChooseCountry.aspx Type=1
2015-01-11 /ejn/AtlasChooseMeasure.aspx MP=1&Cou=ES
2015-01-11 /ejn/AtlasSelection.aspx -
2015-01-11 /ejn/AtlasAuthorityData.aspx Id=4146
2015-01-11 /ejn/AtlasAuthorityData.aspx Id=4146
2015-01-11 /ejn/EJN_Home.aspx -
2015-01-11 /ejn/EJN_EAWWizard.aspx authId=4146&Central=True
2015-01-11 /ejn/ctrls.eawwizard/IframeEngine.aspx -
2015-01-11 /ejn/ctrls.eawwizard/IframeEngine.aspx -
2015-01-11 /ejn/ctrls.eawwizard/iframeEngine.aspx remoteFunction=getAuthority&Id=4146&paneName=central_auth&callback=loadAuth_cb
2015-01-11 /ejn/libshowdocument.aspx Id=248&Lang=LT
2015-01-11 /ejn/EJN_News.aspx id=52
2015-01-11 /ejn/EJN_News.aspx id=52
2015-01-11 /ejn/AtlasAuthorityData.aspx Id=4146
2015-01-11 /ejn/AtlasAuthorityData.aspx Id=4146
2015-01-11 /ejn/AtlasAuthorityData.aspx Id=4146
2015-01-11 /ejn/AtlasAuthorityData.aspx Id=4146
2015-01-11 /ejn/EJN_EAWWizard.aspx -
2015-01-11 /ejn/ -
2015-01-11 /ejn/ctrls.eawwizard/IframeEngine.aspx -
2015-01-11 /ejn/AtlasChooseMeasure.aspx Mp=1&Cou=ES&Type=2
2015-01-11 /ejn/EJN_Home.aspx -
2015-01-11 /ejn/AtlasChooseMeasure.aspx Mp=1&Cou=ES&Type=2
2015-01-11 /ejn/AtlasChooseMeasure.aspx Mp=1&Cou=ES&Type=2
2015-01-11 /ejn/AtlasChooseMeasure.aspx Mp=1&Cou=ES&Type=2
2015-01-11 /ejn/AtlasChooseMeasure.aspx Mp=1&Cou=ES&Type=2
2015-01-11 /ejn/AtlasSelection.aspx -
2015-01-11 /ejn/EJN_Home.aspx -
2015-01-11 /ejn/EJN_StaticPage.aspx Bread=39
2015-01-11 /ejn/EJN_Home.aspx -
2015-01-11 /ejn/EJN_InfoAbout.aspx Id=373
2015-01-11 /ejn/NewsDetail.aspx id=313&Ori=H
2015-01-11 /ejn/ -
2015-01-11 /ejn/EJN_AtlasAdvanced.aspx -
2015-01-11 /ejn/EJN_Home.aspx -
2015-01-11 /ejn/EJN_Home.aspx -
2015-01-11 /ejn/EJN_Home.aspx -
2015-01-11 /ejn/EJN_Home.aspx -
2015-01-11 /ejn/EJN_Home.aspx -
2015-01-11 /ejn/EJN_Home.aspx -
2015-01-11 /ejn/EJN_Home.aspx -
2015-01-11 /ejn/AtlasChooseCountry.aspx Type=2
2015-01-11 /ejn/AtlasChooseMeasure.aspx MP=0&Cou=223
2015-01-11 /ejn/AtlasChooseMeasure.aspx MP=0&Cou=223
2015-01-11 /ejn/AtlasChooseMeasure.aspx MP=0&Cou=223
2015-01-11 /ejn/AtlasSelection.aspx -
2015-01-11 /ejn/AtlasChooseAuthority.aspx -
2015-01-11 /ejn/AtlasChooseAuthority.aspx/GetLocations -
2015-01-11 /ejn/AtlasChooseAuthority.aspx -
2015-01-11 /ejn/AtlasAuthorityData.aspx Id=4853
2015-01-11 /ejn/EJN_Home.aspx -
2015-01-11 /ejn/EJN_Home.aspx -
2015-01-11 /ejn/AtlasChooseCountry.aspx Type=2
2015-01-11 /ejn/AtlasChooseMeasure.aspx MP=0&Cou=337
2015-01-11 /ejn/AtlasChooseMeasure.aspx MP=0&Cou=337
2015-01-11 /ejn/AtlasChooseMeasure.aspx MP=0&Cou=337
2015-01-11 /ejn/AtlasSelection.aspx -
2015-01-11 /ejn/AtlasSelection.aspx -
2015-01-11 /ejn/AtlasSelection.aspx -
2015-01-11 /ejn/AtlasChooseAuthority.aspx -
2015-01-11 /ejn/AtlasChooseAuthority.aspx/GetLocations -
2015-01-11 /ejn/AtlasChooseAuthority.aspx -
2015-01-11 /ejn/AtlasAuthorityData.aspx Id=2622
2015-01-11 /ejn/ -
2015-01-11 /ejn/ -
2015-01-11 /ejn/libcategories.aspx Id=2
2015-01-11 /ejn/libdocumentproperties.aspx Id=1384
2015-01-11 /ejn/libdocumentproperties.aspx Id=1384
2015-01-11 /ejn/EJN_Home.aspx -
2015-01-11 /ejn/EJN_Home.aspx -
2015-01-11 /ejn/EJN_Home.aspx -
2015-01-11 /ejn/EJN_Login.aspx -
2015-01-11 /ejn/EJN_Home.aspx -
2015-01-11 /ejn/EJN_Login.aspx -
2015-01-11 /ejn/EJN_ContactPointsNew.aspx -
2015-01-11 /ejn/EJN_ContactPointsNew.aspx -
2015-01-11 /ejn/EJN_Home.aspx -
2015-01-11 /ejn/EJN_Home.aspx -
2015-01-11 /ejn/EJN_ContactPointsNew.aspx -
2015-01-11 /ejn/EJN_ContactPointDetail.aspx -
2015-01-11 /ejn/EJN_Home.aspx -
2015-01-11 /ejn/EJN_Home.aspx -
2015-01-11 /ejn/libcategories.aspx Id=104
2015-01-11 /ejn/EJN_Home.aspx -
2015-01-11 /ejn/ -
2015-01-11 /ejn/ -
2015-01-11 /ejn/libcategories.aspx Id=25
2015-01-11 /ejn/EJN_Library_StatusOfImpByCat.aspx CategoryId=25
2015-01-11 /ejn/libdocumentproperties.aspx Id=371
2015-01-11 /ejn/libcategories.aspx -
2015-01-11 /ejn/libcategories.aspx Id=3
2015-01-11 /ejn/libcategories.aspx Id=2
2015-01-11 /ejn/EJN_Home.aspx -
2015-01-11 /ejn/libdocumentproperties.aspx Id=727
2015-01-11 /ejn/EJN_Library_StatusOfImpByCat.aspx CategoryId=37
2015-01-11 /ejn/EJN_Home.aspx -
2015-01-11 /ejn/EJN_AtlasAdvanced.aspx -
2015-01-11 /ejn/EJN_Home.aspx -
2015-01-11 /ejn/libdocumentproperties.aspx Id=727
2015-01-11 /ejn/EJN_Home.aspx -
2015-01-11 /ejn/EJN_Home.aspx -
2015-01-11 /ejn/libcategories.aspx -
2015-01-11 /ejn/libcategories.aspx Id=2
2015-01-11 /ejn/libdocumentproperties.aspx Id=727
2015-01-11 /ejn/EJN_Library_StatusOfImpByCat.aspx CategoryId=37
2015-01-11 /ejn/libdocumentproperties.aspx Id=727
2015-01-11 /ejn/libdocumentproperties.aspx Id=727
2015-01-11 /ejn/EJN_Library_StatusOfImpByCat.aspx CategoryId=37
2015-01-11 /ejn/EJN_Library_StatusOfImpByCat.aspx CategoryId=37
2015-01-11 /ejn/EJN_Library_StatusOfImpByCat.aspx CategoryId=37
2015-01-11 /ejn/EJN_Home.aspx -
2015-01-11 /ejn/libdocumentproperties.aspx Id=739
2015-01-11 /ejn/EJN_Library_StatusOfImpByCat.aspx CategoryId=36
2015-01-11 /ejn/EJN_Home.aspx -
2015-01-11 /ejn/EJN_Home.aspx -
2015-01-11 /ejn/libdocumentproperties.aspx Id=1063
2015-01-11 /ejn/EJN_Library_StatusOfImpByCat.aspx CategoryId=39
2015-01-11 /ejn/EJN_Home.aspx -
2015-01-11 /ejn/libcategories.aspx Id=3
2015-01-11 /ejn/libcategories.aspx Id=4
2015-01-11 /ejn/EJN_Home.aspx -
2015-01-11 /ejn/Events.aspx event=162
2015-01-11 /ejn/libcategories.aspx Id=1
2015-01-11 /ejn/EJN_Home.aspx -
2015-01-11 /ejn/libcategories.aspx Id=19
2015-01-11 /ejn/libcategories.aspx Id=21
2015-01-11 /ejn/libcategories.aspx Id=85
2015-01-11 /ejn/libcategories.aspx Id=5
2015-01-11 /ejn/libshowdocument.aspx Id=395&Lang=BG
2015-01-11 /ejn/libcategories.aspx Id=6
2015-01-11 /ejn/EJN_Library_StatusOfImpByCat.aspx CategoryId=37
2015-01-11 /ejn/EJN_Home.aspx -
2015-01-11 /ejn/EJN_Home.aspx -
2015-01-11 /ejn/libcategories.aspx -
2015-01-11 /ejn/libcategories.aspx Id=2
2015-01-11 /ejn/libcategories.aspx Id=2
2015-01-11 /ejn/libcategories.aspx Id=2
2015-01-11 /ejn/EJN_Home.aspx -
2015-01-11 /ejn/EJN_Library_StatusOfImpByCat.aspx CategoryId=36
2015-01-11 /ejn/EJN_Home.aspx -
2015-01-11 /ejn/libcategories.aspx -
2015-01-11 /ejn/libcategories.aspx Id=2
2015-01-11 /ejn/libdocumentproperties.aspx Id=727
2015-01-11 /ejn/libdocumentproperties.aspx Id=727
2015-01-11 /ejn/libdocumentproperties.aspx Id=727
2015-01-11 /ejn/EJN_Home.aspx -
2015-01-11 /ejn/EJN_Home.aspx -
2015-01-11 /ejn/EJN_Home.aspx -
2015-01-11 /ejn/EJN_Home.aspx -
2015-01-11 /ejn/sitemap.aspx -
2015-01-11 /ejn/EJN_Home.aspx -
2015-01-11 /ejn/EJN_Compendium.aspx -
2015-01-11 /ejn/Events.aspx event=348
2015-01-11 /ejn/Events.aspx event=351
2015-01-11 /ejn/NewsDetail.aspx id=352&Ori=H
2015-01-11 /ejn/NewsDetail.aspx id=339&Ori=H
2015-01-11 /ejn/EJN_Home.aspx -
2015-01-11 /ejn/libcategories.aspx Id=14
2015-01-11 /ejn/EJN_Home.aspx -
2015-01-11 /ejn/EJN_StaticPage.aspx Bread=8
2015-01-11 /ejn/EJN_StaticPage.aspx Bread=7
2015-01-11 /ejn/sitemap.aspx -
2015-01-11 /ejn/EJN_Faqs.aspx -
2015-01-11 /ejn/EJN_Search.aspx -
2015-01-11 /ejn/EJN_ContactUs.aspx &KeepThis=true&TB_iframe=true&height=650&width=900
2015-01-11 /ejn/EJN_StaticPage.aspx Bread=4
2015-01-11 /ejn/ejn_home.aspx -
2015-01-11 /ejn/libcategories.aspx Id=24
2015-01-11 /ejn/libcategories.aspx Id=24
2015-01-11 /ejn/EJN_InfoAbout.aspx Id=916510
2015-01-11 /ejn/EJN_InfoAbout.aspx Id=916510
2015-01-11 /ejn/EJN_Home.aspx -
2015-01-11 /ejn/libcategories.aspx Id=14
2015-01-11 /ejn/libcategories.aspx Id=24
2015-01-11 /ejn/ -
2015-01-11 /ejn/EJN_Secretariat.aspx -
2015-01-11 /ejn/EJN_StaticPage.aspx Bread=13
2015-01-11 /ejn/Gallery.aspx -
2015-01-11 /ejn/EJN_StaticPage.aspx Bread=14
2015-01-11 /ejn/EJN_StaticPage.aspx Bread=10
2015-01-11 /ejn/EJN_StaticPage.aspx Bread=16
2015-01-11 /ejn/EJN_StaticPage.aspx Bread=27
2015-01-11 /ejn/EJN_StaticPage.aspx Bread=28
2015-01-11 /ejn/EJN_StaticPage.aspx Bread=17
2015-01-11 /ejn/EJN_StaticPage.aspx Bread=21
2015-01-11 /ejn/EJN_StaticPage.aspx Bread=30
2015-01-11 /ejn/EJN_StaticPage.aspx Bread=20
2015-01-11 /ejn/EJN_StaticPage.aspx Bread=24
2015-01-11 /ejn/EJN_StaticPage.aspx Bread=25
2015-01-11 /ejn/EJN_StaticPage.aspx Bread=18
2015-01-11 /ejn/EJN_StaticPage.aspx Bread=31
2015-01-11 /ejn/EJN_Home.aspx -
2015-01-11 /ejn/EJN_Home.aspx -
2015-01-11 /ejn/ -
2015-01-11 /ejn/EJN_Home.aspx -
2015-01-11 /ejn/EJN_Home.aspx -
2015-01-11 /ejn/EJN_Home.aspx -
2015-01-11 /ejn/EJN_Home.aspx -
2015-01-11 /ejn/EJN_Home.aspx -
2015-01-11 /ejn/EJN_Home.aspx -
2015-01-11 /ejn/EJN_Home.aspx -
2015-01-11 /ejn/EJN_Home.aspx -
2015-01-11 /ejn/libcategories.aspx Id=36
2015-01-11 /ejn/EJN_Home.aspx -
2015-01-11 /ejn/EJN_Home.aspx -
2015-01-11 /ejn/EJN_Home.aspx -
2015-01-11 /ejn/ -
2015-01-11 /ejn/ -
2015-01-11 /ejn/ ++Culture:ESSessionId:4g4ildcosi2m1gmkee5yoxl0Date_Time:22:15
2015-01-11 /ejn/AtlasChooseCountry.aspx Type=1
2015-01-11 /ejn/EJN_StaticPage.aspx Bread=12
2015-01-11 /documents.aspx -
2015-01-11 /documents.aspx -
2015-01-11 /ejn/EJN_EAWWizard.aspx -
2015-01-11 /ejn/EJN_Home.aspx -
2015-01-11 /ejn/ -
2015-01-11 /ejn/EJN_FichesBelges.aspx -
2015-01-11 /ejn/EJN_FichesBelgesTable.aspx -
2015-01-11 /ejn/ -
2015-01-11 /ejn/EJN_StaticPage.aspx Bread=12
2015-01-11 /ejn/ -
2015-01-11 /ejn/ -
2015-01-11 /ejn/EJN_Home.aspx -
2015-01-11 /documents.aspx -
2015-01-11 /ejn/EJN_Home.aspx -
2015-01-11 /ejn/EJN_Home.aspx -
2015-01-11 /ejn/EJN_AtlasAdvanced.aspx -
2015-01-11 /ejn/EJN_Home.aspx -
2015-01-11 /ejn/EJN_Home.aspx -
2015-01-11 /ejn/EJN_Home.aspx -
2015-01-11 /ejn/EJN_Home.aspx -
2015-01-11 /ejn/ -
2015-01-11 /ejn/ ++Culture:SKSessionId:2t4lnxuhmtqttfivp11el10fDate_Time:22:34
2015-01-11 /ejn/EJN_Home.aspx -
2015-01-11 /ejn/EJN_Home.aspx -
2015-01-11 /ejn/EJN_Home.aspx -
2015-01-11 /ejn/EJN_Home.aspx -
2015-01-11 /ejn/EJN_Home.aspx -
2015-01-11 /ejn/EJN_Home.aspx -
2015-01-11 /ejn/EJN_Home.aspx -
2015-01-11 /ejn/EJN_Home.aspx -
2015-01-11 /ejn/ -
2015-01-11 /ejn/EJN_Home.aspx -
2015-01-11 /ejn/EJN_Home.aspx -
2015-01-11 /ejn/EJN_Home.aspx -
2015-01-11 /ejn/ -
2015-01-11 /ejn/AtlasAuthorityData.aspx Id=2631
2015-01-11 /ejn/EJN_Home.aspx -
2015-01-11 /ejn/EJN_Home.aspx -
2015-01-11 /ejn/EJN_Home.aspx -
2015-01-11 /ejn/EJN_Home.aspx -
2015-01-11 /ejn/EJN_Home.aspx -
2015-01-11 /ejn/EJN_Home.aspx -
2015-01-11 /ejn/EJN_Home.aspx -
2015-01-11 /ejn/EJN_Home.aspx -
2015-01-11 /ejn/EJN_Home.aspx -
2015-01-11 /ejn/libcategories.aspx Id=5'A=0
2015-01-11 /ejn/EJN_Home.aspx -
2015-01-11 /ejn/EJN_Home.aspx -
2015-01-11 /ejn/EJN_Home.aspx -
2015-01-11 /ejn/ -
2015-01-11 /ejn/EJN_Home.aspx -
2015-01-11 /ejn/EJN_Home.aspx -
2015-01-11 /ejn/EJN_Home.aspx -
2015-01-11 /ejn/EJN_AtlasAdvanced.aspx -
2015-01-11 /ejn/EJN_Home.aspx -
2015-01-11 /ejn/EJN_Home.aspx -
2015-01-11 /ejn/NewsDetail.aspx id=120&Ori=H
2015-01-11 /ejn/EJN_Home.aspx -
2015-01-11 /ejn/EJN_Home.aspx -
2015-01-11 /ejn/EJN_Home.aspx -
2015-01-11 /ejn/libshowdocument.aspx Id=222&Lang=SL
2015-01-11 /ejn/EJN_Home.aspx -
2015-01-11 /ejn/EJN_News.aspx -
2015-01-11 /ejn/EJN_News.aspx -
2015-01-11 /ejn/EJN_Home.aspx -
2015-01-11 /ejn/EJN_Home.aspx -
2015-01-11 /ejn/EJN_Home.aspx -
2015-01-11 /ejn/libshowdocument.aspx Id=247&Lang=BG
2015-01-11 /ejn/libshowdocument.aspx Id=247&Lang=BG
2015-01-11 /ejn/libshowdocument.aspx Id=222&Lang=LT
2015-01-11 /ejn/EJN_Home.aspx -
2015-01-11 /ejn/EJN_Home.aspx -
2015-01-11 /ejn/EJN_Home.aspx -
2015-01-11 /ejn/EJN_Home.aspx -
2015-01-11 /ejn/EJN_Home.aspx -
2015-01-11 /ejn/EJN_Home.aspx -
2015-01-11 /ejn/EJN_AtlasAdvanced.aspx -
2015-01-11 /ejn/ -
2015-01-11 /ejn/EJN_Home.aspx -
2015-01-11 /ejn/EJN_Home.aspx -
2015-01-11 /ejn/ -
2015-01-11 /ejn/EJN_AtlasAdvanced.aspx -
2015-01-11 /ejn/EJN_Home.aspx -
2015-01-11 /ejn/EJN_Home.aspx -
2015-01-11 /ejn/EJN_Home.aspx -
2015-01-11 /ejn/EJN_Home.aspx -
2015-01-11 /ejn/EJN_Home.aspx -
2015-01-11 /ejn/NewsDetail.aspx id=344&Ori=H
2015-01-11 /ejn/EJN_Home.aspx -
2015-01-11 /ejn/EJN_Home.aspx -
2015-01-11 /ejn/EJN_Home.aspx -
2015-01-11 /ejn/EJN_Home.aspx -
2015-01-11 /ejn/ -
2015-01-11 /ejn/ -
2015-01-11 /ejn/libshowdocument.aspx Id=221&Lang=SK
2015-01-11 /ejn/EJN_Home.aspx -
2015-01-11 /ejn/EJN_AtlasAdvanced.aspx -
2015-01-11 /ejn/EJN_Home.aspx -
2015-01-11 /ejn/EJN_StaticPage.aspx Bread=24
2015-01-11 /ejn/EJN_Home.aspx -
2015-01-11 /ejn/ -
2015-01-11 /ejn/ -
2015-01-11 /ejn/libcategories.aspx Id=14
2015-01-11 /ejn/libshowdocument.aspx Id=1&Lang=EN
2015-01-11 /ejn/EJN_Home.aspx -
2015-01-11 /ejn/EJN_Home.aspx -
2015-01-11 /ejn/EJN_Home.aspx -
2015-01-11 /ejn/EJN_Home.aspx -
2015-01-11 /ejn/EJN_Home.aspx -
2015-01-11 /ejn/EJN_Home.aspx -
