2014-11-22 /ejn/libdocumentproperties.aspx Id=395
2014-11-22 /ejn/libshowdocument.aspx Id=395&Lang=CS
2014-11-22 /ejn/libdocumentproperties.aspx Id=1110
2014-11-22 /ejn/libshowdocument.aspx Id=395&Lang=BG
2014-11-22 /ejn/libshowdocument.aspx Id=395&Lang=EL
2014-11-22 /ejn/libshowdocument.aspx Id=395&Lang=EN
2014-11-22 /ejn/libshowdocument.aspx Id=395&Lang=ES
2014-11-22 /ejn/libshowdocument.aspx Id=395&Lang=ET
2014-11-22 /ejn/libshowdocument.aspx Id=395&Lang=DE
2014-11-22 /ejn/libshowdocument.aspx Id=395&Lang=DK
2014-11-22 /ejn/libshowdocument.aspx Id=434&Lang=EN
2014-11-22 /ejn/libshowdocument.aspx Id=395&Lang=FI
2014-11-22 /ejn/libshowdocument.aspx Id=395&Lang=LT
2014-11-22 /ejn/libshowdocument.aspx Id=395&Lang=LV
2014-11-22 /ejn/libshowdocument.aspx Id=395&Lang=MT
2014-11-22 /ejn/libshowdocument.aspx Id=395&Lang=NL
2014-11-22 /ejn/libshowdocument.aspx Id=395&Lang=PL
2014-11-22 /ejn/libshowdocument.aspx Id=395&Lang=PT
2014-11-22 /ejn/EJN_Home.aspx -
2014-11-22 /ejn/libshowdocument.aspx Id=395&Lang=RO
2014-11-22 /ejn/libshowdocument.aspx Id=395&Lang=SK
2014-11-22 /ejn/libshowdocument.aspx Id=395&Lang=SL
2014-11-22 /ejn/libshowdocument.aspx Id=395&Lang=FR
2014-11-22 /ejn/libshowdocument.aspx Id=395&Lang=SV
2014-11-22 /ejn/libdocumentproperties.aspx Id=1255
2014-11-22 /ejn/libshowdocument.aspx Id=395&Lang=HU
2014-11-22 /ejn/libshowdocument.aspx Id=395&Lang=IT
2014-11-22 /ejn/libshowdocument.aspx Id=1255&Lang=CS
2014-11-22 /ejn/libdocumentproperties.aspx Id=1254
2014-11-22 /ejn/libdocumentproperties.aspx Id=1306
2014-11-22 /ejn/ -
2014-11-22 /ejn/libshowdocument.aspx Id=1306&Lang=EN
2014-11-22 /ejn/libdocumentproperties.aspx Id=1112
2014-11-22 /ejn/libdocumentproperties.aspx Id=1111
2014-11-22 /ejn/libshowdocument.aspx Id=1111&Lang=ES
2014-11-22 /ejn/libdocumentproperties.aspx Id=1220
2014-11-22 /ejn/EJN_StaticPage.aspx Bread=13
2014-11-22 /ejn/libshowdocument.aspx Id=1254&Lang=CS
2014-11-22 /ejn/libdocumentproperties.aspx Id=248
2014-11-22 /ejn/Events.aspx Event=165
2014-11-22 /ejn/Events.aspx Event=165
2014-11-22 /ejn/Events.aspx Event=165
2014-11-22 /ejn/EJN_Home.aspx -
2014-11-22 /ejn/NewsDetail.aspx id=326&Ori=H
2014-11-22 /ejn/ -
2014-11-22 /ejn/EJN_StaticPage.aspx Bread=13
2014-11-22 /ejn/Events.aspx Event=165
2014-11-22 /ejn/Events.aspx Event=165
2014-11-22 /ejn/Events.aspx Event=165
2014-11-22 /ejn/Events.aspx Event=165
2014-11-22 /ejn/EJN_StaticPage.aspx Bread=13
2014-11-22 /ejn/Events.aspx Event=165
2014-11-22 /ejn/libshowdocument.aspx Id=248&Lang=CS
2014-11-22 /ejn/libshowdocument.aspx Id=248&Lang=DE
2014-11-22 /ejn/libshowdocument.aspx Id=1112&Lang=ES
2014-11-22 /ejn/libshowdocument.aspx Id=1220&Lang=SL
2014-11-22 /ejn/libshowdocument.aspx Id=248&Lang=DK
2014-11-22 /ejn/libshowdocument.aspx Id=248&Lang=EN
2014-11-22 /ejn/libshowdocument.aspx Id=248&Lang=ES
2014-11-22 /ejn/libshowdocument.aspx Id=248&Lang=HU
2014-11-22 /ejn/EJN_AtlasAdvanced.aspx -
2014-11-22 /ejn/libshowdocument.aspx Id=248&Lang=IT
2014-11-22 /ejn/libshowdocument.aspx Id=248&Lang=LT
2014-11-22 /ejn/libshowdocument.aspx Id=248&Lang=FI
2014-11-22 /ejn/libshowdocument.aspx Id=248&Lang=FR
2014-11-22 /ejn/libshowdocument.aspx Id=248&Lang=ET
2014-11-22 /ejn/libshowdocument.aspx Id=248&Lang=LV
2014-11-22 /ejn/libshowdocument.aspx Id=248&Lang=SK
2014-11-22 /ejn/EJN_Home.aspx -
2014-11-22 /ejn/libshowdocument.aspx Id=248&Lang=SL
2014-11-22 /ejn/libshowdocument.aspx Id=248&Lang=PT
2014-11-22 /ejn/libdocumentproperties.aspx Id=1253
2014-11-22 /ejn/libshowdocument.aspx Id=1253&Lang=EN
2014-11-22 /ejn/libdocumentproperties.aspx Id=1252
2014-11-22 /ejn/libshowdocument.aspx Id=1252&Lang=CS
2014-11-22 /ejn/libshowdocument.aspx Id=248&Lang=SV
2014-11-22 /ejn/libshowdocument.aspx Id=248&Lang=NL
2014-11-22 /ejn/libshowdocument.aspx Id=248&Lang=PL
2014-11-22 /ejn/libshowdocument.aspx Id=1218&Lang=SL
2014-11-22 /ejn/libdocumentproperties.aspx Id=1235
2014-11-22 /ejn/libdocumentproperties.aspx Id=1218
2014-11-22 /ejn/EJN_Home.aspx -
2014-11-22 /ejn/NewsDetail.aspx id=327&Ori=H
2014-11-22 /ejn/EJN_Home.aspx -
2014-11-22 /ejn/libshowdocument.aspx Id=1235&Lang=EN
2014-11-22 /ejn/libdocumentproperties.aspx Id=1098
2014-11-22 /ejn/libshowdocument.aspx Id=1098&Lang=ES
2014-11-22 /ejn/libshowdocument.aspx Id=1099&Lang=ES
2014-11-22 /ejn/libdocumentproperties.aspx Id=1114
2014-11-22 /ejn/ -
2014-11-22 /ejn/libdocumentproperties.aspx Id=571
2014-11-22 /ejn/libcategories.aspx id=6
2014-11-22 /ejn/libdocumentproperties.aspx Id=567
2014-11-22 /ejn/libdocumentproperties.aspx Id=1091
2014-11-22 /ejn/libdocumentproperties.aspx Id=1085
2014-11-22 /ejn/libdocumentproperties.aspx Id=1086
2014-11-22 /ejn/libdocumentproperties.aspx Id=1087
2014-11-22 /ejn/libdocumentproperties.aspx Id=568
2014-11-22 /ejn/libdocumentproperties.aspx Id=1088
2014-11-22 /ejn/libdocumentproperties.aspx Id=1089
2014-11-22 /ejn/EJN_Home.aspx -
2014-11-22 /ejn/libdocumentproperties.aspx Id=1090
2014-11-22 /ejn/libdocumentproperties.aspx Id=1099
2014-11-22 /ejn/libdocumentproperties.aspx Id=1093
2014-11-22 /ejn/libdocumentproperties.aspx Id=1084
2014-11-22 /ejn/libdocumentproperties.aspx Id=749
2014-11-22 /ejn/libdocumentproperties.aspx Id=750
2014-11-22 /ejn/libdocumentproperties.aspx Id=1340
2014-11-22 /ejn/libdocumentproperties.aspx Id=1341
2014-11-22 /ejn/libdocumentproperties.aspx Id=1144
2014-11-22 /ejn/libdocumentproperties.aspx Id=813
2014-11-22 /ejn/libdocumentproperties.aspx Id=743
2014-11-22 /ejn/libdocumentproperties.aspx Id=1083
2014-11-22 /ejn/EJN_Home.aspx -
2014-11-22 /ejn/libdocumentproperties.aspx Id=745
2014-11-22 /ejn/libdocumentproperties.aspx Id=1113
2014-11-22 /ejn/libdocumentproperties.aspx Id=744
2014-11-22 /ejn/EJN_Home.aspx -
2014-11-22 /ejn/libdocumentproperties.aspx Id=461
2014-11-22 /ejn/libdocumentproperties.aspx Id=462
2014-11-22 /ejn/libdocumentproperties.aspx Id=463
2014-11-22 /ejn/libdocumentproperties.aspx Id=962
2014-11-22 /ejn/libdocumentproperties.aspx Id=961
2014-11-22 /ejn/libdocumentproperties.aspx Id=754
2014-11-22 /ejn/libdocumentproperties.aspx Id=755
2014-11-22 /ejn/libdocumentproperties.aspx Id=943
2014-11-22 /ejn/libdocumentproperties.aspx Id=944
2014-11-22 /ejn/libdocumentproperties.aspx Id=757
2014-11-22 /ejn/libdocumentproperties.aspx Id=746
2014-11-22 /ejn/libdocumentproperties.aspx Id=1123
2014-11-22 /ejn/libdocumentproperties.aspx Id=484
2014-11-22 /ejn/ -
2014-11-22 /ejn/EJN_Home.aspx -
2014-11-22 /ejn/libdocumentproperties.aspx Id=1092
2014-11-22 /ejn/libdocumentproperties.aspx Id=475
2014-11-22 /ejn/libdocumentproperties.aspx Id=476
2014-11-22 /ejn/libdocumentproperties.aspx Id=676
2014-11-22 /ejn/libdocumentproperties.aspx Id=405
2014-11-22 /ejn/libdocumentproperties.aspx Id=406
2014-11-22 /ejn/libdocumentproperties.aspx Id=1033
2014-11-22 /ejn/libdocumentproperties.aspx Id=1024
2014-11-22 /ejn/libdocumentproperties.aspx Id=245
2014-11-22 /ejn/libdocumentproperties.aspx Id=481
2014-11-22 /ejn/libdocumentproperties.aspx Id=460
2014-11-22 /ejn/libdocumentproperties.aspx Id=1314
2014-11-22 /ejn/libdocumentproperties.aspx Id=1316
2014-11-22 /ejn/libdocumentproperties.aspx Id=675
2014-11-22 /ejn/libdocumentproperties.aspx Id=902
2014-11-22 /ejn/libdocumentproperties.aspx Id=903
2014-11-22 /ejn/libdocumentproperties.aspx Id=758
2014-11-22 /ejn/libdocumentproperties.aspx Id=796
2014-11-22 /ejn/libdocumentproperties.aspx Id=485
2014-11-22 /ejn/libdocumentproperties.aspx Id=785
2014-11-22 /ejn/libdocumentproperties.aspx Id=1221
2014-11-22 /ejn/libdocumentproperties.aspx Id=1222
2014-11-22 /ejn/libdocumentproperties.aspx Id=1224
2014-11-22 /ejn/libdocumentproperties.aspx Id=1223
2014-11-22 /ejn/libdocumentproperties.aspx Id=448
2014-11-22 /ejn/libdocumentproperties.aspx Id=1345
2014-11-22 /ejn/libdocumentproperties.aspx Id=1180
2014-11-22 /ejn/libdocumentproperties.aspx Id=1129
2014-11-22 /ejn/libdocumentproperties.aspx Id=1313
2014-11-22 /ejn/libdocumentproperties.aspx Id=1312
2014-11-22 /ejn/libdocumentproperties.aspx Id=403
2014-11-22 /ejn/libdocumentproperties.aspx Id=249
2014-11-22 /ejn/libdocumentproperties.aspx Id=604
2014-11-22 /ejn/libdocumentproperties.aspx Id=605
2014-11-22 /ejn/libdocumentproperties.aspx Id=609
2014-11-22 /ejn/libdocumentproperties.aspx Id=935
2014-11-22 /ejn/libcategories.aspx id=8
2014-11-22 /ejn/libdocumentproperties.aspx Id=1189
2014-11-22 /ejn/libdocumentproperties.aspx Id=443
2014-11-22 /ejn/libdocumentproperties.aspx Id=1191
2014-11-22 /ejn/libdocumentproperties.aspx Id=973
2014-11-22 /ejn/libdocumentproperties.aspx Id=972
2014-11-22 /ejn/libdocumentproperties.aspx Id=1225
2014-11-22 /ejn/libcategories.aspx id=7
2014-11-22 /ejn/EJN_Home.aspx -
2014-11-22 /ejn/libdocumentproperties.aspx Id=969
2014-11-22 /ejn/libdocumentproperties.aspx Id=968
2014-11-22 /ejn/libdocumentproperties.aspx Id=967
2014-11-22 /ejn/libdocumentproperties.aspx Id=784
2014-11-22 /ejn/libdocumentproperties.aspx Id=910
2014-11-22 /ejn/libdocumentproperties.aspx Id=710
2014-11-22 /ejn/libdocumentproperties.aspx Id=970
2014-11-22 /ejn/libcategories.aspx id=2
2014-11-22 /ejn/EJN_Library_StatusOfImpByCat.aspx CategoryId=104
2014-11-22 /ejn/libdocumentproperties.aspx Id=1054
2014-11-22 /ejn/libdocumentproperties.aspx Id=936
2014-11-22 /ejn/libdocumentproperties.aspx Id=1051
2014-11-22 /ejn/EJN_Library_StatusOfImpByCat.aspx CategoryId=64
2014-11-22 /ejn/libdocumentproperties.aspx Id=1052
2014-11-22 /ejn/EJN_Library_StatusOfImpByCat.aspx CategoryId=53
2014-11-22 /ejn/libdocumentproperties.aspx Id=1282
2014-11-22 /ejn/EJN_Library_StatusOfImpByCat.aspx CategoryId=90
2014-11-22 /ejn/libdocumentproperties.aspx Id=937
2014-11-22 /ejn/EJN_Library_StatusOfImpByCat.aspx CategoryId=42
2014-11-22 /ejn/EJN_Home.aspx -
2014-11-22 /ejn/libdocumentproperties.aspx Id=1283
2014-11-22 /ejn/EJN_Library_StatusOfImpByCat.aspx CategoryId=91
2014-11-22 /ejn/libdocumentproperties.aspx Id=1284
2014-11-22 /ejn/EJN_Library_StatusOfImpByCat.aspx CategoryId=55
2014-11-22 /ejn/EJN_Library_StatusOfImpByCat.aspx CategoryId=67
2014-11-22 /ejn/libdocumentproperties.aspx Id=1285
2014-11-22 /ejn/EJN_Library_StatusOfImpByCat.aspx CategoryId=100
2014-11-22 /ejn/libdocumentproperties.aspx Id=971
2014-11-22 /ejn/libdocumentproperties.aspx Id=1315
2014-11-22 /ejn/libdocumentproperties.aspx Id=938
2014-11-22 /ejn/EJN_Library_StatusOfImpByCat.aspx CategoryId=52
2014-11-22 /ejn/libdocumentproperties.aspx Id=728
2014-11-22 /ejn/EJN_Library_StatusOfImpByCat.aspx CategoryId=54
2014-11-22 /ejn/libdocumentproperties.aspx Id=1286
2014-11-22 /ejn/libdocumentproperties.aspx Id=940
2014-11-22 /ejn/EJN_Library_StatusOfImpByCat.aspx CategoryId=60
2014-11-22 /ejn/EJN_Library_StatusOfImpByCat.aspx CategoryId=38
2014-11-22 /ejn/EJN_Library_StatusOfImpByCat.aspx CategoryId=40
2014-11-22 /ejn/libdocumentproperties.aspx Id=727
2014-11-22 /ejn/EJN_Library_StatusOfImpByCat.aspx CategoryId=37
2014-11-22 /ejn/libdocumentproperties.aspx Id=739
2014-11-22 /ejn/EJN_Library_StatusOfImpByCat.aspx CategoryId=36
2014-11-22 /ejn/libdocumentproperties.aspx Id=941
2014-11-22 /ejn/EJN_Library_StatusOfImpByCat.aspx CategoryId=66
2014-11-22 /ejn/libdocumentproperties.aspx Id=1063
2014-11-22 /ejn/EJN_Library_StatusOfImpByCat.aspx CategoryId=39
2014-11-22 /ejn/libdocumentproperties.aspx Id=939
2014-11-22 /ejn/EJN_Library_StatusOfImpByCat.aspx CategoryId=35
2014-11-22 /ejn/EJN_AtlasAdvanced.aspx -
2014-11-22 /ejn/EJN_Home.aspx -
2014-11-22 /ejn/libdocumentproperties.aspx Id=729
2014-11-22 /ejn/EJN_AtlasAdvanced.aspx -
2014-11-22 /ejn/EJN_Home.aspx -
2014-11-22 /ejn/EJN_Home.aspx -
2014-11-22 /ejn/EJN_Home.aspx -
2014-11-22 /ejn/EJN_FichesBelges.aspx -
2014-11-22 /ejn/EJN_Home.aspx -
2014-11-22 /ejn/EJN_Home.aspx -
2014-11-22 /ejn/EJN_Home.aspx -
2014-11-22 /ejn/EJN_Home.aspx -
2014-11-22 /ejn/libdocumentproperties.aspx Id=244
2014-11-22 /ejn/libshowdocument.aspx Id=244&Lang=CS
2014-11-22 /ejn/libshowdocument.aspx Id=244&Lang=DK
2014-11-22 /ejn/libshowdocument.aspx Id=244&Lang=EL
2014-11-22 /ejn/libshowdocument.aspx Id=244&Lang=DE
2014-11-22 /ejn/libshowdocument.aspx Id=244&Lang=FI
2014-11-22 /ejn/libshowdocument.aspx Id=244&Lang=FR
2014-11-22 /ejn/libshowdocument.aspx Id=244&Lang=HU
2014-11-22 /ejn/libshowdocument.aspx Id=244&Lang=ES
2014-11-22 /ejn/libshowdocument.aspx Id=244&Lang=EN
2014-11-22 /ejn/libshowdocument.aspx Id=244&Lang=IT
2014-11-22 /ejn/libshowdocument.aspx Id=244&Lang=ET
2014-11-22 /ejn/libshowdocument.aspx Id=244&Lang=NL
2014-11-22 /ejn/libshowdocument.aspx Id=244&Lang=PL
2014-11-22 /ejn/libshowdocument.aspx Id=244&Lang=MT
2014-11-22 /ejn/libshowdocument.aspx Id=244&Lang=PT
2014-11-22 /ejn/libshowdocument.aspx Id=244&Lang=SK
2014-11-22 /ejn/libshowdocument.aspx Id=244&Lang=LT
2014-11-22 /ejn/libshowdocument.aspx Id=244&Lang=SL
2014-11-22 /ejn/libdocumentproperties.aspx Id=1050
2014-11-22 /ejn/newsdetail.aspx Id=234
2014-11-22 /ejn/libdocumentproperties.aspx Id=550
2014-11-22 /ejn/libdocumentproperties.aspx Id=1193
2014-11-22 /ejn/libdocumentproperties.aspx Id=1079
2014-11-22 /ejn/libdocumentproperties.aspx Id=1080
2014-11-22 /ejn/newsdetail.aspx Id=235
2014-11-22 /ejn/libdocumentproperties.aspx Id=608
2014-11-22 /ejn/newsdetail.aspx Id=238
2014-11-22 /ejn/libshowdocument.aspx Id=244&Lang=SV
2014-11-22 /ejn/libshowdocument.aspx Id=244&Lang=LV
2014-11-22 /ejn/newsdetail.aspx Id=237
2014-11-22 /ejn/newsdetail.aspx Id=240
2014-11-22 /ejn/EJN_Home.aspx -
2014-11-22 /ejn/newsdetail.aspx Id=233
2014-11-22 /ejn/EJN_Home.aspx -
2014-11-22 /ejn/EJN_Home.aspx -
2014-11-22 /ejn/newsdetail.aspx Id=245
2014-11-22 /ejn/newsdetail.aspx Id=243
2014-11-22 /ejn/newsdetail.aspx Id=242
2014-11-22 /ejn/libdocumentproperties.aspx Id=1365
2014-11-22 /ejn/EJN_Home.aspx -
2014-11-22 /ejn/EJN_Home.aspx -
2014-11-22 /ejn/libdocumentproperties.aspx Id=1367
2014-11-22 /ejn/libdocumentproperties.aspx Id=1366
2014-11-22 /ejn/EJN_Home.aspx -
2014-11-22 /ejn/EJN_Home.aspx -
2014-11-22 /ejn/EJN_Home.aspx -
2014-11-22 /ejn/ -
2014-11-22 /ejn/EJN_InfoAbout.aspx Id=313
2014-11-22 /ejn/newsdetail.aspx Id=248
2014-11-22 /ejn/EJN_Home.aspx -
2014-11-22 /ejn/newsdetail.aspx Id=249
2014-11-22 /ejn/EJN_InfoAbout.aspx Id=273
2014-11-22 /ejn/EJN_QuickLinks.aspx id=25
2014-11-22 /ejn/EJN_Home.aspx -
2014-11-22 /ejn/NewsDetail.aspx id=169&Ori=H
2014-11-22 /ejn/EJN_Home.aspx -
2014-11-22 /ejn/EJN_Home.aspx -
2014-11-22 /ejn/EJN_InfoAbout.aspx Id=395
2014-11-22 /ejn/EJN_Home.aspx -
2014-11-22 /ejn/EJN_InfoAbout.aspx Id=432
2014-11-22 /ejn/EJN_InfoAbout.aspx Id=215
2014-11-22 /ejn/EJN_Home.aspx -
2014-11-22 /ejn/EJN_InfoAbout.aspx Id=369
2014-11-22 /ejn/EJN_InfoAbout.aspx Id=287
2014-11-22 /ejn/EJN_AtlasAdvancedOld.aspx ctyCode=PT
2014-11-22 /ejn/ -
2014-11-22 /ejn/EJN_InfoAbout.aspx Id=352
2014-11-22 /ejn/EJN_AtlasAdvanced.aspx -
2014-11-22 /ejn/EJN_InfoAbout.aspx Id=435
2014-11-22 /EAW_atlas.aspx -
2014-11-22 /ejn/EJN_StaticPage.aspx Bread=12
2014-11-22 /ejn/EJN_Home.aspx -
2014-11-22 /ejn/EJN_Home.aspx -
2014-11-22 /ejn/EJN_Home.aspx -
2014-11-22 /ejn/EJN_Home.aspx -
2014-11-22 /ejn/EJN_Home.aspx -
2014-11-22 /ejn/EJN_InfoAbout.aspx Id=230
2014-11-22 /ejn/EJN_Home.aspx -
2014-11-22 /ejn/EJN_Home.aspx -
2014-11-22 /ejn/EJN_Home.aspx -
2014-11-22 /ejn/ -
2014-11-22 /ejn/EJN_InfoAbout.aspx Id=223
2014-11-22 /ejn/EJN_Home.aspx -
2014-11-22 /ejn/EJN_InfoAbout.aspx Id=260
2014-11-22 /ejn/EJN_InfoAbout.aspx Id=368
2014-11-22 /ejn/EJN_Home.aspx -
2014-11-22 /ejn/EJN_InfoAbout.aspx Id=364
2014-11-22 /ejn/EJN_InfoAbout.aspx Id=239
2014-11-22 /ejn/EJN_InfoAbout.aspx Id=321
2014-11-22 /ejn/EJN_Home.aspx -
2014-11-22 /ejn/EJN_InfoAbout.aspx Id=295
2014-11-22 /ejn/EJN_AtlasAdvanced.aspx -
2014-11-22 /ejn/EJN_Home.aspx -
2014-11-22 /ejn/EJN_InfoAbout.aspx Id=269
2014-11-22 /ejn/EJN_InfoAbout.aspx Id=337
2014-11-22 /ejn/EJN_InfoAbout.aspx Id=378
2014-11-22 /ejn/EJN_InfoAbout.aspx Id=373
2014-11-22 /forms.aspx -
2014-11-22 /ejn/EJN_InfoAbout.aspx Id=277
2014-11-22 /ejn/EJN_InfoAbout.aspx Id=342
2014-11-22 /ejn/EJN_Home.aspx -
2014-11-22 /ejn/EJN_InfoAbout.aspx Id=272
2014-11-22 /ejn/EJN_Home.aspx -
2014-11-22 /ejn/EJN_InfoAbout.aspx Id=307
2014-11-22 /ejn/EJN_Home.aspx -
2014-11-22 /ejn/newsdetail.aspx Id=257
2014-11-22 /ejn/EJN_Home.aspx -
2014-11-22 /ejn/newsdetail.aspx Id=251
2014-11-22 /ejn/EJN_Home.aspx -
2014-11-22 /ejn/libdocumentproperties.aspx Id=1386
2014-11-22 /ejn/libdocumentproperties.aspx Id=1380
2014-11-22 /ejn/EJN_Home.aspx -
2014-11-22 /ejn/libshowdocument.aspx Id=421&Lang=HR
2014-11-22 /ejn/libdocumentproperties.aspx Id=1387
2014-11-22 /ejn/EJN_InfoAbout.aspx Id=288
2014-11-22 /ejn/EJN_Home.aspx -
2014-11-22 /ejn/EJN_Home.aspx -
2014-11-22 /ejn/EJN_InfoAbout.aspx Id=258
2014-11-22 /ejn/EJN_InfoAbout.aspx Id=354
2014-11-22 /ejn/libdocumentproperties.aspx Id=1388
2014-11-22 /ejn/libdocumentproperties.aspx Id=1392
2014-11-22 /ejn/libdocumentproperties.aspx Id=1390
2014-11-22 /ejn/libdocumentproperties.aspx Id=1384
2014-11-22 /ejn/libdocumentproperties.aspx Id=1391
2014-11-22 /ejn/libdocumentproperties.aspx Id=1398
2014-11-22 /ejn/libdocumentproperties.aspx Id=1394
2014-11-22 /ejn/newsdetail.aspx Id=269
2014-11-22 /ejn/EJN_InfoAbout.aspx Id=279
2014-11-22 /ejn/newsdetail.aspx Id=262
2014-11-22 /ejn/newsdetail.aspx Id=266
2014-11-22 /ejn/EJN_Home.aspx -
2014-11-22 /ejn/EJN_InfoAbout.aspx Id=430
2014-11-22 /ejn/libdocumentproperties.aspx Id=1404
2014-11-22 /ejn/EJN_InfoAbout.aspx Id=293
2014-11-22 /ejn/AtlasChooseMeasure.aspx MP=1&Cou=UK&Type=2
2014-11-22 /ejn/EJN_Home.aspx -
2014-11-22 /ejn/EJN_InfoAbout.aspx Id=389
2014-11-22 /ejn/newsdetail.aspx Id=270
2014-11-22 /ejn/newsdetail.aspx Id=272
2014-11-22 /ejn/EJN_Home.aspx -
2014-11-22 /ejn/EJN_InfoAbout.aspx Id=351
2014-11-22 /ejn/EJN_InfoAbout.aspx Id=434
2014-11-22 /ejn/EJN_InfoAbout.aspx Id=259
2014-11-22 /ejn/EJN_Home.aspx -
2014-11-22 /ejn/EJN_Home.aspx -
2014-11-22 /ejn/EJN_Home.aspx -
2014-11-22 /ejn/EJN_InfoAbout.aspx Id=314
2014-11-22 /ejn/EJN_Home.aspx -
2014-11-22 /ejn/EJN_InfoAbout.aspx Id=433
2014-11-22 /ejn/EJN_Home.aspx -
2014-11-22 /ejn/EJN_Home.aspx -
2014-11-22 /ejn/AtlasChooseCountry.aspx -
2014-11-22 /ejn/AtlasChooseMeasure.aspx MP=0&Cou=272
2014-11-22 /ejn/AtlasChooseMeasure.aspx MP=0&Cou=314
2014-11-22 /ejn/AtlasChooseMeasure.aspx MP=0&Cou=259
2014-11-22 /ejn/AtlasChooseMeasure.aspx MP=0&Cou=368
2014-11-22 /ejn/AtlasChooseMeasure.aspx MP=0&Cou=337
2014-11-22 /ejn/AtlasChooseMeasure.aspx MP=0&Cou=295
2014-11-22 /ejn/AtlasChooseMeasure.aspx MP=0&Cou=352
2014-11-22 /ejn/EJN_QuickLinks.aspx id=23
2014-11-22 /ejn/EJN_Home.aspx -
2014-11-22 /ejn/EJN_Home.aspx -
2014-11-22 /ejn/EJN_Home.aspx -
2014-11-22 /ejn/AtlasChooseMeasure.aspx MP=0&Cou=351
2014-11-22 /ejn/EJN_Home.aspx -
2014-11-22 /ejn/EJN_Home.aspx -
2014-11-22 /ejn/EJN_Home.aspx -
2014-11-22 /ejn/AtlasChooseMeasure.aspx MP=0&Cou=293
2014-11-22 /ejn/AtlasChooseMeasure.aspx MP=0&Cou=260
2014-11-22 /ejn/AtlasChooseMeasure.aspx MP=0&Cou=273
2014-11-22 /ejn/AtlasChooseMeasure.aspx MP=0&Cou=369
2014-11-22 /ejn/AtlasChooseMeasure.aspx MP=0&Cou=277
2014-11-22 /ejn/AtlasChooseMeasure.aspx MP=0&Cou=378
2014-11-22 /ejn/AtlasChooseMeasure.aspx MP=0&Cou=395
2014-11-22 /ejn/ -
2014-11-22 /ejn/AtlasChooseMeasure.aspx MP=0&Cou=287
2014-11-22 /ejn/AtlasChooseMeasure.aspx MP=0&Cou=432
2014-11-22 /ejn/AtlasChooseMeasure.aspx MP=1&Cou=UK
2014-11-22 /ejn/AtlasChooseMeasure.aspx MP=0&Cou=321
2014-11-22 /ejn/AtlasChooseMeasure.aspx MP=0&Cou=230
2014-11-22 /ejn/EJN_AtlasAdvanced.aspx -
2014-11-22 /ejn/AtlasChooseMeasure.aspx MP=0&Cou=279
2014-11-22 /ejn/AtlasChooseMeasure.aspx MP=0&Cou=354
2014-11-22 /ejn/EJN_Home.aspx -
2014-11-22 /ejn/AtlasChooseMeasure.aspx MP=0&Cou=258
2014-11-22 /ejn/AtlasChooseMeasure.aspx MP=0&Cou=373
2014-11-22 /ejn/AtlasChooseMeasure.aspx MP=0&Cou=313
2014-11-22 /ejn/AtlasChooseMeasure.aspx MP=0&Cou=269
2014-11-22 /ejn/AtlasChooseMeasure.aspx MP=0&Cou=307
2014-11-22 /ejn/AtlasChooseMeasure.aspx MP=0&Cou=223
2014-11-22 /ejn/EJN_Home.aspx -
2014-11-22 /ejn/AtlasChooseMeasure.aspx MP=0&Cou=239
2014-11-22 /ejn/AtlasChooseMeasure.aspx MP=0&Cou=342
2014-11-22 /ejn/NewsDetail.aspx id=309&Ori=H
2014-11-22 /ejn/EJN_StaticPage.aspx Bread=25
2014-11-22 /ejn/EJN_Home.aspx -
2014-11-22 /ejn/EJN_StaticPage.aspx Bread=35
2014-11-22 /ejn/EJN_Home.aspx -
2014-11-22 /ejn/EJN_FichesBelges.aspx -
2014-11-22 /ejn/EJN_Home.aspx -
2014-11-22 /ejn/NewsAll.aspx -
2014-11-22 /ejn/ -
2014-11-22 /ejn/EJN_Home.aspx -
2014-11-22 /ejn/NewsAll.aspx Id=5
2014-11-22 /ejn/EJN_StaticPage.aspx Bread=11
2014-11-22 /ejn/NewsDetail.aspx id=327&Ori=H
2014-11-22 /ejn/Events.aspx -
2014-11-22 /ejn/EJN_EAWWizard.aspx -
2014-11-22 /ejn/EJN_Home.aspx -
2014-11-22 /atlas_advanced.aspx -
2014-11-22 /ejn/EJN_Home.aspx -
2014-11-22 /ejn/ctrls.eawwizard/IframeEngine.aspx -
2014-11-22 /ejn/EJN_AtlasAdvanced.aspx -
2014-11-22 /ejn/EJN_Home.aspx -
2014-11-22 /ejn/EJN_StaticPage.aspx Bread=4
2014-11-22 /ejn/NewsAll.aspx Id=2
2014-11-22 /ejn/Gallery.aspx -
2014-11-22 /ejn/EJN_StaticPage.aspx Bread=5
2014-11-22 /ejn/EJN_Home.aspx -
2014-11-22 /ejn/EJN_Home.aspx -
2014-11-22 /ejn/Events.aspx event=253
2014-11-22 /ejn/EJN_Home.aspx -
2014-11-22 /ejn/EJN_StaticPage.aspx Bread=16
2014-11-22 /ejn/EJN_Home.aspx -
2014-11-22 /ejn/EJN_Home.aspx -
2014-11-22 /ejn/EJN_StaticPage.aspx Bread=1
2014-11-22 /ejn/EJN_StaticPage.aspx Bread=22
2014-11-22 /ejn/EJN_StaticPage.aspx Bread=10
2014-11-22 /ejn/EJN_StaticPage.aspx Bread=37
2014-11-22 /ejn/EJN_StaticPage.aspx Bread=17
2014-11-22 /ejn/EJN_Home.aspx -
2014-11-22 /ejn/EJN_QuickLinks.aspx id=25
2014-11-22 /ejn/EJN_Login.aspx -
2014-11-22 /ejn/NewsDetail.aspx id=300&Ori=H
2014-11-22 /ejn/EJN_StaticPage.aspx Bread=2
2014-11-22 /ejn/EJN_StaticPage.aspx Bread=9
2014-11-22 /ejn/EJN_StaticPage.aspx Bread=38
2014-11-22 /ejn/NewsDetail.aspx id=299&Ori=H
2014-11-22 /ejn/EJN_Home.aspx -
2014-11-22 /ejn/Events.aspx id=6
2014-11-22 /ejn/EJN_StaticPage.aspx Bread=19
2014-11-22 /ejn/libcategories.aspx Id=25
2014-11-22 /ejn/EJN_Home.aspx -
2014-11-22 /ejn/NewsDetail.aspx id=321&Ori=H
2014-11-22 /ejn/EJN_StaticPage.aspx Bread=27
2014-11-22 /ejn/libdocumentproperties.aspx Id=1407
2014-11-22 /ejn/libdocumentproperties.aspx Id=1171
2014-11-22 /ejn/EJN_QuickLinks.aspx id=28
2014-11-22 /ejn/libdocumentproperties.aspx Id=1405
2014-11-22 /ejn/libshowdocument.aspx Id=244&Lang=BG
2014-11-22 /ejn/EJN_Home.aspx -
2014-11-22 /ejn/EJN_QuickLinks.aspx -
2014-11-22 /ejn/libshowdocument.aspx Id=244&Lang=RO
2014-11-22 /ejn/EJN_StaticPage.aspx Bread=23
2014-11-22 /ejn/EJN_StaticPage.aspx Bread=14
2014-11-22 /ejn/EJN_StaticPage.aspx Bread=12
2014-11-22 /ejn/EJN_QuickLinks.aspx id=27
2014-11-22 /ejn/EJN_StaticPage.aspx Bread=24
2014-11-22 /ejn/libcategories.aspx -
2014-11-22 /ejn/newsdetail.aspx Id=276
2014-11-22 /ejn/newsdetail.aspx Id=274
2014-11-22 /ejn/newsdetail.aspx Id=275
2014-11-22 /ejn/libdocumentproperties.aspx Id=1417
2014-11-22 /ejn/libdocumentproperties.aspx Id=1410
2014-11-22 /ejn/libdocumentproperties.aspx Id=1411
2014-11-22 /ejn/libdocumentproperties.aspx Id=1408
2014-11-22 /ejn/libdocumentproperties.aspx Id=1412
2014-11-22 /ejn/libdocumentproperties.aspx Id=1413
2014-11-22 /ejn/libdocumentproperties.aspx Id=1418
2014-11-22 /ejn/newsdetail.aspx Id=286
2014-11-22 /ejn/newsdetail.aspx Id=285
2014-11-22 /ejn/EJN_Home.aspx -
2014-11-22 /ejn/EJN_StaticPage.aspx Bread=26
2014-11-22 /ejn/libcategories.aspx Id=34
2014-11-22 /ejn/libdocumentproperties.aspx Id=1453
2014-11-22 /ejn/newsdetail.aspx Id=283
2014-11-22 /ejn/newsdetail.aspx Id=284
2014-11-22 /ejn/AtlasChooseCountry.aspx Type=1
2014-11-22 /ejn/EJN_StaticPage.aspx Bread=36
2014-11-22 /ejn/libdocumentproperties.aspx Id=1454
2014-11-22 /ejn/EJN_StaticPage.aspx Bread=3
2014-11-22 /ejn/EJN_StaticPage.aspx Bread=21
2014-11-22 /ejn/newsdetail.aspx Id=291
2014-11-22 /ejn/newsdetail.aspx Id=293
2014-11-22 /ejn/newsdetail.aspx Id=298
2014-11-22 /ejn/newsdetail.aspx Id=292
2014-11-22 /ejn/EJN_StaticPage.aspx Bread=31
2014-11-22 /ejn/EJN_Home.aspx -
2014-11-22 /ejn/NewsDetail.aspx id=305&Ori=H
2014-11-22 /ejn/newsdetail.aspx Id=287
2014-11-22 /ejn/newsdetail.aspx Id=294
2014-11-22 /ejn/EJN_StaticPage.aspx Bread=18
2014-11-22 /ejn/NewsDetail.aspx id=315&Ori=H
2014-11-22 /ejn/EJN_StaticPage.aspx Bread=34
2014-11-22 /ejn/NewsDetail.aspx id=312&Ori=H
2014-11-22 /ejn/EJN_Home.aspx -
2014-11-22 /ejn/newsdetail.aspx Id=309
2014-11-22 /ejn/newsdetail.aspx Id=305
2014-11-22 /ejn/EJN_StaticPage.aspx Bread=20
2014-11-22 /ejn/EJN_Home.aspx -
2014-11-22 /ejn/EJN_Home.aspx -
2014-11-22 /ejn/EJN_Faqs.aspx -
2014-11-22 /ejn/newsdetail.aspx Id=300
2014-11-22 /ejn/newsdetail.aspx Id=299
2014-11-22 /ejn/newsdetail.aspx Id=310
2014-11-22 /ejn/newsdetail.aspx Id=312
2014-11-22 /ejn/NewsAll.aspx Id=4
2014-11-22 /ejn/EJN_Home.aspx -
2014-11-22 /ejn/Events.aspx Id=7
2014-11-22 /ejn/AtlasChooseCountry.aspx Type=2
2014-11-22 /ejn/EJN_StaticPage.aspx Bread=32
2014-11-22 /ejn/EJN_StaticPage.aspx Bread=30
2014-11-22 /ejn/EJN_StaticPage.aspx Bread=39
2014-11-22 /ejn/Events.aspx event=279
2014-11-22 /ejn/EJN_Search.aspx -
2014-11-22 /ejn/EJN_Home.aspx -
2014-11-22 /ejn/EJN_QuickLinks.aspx id=24
2014-11-22 /ejn/NewsDetail.aspx id=326&Ori=H
2014-11-22 /ejn/NewsAll.aspx Id=3
2014-11-22 /ejn/EJN_Home.aspx -
2014-11-22 /ejn/libcategories.aspx Id=14
2014-11-22 /ejn/EJN_StaticPage.aspx Bread=28
2014-11-22 /ejn/ -
2014-11-22 /ejn/EJN_StaticPage.aspx Bread=13
2014-11-22 /ejn/NewsDetail.aspx id=319&Ori=H
2014-11-22 /ejn/EJN_StaticPage.aspx Bread=8
2014-11-22 /ejn/EJN_Home.aspx -
2014-11-22 /ejn/ -
2014-11-22 /ejn/ -
2014-11-22 /ejn/EJN_Home.aspx -
2014-11-22 /ejn/EJN_StaticPage.aspx Bread=8
2014-11-22 /ejn/EJN_StaticPage.aspx Bread=4
2014-11-22 /ejn/EJN_Faqs.aspx -
2014-11-22 /ejn/EJN_Home.aspx -
2014-11-22 /ejn/sitemap.aspx -
2014-11-22 /ejn/ejn_home.aspx -
2014-11-22 /ejn/EJN_ContactUs.aspx &KeepThis=true&TB_iframe=true&height=650&width=900
2014-11-22 /ejn/EJN_StaticPage.aspx Bread=7
2014-11-22 /ejn/EJN_Search.aspx -
2014-11-22 /ejn/ -
2014-11-22 /ejn/sitemap.aspx -
2014-11-22 /ejn/libcategories.aspx Id=32
2014-11-22 /ejn/EJN_StaticPage.aspx Bread=39
2014-11-22 /ejn/libcategories.aspx Id=14
2014-11-22 /ejn/libcategories.aspx Id=25
2014-11-22 /ejn/EJN_StaticPage.aspx Bread=9
2014-11-22 /ejn/AtlasChooseMeasure.aspx MP=1&Cou=UK&Type=2
2014-11-22 /ejn/libcategories.aspx Id=34
2014-11-22 /ejn/EJN_StaticPage.aspx Bread=2
2014-11-22 /ejn/libcategories.aspx Id=24
2014-11-22 /ejn/libcategories.aspx Id=2
2014-11-22 /ejn/EJN_Secretariat.aspx -
2014-11-22 /ejn/EJN_StaticPage.aspx Bread=13
2014-11-22 /ejn/EJN_StaticPage.aspx Bread=27
2014-11-22 /ejn/EJN_StaticPage.aspx Bread=10
2014-11-22 /ejn/EJN_StaticPage.aspx Bread=21
2014-11-22 /ejn/EJN_StaticPage.aspx Bread=28
2014-11-22 /ejn/EJN_StaticPage.aspx Bread=17
2014-11-22 /ejn/EJN_Secretariat.aspx -
2014-11-22 /ejn/EJN_StaticPage.aspx Bread=16
2014-11-22 /ejn/EJN_StaticPage.aspx Bread=14
2014-11-22 /ejn/Gallery.aspx -
2014-11-22 /ejn/EJN_StaticPage.aspx Bread=33
2014-11-22 /ejn/EJN_StaticPage.aspx Bread=25
2014-11-22 /ejn/EJN_StaticPage.aspx Bread=24
2014-11-22 /ejn/EJN_StaticPage.aspx Bread=18
2014-11-22 /ejn/EJN_StaticPage.aspx Bread=31
2014-11-22 /ejn/EJN_StaticPage.aspx Bread=30
2014-11-22 /ejn/EJN_StaticPage.aspx Bread=32
2014-11-22 /ejn/EJN_StaticPage.aspx Bread=34
2014-11-22 /ejn/EJN_StaticPage.aspx Bread=20
2014-11-22 /ejn/EJN_StaticPage.aspx Bread=35
2014-11-22 /ejn/ -
2014-11-22 /ejn/NewsDetail.aspx id=315&Ori=H
2014-11-22 /ejn/EJN_StaticPage.aspx Bread=22
2014-11-22 /ejn/EJN_StaticPage.aspx Bread=19
2014-11-22 /ejn/EJN_StaticPage.aspx Bread=38
2014-11-22 /ejn/EJN_StaticPage.aspx Bread=26
2014-11-22 /ejn/NewsDetail.aspx id=327&Ori=H
2014-11-22 /ejn/EJN_StaticPage.aspx Bread=23
2014-11-22 /ejn/EJN_StaticPage.aspx Bread=37
2014-11-22 /ejn/NewsDetail.aspx id=326&Ori=H
2014-11-22 /ejn/EJN_StaticPage.aspx Bread=36
2014-11-22 /ejn/EJN_Home.aspx -
2014-11-22 /ejn/EJN_AtlasAdvanced.aspx -
2014-11-22 /ejn/Events.aspx id=6
2014-11-22 /ejn/Events.aspx event=279
2014-11-22 /ejn/NewsDetail.aspx id=299&Ori=H
2014-11-22 /ejn/NewsDetail.aspx id=312&Ori=H
2014-11-22 /ejn/Events.aspx id=7
2014-11-22 /ejn/NewsDetail.aspx id=321&Ori=H
2014-11-22 /ejn/NewsDetail.aspx id=319&Ori=H
2014-11-22 /ejn/NewsDetail.aspx id=300&Ori=H
2014-11-22 /ejn/NewsDetail.aspx id=305&Ori=H
2014-11-22 /ejn/NewsDetail.aspx id=309&Ori=H
2014-11-22 /ejn/Events.aspx Id=6
2014-11-22 /ejn/NewsAll.aspx -
2014-11-22 /ejn/Events.aspx Id=7
2014-11-22 /ejn/NewsAll.aspx Id=1
2014-11-22 /ejn/EJN_Home.aspx -
2014-11-22 /ejn/NewsAll.aspx Id=3
2014-11-22 /ejn/NewsAll.aspx Id=4
2014-11-22 /ejn/NewsAll.aspx Id=5
2014-11-22 /ejn/Events.aspx -
2014-11-22 /ejn/NewsAll.aspx Id=2
2014-11-22 /ejn/Events.aspx event=253
2014-11-22 /ejn/EJN_InfoAbout.aspx Id=230
2014-11-22 /ejn/EJN_InfoAbout.aspx Id=432
2014-11-22 /ejn/EJN_InfoAbout.aspx Id=258
2014-11-22 /ejn/EJN_InfoAbout.aspx Id=239
2014-11-22 /ejn/EJN_InfoAbout.aspx Id=259
2014-11-22 /ejn/EJN_InfoAbout.aspx Id=223
2014-11-22 /ejn/EJN_SubscribeNewsLetter.aspx -
2014-11-22 /ejn/EJN_InfoAbout.aspx Id=279
2014-11-22 /ejn/EJN_InfoAbout.aspx Id=277
2014-11-22 /ejn/EJN_InfoAbout.aspx Id=269
2014-11-22 /ejn/EJN_InfoAbout.aspx Id=272
2014-11-22 /ejn/EJN_InfoAbout.aspx Id=273
2014-11-22 /ejn/EJN_InfoAbout.aspx Id=293
2014-11-22 /ejn/EJN_InfoAbout.aspx Id=295
2014-11-22 /ejn/EJN_InfoAbout.aspx Id=287
2014-11-22 /ejn/EJN_InfoAbout.aspx Id=307
2014-11-22 /ejn/EJN_InfoAbout.aspx Id=260
2014-11-22 /ejn/EJN_Home.aspx -
2014-11-22 /ejn/EJN_Home.aspx -
2014-11-22 /ejn/EJN_Home.aspx -
2014-11-22 /ejn/ -
2014-11-22 /ejn/EJN_InfoAbout.aspx Id=314
2014-11-22 /ejn/EJN_InfoAbout.aspx Id=373
2014-11-22 /ejn/EJN_InfoAbout.aspx Id=352
2014-11-22 /ejn/EJN_InfoAbout.aspx Id=368
2014-11-22 /ejn/EJN_InfoAbout.aspx Id=351
2014-11-22 /ejn/EJN_InfoAbout.aspx Id=313
2014-11-22 /ejn/EJN_InfoAbout.aspx Id=354
2014-11-22 /ejn/EJN_InfoAbout.aspx Id=369
2014-11-22 /ejn/EJN_InfoAbout.aspx Id=321
2014-11-22 /ejn/EJN_InfoAbout.aspx Id=337
2014-11-22 /ejn/Events.aspx event=301
2014-11-22 /ejn/EJN_InfoAbout.aspx Id=389
2014-11-22 /ejn/EJN_InfoAbout.aspx Id=395
2014-11-22 /ejn/EJN_InfoAbout.aspx Id=434
2014-11-22 /ejn/EJN_InfoAbout.aspx Id=342
2014-11-22 /ejn/EJN_Home.aspx -
2014-11-22 /ejn/EJN_InfoAbout.aspx Id=378
2014-11-22 /ejn/EJN_InfoAbout.aspx Id=215
2014-11-22 /ejn/EJN_InfoAbout.aspx Id=435
2014-11-22 /ejn/EJN_InfoAbout.aspx Id=364
2014-11-22 /ejn/EJN_InfoAbout.aspx Id=433
2014-11-22 /ejn/EJN_InfoAbout.aspx Id=288
2014-11-22 /ejn/EJN_Compendium.aspx -
2014-11-22 /ejn/EJN_StaticPage.aspx Bread=1
2014-11-22 /ejn/EJN_StaticPage.aspx Bread=12
2014-11-22 /ejn/EJN_Login.aspx -
2014-11-22 /ejn/AtlasChooseCountry.aspx Type=1
2014-11-22 /ejn/EJN_FichesBelges.aspx -
2014-11-22 /ejn/EJN_InfoAbout.aspx Id=430
2014-11-22 /ejn/AtlasChooseCountry.aspx Type=2
2014-11-22 /ejn/EJN_StaticPage.aspx Bread=3
2014-11-22 /ejn/EJN_EAWWizard.aspx -
2014-11-22 /ejn/libcategories.aspx Id=2
2014-11-22 /ejn/libcategories.aspx -
2014-11-22 /ejn/EJN_QuickLinks.aspx id=26
2014-11-22 /ejn/EJN_QuickLinks.aspx id=27
2014-11-22 /ejn/EJN_StaticPage.aspx Bread=11
2014-11-22 /ejn/EJN_QuickLinks.aspx -
2014-11-22 /ejn/EJN_QuickLinks.aspx id=23
2014-11-22 /ejn/EJN_QuickLinks.aspx id=24
2014-11-22 /ejn/EJN_QuickLinks.aspx id=25
2014-11-22 /ejn/EJN_QuickLinks.aspx id=28
2014-11-22 /ejn/ -
2014-11-22 /ejn/EJN_Home.aspx -
2014-11-22 /ejn/EJN_Faqs.aspx cat=1
2014-11-22 /ejn/ejn_faqs.aspx -
2014-11-22 /ejn/EJN_Faqs.aspx cat=2
2014-11-22 /ejn/ejn_staticpage.aspx Bread=8
2014-11-22 /ejn/ejn_staticpage.aspx Bread=7
2014-11-22 /ejn/ejn_search.aspx -
2014-11-22 /ejn/ejn_staticpage.aspx Bread=4
2014-11-22 /ejn/EJN_StaticPage.aspx Bread=5
2014-11-22 /ejn/EJN_AtlasAdvanced.aspx -
2014-11-22 /ejn/libadvancedsearch.aspx -
2014-11-22 /ejn/libcategories.aspx id=1
2014-11-22 /ejn/libdocumentproperties.aspx Id=16
2014-11-22 /ejn/libshowdocument.aspx Id=16&Lang=DE
2014-11-22 /ejn/libshowdocument.aspx Id=16&Lang=DK
2014-11-22 /ejn/libshowdocument.aspx Id=16&Lang=EN
2014-11-22 /ejn/libshowdocument.aspx Id=16&Lang=ES
2014-11-22 /ejn/libshowdocument.aspx Id=16&Lang=EL
2014-11-22 /ejn/libshowdocument.aspx Id=16&Lang=CS
2014-11-22 /ejn/EJN_Home.aspx -
2014-11-22 /ejn/newsdetail.aspx Id=313
2014-11-22 /ejn/newsdetail.aspx Id=315
2014-11-22 /ejn/newsdetail.aspx Id=321
2014-11-22 /ejn/newsdetail.aspx Id=319
2014-11-22 /ejn/newsdetail.aspx Id=320
2014-11-22 /ejn/libshowdocument.aspx Id=16&Lang=NL
2014-11-22 /ejn/libshowdocument.aspx Id=16&Lang=IT
2014-11-22 /ejn/libshowdocument.aspx Id=16&Lang=FI
2014-11-22 /ejn/libshowdocument.aspx Id=16&Lang=FR
2014-11-22 /ejn/newsdetail.aspx Id=325
2014-11-22 /ejn/newsdetail.aspx Id=324
2014-11-22 /ejn/newsdetail.aspx Id=326
2014-11-22 /ejn/libdocumentproperties.aspx Id=1495
2014-11-22 /ejn/newsdetail.aspx Id=327
2014-11-22 /ejn/libshowdocument.aspx Id=16&Lang=LV
2014-11-22 /ejn/libshowdocument.aspx Id=16&Lang=GA
2014-11-22 /ejn/libshowdocument.aspx Id=16&Lang=HU
2014-11-22 /ejn/libshowdocument.aspx Id=16&Lang=ET
2014-11-22 /ejn/libshowdocument.aspx Id=16&Lang=PL
2014-11-22 /ejn/libshowdocument.aspx Id=16&Lang=LT
2014-11-22 /ejn/libcategories.aspx Id=11
2014-11-22 /ejn/libcategories.aspx Id=21
2014-11-22 /ejn/libcategories.aspx Id=20
2014-11-22 /ejn/libcategories.aspx Id=12
2014-11-22 /ejn/libcategories.aspx Id=12
2014-11-22 /ejn/libcategories.aspx Id=9
2014-11-22 /ejn/libcategories.aspx Id=10
2014-11-22 /ejn/libcategories.aspx Id=51
2014-11-22 /ejn/libcategories.aspx Id=13
2014-11-22 /ejn/NewsDetail.aspx id=180&Ori=H
2014-11-22 /ejn/EJN_Home.aspx -
2014-11-22 /ejn/EJN_Home.aspx -
2014-11-22 /ejn/libdocumentproperties.aspx Id=18
2014-11-22 /ejn/libshowdocument.aspx Id=16&Lang=SL
2014-11-22 /ejn/libdocumentproperties.aspx Id=19
2014-11-22 /ejn/libdocumentproperties.aspx Id=617
2014-11-22 /ejn/libshowdocument.aspx Id=16&Lang=SV
2014-11-22 /ejn/libdocumentproperties.aspx Id=17
2014-11-22 /ejn/libdocumentproperties.aspx Id=614
2014-11-22 /ejn/libdocumentproperties.aspx Id=615
2014-11-22 /ejn/libshowdocument.aspx Id=16&Lang=PT
2014-11-22 /ejn/libshowdocument.aspx Id=16&Lang=SK
2014-11-22 /ejn/libdocumentproperties.aspx Id=625
2014-11-22 /ejn/libdocumentproperties.aspx Id=626
2014-11-22 /ejn/libdocumentproperties.aspx Id=621
2014-11-22 /ejn/libdocumentproperties.aspx Id=624
2014-11-22 /ejn/libdocumentproperties.aspx Id=628
2014-11-22 /ejn/libdocumentproperties.aspx Id=627
2014-11-22 /ejn/libdocumentproperties.aspx Id=623
2014-11-22 /ejn/libdocumentproperties.aspx Id=622
2014-11-22 /ejn/libdocumentproperties.aspx Id=619
2014-11-22 /ejn/libdocumentproperties.aspx Id=620
2014-11-22 /ejn/libshowdocument.aspx Id=1250&Lang=EN
2014-11-22 /ejn/libdocumentproperties.aspx Id=1250
2014-11-22 /ejn/libdocumentproperties.aspx Id=1276
2014-11-22 /ejn/libshowdocument.aspx Id=1276&Lang=CS
2014-11-22 /ejn/libshowdocument.aspx Id=1250&Lang=FR
2014-11-22 /ejn/libshowdocument.aspx Id=1276&Lang=DK
2014-11-22 /ejn/libshowdocument.aspx Id=1276&Lang=BG
2014-11-22 /ejn/libshowdocument.aspx Id=1276&Lang=DE
2014-11-22 /ejn/libdocumentproperties.aspx Id=630
2014-11-22 /ejn/libdocumentproperties.aspx Id=635
2014-11-22 /ejn/EJN_Library_RatificationsByCou.aspx -
2014-11-22 /ejn/libdocumentproperties.aspx Id=632
2014-11-22 /ejn/libdocumentproperties.aspx Id=634
2014-11-22 /ejn/libdocumentproperties.aspx Id=574
2014-11-22 /ejn/libdocumentproperties.aspx Id=636
2014-11-22 /ejn/libdocumentproperties.aspx Id=633
2014-11-22 /ejn/libdocumentproperties.aspx Id=631
2014-11-22 /ejn/libdocumentproperties.aspx Id=629
2014-11-22 /ejn/libshowdocument.aspx Id=1276&Lang=ET
2014-11-22 /ejn/libshowdocument.aspx Id=1276&Lang=EL
2014-11-22 /ejn/libshowdocument.aspx Id=1276&Lang=FI
2014-11-22 /ejn/libshowdocument.aspx Id=1276&Lang=EN
2014-11-22 /ejn/libshowdocument.aspx Id=1276&Lang=ES
2014-11-22 /ejn/Events.aspx event=264
2014-11-22 /ejn/libshowdocument.aspx Id=1276&Lang=LT
2014-11-22 /ejn/libshowdocument.aspx Id=1276&Lang=LV
2014-11-22 /ejn/libshowdocument.aspx Id=1276&Lang=IT
2014-11-22 /ejn/libshowdocument.aspx Id=1276&Lang=MT
2014-11-22 /ejn/libshowdocument.aspx Id=1276&Lang=HU
2014-11-22 /ejn/EJN_Home.aspx -
2014-11-22 /ejn/EJN_AtlasAdvanced.aspx -
2014-11-22 /ejn/libshowdocument.aspx Id=1276&Lang=FR
2014-11-22 /ejn/libshowdocument.aspx Id=1276&Lang=FR
2014-11-22 /ejn/libshowdocument.aspx Id=1276&Lang=NL
2014-11-22 /ejn/libshowdocument.aspx Id=1276&Lang=PL
2014-11-22 /ejn/libshowdocument.aspx Id=1276&Lang=SK
2014-11-22 /ejn/libshowdocument.aspx Id=1276&Lang=PT
2014-11-22 /ejn/libshowdocument.aspx Id=1276&Lang=RO
2014-11-22 /ejn/libshowdocument.aspx Id=1276&Lang=SL
2014-11-22 /ejn/libdocumentproperties.aspx Id=1128
2014-11-22 /ejn/libshowdocument.aspx Id=1276&Lang=SV
2014-11-22 /ejn/EJN_Home.aspx -
2014-11-22 /ejn/EJN_Home.aspx -
2014-11-22 /ejn/libshowdocument.aspx Id=1276&Lang=HR
2014-11-22 /ejn/EJN_Home.aspx -
2014-11-22 /ejn/EJN_Home.aspx -
2014-11-22 /ejn/EJN_Home.aspx -
2014-11-22 /ejn/EJN_Home.aspx -
2014-11-22 /ejn/EJN_Home.aspx -
2014-11-22 /ejn/EJN_Home.aspx -
2014-11-22 /ejn/EJN_Home.aspx -
2014-11-22 /ejn/EJN_Home.aspx -
2014-11-22 /NewsDetail.aspx id=292&Ori=H
2014-11-22 /ejn/EJN_Home.aspx -
2014-11-22 /ejn/ -
2014-11-22 /ejn/EJN_Home.aspx -
2014-11-22 /ejn/EJN_Home.aspx -
2014-11-22 /ejn/EJN_Home.aspx -
2014-11-22 /ejn/EJN_Home.aspx -
2014-11-22 /ejn/ -
2014-11-22 /ejn/EJN_Home.aspx -
2014-11-22 /ejn/EJN_Home.aspx -
2014-11-22 /ejn/EJN_Home.aspx -
2014-11-22 /ejn/ -
2014-11-22 /ejn/EJN_AtlasAdvanced.aspx -
2014-11-22 /ejn/NewsDetail.aspx id=312&Ori=H
2014-11-22 /ejn/EJN_Home.aspx -
2014-11-22 /ejn/EJN_Home.aspx -
2014-11-22 /ejn/EJN_Home.aspx -
2014-11-22 /ejn/EJN_Home.aspx -
2014-11-22 /ejn/EJN_Home.aspx -
2014-11-22 /ejn/EJN_Home.aspx -
2014-11-22 /ejn/EJN_Home.aspx -
2014-11-22 /ejn/ -
2014-11-22 /ejn/EJN_Home.aspx -
2014-11-22 /ejn/EJN_Home.aspx -
2014-11-22 /ejn/EJN_StaticPage.aspx Bread=23
2014-11-22 /ejn/EJN_Home.aspx -
2014-11-22 /ejn/EJN_Home.aspx -
2014-11-22 /ejn/EJN_AtlasAdvanced.aspx -
2014-11-22 /ejn/Events.aspx event=162
2014-11-22 /ejn/EJN_Home.aspx -
2014-11-22 /ejn/EJN_Home.aspx -
2014-11-22 /ejn/EJN_Home.aspx -
2014-11-22 /ejn/EJN_Home.aspx -
2014-11-22 /ejn/EJN_Home.aspx -
2014-11-22 /ejn/EJN_Home.aspx -
2014-11-22 /ejn/EJN_Home.aspx -
2014-11-22 /ejn/EJN_Home.aspx -
2014-11-22 /ejn/ejn_home.aspx -
2014-11-22 /ejn/EJN_Home.aspx -
2014-11-22 /ejn/EJN_Home.aspx -
2014-11-22 /ejn/EJN_Home.aspx -
2014-11-22 /ejn/EJN_Home.aspx -
2014-11-22 /ejn/EJN_Home.aspx -
2014-11-22 /ejn/EJN_Home.aspx -
2014-11-22 /ejn/EJN_Home.aspx -
2014-11-22 /ejn/EJN_Home.aspx -
2014-11-22 /ejn/EJN_Home.aspx -
2014-11-22 /ejn/EJN_Home.aspx -
2014-11-22 /atlas_advanced.aspx -
2014-11-22 /atlas_advanced.aspx -
2014-11-22 /ejn/ -
2014-11-22 /ejn/EJN_Home.aspx -
2014-11-22 /atlas_advanced.aspx -
2014-11-22 /atlas_advanced.aspx -
2014-11-22 /ejn/AtlasChooseCountry.aspx -
2014-11-22 /ejn/EJN_Home.aspx -
2014-11-22 /ejn/ -
2014-11-22 /ejn/ -
2014-11-22 /ejn/EJN_AtlasAdvanced.aspx -
2014-11-22 /ejn/EJN_Home.aspx -
2014-11-22 /ejn/EJN_Home.aspx -
2014-11-22 /ejn/EJN_AtlasAdvanced.aspx -
2014-11-22 /ejn/EJN_AtlasAdvanced.aspx -
2014-11-22 /ejn/EJN_Home.aspx -
2014-11-22 /ejn/EJN_Home.aspx -
2014-11-22 /ejn/ -
2014-11-22 /ejn/EJN_Home.aspx -
2014-11-22 /ejn/ -
2014-11-22 /ejn/EJN_Home.aspx -
2014-11-22 /ejn/EJN_Home.aspx -
2014-11-22 /ejn/EJN_Home.aspx -
2014-11-22 /ejn/EJN_Home.aspx -
2014-11-22 /ejn/EJN_AtlasAdvanced.aspx -
2014-11-22 /ejn/EJN_Home.aspx -
2014-11-22 /ejn/EJN_Home.aspx -
2014-11-22 /ejn/NewsDetail.aspx id=299&Ori=H
2014-11-22 /ejn/EJN_Home.aspx -
2014-11-22 /ejn/EJN_Home.aspx -
2014-11-22 /ejn/EJN_Home.aspx -
2014-11-22 /ejn/EJN_Home.aspx -
2014-11-22 /ejn/EJN_Home.aspx -
2014-11-22 /ejn/EJN_Home.aspx -
2014-11-22 /ejn/EJN_Home.aspx -
2014-11-22 /ejn/EJN_Home.aspx -
2014-11-22 /ejn/EJN_Home.aspx -
2014-11-22 /ejn/EJN_Home.aspx -
2014-11-22 /ejn/EJN_Home.aspx -
2014-11-22 /ejn/EJN_Home.aspx -
2014-11-22 /ejn/EJN_Home.aspx -
2014-11-22 /ejn/EJN_Home.aspx -
2014-11-22 /ejn/EJN_Home.aspx -
2014-11-22 /ejn/EJN_Home.aspx -
2014-11-22 /ejn/ -
2014-11-22 /EJN_SubscribeNewsLetter.aspx -
2014-11-22 /ejn/EJN_AtlasAdvanced.aspx -
2014-11-22 /ejn/EJN_Home.aspx -
2014-11-22 /ejn/EJN_Home.aspx -
2014-11-22 /ejn/EJN_Home.aspx -
2014-11-22 /ejn/EJN_Home.aspx -
2014-11-22 /ejn/EJN_Home.aspx -
2014-11-22 /ejn/EJN_Home.aspx -
2014-11-22 /ejn/EJN_Home.aspx -
2014-11-22 /ejn/ -
2014-11-22 /ejn/EJN_Home.aspx -
2014-11-22 /ejn/EJN_Home.aspx -
2014-11-22 /ejn/EJN_AtlasAdvanced.aspx -
2014-11-22 /ejn/EJN_Home.aspx -
2014-11-22 /ejn/EJN_Home.aspx -
2014-11-22 /ejn/EJN_Home.aspx -
2014-11-22 /ejn/EJN_Home.aspx -
2014-11-22 /ejn/EJN_Home.aspx -
2014-11-22 /ejn/EJN_Home.aspx -
2014-11-22 /ejn/NewsDetail.aspx id=257&Ori=H
2014-11-22 /ejn/EJN_Home.aspx -
2014-11-22 /ejn/EJN_Home.aspx -
2014-11-22 /ejn/ -
2014-11-22 /ejn/EJN_Home.aspx -
2014-11-22 /ejn/EJN_Home.aspx -
2014-11-22 /ejn/EJN_Home.aspx -
2014-11-22 /ejn/EJN_Home.aspx -
2014-11-22 /ejn/EJN_Home.aspx -
2014-11-22 /ejn/EJN_Home.aspx -
2014-11-22 /ejn/EJN_Home.aspx -
2014-11-22 /ejn/EJN_Home.aspx -
2014-11-22 /ejn/EJN_Home.aspx -
2014-11-22 /ejn/EJN_Home.aspx -
2014-11-22 /ejn/ -
2014-11-22 /ejn/EJN_Home.aspx -
2014-11-22 /ejn/EJN_AtlasAdvanced.aspx -
2014-11-22 /ejn/EJN_Home.aspx -
2014-11-22 /ejn/ -
2014-11-22 /ejn/EJN_Home.aspx -
2014-11-22 /ejn/ -
2014-11-22 /ejn/EJN_Home.aspx -
2014-11-22 /ejn/AtlasChooseCountry.aspx Type=2
2014-11-22 /ejn/AtlasChooseCountry.aspx Type=2
2014-11-22 /ejn/EJN_Home.aspx -
2014-11-22 /ejn/AtlasChooseCountry.aspx Type=2
2014-11-22 /ejn/AtlasChooseMeasure.aspx MP=0&Cou=277
2014-11-22 /ejn/AtlasChooseMeasure.aspx MP=0&Cou=277
2014-11-22 /ejn/AtlasChooseMeasure.aspx MP=0&Cou=277
2014-11-22 /ejn/AtlasChooseMeasure.aspx MP=0&Cou=277
2014-11-22 /ejn/AtlasChooseMeasure.aspx MP=0&Cou=277
2014-11-22 /ejn/AtlasSelection.aspx -
2014-11-22 /ejn/AtlasChooseAuthority.aspx -
2014-11-22 /ejn/AtlasChooseMeasure.aspx MP=0&Cou=277
2014-11-22 /ejn/AtlasSelection.aspx -
2014-11-22 /ejn/AtlasChooseAuthority.aspx -
2014-11-22 /ejn/ -
2014-11-22 /ejn/AtlasChooseAuthority.aspx/GetLocations -
2014-11-22 /ejn/AtlasChooseAuthority.aspx -
2014-11-22 /ejn/EJN_Home.aspx -
2014-11-22 /ejn/AtlasAuthorityData.aspx Id=4983&AuthTypeId=446
2014-11-22 /ejn/AtlasChooseAuthority.aspx/GetLocations -
2014-11-22 /ejn/AtlasChooseAuthority.aspx/GetLocations -
2014-11-22 /ejn/AtlasChooseAuthority.aspx -
2014-11-22 /ejn/AtlasAuthorityData.aspx Id=4983&AuthTypeId=446
2014-11-22 /ejn/AtlasAuthorityData.aspx Id=4983&AuthTypeId=446
2014-11-22 /ejn/EJN_QuickLinks.aspx id=24
2014-11-22 /ejn/EJN_Home.aspx -
2014-11-22 /ejn/AtlasChooseAuthority.aspx -
2014-11-22 /ejn/AtlasChooseAuthority.aspx -
2014-11-22 /ejn/AtlasChooseAuthority.aspx -
2014-11-22 /ejn/AtlasChooseAuthority.aspx -
2014-11-22 /ejn/AtlasChooseAuthority.aspx -
2014-11-22 /ejn/AtlasChooseAuthority.aspx -
2014-11-22 /ejn/EJN_Home.aspx -
2014-11-22 /EAW_atlas.aspx -
2014-11-22 /ejn/EJN_Home.aspx -
2014-11-22 /ejn/libshowdocument.aspx Id=219&Lang=BG
2014-11-22 /ejn/EJN_AtlasAdvanced.aspx -
2014-11-22 /ejn/EJN_StaticPage.aspx Bread=3
2014-11-22 /ejn/EJN_Home.aspx -
2014-11-22 /ejn/EJN_Home.aspx -
2014-11-22 /ejn/EJN_Home.aspx -
2014-11-22 /ejn/ejn_staticpage.aspx bread=8
2014-11-22 /ejn/EJN_Home.aspx -
2014-11-22 /ejn/libcategories.aspx -
2014-11-22 /ejn/EJN_Home.aspx -
2014-11-22 /ejn/EJN_Home.aspx -
2014-11-22 /ejn/ -
2014-11-22 /ejn/EJN_InfoAbout.aspx Id=351
2014-11-22 /ejn/EJN_Home.aspx -
2014-11-22 /ejn/EJN_Home.aspx -
2014-11-22 /ejn/EJN_Home.aspx -
2014-11-22 /ejn/EJN_Home.aspx -
2014-11-22 /ejn/EJN_Home.aspx -
2014-11-22 /ejn/EJN_Home.aspx -
2014-11-22 /ejn/EJN_Home.aspx -
2014-11-22 /ejn/EJN_Home.aspx -
2014-11-22 /ejn/ -
2014-11-22 /ejn/ ++Culture:ESSessionId:iy22ve1tt1fazx1c3kuntuxvDate_Time:8:39
2014-11-22 /ejn/EJN_EAWWizard.aspx -
2014-11-22 /ejn/ctrls.eawwizard/IframeEngine.aspx -
2014-11-22 /ejn/EJN_EAWWizard.aspx -
2014-11-22 /ejn/ctrls.eawwizard/IframeEngine.aspx -
2014-11-22 /ejn/libcategories.aspx -
2014-11-22 /ejn/libcategories.aspx Id=1
2014-11-22 /ejn/EJN_Home.aspx -
2014-11-22 /ejn/libcategories.aspx Id=19
2014-11-22 /ejn/libcategories.aspx Id=9
2014-11-22 /ejn/ -
2014-11-22 /ejn/EJN_Home.aspx -
2014-11-22 /ejn/EJN_Home.aspx -
2014-11-22 /ejn/EJN_Home.aspx -
2014-11-22 /ejn/EJN_Home.aspx -
2014-11-22 /ejn/EJN_Home.aspx -
2014-11-22 /ejn/EJN_Home.aspx -
2014-11-22 /ejn/EJN_Home.aspx -
2014-11-22 /ejn/EJN_Home.aspx -
2014-11-22 /ejn/ejn_home.aspx -
2014-11-22 /ejn/EJN_Home.aspx -
2014-11-22 /ejn/EJN_Home.aspx -
2014-11-22 /ejn/EJN_Home.aspx -
2014-11-22 /ejn/EJN_Home.aspx -
2014-11-22 /ejn/EJN_Home.aspx -
2014-11-22 /ejn/libshowdocument.aspx Id=205&Lang=EN
2014-11-22 /ejn/ -
2014-11-22 /ejn/EJN_Home.aspx -
2014-11-22 /ejn/EJN_AtlasAdvanced.aspx -
2014-11-22 /ejn/EJN_Home.aspx -
2014-11-22 /ejn/EJN_Home.aspx -
2014-11-22 /ejn/EJN_Home.aspx -
2014-11-22 /ejn/EJN_Home.aspx -
2014-11-22 /ejn/EJN_Home.aspx -
2014-11-22 /ejn/ -
2014-11-22 /ejn/EJN_Home.aspx -
2014-11-22 /ejn/EJN_Home.aspx -
2014-11-22 /ejn/ejn_home.aspx -
2014-11-22 /ejn/EJN_Home.aspx -
2014-11-22 /ejn/EJN_Home.aspx -
2014-11-22 /ejn/libshowdocument.aspx Id=247&Lang=BG
2014-11-22 /ejn/libshowdocument.aspx Id=247&Lang=BG
2014-11-22 /ejn/EJN_AtlasAdvanced.aspx -
2014-11-22 /ejn/Events.aspx event=253
2014-11-22 /ejn/EJN_News.aspx -
2014-11-22 /ejn/EJN_News.aspx -
2014-11-22 /ejn/EJN_Home.aspx -
2014-11-22 /ejn/EJN_Home.aspx -
2014-11-22 /ejn/EJN_QuickLinks.aspx id=26
2014-11-22 /ejn/EJN_Home.aspx -
2014-11-22 /ejn/ -
2014-11-22 /ejn/NewsDetail.aspx id=312&Ori=H
2014-11-22 /ejn/EJN_Home.aspx -
2014-11-22 /ejn/NewsDetail.aspx id=321&Ori=H
2014-11-22 /ejn/EJN_Home.aspx -
2014-11-22 /ejn/EJN_Home.aspx -
2014-11-22 /ejn/EJN_StaticPage.aspx Bread=39
2014-11-22 /ejn/EJN_Home.aspx -
2014-11-22 /ejn/EJN_Home.aspx -
2014-11-22 /ejn/EJN_Home.aspx -
2014-11-22 /ejn/EJN_Home.aspx -
2014-11-22 /ejn/libcategories.aspx -
2014-11-22 /ejn/EJN_Home.aspx -
2014-11-22 /ejn/EJN_Home.aspx -
2014-11-22 /ejn/NewsDetail.aspx Ori=H&id=284
2014-11-22 /ejn/EJN_Home.aspx -
2014-11-22 /ejn/EJN_Home.aspx -
2014-11-22 /ejn/EJN_Home.aspx -
2014-11-22 /ejn/EJN_Home.aspx -
2014-11-22 /ejn/EJN_Home.aspx -
2014-11-22 /ejn/EJN_Home.aspx -
2014-11-22 /ejn/EJN_Home.aspx -
2014-11-22 /ejn/EJN_Home.aspx -
2014-11-22 /ejn/EJN_Home.aspx -
2014-11-22 /ejn/EJN_Home.aspx -
2014-11-22 /ejn/EJN_Home.aspx -
2014-11-22 /ejn/ -
2014-11-22 /ejn/EJN_AtlasAdvanced.aspx -
2014-11-22 /ejn/EJN_Home.aspx -
2014-11-22 /ejn/EJN_Home.aspx -
2014-11-22 /ejn/ -
2014-11-22 /ejn/EJN_StaticPage.aspx Bread=12
2014-11-22 /ejn/EJN_StaticPage.aspx Bread=12++Culture:ESSessionId:iy22ve1tt1fazx1c3kuntuxvDate_Time:10:11
2014-11-22 /ejn/EJN_EAWAtlas.aspx -
2014-11-22 /ejn/EJN_Error.aspx -
2014-11-22 /ejn/EJN_ContactUs.aspx &KeepThis=true&
2014-11-22 /ejn/EJN_EAWWizard.aspx -
2014-11-22 /ejn/ctrls.eawwizard/IframeEngine.aspx -
2014-11-22 /ejn/EJN_Home.aspx -
2014-11-22 /ejn/EJN_EAWWizard.aspx -
2014-11-22 /ejn/ctrls.eawwizard/IframeEngine.aspx -
2014-11-22 /ejn/EJN_Home.aspx -
2014-11-22 /ejn/EJN_Home.aspx -
2014-11-22 /ejn/EJN_Home.aspx -
2014-11-22 /ejn/EJN_Home.aspx -
2014-11-22 /ejn/ -
2014-11-22 /ejn/EJN_Home.aspx -
2014-11-22 /ejn/EJN_Home.aspx -
2014-11-22 /ejn/libshowdocument.aspx Id=247&Lang=NL
2014-11-22 /ejn/libshowdocument.aspx Id=247&Lang=NL
2014-11-22 /ejn/EJN_Home.aspx -
2014-11-22 /ejn/EJN_AtlasAdvanced.aspx -
2014-11-22 /ejn/EJN_News.aspx id=49
2014-11-22 /ejn/EJN_News.aspx id=49
2014-11-22 /ejn/EJN_Home.aspx -
2014-11-22 /ejn/EJN_Home.aspx -
2014-11-22 /ejn/EJN_Home.aspx -
2014-11-22 /ejn/EJN_Home.aspx -
2014-11-22 /ejn/EJN_Home.aspx -
2014-11-22 /ejn/EJN_Home.aspx -
2014-11-22 /ejn/ -
2014-11-22 /ejn/ -
2014-11-22 /ejn/libcategories.aspx -
2014-11-22 /ejn/libcategories.aspx Id=2
2014-11-22 /ejn/EJN_Library_StatusOfImpByCat.aspx CategoryId=14
2014-11-22 /ejn/EJN_Home.aspx -
2014-11-22 /ejn/libshowdocument.aspx Id=1&Lang=ET
2014-11-22 /ejn/EJN_Home.aspx -
2014-11-22 /ejn/EJN_Home.aspx -
2014-11-22 /ejn/EJN_Home.aspx -
2014-11-22 /ejn/libdocumentproperties.aspx Id=1054
2014-11-22 /ejn/libdocumentproperties.aspx Id=936
2014-11-22 /ejn/EJN_Library_StatusOfImpByCat.aspx CategoryId=55
2014-11-22 /ejn/EJN_Home.aspx -
2014-11-22 /ejn/libcategories.aspx -
2014-11-22 /ejn/EJN_Home.aspx -
2014-11-22 /ejn/libcategories.aspx -
2014-11-22 /ejn/ -
2014-11-22 /ejn/ -
2014-11-22 /ejn/EJN_Home.aspx -
2014-11-22 /ejn/EJN_Home.aspx -
2014-11-22 /ejn/EJN_Home.aspx -
2014-11-22 /ejn/EJN_Home.aspx -
2014-11-22 /ejn/EJN_Home.aspx -
2014-11-22 /ejn/EJN_Home.aspx -
2014-11-22 /ejn/EJN_Home.aspx -
2014-11-22 /ejn/EJN_Home.aspx -
2014-11-22 /ejn/EJN_Home.aspx -
2014-11-22 /ejn/ -
2014-11-22 /ejn/EJN_AtlasAdvanced.aspx -
2014-11-22 /ejn/EJN_Home.aspx -
2014-11-22 /ejn/EJN_Home.aspx -
2014-11-22 /ejn/EJN_Home.aspx -
2014-11-22 /ejn/EJN_Home.aspx -
2014-11-22 /ejn/EJN_Home.aspx -
2014-11-22 /ejn/ -
2014-11-22 /ejn/AtlasChooseMeasure.aspx Mp=1&Cou=DE&Type=2
2014-11-22 /ejn/ -
2014-11-22 /ejn/EJN_StaticPage.aspx Bread=12
2014-11-22 /ejn/AtlasChooseCountry.aspx Type=1
2014-11-22 /ejn/AtlasChooseMeasure.aspx MP=1&Cou=DE
2014-11-22 /ejn/AtlasSelection.aspx -
2014-11-22 /ejn/AtlasChooseAuthority.aspx -
2014-11-22 /ejn/EJN_Home.aspx -
2014-11-22 /ejn/ -
2014-11-22 /ejn/ejn_home.aspx -
2014-11-22 /ejn/EJN_Home.aspx -
2014-11-22 /ejn/EJN_Home.aspx -
2014-11-22 /ejn/EJN_Home.aspx -
2014-11-22 /ejn/EJN_AtlasAdvanced.aspx -
2014-11-22 /ejn/EJN_Home.aspx -
2014-11-22 /ejn/EJN_Home.aspx -
2014-11-22 /ejn/EJN_Home.aspx -
2014-11-22 /ejn/EJN_Home.aspx -
2014-11-22 /ejn/libshowdocument.aspx Id=222&Lang=LT
2014-11-22 /ejn/EJN_Home.aspx -
2014-11-22 /ejn/EJN_Home.aspx -
2014-11-22 /ejn/libshowdocument.aspx Id=247&Lang=BG
2014-11-22 /ejn/libshowdocument.aspx Id=247&Lang=BG
2014-11-22 /ejn/EJN_Home.aspx -
2014-11-22 /ejn/libshowdocument.aspx Id=222&Lang=LT
2014-11-22 /ejn/EJN_Home.aspx -
2014-11-22 /ejn/libshowdocument.aspx Id=222...LT
2014-11-22 /ejn/libshowdocument.aspx Id=222...LT
2014-11-22 /ejn/libshowdocument.aspx Id=222&Lang=LT
2014-11-22 /ejn/libshowdocument.aspx Id=222&Lang=LT
2014-11-22 /ejn/ -
2014-11-22 /ejn/EJN_Home.aspx -
2014-11-22 /ejn/AtlasChooseCountry.aspx Type=2
2014-11-22 /ejn/AtlasChooseCountry.aspx Type=1
2014-11-22 /ejn/AtlasChooseCountry.aspx Type=1
2014-11-22 /ejn/EJN_Home.aspx -
2014-11-22 /ejn/AtlasChooseCountry.aspx Type=1
2014-11-22 /ejn/EJN_EAWWizard.aspx -
2014-11-22 /ejn/EJN_EAWWizard.aspx -
2014-11-22 /ejn/AtlasChooseCountry.aspx Type=1
2014-11-22 /ejn/EJN_Home.aspx -
2014-11-22 /ejn/EJN_Home.aspx -
2014-11-22 /ejn/EJN_Home.aspx -
2014-11-22 /ejn/EJN_Home.aspx -
2014-11-22 /ejn/EJN_Home.aspx -
2014-11-22 /ejn/EJN_Home.aspx -
2014-11-22 /ejn/EJN_Home.aspx -
2014-11-22 /ejn/AtlasChooseCountry.aspx -
2014-11-22 /ejn/EJN_Home.aspx -
2014-11-22 /ejn/EJN_Home.aspx -
2014-11-22 /ejn/EJN_Home.aspx -
2014-11-22 /ejn/EJN_Home.aspx -
2014-11-22 /ejn/ -
2014-11-22 /contact_points.aspx -
2014-11-22 /contact_points.aspx -
2014-11-22 /ejn/EJN_AtlasAdvanced.aspx -
2014-11-22 /ejn/EJN_Home.aspx -
2014-11-22 /ejn/EJN_Home.aspx -
2014-11-22 /eaw_atlas.aspx+ -
2014-11-22 /ejn/EJN_Home.aspx -
2014-11-22 /ejn/EJN_Home.aspx -
2014-11-22 /ejn/EJN_Home.aspx -
2014-11-22 /ejn/libcategories.aspx Id=14
2014-11-22 /ejn/libdocumentproperties.aspx Id=1240
2014-11-22 /ejn/ -
2014-11-22 /ejn/EJN_Home.aspx -
2014-11-22 /ejn/ -
2014-11-22 /ejn/EJN_Home.aspx -
2014-11-22 /ejn/EJN_Home.aspx -
2014-11-22 /ejn/EJN_Home.aspx -
2014-11-22 /ejn/ -
2014-11-22 /ejn/libcategories.aspx -
2014-11-22 /ejn/libcategories.aspx Id=1
2014-11-22 /ejn/libcategories.aspx Id=19
2014-11-22 /ejn/libcategories.aspx Id=12
2014-11-22 /ejn/libcategories.aspx Id=54
2014-11-22 /ejn/libdocumentproperties.aspx Id=728
2014-11-22 /ejn/EJN_Home.aspx -
2014-11-22 /ejn/EJN_Library_StatusOfImpByCat.aspx CategoryId=54
2014-11-22 /ejn/EJN_Home.aspx -
2014-11-22 /ejn/EJN_AtlasAdvanced.aspx -
2014-11-22 /ejn/EJN_Home.aspx -
2014-11-22 /ejn/EJN_Home.aspx -
2014-11-22 /ejn/EJN_Home.aspx -
2014-11-22 /ejn/EJN_Home.aspx -
2014-11-22 /ejn/EJN_Home.aspx -
2014-11-22 /ejn/ -
2014-11-22 /ejn/libcategories.aspx -
2014-11-22 /ejn/libcategories.aspx Id=1
2014-11-22 /ejn/libcategories.aspx Id=19
2014-11-22 /ejn/EJN_Home.aspx -
2014-11-22 /ejn/libcategories.aspx Id=21
2014-11-22 /ejn/libcategories.aspx Id=21
2014-11-22 /ejn/libcategories.aspx Id=21
2014-11-22 /ejn/libcategories.aspx Id=126
2014-11-22 /ejn/EJN_Home.aspx -
2014-11-22 /ejn/libshowdocument.aspx Id=1318&Lang=EN
2014-11-22 /ejn/libshowdocument.aspx Id=1319&Lang=EN
2014-11-22 /ejn/EJN_Home.aspx -
2014-11-22 /ejn/EJN_Home.aspx -
2014-11-22 /ejn/EJN_Home.aspx -
2014-11-22 /ejn/EJN_Home.aspx -
2014-11-22 /ejn/Events.aspx event=244
2014-11-22 /ejn/EJN_Home.aspx -
2014-11-22 /ejn/EJN_Home.aspx -
2014-11-22 /ejn/EJN_QuickLinks.aspx Id=27
2014-11-22 /ejn/EJN_Home.aspx -
2014-11-22 /ejn/EJN_Home.aspx -
2014-11-22 /atlas_advanced.aspx -
2014-11-22 /atlas_advanced.aspx -
2014-11-22 /ejn/EJN_Home.aspx -
2014-11-22 /ejn/ -
2014-11-22 /atlas_advanced.aspx -
2014-11-22 /atlas_advanced.aspx -
2014-11-22 /ejn/EJN_Home.aspx -
2014-11-22 /ejn/Events.aspx event=273
2014-11-22 /ejn/EJN_Home.aspx -
2014-11-22 /ejn/EJN_Home.aspx -
2014-11-22 /ejn/EJN_Home.aspx -
2014-11-22 /ejn/EJN_Home.aspx -
2014-11-22 /ejn/EJN_StaticPage.aspx Bread=22
2014-11-22 /ejn/EJN_Home.aspx -
2014-11-22 /ejn/NewsDetail.aspx id=327&Ori=H
2014-11-22 /ejn/EJN_Home.aspx -
2014-11-22 /ejn/EJN_Home.aspx -
2014-11-22 /ejn/ -
2014-11-22 /ejn/ -
2014-11-22 /ejn/EJN_Secretariat.aspx -
2014-11-22 /ejn/EJN_Home.aspx -
2014-11-22 /ejn/ -
2014-11-22 /ejn/ -
2014-11-22 /ejn/EJN_StaticPage.aspx Bread=13
2014-11-22 /ejn/EJN_Login.aspx -
2014-11-22 /ejn/EJN_StaticPage.aspx Bread=13
2014-11-22 /ejn/EJN_Secretariat.aspx -
2014-11-22 /ejn/Gallery.aspx -
2014-11-22 /ejn/EJN_Home.aspx -
2014-11-22 /ejn/ -
2014-11-22 /ejn/EJN_StaticPage.aspx Bread=13
2014-11-22 /ejn/EJN_AtlasAdvanced.aspx -
2014-11-22 /ejn/EJN_Home.aspx -
2014-11-22 /ejn/EJN_Home.aspx -
2014-11-22 /ejn/EJN_Home.aspx -
2014-11-22 /ejn/EJN_Home.aspx -
2014-11-22 /ejn/EJN_Home.aspx -
2014-11-22 /ejn/EJN_Home.aspx -
2014-11-22 /ejn/EJN_Home.aspx -
2014-11-22 /ejn/EJN_Home.aspx -
2014-11-22 /ejn/ -
2014-11-22 /ejn/EJN_Home.aspx -
2014-11-22 /ejn/ -
2014-11-22 /ejn/ -
2014-11-22 /ejn/AtlasChooseCountry.aspx Type=2
2014-11-22 /ejn/ejn_events.aspx -
2014-11-22 /ejn/ejn_events.aspx -
2014-11-22 /ejn/AtlasChooseMeasure.aspx MP=1&Cou=CZ
2014-11-22 /ejn/AtlasChooseMeasure.aspx MP=1&Cou=CZ
2014-11-22 /ejn/AtlasChooseMeasure.aspx MP=1&Cou=CZ
2014-11-22 /ejn/EJN_StaticPage.aspx Bread=1
2014-11-22 /ejn/EJN_Home.aspx -
2014-11-22 /ejn/AtlasChooseMeasure.aspx MP=1&Cou=CZ
2014-11-22 /ejn/AtlasSelection.aspx -
2014-11-22 /ejn/EJN_Home.aspx -
2014-11-22 /ejn/AtlasSelection.aspx -
2014-11-22 /ejn/AtlasSelection.aspx -
2014-11-22 /ejn/AtlasChooseAuthority.aspx -
2014-11-22 /ejn/ -
2014-11-22 /ejn/AtlasChooseAuthority.aspx/GetLocations -
2014-11-22 /ejn/AtlasChooseAuthority.aspx -
2014-11-22 /ejn/AtlasChooseAuthority.aspx -
2014-11-22 /ejn/AtlasChooseAuthority.aspx -
2014-11-22 /ejn/AtlasAuthorityData.aspx Id=2321
2014-11-22 /ejn/libshowdocument.aspx Id=1&Lang=LT
2014-11-22 /ejn/EJN_Home.aspx -
2014-11-22 /ejn/AtlasChooseAuthority.aspx -
2014-11-22 /ejn/AtlasChooseAuthority.aspx -
2014-11-22 /ejn/AtlasAuthorityData.aspx Id=2327
2014-11-22 /ejn/AtlasAuthorityData.aspx Id=2327
2014-11-22 /ejn/AtlasAuthorityData.aspx Id=2327
2014-11-22 /ejn/AtlasAuthorityData.aspx Id=2327
2014-11-22 /ejn/AtlasAuthorityData.aspx Id=2327
2014-11-22 /ejn/EJN_AtlasAdvanced.aspx -
2014-11-22 /ejn/EJN_News.aspx id=33
2014-11-22 /ejn/EJN_News.aspx id=33
2014-11-22 /ejn/EJN_Home.aspx -
2014-11-22 /ejn/ -
2014-11-22 /ejn/ -
2014-11-22 /ejn/AtlasChooseMeasure.aspx Mp=1&Cou=CZ&Type=2
2014-11-22 /ejn/AtlasChooseMeasure.aspx Mp=1&Cou=CZ&Type=2
2014-11-22 /ejn/EJN_Home.aspx -
2014-11-22 /ejn/AtlasChooseMeasure.aspx Mp=1&Cou=CZ&Type=2
2014-11-22 /ejn/AtlasSelection.aspx -
2014-11-22 /ejn/AtlasSelection.aspx -
2014-11-22 /ejn/AtlasSelection.aspx -
2014-11-22 /ejn/AtlasChooseAuthority.aspx -
2014-11-22 /ejn/AtlasChooseAuthority.aspx -
2014-11-22 /ejn/AtlasChooseAuthority.aspx -
2014-11-22 /ejn/AtlasAuthorityData.aspx Id=2321
2014-11-22 /ejn/EJN_Home.aspx -
2014-11-22 /ejn/libshowdocument.aspx Id=197&Lang=CS
2014-11-22 /ejn/libshowdocument.aspx Id=197&Lang=CS
2014-11-22 /ejn/EJN_Home.aspx -
2014-11-22 /ejn/EJN_Home.aspx -
2014-11-22 /ejn/EJN_Home.aspx -
2014-11-22 /ejn/EJN_EAWWizard.aspx -
2014-11-22 /ejn/EJN_Home.aspx -
2014-11-22 /ejn/EJN_Home.aspx -
2014-11-22 /ejn/EJN_Home.aspx -
2014-11-22 /ejn/ejn_home.aspx -
2014-11-22 /ejn/EJN_Home.aspx -
2014-11-22 /ejn/ -
2014-11-22 /ejn/EJN_Home.aspx -
2014-11-22 /ejn/EJN_Home.aspx -
2014-11-22 /ejn/EJN_Home.aspx -
2014-11-22 /ejn/EJN_Home.aspx -
2014-11-22 /ejn/EJN_Home.aspx -
2014-11-22 /ejn/EJN_Home.aspx -
2014-11-22 /ejn/EJN_Home.aspx -
2014-11-22 /ejn/EJN_Home.aspx -
2014-11-22 /ejn/EJN_Home.aspx -
2014-11-22 /ejn/EJN_Home.aspx -
2014-11-22 /ejn/EJN_Home.aspx -
2014-11-22 /ejn/EJN_Home.aspx -
2014-11-22 /ejn/EJN_Home.aspx -
2014-11-22 /ejn/EJN_Home.aspx -
2014-11-22 /ejn/EJN_Home.aspx -
2014-11-22 /ejn/ -
2014-11-22 /ejn/Events.aspx event=279
2014-11-22 /ejn/ -
2014-11-22 /ejn/ -
2014-11-22 /ejn/AtlasChooseMeasure.aspx Mp=1&Cou=IT&Type=2
2014-11-22 /ejn/AtlasChooseMeasure.aspx Mp=1&Cou=IT&Type=2
2014-11-22 /ejn/EJN_FichesBelgesResult.aspx measure=101&country=295&other=-1
2014-11-22 /ejn/EJN_Login.aspx -
2014-11-22 /ejn/EJN_AtlasAdvanced.aspx -
2014-11-22 /ejn/EJN_ContactUs.aspx &KeepThis=true&
2014-11-22 /ejn/EJN_Home.aspx -
2014-11-22 /ejn/ -
2014-11-22 /ejn/ -
2014-11-22 /ejn/ -
2014-11-22 /ejn/ ++Culture:ESSessionId:1ct5djd1r2ytjuv0vksfd0zuDate_Time:14:07
2014-11-22 /ejn/ -
2014-11-22 /ejn/ -
2014-11-22 /ejn/ -
2014-11-22 /ejn/ -
2014-11-22 /ejn/ -
2014-11-22 /ejn/ -
2014-11-22 /ejn/ -
2014-11-22 /ejn/ -
2014-11-22 /ejn/EJN_ContactUs.aspx &&KeepThis=true
2014-11-22 /ejn/EJN_ContactUs.aspx &&KeepThis=true
2014-11-22 /ejn/EJN_Home.aspx -
2014-11-22 /ejn/EJN_ContactUs.aspx &KeepThis=true&
2014-11-22 /ejn/AtlasChooseMeasure.aspx Mp=1&Cou=IT&Type=2
2014-11-22 /ejn/ -
2014-11-22 /ejn/ -
2014-11-22 /ejn/AtlasChooseCountry.aspx Type=2
2014-11-22 /ejn/EJN_StaticPage.aspx Bread=13
2014-11-22 /ejn/EJN_StaticPage.aspx Bread=36
2014-11-22 /ejn/EJN_StaticPage.aspx Bread=5
2014-11-22 /ejn/ -
2014-11-22 /ejn/ -
2014-11-22 /ejn/EJN_StaticPage.aspx Bread=34
2014-11-22 /ejn/ -
2014-11-22 /ejn/ -
2014-11-22 /ejn/ -
2014-11-22 /ejn/EJN_Home.aspx -
2014-11-22 /ejn/ ++Culture:FRSessionId:etisevybh3zvs5voq00istviDate_Time:14:11
2014-11-22 /ejn/ -
2014-11-22 /ejn/EJN_Home.aspx -
2014-11-22 /ejn/ -
2014-11-22 /ejn/EJN_StaticPage.aspx Bread=5
2014-11-22 /ejn/EJN_Home.aspx -
2014-11-22 /ejn/EJN_StaticPage.aspx Bread=39
2014-11-22 /ejn/EJN_StaticPage.aspx Bread=13
2014-11-22 /ejn/EJN_StaticPage.aspx Bread=9
2014-11-22 /ejn/EJN_StaticPage.aspx Bread=32
2014-11-22 /ejn/EJN_Home.aspx -
2014-11-22 /ejn/EJN_StaticPage.aspx Bread=5
2014-11-22 /ejn/EJN_StaticPage.aspx Bread=36
2014-11-22 /ejn/EJN_StaticPage.aspx Bread=13
2014-11-22 /ejn/AtlasChooseCountry.aspx Type=2
2014-11-22 /ejn/AtlasChooseMeasure.aspx MP=1&Cou=UK
2014-11-22 /ejn/AtlasChooseMeasure.aspx MP=1&Cou=UK
2014-11-22 /ejn/EJN_FichesBelgesResult.aspx measure=101&country=395&other=-1
2014-11-22 /ejn/EJN_Home.aspx -
2014-11-22 /ejn/EJN_FichesBelgesTable.aspx -
2014-11-22 /ejn/AtlasChooseMeasure.aspx MP=1&Cou=UK
2014-11-22 /ejn/EJN_FichesBelgesResult.aspx measure=106&country=395&other=-1
2014-11-22 /ejn/EJN_Home.aspx -
2014-11-22 /ejn/EJN_Home.aspx -
2014-11-22 /ejn/EJN_AtlasAdvanced.aspx -
2014-11-22 /ejn_tools.aspx -
2014-11-22 /ejn/EJN_Home.aspx -
2014-11-22 /ejn/ -
2014-11-22 /ejn/EJN_Home.aspx -
2014-11-22 /ejn/EJN_Home.aspx -
2014-11-22 /ejn/EJN_Home.aspx -
2014-11-22 /ejn/EJN_Home.aspx -
2014-11-22 /ejn/EJN_Home.aspx -
2014-11-22 /ejn/EJN_Home.aspx -
2014-11-22 /ejn/EJN_Home.aspx -
2014-11-22 /ejn/ -
2014-11-22 /ejn/EJN_Home.aspx -
2014-11-22 /ejn/Events.aspx event=260
2014-11-22 /ejn/ -
2014-11-22 /ejn/EJN_Home.aspx -
2014-11-22 /ejn/EJN_InfoAbout.aspx Id=364
2014-11-22 /ejn/EJN_Home.aspx -
2014-11-22 /ejn/EJN_StaticPage.aspx Bread=39
2014-11-22 /ejn/EJN_Home.aspx -
2014-11-22 /ejn/EJN_Home.aspx -
2014-11-22 /ejn/EJN_Home.aspx -
2014-11-22 /ejn/EJN_StaticPage.aspx Bread=19
2014-11-22 /ejn/EJN_Home.aspx -
2014-11-22 /ejn/EJN_Home.aspx -
2014-11-22 /ejn/Events.aspx event=296
2014-11-22 /ejn/libcategories.aspx -
2014-11-22 /ejn/EJN_Home.aspx -
2014-11-22 /ejn/EJN_Home.aspx -
2014-11-22 /ejn/EJN_Home.aspx -
2014-11-22 /ejn/EJN_Home.aspx -
2014-11-22 /ejn/EJN_Home.aspx -
2014-11-22 /ejn/libcategories.aspx Id=14
2014-11-22 /ejn/libdocumentproperties.aspx Id=1240
2014-11-22 /ejn/NewsAll.aspx -
2014-11-22 /ejn/libdocumentproperties.aspx Id=1381
2014-11-22 /ejn/EJN_Home.aspx -
2014-11-22 /ejn/ -
2014-11-22 /ejn/ -
2014-11-22 /ejn/AtlasChooseCountry.aspx Type=1
2014-11-22 /ejn/libcategories.aspx -
2014-11-22 /ejn/EJN_Home.aspx -
2014-11-22 /ejn/ -
2014-11-22 /ejn/AtlasChooseCountry.aspx Type=1
2014-11-22 /ejn/AtlasChooseMeasure.aspx MP=0&Cou=378
2014-11-22 /ejn/AtlasSelection.aspx -
2014-11-22 /ejn/AtlasChooseCountry.aspx Type=1
2014-11-22 /ejn/AtlasChooseMeasure.aspx MP=0&Cou=378
2014-11-22 /ejn/AtlasSelection.aspx -
2014-11-22 /ejn/ -
2014-11-22 /ejn/EJN_EAWWizard.aspx -
2014-11-22 /ejn/ctrls.eawwizard/IframeEngine.aspx -
2014-11-22 /ejn/ -
2014-11-22 /ejn/libcategories.aspx -
2014-11-22 /ejn/libcategories.aspx Id=1
2014-11-22 /ejn/EJN_Home.aspx -
2014-11-22 /ejn/libcategories.aspx Id=2
2014-11-22 /ejn/libcategories.aspx -
2014-11-22 /ejn/libcategories.aspx Id=2
2014-11-22 /ejn/libdocumentproperties.aspx Id=939
2014-11-22 /ejn/libdocumentproperties.aspx Id=939
2014-11-22 /ejn/libadvancedsearch.aspx -
2014-11-22 /ejn/libdocumentproperties.aspx Id=939
2014-11-22 /ejn/libdocumentproperties.aspx Id=739
2014-11-22 /ejn/EJN_Library_StatusOfImpByCat.aspx CategoryId=36
2014-11-22 /ejn/EJN_Home.aspx -
2014-11-22 /ejn/ -
2014-11-22 /default.aspx -
2014-11-22 /ejn/AtlasChooseCountry.aspx Type=2
2014-11-22 /ejn/AtlasChooseMeasure.aspx MP=1&Cou=ES
2014-11-22 /ejn/AtlasChooseMeasure.aspx MP=1&Cou=ES++Culture:ESSessionId:gtjoo4vozfegk34vhasmvrv1Date_Time:15:00
2014-11-22 /ejn/libcategories.aspx -
2014-11-22 /ejn/EJN_Home.aspx -
2014-11-22 /ejn/ -
2014-11-22 /ejn/libcategories.aspx -
2014-11-22 /ejn/ -
2014-11-22 /ejn/AtlasChooseMeasure.aspx MP=1&Cou=ES
2014-11-22 /ejn/AtlasChooseMeasure.aspx MP=1&Cou=ES
2014-11-22 /ejn/AtlasSelection.aspx -
2014-11-22 /ejn/EJN_Home.aspx -
2014-11-22 /ejn/AtlasChooseCountry.aspx Type=1
2014-11-22 /ejn/EJN_Home.aspx -
2014-11-22 /ejn/AtlasChooseMeasure.aspx MP=1&Cou=ES
2014-11-22 /ejn/AtlasChooseMeasure.aspx MP=1&Cou=ES
2014-11-22 /ejn/AtlasSelection.aspx -
2014-11-22 /ejn/AtlasChooseMeasure.aspx MP=1&Cou=ES
2014-11-22 /ejn/AtlasChooseMeasure.aspx MP=1&Cou=ES
2014-11-22 /ejn/AtlasChooseMeasure.aspx MP=1&Cou=ES
2014-11-22 /ejn/AtlasChooseMeasure.aspx MP=1&Cou=ES
2014-11-22 /ejn/AtlasChooseMeasure.aspx MP=1&Cou=ES
2014-11-22 /ejn/AtlasChooseMeasure.aspx MP=1&Cou=ES
2014-11-22 /ejn/AtlasChooseMeasure.aspx MP=1&Cou=ES
2014-11-22 /ejn/AtlasChooseMeasure.aspx MP=1&Cou=ES
2014-11-22 /ejn/AtlasChooseMeasure.aspx MP=1&Cou=ES
2014-11-22 /ejn/AtlasChooseMeasure.aspx MP=1&Cou=ES
2014-11-22 /ejn/AtlasChooseMeasure.aspx MP=1&Cou=ES
2014-11-22 /ejn/AtlasChooseMeasure.aspx MP=1&Cou=ES
2014-11-22 /ejn/AtlasChooseMeasure.aspx MP=1&Cou=ES
2014-11-22 /ejn/AtlasSelection.aspx -
2014-11-22 /ejn/ -
2014-11-22 /ejn/EJN_Home.aspx -
2014-11-22 /ejn/AtlasChooseCountry.aspx Type=2
2014-11-22 /ejn/AtlasChooseCountry.aspx Type=2
2014-11-22 /ejn/AtlasChooseMeasure.aspx MP=0&Cou=395
2014-11-22 /ejn/AtlasChooseMeasure.aspx MP=0&Cou=395
2014-11-22 /ejn/AtlasChooseMeasure.aspx MP=0&Cou=395
2014-11-22 /ejn/AtlasSelection.aspx -
2014-11-22 /ejn/EJN_AtlasAdvanced.aspx -
2014-11-22 /ejn/ -
2014-11-22 /ejn/ -
2014-11-22 /ejn/ -
2014-11-22 /ejn/AtlasChooseMeasure.aspx MP=0&Cou=395
2014-11-22 /ejn/AtlasChooseMeasure.aspx MP=0&Cou=395
2014-11-22 /ejn/AtlasChooseMeasure.aspx MP=0&Cou=395
2014-11-22 /ejn/AtlasChooseMeasure.aspx MP=0&Cou=395
2014-11-22 /ejn/AtlasSelection.aspx -
2014-11-22 /ejn/EJN_Home.aspx -
2014-11-22 /ejn/ -
2014-11-22 /ejn/EJN_Home.aspx -
2014-11-22 /ejn/AtlasSelection.aspx -
2014-11-22 /ejn/EJN_Home.aspx -
2014-11-22 /ejn/EJN_Home.aspx -
2014-11-22 /ejn/EJN_Home.aspx -
2014-11-22 /ejn/ -
2014-11-22 /ejn/ -
2014-11-22 /ejn/ -
2014-11-22 /ejn/ -
2014-11-22 /ejn/EJN_Home.aspx -
2014-11-22 /ejn/ -
2014-11-22 /ejn/EJN_Home.aspx -
2014-11-22 /ejn/EJN_Home.aspx -
2014-11-22 /ejn/EJN_Home.aspx -
2014-11-22 /ejn/EJN_Home.aspx -
2014-11-22 /ejn/ -
2014-11-22 /ejn/EJN_Home.aspx -
2014-11-22 /ejn/EJN_Home.aspx -
2014-11-22 /ejn/EJN_Home.aspx -
2014-11-22 /default.aspx -
2014-11-22 /ejn/EJN_Home.aspx -
2014-11-22 /ejn/EJN_Home.aspx -
2014-11-22 /ejn/ejn_home.aspx -
2014-11-22 /ejn/EJN_AtlasAdvanced.aspx -
2014-11-22 /ejn/EJN_Home.aspx -
2014-11-22 /ejn/EJN_Home.aspx -
2014-11-22 /ejn/EJN_Home.aspx -
2014-11-22 /ejn/EJN_Home.aspx -
2014-11-22 /ejn/EJN_Home.aspx -
2014-11-22 /ejn/EJN_Home.aspx -
2014-11-22 /ejn/ -
2014-11-22 /ejn/EJN_Home.aspx -
2014-11-22 /ejn/EJN_Home.aspx -
2014-11-22 /ejn/EJN_Home.aspx -
2014-11-22 /ejn/EJN_Home.aspx -
2014-11-22 /ejn/EJN_Home.aspx -
2014-11-22 /ejn/EJN_Home.aspx -
2014-11-22 /ejn/EJN_Home.aspx -
2014-11-22 /ejn/EJN_Home.aspx -
2014-11-22 /ejn/EJN_Home.aspx -
2014-11-22 /ejn/EJN_Home.aspx -
2014-11-22 /ejn/EJN_Home.aspx -
2014-11-22 /ejn/EJN_Home.aspx -
2014-11-22 /ejn/EJN_Home.aspx -
2014-11-22 /ejn/EJN_Home.aspx -
2014-11-22 /ejn/EJN_Home.aspx -
2014-11-22 /ejn/EJN_Home.aspx -
2014-11-22 /ejn/EJN_Home.aspx -
2014-11-22 /ejn/EJN_Home.aspx -
2014-11-22 /ejn/ -
2014-11-22 /ejn/EJN_Home.aspx -
2014-11-22 /ejn/EJN_News.aspx id=72
2014-11-22 /ejn/EJN_News.aspx id=72
2014-11-22 /ejn/NewsDetail.aspx Ori=H&id=270
2014-11-22 /ejn/EJN_Home.aspx -
2014-11-22 /ejn/EJN_Home.aspx -
2014-11-22 /ejn/ -
2014-11-22 /ejn/EJN_AtlasAdvanced.aspx -
2014-11-22 /ejn/EJN_Home.aspx -
2014-11-22 /ejn/EJN_StaticPage.aspx Bread=30
2014-11-22 /ejn/EJN_Home.aspx -
2014-11-22 /ejn/EJN_Home.aspx -
2014-11-22 /ejn/EJN_Home.aspx -
2014-11-22 /ejn/libcategories.aspx Id=85
2014-11-22 /ejn/EJN_Home.aspx -
2014-11-22 /ejn/EJN_Home.aspx -
2014-11-22 /ejn/EJN_Home.aspx -
2014-11-22 /ejn/EJN_Home.aspx -
2014-11-22 /ejn/Events.aspx event=264
2014-11-22 /ejn/EJN_Home.aspx -
2014-11-22 /ejn/EJN_Home.aspx -
2014-11-22 /ejn/ -
2014-11-22 /ejn/EJN_Home.aspx -
2014-11-22 /ejn/ -
2014-11-22 /ejn/EJN_Home.aspx -
2014-11-22 /ejn/ -
2014-11-22 /ejn/EJN_Home.aspx -
2014-11-22 /ejn/EJN_AtlasAdvanced.aspx -
2014-11-22 /ejn/EJN_Home.aspx -
2014-11-22 /ejn/EJN_Home.aspx -
2014-11-22 /ejn/EJN_Home.aspx -
2014-11-22 /ejn/EJN_Home.aspx -
2014-11-22 /ejn/EJN_Home.aspx -
2014-11-22 /ejn/EJN_Home.aspx -
2014-11-22 /ejn/EJN_Home.aspx -
2014-11-22 /ejn/EJN_Home.aspx -
2014-11-22 /ejn/EJN_Home.aspx -
2014-11-22 /ejn/EJN_Home.aspx -
2014-11-22 /ejn/EJN_Home.aspx -
2014-11-22 /ejn/EJN_Home.aspx -
2014-11-22 /ejn/EJN_Home.aspx -
2014-11-22 /ejn/EJN_Home.aspx -
2014-11-22 /ejn/EJN_Home.aspx -
2014-11-22 /ejn/EJN_Home.aspx -
2014-11-22 /ejn/EJN_Home.aspx -
2014-11-22 /ejn/EJN_Home.aspx -
2014-11-22 /ejn/EJN_Home.aspx -
2014-11-22 /ejn/EJN_StaticPage.aspx Bread=12
2014-11-22 /ejn/EJN_Home.aspx -
2014-11-22 /ejn/EJN_Home.aspx -
2014-11-22 /ejn/EJN_Home.aspx -
2014-11-22 /ejn/EJN_Home.aspx -
2014-11-22 /ejn/ -
2014-11-22 /ejn/EJN_AtlasAdvanced.aspx -
2014-11-22 /ejn/EJN_Home.aspx -
2014-11-22 /ejn/EJN_Home.aspx -
2014-11-22 /ejn/EJN_Home.aspx -
2014-11-22 /ejn/EJN_Home.aspx -
2014-11-22 /ejn/ -
2014-11-22 /ejn/EJN_Home.aspx -
2014-11-22 /ejn/EJN_StaticPage.aspx Bread=27
2014-11-22 /ejn/EJN_StaticPage.aspx Bread=30
2014-11-22 /ejn/EJN_StaticPage.aspx Bread=37
2014-11-22 /ejn/EJN_Home.aspx -
2014-11-22 /ejn/EJN_Home.aspx -
2014-11-22 /ejn/EJN_Home.aspx -
2014-11-22 /ejn/ -
2014-11-22 /ejn/EJN_ContactPoints.aspx -
2014-11-22 /ejn/EJN_ContactPoints.aspx -
2014-11-22 /ejn/EJN_Home.aspx -
2014-11-22 /ejn/ -
2014-11-22 /ejn/EJN_Home.aspx -
2014-11-22 /ejn/EJN_Home.aspx -
2014-11-22 /ejn/ -
2014-11-22 /ejn/EJN_StaticPage.aspx Bread=2
2014-11-22 /ejn/EJN_Secretariat.aspx -
2014-11-22 /ejn/EJN_StaticPage.aspx Bread=14
2014-11-22 /ejn/EJN_AtlasAdvanced.aspx -
2014-11-22 /ejn/EJN_Home.aspx -
2014-11-22 /ejn/EJN_Home.aspx -
2014-11-22 /ejn/ -
2014-11-22 /ejn/EJN_StaticPage.aspx Bread=2
2014-11-22 /ejn/EJN_Home.aspx -
2014-11-22 /ejn/EJN_Home.aspx -
2014-11-22 /ejn/EJN_Home.aspx -
2014-11-22 /ejn/EJN_Secretariat.aspx -
2014-11-22 /ejn/EJN_Home.aspx -
2014-11-22 /ejn/EJN_Home.aspx -
2014-11-22 /ejn/EJN_Home.aspx -
2014-11-22 /ejn/EJN_StaticPage.aspx Bread=39
2014-11-22 /ejn/EJN_StaticPage.aspx Bread=9
2014-11-22 /ejn/ -
2014-11-22 /ejn/EJN_StaticPage.aspx Bread=39
2014-11-22 /ejn/EJN_StaticPage.aspx Bread=13
2014-11-22 /ejn/EJN_Home.aspx -
2014-11-22 /ejn/NewsAll.aspx -
2014-11-22 /ejn/NewsAll.aspx -
2014-11-22 /ejn/NewsAll.aspx -
2014-11-22 /ejn/NewsAll.aspx -
2014-11-22 /ejn/NewsAll.aspx -
2014-11-22 /ejn/NewsAll.aspx -
2014-11-22 /ejn/NewsAll.aspx Id=1&Pag=1
2014-11-22 /ejn/NewsAll.aspx Id=1&Pag=2
2014-11-22 /ejn/AtlasChooseCountry.aspx Type=1
2014-11-22 /ejn/EJN_Home.aspx -
2014-11-22 /ejn/ -
2014-11-22 /ejn/EJN_StaticPage.aspx Bread=5
2014-11-22 /ejn/EJN_StaticPage.aspx Bread=30
2014-11-22 /ejn/EJN_Home.aspx -
2014-11-22 /ejn/EJN_Home.aspx -
2014-11-22 /ejn/EJN_Home.aspx -
2014-11-22 /ejn/EJN_Home.aspx -
2014-11-22 /ejn/EJN_Home.aspx -
2014-11-22 /ejn/EJN_StaticPage.aspx Bread=7
2014-11-22 /ejn/EJN_Home.aspx -
2014-11-22 /ejn/EJN_Home.aspx -
2014-11-22 /ejn/EJN_Home.aspx -
2014-11-22 /ejn/EJN_Home.aspx -
2014-11-22 /ejn/EJN_Home.aspx -
2014-11-22 /ejn/EJN_Home.aspx -
2014-11-22 /ejn/EJN_Home.aspx -
2014-11-22 /ejn/EJN_Home.aspx -
2014-11-22 /ejn/ -
2014-11-22 /ejn/EJN_AtlasAdvanced.aspx -
2014-11-22 /ejn/EJN_Home.aspx -
2014-11-22 /ejn-partners.aspx -
2014-11-22 /ejn/EJN_Home.aspx -
2014-11-22 /ejn/EJN_Home.aspx -
2014-11-22 /ejn/EJN_Home.aspx -
2014-11-22 /ejn/EJN_Home.aspx -
2014-11-22 /ejn/EJN_Home.aspx -
2014-11-22 /ejn/EJN_Home.aspx -
2014-11-22 /ejn/EJN_Events.aspx date=09/06/2011
2014-11-22 /ejn/EJN_Events.aspx date=09/06/2011
2014-11-22 /ejn/EJN_Home.aspx -
2014-11-22 /ejn/Events.aspx event=236
2014-11-22 /ejn/EJN_Home.aspx -
2014-11-22 /ejn/ -
2014-11-22 /ejn/libshowdocument.aspx Id=16&Lang=RO
2014-11-22 /ejn/libshowdocument.aspx Id=16&Lang=RO
2014-11-22 /ejn/EJN_Home.aspx -
2014-11-22 /fckeditor/editor/filemanager/browser/default/connectors/aspx/connector.aspx -
2014-11-22 /fckeditor/editor/filemanager/connectors/aspx/connector.aspx -
2014-11-22 /ejn/EJN_Home.aspx -
2014-11-22 /admin/fckeditor/editor/filemanager/browser/default/connectors/aspx/connector.aspx -
2014-11-22 /admin/fckeditor/editor/filemanager/connectors/aspx/connector.aspx -
2014-11-22 /ckeditor/ckfinder/core/connector/aspx/connector.aspx -
2014-11-22 /ejn/EJN_Home.aspx -
2014-11-22 /fckeditor/editor/filemanager/connectors/aspx/connector.aspx -
2014-11-22 /fckedit/editor/filemanager/connectors/aspx/connector.aspx -
2014-11-22 /fckeditor/editor/filemanager/browser/default/connectors/aspx/connector.aspx -
2014-11-22 /ejn/EJN_AtlasAdvanced.aspx -
2014-11-22 /editors/fckeditor/editor/filemanager/connectors/aspx/connector.aspx -
2014-11-22 /ejn/ -
2014-11-22 /FCKeditor/editor/filemanager/connectors/aspx/connector.aspx -
2014-11-22 /ejn/libcategories.aspx Id=1
2014-11-22 /ejn/EJN_Home.aspx -
2014-11-22 /ejn/libcategories.aspx -
2014-11-22 /ejn/libcategories.aspx Id=1
2014-11-22 /ejn/libcategories.aspx Id=19
2014-11-22 /ejn/libcategories.aspx Id=12
2014-11-22 /ejn/libcategories.aspx Id=14
2014-11-22 /ejn/libshowdocument.aspx Id=787&Lang=EN
2014-11-22 /ejn/libcategories.aspx Id=24
2014-11-22 /ejn/libshowdocument.aspx Id=786&Lang=EN
2014-11-22 /ejn/EJN_Home.aspx -
2014-11-22 /includes/fckeditor/editor/filemanager/connectors/aspx/connector.aspx -
2014-11-22 /ejn/ -
2014-11-22 /ejn/NewsDetail.aspx id=74&Ori=H
2014-11-22 /ejn/EJN_Home.aspx -
2014-11-22 /ejn/EJN_Home.aspx -
2014-11-22 /ejn/NewsDetail.aspx id=81&Ori=H
2014-11-22 /ejn/EJN_Home.aspx -
2014-11-22 /ejn/EJN_Home.aspx -
2014-11-22 /ejn/EJN_Home.aspx -
2014-11-22 /ejn/EJN_Home.aspx -
2014-11-22 /ejn/EJN_Home.aspx -
2014-11-22 /ejn/EJN_Home.aspx -
2014-11-22 /ejn/EJN_Home.aspx -
2014-11-22 /ejn/libshowdocument.aspx Id=786&Lang=EN
2014-11-22 /ejn/libcategories.aspx Id=66
2014-11-22 /ejn/EJN_Library_StatusOfImpByCat.aspx CategoryId=66
2014-11-22 /ejn/EJN_Home.aspx -
2014-11-22 /ejn/EJN_StaticPage.aspx Bread=11
2014-11-22 /ejn/EJN_Home.aspx -
2014-11-22 /ejn/libshowdocument.aspx Id=479&Lang=EN
2014-11-22 /ejn/ -
2014-11-22 /ejn/EJN_QuickLinks.aspx id=25
2014-11-22 /ejn/EJN_FichesBelges.aspx -
2014-11-22 /ejn/EJN_Home.aspx -
2014-11-22 /ejn/EJN_QuickLinks.aspx id=25++Culture:DESessionId:2purzzvj0r53hjenuzm2vxqnDate_Time:18:38
2014-11-22 /ejn/EJN_Home.aspx -
2014-11-22 /ejn/EJN_QuickLinks.aspx id=25
2014-11-22 /ejn/ -
2014-11-22 /ejn/EJN_QuickLinks.aspx id=25
2014-11-22 /ejn/EJN_QuickLinks.aspx id=25++Culture:ENSessionId:2purzzvj0r53hjenuzm2vxqnDate_Time:6:39+PM
2014-11-22 /ejn/EJN_QuickLinks.aspx id=25
2014-11-22 /ejn/ -
2014-11-22 /ejn/EJN_Home.aspx -
2014-11-22 /ejn/EJN_Home.aspx -
2014-11-22 /ejn/EJN_Home.aspx -
2014-11-22 /ejn/EJN_Home.aspx -
2014-11-22 /ejn/EJN_Home.aspx -
2014-11-22 /ejn/EJN_Home.aspx -
2014-11-22 /ejn/EJN_Home.aspx -
2014-11-22 /ejn/EJN_Home.aspx -
2014-11-22 /ejn/EJN_Home.aspx -
2014-11-22 /ejn/EJN_Home.aspx -
2014-11-22 /ejn/ -
2014-11-22 /ejn/ -
2014-11-22 /ejn/ -
2014-11-22 /ejn/AtlasChooseCountry.aspx Type=2
2014-11-22 /ejn/AtlasChooseCountry.aspx Type=2
2014-11-22 /ejn/AtlasChooseMeasure.aspx MP=0&Cou=395
2014-11-22 /ejn/AtlasChooseMeasure.aspx MP=0&Cou=395
2014-11-22 /ejn/ -
2014-11-22 /ejn/EJN_InfoAbout.aspx Id=368
2014-11-22 /ejn/EJN_Home.aspx -
2014-11-22 /ejn/AtlasChooseMeasure.aspx MP=0&Cou=395
2014-11-22 /ejn/AtlasChooseMeasure.aspx MP=0&Cou=395
2014-11-22 /ejn/AtlasSelection.aspx -
2014-11-22 /ejn/EJN_Home.aspx -
2014-11-22 /ejn/ -
2014-11-22 /ejn/ -
2014-11-22 /ejn/AtlasSelection.aspx -
2014-11-22 /ejn/AtlasSelection.aspx -
2014-11-22 /ejn/AtlasSelection.aspx -
2014-11-22 /ejn/AtlasAuthorityData.aspx Id=2588
2014-11-22 /ejn/AtlasAuthorityData.aspx Id=2588
2014-11-22 /ejn/AtlasSelection.aspx Option=AuthorityType
2014-11-22 /ejn/AtlasSelection.aspx Option=AuthorityType
2014-11-22 /ejn/AtlasChooseMeasure.aspx MP=0&Cou=395
2014-11-22 /ejn/AtlasChooseMeasure.aspx MP=0&Cou=395
2014-11-22 /ejn/AtlasChooseCountry.aspx Type=2
2014-11-22 /ejn/AtlasChooseMeasure.aspx MP=1&Cou=ES
2014-11-22 /ejn/AtlasChooseMeasure.aspx MP=1&Cou=ES
2014-11-22 /ejn/AtlasChooseMeasure.aspx MP=1&Cou=ES
2014-11-22 /ejn/AtlasChooseMeasure.aspx MP=1&Cou=ES
2014-11-22 /ejn/AtlasChooseCountry.aspx Type=2
2014-11-22 /ejn/AtlasChooseMeasure.aspx MP=1&Cou=ES
2014-11-22 /ejn/AtlasChooseMeasure.aspx MP=1&Cou=ES
2014-11-22 /ejn/AtlasChooseMeasure.aspx MP=1&Cou=ES
2014-11-22 /ejn/AtlasChooseMeasure.aspx MP=1&Cou=ES
2014-11-22 /ejn/AtlasSelection.aspx -
2014-11-22 /ejn/AtlasSelection.aspx -
2014-11-22 /ejn/AtlasSelection.aspx -
2014-11-22 /ejn/AtlasSelection.aspx -
2014-11-22 /ejn/AtlasSelection.aspx -
2014-11-22 /ejn/AtlasSelection.aspx -
2014-11-22 /ejn/AtlasSelection.aspx -
2014-11-22 /ejn/AtlasChooseAuthority.aspx -
2014-11-22 /ejn/AtlasChooseAuthority.aspx -
2014-11-22 /ejn/AtlasAuthorityData.aspx Id=2822
2014-11-22 /ejn/AtlasChooseAuthority.aspx -
2014-11-22 /ejn/EJN_Home.aspx -
2014-11-22 /ejn/AtlasSelection.aspx -
2014-11-22 /ejn/AtlasChooseMeasure.aspx MP=1&Cou=ES
2014-11-22 /ejn/AtlasChooseMeasure.aspx MP=0&Cou=395
2014-11-22 /ejn/AtlasChooseMeasure.aspx MP=0&Cou=395
2014-11-22 /ejn/AtlasChooseMeasure.aspx MP=0&Cou=395
2014-11-22 /ejn/AtlasChooseMeasure.aspx MP=0&Cou=395
2014-11-22 /ejn/AtlasSelection.aspx -
2014-11-22 /ejn/AtlasSelection.aspx -
2014-11-22 /ejn/AtlasChooseMeasure.aspx MP=0&Cou=395
2014-11-22 /ejn/AtlasChooseMeasure.aspx MP=0&Cou=395++Culture:ESSessionId:asrfqchrega51oqfwbkel2faDate_Time:18:59
2014-11-22 /ejn/AtlasChooseMeasure.aspx MP=0&Cou=395
2014-11-22 /ejn/EJN_Home.aspx -
2014-11-22 /ejn/EJN_Home.aspx -
2014-11-22 /ejn/ -
2014-11-22 /ejn/EJN_AtlasAdvanced.aspx -
2014-11-22 /ejn/NewsDetail.aspx id=242&Ori=H
2014-11-22 /ejn/EJN_Home.aspx -
2014-11-22 /ejn/EJN_AtlasAdvancedOld.aspx ctyCode=PT
2014-11-22 /ejn/EJN_Home.aspx -
2014-11-22 /ejn/EJN_Home.aspx -
2014-11-22 /ejn/ -
2014-11-22 /ejn/EJN_Home.aspx -
2014-11-22 /ejn/EJN_Home.aspx -
2014-11-22 /ejn/ejn_guidevisit.aspx -
2014-11-22 /ejn/ejn_guidevisit.aspx -
2014-11-22 /ejn/EJN_Home.aspx -
2014-11-22 /ejn/EJN_Home.aspx -
2014-11-22 /ejn/EJN_Home.aspx -
2014-11-22 /ejn/EJN_Home.aspx -
2014-11-22 /ejn/ -
2014-11-22 /ejn/EJN_Home.aspx -
2014-11-22 /ejn/EJN_Home.aspx -
2014-11-22 /ejn/EJN_Home.aspx -
2014-11-22 /ejn/EJN_AtlasAdvanced.aspx -
2014-11-22 /ejn/EJN_Home.aspx -
2014-11-22 /ejn/EJN_Home.aspx -
2014-11-22 /ejn/EJN_Home.aspx -
2014-11-22 /ejn/EJN_Home.aspx -
2014-11-22 /ejn/EJN_Home.aspx -
2014-11-22 /ejn/EJN_Home.aspx -
2014-11-22 /ejn/EJN_Home.aspx -
2014-11-22 /ejn/EJN_Home.aspx -
2014-11-22 /ejn/EJN_Home.aspx -
2014-11-22 /ejn/sitemap.aspx -
2014-11-22 /ejn/EJN_Home.aspx -
2014-11-22 /ejn/EJN_Home.aspx -
2014-11-22 /ejn/EJN_Home.aspx -
2014-11-22 /ejn/EJN_Home.aspx -
2014-11-22 /ejn/EJN_Home.aspx -
2014-11-22 /ejn/EJN_Home.aspx -
2014-11-22 /ejn/EJN_Home.aspx -
2014-11-22 /ejn/ -
2014-11-22 /ejn/EJN_Home.aspx -
2014-11-22 /ejn/EJN_Home.aspx -
2014-11-22 /ejn/libshowdocument.aspx Id=13&Lang=ES
2014-11-22 /ejn/EJN_Home.aspx -
2014-11-22 /ejn/EJN_Home.aspx -
2014-11-22 /ejn/EJN_Home.aspx -
2014-11-22 /ejn/EJN_Home.aspx -
2014-11-22 /ejn/EJN_Home.aspx -
2014-11-22 /ejn/ -
2014-11-22 /ejn/EJN_AtlasAdvanced.aspx -
2014-11-22 /ejn/EJN_EAWAtlas.aspx -
2014-11-22 /ejn/EJN_Error.aspx -
2014-11-22 /ejn/EJN_Home.aspx -
2014-11-22 /ejn/EJN_Home.aspx -
2014-11-22 /ejn/EJN_Home.aspx -
2014-11-22 /ejn/EJN_Home.aspx -
2014-11-22 /ejn/EJN_Secretariat.aspx -
2014-11-22 /ejn/EJN_Home.aspx -
2014-11-22 /ejn/EJN_Home.aspx -
2014-11-22 /ejn/AtlasChooseCountry.aspx Type=2
2014-11-22 /ejn/EJN_Home.aspx -
2014-11-22 /ejn/AtlasChooseMeasure.aspx MP=1&Cou=FR
2014-11-22 /ejn/EJN_Home.aspx -
2014-11-22 /ejn/EJN_FichesBelgesResult.aspx measure=104&country=273&other=-1
2014-11-22 /ejn/EJN_Home.aspx -
2014-11-22 /ejn/EJN_StaticPage.aspx Bread=12
2014-11-22 /ejn/EJN_Home.aspx -
2014-11-22 /ejn/AtlasChooseMeasure.aspx MP=1&Cou=UK&Type=2
2014-11-22 /ejn/EJN_FichesBelgesResult.aspx measure=709&country=395&other=-1
2014-11-22 /ejn/AtlasChooseMeasure.aspx MP=1&Cou=UK&Type=2
2014-11-22 /ejn/AtlasChooseCountry.aspx Type=2
2014-11-22 /ejn/AtlasChooseMeasure.aspx MP=1&Cou=SE
2014-11-22 /ejn/ -
2014-11-22 /ejn/AtlasChooseCountry.aspx Type=2
2014-11-22 /ejn/AtlasChooseMeasure.aspx MP=1&Cou=SE
2014-11-22 /ejn/EJN_FichesBelgesResult.aspx measure=709&country=378&other=-1
2014-11-22 /ejn/AtlasChooseMeasure.aspx MP=1&Cou=FR
2014-11-22 /ejn/AtlasChooseMeasure.aspx MP=1&Cou=UK&Type=2
2014-11-22 /ejn/EJN_FichesBelgesTable.aspx -
2014-11-22 /ejn/EJN_Home.aspx -
2014-11-22 /ejn/EJN_FichesBelgesResult.aspx measure=713&country=273&other=-1
2014-11-22 /ejn/EJN_Home.aspx -
2014-11-22 /ejn/EJN_Home.aspx -
2014-11-22 /ejn/EJN_FichesBelgesResult.aspx measure=104&country=273&other=-1
2014-11-22 /ejn/EJN_Home.aspx -
2014-11-22 /ejn/AtlasChooseCountry.aspx Type=2
2014-11-22 /ejn/AtlasChooseMeasure.aspx MP=1&Cou=FR
2014-11-22 /ejn/EJN_Login.aspx -
2014-11-22 /ejn/EJN_Login.aspx -
2014-11-22 /ejn/EJN_Home.aspx -
2014-11-22 /ejn/EJN_EAWAtlas.aspx -
2014-11-22 /ejn/EJN_Error.aspx -
2014-11-22 /ejn/EJN_AtlasAdvanced.aspx -
2014-11-22 /ejn/EJN_AtlasAdvanced.aspx -
2014-11-22 /ejn/EJN_AtlasAdvanced.aspx -
2014-11-22 /ejn/EJN_AtlasAdvanced.aspx -
2014-11-22 /ejn/ -
2014-11-22 /ejn/EJN_Home.aspx -
2014-11-22 /ejn/AtlasChooseCountry.aspx Type=2
2014-11-22 /ejn/AtlasChooseMeasure.aspx MP=1&Cou=FR
2014-11-22 /ejn/EJN_FichesBelgesTable.aspx -
2014-11-22 /ejn/EJN_Library_StatusOfImpByCou.aspx CountryId=273
2014-11-22 /ejn/AtlasChooseMeasure.aspx MP=1&Cou=FR
2014-11-22 /ejn/EJN_Home.aspx -
2014-11-22 /ejn/AtlasChooseMeasure.aspx MP=1&Cou=FR
2014-11-22 /ejn/AtlasChooseCountry.aspx Type=2
2014-11-22 /ejn/AtlasChooseMeasure.aspx MP=1&Cou=FR
2014-11-22 /ejn/EJN_FichesBelgesResult.aspx measure=104&country=273&other=-1
2014-11-22 /ejn/EJN_Home.aspx -
2014-11-22 /ejn/EJN_Home.aspx -
2014-11-22 /ejn/EJN_Home.aspx -
2014-11-22 /ejn/AtlasChooseCountry.aspx Type=1
2014-11-22 /ejn/EJN_Home.aspx -
2014-11-22 /ejn/ -
2014-11-22 /ejn/EJN_QuickLinks.aspx id=28
2014-11-22 /ejn/EJN_Home.aspx -
2014-11-22 /ejn/EJN_Login.aspx -
2014-11-22 /ejn/AtlasChooseCountry.aspx Type=2
2014-11-22 /ejn/EJN_Home.aspx -
2014-11-22 /ejn/AtlasChooseMeasure.aspx MP=1&Cou=FR
2014-11-22 /ejn/EJN_FichesBelgesResult.aspx measure=103&country=273&other=-1
2014-11-22 /ejn/EJN_FichesBelgesResult.aspx measure=801&country=273&other=-1
2014-11-22 /ejn/EJN_Home.aspx -
2014-11-22 /ejn/EJN_Home.aspx -
2014-11-22 /ejn/EJN_Home.aspx -
2014-11-22 /ejn/EJN_Home.aspx -
2014-11-22 /ejn/ -
2014-11-22 /ejn/AtlasChooseCountry.aspx Type=2
2014-11-22 /ejn/AtlasChooseMeasure.aspx MP=1&Cou=FR
2014-11-22 /ejn/EJN_FichesBelgesResult.aspx measure=104&country=273&other=-1
2014-11-22 /ejn/EJN_Home.aspx -
2014-11-22 /ejn/EJN_FichesBelgesResult.aspx measure=103&country=273&other=-1
2014-11-22 /ejn/ -
2014-11-22 /ejn/AtlasChooseCountry.aspx Type=2
2014-11-22 /ejn/AtlasChooseMeasure.aspx MP=1&Cou=DE
2014-11-22 /ejn/EJN_FichesBelgesResult.aspx measure=104&country=277&other=-1
2014-11-22 /ejn/ -
2014-11-22 /ejn/EJN_StaticPage.aspx Bread=10
2014-11-22 /ejn/EJN_Login.aspx -
2014-11-22 /ejn/EJN_QuickLinks.aspx id=24
2014-11-22 /ejn/EJN_Home.aspx -
2014-11-22 /ejn/ -
2014-11-22 /ejn/AtlasChooseMeasure.aspx Mp=1&Cou=FR&Type=2
2014-11-22 /ejn/AtlasChooseMeasure.aspx Mp=1&Cou=FR&Type=2
2014-11-22 /ejn/AtlasChooseCountry.aspx Type=2
2014-11-22 /ejn/EJN_Home.aspx -
2014-11-22 /ejn/EJN_Search.aspx -
2014-11-22 /ejn/ -
2014-11-22 /ejn/AtlasChooseCountry.aspx Type=2
2014-11-22 /ejn/AtlasChooseMeasure.aspx MP=1&Cou=FR
2014-11-22 /ejn/EJN_FichesBelgesResult.aspx measure=104&country=273&other=-1
2014-11-22 /ejn/EJN_Home.aspx -
2014-11-22 /ejn/ -
2014-11-22 /ejn/EJN_Home.aspx -
2014-11-22 /ejn/EJN_Home.aspx -
2014-11-22 /ejn/EJN_Home.aspx -
2014-11-22 /ejn/EJN_Home.aspx -
2014-11-22 /ejn/EJN_Home.aspx -
2014-11-22 /ejn/EJN_Home.aspx -
2014-11-22 /ejn/EJN_Home.aspx -
2014-11-22 /ejn/EJN_Home.aspx -
2014-11-22 /ejn/EJN_Home.aspx -
2014-11-22 /ejn/ -
2014-11-22 /ejn/EJN_AtlasAdvanced.aspx -
2014-11-22 /ejn/EJN_Home.aspx -
2014-11-22 /ejn/ -
2014-11-22 /ejn/EJN_Home.aspx -
2014-11-22 /ejn/EJN_Home.aspx -
2014-11-22 /ejn/EJN_Home.aspx -
2014-11-22 /ejn/EJN_Home.aspx -
2014-11-22 /ejn/EJN_Home.aspx -
2014-11-22 /ejn/ -
2014-11-22 /ejn/EJN_Home.aspx -
2014-11-22 /ejn/ -
2014-11-22 /ejn/EJN_Home.aspx -
2014-11-22 /ejn/EJN_Home.aspx -
2014-11-22 /ejn/EJN_Home.aspx -
2014-11-22 /ejn/EJN_Home.aspx -
2014-11-22 /ejn/EJN_AtlasAdvanced.aspx -
2014-11-22 /ejn/EJN_Home.aspx -
2014-11-22 /ejn/ -
2014-11-22 /ejn/EJN_Home.aspx -
2014-11-22 /ejn/EJN_Home.aspx -
2014-11-22 /ejn/EJN_Home.aspx -
2014-11-22 /ejn/EJN_Home.aspx -
2014-11-22 /ejn/EJN_Home.aspx -
2014-11-22 /ejn/EJN_Home.aspx -
2014-11-22 /ejn/EJN_Home.aspx -
2014-11-22 /ejn/EJN_Home.aspx -
2014-11-22 /ejn/EJN_Home.aspx -
2014-11-22 /ejn/EJN_Home.aspx -
2014-11-22 /ejn/EJN_Home.aspx -
2014-11-22 /ejn/EJN_Home.aspx -
2014-11-22 /ejn/EJN_Home.aspx -
2014-11-22 /ejn/EJN_Home.aspx -
2014-11-22 /ejn/EJN_Home.aspx -
2014-11-22 /ejn/EJN_Home.aspx -
2014-11-22 /ejn/EJN_Home.aspx -
2014-11-22 /ejn/EJN_Home.aspx -
2014-11-22 /ejn/EJN_Home.aspx -
2014-11-22 /ejn/EJN_Home.aspx -
2014-11-22 /ejn/EJN_Home.aspx -
2014-11-22 /ejn/EJN_Home.aspx -
2014-11-22 /ejn/sitemap.aspx -
2014-11-22 /ejn/EJN_Home.aspx -
2014-11-22 /ejn/ -
2014-11-22 /ejn/EJN_AtlasAdvanced.aspx -
2014-11-22 /ejn/EJN_Home.aspx -
2014-11-22 /ejn/EJN_Events.aspx Id=29
2014-11-22 /ejn/EJN_Events.aspx Id=29
2014-11-22 /ejn/EJN_Home.aspx -
2014-11-22 /ejn/EJN_Home.aspx -
2014-11-22 /ejn/AtlasChooseMeasure.aspx Mp=1&Cou=PL&Type=2
2014-11-22 /ejn/EJN_FichesBelgesResult.aspx measure=702&country=351&other=-1
2014-11-22 /ejn/EJN_Events.aspx date=27/06/2011
2014-11-22 /ejn/EJN_Events.aspx date=27/06/2011
2014-11-22 /ejn/EJN_Home.aspx -
2014-11-22 /ejn/EJN_Home.aspx -
2014-11-22 /ejn/EJN_FichesBelgesGuide.aspx -
2014-11-22 /ejn/EJN_Home.aspx -
2014-11-22 /ejn/AtlasChooseCountry.aspx Type=2
2014-11-22 /ejn/AtlasChooseMeasure.aspx MP=1&Cou=NL
2014-11-22 /ejn/AtlasChooseMeasure.aspx MP=1&Cou=NL
2014-11-22 /ejn/EJN_FichesBelgesResult.aspx measure=702&country=337&other=-1
2014-11-22 /ejn/EJN_AtlasAdvancedOld.aspx ctyCode=PT
2014-11-22 /ejn/EJN_Home.aspx -
2014-11-22 /ejn/ -
2014-11-22 /ejn/EJN_Home.aspx -
2014-11-22 /ejn/EJN_Home.aspx -
2014-11-22 /ejn/EJN_Home.aspx -
2014-11-22 /ejn/EJN_Home.aspx -
2014-11-22 /ejn/EJN_Home.aspx -
2014-11-22 /ejn/EJN_AtlasAdvanced.aspx -
2014-11-22 /ejn/EJN_Home.aspx -
2014-11-22 /ejn/EJN_QuickLinks.aspx id=23
2014-11-22 /ejn/EJN_Home.aspx -
2014-11-22 /ejn/EJN_Home.aspx -
2014-11-22 /ejn/EJN_Home.aspx -
2014-11-22 /ejn/EJN_Home.aspx -
2014-11-22 /ejn/EJN_Home.aspx -
2014-11-22 /ejn/EJN_Home.aspx -
2014-11-22 /ejn/EJN_Home.aspx -
2014-11-22 /ejn/EJN_Home.aspx -
2014-11-22 /ejn/EJN_Home.aspx -
2014-11-22 /ejn/EJN_Home.aspx -
2014-11-22 /ejn/AtlasChooseMeasure.aspx Mp=1&Cou=PL&Type=2
2014-11-22 /ejn/EJN_Home.aspx -
2014-11-22 /ejn/EJN_Home.aspx -
2014-11-22 /ejn/EJN_Home.aspx -
2014-11-22 /ejn/EJN_Home.aspx -
2014-11-22 /ejn/EJN_StaticPage.aspx Bread=8
2014-11-22 /ejn/EJN_Home.aspx -
2014-11-22 /aspx/ -
2014-11-22 /a/.aspx -
2014-11-22 /FileN0tEx15T.aspx -
2014-11-22 /N0tAcHaNCE.aspx -
2014-11-22 /Logon.aspx -
2014-11-22 /admin/deleteicon.aspx -
2014-11-22 /login.aspx ReturnUrl=default.aspx%22%20onclick=%22alert('QG_DETECTED_XSS')
2014-11-22 /default.aspx -
2014-11-22 /Citrix/XenApp/auth/login.aspx CTX_MessageType=WARNING&CTX_MessageKey=NoUsableClientDetected
2014-11-22 /AUX/.aspx -
2014-11-22 /Pages/default.aspx -
2014-11-22 /SitePages/Home.aspx -
2014-11-22 /F1le.aspx -
2014-11-22 /Reach/Client/WebPages/ReachJoin.aspx -
2014-11-22 /ejn/EJN_Home.aspx -
2014-11-22 /ejn/EJN_Home.aspx -
2014-11-22 /ejn/EJN_Home.aspx -
2014-11-22 /ejn/EJN_Home.aspx -
2014-11-22 /EJN_AtlasAdvanced.aspx -
2014-11-22 /ejn/EJN_Home.aspx -
2014-11-22 /ejn/EJN_Home.aspx -
2014-11-22 /ejn/EJN_Home.aspx -
2014-11-22 /ejn/EJN_Home.aspx -
2014-11-22 /ejn/EJN_Home.aspx -
2014-11-22 /ejn/ -
2014-11-22 /ejn/EJN_AtlasAdvanced.aspx -
2014-11-22 /ejn/EJN_Home.aspx -
2014-11-22 /ejn/EJN_Home.aspx -
2014-11-22 /ejn/EJN_Home.aspx -
2014-11-22 /ejn/EJN_Home.aspx -
2014-11-22 /ejn/ -
2014-11-22 /ejn/EJN_Home.aspx -
2014-11-22 /ejn/EJN_Home.aspx -
2014-11-22 /ejn/EJN_Home.aspx -
2014-11-22 /ejn/ -
2014-11-22 /ejn/EJN_Home.aspx -
2014-11-22 /ejn/EJN_Home.aspx -
2014-11-22 /ejn/EJN_AtlasAdvanced.aspx -
2014-11-22 /ejn/EJN_Home.aspx -
2014-11-22 /ejn/EJN_Home.aspx -
2014-11-22 /ejn/libcategories.aspx Id=32
2014-11-22 /ejn/EJN_Home.aspx -
2014-11-22 /ejn/EJN_Home.aspx -
2014-11-22 /ejn/EJN_Home.aspx -
2014-11-22 /ejn/EJN_Home.aspx -
2014-11-22 /ejn/EJN_Home.aspx -
2014-11-22 /ejn/EJN_Home.aspx -
2014-11-22 /ejn/EJN_Home.aspx -
2014-11-22 /ejn/EJN_Home.aspx -
2014-11-22 /ejn/EJN_Home.aspx -
2014-11-22 /ejn/EJN_Home.aspx -
2014-11-22 /ejn/EJN_Home.aspx -
2014-11-22 /ejn/EJN_Home.aspx -
2014-11-22 /ejn/EJN_Home.aspx -
2014-11-22 /ejn/ -
2014-11-22 /ejn/EJN_Home.aspx -
2014-11-22 /ejn/EJN_Home.aspx -
2014-11-22 /ejn/EJN_AtlasAdvancedOld.aspx ctyCode=SK
2014-11-22 /ejn/EJN_Home.aspx -
2014-11-22 /ejn/EJN_Home.aspx -
2014-11-22 /ejn/EJN_AtlasAdvancedOld.aspx ctyCode=SK
2014-11-22 /ejn/ -
2014-11-22 /ejn/ -
2014-11-22 /ejn/Gallery.aspx -
2014-11-22 /ejn/Gallery.aspx -
2014-11-22 /ejn/Gallery.aspx -
2014-11-22 /ejn/GalleryDetail.aspx Id=17
2014-11-22 /ejn/EJN_AtlasAdvanced.aspx -
2014-11-22 /ejn/GalleryDetail.aspx Id=25
2014-11-22 /ejn/GalleryDetail.aspx Id=23
2014-11-22 /ejn/GalleryDetail.aspx Id=23
2014-11-22 /ejn/EJN_Home.aspx -
2014-11-22 /ejn/EJN_Home.aspx -
2014-11-22 /ejn/EJN_Home.aspx -
2014-11-22 /ejn/EJN_Home.aspx -
2014-11-22 /ejn/EJN_Home.aspx -
2014-11-22 /ejn/EJN_Home.aspx -
2014-11-22 /ejn/EJN_Home.aspx -
2014-11-22 /ejn/ -
2014-11-22 /ejn/EJN_Home.aspx -
2014-11-22 /ejn/EJN_Home.aspx -
2014-11-22 /ejn/EJN_Home.aspx -
2014-11-22 /ejn/Events.aspx event=253
2014-11-22 /ejn/EJN_AtlasAdvanced.aspx -
2014-11-22 /ejn/libcategories.aspx Id=32
2014-11-22 /ejn/EJN_Home.aspx -
2014-11-22 /ejn/EJN_Home.aspx -
2014-11-22 /ejn/EJN_Home.aspx -
2014-11-22 /ejn/EJN_Home.aspx -
2014-11-22 /ejn/EJN_Home.aspx -
2014-11-22 /ejn/EJN_Home.aspx -
2014-11-22 /ejn/EJN_Home.aspx -
2014-11-22 /ejn/EJN_Home.aspx -
2014-11-22 /ejn/EJN_Home.aspx -
2014-11-22 /ejn/EJN_Home.aspx -
2014-11-22 /ejn/EJN_FichesBelgesResult.aspx measure=405&country=351&other=-1
2014-11-22 /ejn/EJN_Home.aspx -
2014-11-22 /ejn/EJN_Home.aspx -
2014-11-22 /ejn/EJN_Home.aspx -
2014-11-22 /ejn/EJN_Home.aspx -
2014-11-22 /ejn/EJN_Home.aspx -
2014-11-22 /ejn/EJN_Home.aspx -
2014-11-22 /ejn/EJN_Home.aspx -
2014-11-22 /ejn/EJN_Home.aspx -
2014-11-22 /ejn/EJN_Home.aspx -
2014-11-22 /ejn/EJN_Home.aspx -
