2014-10-19 /ejn/ -
2014-10-19 /ejn/EJN_AtlasAdvanced.aspx -
2014-10-19 /default.aspx -
2014-10-19 /ejn/libshowdocument.aspx Id=99&Lang=MT
2014-10-19 /ejn/ -
2014-10-19 /ejn/ -
2014-10-19 /ejn/ -
2014-10-19 /ejn/EJN_InfoAbout.aspx Id=373
2014-10-19 /ejn/EJN_StaticPage.aspx Bread=30
2014-10-19 /ejn/ -
2014-10-19 /ejn/EJN_Home.aspx -
2014-10-19 /ejn/EJN_Home.aspx -
2014-10-19 /ejn/EJN_Home.aspx -
2014-10-19 /ejn/EJN_Home.aspx -
2014-10-19 /ejn/EJN_StaticPage.aspx Bread=21
2014-10-19 /ejn/EJN_StaticPage.aspx Bread=31
2014-10-19 /ejn/EJN_StaticPage.aspx Bread=24
2014-10-19 /ejn/EJN_StaticPage.aspx Bread=33
2014-10-19 /ejn/EJN_StaticPage.aspx Bread=34
2014-10-19 /ejn/EJN_StaticPage.aspx Bread=19
2014-10-19 /ejn/libcategories.aspx -
2014-10-19 /ejn/EJN_StaticPage.aspx Bread=30
2014-10-19 /ejn/ -
2014-10-19 /ejn/ -
2014-10-19 /ejn/ -
2014-10-19 /ejn/ -
2014-10-19 /ejn/ -
2014-10-19 /ejn/ -
2014-10-19 /ejn/ -
2014-10-19 /ejn/ -
2014-10-19 /ejn/NewsDetail.aspx id=285&Ori=H
2014-10-19 /ejn/EJN_Home.aspx -
2014-10-19 /ejn/EJN_FichesBelges.aspx -
2014-10-19 /ejn/EJN_Home.aspx -
2014-10-19 /ejn/ -
2014-10-19 /ejn/ -
2014-10-19 /ejn/EJN_AtlasAdvanced.aspx -
2014-10-19 /ejn/NewsDetail.aspx id=251&Ori=H
2014-10-19 /ejn/EJN_Home.aspx -
2014-10-19 /ejn/EJN_Home.aspx -
2014-10-19 /ejn/EJN_Home.aspx -
2014-10-19 /ejn/EJN_Home.aspx -
2014-10-19 /ejn/EJN_Home.aspx -
2014-10-19 /ejn/EJN_AtlasAdvanced.aspx -
2014-10-19 /ejn/EJN_AtlasAdvanced.aspx -
2014-10-19 /ejn/ -
2014-10-19 /ejn/ -
2014-10-19 /ejn/EJN_AtlasAdvanced.aspx -
2014-10-19 /ejn/ -
2014-10-19 /ejn/EJN_AtlasAdvanced.aspx -
2014-10-19 /ejn/EJN_AtlasAdvancedOld.aspx ctyCode=SK
2014-10-19 /ejn/EJN_Gallery.aspx -
2014-10-19 /ejn/Events.aspx event=206
2014-10-19 /ejn/EJN_Home.aspx -
2014-10-19 /ejn/NewsDetail.aspx id=283&Ori=H
2014-10-19 /ejn/NewsDetail.aspx id=284&Ori=H
2014-10-19 /ejn/ -
2014-10-19 /ejn/EJN_Home.aspx -
2014-10-19 /ejn/EJN_Home.aspx -
2014-10-19 /ejn/ -
2014-10-19 /ejn/EJN_Home.aspx -
2014-10-19 /ejn/ -
2014-10-19 /ejn/libcategories.aspx Id=14
2014-10-19 /ejn/EJN_Home.aspx -
2014-10-19 /ejn/libcategories.aspx -
2014-10-19 /ejn/EJN_Home.aspx -
2014-10-19 /ejn/libcategories.aspx Id=21
2014-10-19 /ejn/EJN_Home.aspx -
2014-10-19 /ejn/EJN_Home.aspx -
2014-10-19 /ejn/EJN_Home.aspx -
2014-10-19 /ejn/Events.aspx event=181
2014-10-19 /ejn/EJN_Home.aspx -
2014-10-19 /ejn/EJN_Home.aspx -
2014-10-19 /ejn/EJN_Home.aspx -
2014-10-19 /ejn/EJN_Home.aspx -
2014-10-19 /ejn/EJN_Home.aspx -
2014-10-19 /ejn/ -
2014-10-19 /ejn/EJN_AtlasAdvanced.aspx -
2014-10-19 /ejn/libcategories.aspx Id=116
2014-10-19 /ejn/EJN_Home.aspx -
2014-10-19 /ejn/libcategories.aspx Id=96
2014-10-19 /ejn/libcategories.aspx Id=112
2014-10-19 /ejn/EJN_Compendium.aspx -
2014-10-19 /ejn/EJN_Home.aspx -
2014-10-19 /ejn/EJN_QuickLinks.aspx -
2014-10-19 /ejn/EJN_Home.aspx -
2014-10-19 /ejn/NewsDetail.aspx id=242&Ori=H
2014-10-19 /ejn/EJN_Home.aspx -
2014-10-19 /ejn/ -
2014-10-19 /ejn/EJN_Home.aspx -
2014-10-19 /ejn/ -
2014-10-19 /ejn/ -
2014-10-19 /ejn/ejn_home.aspx -
2014-10-19 /ejn/EJN_ContactUs.aspx &KeepThis=true&TB_iframe=true&height=650&width=900
2014-10-19 /ejn/EJN_Search.aspx -
2014-10-19 /ejn/EJN_Home.aspx -
2014-10-19 /ejn/EJN_StaticPage.aspx Bread=8
2014-10-19 /ejn/EJN_StaticPage.aspx Bread=7
2014-10-19 /ejn/EJN_Faqs.aspx -
2014-10-19 /ejn/EJN_StaticPage.aspx Bread=4
2014-10-19 /ejn/sitemap.aspx -
2014-10-19 /ejn/libcategories.aspx Id=24
2014-10-19 /ejn/EJN_StaticPage.aspx Bread=9
2014-10-19 /ejn/libcategories.aspx Id=25
2014-10-19 /ejn/libcategories.aspx Id=32
2014-10-19 /ejn/AtlasChooseMeasure.aspx MP=1&Cou=UK&Type=2
2014-10-19 /ejn/libcategories.aspx Id=34
2014-10-19 /ejn/EJN_StaticPage.aspx Bread=2
2014-10-19 /ejn/libcategories.aspx Id=14
2014-10-19 /ejn/EJN_StaticPage.aspx Bread=39
2014-10-19 /ejn/Gallery.aspx -
2014-10-19 /ejn/EJN_Secretariat.aspx -
2014-10-19 /ejn/EJN_StaticPage.aspx Bread=16
2014-10-19 /ejn/EJN_StaticPage.aspx Bread=17
2014-10-19 /ejn/EJN_StaticPage.aspx Bread=21
2014-10-19 /ejn/EJN_StaticPage.aspx Bread=28
2014-10-19 /ejn/EJN_StaticPage.aspx Bread=10
2014-10-19 /ejn/EJN_StaticPage.aspx Bread=13
2014-10-19 /ejn/EJN_StaticPage.aspx Bread=27
2014-10-19 /ejn/EJN_StaticPage.aspx Bread=14
2014-10-19 /ejn/EJN_StaticPage.aspx Bread=18
2014-10-19 /ejn/EJN_StaticPage.aspx Bread=30
2014-10-19 /ejn/EJN_StaticPage.aspx Bread=25
2014-10-19 /ejn/EJN_StaticPage.aspx Bread=33
2014-10-19 /ejn/EJN_StaticPage.aspx Bread=31
2014-10-19 /ejn/EJN_StaticPage.aspx Bread=35
2014-10-19 /ejn/EJN_StaticPage.aspx Bread=20
2014-10-19 /ejn/EJN_StaticPage.aspx Bread=32
2014-10-19 /ejn/EJN_StaticPage.aspx Bread=24
2014-10-19 /ejn/EJN_StaticPage.aspx Bread=34
2014-10-19 /ejn/EJN_StaticPage.aspx Bread=36
2014-10-19 /ejn/EJN_StaticPage.aspx Bread=26
2014-10-19 /ejn/EJN_StaticPage.aspx Bread=38
2014-10-19 /ejn/NewsDetail.aspx id=284&Ori=H
2014-10-19 /ejn/EJN_StaticPage.aspx Bread=22
2014-10-19 /ejn/NewsDetail.aspx id=283&Ori=H
2014-10-19 /ejn/NewsDetail.aspx id=285&Ori=H
2014-10-19 /ejn/EJN_StaticPage.aspx Bread=19
2014-10-19 /ejn/EJN_StaticPage.aspx Bread=23
2014-10-19 /ejn/EJN_StaticPage.aspx Bread=37
2014-10-19 /ejn/NewsDetail.aspx id=270&Ori=H
2014-10-19 /ejn/NewsDetail.aspx id=269&Ori=H
2014-10-19 /ejn/NewsDetail.aspx id=272&Ori=H
2014-10-19 /ejn/NewsDetail.aspx id=276&Ori=H
2014-10-19 /ejn/Events.aspx id=7
2014-10-19 /ejn/Events.aspx id=6
2014-10-19 /ejn/NewsDetail.aspx id=262&Ori=H
2014-10-19 /ejn/NewsDetail.aspx id=251&Ori=H
2014-10-19 /ejn/Events.aspx event=273
2014-10-19 /ejn/NewsDetail.aspx id=257&Ori=H
2014-10-19 /atlas_advanced.aspx -
2014-10-19 /atlas_advanced.aspx -
2014-10-19 /ejn/NewsAll.aspx Id=4
2014-10-19 /ejn/NewsAll.aspx Id=3
2014-10-19 /ejn/Events.aspx Id=7
2014-10-19 /ejn/NewsAll.aspx Id=5
2014-10-19 /ejn/Events.aspx event=231
2014-10-19 /ejn/NewsAll.aspx -
2014-10-19 /ejn/NewsAll.aspx Id=1
2014-10-19 /ejn/NewsAll.aspx Id=2
2014-10-19 /ejn/Events.aspx event=267
2014-10-19 /ejn/Events.aspx Id=6
2014-10-19 /atlas_advanced.aspx -
2014-10-19 /atlas_advanced.aspx -
2014-10-19 /ejn/ -
2014-10-19 /ejn/EJN_InfoAbout.aspx Id=223
2014-10-19 /ejn/EJN_InfoAbout.aspx Id=432
2014-10-19 /ejn/Events.aspx -
2014-10-19 /ejn/EJN_InfoAbout.aspx Id=258
2014-10-19 /ejn/EJN_InfoAbout.aspx Id=239
2014-10-19 /ejn/EJN_SubscribeNewsLetter.aspx -
2014-10-19 /ejn/EJN_InfoAbout.aspx Id=230
2014-10-19 /ejn/EJN_InfoAbout.aspx Id=295
2014-10-19 /ejn/EJN_InfoAbout.aspx Id=293
2014-10-19 /ejn/EJN_InfoAbout.aspx Id=259
2014-10-19 /ejn/EJN_InfoAbout.aspx Id=260
2014-10-19 /ejn/EJN_InfoAbout.aspx Id=272
2014-10-19 /ejn/EJN_InfoAbout.aspx Id=287
2014-10-19 /ejn/EJN_InfoAbout.aspx Id=269
2014-10-19 /ejn/EJN_InfoAbout.aspx Id=273
2014-10-19 /ejn/EJN_InfoAbout.aspx Id=279
2014-10-19 /ejn/EJN_InfoAbout.aspx Id=277
2014-10-19 /ejn/EJN_InfoAbout.aspx Id=337
2014-10-19 /ejn/EJN_InfoAbout.aspx Id=313
2014-10-19 /ejn/EJN_InfoAbout.aspx Id=354
2014-10-19 /ejn/EJN_InfoAbout.aspx Id=321
2014-10-19 /ejn/EJN_InfoAbout.aspx Id=314
2014-10-19 /ejn/EJN_InfoAbout.aspx Id=369
2014-10-19 /ejn/EJN_InfoAbout.aspx Id=351
2014-10-19 /ejn/EJN_InfoAbout.aspx Id=368
2014-10-19 /ejn/EJN_InfoAbout.aspx Id=307
2014-10-19 /ejn/EJN_InfoAbout.aspx Id=352
2014-10-19 /ejn/ -
2014-10-19 /ejn/EJN_AtlasAdvanced.aspx -
2014-10-19 /ejn/EJN_InfoAbout.aspx Id=434
2014-10-19 /ejn/EJN_InfoAbout.aspx Id=433
2014-10-19 /ejn/EJN_InfoAbout.aspx Id=435
2014-10-19 /ejn/EJN_InfoAbout.aspx Id=395
2014-10-19 /ejn/EJN_InfoAbout.aspx Id=389
2014-10-19 /ejn/EJN_InfoAbout.aspx Id=215
2014-10-19 /ejn/EJN_InfoAbout.aspx Id=373
2014-10-19 /ejn/EJN_InfoAbout.aspx Id=378
2014-10-19 /ejn/EJN_InfoAbout.aspx Id=288
2014-10-19 /ejn/EJN_InfoAbout.aspx Id=364
2014-10-19 /ejn/EJN_StaticPage.aspx Bread=3
2014-10-19 /ejn/AtlasChooseCountry.aspx Type=1
2014-10-19 /ejn/AtlasChooseCountry.aspx Type=2
2014-10-19 /ejn/EJN_FichesBelges.aspx -
2014-10-19 /ejn/EJN_StaticPage.aspx Bread=1
2014-10-19 /ejn/EJN_InfoAbout.aspx Id=342
2014-10-19 /ejn/EJN_Login.aspx -
2014-10-19 /ejn/EJN_InfoAbout.aspx Id=430
2014-10-19 /ejn/EJN_EAWWizard.aspx -
2014-10-19 /ejn/EJN_Compendium.aspx -
2014-10-19 /ejn/EJN_QuickLinks.aspx id=25
2014-10-19 /ejn/EJN_QuickLinks.aspx -
2014-10-19 /ejn/EJN_QuickLinks.aspx id=27
2014-10-19 /ejn/EJN_QuickLinks.aspx id=28
2014-10-19 /ejn/EJN_StaticPage.aspx Bread=11
2014-10-19 /ejn/EJN_QuickLinks.aspx id=24
2014-10-19 /ejn/EJN_StaticPage.aspx Bread=12
2014-10-19 /ejn/EJN_QuickLinks.aspx id=26
2014-10-19 /ejn/EJN_QuickLinks.aspx id=23
2014-10-19 /ejn/libcategories.aspx -
2014-10-19 /ejn/AtlasChooseCountry.aspx -
2014-10-19 /ejn/EJN_Home.aspx -
2014-10-19 /ejn/ -
2014-10-19 /ejn/EJN_AtlasAdvanced.aspx -
2014-10-19 /ejn/EJN_Faqs.aspx cat=1
2014-10-19 /ejn/ejn_faqs.aspx -
2014-10-19 /ejn/ejn_staticpage.aspx Bread=8
2014-10-19 /ejn/EJN_Faqs.aspx cat=2
2014-10-19 /ejn/EJN_EAWAtlas.aspx -
2014-10-19 /ejn/EJN_StaticPage.aspx Bread=5
2014-10-19 /ejn/ejn_staticpage.aspx Bread=7
2014-10-19 /ejn/libcategories.aspx Id=2
2014-10-19 /ejn/EJN_Error.aspx -
2014-10-19 /ejn/libdocumentproperties.aspx Id=95
2014-10-19 /ejn/ejn_search.aspx -
2014-10-19 /ejn/libadvancedsearch.aspx -
2014-10-19 /ejn/ejn_staticpage.aspx Bread=4
2014-10-19 /ejn/libcategories.aspx id=1
2014-10-19 /ejn/EJN_StaticPage.aspx Bread=12
2014-10-19 /ejn/EJN_Home.aspx -
2014-10-19 /ejn/libshowdocument.aspx Id=95&Lang=DE
2014-10-19 /ejn/libshowdocument.aspx Id=95&Lang=CS
2014-10-19 /ejn/libshowdocument.aspx Id=95&Lang=BG
2014-10-19 /ejn/EJN_StaticPage.aspx Bread=12
2014-10-19 /ejn/EJN_Home.aspx -
2014-10-19 /ejn/libshowdocument.aspx Id=95&Lang=DK
2014-10-19 /ejn/libshowdocument.aspx Id=95&Lang=ES
2014-10-19 /ejn/libshowdocument.aspx Id=95&Lang=FI
2014-10-19 /ejn/libshowdocument.aspx Id=95&Lang=IT
2014-10-19 /ejn/libshowdocument.aspx Id=95&Lang=HU
2014-10-19 /ejn/libshowdocument.aspx Id=95&Lang=FR
2014-10-19 /ejn/libshowdocument.aspx Id=95&Lang=EL
2014-10-19 /ejn/libshowdocument.aspx Id=95&Lang=EN
2014-10-19 /ejn/libshowdocument.aspx Id=95&Lang=ET
2014-10-19 /ejn/libshowdocument.aspx Id=95&Lang=HR
2014-10-19 /ejn/libshowdocument.aspx Id=95&Lang=PT
2014-10-19 /ejn/libshowdocument.aspx Id=95&Lang=SV
2014-10-19 /ejn/libshowdocument.aspx Id=95&Lang=SL
2014-10-19 /ejn/libshowdocument.aspx Id=95&Lang=NL
2014-10-19 /ejn/libshowdocument.aspx Id=95&Lang=LV
2014-10-19 /ejn/libshowdocument.aspx Id=95&Lang=MT
2014-10-19 /ejn/libshowdocument.aspx Id=95&Lang=LT
2014-10-19 /ejn/libshowdocument.aspx Id=95&Lang=SK
2014-10-19 /ejn/libshowdocument.aspx Id=95&Lang=RO
2014-10-19 /ejn/libshowdocument.aspx Id=95&Lang=PL
2014-10-19 /documents.aspx -
2014-10-19 /ejn/libshowdocument.aspx Id=214&Lang=MT
2014-10-19 /ejn/libshowdocument.aspx Id=214&Lang=SK
2014-10-19 /ejn/libdocumentproperties.aspx Id=214
2014-10-19 /ejn/libshowdocument.aspx Id=786&Lang=ET
2014-10-19 /ejn/libshowdocument.aspx Id=786&Lang=MT
2014-10-19 /ejn/libdocumentproperties.aspx Id=786
2014-10-19 /ejn/libshowdocument.aspx Id=214&Lang=ET
2014-10-19 /ejn/libshowdocument.aspx Id=214&Lang=EN
2014-10-19 /ejn/libshowdocument.aspx Id=786&Lang=EN
2014-10-19 /ejn/libshowdocument.aspx Id=786&Lang=SK
2014-10-19 /ejn/libdocumentproperties.aspx Id=339
2014-10-19 /ejn/libdocumentproperties.aspx Id=341
2014-10-19 /ejn/libdocumentproperties.aspx Id=342
2014-10-19 /ejn/libdocumentproperties.aspx Id=732
2014-10-19 /ejn/libdocumentproperties.aspx Id=1383
2014-10-19 /ejn/libdocumentproperties.aspx Id=338
2014-10-19 /ejn/EJN_Library_StatusOfImpByCat.aspx CategoryId=24
2014-10-19 /ejn/libdocumentproperties.aspx Id=209
2014-10-19 /ejn/libdocumentproperties.aspx Id=340
2014-10-19 /ejn/libdocumentproperties.aspx Id=337
2014-10-19 /ejn/libdocumentproperties.aspx Id=343
2014-10-19 /ejn/EJN_Home.aspx -
2014-10-19 /ejn/ -
2014-10-19 /ejn/ -
2014-10-19 /ejn/EJN_StaticPage.aspx Bread=14
2014-10-19 /ejn/ejn_home.aspx -
2014-10-19 /ejn/libshowdocument.aspx Id=221&Lang=LT
2014-10-19 /ejn/ -
2014-10-19 /ejn/EJN_AtlasAdvanced.aspx -
2014-10-19 /ejn/Events.aspx event=75
2014-10-19 /ejn/EJN_Home.aspx -
2014-10-19 /ejn/libshowdocument.aspx Id=221&Lang=DK
2014-10-19 /ejn/ -
2014-10-19 /ejn/EJN_StaticPage.aspx Bread=13
2014-10-19 /ejn/EJN_Home.aspx -
2014-10-19 /ejn/libshowdocument.aspx Id=248&Lang=NL
2014-10-19 /ejn/libshowdocument.aspx Id=222&Lang=SL
2014-10-19 /ejn/NewsDetail.aspx Ori=H&id=269
2014-10-19 /ejn/EJN_Home.aspx -
2014-10-19 /ejn/ -
2014-10-19 /ejn/ -
2014-10-19 /ejn/EJN_AtlasAdvanced.aspx -
2014-10-19 /ejn/libshowdocument.aspx Id=221&Lang=SK
2014-10-19 /ejn/libshowdocument.aspx Id=13&Lang=NL
2014-10-19 /ejn/libshowdocument.aspx Id=222&Lang=LT
2014-10-19 /ejn/EJN_Compendium.aspx -
2014-10-19 /ejn/libcategories.aspx Id=116
2014-10-19 /ejn/ -
2014-10-19 /ejn/ -
2014-10-19 /ejn/EJN_Compendium.aspx -
2014-10-19 /ejn/EJN_Home.aspx -
2014-10-19 /ejn/AtlasChooseMeasure.aspx Mp=1&Cou=FR&Type=2
2014-10-19 /ejn/EJN_Login.aspx -
2014-10-19 /ejn/ -
2014-10-19 /ejn/AtlasChooseCountry.aspx Type=2
2014-10-19 /ejn/AtlasChooseCountry.aspx Type=2
2014-10-19 /ejn/AtlasChooseMeasure.aspx MP=0&Cou=223
2014-10-19 /ejn/EJN_Login.aspx -
2014-10-19 /ejn/EJN_ContactPointsNew.aspx -
2014-10-19 /ejn/AtlasChooseMeasure.aspx MP=0&Cou=223
2014-10-19 /ejn/AtlasChooseMeasure.aspx MP=0&Cou=223
2014-10-19 /ejn/AtlasChooseMeasure.aspx MP=0&Cou=223
2014-10-19 /ejn/AtlasSelection.aspx -
2014-10-19 /ejn/AtlasChooseAuthority.aspx -
2014-10-19 /ejn/AtlasChooseAuthority.aspx/GetLocations -
2014-10-19 /ejn/AtlasChooseAuthority.aspx/GetLocations -
2014-10-19 /ejn/AtlasChooseAuthority.aspx/GetLocations -
2014-10-19 /ejn/AtlasChooseAuthority.aspx -
2014-10-19 /ejn/AtlasAuthorityData.aspx Id=4840
2014-10-19 /ejn/EJN_Home.aspx -
2014-10-19 /ejn/EJN_Compendium.aspx -
2014-10-19 /ejn/EJN_Home.aspx -
2014-10-19 /ejn/EJN_Home.aspx -
2014-10-19 /ejn/EJN_InfoAbout.aspx Id=223
2014-10-19 /ejn/EJN_Compendium.aspx -
2014-10-19 /ejn/ctrls.compendium/IframeEngine.aspx -
2014-10-19 /ejn/EJN_FichesBelgesResult.aspx measure=101&country=LU&other=-1
2014-10-19 /ejn/EJN_FichesBelgesResult.aspx measure=704&country=LU&other=-1
2014-10-19 /ejn/EJN_StaticPage.aspx Bread=28
2014-10-19 /ejn/AtlasChooseCountry.aspx Type=2
2014-10-19 /ejn/AtlasChooseMeasure.aspx MP=1&Cou=FR
2014-10-19 /ejn/EJN_Login.aspx -
2014-10-19 /ejn/EJN_Login.aspx -
2014-10-19 /ejn/EJN_ContactPointsNew.aspx -
2014-10-19 /ejn/EJN_Login.aspx -
2014-10-19 /ejn/ -
2014-10-19 /ejn/EJN_Login.aspx -
2014-10-19 /ejn/EJN_ContactPointsNew.aspx -
2014-10-19 /ejn/AtlasChooseMeasure.aspx Mp=1&Cou=ES&Type=2
2014-10-19 /ejn/AtlasChooseMeasure.aspx Mp=1&Cou=ES&Type=2
2014-10-19 /ejn/AtlasChooseMeasure.aspx Mp=1&Cou=ES&Type=2
2014-10-19 /ejn/AtlasSelection.aspx -
2014-10-19 /ejn/AtlasSelection.aspx -
2014-10-19 /ejn/AtlasSelection.aspx -
2014-10-19 /ejn/AtlasSelection.aspx -
2014-10-19 /ejn/AtlasSelection.aspx -
2014-10-19 /ejn/AtlasSelection.aspx -
2014-10-19 /ejn/AtlasSelection.aspx -
2014-10-19 /ejn/AtlasChooseAuthority.aspx -
2014-10-19 /ejn/AtlasChooseAuthority.aspx/GetLocations -
2014-10-19 /default.aspx -
2014-10-19 /ejn/AtlasChooseAuthority.aspx -
2014-10-19 /ejn/AtlasChooseAuthority.aspx -
2014-10-19 /ejn/AtlasChooseAuthority.aspx -
2014-10-19 /ejn/AtlasChooseAuthority.aspx -
2014-10-19 /ejn/AtlasChooseAuthority.aspx -
2014-10-19 /ejn/AtlasChooseAuthority.aspx -
2014-10-19 /ejn/AtlasChooseAuthority.aspx -
2014-10-19 /ejn/AtlasChooseAuthority.aspx -
2014-10-19 /ejn/AtlasAuthorityData.aspx Id=3073
2014-10-19 /ejn/AtlasChooseAuthority.aspx -
2014-10-19 /ejn/AtlasChooseAuthority.aspx -
2014-10-19 /ejn/AtlasChooseAuthority.aspx -
2014-10-19 /ejn/AtlasChooseAuthority.aspx -
2014-10-19 /ejn/AtlasChooseCountry.aspx Type=2
2014-10-19 /ejn/AtlasChooseMeasure.aspx MP=1&Cou=ES
2014-10-19 /ejn/EJN_Home.aspx -
2014-10-19 /ejn/EJN_Home.aspx -
2014-10-19 /ejn/AtlasChooseMeasure.aspx MP=1&Cou=ES
2014-10-19 /ejn/AtlasChooseMeasure.aspx MP=1&Cou=ES
2014-10-19 /ejn/AtlasSelection.aspx -
2014-10-19 /ejn/AtlasSelection.aspx -
2014-10-19 /ejn/AtlasSelection.aspx -
2014-10-19 /ejn/AtlasSelection.aspx -
2014-10-19 /ejn/EJN_Error.aspx -
2014-10-19 /ejn/AtlasSelection.aspx ++Culture:ESSessionId:h5x2z45ynp5b4ps25zj1sxniDate_Time:9:02
2014-10-19 /ejn/AtlasSelection.aspx -
2014-10-19 /ejn/AtlasAuthorityData.aspx Id=4145
2014-10-19 /ejn/ -
2014-10-19 /ejn/EJN_AtlasAdvanced.aspx -
2014-10-19 /ejn/EJN_StaticPage.aspx Bread=18
2014-10-19 /ejn/EJN_Home.aspx -
2014-10-19 /ejn/ejn_infoabout.aspx -
2014-10-19 /ejn/ -
2014-10-19 /ejn/AtlasChooseCountry.aspx Type=2
2014-10-19 /ejn/AtlasChooseMeasure.aspx MP=1&Cou=FR
2014-10-19 /ejn/EJN_Home.aspx -
2014-10-19 /ejn/AtlasChooseCountry.aspx Type=1
2014-10-19 /ejn/AtlasChooseMeasure.aspx MP=1&Cou=FR
2014-10-19 /ejn/AtlasSelection.aspx -
2014-10-19 /ejn/AtlasChooseAuthority.aspx -
2014-10-19 /ejn/EJN_FichesBelgesTable.aspx -
2014-10-19 /ejn/ -
2014-10-19 /ejn/EJN_Library_StatusOfImpByCou.aspx CountryId=273
2014-10-19 /ejn/EJN_StaticPage.aspx Bread=2
2014-10-19 /ejn/EJN_Library_StatusOfImpByCat.aspx CategoryId=35
2014-10-19 /ejn/AtlasChooseMeasure.aspx MP=1&Cou=FR
2014-10-19 /ejn/AtlasChooseCountry.aspx Type=1
2014-10-19 /ejn/AtlasChooseMeasure.aspx MP=1&Cou=FR
2014-10-19 /ejn/AtlasSelection.aspx -
2014-10-19 /ejn/AtlasChooseAuthority.aspx -
2014-10-19 /ejn/AtlasChooseMeasure.aspx MP=1&Cou=FR
2014-10-19 /ejn/AtlasSelection.aspx -
2014-10-19 /ejn/AtlasChooseAuthority.aspx -
2014-10-19 /ejn/AtlasChooseCountry.aspx Type=2
2014-10-19 /ejn/AtlasChooseMeasure.aspx MP=1&Cou=FR
2014-10-19 /ejn/AtlasChooseMeasure.aspx MP=1&Cou=FR
2014-10-19 /ejn/AtlasChooseMeasure.aspx MP=1&Cou=FR
2014-10-19 /ejn/AtlasChooseCountry.aspx Type=2
2014-10-19 /ejn/AtlasChooseMeasure.aspx MP=1&Cou=FR
2014-10-19 /ejn/AtlasChooseMeasure.aspx MP=1&Cou=FR
2014-10-19 /ejn/EJN_FichesBelgesResult.aspx measure=101&country=273&other=-1
2014-10-19 /ejn/EJN_Library_StatusOfImpByCou.aspx CountryId=273
2014-10-19 /ejn/AtlasChooseMeasure.aspx MP=1&Cou=FR
2014-10-19 /ejn/AtlasChooseMeasure.aspx MP=1&Cou=FR
2014-10-19 /ejn/AtlasChooseCountry.aspx Type=2
2014-10-19 /ejn/AtlasChooseMeasure.aspx MP=1&Cou=FR
2014-10-19 /ejn/EJN_FichesBelgesTable.aspx -
2014-10-19 /ejn/AtlasChooseMeasure.aspx MP=1&Cou=FR
2014-10-19 /ejn/EJN_Library_StatusOfImpByCou.aspx CountryId=273
2014-10-19 /ejn/AtlasChooseMeasure.aspx MP=1&Cou=FR
2014-10-19 /ejn/EJN_Home.aspx -
2014-10-19 /ejn/AtlasChooseMeasure.aspx Mp=1&Cou=FR&Type=2
2014-10-19 /ejn/EJN_StaticPage.aspx Bread=7
2014-10-19 /ejn/AtlasChooseCountry.aspx Type=2
2014-10-19 /ejn/AtlasChooseMeasure.aspx MP=1&Cou=FR
2014-10-19 /ejn/AtlasChooseMeasure.aspx MP=1&Cou=FR
2014-10-19 /ejn/AtlasChooseCountry.aspx Type=2
2014-10-19 /ejn/AtlasChooseCountry.aspx -
2014-10-19 /ejn/ -
2014-10-19 /ejn/AtlasChooseMeasure.aspx MP=1&Cou=FR
2014-10-19 /ejn/AtlasChooseMeasure.aspx Mp=1&Cou=IT&Type=2
2014-10-19 /ejn/AtlasChooseMeasure.aspx MP=1&Cou=FR
2014-10-19 /ejn/AtlasChooseCountry.aspx Type=2
2014-10-19 /ejn/AtlasChooseMeasure.aspx MP=1&Cou=FR
2014-10-19 /ejn/AtlasChooseMeasure.aspx MP=1&Cou=FR
2014-10-19 /ejn/AtlasChooseMeasure.aspx Mp=1&Cou=IT&Type=2
2014-10-19 /ejn/EJN_FichesBelgesResult.aspx measure=201&country=273&other=-1
2014-10-19 /ejn/EJN_FichesBelgesResult.aspx measure=401&country=295&other=-1
2014-10-19 /ejn/EJN_FichesBelgesTable.aspx -
2014-10-19 /ejn/ -
2014-10-19 /ejn/EJN_InfoAbout.aspx Id=239
2014-10-19 /ejn/ -
2014-10-19 /ejn/EJN_ContactUs.aspx &KeepThis=true&
2014-10-19 /ejn/EJN_StaticPage.aspx Bread=2
2014-10-19 /ejn/EJN_Home.aspx -
2014-10-19 /ejn/AtlasChooseMeasure.aspx Mp=1&Cou=IT&Type=2
2014-10-19 /ejn/EJN_Home.aspx -
2014-10-19 /ejn/AtlasChooseCountry.aspx Type=1
2014-10-19 /ejn/AtlasChooseMeasure.aspx MP=1&Cou=FR
2014-10-19 /ejn/AtlasSelection.aspx -
2014-10-19 /ejn/AtlasChooseAuthority.aspx -
2014-10-19 /ejn/EJN_Home.aspx -
2014-10-19 /ejn/EJN_InfoAbout.aspx Id=239
2014-10-19 /ejn/EJN_Compendium.aspx -
2014-10-19 /ejn/ctrls.compendium/IframeEngine.aspx -
2014-10-19 /ejn/EJN_InfoAbout.aspx Id=295
2014-10-19 /ejn/AtlasChooseCountry.aspx Type=2
2014-10-19 /ejn/AtlasChooseMeasure.aspx MP=1&Cou=ES
2014-10-19 /ejn/AtlasChooseMeasure.aspx MP=1&Cou=ES
2014-10-19 /ejn/AtlasChooseCountry.aspx Type=2
2014-10-19 /ejn/AtlasChooseMeasure.aspx MP=1&Cou=FR
2014-10-19 /ejn/EJN_Login.aspx -
2014-10-19 /ejn/EJN_Login.aspx -
2014-10-19 /ejn/EJN_ContactPointsNew.aspx -
2014-10-19 /ejn/EJN_Home.aspx -
2014-10-19 /ejn/ -
2014-10-19 /ejn/ -
2014-10-19 /ejn/ -
2014-10-19 /ejn/EJN_Home.aspx -
2014-10-19 /ejn/EJN_InfoAbout.aspx Id=239
2014-10-19 /ejn/EJN_InfoAbout.aspx Id=273
2014-10-19 /ejn/EJN_InfoAbout.aspx Id=354
2014-10-19 /ejn/ -
2014-10-19 /ejn/AtlasChooseCountry.aspx Type=2
2014-10-19 /ejn/AtlasChooseMeasure.aspx MP=1&Cou=FR
2014-10-19 /ejn/EJN_InfoAbout.aspx Id=395
2014-10-19 /ejn/AtlasChooseMeasure.aspx MP=1&Cou=FR
2014-10-19 /ejn/AtlasChooseCountry.aspx Type=2
2014-10-19 /ejn/AtlasChooseMeasure.aspx MP=1&Cou=FR
2014-10-19 /ejn/EJN_InfoAbout.aspx Id=230
2014-10-19 /ejn/EJN_FichesBelgesTable.aspx -
2014-10-19 /ejn/EJN_Home.aspx -
2014-10-19 /ejn/AtlasChooseMeasure.aspx MP=1&Cou=FR
2014-10-19 /ejn/EJN_InfoAbout.aspx Id=295
2014-10-19 /ejn/EJN_Home.aspx -
2014-10-19 /ejn/EJN_Search.aspx -
2014-10-19 /ejn/EJN_EAWAtlas.aspx -
2014-10-19 /ejn/EJN_Error.aspx -
2014-10-19 /ejn/EJN_Search.aspx -
2014-10-19 /ejn/EJN_Home.aspx -
2014-10-19 /ejn/AtlasChooseCountry.aspx Type=2
2014-10-19 /ejn/AtlasChooseMeasure.aspx MP=1&Cou=IT
2014-10-19 /ejn/ -
2014-10-19 /ejn/libcategories.aspx Id=32
2014-10-19 /ejn/AtlasChooseMeasure.aspx MP=1&Cou=IT
2014-10-19 /ejn/EJN_FichesBelgesResult.aspx measure=505&country=295&other=-1
2014-10-19 /ejn/AtlasChooseCountry.aspx Type=2
2014-10-19 /ejn/EJN_AtlasAdvanced.aspx -
2014-10-19 /ejn/AtlasChooseMeasure.aspx MP=1&Cou=FR
2014-10-19 /ejn/AtlasChooseMeasure.aspx MP=1&Cou=FR
2014-10-19 /ejn/AtlasChooseCountry.aspx Type=2
2014-10-19 /ejn/AtlasChooseMeasure.aspx MP=1&Cou=FR
2014-10-19 /ejn/AtlasChooseMeasure.aspx MP=1&Cou=FR
2014-10-19 /ejn/ejn_home.aspx -
2014-10-19 /ejn/EJN_Search.aspx -
2014-10-19 /ejn/AtlasChooseCountry.aspx Type=2
2014-10-19 /ejn/AtlasChooseCountry.aspx Type=2
2014-10-19 /ejn/AtlasChooseMeasure.aspx MP=0&Cou=295
2014-10-19 /ejn/EJN_FichesBelgesResult.aspx measure=101&country=295&other=-1
2014-10-19 /ejn/EJN_Compendium.aspx -
2014-10-19 /ejn/ctrls.compendium/IframeEngine.aspx -
2014-10-19 /ejn/EJN_FichesBelgesGuide.aspx -
2014-10-19 /ejn/EJN_Home.aspx -
2014-10-19 /ejn/EJN_StaticPage.aspx Bread=11
2014-10-19 /ejn/EJN_StaticPage.aspx Bread=10
2014-10-19 /ejn/Gallery.aspx -
2014-10-19 /ejn/EJN_StaticPage.aspx Bread=16
2014-10-19 /ejn/EJN_StaticPage.aspx Bread=25
2014-10-19 /ejn/AtlasChooseMeasure.aspx MP=1&Cou=FR
2014-10-19 /ejn/AtlasChooseCountry.aspx Type=2
2014-10-19 /ejn/AtlasChooseCountry.aspx Type=2
2014-10-19 /ejn/AtlasChooseMeasure.aspx MP=1&Cou=IT
2014-10-19 /ejn/sitemap.aspx -
2014-10-19 /ejn/EJN_Search.aspx -
2014-10-19 /ejn/AtlasChooseMeasure.aspx MP=1&Cou=IT
2014-10-19 /ejn/AtlasChooseCountry.aspx Type=2
2014-10-19 /ejn/AtlasChooseMeasure.aspx MP=1&Cou=FR
2014-10-19 /ejn/EJN_FichesBelgesResult.aspx measure=101&country=273&other=-1
2014-10-19 /ejn/EJN_StaticPage.aspx Bread=8
2014-10-19 /ejn/EJN_StaticPage.aspx Bread=4
2014-10-19 /ejn/EJN_Compendium.aspx -
2014-10-19 /ejn/ctrls.compendium/IframeEngine.aspx -
2014-10-19 /ejn/EJN_Library_StatusOfImpByCou.aspx CountryId=273
2014-10-19 /ejn/AtlasChooseMeasure.aspx MP=1&Cou=FR
2014-10-19 /ejn/AtlasChooseCountry.aspx Type=2
2014-10-19 /ejn/AtlasChooseCountry.aspx Type=2
2014-10-19 /ejn/AtlasChooseMeasure.aspx MP=0&Cou=239
2014-10-19 /ejn/EJN_Library_StatusOfImpByCou.aspx CountryId=239
2014-10-19 /ejn/ -
2014-10-19 /ejn/AtlasChooseCountry.aspx Type=2
2014-10-19 /ejn/AtlasChooseMeasure.aspx MP=1&Cou=FR
2014-10-19 /ejn/ -
2014-10-19 /ejn/AtlasChooseMeasure.aspx MP=1&Cou=FR
2014-10-19 /ejn/AtlasChooseMeasure.aspx MP=1&Cou=FR
2014-10-19 /ejn/AtlasChooseMeasure.aspx MP=1&Cou=FR
2014-10-19 /ejn/AtlasChooseMeasure.aspx MP=1&Cou=FR
2014-10-19 /ejn/AtlasChooseMeasure.aspx MP=1&Cou=IT
2014-10-19 /ejn/AtlasSelection.aspx -
2014-10-19 /ejn/AtlasChooseMeasure.aspx MP=1&Cou=IT
2014-10-19 /ejn/ -
2014-10-19 /ejn/AtlasChooseCountry.aspx Type=2
2014-10-19 /ejn/ -
2014-10-19 /ejn/EJN_Home.aspx -
2014-10-19 /ejn/EJN_FichesBelges.aspx -
2014-10-19 /ejn/EJN_FichesBelges.aspx -
2014-10-19 /ejn/EJN_FichesBelges.aspx -
2014-10-19 /ejn/EJN_FichesBelgesTable.aspx -
2014-10-19 /ejn/EJN_Home.aspx -
2014-10-19 /ejn/AtlasChooseCountry.aspx Type=1
2014-10-19 /ejn/AtlasChooseMeasure.aspx MP=1&Cou=IT
2014-10-19 /ejn/AtlasSelection.aspx -
2014-10-19 /ejn/AtlasChooseAuthority.aspx -
2014-10-19 /ejn/AtlasChooseAuthority.aspx/GetLocations -
2014-10-19 /ejn/AtlasChooseAuthority.aspx -
2014-10-19 /ejn/AtlasChooseAuthority.aspx -
2014-10-19 /ejn/AtlasAuthorityData.aspx Id=4784
2014-10-19 /ejn/AtlasAuthorityData.aspx Id=4784
2014-10-19 /ejn/AtlasAuthorityData.aspx Id=4784
2014-10-19 /ejn/AtlasAuthorityData.aspx Id=4784
2014-10-19 /ejn/EJN_Home.aspx -
2014-10-19 /ejn/AtlasChooseCountry.aspx Type=2
2014-10-19 /ejn/AtlasChooseCountry.aspx Type=2
2014-10-19 /ejn/AtlasChooseMeasure.aspx MP=0&Cou=295
2014-10-19 /ejn/EJN_StaticPage.aspx Bread=10
2014-10-19 /ejn/EJN_Compendium.aspx -
2014-10-19 /ejn/EJN_Home.aspx -
2014-10-19 /ejn/EJN_Compendium.aspx -
2014-10-19 /ejn/ctrls.compendium/IframeEngine.aspx -
2014-10-19 /ejn/EJN_Home.aspx -
2014-10-19 /ejn/EJN_Home.aspx -
2014-10-19 /ejn/EJN_Compendium.aspx -
2014-10-19 /ejn/ctrls.compendium/IframeEngine.aspx -
2014-10-19 /ejn/EJN_Compendium.aspx -
2014-10-19 /ejn/ctrls.compendium/IframeEngine.aspx -
2014-10-19 /ejn/ctrls.compendium/iframeEngine.aspx remoteFunction=loginOK&login=rje&password=Ejn_2009&callback=doLogin_cb
2014-10-19 /ejn/ctrls.compendium/iframeEngine.aspx remoteFunction=getMLAContactPoints&login=rje&password=Ejn_2009&languageId=56&languageCode=IT&countryId=0&callback=getContactPoints_cb
2014-10-19 /ejn/ctrls.compendium/iframeEngine.aspx remoteFunction=getMLAContactPoints&login=rje&password=Ejn_2009&languageId=56&languageCode=IT&countryId=295&callback=getContactPoints_cb
2014-10-19 /ejn/ -
2014-10-19 /ejn/EJN_Compendium.aspx -
2014-10-19 /ejn/EJN_Login.aspx -
2014-10-19 /ejn/EJN_Login.aspx -
2014-10-19 /ejn/EJN_ContactPointsNew.aspx -
2014-10-19 /ejn/EJN_ContactPointsNew.aspx -
2014-10-19 /ejn/EJN_ContactPointsNew.aspx -
2014-10-19 /ejn/EJN_ContactPointsNew.aspx -
2014-10-19 /ejn/EJN_ContactPointsNew.aspx -
2014-10-19 /ejn/EJN_ContactPointsNew.aspx -
2014-10-19 /ejn/ -
2014-10-19 /ejn/EJN_ContactPointsNew.aspx -
2014-10-19 /ejn/ -
2014-10-19 /ejn/EJN_InfoAbout.aspx Id=230
2014-10-19 /ejn/EJN_Secretariat.aspx -
2014-10-19 /ejn/EJN_ContactPointsNew.aspx -
2014-10-19 /ejn/EJN_ContactPointsNew.aspx -
2014-10-19 /ejn/EJN_Home.aspx -
2014-10-19 /ejn/EJN_FichesBelges.aspx -
2014-10-19 /ejn/EJN_FichesBelges.aspx -
2014-10-19 /ejn/EJN_FichesBelges.aspx -
2014-10-19 /ejn/EJN_FichesBelgesTable.aspx -
2014-10-19 /ejn/EJN_FichesBelges.aspx -
2014-10-19 /ejn/EJN_Search.aspx -
2014-10-19 /gallery.aspx -
2014-10-19 /ejn/AtlasChooseCountry.aspx Type=2
2014-10-19 /ejn/AtlasChooseCountry.aspx Type=2
2014-10-19 /ejn/AtlasChooseMeasure.aspx MP=0&Cou=230
2014-10-19 /ejn/AtlasChooseMeasure.aspx MP=0&Cou=230
2014-10-19 /ejn/AtlasChooseMeasure.aspx MP=0&Cou=230
2014-10-19 /ejn/AtlasChooseMeasure.aspx MP=0&Cou=230
2014-10-19 /ejn/EJN_FichesBelgesTable.aspx -
2014-10-19 /ejn/AtlasChooseMeasure.aspx MP=0&Cou=230
2014-10-19 /ejn/AtlasSelection.aspx -
2014-10-19 /ejn/AtlasChooseAuthority.aspx -
2014-10-19 /ejn/AtlasChooseAuthority.aspx/GetLocations -
2014-10-19 /ejn/AtlasChooseAuthority.aspx -
2014-10-19 /ejn/AtlasChooseAuthority.aspx -
2014-10-19 /ejn/AtlasChooseMeasure.aspx MP=0&Cou=230
2014-10-19 /ejn/AtlasChooseCountry.aspx Type=2
2014-10-19 /ejn/AtlasChooseMeasure.aspx MP=1&Cou=IT
2014-10-19 /ejn/AtlasChooseMeasure.aspx MP=1&Cou=IT
2014-10-19 /ejn/AtlasChooseMeasure.aspx MP=1&Cou=IT
2014-10-19 /ejn/AtlasSelection.aspx -
2014-10-19 /ejn/AtlasChooseAuthority.aspx -
2014-10-19 /ejn/AtlasChooseAuthority.aspx/GetLocations -
2014-10-19 /ejn/sitemap.aspx -
2014-10-19 /ejn/AtlasChooseAuthority.aspx -
2014-10-19 /ejn/EJN_Faqs.aspx -
2014-10-19 /ejn/AtlasChooseAuthority.aspx -
2014-10-19 /ejn/AtlasAuthorityData.aspx Id=4810
2014-10-19 /ejn/EJN_Faqs.aspx -
2014-10-19 /ejn/EJN_InfoAbout.aspx Id=395
2014-10-19 /ejn/AtlasChooseAuthority.aspx -
2014-10-19 /ejn/AtlasChooseMeasure.aspx MP=1&Cou=IT
2014-10-19 /ejn/EJN_FichesBelges.aspx -
2014-10-19 /ejn/AtlasChooseCountry.aspx Type=2
2014-10-19 /ejn/EJN_FichesBelges.aspx -
2014-10-19 /ejn/AtlasChooseMeasure.aspx MP=1&Cou=RO
2014-10-19 /ejn/AtlasChooseMeasure.aspx MP=1&Cou=RO
2014-10-19 /ejn/EJN_FichesBelges.aspx -
2014-10-19 /ejn/EJN_FichesBelges.aspx -
2014-10-19 /ejn/AtlasChooseMeasure.aspx MP=1&Cou=RO
2014-10-19 /ejn/AtlasSelection.aspx -
2014-10-19 /ejn/EJN_FichesBelgesResult.aspx measure=501&country=230&other=259
2014-10-19 /ejn/AtlasChooseMeasure.aspx MP=1&Cou=RO
2014-10-19 /ejn/AtlasChooseMeasure.aspx MP=1&Cou=RO
2014-10-19 /ejn/EJN_FichesBelgesTable.aspx -
2014-10-19 /ejn/EJN_FichesBelges.aspx -
2014-10-19 /ejn/EJN_FichesBelgesResult.aspx measure=505&country=321&other=259
2014-10-19 /ejn/AtlasChooseMeasure.aspx MP=1&Cou=RO
2014-10-19 /ejn/AtlasSelection.aspx -
2014-10-19 /ejn/AtlasSelection.aspx -
2014-10-19 /ejn/AtlasSelection.aspx -
2014-10-19 /ejn/AtlasChooseCountry.aspx Type=2
2014-10-19 /ejn/AtlasChooseMeasure.aspx MP=0&Cou=351
2014-10-19 /ejn/AtlasSelection.aspx -
2014-10-19 /ejn/ -
2014-10-19 /ejn/ -
2014-10-19 /ejn/EJN_FichesBelgesResult.aspx measure=103&country=351&other=-1
2014-10-19 /ejn/AtlasSelection.aspx -
2014-10-19 /ejn/AtlasSelection.aspx -
2014-10-19 /ejn/AtlasSelection.aspx -
2014-10-19 /ejn/AtlasSelection.aspx -
2014-10-19 /ejn/AtlasSelection.aspx -
2014-10-19 /ejn/AtlasAuthorityData.aspx Id=4141
2014-10-19 /ejn/AtlasAuthorityData.aspx Id=4141
2014-10-19 /ejn/EJN_Home.aspx -
2014-10-19 /ejn/NewsDetail.aspx Ori=H&id=243
2014-10-19 /ejn/EJN_Home.aspx -
2014-10-19 /ejn/AtlasAuthorityData.aspx Id=4141
2014-10-19 /ejn/EJN_Home.aspx -
2014-10-19 /ejn/EJN_FichesBelgesResult.aspx measure=101&country=351&other=-1
2014-10-19 /european-arrest-warrant.aspx -
2014-10-19 /ejn/EJN_Home.aspx -
2014-10-19 /ejn/EJN_Home.aspx -
2014-10-19 /ejn/ -
2014-10-19 /ejn/EJN_AtlasAdvanced.aspx -
2014-10-19 /ejn/ -
2014-10-19 /ejn/ -
2014-10-19 /ejn/ -
2014-10-19 /ejn/EJN_Home.aspx -
2014-10-19 /ejn/EJN_AtlasAdvancedOld.aspx -
2014-10-19 /ejn/EJN_AtlasAdvancedOld.aspx -
2014-10-19 /ejn/ -
2014-10-19 /ejn/AtlasChooseCountry.aspx Type=1
2014-10-19 /ejn/AtlasChooseMeasure.aspx MP=1&Cou=HU
2014-10-19 /ejn/AtlasSelection.aspx -
2014-10-19 /ejn/AtlasAuthorityData.aspx Id=2587
2014-10-19 /ejn/AtlasChooseCountry.aspx Type=2
2014-10-19 /ejn/AtlasChooseMeasure.aspx MP=1&Cou=HU
2014-10-19 /ejn/AtlasChooseMeasure.aspx MP=1&Cou=HU
2014-10-19 /ejn/AtlasChooseMeasure.aspx MP=1&Cou=HU
2014-10-19 /ejn/AtlasSelection.aspx -
2014-10-19 /ejn/AtlasSelection.aspx -
2014-10-19 /ejn/AtlasSelection.aspx -
2014-10-19 /ejn/AtlasChooseAuthority.aspx -
2014-10-19 /ejn/AtlasChooseAuthority.aspx/GetLocations -
2014-10-19 /ejn/AtlasChooseAuthority.aspx -
2014-10-19 /ejn/AtlasChooseAuthority.aspx -
2014-10-19 /ejn/AtlasAuthorityData.aspx Id=2461
2014-10-19 /ejn/AtlasAuthorityData.aspx Id=2461
2014-10-19 /ejn/AtlasChooseAuthority.aspx -
2014-10-19 /ejn/AtlasChooseAuthority.aspx -
2014-10-19 /ejn/AtlasSelection.aspx Option=PathOptions
2014-10-19 /ejn/AtlasSelection.aspx Option=PathOptions
2014-10-19 /ejn/AtlasSelection.aspx Option=PathOptions
2014-10-19 /ejn/AtlasChooseAuthority.aspx -
2014-10-19 /ejn/AtlasChooseAuthority.aspx -
2014-10-19 /ejn/AtlasChooseAuthority.aspx -
2014-10-19 /ejn/AtlasAuthorityData.aspx Id=1208
2014-10-19 /ejn/ -
2014-10-19 /ejn/AtlasChooseMeasure.aspx Mp=1&Cou=IT&Type=2
2014-10-19 /ejn/AtlasChooseMeasure.aspx Mp=1&Cou=IT&Type=2
2014-10-19 /ejn/EJN_FichesBelgesResult.aspx measure=302&country=295&other=-1
2014-10-19 /ejn/AtlasChooseMeasure.aspx Mp=1&Cou=IT&Type=2
2014-10-19 /ejn/AtlasSelection.aspx -
2014-10-19 /ejn/AtlasChooseAuthority.aspx -
2014-10-19 /ejn/AtlasChooseAuthority.aspx -
2014-10-19 /ejn/AtlasChooseAuthority.aspx/GetLocations -
2014-10-19 /ejn/AtlasChooseAuthority.aspx -
2014-10-19 /ejn/AtlasAuthorityData.aspx Id=4810
2014-10-19 /ejn/AtlasChooseAuthority.aspx -
2014-10-19 /ejn/AtlasChooseMeasure.aspx Mp=1&Cou=IT&Type=2
2014-10-19 /ejn/AtlasChooseMeasure.aspx Mp=1&Cou=IT&Type=2
2014-10-19 /ejn/AtlasChooseMeasure.aspx Mp=1&Cou=IT&Type=2
2014-10-19 /ejn/AtlasSelection.aspx -
2014-10-19 /ejn/AtlasChooseAuthority.aspx -
2014-10-19 /ejn/AtlasChooseAuthority.aspx -
2014-10-19 /ejn/AtlasChooseAuthority.aspx -
2014-10-19 /ejn/AtlasAuthorityData.aspx Id=4784
2014-10-19 /ejn/AtlasChooseAuthority.aspx -
2014-10-19 /ejn/AtlasChooseMeasure.aspx Mp=1&Cou=IT&Type=2
2014-10-19 /ejn/AtlasChooseMeasure.aspx Mp=1&Cou=IT&Type=2
2014-10-19 /ejn/AtlasChooseMeasure.aspx Mp=1&Cou=IT&Type=2
2014-10-19 /ejn/AtlasSelection.aspx -
2014-10-19 /ejn/AtlasChooseAuthority.aspx -
2014-10-19 /ejn/AtlasChooseCountry.aspx Type=2
2014-10-19 /ejn/AtlasChooseMeasure.aspx MP=1&Cou=FR
2014-10-19 /ejn/AtlasChooseMeasure.aspx MP=1&Cou=FR
2014-10-19 /ejn/AtlasChooseMeasure.aspx MP=1&Cou=FR
2014-10-19 /ejn/EJN_FichesBelgesResult.aspx measure=404&country=273&other=-1
2014-10-19 /ejn/AtlasChooseMeasure.aspx MP=1&Cou=FR
2014-10-19 /ejn/AtlasSelection.aspx -
2014-10-19 /ejn/AtlasSelection.aspx -
2014-10-19 /ejn/AtlasSelection.aspx -
2014-10-19 /ejn/AtlasAuthorityData.aspx Id=4985
2014-10-19 /ejn/AtlasSelection.aspx -
2014-10-19 /ejn/AtlasSelection.aspx -
2014-10-19 /ejn/AtlasSelection.aspx -
2014-10-19 /ejn/AtlasSelection.aspx -
2014-10-19 /ejn/AtlasSelection.aspx -
2014-10-19 /ejn/AtlasSelection.aspx -
2014-10-19 /ejn/AtlasSelection.aspx -
2014-10-19 /ejn/AtlasSelection.aspx -
2014-10-19 /ejn/AtlasChooseAuthority.aspx -
2014-10-19 /ejn/AtlasChooseAuthority.aspx -
2014-10-19 /ejn/AtlasChooseAuthority.aspx -
2014-10-19 /ejn/AtlasAuthorityData.aspx Id=4748
2014-10-19 /ejn/AtlasAuthorityData.aspx Id=4748
2014-10-19 /ejn/AtlasAuthorityData.aspx Id=4748
2014-10-19 /ejn/EJN_Home.aspx -
2014-10-19 /ejn/EJN_Home.aspx -
2014-10-19 /ejn/EJN_Compendium.aspx -
2014-10-19 /ejn/EJN_Compendium.aspx -
2014-10-19 /ejn/EJN_Compendium.aspx -
2014-10-19 /ejn/EJN_Compendium.aspx -
2014-10-19 /ejn/EJN_Compendium.aspx -
2014-10-19 /ejn/EJN_Compendium.aspx -
2014-10-19 /ejn/EJN_Compendium.aspx -
2014-10-19 /ejn/ctrls.compendium/IframeEngine.aspx -
2014-10-19 /ejn/EJN_Compendium.aspx -
2014-10-19 /ejn/EJN_StaticPage.aspx Bread=12
2014-10-19 /ejn/EJN_Home.aspx -
2014-10-19 /ejn/EJN_Compendium.aspx -
2014-10-19 /ejn/ctrls.compendium/IframeEngine.aspx -
2014-10-19 /NewsDetail.aspx id=242&Ori=H
2014-10-19 /ejn/ -
2014-10-19 /ejn/EJN_Home.aspx -
2014-10-19 /ejn/AtlasChooseCountry.aspx Type=2
2014-10-19 /ejn/AtlasChooseMeasure.aspx MP=0&Cou=277
2014-10-19 /ejn/ -
2014-10-19 /ejn/AtlasChooseMeasure.aspx MP=0&Cou=277
2014-10-19 /ejn/AtlasChooseMeasure.aspx MP=0&Cou=277
2014-10-19 /ejn/AtlasChooseMeasure.aspx MP=0&Cou=277
2014-10-19 /ejn/AtlasChooseMeasure.aspx MP=0&Cou=277
2014-10-19 /ejn/AtlasChooseCountry.aspx Type=2
2014-10-19 /ejn/EJN_Login.aspx -
2014-10-19 /ejn/EJN_StaticPage.aspx Bread=30
2014-10-19 /ejn/EJN_AtlasAdvanced.aspx -
2014-10-19 /ejn/EJN_AtlasAdvanced.aspx -
2014-10-19 /ejn/EJN_EAWAtlas.aspx -
2014-10-19 /ejn/EJN_Error.aspx -
2014-10-19 /ejn/EJN_Home.aspx -
2014-10-19 /ejn/AtlasChooseMeasure.aspx Mp=1&Cou=LT&Type=2
2014-10-19 /ejn/EJN_AtlasAdvanced.aspx -
2014-10-19 /ejn/EJN_Compendium.aspx -
2014-10-19 /ejn/EJN_Home.aspx -
2014-10-19 /ejn/AtlasChooseMeasure.aspx Mp=1&Cou=LT&Type=2++Culture:ESSessionId:120e3svslkdlcko5fzzz22rcDate_Time:11:58
2014-10-19 /ejn/AtlasChooseCountry.aspx Type=2
2014-10-19 /ejn/AtlasChooseMeasure.aspx MP=1&Cou=LT
2014-10-19 /ejn/EJN_FichesBelgesResult.aspx measure=704&country=313&other=-1
2014-10-19 /ejn/EJN_AtlasAdvanced.aspx -
2014-10-19 /ejn/ -
2014-10-19 /ejn/EJN_AtlasAdvanced.aspx -
2014-10-19 /ejn/EJN_AtlasAdvanced.aspx -
2014-10-19 /ejn/EJN_Home.aspx -
2014-10-19 /ejn/EJN_Home.aspx -
2014-10-19 /ejn/ -
2014-10-19 /ejn/ -
2014-10-19 /ejn/AtlasChooseMeasure.aspx Mp=1&Cou=IT&Type=2
2014-10-19 /ejn/AtlasChooseMeasure.aspx Mp=1&Cou=IT&Type=2
2014-10-19 /ejn/AtlasChooseMeasure.aspx Mp=1&Cou=IT&Type=2
2014-10-19 /ejn/AtlasSelection.aspx -
2014-10-19 /ejn/AtlasChooseAuthority.aspx -
2014-10-19 /ejn/AtlasChooseAuthority.aspx/GetLocations -
2014-10-19 /ejn/AtlasChooseAuthority.aspx -
2014-10-19 /ejn/AtlasAuthorityData.aspx Id=4797
2014-10-19 /ejn/ -
2014-10-19 /ejn/EJN_InfoAbout.aspx Id=239
2014-10-19 /ejn/AtlasChooseMeasure.aspx Mp=1&Cou=BG&Type=2
2014-10-19 /ejn/AtlasChooseMeasure.aspx Mp=1&Cou=BG&Type=2
2014-10-19 /ejn/AtlasChooseMeasure.aspx Mp=1&Cou=BG&Type=2
2014-10-19 /ejn/AtlasChooseMeasure.aspx Mp=1&Cou=BG&Type=2
2014-10-19 /ejn/AtlasChooseMeasure.aspx Mp=1&Cou=BG&Type=2
2014-10-19 /ejn/AtlasChooseMeasure.aspx Mp=1&Cou=BG&Type=2
2014-10-19 /ejn/AtlasChooseMeasure.aspx Mp=1&Cou=BG&Type=2
2014-10-19 /ejn/EJN_FichesBelgesResult.aspx measure=105&country=239&other=-1
2014-10-19 /news-headlines.aspx -
2014-10-19 /ejn/EJN_Home.aspx -
2014-10-19 /ejn/ -
2014-10-19 /ejn/EJN_Home.aspx -
2014-10-19 /ejn/ -
2014-10-19 /ejn/ -
2014-10-19 /ejn/EJN_Home.aspx -
2014-10-19 /ejn/Events.aspx event=184
2014-10-19 /ejn/EJN_Home.aspx -
2014-10-19 /atlas_advanced.aspx -
2014-10-19 /atlas_advanced.aspx -
2014-10-19 /ejn/ -
2014-10-19 /atlas_advanced.aspx -
2014-10-19 /atlas_advanced.aspx -
2014-10-19 /ejn/EJN_AtlasAdvanced.aspx -
2014-10-19 /ejn/ -
2014-10-19 /ejn/EJN_Home.aspx -
2014-10-19 /ejn/ -
2014-10-19 /ejn/EJN_Home.aspx -
2014-10-19 /ejn/ -
2014-10-19 /ejn/EJN_Home.aspx -
2014-10-19 /ejn/EJN_Home.aspx -
2014-10-19 /ejn/EJN_AtlasAdvanced.aspx -
2014-10-19 /ejn/EJN_Home.aspx -
2014-10-19 /ejn/ -
2014-10-19 /ejn/EJN_Home.aspx -
2014-10-19 /ejn/Events.aspx event=162
2014-10-19 /ejn/EJN_Home.aspx -
2014-10-19 /ejn/EJN_Home.aspx -
2014-10-19 /ejn/libshowdocument.aspx Id=56&Lang=EN
2014-10-19 /ejn/EJN_Home.aspx -
2014-10-19 /ejn/EJN_Home.aspx -
2014-10-19 /ejn/NewsDetail.aspx Ori=H&id=180
2014-10-19 /ejn/EJN_Home.aspx -
2014-10-19 /ejn/Events.aspx event=164
2014-10-19 /ejn/EJN_Home.aspx -
2014-10-19 /ejn/ -
2014-10-19 /ejn/EJN_Home.aspx -
2014-10-19 /ejn/EJN_Home.aspx -
2014-10-19 /ejn/ -
2014-10-19 /ejn/EJN_Search.aspx -
2014-10-19 /ejn/EJN_Search.aspx -
2014-10-19 /ejn/ -
2014-10-19 /ejn/ -
2014-10-19 /ejn/EJN_StaticPage.aspx Bread=24
2014-10-19 /ejn/EJN_AtlasAdvanced.aspx -
2014-10-19 /ejn/EJN_Home.aspx -
2014-10-19 /ejn/EJN_Home.aspx -
2014-10-19 /ejn/EJN_AtlasAdvancedOld.aspx ctyCode=SK
2014-10-19 /ejn/EJN_AtlasAdvancedOld.aspx ctyCode=SK
2014-10-19 /ejn/EJN_Home.aspx -
2014-10-19 /ejn/ -
2014-10-19 /ejn/EJN_Home.aspx -
2014-10-19 /ejn/EJN_Home.aspx -
2014-10-19 /ejn/ -
2014-10-19 /ejn/NewsAll.aspx -
2014-10-19 /ejn/libcategories.aspx -
2014-10-19 /ejn/libcategories.aspx Id=1
2014-10-19 /ejn/libcategories.aspx Id=19
2014-10-19 /ejn/libcategories.aspx Id=12
2014-10-19 /ejn/libcategories.aspx Id=52
2014-10-19 /ejn/libdocumentproperties.aspx Id=938
2014-10-19 /ejn/EJN_Library_StatusOfImpByCat.aspx CategoryId=52
2014-10-19 /ejn/EJN_Home.aspx -
2014-10-19 /ejn/libcategories.aspx Id=52
2014-10-19 /ejn/libcategories.aspx Id=19
2014-10-19 /ejn/libcategories.aspx Id=11
2014-10-19 /ejn/libcategories.aspx Id=77
2014-10-19 /ejn/libshowdocument.aspx Id=572&Lang=BG
2014-10-19 /ejn/libdocumentproperties.aspx Id=1180
2014-10-19 /ejn/libdocumentproperties.aspx Id=1180
2014-10-19 /ejn/libdocumentproperties.aspx Id=817
2014-10-19 /ejn/libcategories.aspx Id=78
2014-10-19 /ejn/libshowdocument.aspx Id=573&Lang=BG
2014-10-19 /ejn/libshowdocument.aspx Id=13&Lang=FI
2014-10-19 /ejn/libshowdocument.aspx Id=573&Lang=DK
2014-10-19 /ejn/libcategories.aspx Id=78
2014-10-19 /ejn/libcategories.aspx Id=19
2014-10-19 /ejn/libcategories.aspx Id=12
2014-10-19 /ejn/libcategories.aspx Id=11
2014-10-19 /ejn/libcategories.aspx Id=78
2014-10-19 /ejn/libshowdocument.aspx Id=573&Lang=BG
2014-10-19 /ejn/ -
2014-10-19 /ejn/EJN_AtlasAdvanced.aspx -
2014-10-19 /ejn/EJN_Home.aspx -
2014-10-19 /ejn/EJN_Home.aspx -
2014-10-19 /ejn/libshowdocument.aspx Id=573&Lang=BG
2014-10-19 /ejn/libcategories.aspx Id=77
2014-10-19 /ejn/ -
2014-10-19 /ejn/libshowdocument.aspx Id=572&Lang=BG
2014-10-19 /ejn/ -
2014-10-19 /ejn/AtlasChooseMeasure.aspx Mp=1&Cou=SE&Type=2
2014-10-19 /ejn/EJN_AtlasAdvancedOld.aspx ctyCode=SK
2014-10-19 /ejn/ejn_home.aspx -
2014-10-19 /ejn/libshowdocument.aspx Id=16&Lang=SL
2014-10-19 /ejn/libshowdocument.aspx Id=13&Lang=PT
2014-10-19 /ejn/AtlasChooseMeasure.aspx Mp=1&Cou=SE&Type=2
2014-10-19 /ejn/AtlasChooseMeasure.aspx Mp=1&Cou=SE&Type=2
2014-10-19 /ejn/AtlasChooseMeasure.aspx Mp=1&Cou=SE&Type=2
2014-10-19 /ejn/AtlasChooseMeasure.aspx Mp=1&Cou=SE&Type=2
2014-10-19 /ejn/EJN_FichesBelgesResult.aspx measure=708&country=378&other=-1
2014-10-19 /ejn/libcategories.aspx Id=9
2014-10-19 /ejn/libcategories.aspx Id=32
2014-10-19 /ejn/EJN_Library_RatificationsByCou.aspx -
2014-10-19 /ejn/ -
2014-10-19 /ejn/EJN_Home.aspx -
2014-10-19 /ejn/libcategories.aspx -
2014-10-19 /ejn/libdocumentproperties.aspx Id=1277
2014-10-19 /ejn/libdocumentproperties.aspx Id=1277
2014-10-19 /ejn/EJN_StaticPage.aspx Bread=12
2014-10-19 /ejn/libcategories.aspx Id=5
2014-10-19 /ejn/libdocumentproperties.aspx Id=1118
2014-10-19 /ejn/libcategories.aspx Id=9
2014-10-19 /ejn/libadvancedsearch.aspx -
2014-10-19 /ejn/libshowdocument.aspx Id=389&Lang=FR
2014-10-19 /ejn/libshowdocument.aspx Id=389&Lang=EN
2014-10-19 /ejn/libshowdocument.aspx Id=1118&Lang=ES
2014-10-19 /ejn/libadvancedsearch.aspx -
2014-10-19 /ejn/libadvancedsearch.aspx -
2014-10-19 /ejn/libadvancedsearch.aspx -
2014-10-19 /ejn/libcategories.aspx -
2014-10-19 /ejn/libcategories.aspx -
2014-10-19 /ejn/libadvancedsearch.aspx -
2014-10-19 /ejn/libcategories.aspx Id=1
2014-10-19 /ejn/libcategories.aspx Id=19
2014-10-19 /ejn/libcategories.aspx Id=9
2014-10-19 /ejn/libshowdocument.aspx Id=389&Lang=FR
2014-10-19 /ejn/libcategories.aspx Id=9
2014-10-19 /ejn/libadvancedsearch.aspx -
2014-10-19 /ejn/libcategories.aspx Id=4
2014-10-19 /ejn/EJN_Home.aspx -
2014-10-19 /ejn/EJN_Home.aspx -
2014-10-19 /ejn/EJN_Home.aspx -
2014-10-19 /ejn/EJN_InfoAbout.aspx Id=432
2014-10-19 /ejn/libshowdocument.aspx Id=388&Lang=FR
2014-10-19 /ejn/libshowdocument.aspx Id=388&Lang=EN
2014-10-19 /ejn/libshowdocument.aspx Id=388&Lang=EN
2014-10-19 /ejn/EJN_Home.aspx -
2014-10-19 /ejn/libshowdocument.aspx Id=388&Lang=ES
2014-10-19 /ejn/AtlasChooseCountry.aspx Type=2
2014-10-19 /ejn/AtlasChooseCountry.aspx Type=2
2014-10-19 /ejn/AtlasChooseMeasure.aspx MP=0&Cou=432
2014-10-19 /ejn/EJN_FichesBelges.aspx -
2014-10-19 /ejn/EJN_FichesBelges.aspx -
2014-10-19 /ejn/libdocumentproperties.aspx Id=920
2014-10-19 /ejn/EJN_FichesBelges.aspx -
2014-10-19 /ejn/EJN_FichesBelgesTable.aspx -
2014-10-19 /ejn/libdocumentproperties.aspx Id=920
2014-10-19 /ejn/EJN_Home.aspx -
2014-10-19 /ejn/EJN_FichesBelgesResult.aspx measure=101&country=432&other=-1
2014-10-19 /ejn/libdocumentproperties.aspx Id=920
2014-10-19 /ejn/libshowdocument.aspx Id=13&Lang=EL
2014-10-19 /ejn/libadvancedsearch.aspx -
2014-10-19 /ejn/libcategories.aspx -
2014-10-19 /ejn/libcategories.aspx Id=1
2014-10-19 /ejn/AtlasChooseCountry.aspx Type=1
2014-10-19 /ejn/AtlasChooseMeasure.aspx MP=0&Cou=373
2014-10-19 /ejn/AtlasSelection.aspx -
2014-10-19 /ejn/AtlasAuthorityData.aspx Id=4146
2014-10-19 /ejn/AtlasAuthorityData.aspx Id=4146
2014-10-19 /ejn/AtlasAuthorityData.aspx Id=4146
2014-10-19 /ejn/AtlasAuthorityData.aspx Id=4146
2014-10-19 /ejn/AtlasChooseCountry.aspx Type=1
2014-10-19 /ejn/AtlasChooseMeasure.aspx MP=0&Cou=395
2014-10-19 /ejn/AtlasSelection.aspx -
2014-10-19 /ejn/AtlasSelection.aspx -
2014-10-19 /ejn/AtlasSelection.aspx -
2014-10-19 /ejn/AtlasAuthorityData.aspx Id=3833
2014-10-19 /ejn/EJN_Home.aspx -
2014-10-19 /ejn/EJN_Home.aspx -
2014-10-19 /ejn/EJN_Home.aspx -
2014-10-19 /ejn/ -
2014-10-19 /ejn/EJN_StaticPage.aspx Bread=2
2014-10-19 /ejn/EJN_Home.aspx -
2014-10-19 /ejn/ -
2014-10-19 /ejn/ -
2014-10-19 /ejn/AtlasChooseCountry.aspx Type=2
2014-10-19 /ejn/AtlasChooseCountry.aspx Type=2
2014-10-19 /ejn/AtlasChooseMeasure.aspx MP=0&Cou=277
2014-10-19 /ejn/AtlasChooseMeasure.aspx MP=0&Cou=277
2014-10-19 /ejn/AtlasChooseMeasure.aspx MP=0&Cou=277
2014-10-19 /ejn/AtlasSelection.aspx -
2014-10-19 /ejn/AtlasChooseAuthority.aspx -
2014-10-19 /ejn/AtlasChooseAuthority.aspx/GetLocations -
2014-10-19 /ejn/AtlasChooseAuthority.aspx -
2014-10-19 /ejn/AtlasAuthorityData.aspx Id=4241
2014-10-19 /ejn/EJN_AtlasAdvanced.aspx -
2014-10-19 /ejn/EJN_Home.aspx -
2014-10-19 /ejn/EJN_StaticPage.aspx Bread=1
2014-10-19 /ejn/EJN_Home.aspx -
2014-10-19 /ejn/EJN_Home.aspx -
2014-10-19 /ejn/EJN_Home.aspx -
2014-10-19 /ejn/ -
2014-10-19 /ejn/libshowdocument.aspx Id=13&Lang=IT
2014-10-19 /ejn/EJN_Home.aspx -
2014-10-19 /ejn/EJN_Home.aspx -
2014-10-19 /ejn/EJN_Home.aspx -
2014-10-19 /ejn/EJN_Home.aspx -
2014-10-19 /ejn/EJN_Home.aspx -
2014-10-19 /ejn/EJN_Home.aspx -
2014-10-19 /ejn/EJN_Home.aspx -
2014-10-19 /ejn/EJN_Home.aspx -
2014-10-19 /ejn/libshowdocument.aspx Id=219&Lang=RO
2014-10-19 /ejn/ -
2014-10-19 /ejn/EJN_AtlasAdvanced.aspx -
2014-10-19 /ejn/EJN_Secretariat.aspx -
2014-10-19 /ejn/EJN_Home.aspx -
2014-10-19 /ejn/EJN_Home.aspx -
2014-10-19 /ejn/libshowdocument.aspx Id=248&Lang=SV
2014-10-19 /ejn/NewsAll.aspx Id=2
2014-10-19 /ejn/EJN_Home.aspx -
2014-10-19 /ejn/libshowdocument.aspx Id=16&Lang=LV
2014-10-19 /ejn/libshowdocument.aspx Id=13&Lang=EL
2014-10-19 /ejn/EJN_Home.aspx -
2014-10-19 /ejn/EJN_Home.aspx -
2014-10-19 /ejn/EJN_Home.aspx -
2014-10-19 /ejn/EJN_Home.aspx -
2014-10-19 /ejn/EJN_Home.aspx -
2014-10-19 /ejn/AtlasChooseCountry.aspx Type=1
2014-10-19 /ejn/EJN_Home.aspx -
2014-10-19 /ejn/EJN_Home.aspx -
2014-10-19 /ejn/EJN_StaticPage.aspx Bread=27
2014-10-19 /ejn/EJN_Home.aspx -
2014-10-19 /ejn/ -
2014-10-19 /ejn/EJN_InfoAbout.aspx Id=373
2014-10-19 /ejn/EJN_Home.aspx -
2014-10-19 /ejn/EJN_StaticPage.aspx Bread=36
2014-10-19 /ejn/EJN_Home.aspx -
2014-10-19 /ejn/EJN_Home.aspx -
2014-10-19 /ejn/EJN_StaticPage.aspx Bread=22
2014-10-19 /ejn/EJN_Home.aspx -
2014-10-19 /ejn/ -
2014-10-19 /ejn/EJN_AtlasAdvanced.aspx -
2014-10-19 /ejn/EJN_Home.aspx -
2014-10-19 /ejn/EJN_Home.aspx -
2014-10-19 /ejn/EJN_Home.aspx -
2014-10-19 /ejn/EJN_Home.aspx -
2014-10-19 /ejn/ -
2014-10-19 /ejn/EJN_Home.aspx -
2014-10-19 /ejn/EJN_Home.aspx -
2014-10-19 /ejn/libdocumentproperties.aspx Id=3
2014-10-19 /ejn/EJN_Home.aspx -
2014-10-19 /ejn/EJN_Home.aspx -
2014-10-19 /ejn/EJN_StaticPage.aspx Bread=35
2014-10-19 /ejn/EJN_Home.aspx -
2014-10-19 /ejn/ -
2014-10-19 /ejn/AtlasChooseCountry.aspx Type=2
2014-10-19 /ejn/AtlasChooseCountry.aspx Type=2
2014-10-19 /ejn/AtlasChooseMeasure.aspx MP=0&Cou=259
2014-10-19 /ejn/AtlasChooseMeasure.aspx MP=0&Cou=259
2014-10-19 /ejn/AtlasChooseMeasure.aspx MP=0&Cou=259
2014-10-19 /ejn/AtlasSelection.aspx -
2014-10-19 /ejn/AtlasSelection.aspx -
2014-10-19 /ejn/AtlasSelection.aspx -
2014-10-19 /ejn/AtlasChooseAuthority.aspx -
2014-10-19 /ejn/AtlasChooseAuthority.aspx/GetLocations -
2014-10-19 /ejn/AtlasChooseAuthority.aspx/GetLocations -
2014-10-19 /ejn/AtlasChooseAuthority.aspx/GetLocations -
2014-10-19 /ejn/AtlasChooseAuthority.aspx -
2014-10-19 /ejn/AtlasChooseAuthority.aspx/GetLocations -
2014-10-19 /ejn/AtlasChooseAuthority.aspx -
2014-10-19 /ejn/AtlasAuthorityData.aspx Id=2323
2014-10-19 /ejn/AtlasSelection.aspx -
2014-10-19 /ejn/AtlasSelection.aspx -
2014-10-19 /ejn/AtlasChooseAuthority.aspx -
2014-10-19 /ejn/AtlasChooseAuthority.aspx -
2014-10-19 /ejn/AtlasChooseAuthority.aspx -
2014-10-19 /ejn/AtlasChooseAuthority.aspx/GetLocations -
2014-10-19 /ejn/AtlasChooseAuthority.aspx/GetLocations -
2014-10-19 /ejn/AtlasChooseAuthority.aspx -
2014-10-19 /ejn/AtlasAuthorityData.aspx Id=88
2014-10-19 /ejn/EJN_Home.aspx -
2014-10-19 /ejn/EJN_Home.aspx -
2014-10-19 /ejn/EJN_AtlasAdvanced.aspx Ses=0
2014-10-19 /ejn/ -
2014-10-19 /ejn/AtlasChooseCountry.aspx Type=2
2014-10-19 /ejn/AtlasChooseMeasure.aspx MP=1&Cou=ES
2014-10-19 /ejn/EJN_Home.aspx -
2014-10-19 /ejn/AtlasChooseMeasure.aspx MP=1&Cou=ES
2014-10-19 /ejn/Events.aspx event=254
2014-10-19 /ejn/EJN_Home.aspx -
2014-10-19 /ejn/NewsDetail.aspx Ori=H&id=257
2014-10-19 /ejn/EJN_Home.aspx -
2014-10-19 /ejn/AtlasChooseMeasure.aspx MP=1&Cou=ES++Culture:PTSessionId:nhag3c3bpsivn5qwxs3spthsDate_Time:18:36
2014-10-19 /ejn/AtlasChooseMeasure.aspx MP=1&Cou=ES
2014-10-19 /ejn/AtlasChooseMeasure.aspx MP=1&Cou=ES
2014-10-19 /ejn/AtlasChooseMeasure.aspx MP=1&Cou=ES
2014-10-19 /ejn/AtlasChooseMeasure.aspx MP=1&Cou=ES
2014-10-19 /ejn/AtlasChooseMeasure.aspx MP=1&Cou=ES
2014-10-19 /ejn/AtlasSelection.aspx -
2014-10-19 /ejn/AtlasSelection.aspx -
2014-10-19 /ejn/AtlasSelection.aspx -
2014-10-19 /ejn/AtlasSelection.aspx -
2014-10-19 /ejn/AtlasSelection.aspx -
2014-10-19 /ejn/AtlasSelection.aspx -
2014-10-19 /ejn/AtlasSelection.aspx -
2014-10-19 /ejn/AtlasChooseAuthority.aspx -
2014-10-19 /ejn/AtlasChooseAuthority.aspx -
2014-10-19 /ejn/AtlasAuthorityData.aspx Id=2755
2014-10-19 /ejn/AtlasChooseAuthority.aspx/GetLocations -
2014-10-19 /ejn/EJN_Home.aspx -
2014-10-19 /ejn/EJN_Home.aspx -
2014-10-19 /ejn/EJN_StaticPage.aspx Bread=34
2014-10-19 /ejn/EJN_Home.aspx -
2014-10-19 /ejn/libshowdocument.aspx Id=56&Lang=PT
2014-10-19 /ejn/ -
2014-10-19 /ejn/EJN_Home.aspx -
2014-10-19 /ejn/libshowdocument.aspx Id=3&Lang=LT
2014-10-19 /ejn/ -
2014-10-19 /ejn/ -
2014-10-19 /ejn/ -
2014-10-19 /ejn/ -
2014-10-19 /ejn/AtlasChooseMeasure.aspx Mp=1&Cou=NL&Type=2
2014-10-19 /ejn/AtlasChooseMeasure.aspx Mp=1&Cou=NL&Type=2
2014-10-19 /ejn/EJN_Home.aspx -
2014-10-19 /ejn/EJN_Home.aspx -
2014-10-19 /ejn/ -
2014-10-19 /ejn/ -
2014-10-19 /ejn/ -
2014-10-19 /ejn/EJN_AtlasAdvanced.aspx -
2014-10-19 /ejn/EJN_Home.aspx -
2014-10-19 /ejn/EJN_StaticPage.aspx Bread=31
2014-10-19 /ejn/EJN_Home.aspx -
2014-10-19 /ejn/libshowdocument.aspx Id=222&Lang=LT
2014-10-19 /ejn/EJN_Home.aspx -
2014-10-19 /ejn/EJN_Home.aspx -
2014-10-19 /ejn/EJN_Home.aspx -
2014-10-19 /ejn/EJN_FichesBelgesResult.aspx measure=505&country=321&other=259
2014-10-19 /ejn/EJN_Home.aspx -
2014-10-19 /ejn/EJN_Login.aspx -
2014-10-19 /ejn/EJN_Home.aspx -
2014-10-19 /ejn/EJN_Home.aspx -
2014-10-19 /ejn/NewsDetail.aspx id=284&Ori=H
2014-10-19 /ejn/EJN_Home.aspx -
2014-10-19 /ejn/EJN_Home.aspx -
2014-10-19 /ejn/ -
2014-10-19 /ejn/ -
2014-10-19 /ejn/ -
2014-10-19 /ejn/EJN_StaticPage.aspx Bread=28
2014-10-19 /ejn/EJN_StaticPage.aspx Bread=17
2014-10-19 /ejn/EJN_StaticPage.aspx Bread=30
2014-10-19 /eaw_atlas.aspx -
2014-10-19 /ejn/EJN_StaticPage.aspx Bread=2
2014-10-19 /ejn/ -
2014-10-19 /ejn/EJN_Home.aspx -
2014-10-19 /ejn/EJN_Search.aspx -
2014-10-19 /ejn/EJN_Search.aspx -
2014-10-19 /ejn/EJN_StaticPage.aspx Bread=30
2014-10-19 /ejn/ -
2014-10-19 /ejn/EJN_StaticPage.aspx Bread=2
2014-10-19 /ejn/EJN_StaticPage.aspx Bread=2
2014-10-19 /ejn/EJN_Home.aspx -
2014-10-19 /ejn/ -
2014-10-19 /ejn/EJN_AtlasAdvanced.aspx -
2014-10-19 /ejn/EJN_Home.aspx -
2014-10-19 /ejn/NewsDetail.aspx Ori=H&id=262
2014-10-19 /ejn/EJN_Home.aspx -
2014-10-19 /ejn/NewsDetail.aspx Ori=H&id=249
2014-10-19 /ejn/EJN_Home.aspx -
2014-10-19 /ejn/Events.aspx event=197
2014-10-19 /ejn/EJN_Home.aspx -
2014-10-19 /ejn/NewsDetail.aspx Ori=H&id=240
2014-10-19 /ejn/EJN_Home.aspx -
2014-10-19 /ejn/NewsAll.aspx Id=5
2014-10-19 /ejn/EJN_Home.aspx -
2014-10-19 /ejn/EJN_Home.aspx -
2014-10-19 /ejn/EJN_EAWAtlas.aspx -
2014-10-19 /ejn/EJN_Error.aspx -
2014-10-19 /ejn/EJN_Home.aspx -
2014-10-19 /ejn/ -
2014-10-19 /ejn/EJN_Home.aspx -
2014-10-19 /ejn/EJN_StaticPage.aspx Bread=39
2014-10-19 /ejn/EJN_Home.aspx -
2014-10-19 /ejn/EJN_Compendium.aspx -
2014-10-19 /ejn/ctrls.compendium/IframeEngine.aspx -
2014-10-19 /ejn/ctrls.compendium/IframeEngine.aspx -
2014-10-19 /ejn/ -
2014-10-19 /ejn/EJN_EAWAtlas.aspx -
2014-10-19 /ejn/EJN_Error.aspx -
2014-10-19 /ejn/EJN_Home.aspx -
2014-10-19 /ejn/AtlasChooseMeasure.aspx Mp=1&Cou=ES&Type=2
2014-10-19 /ejn/AtlasChooseCountry.aspx Type=2
2014-10-19 /ejn/AtlasChooseMeasure.aspx MP=1&Cou=ES
2014-10-19 /ejn/AtlasChooseMeasure.aspx MP=1&Cou=ES++Culture:ESSessionId:h5x2z45ynp5b4ps25zj1sxniDate_Time:20:19
2014-10-19 /ejn/AtlasChooseMeasure.aspx MP=1&Cou=ES
2014-10-19 /ejn/AtlasChooseMeasure.aspx MP=1&Cou=ES
2014-10-19 /ejn/AtlasSelection.aspx -
2014-10-19 /ejn/AtlasSelection.aspx -
2014-10-19 /ejn/AtlasSelection.aspx -
2014-10-19 /ejn/AtlasSelection.aspx -
2014-10-19 /ejn/AtlasSelection.aspx -
2014-10-19 /ejn/AtlasSelection.aspx -
2014-10-19 /ejn/AtlasSelection.aspx -
2014-10-19 /ejn/AtlasChooseAuthority.aspx -
2014-10-19 /ejn/EJN_Login.aspx -
2014-10-19 /ejn/AtlasSelection.aspx -
2014-10-19 /ejn/AtlasSelection.aspx -
2014-10-19 /ejn/AtlasChooseAuthority.aspx -
2014-10-19 /ejn/AtlasChooseCountry.aspx Type=1
2014-10-19 /ejn/AtlasChooseMeasure.aspx MP=1&Cou=ES
2014-10-19 /ejn/AtlasSelection.aspx -
2014-10-19 /ejn/AtlasAuthorityData.aspx Id=4146
2014-10-19 /ejn/EJN_Login.aspx -
2014-10-19 /ejn/EJN_Login.aspx -
2014-10-19 /ejn/EJN_ContactPointsNew.aspx -
2014-10-19 /ejn/EJN_ContactPointsNew.aspx -
2014-10-19 /ejn/ -
2014-10-19 /ejn/EJN_InfoAbout.aspx Id=368
2014-10-19 /ejn/EJN_FichesBelges.aspx -
2014-10-19 /ejn/AtlasChooseCountry.aspx Type=2
2014-10-19 /ejn/AtlasChooseMeasure.aspx MP=1&Cou=ES
2014-10-19 /ejn/AtlasChooseMeasure.aspx MP=1&Cou=ES
2014-10-19 /ejn/AtlasChooseMeasure.aspx MP=1&Cou=ES
2014-10-19 /ejn/AtlasSelection.aspx -
2014-10-19 /ejn/AtlasSelection.aspx -
2014-10-19 /ejn/AtlasSelection.aspx -
2014-10-19 /ejn/AtlasSelection.aspx -
2014-10-19 /ejn/AtlasSelection.aspx -
2014-10-19 /ejn/AtlasSelection.aspx -
2014-10-19 /ejn/AtlasSelection.aspx -
2014-10-19 /ejn/AtlasChooseAuthority.aspx -
2014-10-19 /ejn/AtlasChooseAuthority.aspx -
2014-10-19 /ejn/AtlasChooseAuthority.aspx -
2014-10-19 /ejn/AtlasAuthorityData.aspx Id=2776
2014-10-19 /ejn/EJN_Login.aspx -
2014-10-19 /ejn/libcategories.aspx -
2014-10-19 /ejn/EJN_FichesBelges.aspx -
2014-10-19 /ejn/ejn_contactpointsnew.aspx -
2014-10-19 /ejn/EJN_Login.aspx -
2014-10-19 /ejn/EJN_Home.aspx -
2014-10-19 /ejn/EJN_FichesBelges.aspx -
2014-10-19 /ejn/EJN_FichesBelges.aspx -
2014-10-19 /ejn/EJN_FichesBelges.aspx -
2014-10-19 /ejn/EJN_FichesBelgesResult.aspx measure=501&country=373&other=352
2014-10-19 /ejn/EJN_Home.aspx -
2014-10-19 /ejn/EJN_ContactPointsNew.aspx -
2014-10-19 /ejn/EJN_ContactPointDetail.aspx -
2014-10-19 /ejn/Events.aspx event=106
2014-10-19 /ejn/EJN_Home.aspx -
2014-10-19 /ejn/EJN_Home.aspx -
2014-10-19 /ejn/EJN_Home.aspx -
2014-10-19 /ejn/ejn_contactpointsnew.aspx -
2014-10-19 /ejn/EJN_Login.aspx -
2014-10-19 /ejn/EJN_Home.aspx -
2014-10-19 /ejn/ejn_contactpointdetail.aspx -
2014-10-19 /ejn/EJN_Error.aspx -
2014-10-19 /ejn/EJN_Home.aspx -
2014-10-19 /ejn/ -
2014-10-19 /ejn/EJN_Home.aspx -
2014-10-19 /ejn/ejn_contactpointdetail.aspx -
2014-10-19 /ejn/EJN_Error.aspx -
2014-10-19 /ejn/libshowdocument.aspx Id=222&Lang=LT
2014-10-19 /ejn/ejn_contactpointdetail.aspx -
2014-10-19 /ejn/EJN_Error.aspx -
2014-10-19 /ejn/EJN_Home.aspx -
2014-10-19 /ejn/ejn_login.aspx -
2014-10-19 /ejn/EJN_Home.aspx -
2014-10-19 /ejn/ejn_contactpointdetail.aspx -
2014-10-19 /ejn/EJN_Error.aspx -
2014-10-19 /ejn/ -
2014-10-19 /ejn/ejn_contactpointdetail.aspx -
2014-10-19 /ejn/EJN_Error.aspx -
2014-10-19 /ejn/ejn_contactpointdetail.aspx -
2014-10-19 /ejn/EJN_Error.aspx -
2014-10-19 /ejn/EJN_Home.aspx -
2014-10-19 /ejn/EJN_Home.aspx -
2014-10-19 /ejn/ejn_contactpointdetail.aspx -
2014-10-19 /ejn/EJN_Error.aspx -
2014-10-19 /ejn/EJN_Home.aspx -
2014-10-19 /ejn/ejn_contactpointdetail.aspx -
2014-10-19 /ejn/EJN_Error.aspx -
2014-10-19 /ejn/EJN_Home.aspx -
2014-10-19 /ejn/ejn_contactpointdetail.aspx -
2014-10-19 /ejn/EJN_Error.aspx -
2014-10-19 /ejn/EJN_Home.aspx -
2014-10-19 /ejn/ejn_contactpointsnew.aspx -
2014-10-19 /ejn/ejn_home.aspx -
2014-10-19 /ejn/EJN_Home.aspx -
2014-10-19 /ejn/EJN_Home.aspx -
2014-10-19 /ejn/ejn_contactpointdetail.aspx -
2014-10-19 /ejn/EJN_Error.aspx -
2014-10-19 /ejn/EJN_Home.aspx -
2014-10-19 /ejn/ejn_contactpointdetail.aspx -
2014-10-19 /ejn/EJN_Home.aspx -
2014-10-19 /ejn/ejn_home.aspx -
2014-10-19 /ejn/libshowdocument.aspx Id=13&Lang=EN
2014-10-19 /ejn/ -
2014-10-19 /ejn/EJN_AtlasAdvanced.aspx -
2014-10-19 /ejn/libshowdocument.aspx Id=13&Lang=EN
2014-10-19 /ejn/ejn_home.aspx -
2014-10-19 /ejn/ejn_home.aspx -
2014-10-19 /ejn/EJN_Home.aspx -
2014-10-19 /ejn/EJN_Home.aspx -
2014-10-19 /ejn/ -
2014-10-19 /ejn/ejn_home.aspx -
2014-10-19 /ejn/ejn_contactpointdetail.aspx -
2014-10-19 /ejn/EJN_Error.aspx -
2014-10-19 /ejn/EJN_Home.aspx -
2014-10-19 /ejn/AtlasChooseCountry.aspx Type=2
2014-10-19 /ejn/AtlasChooseCountry.aspx Type=2
2014-10-19 /ejn/AtlasChooseMeasure.aspx MP=0&Cou=239
2014-10-19 /ejn/AtlasChooseCountry.aspx Type=2
2014-10-19 /ejn/AtlasChooseCountry.aspx Type=2
2014-10-19 /ejn/AtlasChooseMeasure.aspx MP=0&Cou=354
2014-10-19 /ejn/AtlasChooseMeasure.aspx MP=0&Cou=354
2014-10-19 /ejn/AtlasChooseMeasure.aspx MP=0&Cou=354
2014-10-19 /ejn/AtlasSelection.aspx -
2014-10-19 /ejn/AtlasSelection.aspx -
2014-10-19 /ejn/AtlasSelection.aspx -
2014-10-19 /ejn/AtlasSelection.aspx -
2014-10-19 /ejn/AtlasSelection.aspx -
2014-10-19 /ejn/AtlasChooseAuthority.aspx -
2014-10-19 /ejn/EJN_Compendium.aspx -
2014-10-19 /ejn/EJN_Home.aspx -
2014-10-19 /ejn/AtlasChooseAuthority.aspx/GetLocations -
2014-10-19 /ejn/AtlasChooseAuthority.aspx/GetLocations -
2014-10-19 /ejn/AtlasChooseAuthority.aspx/GetLocations -
2014-10-19 /ejn/AtlasChooseAuthority.aspx -
2014-10-19 /ejn/AtlasAuthorityData.aspx Id=3810
2014-10-19 /ejn/ejn_home.aspx -
2014-10-19 /ejn/AtlasChooseAuthority.aspx -
2014-10-19 /ejn/ -
2014-10-19 /ejn/AtlasChooseAuthority.aspx -
2014-10-19 /ejn/EJN_Home.aspx -
2014-10-19 /ejn/EJN_Home.aspx -
2014-10-19 /ejn/AtlasChooseAuthority.aspx/GetLocations -
2014-10-19 /ejn/AtlasChooseAuthority.aspx/GetLocations -
2014-10-19 /ejn/EJN_StaticPage.aspx Bread=24
2014-10-19 /ejn/EJN_Home.aspx -
2014-10-19 /ejn/ejn_contactpointdetail.aspx -
2014-10-19 /ejn/EJN_Error.aspx -
2014-10-19 /ejn/EJN_Home.aspx -
2014-10-19 /ejn/AtlasChooseAuthority.aspx -
2014-10-19 /ejn/AtlasAuthorityData.aspx Id=3810
2014-10-19 /ejn/AtlasChooseMeasure.aspx MP=0&Cou=354
2014-10-19 /ejn/AtlasChooseMeasure.aspx MP=0&Cou=354
2014-10-19 /ejn/AtlasChooseMeasure.aspx MP=0&Cou=354
2014-10-19 /ejn/AtlasSelection.aspx -
2014-10-19 /ejn/AtlasSelection.aspx -
2014-10-19 /ejn/AtlasSelection.aspx -
2014-10-19 /ejn/AtlasSelection.aspx -
2014-10-19 /ejn/AtlasSelection.aspx -
2014-10-19 /ejn/AtlasChooseAuthority.aspx -
2014-10-19 /ejn/AtlasChooseAuthority.aspx/GetLocations -
2014-10-19 /ejn/AtlasChooseAuthority.aspx -
2014-10-19 /ejn/AtlasAuthorityData.aspx Id=3810
2014-10-19 /fckeditor/editor/filemanager/connectors/aspx/upload.aspx -
2014-10-19 /fckeditor/editor/filemanager/upload/aspx/upload.aspx -
2014-10-19 /fckeditor/editor/filemanager/connectors/aspx/connector.aspx -
2014-10-19 /fckeditor/editor/filemanager/browser/default/connectors/aspx/connector.aspx -
2014-10-19 /includes/fckeditor/editor/filemanager/browser/default/connectors/aspx/connector.aspx -
2014-10-19 /includes/fckeditor/editor/filemanager/connectors/aspx/upload.aspx -
2014-10-19 /ejn/AtlasAuthorityData.aspx Id=3810
2014-10-19 /includes/fckeditor/editor/filemanager/upload/aspx/upload.aspx -
2014-10-19 /includes/fckeditor/editor/filemanager/connectors/aspx/connector.aspx -
2014-10-19 /admin/fckeditor/editor/filemanager/browser/default/connectors/aspx/connector.aspx -
2014-10-19 /admin/fckeditor/editor/filemanager/connectors/aspx/connector.aspx -
2014-10-19 /ejn/AtlasAuthorityData.aspx Id=3810
2014-10-19 /admin/fckeditor/editor/filemanager/connectors/aspx/upload.aspx -
2014-10-19 /admin/fckeditor/editor/filemanager/upload/aspx/upload.aspx -
2014-10-19 /ckeditor/ckfinder/core/connector/aspx/connector.aspx -
2014-10-19 /ejn/AtlasAuthorityData.aspx Id=3810
2014-10-19 /ejn/ejn_home.aspx -
2014-10-19 /ejn/NewsDetail.aspx id=86&Ori=H
2014-10-19 /ejn/EJN_Home.aspx -
2014-10-19 /ejn/libshowdocument.aspx Id=202&Lang=EN
2014-10-19 /ejn/EJN_AtlasAdvancedOld.aspx ctyCode=SK
2014-10-19 /ejn/EJN_Home.aspx -
2014-10-19 /ejn/EJN_SubscribeNewsLetter.aspx -
2014-10-19 /ejn/EJN_Home.aspx -
2014-10-19 /ejn/EJN_Home.aspx -
2014-10-19 /ejn/ -
2014-10-19 /ejn/ -
2014-10-19 /ejn/EJN_ContactUs.aspx &KeepThis=true&TB_iframe=true&height=650&width=900
2014-10-19 /ejn/AtlasChooseMeasure.aspx MP=0&Cou=337
2014-10-19 /ejn/EJN_Home.aspx -
2014-10-19 /ejn/ -
2014-10-19 /ejn/Events.aspx event=267
2014-10-19 /ejn/EJN_Home.aspx -
2014-10-19 /ejn/EJN_Secretariat.aspx -
2014-10-19 /ejn/EJN_StaticPage.aspx Bread=39
2014-10-19 /ejn/EJN_Secretariat.aspx -
2014-10-19 /ejn/libcategories.aspx -
2014-10-19 /ejn/EJN_Home.aspx -
2014-10-19 /ejn/libdocumentproperties.aspx Id=390
2014-10-19 /ejn/EJN_Home.aspx -
2014-10-19 /ejn/EJN_Home.aspx -
2014-10-19 /contact_points.aspx -
2014-10-19 /ejn/ -
2014-10-19 /ejn/EJN_StaticPage.aspx Bread=2
2014-10-19 /ejn/ -
2014-10-19 /ejn/EJN_StaticPage.aspx Bread=12
2014-10-19 /ejn/AtlasChooseCountry.aspx Type=1
2014-10-19 /ejn/ -
2014-10-19 /ejn/EJN_Home.aspx -
2014-10-19 /default.aspx -
2014-10-19 /contact_points.aspx -
2014-10-19 /ejn/ -
2014-10-19 /ejn/EJN_AtlasAdvanced.aspx -
2014-10-19 /ejn/EJN_Home.aspx -
2014-10-19 /ejn/EJN_Home.aspx -
2014-10-19 /ejn/ejn_contactpointdetail.aspx -
2014-10-19 /ejn/EJN_Home.aspx -
2014-10-19 /ejn/AtlasChooseMeasure.aspx Mp=1&Cou=DK&Type=2
2014-10-19 /ejn/AtlasChooseMeasure.aspx Mp=1&Cou=DK&Type=2
2014-10-19 /ejn/AtlasChooseMeasure.aspx Mp=1&Cou=DK&Type=2
2014-10-19 /ejn/AtlasSelection.aspx -
2014-10-19 /ejn/AtlasSelection.aspx -
2014-10-19 /ejn/AtlasSelection.aspx -
2014-10-19 /ejn/AtlasAuthorityData.aspx Id=2305
2014-10-19 /ejn/AtlasChooseMeasure.aspx Mp=1&Cou=DK&Type=2
2014-10-19 /ejn/AtlasChooseMeasure.aspx Mp=1&Cou=DK&Type=2
2014-10-19 /ejn/AtlasChooseMeasure.aspx Mp=1&Cou=DK&Type=2
2014-10-19 /ejn/AtlasChooseMeasure.aspx Mp=1&Cou=DK&Type=2
2014-10-19 /ejn/AtlasSelection.aspx -
2014-10-19 /ejn/AtlasSelection.aspx -
2014-10-19 /ejn/AtlasSelection.aspx -
2014-10-19 /ejn/AtlasChooseAuthority.aspx -
2014-10-19 /ejn/ -
2014-10-19 /ejn/EJN_StaticPage.aspx Bread=2
2014-10-19 /ejn/EJN_Home.aspx -
2014-10-19 /ejn/EJN_StaticPage.aspx Bread=10
2014-10-19 /ejn/libcategories.aspx Id=44
2014-10-19 /ejn/EJN_StaticPage.aspx Bread=17
2014-10-19 /ejn/EJN_StaticPage.aspx Bread=17
2014-10-19 /ejn/libshowdocument.aspx Id=421&Lang=RO
2014-10-19 /ejn/EJN_Home.aspx -
2014-10-19 /ejn/EJN_StaticPage.aspx Bread=17
2014-10-19 /ejn/EJN_Home.aspx -
2014-10-19 /ejn/ejn_contactpointsnew.aspx -
2014-10-19 /ejn/ -
2014-10-19 /ejn/EJN_StaticPage.aspx Bread=2
2014-10-19 /ejn/libcategories.aspx Id=44
2014-10-19 /ejn/libshowdocument.aspx Id=421&Lang=HR
2014-10-19 /ejn/ejn_home.aspx -
2014-10-19 /ejn/EJN_InfoAbout.aspx Id=432
2014-10-19 /ejn/EJN_Home.aspx -
2014-10-19 /ejn/EJN_StaticPage.aspx Bread=4
2014-10-19 /ejn/EJN_Home.aspx -
2014-10-19 /ejn/EJN_Home.aspx -
2014-10-19 /ejn/ -
2014-10-19 /ejn/ -
2014-10-19 /ejn/EJN_Login.aspx -
2014-10-19 /ejn/ -
2014-10-19 /ejn/AtlasChooseMeasure.aspx Mp=1&Cou=SE&Type=2
2014-10-19 /ejn/EJN_Home.aspx -
2014-10-19 /ejn/ -
2014-10-19 /ejn/EJN_AtlasAdvanced.aspx -
2014-10-19 /ejn/ -
2014-10-19 /ejn/ -
2014-10-19 /ejn/EJN_Home.aspx -
2014-10-19 /ejn/EJN_Home.aspx -
2014-10-19 /ejn/EJN_Home.aspx -
2014-10-19 /ejn/ -
2014-10-19 /ejn/NewsDetail.aspx Ori=H&id=251
2014-10-19 /ejn/EJN_Home.aspx -
2014-10-19 /ejn/EJN_Home.aspx -
2014-10-19 /ejn/EJN_Home.aspx -
2014-10-19 /ejn/EJN_StaticPage.aspx Bread=9
2014-10-19 /ejn/EJN_Home.aspx -
2014-10-19 /ejn/libshowdocument.aspx Id=222&Lang=LT
2014-10-19 /ejn/NewsDetail.aspx id=284&Ori=H
2014-10-19 /ejn/libcategories.aspx Id=14
2014-10-19 /ejn/libdocumentproperties.aspx Id=1274
2014-10-19 /ejn/libdocumentproperties.aspx Id=1274
2014-10-19 /ejn/EJN_EAWAtlas.aspx -
2014-10-19 /ejn/EJN_Error.aspx -
2014-10-19 /ejn/EJN_EAWWizard.aspx -
2014-10-19 /ejn/ctrls.eawwizard/IframeEngine.aspx -
2014-10-19 /ejn/EJN_StaticPage.aspx Bread=12
2014-10-19 /ejn/ -
2014-10-19 /ejn/EJN_StaticPage.aspx Bread=2
2014-10-19 /ejn/AtlasChooseCountry.aspx Type=1
2014-10-19 /ejn/AtlasChooseMeasure.aspx MP=0&Cou=287
2014-10-19 /ejn/AtlasSelection.aspx -
2014-10-19 /ejn/AtlasAuthorityData.aspx Id=2587
2014-10-19 /ejn/AtlasAuthorityData.aspx Id=2587
2014-10-19 /ejn/AtlasAuthorityData.aspx Id=2587
2014-10-19 /ejn/AtlasAuthorityData.aspx Id=2587
2014-10-19 /ejn/AtlasChooseMeasure.aspx MP=0&Cou=432
2014-10-19 /ejn/AtlasChooseCountry.aspx Type=1
2014-10-19 /ejn/AtlasChooseMeasure.aspx MP=0&Cou=351
2014-10-19 /ejn/AtlasSelection.aspx -
2014-10-19 /ejn/AtlasChooseAuthority.aspx -
2014-10-19 /ejn/EJN_Home.aspx -
2014-10-19 /ejn/AtlasChooseAuthority.aspx/GetLocations -
2014-10-19 /ejn/AtlasChooseAuthority.aspx -
2014-10-19 /ejn/libcategories.aspx Id=14
2014-10-19 /ejn/libdocumentproperties.aspx Id=584
2014-10-19 /ejn/libdocumentproperties.aspx Id=584
2014-10-19 /ejn/ -
2014-10-19 /ejn/EJN_Home.aspx -
2014-10-19 /ejn/ -
2014-10-19 /ejn/EJN_AtlasAdvanced.aspx -
2014-10-19 /ejn/EJN_Home.aspx -
2014-10-19 /ejn/EJN_Home.aspx -
2014-10-19 /ejn/EJN_Home.aspx -
2014-10-19 /ejn/ -
2014-10-19 /ejn/ejn_login.aspx -
2014-10-19 /ejn/EJN_Home.aspx -
2014-10-19 /ejn/EJN_Home.aspx -
2014-10-19 /ejn/libcategories.aspx Id=2
2014-10-19 /ejn/EJN_Home.aspx -
2014-10-19 /ejn/Events.aspx event=215
2014-10-19 /ejn/EJN_Home.aspx -
2014-10-19 /ejn/ -
2014-10-19 /ejn/EJN_AtlasAdvanced.aspx -
2014-10-19 /ejn/ejn_infoabout.aspx -
2014-10-19 /ejn/EJN_Home.aspx -
2014-10-19 /ejn/EJN_AtlasAdvanced.aspx -
2014-10-19 /ejn/NewsDetail.aspx id=285&Ori=H
2014-10-19 /ejn/EJN_Home.aspx -
2014-10-19 /ejn/EJN_Home.aspx -
2014-10-19 /ejn/libshowdocument.aspx Id=222&Lang=LT
2014-10-19 /ejn/libshowdocument.aspx Id=1&Lang=FI
2014-10-19 /ejn/EJN_Home.aspx -
2014-10-19 /ejn/EJN_FichesBelges.aspx -
2014-10-19 /ejn/EJN_Home.aspx -
