2014-10-25 /ejn/ -
2014-10-25 /ejn/libdocumentproperties.aspx Id=1365
2014-10-25 /ejn/EJN_Home.aspx -
2014-10-25 /ejn/ -
2014-10-25 /ejn/EJN_Home.aspx -
2014-10-25 /ejn/EJN_AtlasAdvanced.aspx -
2014-10-25 /ejn/EJN_Home.aspx -
2014-10-25 /ejn/libdocumentproperties.aspx Id=1366
2014-10-25 /ejn/libdocumentproperties.aspx Id=1367
2014-10-25 /ejn/newsdetail.aspx Id=248
2014-10-25 /ejn/newsdetail.aspx Id=249
2014-10-25 /ejn/EJN_Home.aspx -
2014-10-25 /ejn/ -
2014-10-25 /ejn/EJN_Home.aspx -
2014-10-25 /ejn/ -
2014-10-25 /ejn/EJN_Home.aspx -
2014-10-25 /ejn/ -
2014-10-25 /ejn/EJN_AtlasAdvanced.aspx -
2014-10-25 /ejn/EJN_Home.aspx -
2014-10-25 /ejn/EJN_Home.aspx -
2014-10-25 /ejn/ -
2014-10-25 /ejn/ -
2014-10-25 /ejn/EJN_Home.aspx -
2014-10-25 /ejn/EJN_Home.aspx -
2014-10-25 /ejn/EJN_Home.aspx -
2014-10-25 /ejn/ -
2014-10-25 /ejn/ -
2014-10-25 /ejn/EJN_Home.aspx -
2014-10-25 /ejn/ -
2014-10-25 /ejn/Events.aspx event=129
2014-10-25 /ejn/EJN_Home.aspx -
2014-10-25 /ejn/EJN_Home.aspx -
2014-10-25 /ejn/EJN_Home.aspx -
2014-10-25 /ejn/EJN_Home.aspx -
2014-10-25 /ejn/EJN_Home.aspx -
2014-10-25 /ejn/EJN_Home.aspx -
2014-10-25 /ejn/EJN_Home.aspx -
2014-10-25 /ejn/ -
2014-10-25 /ejn/EJN_Login.aspx -
2014-10-25 /ejn/EJN_Home.aspx -
2014-10-25 /ejn/EJN_Home.aspx -
2014-10-25 /ejn/EJN_Home.aspx -
2014-10-25 /ejn/ -
2014-10-25 /ejn/EJN_Home.aspx -
2014-10-25 /ejn/EJN_Home.aspx -
2014-10-25 /ejn/EJN_Home.aspx -
2014-10-25 /ejn/ -
2014-10-25 /ejn/EJN_Home.aspx -
2014-10-25 /ejn/EJN_AtlasAdvanced.aspx -
2014-10-25 /ejn/ -
2014-10-25 /ejn/EJN_Home.aspx -
2014-10-25 /ejn/EJN_StaticPage.aspx Bread=4
2014-10-25 /ejn/EJN_Home.aspx -
2014-10-25 /ejn/EJN_Home.aspx -
2014-10-25 /ejn/ -
2014-10-25 /ejn/Events.aspx event=264
2014-10-25 /ejn/EJN_Home.aspx -
2014-10-25 /ejn/ -
2014-10-25 /ejn/EJN_Home.aspx -
2014-10-25 /ejn/EJN_AtlasAdvanced.aspx -
2014-10-25 /ejn/Events.aspx event=268
2014-10-25 /ejn/EJN_Home.aspx -
2014-10-25 /ejn/EJN_Home.aspx -
2014-10-25 /ejn/Events.aspx event=75
2014-10-25 /ejn/EJN_Home.aspx -
2014-10-25 /ejn/newsdetail.aspx Id=257
2014-10-25 /ejn/newsdetail.aspx Id=251
2014-10-25 /ejn/EJN_Home.aspx -
2014-10-25 /ejn/libdocumentproperties.aspx Id=1380
2014-10-25 /ejn/libdocumentproperties.aspx Id=1386
2014-10-25 /ejn/EJN_Home.aspx -
2014-10-25 /ejn/ -
2014-10-25 /ejn/libdocumentproperties.aspx Id=1387
2014-10-25 /ejn/libshowdocument.aspx Id=421&Lang=HR
2014-10-25 /ejn/libdocumentproperties.aspx Id=1384
2014-10-25 /ejn/libdocumentproperties.aspx Id=1388
2014-10-25 /ejn/libdocumentproperties.aspx Id=1392
2014-10-25 /ejn/libdocumentproperties.aspx Id=1398
2014-10-25 /ejn/libdocumentproperties.aspx Id=1391
2014-10-25 /ejn/libdocumentproperties.aspx Id=1390
2014-10-25 /ejn/libdocumentproperties.aspx Id=1394
2014-10-25 /ejn/newsdetail.aspx Id=269
2014-10-25 /ejn/newsdetail.aspx Id=262
2014-10-25 /ejn/newsdetail.aspx Id=266
2014-10-25 /ejn/libdocumentproperties.aspx Id=1404
2014-10-25 /ejn/libshowdocument.aspx Id=219&Lang=LT
2014-10-25 /ejn/newsdetail.aspx Id=270
2014-10-25 /ejn/newsdetail.aspx Id=272
2014-10-25 /ejn/ -
2014-10-25 /ejn/EJN_Home.aspx -
2014-10-25 /ejn/EJN_Home.aspx -
2014-10-25 /ejn/EJN_Home.aspx -
2014-10-25 /ejn/EJN_Home.aspx -
2014-10-25 /ejn/EJN_Home.aspx -
2014-10-25 /ejn/ -
2014-10-25 /ejn/EJN_Home.aspx -
2014-10-25 /ejn/EJN_Home.aspx -
2014-10-25 /ejn/EJN_FichesBelges.aspx -
2014-10-25 /ejn/EJN_Home.aspx -
2014-10-25 /ejn/libdocumentproperties.aspx Id=1407
2014-10-25 /ejn/libdocumentproperties.aspx Id=1171
2014-10-25 /ejn/libdocumentproperties.aspx Id=1405
2014-10-25 /ejn/libshowdocument.aspx Id=244&Lang=RO
2014-10-25 /ejn/libshowdocument.aspx Id=244&Lang=BG
2014-10-25 /ejn/ -
2014-10-25 /ejn/EJN_Home.aspx -
2014-10-25 /ejn/newsdetail.aspx Id=276
2014-10-25 /ejn/newsdetail.aspx Id=274
2014-10-25 /ejn/newsdetail.aspx Id=275
2014-10-25 /ejn/EJN_AtlasAdvanced.aspx -
2014-10-25 /ejn/libdocumentproperties.aspx Id=1410
2014-10-25 /ejn/libdocumentproperties.aspx Id=1411
2014-10-25 /ejn/libdocumentproperties.aspx Id=1412
2014-10-25 /ejn/libdocumentproperties.aspx Id=1413
2014-10-25 /ejn/libdocumentproperties.aspx Id=1418
2014-10-25 /ejn/newsdetail.aspx Id=286
2014-10-25 /ejn/newsdetail.aspx Id=284
2014-10-25 /ejn/libdocumentproperties.aspx Id=1417
2014-10-25 /ejn/libdocumentproperties.aspx Id=1408
2014-10-25 /ejn/newsdetail.aspx Id=283
2014-10-25 /ejn/newsdetail.aspx Id=285
2014-10-25 /ejn/libdocumentproperties.aspx Id=1453
2014-10-25 /ejn/libdocumentproperties.aspx Id=1454
2014-10-25 /ejn/newsdetail.aspx Id=291
2014-10-25 /ejn/newsdetail.aspx Id=293
2014-10-25 /ejn/newsdetail.aspx Id=298
2014-10-25 /ejn/newsdetail.aspx Id=292
2014-10-25 /ejn/newsdetail.aspx Id=287
2014-10-25 /ejn/newsdetail.aspx Id=294
2014-10-25 /ejn/EJN_Home.aspx -
2014-10-25 /ejn/ -
2014-10-25 /ejn/ -
2014-10-25 /ejn/EJN_AtlasAdvanced.aspx -
2014-10-25 /ejn/libcategories.aspx Id=11
2014-10-25 /ejn/libcategories.aspx Id=12
2014-10-25 /ejn/libcategories.aspx Id=21
2014-10-25 /ejn/libcategories.aspx Id=51
2014-10-25 /ejn/libcategories.aspx Id=13
2014-10-25 /ejn/libcategories.aspx Id=20
2014-10-25 /ejn/libcategories.aspx Id=10
2014-10-25 /ejn/libcategories.aspx Id=9
2014-10-25 /ejn/libdocumentproperties.aspx Id=1250
2014-10-25 /ejn/libdocumentproperties.aspx Id=1276
2014-10-25 /ejn/libshowdocument.aspx Id=1250&Lang=FR
2014-10-25 /ejn/libshowdocument.aspx Id=1250&Lang=EN
2014-10-25 /ejn/libshowdocument.aspx Id=1276&Lang=BG
2014-10-25 /ejn/libshowdocument.aspx Id=1276&Lang=DK
2014-10-25 /ejn/libshowdocument.aspx Id=1276&Lang=EN
2014-10-25 /ejn/libshowdocument.aspx Id=1276&Lang=CS
2014-10-25 /ejn/libshowdocument.aspx Id=1276&Lang=ES
2014-10-25 /ejn/libshowdocument.aspx Id=1276&Lang=ET
2014-10-25 /ejn/libshowdocument.aspx Id=1276&Lang=FI
2014-10-25 /ejn/libshowdocument.aspx Id=1276&Lang=HU
2014-10-25 /ejn/libshowdocument.aspx Id=1276&Lang=DE
2014-10-25 /ejn/libshowdocument.aspx Id=1276&Lang=IT
2014-10-25 /ejn/libshowdocument.aspx Id=1276&Lang=LT
2014-10-25 /ejn/libshowdocument.aspx Id=1276&Lang=LV
2014-10-25 /ejn/libshowdocument.aspx Id=1276&Lang=MT
2014-10-25 /ejn/libshowdocument.aspx Id=1276&Lang=NL
2014-10-25 /ejn/libshowdocument.aspx Id=1276&Lang=PT
2014-10-25 /ejn/libshowdocument.aspx Id=1276&Lang=PL
2014-10-25 /ejn/libshowdocument.aspx Id=1276&Lang=EL
2014-10-25 /ejn/libshowdocument.aspx Id=1276&Lang=FR
2014-10-25 /ejn/libshowdocument.aspx Id=1276&Lang=SL
2014-10-25 /ejn/libshowdocument.aspx Id=1276&Lang=SV
2014-10-25 /ejn/libshowdocument.aspx Id=1276&Lang=RO
2014-10-25 /ejn/libshowdocument.aspx Id=1276&Lang=SK
2014-10-25 /ejn/ -
2014-10-25 /ejn/EJN_AtlasAdvanced.aspx -
2014-10-25 /ejn/ -
2014-10-25 /ejn/EJN_Home.aspx -
2014-10-25 /ejn/EJN_Home.aspx -
2014-10-25 /ejn/EJN_Home.aspx -
2014-10-25 /ejn/EJN_Home.aspx -
2014-10-25 /ejn/libshowdocument.aspx Id=1276&Lang=HR
2014-10-25 /ejn/EJN_Home.aspx -
2014-10-25 /ejn/EJN_Home.aspx -
2014-10-25 /ejn/EJN_Home.aspx -
2014-10-25 /ejn/ -
2014-10-25 /news.aspx -
2014-10-25 /ejn/EJN_Home.aspx -
2014-10-25 /ejn/ejn_home.aspx -
2014-10-25 /ejn/EJN_Home.aspx -
2014-10-25 /ejn/ -
2014-10-25 /ejn/ ++Culture:ROSessionId:brdv4ejifgdvb0itbmn0osgdDate_Time:04:40
2014-10-25 /ejn/ -
2014-10-25 /ejn/EJN_InfoAbout.aspx Id=389
2014-10-25 /ejn/EJN_Search.aspx -
2014-10-25 /ejn/EJN_Home.aspx -
2014-10-25 /ejn/EJN_Home.aspx -
2014-10-25 /ejn/EJN_Home.aspx -
2014-10-25 /ejn/ -
2014-10-25 /ejn/EJN_Home.aspx -
2014-10-25 /ejn/EJN_Home.aspx -
2014-10-25 /ejn/EJN_Home.aspx -
2014-10-25 /ejn/ -
2014-10-25 /ejn/libshowdocument.aspx Id=219&Lang=FI
2014-10-25 /ejn/ -
2014-10-25 /ejn/EJN_Home.aspx -
2014-10-25 /ejn/EJN_AtlasAdvanced.aspx -
2014-10-25 /ejn/EJN_Home.aspx -
2014-10-25 /ejn/ -
2014-10-25 /ejn/EJN_Home.aspx -
2014-10-25 /ejn/EJN_Home.aspx -
2014-10-25 /ejn/EJN_Home.aspx -
2014-10-25 /ejn/EJN_Home.aspx -
2014-10-25 /ejn/ -
2014-10-25 /ejn/EJN_Home.aspx -
2014-10-25 /ejn/ -
2014-10-25 /ejn/ -
2014-10-25 /ejn/EJN_Home.aspx -
2014-10-25 /ejn/EJN_Faqs.aspx -
2014-10-25 /ejn/ -
2014-10-25 /ejn/EJN_Home.aspx -
2014-10-25 /ejn/sitemap.aspx -
2014-10-25 /ejn/EJN_Search.aspx -
2014-10-25 /ejn/EJN_ContactUs.aspx &KeepThis=true&TB_iframe=true&height=650&width=900
2014-10-25 /ejn/EJN_StaticPage.aspx Bread=8
2014-10-25 /ejn/EJN_StaticPage.aspx Bread=4
2014-10-25 /ejn/ejn_home.aspx -
2014-10-25 /ejn/EJN_StaticPage.aspx Bread=7
2014-10-25 /ejn/ -
2014-10-25 /ejn/EJN_StaticPage.aspx Bread=39
2014-10-25 /ejn/libcategories.aspx Id=24
2014-10-25 /ejn/EJN_StaticPage.aspx Bread=9
2014-10-25 /ejn/libcategories.aspx Id=32
2014-10-25 /ejn/libcategories.aspx Id=34
2014-10-25 /ejn/EJN_StaticPage.aspx Bread=2
2014-10-25 /ejn/libcategories.aspx Id=14
2014-10-25 /ejn/AtlasChooseMeasure.aspx MP=1&Cou=UK&Type=2
2014-10-25 /ejn/libcategories.aspx Id=25
2014-10-25 /ejn/EJN_AtlasAdvanced.aspx -
2014-10-25 /ejn/EJN_StaticPage.aspx Bread=16
2014-10-25 /ejn/EJN_StaticPage.aspx Bread=10
2014-10-25 /ejn/EJN_Secretariat.aspx -
2014-10-25 /ejn/Gallery.aspx -
2014-10-25 /ejn/EJN_StaticPage.aspx Bread=14
2014-10-25 /ejn/EJN_StaticPage.aspx Bread=27
2014-10-25 /ejn/EJN_StaticPage.aspx Bread=17
2014-10-25 /ejn/EJN_StaticPage.aspx Bread=28
2014-10-25 /ejn/EJN_StaticPage.aspx Bread=21
2014-10-25 /ejn/EJN_StaticPage.aspx Bread=13
2014-10-25 /ejn/EJN_StaticPage.aspx Bread=34
2014-10-25 /ejn/EJN_StaticPage.aspx Bread=18
2014-10-25 /ejn/EJN_StaticPage.aspx Bread=33
2014-10-25 /ejn/EJN_StaticPage.aspx Bread=32
2014-10-25 /ejn/EJN_StaticPage.aspx Bread=20
2014-10-25 /ejn/EJN_StaticPage.aspx Bread=25
2014-10-25 /ejn/EJN_StaticPage.aspx Bread=24
2014-10-25 /ejn/EJN_StaticPage.aspx Bread=35
2014-10-25 /ejn/EJN_StaticPage.aspx Bread=31
2014-10-25 /ejn/EJN_StaticPage.aspx Bread=30
2014-10-25 /ejn/EJN_StaticPage.aspx Bread=38
2014-10-25 /ejn/NewsDetail.aspx id=292&Ori=H
2014-10-25 /ejn/EJN_StaticPage.aspx Bread=26
2014-10-25 /ejn/EJN_StaticPage.aspx Bread=19
2014-10-25 /ejn/EJN_StaticPage.aspx Bread=36
2014-10-25 /ejn/EJN_StaticPage.aspx Bread=23
2014-10-25 /ejn/NewsDetail.aspx id=291&Ori=H
2014-10-25 /ejn/NewsDetail.aspx id=298&Ori=H
2014-10-25 /ejn/EJN_StaticPage.aspx Bread=22
2014-10-25 /ejn/EJN_StaticPage.aspx Bread=37
2014-10-25 /ejn/Events.aspx id=6
2014-10-25 /ejn/NewsDetail.aspx id=284&Ori=H
2014-10-25 /ejn/NewsDetail.aspx id=272&Ori=H
2014-10-25 /ejn/NewsDetail.aspx id=283&Ori=H
2014-10-25 /ejn/NewsDetail.aspx id=287&Ori=H
2014-10-25 /ejn/NewsDetail.aspx id=276&Ori=H
2014-10-25 /ejn/Events.aspx id=7
2014-10-25 /ejn/Events.aspx event=273
2014-10-25 /ejn/NewsDetail.aspx id=270&Ori=H
2014-10-25 /ejn/NewsDetail.aspx id=285&Ori=H
2014-10-25 /ejn/NewsAll.aspx -
2014-10-25 /ejn/NewsAll.aspx Id=4
2014-10-25 /ejn/Events.aspx event=268
2014-10-25 /ejn/NewsAll.aspx Id=3
2014-10-25 /ejn/Events.aspx event=264
2014-10-25 /ejn/NewsAll.aspx Id=2
2014-10-25 /ejn/Events.aspx Id=7
2014-10-25 /ejn/NewsAll.aspx Id=5
2014-10-25 /ejn/Events.aspx Id=6
2014-10-25 /ejn/NewsAll.aspx Id=1
2014-10-25 /ejn/EJN_InfoAbout.aspx Id=239
2014-10-25 /ejn/EJN_InfoAbout.aspx Id=223
2014-10-25 /ejn/EJN_InfoAbout.aspx Id=432
2014-10-25 /ejn/EJN_InfoAbout.aspx Id=258
2014-10-25 /ejn/Events.aspx -
2014-10-25 /ejn/EJN_InfoAbout.aspx Id=230
2014-10-25 /ejn/EJN_SubscribeNewsLetter.aspx -
2014-10-25 /ejn/EJN_Home.aspx -
2014-10-25 /ejn/EJN_InfoAbout.aspx Id=293
2014-10-25 /ejn/EJN_InfoAbout.aspx Id=277
2014-10-25 /ejn/EJN_InfoAbout.aspx Id=260
2014-10-25 /ejn/EJN_InfoAbout.aspx Id=259
2014-10-25 /ejn/EJN_InfoAbout.aspx Id=272
2014-10-25 /ejn/EJN_Home.aspx -
2014-10-25 /ejn/EJN_InfoAbout.aspx Id=287
2014-10-25 /ejn/EJN_InfoAbout.aspx Id=269
2014-10-25 /ejn/EJN_InfoAbout.aspx Id=279
2014-10-25 /ejn/EJN_InfoAbout.aspx Id=273
2014-10-25 /ejn/EJN_InfoAbout.aspx Id=295
2014-10-25 /ejn/EJN_InfoAbout.aspx Id=351
2014-10-25 /ejn/EJN_InfoAbout.aspx Id=368
2014-10-25 /ejn/EJN_InfoAbout.aspx Id=314
2014-10-25 /ejn/EJN_InfoAbout.aspx Id=352
2014-10-25 /ejn/EJN_InfoAbout.aspx Id=307
2014-10-25 /ejn/EJN_InfoAbout.aspx Id=321
2014-10-25 /ejn/EJN_InfoAbout.aspx Id=337
2014-10-25 /ejn/EJN_InfoAbout.aspx Id=313
2014-10-25 /ejn/EJN_InfoAbout.aspx Id=354
2014-10-25 /ejn/EJN_InfoAbout.aspx Id=369
2014-10-25 /ejn/EJN_InfoAbout.aspx Id=215
2014-10-25 /ejn/EJN_InfoAbout.aspx Id=378
2014-10-25 /ejn/EJN_InfoAbout.aspx Id=389
2014-10-25 /ejn/EJN_InfoAbout.aspx Id=433
2014-10-25 /ejn/EJN_InfoAbout.aspx Id=373
2014-10-25 /ejn/EJN_InfoAbout.aspx Id=434
2014-10-25 /ejn/EJN_InfoAbout.aspx Id=364
2014-10-25 /ejn/EJN_InfoAbout.aspx Id=395
2014-10-25 /ejn/EJN_InfoAbout.aspx Id=288
2014-10-25 /ejn/EJN_InfoAbout.aspx Id=435
2014-10-25 /ejn/EJN_EAWWizard.aspx -
2014-10-25 /ejn/EJN_FichesBelges.aspx -
2014-10-25 /ejn/EJN_InfoAbout.aspx Id=430
2014-10-25 /ejn/AtlasChooseCountry.aspx Type=2
2014-10-25 /ejn/EJN_InfoAbout.aspx Id=342
2014-10-25 /ejn/AtlasChooseCountry.aspx Type=1
2014-10-25 /ejn/EJN_Login.aspx -
2014-10-25 /ejn/EJN_StaticPage.aspx Bread=3
2014-10-25 /ejn/EJN_StaticPage.aspx Bread=1
2014-10-25 /ejn/EJN_Compendium.aspx -
2014-10-25 /EAW_atlas.aspx -
2014-10-25 /ejn/EJN_QuickLinks.aspx -
2014-10-25 /ejn/EJN_QuickLinks.aspx id=24
2014-10-25 /ejn/EJN_QuickLinks.aspx id=28
2014-10-25 /ejn/EJN_StaticPage.aspx Bread=12
2014-10-25 /ejn/libcategories.aspx -
2014-10-25 /ejn/EJN_QuickLinks.aspx id=26
2014-10-25 /ejn/EJN_StaticPage.aspx Bread=11
2014-10-25 /ejn/EJN_QuickLinks.aspx id=27
2014-10-25 /ejn/EJN_QuickLinks.aspx id=25
2014-10-25 /ejn/EJN_QuickLinks.aspx id=23
2014-10-25 /ejn/EJN_Home.aspx -
2014-10-25 /ejn/EJN_AtlasAdvanced.aspx -
2014-10-25 /ejn/ejn_staticpage.aspx Bread=8
2014-10-25 /ejn/ejn_staticpage.aspx Bread=7
2014-10-25 /ejn/EJN_Faqs.aspx cat=1
2014-10-25 /ejn/ejn_search.aspx -
2014-10-25 /ejn/libcategories.aspx Id=2
2014-10-25 /ejn/EJN_StaticPage.aspx Bread=5
2014-10-25 /ejn/EJN_EAWAtlas.aspx -
2014-10-25 /ejn/ejn_faqs.aspx -
2014-10-25 /ejn/EJN_Faqs.aspx cat=2
2014-10-25 /ejn/EJN_Home.aspx -
2014-10-25 /ejn/EJN_FichesBelges.aspx -
2014-10-25 /ejn/EJN_Home.aspx -
2014-10-25 /ejn/libshowdocument.aspx Id=95&Lang=BG
2014-10-25 /ejn/libadvancedsearch.aspx -
2014-10-25 /ejn/libcategories.aspx id=1
2014-10-25 /ejn/ejn_staticpage.aspx Bread=4
2014-10-25 /ejn/libdocumentproperties.aspx Id=95
2014-10-25 /ejn/libshowdocument.aspx Id=95&Lang=DE
2014-10-25 /ejn/libshowdocument.aspx Id=95&Lang=CS
2014-10-25 /ejn/libshowdocument.aspx Id=95&Lang=IT
2014-10-25 /ejn/libshowdocument.aspx Id=95&Lang=FI
2014-10-25 /ejn/libshowdocument.aspx Id=95&Lang=DK
2014-10-25 /ejn/libshowdocument.aspx Id=95&Lang=HU
2014-10-25 /ejn/libshowdocument.aspx Id=95&Lang=EL
2014-10-25 /ejn/libshowdocument.aspx Id=95&Lang=HR
2014-10-25 /ejn/libshowdocument.aspx Id=95&Lang=FR
2014-10-25 /ejn/libshowdocument.aspx Id=95&Lang=ET
2014-10-25 /ejn/libshowdocument.aspx Id=95&Lang=ES
2014-10-25 /ejn/libshowdocument.aspx Id=95&Lang=EN
2014-10-25 /ejn/libshowdocument.aspx Id=95&Lang=SK
2014-10-25 /ejn/libshowdocument.aspx Id=95&Lang=MT
2014-10-25 /ejn/libshowdocument.aspx Id=95&Lang=LV
2014-10-25 /ejn/libshowdocument.aspx Id=95&Lang=NL
2014-10-25 /ejn/libshowdocument.aspx Id=95&Lang=SL
2014-10-25 /ejn/libshowdocument.aspx Id=95&Lang=LT
2014-10-25 /ejn/libshowdocument.aspx Id=95&Lang=RO
2014-10-25 /ejn/libshowdocument.aspx Id=95&Lang=PT
2014-10-25 /ejn/libshowdocument.aspx Id=95&Lang=SV
2014-10-25 /ejn/libshowdocument.aspx Id=95&Lang=PL
2014-10-25 /ejn/EJN_Home.aspx -
2014-10-25 /ejn/ -
2014-10-25 /ejn/libdocumentproperties.aspx Id=214
2014-10-25 /ejn/libshowdocument.aspx Id=786&Lang=EN
2014-10-25 /ejn/libshowdocument.aspx Id=214&Lang=MT
2014-10-25 /ejn/libshowdocument.aspx Id=786&Lang=SK
2014-10-25 /ejn/libshowdocument.aspx Id=786&Lang=ET
2014-10-25 /ejn/libshowdocument.aspx Id=214&Lang=EN
2014-10-25 /ejn/libdocumentproperties.aspx Id=786
2014-10-25 /ejn/libshowdocument.aspx Id=214&Lang=SK
2014-10-25 /ejn/libshowdocument.aspx Id=214&Lang=ET
2014-10-25 /ejn/EJN_StaticPage.aspx Bread=39
2014-10-25 /ejn/libshowdocument.aspx Id=786&Lang=MT
2014-10-25 /ejn/libdocumentproperties.aspx Id=339
2014-10-25 /ejn/libdocumentproperties.aspx Id=732
2014-10-25 /ejn/libdocumentproperties.aspx Id=209
2014-10-25 /ejn/libdocumentproperties.aspx Id=338
2014-10-25 /ejn/EJN_Library_StatusOfImpByCat.aspx CategoryId=24
2014-10-25 /ejn/libdocumentproperties.aspx Id=337
2014-10-25 /ejn/libdocumentproperties.aspx Id=1383
2014-10-25 /ejn/libdocumentproperties.aspx Id=341
2014-10-25 /ejn/libdocumentproperties.aspx Id=340
2014-10-25 /ejn/libdocumentproperties.aspx Id=342
2014-10-25 /ejn/libdocumentproperties.aspx Id=343
2014-10-25 /ejn/EJN_Home.aspx -
2014-10-25 /ejn/EJN_Home.aspx -
2014-10-25 /atlas_advanced.aspx -
2014-10-25 /atlas_advanced.aspx -
2014-10-25 /ejn/ -
2014-10-25 /atlas_advanced.aspx -
2014-10-25 /atlas_advanced.aspx -
2014-10-25 /ejn/EJN_Home.aspx -
2014-10-25 /ejn/EJN_Home.aspx -
2014-10-25 /ejn/AtlasChooseCountry.aspx -
2014-10-25 /ejn/EJN_Home.aspx -
2014-10-25 /ejn/ -
2014-10-25 /ejn/ -
2014-10-25 /ejn/EJN_AtlasAdvanced.aspx -
2014-10-25 /ejn/EJN_Home.aspx -
2014-10-25 /ejn/ -
2014-10-25 /ejn/ -
2014-10-25 /ejn/EJN_AtlasAdvanced.aspx -
2014-10-25 /ejn/EJN_Home.aspx -
2014-10-25 /ejn/EJN_Home.aspx -
2014-10-25 /ejn/EJN_Home.aspx -
2014-10-25 /ejn/EJN_Home.aspx -
2014-10-25 /ejn/EJN_Home.aspx -
2014-10-25 /ejn/ -
2014-10-25 /ejn/EJN_Home.aspx -
2014-10-25 /ejn/EJN_Home.aspx -
2014-10-25 /ejn/EJN_Home.aspx -
2014-10-25 /ejn/EJN_Home.aspx -
2014-10-25 /ejn/EJN_Home.aspx -
2014-10-25 /ejn/ -
2014-10-25 /ejn/EJN_Home.aspx -
2014-10-25 /ejn/EJN_Home.aspx -
2014-10-25 /ejn/EJN_Home.aspx -
2014-10-25 /ejn/ -
2014-10-25 /ejn/EJN_Home.aspx -
2014-10-25 /ejn/EJN_AtlasAdvanced.aspx -
2014-10-25 /ejn/EJN_Home.aspx -
2014-10-25 /ejn/ -
2014-10-25 /ejn/libdocumentproperties.aspx Id=80
2014-10-25 /ejn/EJN_Home.aspx -
2014-10-25 /ejn/libshowdocument.aspx Id=13&Lang=EL
2014-10-25 /ejn/EJN_Home.aspx -
2014-10-25 /ejn/EJN_Home.aspx -
2014-10-25 /ejn/EJN_Home.aspx -
2014-10-25 /ejn/EJN_Home.aspx -
2014-10-25 /ejn/ -
2014-10-25 /ejn/EJN_Home.aspx -
2014-10-25 /ejn/ -
2014-10-25 /ejn/EJN_AtlasAdvanced.aspx -
2014-10-25 /ejn/EJN_Home.aspx -
2014-10-25 /ejn/EJN_Home.aspx -
2014-10-25 /ejn/EJN_Home.aspx -
2014-10-25 /ejn/EJN_Home.aspx -
2014-10-25 /ejn/EJN_Home.aspx -
2014-10-25 /ejn/ -
2014-10-25 /ejn/ -
2014-10-25 /ejn/EJN_Home.aspx -
2014-10-25 /ejn/EJN_Home.aspx -
2014-10-25 /ejn/EJN_Home.aspx -
2014-10-25 /ejn/ -
2014-10-25 /ejn/EJN_Home.aspx -
2014-10-25 /ejn/EJN_Home.aspx -
2014-10-25 /ejn/ -
2014-10-25 /ejn/EJN_AtlasAdvanced.aspx -
2014-10-25 /ejn/ -
2014-10-25 /ejn/ -
2014-10-25 /ejn/EJN_Home.aspx -
2014-10-25 /ejn/EJN_Home.aspx -
2014-10-25 /ejn/EJN_Home.aspx -
2014-10-25 /ejn/EJN_AtlasAdvanced.aspx -
2014-10-25 /ejn/AtlasChooseMeasure.aspx Mp=1&Cou=LT&Type=2
2014-10-25 /ejn/EJN_Home.aspx -
2014-10-25 /ejn/EJN_Home.aspx -
2014-10-25 /ejn/EJN_Home.aspx -
2014-10-25 /ejn/ -
2014-10-25 /ejn/EJN_Home.aspx -
2014-10-25 /ejn/EJN_Home.aspx -
2014-10-25 /ejn/EJN_Home.aspx -
2014-10-25 /ejn/EJN_Home.aspx -
2014-10-25 /ejn/EJN_Home.aspx -
2014-10-25 /ejn/ -
2014-10-25 /ejn/EJN_Home.aspx -
2014-10-25 /ejn/EJN_Home.aspx -
2014-10-25 /ejn/ -
2014-10-25 /ejn/EJN_StaticPage.aspx Bread=10
2014-10-25 /ejn/EJN_Home.aspx -
2014-10-25 /ejn/EJN_Home.aspx -
2014-10-25 /ejn/ -
2014-10-25 /ejn/NewsDetail.aspx id=54
2014-10-25 /ejn/EJN_Home.aspx -
2014-10-25 /ejn/EJN_Home.aspx -
2014-10-25 /ejn/ -
2014-10-25 /ejn/EJN_AtlasAdvanced.aspx -
2014-10-25 /ejn/EJN_StaticPage.aspx Bread=2
2014-10-25 /ejn/EJN_Home.aspx -
2014-10-25 /ejn/EJN_Home.aspx -
2014-10-25 /ejn/EJN_Home.aspx -
2014-10-25 /ejn/EJN_Home.aspx -
2014-10-25 /ejn/ -
2014-10-25 /ejn/EJN_AtlasAdvanced.aspx -
2014-10-25 /ejn/EJN_StaticPage.aspx Bread=23
2014-10-25 /ejn/EJN_Home.aspx -
2014-10-25 /ejn/ -
2014-10-25 /ejn/ -
2014-10-25 /ejn/EJN_Home.aspx -
2014-10-25 /ejn/ -
2014-10-25 /ejn/EJN_Home.aspx -
2014-10-25 /ejn/EJN_Home.aspx -
2014-10-25 /ejn/ -
2014-10-25 /ejn/EJN_Home.aspx -
2014-10-25 /ejn/NewsDetail.aspx id=74
2014-10-25 /ejn/EJN_Home.aspx -
2014-10-25 /ejn/EJN_Home.aspx -
2014-10-25 /ejn/ -
2014-10-25 /ejn/NewsAll.aspx Id=1
2014-10-25 /ejn/ -
2014-10-25 /ejn/EJN_Home.aspx -
2014-10-25 /ejn/EJN_StaticPage.aspx Bread=12
2014-10-25 /ejn/EJN_Home.aspx -
2014-10-25 /ejn/EJN_Home.aspx -
2014-10-25 /ejn/EJN_Home.aspx -
2014-10-25 /ejn/EJN_Home.aspx -
2014-10-25 /ejn/EJN_Home.aspx -
2014-10-25 /ejn/ -
2014-10-25 /ejn/EJN_AtlasAdvanced.aspx -
2014-10-25 /ejn/EJN_Home.aspx -
2014-10-25 /ejn/ -
2014-10-25 /ejn/ -
2014-10-25 /ejn/EJN_QuickLinks.aspx id=25
2014-10-25 /ejn/ -
2014-10-25 /ejn/AtlasChooseMeasure.aspx Mp=1&Cou=FR&Type=2
2014-10-25 /ejn/EJN_StaticPage.aspx Bread=1
2014-10-25 /ejn/EJN_Home.aspx -
2014-10-25 /ejn/ -
2014-10-25 /ejn/libcategories.aspx -
2014-10-25 /ejn/libcategories.aspx Id=6
2014-10-25 /ejn/AtlasChooseMeasure.aspx Mp=1&Cou=FR&Type=2
2014-10-25 /ejn/AtlasChooseMeasure.aspx Mp=1&Cou=FR&Type=2
2014-10-25 /ejn/AtlasSelection.aspx -
2014-10-25 /ejn/AtlasSelection.aspx -
2014-10-25 /ejn/NewsDetail.aspx id=298&Ori=H
2014-10-25 /ejn/EJN_SubscribeNewsLetter.aspx -
2014-10-25 /ejn/AtlasSelection.aspx -
2014-10-25 /ejn/EJN_Home.aspx -
2014-10-25 /ejn/AtlasSelection.aspx -
2014-10-25 /ejn/EJN_Home.aspx -
2014-10-25 /ejn/AtlasSelection.aspx -
2014-10-25 /ejn/AtlasChooseAuthority.aspx -
2014-10-25 /ejn/AtlasChooseAuthority.aspx/GetLocations -
2014-10-25 /ejn/AtlasChooseAuthority.aspx/GetLocations -
2014-10-25 /ejn/AtlasChooseAuthority.aspx/GetLocations -
2014-10-25 /ejn/AtlasChooseAuthority.aspx/GetLocations -
2014-10-25 /ejn/EJN_Home.aspx -
2014-10-25 /ejn/AtlasChooseAuthority.aspx/GetLocations -
2014-10-25 /ejn/AtlasChooseAuthority.aspx/GetLocations -
2014-10-25 /ejn/AtlasChooseAuthority.aspx/GetLocations -
2014-10-25 /ejn/AtlasChooseAuthority.aspx/GetLocations -
2014-10-25 /ejn/AtlasChooseAuthority.aspx/GetLocations -
2014-10-25 /ejn/AtlasChooseAuthority.aspx/GetLocations -
2014-10-25 /ejn/AtlasChooseAuthority.aspx/GetLocations -
2014-10-25 /ejn/AtlasChooseAuthority.aspx/GetLocations -
2014-10-25 /ejn/AtlasChooseAuthority.aspx/GetLocations -
2014-10-25 /ejn/AtlasChooseAuthority.aspx/GetLocations -
2014-10-25 /ejn/AtlasChooseAuthority.aspx/GetLocations -
2014-10-25 /ejn/AtlasChooseAuthority.aspx/GetLocations -
2014-10-25 /ejn/AtlasChooseAuthority.aspx/GetLocations -
2014-10-25 /ejn/AtlasChooseAuthority.aspx/GetLocations -
2014-10-25 /ejn/AtlasChooseAuthority.aspx -
2014-10-25 /ejn/AtlasChooseAuthority.aspx/GetLocations -
2014-10-25 /ejn/EJN_Home.aspx -
2014-10-25 /ejn/ -
2014-10-25 /ejn/EJN_Home.aspx -
2014-10-25 /ejn/ -
2014-10-25 /ejn/AtlasChooseAuthority.aspx -
2014-10-25 /ejn/AtlasChooseAuthority.aspx -
2014-10-25 /ejn/EJN_AtlasAdvanced.aspx -
2014-10-25 /ejn/AtlasChooseMeasure.aspx MP=0&Cou=273
2014-10-25 /ejn/AtlasChooseMeasure.aspx MP=0&Cou=273
2014-10-25 /ejn/AtlasChooseMeasure.aspx MP=0&Cou=273
2014-10-25 /ejn/AtlasChooseMeasure.aspx MP=0&Cou=273
2014-10-25 /ejn/AtlasSelection.aspx -
2014-10-25 /ejn/AtlasSelection.aspx -
2014-10-25 /ejn/AtlasSelection.aspx -
2014-10-25 /ejn/AtlasChooseMeasure.aspx MP=0&Cou=273
2014-10-25 /ejn/AtlasChooseAuthority.aspx/GetLocations -
2014-10-25 /ejn/AtlasChooseAuthority.aspx/GetLocations -
2014-10-25 /ejn/AtlasChooseAuthority.aspx -
2014-10-25 /ejn/EJN_Error.aspx -
2014-10-25 /ejn/ -
2014-10-25 /ejn/AtlasChooseMeasure.aspx Mp=1&Cou=FR&Type=2
2014-10-25 /ejn/EJN_Home.aspx -
2014-10-25 /ejn/ -
2014-10-25 /ejn/EJN_Home.aspx -
2014-10-25 /ejn/EJN_Home.aspx -
2014-10-25 /ejn/AtlasChooseMeasure.aspx Mp=1&Cou=FR&Type=2
2014-10-25 /ejn/EJN_Library_StatusOfImpByCou.aspx CountryId=273
2014-10-25 /ejn/EJN_Home.aspx -
2014-10-25 /ejn/EJN_Home.aspx -
2014-10-25 /ejn/AtlasChooseMeasure.aspx Mp=1&Cou=FR&Type=2
2014-10-25 /ejn/AtlasSelection.aspx -
2014-10-25 /ejn/AtlasSelection.aspx -
2014-10-25 /ejn/AtlasSelection.aspx -
2014-10-25 /ejn/AtlasSelection.aspx -
2014-10-25 /ejn/EJN_Home.aspx -
2014-10-25 /ejn/AtlasSelection.aspx -
2014-10-25 /ejn/AtlasChooseAuthority.aspx -
2014-10-25 /ejn/AtlasChooseAuthority.aspx -
2014-10-25 /ejn/AtlasSelection.aspx Option=LegalInstrument
2014-10-25 /ejn/AtlasSelection.aspx Option=LegalInstrument
2014-10-25 /ejn/AtlasSelection.aspx Option=LegalInstrument
2014-10-25 /ejn/AtlasChooseAuthority.aspx -
2014-10-25 /ejn/AtlasChooseAuthority.aspx -
2014-10-25 /ejn/EJN_Login.aspx -
2014-10-25 /ejn/AtlasChooseCountry.aspx Type=2
2014-10-25 /ejn/AtlasChooseMeasure.aspx MP=1&Cou=FR
2014-10-25 /ejn/AtlasChooseMeasure.aspx MP=1&Cou=FR++Culture:ELSessionId:hg1b023hye355ftdn2dmmgzaDate_Time:10:48+??
2014-10-25 /ejn/EJN_Home.aspx -
2014-10-25 /ejn/ -
2014-10-25 /ejn/sitemap.aspx -
2014-10-25 /ejn/EJN_Home.aspx -
2014-10-25 /ejn/ -
2014-10-25 /ejn/ -
2014-10-25 /ejn/AtlasChooseMeasure.aspx MP=1&Cou=FR
2014-10-25 /ejn/EJN_InfoAbout.aspx Id=288
2014-10-25 /ejn/AtlasChooseMeasure.aspx MP=1&Cou=FR
2014-10-25 /ejn/AtlasSelection.aspx -
2014-10-25 /ejn/AtlasSelection.aspx -
2014-10-25 /ejn/AtlasSelection.aspx -
2014-10-25 /ejn/AtlasSelection.aspx -
2014-10-25 /ejn/ -
2014-10-25 /ejn/AtlasSelection.aspx -
2014-10-25 /ejn/AtlasChooseAuthority.aspx -
2014-10-25 /ejn/AtlasChooseCountry.aspx Type=2
2014-10-25 /ejn/AtlasChooseAuthority.aspx -
2014-10-25 /ejn/AtlasChooseAuthority.aspx -
2014-10-25 /ejn/ -
2014-10-25 /ejn/AtlasChooseAuthority.aspx -
2014-10-25 /ejn/EJN_SubscribeNewsLetter.aspx -
2014-10-25 /ejn/EJN_SubscribeNewsLetter.aspx -
2014-10-25 /ejn/AtlasChooseAuthority.aspx -
2014-10-25 /ejn/EJN_Login.aspx -
2014-10-25 /ejn/AtlasChooseAuthority.aspx -
2014-10-25 /ejn/EJN_Home.aspx -
2014-10-25 /ejn/EJN_SubscribeConfirm.aspx id=-1&email=ezochiou@gmail.com&N=1@2@3@4@5&E=6@7&D=10/25/2014&F=1
2014-10-25 /ejn/EJN_Home.aspx -
2014-10-25 /ejn/AtlasChooseAuthority.aspx -
2014-10-25 /ejn/EJN_StaticPage.aspx Bread=13
2014-10-25 /ejn/EJN_StaticPage.aspx Bread=13
2014-10-25 /ejn/Events.aspx -
2014-10-25 /ejn/AtlasSelection.aspx ++Culture:ENSessionId:hg1b023hye355ftdn2dmmgzaDate_Time:10:58+AM
2014-10-25 /ejn/EJN_Home.aspx -
2014-10-25 /ejn/AtlasSelection.aspx -
2014-10-25 /ejn/ -
2014-10-25 /ejn/ -
2014-10-25 /ejn/AtlasChooseMeasure.aspx Mp=1&Cou=FR&Type=2
2014-10-25 /ejn/AtlasChooseMeasure.aspx Mp=1&Cou=FR&Type=2++Culture:ELSessionId:hg1b023hye355ftdn2dmmgzaDate_Time:11:02+??
2014-10-25 /ejn/EJN_Home.aspx -
2014-10-25 /ejn/AtlasChooseMeasure.aspx Mp=1&Cou=FR&Type=2
2014-10-25 /ejn/AtlasChooseMeasure.aspx Mp=1&Cou=FR&Type=2
2014-10-25 /ejn/AtlasSelection.aspx -
2014-10-25 /ejn/AtlasSelection.aspx -
2014-10-25 /ejn/AtlasSelection.aspx -
2014-10-25 /ejn/AtlasSelection.aspx -
2014-10-25 /ejn/AtlasSelection.aspx -
2014-10-25 /ejn/AtlasChooseAuthority.aspx -
2014-10-25 /ejn/ -
2014-10-25 /ejn/AtlasChooseAuthority.aspx -
2014-10-25 /ejn/EJN_AtlasAdvanced.aspx -
2014-10-25 /ejn/EJN_Home.aspx -
2014-10-25 /ejn/AtlasChooseAuthority.aspx -
2014-10-25 /ejn/AtlasChooseAuthority.aspx -
2014-10-25 /ejn/AtlasChooseAuthority.aspx/GetLocations -
2014-10-25 /ejn/AtlasChooseAuthority.aspx/GetLocations -
2014-10-25 /ejn/AtlasChooseAuthority.aspx -
2014-10-25 /ejn/AtlasChooseAuthority.aspx -
2014-10-25 /ejn/AtlasChooseAuthority.aspx -
2014-10-25 /ejn/Events.aspx event=172
2014-10-25 /ejn/EJN_Home.aspx -
2014-10-25 /ejn/ -
2014-10-25 /ejn/libcategories.aspx Id=32
2014-10-25 /ejn/libshowdocument.aspx Id=16&Lang=EL
2014-10-25 /ejn/EJN_Home.aspx -
2014-10-25 /ejn/ -
2014-10-25 /ejn/EJN_Home.aspx -
2014-10-25 /ejn/EJN_Home.aspx -
2014-10-25 /ejn/ -
2014-10-25 /ejn/ejn_home.aspx -
2014-10-25 /ejn/EJN_StaticPage.aspx Bread=26
2014-10-25 /ejn/EJN_Home.aspx -
2014-10-25 /ejn/Events.aspx event=268
2014-10-25 /ejn/EJN_StaticPage.aspx Bread=2
2014-10-25 /ejn/libcategories.aspx Id=2
2014-10-25 /ejn/ -
2014-10-25 /ejn/EJN_Home.aspx -
2014-10-25 /ejn/EJN_StaticPage.aspx Bread=25
2014-10-25 /ejn/EJN_Home.aspx -
2014-10-25 /ejn/EJN_Home.aspx -
2014-10-25 /ejn/EJN_Home.aspx -
2014-10-25 /ejn/EJN_Home.aspx -
2014-10-25 /ejn/EJN_ContactPoints.aspx -
2014-10-25 /ejn/EJN_Home.aspx -
2014-10-25 /ejn/ -
2014-10-25 /ejn/ -
2014-10-25 /ejn/libdocumentproperties.aspx Id=390
2014-10-25 /ejn/EJN_Home.aspx -
2014-10-25 /ejn/EJN_Home.aspx -
2014-10-25 /ejn/ -
2014-10-25 /ejn/EJN_Home.aspx -
2014-10-25 /ejn/ -
2014-10-25 /ejn/EJN_Home.aspx -
2014-10-25 /ejn/EJN_Home.aspx -
2014-10-25 /ejn/EJN_AtlasAdvanced.aspx -
2014-10-25 /ejn/ -
2014-10-25 /ejn/EJN_InfoAbout.aspx Id=389
2014-10-25 /ejn/ -
2014-10-25 /ejn/EJN_InfoAbout.aspx Id=389
2014-10-25 /ejn/EJN_InfoAbout.aspx Id=389
2014-10-25 /ejn/EJN_Home.aspx -
2014-10-25 /ejn/libcategories.aspx Id=32
2014-10-25 /ejn/EJN_Home.aspx -
2014-10-25 /ejn/ejn_home.aspx -
2014-10-25 /ejn/EJN_Home.aspx -
2014-10-25 /ejn/ -
2014-10-25 /ejn/ -
2014-10-25 /ejn/EJN_Home.aspx -
2014-10-25 /ejn/ -
2014-10-25 /ejn/EJN_Home.aspx -
2014-10-25 /ejn/ -
2014-10-25 /ejn/EJN_Login.aspx -
2014-10-25 /ejn/EJN_StaticPage.aspx Bread=10
2014-10-25 /ejn/ -
2014-10-25 /ejn/AtlasChooseCountry.aspx Type=2
2014-10-25 /ejn/EJN_Compendium.aspx -
2014-10-25 /ejn/EJN_Compendium.aspx -
2014-10-25 /ejn/EJN_Compendium.aspx -
2014-10-25 /ejn/ -
2014-10-25 /ejn/EJN_Compendium.aspx -
2014-10-25 /ejn/ -
2014-10-25 /ejn/EJN_Compendium.aspx -
2014-10-25 /ejn/EJN_Home.aspx -
2014-10-25 /ejn/ctrls.compendium/IframeEngine.aspx -
2014-10-25 /ejn/EJN_Compendium.aspx -
2014-10-25 /ejn/ctrls.compendium/IframeEngine.aspx -
2014-10-25 /ejn/EJN_StaticPage.aspx Bread=21
2014-10-25 /ejn/EJN_Home.aspx -
2014-10-25 /ejn/libcategories.aspx Id=32
2014-10-25 /ejn/AtlasChooseCountry.aspx Type=2
2014-10-25 /ejn/AtlasChooseCountry.aspx Type=2
2014-10-25 /ejn/EJN_ContactUs.aspx &KeepThis=true&
2014-10-25 /ejn/EJN_Home.aspx -
2014-10-25 /ejn/ -
2014-10-25 /ejn/EJN_AtlasAdvanced.aspx -
2014-10-25 /ejn/EJN_Home.aspx -
2014-10-25 /ejn/ -
2014-10-25 /ejn/EJN_Home.aspx -
2014-10-25 /ejn/EJN_Home.aspx -
2014-10-25 /ejn/ -
2014-10-25 /ejn/EJN_Home.aspx -
2014-10-25 /ejn/ -
2014-10-25 /ejn/ -
2014-10-25 /ejn/ -
2014-10-25 /ejn/ -
2014-10-25 /ejn/AtlasChooseMeasure.aspx Mp=1&Cou=DE&Type=2
2014-10-25 /ejn/EJN_Home.aspx -
2014-10-25 /ejn/AtlasChooseMeasure.aspx Mp=1&Cou=DE&Type=2
2014-10-25 /ejn/AtlasChooseMeasure.aspx Mp=1&Cou=DE&Type=2
2014-10-25 /ejn/AtlasSelection.aspx -
2014-10-25 /ejn/AtlasChooseAuthority.aspx -
2014-10-25 /ejn/AtlasChooseAuthority.aspx/GetLocations -
2014-10-25 /ejn/AtlasChooseAuthority.aspx -
2014-10-25 /ejn/AtlasAuthorityData.aspx Id=4203
2014-10-25 /ejn/EJN_SubscribeConfirm.aspx id=-1&email=ezochiou@gmail.com&N=1@2@3@4@5&E=6@7&D=10/25/2014&F=1
2014-10-25 /ejn/ -
2014-10-25 /ejn/libcategories.aspx Id=32
2014-10-25 /ejn/libdocumentproperties.aspx Id=574
2014-10-25 /ejn/EJN_Library_RatificationsByCou.aspx -
2014-10-25 /ejn/EJN_Home.aspx -
2014-10-25 /ejn/ -
2014-10-25 /ejn/ -
2014-10-25 /ejn/ -
2014-10-25 /ejn/ ++Culture:DESessionId:ib2ykeiff0env5z1z3efg5stDate_Time:12:21
2014-10-25 /ejn/AtlasChooseCountry.aspx Type=2
2014-10-25 /ejn/AtlasChooseMeasure.aspx MP=0&Cou=351
2014-10-25 /ejn/AtlasChooseMeasure.aspx MP=0&Cou=351
2014-10-25 /ejn/AtlasChooseMeasure.aspx MP=0&Cou=351
2014-10-25 /ejn/AtlasSelection.aspx -
2014-10-25 /ejn/AtlasSelection.aspx -
2014-10-25 /ejn/AtlasSelection.aspx -
2014-10-25 /ejn/AtlasSelection.aspx -
2014-10-25 /ejn/AtlasSelection.aspx -
2014-10-25 /ejn/AtlasChooseAuthority.aspx -
2014-10-25 /ejn/AtlasChooseAuthority.aspx -
2014-10-25 /ejn/AtlasAuthorityData.aspx Id=5224
2014-10-25 /ejn/EJN_Home.aspx -
2014-10-25 /ejn/AtlasChooseCountry.aspx Type=1
2014-10-25 /ejn/EJN_Home.aspx -
2014-10-25 /ejn/AtlasAuthorityData.aspx Id=5224
2014-10-25 /ejn/AtlasChooseAuthority.aspx -
2014-10-25 /ejn/AtlasChooseAuthority.aspx -
2014-10-25 /ejn/AtlasSelection.aspx Option=PathOptions
2014-10-25 /ejn/AtlasSelection.aspx Option=PathOptions
2014-10-25 /ejn/AtlasSelection.aspx Option=PathOptions
2014-10-25 /ejn/AtlasChooseMeasure.aspx MP=0&Cou=351
2014-10-25 /ejn/AtlasChooseMeasure.aspx MP=0&Cou=351
2014-10-25 /ejn/AtlasChooseMeasure.aspx MP=0&Cou=351
2014-10-25 /ejn/AtlasSelection.aspx -
2014-10-25 /ejn/AtlasSelection.aspx -
2014-10-25 /ejn/AtlasSelection.aspx -
2014-10-25 /ejn/AtlasSelection.aspx -
2014-10-25 /ejn/AtlasSelection.aspx -
2014-10-25 /ejn/AtlasChooseAuthority.aspx -
2014-10-25 /ejn/AtlasChooseAuthority.aspx -
2014-10-25 /ejn/AtlasAuthorityData.aspx Id=5224
2014-10-25 /ejn/EJN_AtlasAdvanced.aspx -
2014-10-25 /ejn/EJN_Home.aspx -
2014-10-25 /ejn/ -
2014-10-25 /ejn/ -
2014-10-25 /ejn/EJN_FichesBelges.aspx -
2014-10-25 /ejn/EJN_Home.aspx -
2014-10-25 /ejn/EJN_FichesBelges.aspx -
2014-10-25 /ejn/EJN_FichesBelges.aspx -
2014-10-25 /ejn/EJN_FichesBelges.aspx -
2014-10-25 /ejn/ -
2014-10-25 /ejn/ -
2014-10-25 /ejn/EJN_Home.aspx -
2014-10-25 /ejn/EJN_FichesBelgesResult.aspx measure=709&country=295&other=-1
2014-10-25 /ejn/ -
2014-10-25 /ejn/ -
2014-10-25 /ejn/EJN_Home.aspx -
2014-10-25 /ejn/NewsDetail.aspx id=292&Ori=H
2014-10-25 /ejn/EJN_Home.aspx -
2014-10-25 /ejn/EJN_StaticPage.aspx Bread=26
2014-10-25 /ejn/libshowdocument.aspx Id=13&Lang=PL
2014-10-25 /ejn/EJN_Home.aspx -
2014-10-25 /ejn/EJN_Home.aspx -
2014-10-25 /ejn/EJN_QuickLinks.aspx id=27
2014-10-25 /ejn/libshowdocument.aspx Id=16&Lang=HU
2014-10-25 /ejn/libcategories.aspx Id=25
2014-10-25 /ejn/sitemap.aspx -
2014-10-25 /ejn/EJN_Home.aspx -
2014-10-25 /ejn/ -
2014-10-25 /ejn/Events.aspx event=264
2014-10-25 /atlas_advanced.aspx -
2014-10-25 /atlas_advanced.aspx -
2014-10-25 /ejn/ -
2014-10-25 /atlas_advanced.aspx -
2014-10-25 /atlas_advanced.aspx -
2014-10-25 /ejn/EJN_Home.aspx -
2014-10-25 /ejn/EJN_StaticPage.aspx Bread=37
2014-10-25 /ejn/EJN_Home.aspx -
2014-10-25 /ejn/EJN_QuickLinks.aspx id=25
2014-10-25 /ejn/EJN_StaticPage.aspx Bread=21
2014-10-25 /ejn/EJN_StaticPage.aspx Bread=23
2014-10-25 /ejn/EJN_Home.aspx -
2014-10-25 /ejn/libcategories.aspx Id=34
2014-10-25 /ejn/EJN_Home.aspx -
2014-10-25 /ejn/EJN_Home.aspx -
2014-10-25 /ejn/NewsDetail.aspx id=179&Ori=H
2014-10-25 /ejn/EJN_Home.aspx -
2014-10-25 /ejn/EJN_Home.aspx -
2014-10-25 /ejn/ -
2014-10-25 /ejn/EJN_Home.aspx -
2014-10-25 /ejn/Events.aspx id=7
2014-10-25 /ejn/ -
2014-10-25 /ejn/EJN_Home.aspx -
2014-10-25 /ejn/EJN_StaticPage.aspx Bread=8
2014-10-25 /ejn/EJN_Home.aspx -
2014-10-25 /ejn/libcategories.aspx Id=25
2014-10-25 /ejn/EJN_Home.aspx -
2014-10-25 /ejn/libcategories.aspx Id=25
2014-10-25 /ejn/libshowdocument.aspx Id=99&Lang=EN
2014-10-25 /ejn/libcategories.aspx Id=32
2014-10-25 /ejn/EJN_Home.aspx -
2014-10-25 /ejn/NewsDetail.aspx id=292&Ori=H
2014-10-25 /ejn/EJN_Home.aspx -
2014-10-25 /ejn/AtlasChooseCountry.aspx Type=2
2014-10-25 /ejn/EJN_StaticPage.aspx Bread=25
2014-10-25 /ejn/NewsDetail.aspx id=298&Ori=H
2014-10-25 /ejn/ -
2014-10-25 /ejn/EJN_Home.aspx -
2014-10-25 /ejn/ -
2014-10-25 /ejn/EJN_Home.aspx -
2014-10-25 /ejn/EJN_AtlasAdvanced.aspx -
2014-10-25 /ejn/EJN_Home.aspx -
2014-10-25 /ejn/ -
2014-10-25 /ejn/EJN_InfoAbout.aspx Id=354
2014-10-25 /ejn/EJN_Home.aspx -
2014-10-25 /documents.aspx doclink=Y&country=Romania
2014-10-25 /ejn/EJN_Home.aspx -
2014-10-25 /ejn/EJN_StaticPage.aspx Bread=11
2014-10-25 /ejn/EJN_Home.aspx -
2014-10-25 /ejn/EJN_InfoAbout.aspx Id=354
2014-10-25 /ejn/EJN_Home.aspx -
2014-10-25 /ejn/AtlasChooseCountry.aspx Type=2
2014-10-25 /ejn/AtlasChooseMeasure.aspx MP=0&Cou=354
2014-10-25 /ejn/EJN_Home.aspx -
2014-10-25 /ejn/ -
2014-10-25 /ejn/EJN_Home.aspx -
2014-10-25 /ejn/ -
2014-10-25 /ejn/EJN_Login.aspx -
2014-10-25 /ejn/libcategories.aspx -
2014-10-25 /ejn/libcategories.aspx Id=1
2014-10-25 /ejn/AtlasChooseCountry.aspx Type=1
2014-10-25 /ejn/AtlasChooseMeasure.aspx MP=0&Cou=354
2014-10-25 /ejn/AtlasSelection.aspx -
2014-10-25 /ejn/AtlasSelection.aspx -
2014-10-25 /ejn/EJN_Home.aspx -
2014-10-25 /ejn/ -
2014-10-25 /ejn/EJN_Home.aspx -
2014-10-25 /ejn/EJN_StaticPage.aspx Bread=1
2014-10-25 /ejn/EJN_AtlasAdvanced.aspx -
2014-10-25 /ejn/ -
2014-10-25 /ejn/AtlasChooseCountry.aspx Type=2
2014-10-25 /ejn/AtlasChooseMeasure.aspx MP=0&Cou=354
2014-10-25 /ejn/ -
2014-10-25 /ejn/AtlasChooseMeasure.aspx MP=0&Cou=354
2014-10-25 /ejn/AtlasChooseMeasure.aspx MP=0&Cou=354
2014-10-25 /ejn/EJN_FichesBelgesTable.aspx -
2014-10-25 /ejn/EJN_Home.aspx -
2014-10-25 /ejn/EJN_Login.aspx -
2014-10-25 /ejn/EJN_Home.aspx -
2014-10-25 /ejn/EJN_Home.aspx -
2014-10-25 /ejn/AtlasChooseCountry.aspx Type=1
2014-10-25 /ejn/AtlasChooseMeasure.aspx MP=0&Cou=354
2014-10-25 /ejn/AtlasSelection.aspx -
2014-10-25 /ejn/EJN_Home.aspx -
2014-10-25 /ejn/AtlasSelection.aspx -
2014-10-25 /ejn/AtlasChooseCountry.aspx Type=1
2014-10-25 /ejn/AtlasChooseMeasure.aspx MP=0&Cou=354
2014-10-25 /ejn/AtlasSelection.aspx -
2014-10-25 /ejn/AtlasSelection.aspx -
2014-10-25 /ejn/AtlasSelection.aspx -
2014-10-25 /ejn/AtlasChooseAuthority.aspx -
2014-10-25 /ejn/EJN_Home.aspx -
2014-10-25 /ejn/AtlasChooseAuthority.aspx/GetLocations -
2014-10-25 /ejn/EJN_AtlasAdvanced.aspx -
2014-10-25 /ejn/AtlasChooseAuthority.aspx -
2014-10-25 /ejn/ -
2014-10-25 /ejn/NewsAll.aspx -
2014-10-25 /ejn/AtlasChooseAuthority.aspx -
2014-10-25 /ejn/NewsAll.aspx Id=5
2014-10-25 /ejn/EJN_Home.aspx -
2014-10-25 /ejn/ -
2014-10-25 /ejn/AtlasChooseCountry.aspx Type=2
2014-10-25 /ejn/EJN_InfoAbout.aspx Id=354
2014-10-25 /ejn/AtlasChooseMeasure.aspx MP=0&Cou=354
2014-10-25 /ejn/ -
2014-10-25 /ejn/EJN_Home.aspx -
2014-10-25 /ejn/AtlasChooseCountry.aspx Type=2
2014-10-25 /ejn/ -
2014-10-25 /ejn/AtlasChooseMeasure.aspx MP=0&Cou=354
2014-10-25 /ejn/AtlasChooseCountry.aspx Type=2
2014-10-25 /ejn/AtlasChooseMeasure.aspx MP=0&Cou=354
2014-10-25 /ejn/AtlasChooseMeasure.aspx MP=0&Cou=354
2014-10-25 /ejn/AtlasChooseMeasure.aspx MP=0&Cou=354
2014-10-25 /ejn/EJN_AtlasAdvanced.aspx -
2014-10-25 /ejn/AtlasChooseMeasure.aspx MP=0&Cou=354
2014-10-25 /ejn/AtlasSelection.aspx -
2014-10-25 /ejn/AtlasChooseMeasure.aspx MP=0&Cou=354
2014-10-25 /ejn/AtlasSelection.aspx -
2014-10-25 /ejn/AtlasSelection.aspx -
2014-10-25 /ejn/AtlasSelection.aspx -
2014-10-25 /ejn/AtlasSelection.aspx -
2014-10-25 /ejn/AtlasSelection.aspx -
2014-10-25 /ejn/AtlasSelection.aspx -
2014-10-25 /ejn/AtlasSelection.aspx -
2014-10-25 /ejn/AtlasAuthorityData.aspx Id=4141
2014-10-25 /ejn/AtlasSelection.aspx -
2014-10-25 /ejn/AtlasSelection.aspx -
2014-10-25 /ejn/AtlasAuthorityData.aspx Id=4141
2014-10-25 /ejn/libcategories.aspx Id=25
2014-10-25 /ejn/ -
2014-10-25 /ejn/AtlasChooseMeasure.aspx Mp=1&Cou=DK&Type=2
2014-10-25 /ejn/AtlasChooseMeasure.aspx Mp=1&Cou=DK&Type=2
2014-10-25 /ejn/AtlasChooseCountry.aspx Type=2
2014-10-25 /ejn/AtlasSelection.aspx -
2014-10-25 /ejn/AtlasSelection.aspx -
2014-10-25 /ejn/AtlasChooseAuthority.aspx -
2014-10-25 /ejn/AtlasChooseMeasure.aspx MP=1&Cou=FR
2014-10-25 /ejn/AtlasChooseAuthority.aspx/GetLocations -
2014-10-25 /ejn/AtlasChooseAuthority.aspx -
2014-10-25 /ejn/EJN_Home.aspx -
2014-10-25 /ejn/ -
2014-10-25 /ejn/AtlasChooseMeasure.aspx MP=1&Cou=FR
2014-10-25 /ejn/AtlasChooseAuthority.aspx -
2014-10-25 /ejn/AtlasChooseAuthority.aspx -
2014-10-25 /ejn/AtlasChooseAuthority.aspx -
2014-10-25 /ejn/AtlasChooseMeasure.aspx Mp=1&Cou=DK&Type=2
2014-10-25 /ejn/EJN_Home.aspx -
2014-10-25 /ejn/AtlasChooseAuthority.aspx -
2014-10-25 /ejn/AtlasChooseAuthority.aspx -
2014-10-25 /ejn/AtlasChooseAuthority.aspx -
2014-10-25 /ejn/AtlasChooseAuthority.aspx -
2014-10-25 /ejn/AtlasChooseAuthority.aspx -
2014-10-25 /ejn/AtlasChooseMeasure.aspx Mp=1&Cou=DK&Type=2
2014-10-25 /ejn/AtlasChooseAuthority.aspx -
2014-10-25 /ejn/EJN_Home.aspx -
2014-10-25 /ejn/EJN_Home.aspx -
2014-10-25 /ejn/NewsAll.aspx Id=4
2014-10-25 /ejn/EJN_StaticPage.aspx Bread=5
2014-10-25 /ejn/EJN_Home.aspx -
2014-10-25 /ejn/EJN_Home.aspx -
2014-10-25 /ejn/EJN_Home.aspx -
2014-10-25 /ejn/EJN_FichesBelges.aspx -
2014-10-25 /ejn/EJN_Home.aspx -
2014-10-25 /ejn/EJN_StaticPage.aspx Bread=14
2014-10-25 /ejn/EJN_Home.aspx -
2014-10-25 /ejn/EJN_StaticPage.aspx Bread=36
2014-10-25 /ejn/EJN_Home.aspx -
2014-10-25 /ejn/ -
2014-10-25 /ejn/EJN_Home.aspx -
2014-10-25 /ejn/EJN_Home.aspx -
2014-10-25 /ejn/ -
2014-10-25 /ejn/Events.aspx event=159
2014-10-25 /ejn/EJN_Home.aspx -
2014-10-25 /ejn/ -
2014-10-25 /ejn/EJN_Home.aspx -
2014-10-25 /ejn/NewsDetail.aspx id=65&Ori=H
2014-10-25 /ejn/EJN_Home.aspx -
2014-10-25 /ejn/NewsDetail.aspx id=284&Ori=H
2014-10-25 /about-ejn.aspx -
2014-10-25 /default.aspx -
2014-10-25 /about-ejn.aspx -
2014-10-25 /european-arrest-warrant.aspx -
2014-10-25 /atlas_advanced.aspx -
2014-10-25 /about-ejn.aspx -
2014-10-25 /ejn/EJN_Home.aspx -
2014-10-25 /ejn/ -
2014-10-25 /ejn/ -
2014-10-25 /ejn/ ++Culture:DESessionId:1wnwzrqqsslj0ykd5a4h3wf5Date_Time:14:39
2014-10-25 /ejn/ -
2014-10-25 /ejn/EJN_Home.aspx -
2014-10-25 /ejn/AtlasChooseMeasure.aspx Mp=1&Cou=AT&Type=2
2014-10-25 /ejn/EJN_Home.aspx -
2014-10-25 /ejn/ -
2014-10-25 /ejn/ -
2014-10-25 /ejn/EJN_AtlasAdvanced.aspx -
2014-10-25 /ejn/AtlasChooseCountry.aspx Type=1
2014-10-25 /ejn/AtlasChooseMeasure.aspx MP=1&Cou=AT
2014-10-25 /ejn/AtlasSelection.aspx -
2014-10-25 /ejn/AtlasChooseAuthority.aspx -
2014-10-25 /ejn/AtlasChooseAuthority.aspx/GetLocations -
2014-10-25 /ejn/AtlasChooseAuthority.aspx -
2014-10-25 /ejn/AtlasChooseAuthority.aspx -
2014-10-25 /ejn/AtlasAuthorityData.aspx Id=4954
2014-10-25 /ejn/AtlasAuthorityData.aspx Id=4784
2014-10-25 /ejn/EJN_Error.aspx -
2014-10-25 /ejn/EJN_Home.aspx -
2014-10-25 /ejn/AtlasChooseCountry.aspx Type=2
2014-10-25 /ejn/NewsDetail.aspx id=285&Ori=H
2014-10-25 /ejn/AtlasChooseMeasure.aspx MP=0&Cou=354
2014-10-25 /ejn/ -
2014-10-25 /ejn/EJN_InfoAbout.aspx Id=354
2014-10-25 /ejn/AtlasChooseMeasure.aspx MP=0&Cou=354
2014-10-25 /ejn/AtlasChooseCountry.aspx Type=1
2014-10-25 /ejn/ -
2014-10-25 /ejn/AtlasChooseMeasure.aspx MP=0&Cou=354
2014-10-25 /ejn/AtlasSelection.aspx -
2014-10-25 /about-ejn.aspx -
2014-10-25 /ejn/AtlasChooseCountry.aspx Type=2
2014-10-25 /ejn/AtlasSelection.aspx -
2014-10-25 /ejn/AtlasSelection.aspx -
2014-10-25 /ejn/AtlasChooseMeasure.aspx MP=0&Cou=354
2014-10-25 /ejn/AtlasChooseMeasure.aspx MP=0&Cou=354
2014-10-25 /ejn/AtlasSelection.aspx -
2014-10-25 /ejn/AtlasChooseMeasure.aspx MP=0&Cou=354
2014-10-25 /ejn/AtlasSelection.aspx -
2014-10-25 /ejn/AtlasSelection.aspx -
2014-10-25 /ejn/AtlasSelection.aspx -
2014-10-25 /ejn/AtlasChooseAuthority.aspx -
2014-10-25 /ejn/AtlasSelection.aspx -
2014-10-25 /ejn/AtlasChooseMeasure.aspx MP=0&Cou=354
2014-10-25 /ejn/AtlasChooseMeasure.aspx MP=0&Cou=354
2014-10-25 /ejn/AtlasChooseMeasure.aspx MP=0&Cou=354
2014-10-25 /ejn/AtlasSelection.aspx -
2014-10-25 /ejn/AtlasSelection.aspx -
2014-10-25 /ejn/AtlasSelection.aspx -
2014-10-25 /ejn/AtlasSelection.aspx -
2014-10-25 /ejn/AtlasSelection.aspx -
2014-10-25 /ejn/AtlasChooseAuthority.aspx -
2014-10-25 /ejn/EJN_StaticPage.aspx Bread=9
2014-10-25 /ejn/EJN_Home.aspx -
2014-10-25 /ejn/AtlasChooseAuthority.aspx/GetLocations -
2014-10-25 /ejn/AtlasChooseAuthority.aspx/GetLocations -
2014-10-25 /ejn/AtlasChooseAuthority.aspx -
2014-10-25 /ejn/EJN_Home.aspx -
2014-10-25 /ejn/AtlasChooseAuthority.aspx/GetLocations -
2014-10-25 /ejn/AtlasChooseAuthority.aspx/GetLocations -
2014-10-25 /ejn/AtlasChooseAuthority.aspx/GetLocations -
2014-10-25 /ejn/AtlasChooseAuthority.aspx -
2014-10-25 /ejn/AtlasChooseAuthority.aspx/GetLocations -
2014-10-25 /ejn/AtlasChooseAuthority.aspx/GetLocations -
2014-10-25 /ejn/AtlasChooseAuthority.aspx/GetLocations -
2014-10-25 /ejn/AtlasChooseAuthority.aspx/GetLocations -
2014-10-25 /ejn/AtlasChooseAuthority.aspx/GetLocations -
2014-10-25 /ejn/AtlasChooseAuthority.aspx/GetLocations -
2014-10-25 /ejn/AtlasChooseAuthority.aspx -
2014-10-25 /ejn/AtlasAuthorityData.aspx Id=3593
2014-10-25 /ejn/AtlasChooseAuthority.aspx -
2014-10-25 /ejn/AtlasAuthorityData.aspx Id=3593
2014-10-25 /ejn/EJN_Home.aspx -
2014-10-25 /ejn/EJN_Home.aspx -
2014-10-25 /ejn/EJN_Home.aspx -
2014-10-25 /ejn/ -
2014-10-25 /ejn/EJN_Home.aspx -
2014-10-25 /ejn/EJN_StaticPage.aspx Bread=13
2014-10-25 /ejn/EJN_Home.aspx -
2014-10-25 /ejn/EJN_Home.aspx -
2014-10-25 /ejn/EJN_Home.aspx -
2014-10-25 /ejn/EJN_Home.aspx -
2014-10-25 /ejn/EJN_Home.aspx -
2014-10-25 /ejn/ -
2014-10-25 /ejn/AtlasChooseCountry.aspx Type=2
2014-10-25 /ejn/AtlasChooseMeasure.aspx MP=1&Cou=AT
2014-10-25 /ejn/AtlasChooseMeasure.aspx MP=1&Cou=AT++Culture:DESessionId:1wnwzrqqsslj0ykd5a4h3wf5Date_Time:15:02
2014-10-25 /ejn/AtlasChooseMeasure.aspx MP=1&Cou=AT
2014-10-25 /ejn/AtlasChooseMeasure.aspx MP=1&Cou=AT
2014-10-25 /ejn/AtlasSelection.aspx -
2014-10-25 /ejn/AtlasChooseAuthority.aspx -
2014-10-25 /ejn/AtlasChooseAuthority.aspx -
2014-10-25 /ejn/AtlasChooseAuthority.aspx -
2014-10-25 /ejn/AtlasAuthorityData.aspx Id=4965
2014-10-25 /ejn/EJN_SubscribeNewsLetter.aspx -
2014-10-25 /ejn/EJN_Home.aspx -
2014-10-25 /ejn/EJN_Home.aspx -
2014-10-25 /ejn/ -
2014-10-25 /ejn/EJN_Home.aspx -
2014-10-25 /ejn/EJN_AtlasAdvanced.aspx -
2014-10-25 /ejn/EJN_Home.aspx -
2014-10-25 /ejn/ -
2014-10-25 /ejn/EJN_Home.aspx -
2014-10-25 /ejn/ejn_home.aspx -
2014-10-25 /ejn/EJN_QuickLinks.aspx id=25
2014-10-25 /ejn/EJN_Home.aspx -
2014-10-25 /ejn/EJN_Search.aspx -
2014-10-25 /ejn/EJN_Home.aspx -
2014-10-25 /ejn/EJN_Search.aspx -
2014-10-25 /ejn/EJN_Search.aspx -
2014-10-25 /ejn/EJN_FichesBelgesResult.aspx measure=304&country=BG&other=-1
2014-10-25 /ejn/EJN_Search.aspx -
2014-10-25 /ejn/EJN_StaticPage.aspx Bread=12
2014-10-25 /ejn/EJN_Home.aspx -
2014-10-25 /ejn/EJN_Home.aspx -
2014-10-25 /ejn/EJN_Home.aspx -
2014-10-25 /ejn/ -
2014-10-25 /ejn/EJN_Home.aspx -
2014-10-25 /ejn/ -
2014-10-25 /ejn/EJN_Home.aspx -
2014-10-25 /ejn/EJN_Home.aspx -
2014-10-25 /ejn/EJN_Home.aspx -
2014-10-25 /ejn/EJN_QuickLinks.aspx id=23
2014-10-25 /ejn/EJN_StaticPage.aspx Bread=20
2014-10-25 /ejn/EJN_Home.aspx -
2014-10-25 /ejn/EJN_AtlasAdvanced.aspx -
2014-10-25 /ejn/NewsAll.aspx Id=1
2014-10-25 /ejn/EJN_Home.aspx -
2014-10-25 /ejn/ -
2014-10-25 /ejn/EJN_Home.aspx -
2014-10-25 /ejn/EJN_StaticPage.aspx Bread=17
2014-10-25 /ejn/EJN_Home.aspx -
2014-10-25 /ejn/EJN_Home.aspx -
2014-10-25 /ejn/EJN_Home.aspx -
2014-10-25 /ejn/EJN_QuickLinks.aspx id=26
2014-10-25 /ejn/EJN_Home.aspx -
2014-10-25 /ejn/EJN_QuickLinks.aspx id=22
2014-10-25 /ejn/EJN_Home.aspx -
2014-10-25 /ejn/ -
2014-10-25 /ejn/EJN_Home.aspx -
2014-10-25 /ejn/EJN_Home.aspx -
2014-10-25 /ejn/EJN_Home.aspx -
2014-10-25 /ejn/EJN_QuickLinks.aspx id=26
2014-10-25 /ejn/EJN_Home.aspx -
2014-10-25 /ejn/ -
2014-10-25 /ejn/ -
2014-10-25 /ejn/AtlasChooseCountry.aspx Type=1
2014-10-25 /ejn/EJN_Home.aspx -
2014-10-25 /ejn/EJN_StaticPage.aspx Bread=2
2014-10-25 /ejn/EJN_Home.aspx -
2014-10-25 /ejn/ -
2014-10-25 /ejn/EJN_InfoAbout.aspx Id=295
2014-10-25 /ejn/EJN_StaticPage.aspx Bread=2
2014-10-25 /ejn/libcategories.aspx Id=1
2014-10-25 /ejn/EJN_Home.aspx -
2014-10-25 /ejn/libcategories.aspx Id=25
2014-10-25 /ejn/EJN_Home.aspx -
2014-10-25 /ejn/EJN_Home.aspx -
2014-10-25 /ejn/EJN_Home.aspx -
2014-10-25 /ejn/AtlasChooseCountry.aspx -
2014-10-25 /ejn/EJN_Home.aspx -
2014-10-25 /ejn/EJN_InfoAbout.aspx Id=223
2014-10-25 /ejn/EJN_ContactUs.aspx &KeepThis=true&
2014-10-25 /ejn/AtlasChooseMeasure.aspx Mp=1&Cou=PL&Type=2
2014-10-25 /ejn/EJN_Home.aspx -
2014-10-25 /ejn/AtlasChooseMeasure.aspx Mp=1&Cou=PL&Type=2
2014-10-25 /ejn/ -
2014-10-25 /ejn/EJN_FichesBelgesResult.aspx measure=103&country=351&other=-1
2014-10-25 /ejn/EJN_Home.aspx -
2014-10-25 /ejn/EJN_StaticPage.aspx Bread=34
2014-10-25 /ejn/EJN_StaticPage.aspx Bread=39
2014-10-25 /ejn/EJN_Secretariat.aspx -
2014-10-25 /ejn/EJN_AtlasAdvanced.aspx -
2014-10-25 /ejn/EJN_StaticPage.aspx Bread=21
2014-10-25 /ejn/ejn_home.aspx -
2014-10-25 /ejn/EJN_StaticPage.aspx Bread=2
2014-10-25 /ejn/EJN_Home.aspx -
2014-10-25 /ejn/ -
2014-10-25 /ejn/ejn_home.aspx -
2014-10-25 /ejn/EJN_Home.aspx -
2014-10-25 /ejn/EJN_Home.aspx -
2014-10-25 /ejn/EJN_StaticPage.aspx Bread=32
2014-10-25 /ejn/EJN_StaticPage.aspx Bread=18
2014-10-25 /ejn/EJN_StaticPage.aspx Bread=3
2014-10-25 /ejn/EJN_StaticPage.aspx Bread=36
2014-10-25 /ejn/EJN_Home.aspx -
2014-10-25 /ejn/EJN_StaticPage.aspx Bread=5
2014-10-25 /ejn/EJN_StaticPage.aspx Bread=31
2014-10-25 /ejn/EJN_Home.aspx -
2014-10-25 /ejn/EJN_StaticPage.aspx Bread=5
2014-10-25 /ejn/EJN_Home.aspx -
2014-10-25 /ejn/EJN_StaticPage.aspx Bread=4
2014-10-25 /ejn/EJN_StaticPage.aspx Bread=34
2014-10-25 /ejn/NewsAll.aspx Id=3
2014-10-25 /ejn/ejn_home.aspx -
2014-10-25 /ejn/Events.aspx event=268
2014-10-25 /ejn/EJN_Home.aspx -
2014-10-25 /ejn/EJN_Home.aspx -
2014-10-25 /ejn/EJN_Home.aspx -
2014-10-25 /ejn/EJN_StaticPage.aspx Bread=13
2014-10-25 /ejn/ejn_home.aspx -
2014-10-25 /ejn/EJN_StaticPage.aspx Bread=11
2014-10-25 /ejn/EJN_Home.aspx -
2014-10-25 /ejn/NewsDetail.aspx id=270&Ori=H
2014-10-25 /ejn/EJN_Home.aspx -
2014-10-25 /ejn/EJN_Faqs.aspx -
2014-10-25 /ejn/ -
2014-10-25 /ejn/EJN_Home.aspx -
2014-10-25 /ejn/ -
2014-10-25 /ejn/EJN_Home.aspx -
2014-10-25 /ejn/EJN_Home.aspx -
2014-10-25 /ejn/libcategories.aspx Id=25
2014-10-25 /ejn/EJN_AtlasAdvanced.aspx -
2014-10-25 /ejn/EJN_Home.aspx -
2014-10-25 /ejn/EJN_StaticPage.aspx Bread=39
2014-10-25 /ejn/EJN_Home.aspx -
2014-10-25 /ejn/EJN_Home.aspx -
2014-10-25 /ejn/EJN_Home.aspx -
2014-10-25 /ejn/EJN_Home.aspx -
2014-10-25 /ejn/ -
2014-10-25 /ejn/AtlasChooseCountry.aspx Type=2
2014-10-25 /ejn/EJN_Login.aspx -
2014-10-25 /ejn/EJN_StaticPage.aspx Bread=7
2014-10-25 /ejn/AtlasChooseCountry.aspx Type=2
2014-10-25 /ejn/AtlasChooseMeasure.aspx MP=0&Cou=337
2014-10-25 /ejn/EJN_Home.aspx -
2014-10-25 /ejn/ -
2014-10-25 /ejn/EJN_Home.aspx -
2014-10-25 /ejn/AtlasChooseMeasure.aspx MP=0&Cou=337
2014-10-25 /ejn/AtlasChooseMeasure.aspx MP=0&Cou=337
2014-10-25 /ejn/EJN_FichesBelgesResult.aspx measure=710&country=337&other=-1
2014-10-25 /ejn/AtlasChooseCountry.aspx Type=1
2014-10-25 /ejn/AtlasChooseMeasure.aspx MP=0&Cou=337
2014-10-25 /ejn/AtlasSelection.aspx -
2014-10-25 /ejn/AtlasAuthorityData.aspx Id=3183
2014-10-25 /ejn/AtlasChooseCountry.aspx Type=1
2014-10-25 /ejn/EJN_FichesBelgesResult.aspx measure=709&country=337&other=-1
2014-10-25 /ejn/EJN_FichesBelgesResult.aspx measure=710&country=337&other=-1
2014-10-25 /ejn/EJN_Home.aspx -
2014-10-25 /ejn/EJN_Home.aspx -
2014-10-25 /ejn/EJN_Home.aspx -
2014-10-25 /ejn/Gallery.aspx -
2014-10-25 /ejn/Events.aspx -
2014-10-25 /ejn/EJN_EAWAtlas.aspx -
2014-10-25 /ejn/EJN_Home.aspx -
2014-10-25 /ejn/EJN_FichesBelgesResult.aspx measure=701&country=295&other=-1
2014-10-25 /ejn/EJN_Home.aspx -
2014-10-25 /ejn/ -
2014-10-25 /ejn/EJN_Home.aspx -
2014-10-25 /ejn/EJN_Home.aspx -
2014-10-25 /ejn/EJN_AtlasAdvanced.aspx -
2014-10-25 /ejn/EJN_Home.aspx -
2014-10-25 /ejn/EJN_StaticPage.aspx Bread=9
2014-10-25 /ejn/EJN_QuickLinks.aspx -
2014-10-25 /ejn/EJN_Home.aspx -
2014-10-25 /ejn/ -
2014-10-25 /ejn/ -
2014-10-25 /ejn/ ++Culture:ITSessionId:wih5oqyfic1badas5kuomtklDate_Time:17:11
2014-10-25 /ejn/EJN_Login.aspx -
2014-10-25 /ejn/EJN_Login.aspx -
2014-10-25 /ejn/EJN_ContactPointsNew.aspx -
2014-10-25 /ejn/EJN_ContactPointsNew.aspx -
2014-10-25 /ejn/EJN_StaticPage.aspx Bread=33
2014-10-25 /ejn/EJN_Home.aspx -
2014-10-25 /ejn/EJN_ContactPointsNew.aspx -
2014-10-25 /ejn/EJN_StaticPage.aspx Bread=28
2014-10-25 /ejn/EJN_ContactPointsNew.aspx -
2014-10-25 /ejn/EJN_Home.aspx -
2014-10-25 /ejn/ejn_home.aspx -
2014-10-25 /ejn/ -
2014-10-25 /ejn/AtlasChooseCountry.aspx Type=2
2014-10-25 /ejn/AtlasChooseMeasure.aspx MP=0&Cou=354
2014-10-25 /ejn/EJN_Home.aspx -
2014-10-25 /ejn/AtlasChooseMeasure.aspx MP=0&Cou=354
2014-10-25 /ejn/AtlasChooseMeasure.aspx MP=0&Cou=354
2014-10-25 /ejn/AtlasSelection.aspx -
2014-10-25 /ejn/AtlasSelection.aspx -
2014-10-25 /ejn/AtlasSelection.aspx -
2014-10-25 /ejn/AtlasSelection.aspx -
2014-10-25 /ejn/AtlasSelection.aspx -
2014-10-25 /ejn/AtlasChooseAuthority.aspx -
2014-10-25 /ejn/EJN_EAWWizard.aspx -
2014-10-25 /ejn/EJN_StaticPage.aspx Bread=38
2014-10-25 /ejn/AtlasChooseAuthority.aspx/GetLocations -
2014-10-25 /ejn/AtlasChooseAuthority.aspx -
2014-10-25 /ejn/AtlasAuthorityData.aspx Id=3594
2014-10-25 /ejn/EJN_StaticPage.aspx Bread=30
2014-10-25 /ejn/AtlasAuthorityData.aspx Id=3594
2014-10-25 /ejn/AtlasChooseAuthority.aspx -
2014-10-25 /ejn/AtlasChooseAuthority.aspx -
2014-10-25 /ejn/AtlasSelection.aspx Option=PathOptions
2014-10-25 /ejn/AtlasSelection.aspx Option=PathOptions
2014-10-25 /ejn/AtlasSelection.aspx Option=PathOptions
2014-10-25 /ejn/AtlasAuthorityData.aspx Id=4141
2014-10-25 /ejn/AtlasAuthorityData.aspx Id=4141
2014-10-25 /ejn/AtlasSelection.aspx Option=PathOptions
2014-10-25 /ejn/AtlasChooseMeasure.aspx MP=0&Cou=354
2014-10-25 /ejn/AtlasChooseMeasure.aspx MP=0&Cou=354
2014-10-25 /ejn/EJN_Home.aspx -
2014-10-25 /ejn/AtlasChooseMeasure.aspx MP=0&Cou=354
2014-10-25 /ejn/AtlasChooseMeasure.aspx MP=0&Cou=354
2014-10-25 /ejn/AtlasSelection.aspx -
2014-10-25 /ejn/AtlasSelection.aspx -
2014-10-25 /ejn/AtlasSelection.aspx -
2014-10-25 /ejn/AtlasSelection.aspx -
2014-10-25 /ejn/AtlasSelection.aspx -
2014-10-25 /ejn/AtlasChooseAuthority.aspx -
2014-10-25 /ejn/AtlasSelection.aspx -
2014-10-25 /ejn/AtlasChooseMeasure.aspx MP=0&Cou=354
2014-10-25 /ejn/AtlasChooseMeasure.aspx Mp=1&Cou=NL&Type=2
2014-10-25 /ejn/EJN_Home.aspx -
2014-10-25 /ejn/libdocumentproperties.aspx Id=989
2014-10-25 /ejn/libdocumentproperties.aspx Id=989
2014-10-25 /ejn/EJN_StaticPage.aspx Bread=1
2014-10-25 /ejn/EJN_Home.aspx -
2014-10-25 /ejn/EJN_Home.aspx -
2014-10-25 /ejn/EJN_StaticPage.aspx Bread=18
2014-10-25 /ejn/EJN_Home.aspx -
2014-10-25 /ejn/EJN_StaticPage.aspx Bread=32
2014-10-25 /ejn/Events.aspx id=6
2014-10-25 /ejn/EJN_StaticPage.aspx Bread=10
2014-10-25 /ejn/EJN_StaticPage.aspx Bread=35
2014-10-25 /ejn/EJN_Home.aspx -
2014-10-25 /ejn/ -
2014-10-25 /ejn/libshowdocument.aspx Id=221&Lang=CS
2014-10-25 /ejn/AtlasChooseCountry.aspx -
2014-10-25 /ejn/EJN_Home.aspx -
2014-10-25 /ejn/AtlasChooseMeasure.aspx Mp=1&Cou=DE&Type=2
2014-10-25 /ejn/EJN_Home.aspx -
2014-10-25 /ejn/AtlasChooseCountry.aspx Type=2
2014-10-25 /ejn/AtlasChooseCountry.aspx Type=2
2014-10-25 /ejn/EJN_Home.aspx -
2014-10-25 /ejn/Events.aspx event=264
2014-10-25 /ejn/EJN_Home.aspx -
2014-10-25 /ejn/libdocumentproperties.aspx Id=989
2014-10-25 /ejn/libdocumentproperties.aspx Id=989
2014-10-25 /ejn/EJN_Home.aspx -
2014-10-25 /ejn/ -
2014-10-25 /ejn/EJN_Home.aspx -
2014-10-25 /ejn/EJN_Home.aspx -
2014-10-25 /ejn/EJN_StaticPage.aspx Bread=21
2014-10-25 /ejn/EJN_Home.aspx -
2014-10-25 /ejn/libdocumentproperties.aspx Id=990
2014-10-25 /ejn/libdocumentproperties.aspx Id=990
2014-10-25 /ejn/libdocumentproperties.aspx Id=989
2014-10-25 /ejn/libdocumentproperties.aspx Id=989
2014-10-25 /ejn/libdocumentproperties.aspx Id=989
2014-10-25 /ejn/EJN_Home.aspx -
2014-10-25 /ejn/EJN_StaticPage.aspx Bread=7
2014-10-25 /ejn/AtlasChooseCountry.aspx -
2014-10-25 /ejn/EJN_Home.aspx -
2014-10-25 /ejn/EJN_Home.aspx -
2014-10-25 /ejn/EJN_Home.aspx -
2014-10-25 /ejn/AtlasChooseMeasure.aspx Mp=1&Cou=FR&Type=2
2014-10-25 /ejn/EJN_AtlasAdvanced.aspx -
2014-10-25 /ejn/EJN_Home.aspx -
2014-10-25 /ejn/EJN_Home.aspx -
2014-10-25 /ejn/EJN_News.aspx id=49
2014-10-25 /ejn/EJN_News.aspx id=49
2014-10-25 /ejn/ -
2014-10-25 /ejn/Events.aspx event=273
2014-10-25 /ejn/ -
2014-10-25 /ejn/ -
2014-10-25 /ejn/AtlasChooseCountry.aspx Type=2
2014-10-25 /ejn/EJN_Home.aspx -
2014-10-25 /ejn/ -
2014-10-25 /ejn/AtlasChooseMeasure.aspx MP=0&Cou=337
2014-10-25 /ejn/AtlasChooseMeasure.aspx MP=0&Cou=337
2014-10-25 /ejn/AtlasChooseMeasure.aspx MP=0&Cou=337
2014-10-25 /ejn/AtlasSelection.aspx -
2014-10-25 /ejn/AtlasSelection.aspx -
2014-10-25 /ejn/AtlasSelection.aspx -
2014-10-25 /ejn/AtlasChooseAuthority.aspx -
2014-10-25 /ejn/EJN_StaticPage.aspx Bread=13
2014-10-25 /ejn/AtlasChooseAuthority.aspx/GetLocations -
2014-10-25 /ejn/AtlasChooseAuthority.aspx/GetLocations -
2014-10-25 /ejn/AtlasChooseAuthority.aspx/GetLocations -
2014-10-25 /ejn/AtlasChooseAuthority.aspx -
2014-10-25 /ejn/ -
2014-10-25 /ejn/ -
2014-10-25 /ejn/EJN_Home.aspx -
2014-10-25 /ejn/NewsDetail.aspx id=292&Ori=H
2014-10-25 /ejn/AtlasChooseAuthority.aspx -
2014-10-25 /ejn/AtlasChooseAuthority.aspx -
2014-10-25 /ejn/AtlasChooseAuthority.aspx -
2014-10-25 /ejn/EJN_Home.aspx -
2014-10-25 /ejn/EJN_StaticPage.aspx Bread=37
2014-10-25 /ejn/EJN_Home.aspx -
2014-10-25 /ejn/AtlasChooseAuthority.aspx/GetLocations -
2014-10-25 /ejn/AtlasChooseAuthority.aspx/GetLocations -
2014-10-25 /ejn/AtlasChooseAuthority.aspx -
2014-10-25 /ejn/AtlasChooseAuthority.aspx/GetLocations -
2014-10-25 /ejn/AtlasChooseAuthority.aspx/GetLocations -
2014-10-25 /ejn/AtlasChooseAuthority.aspx -
2014-10-25 /ejn/AtlasAuthorityData.aspx Id=2630
2014-10-25 /ejn/EJN_Home.aspx -
2014-10-25 /ejn/EJN_StaticPage.aspx Bread=12
2014-10-25 /ejn/EJN_Events.aspx date=20/03/2012
2014-10-25 /ejn/EJN_Home.aspx -
2014-10-25 /ejn/EJN_StaticPage.aspx Bread=22
2014-10-25 /ejn/AtlasChooseMeasure.aspx Mp=1&Cou=IT&Type=2
2014-10-25 /ejn/EJN_Home.aspx -
2014-10-25 /ejn/ -
2014-10-25 /ejn/EJN_Home.aspx -
2014-10-25 /ejn/EJN_AtlasAdvanced.aspx -
2014-10-25 /ejn/EJN_Home.aspx -
2014-10-25 /ejn/ -
2014-10-25 /ejn/EJN_Home.aspx -
2014-10-25 /ejn/EJN_Home.aspx -
2014-10-25 /ejn/EJN_Home.aspx -
2014-10-25 /ejn/EJN_Home.aspx -
2014-10-25 /ejn/EJN_StaticPage.aspx Bread=31
2014-10-25 /ejn/EJN_Home.aspx -
2014-10-25 /ejn/NewsDetail.aspx id=147&Ori=H
2014-10-25 /ejn/ -
2014-10-25 /ejn/EJN_Home.aspx -
2014-10-25 /ejn/ -
2014-10-25 /ejn/EJN_Login.aspx -
2014-10-25 /ejn/EJN_Login.aspx -
2014-10-25 /ejn/EJN_Login.aspx -
2014-10-25 /ejn/EJN_ContactPointsNew.aspx -
2014-10-25 /ejn/EJN_QuickLinks.aspx id=28
2014-10-25 /ejn/EJN_Home.aspx -
2014-10-25 /ejn/ -
2014-10-25 /ejn/AtlasChooseMeasure.aspx Mp=1&Cou=FR&Type=2
2014-10-25 /ejn/EJN_EAWWizard.aspx -
2014-10-25 /ejn/ctrls.eawwizard/IframeEngine.aspx -
2014-10-25 /ejn/EJN_StaticPage.aspx Bread=10
2014-10-25 /ejn/AtlasChooseCountry.aspx Type=2
2014-10-25 /ejn/AtlasChooseMeasure.aspx MP=1&Cou=FR
2014-10-25 /ejn/AtlasChooseMeasure.aspx MP=1&Cou=FR
2014-10-25 /ejn/AtlasChooseCountry.aspx Type=2
2014-10-25 /ejn/AtlasChooseMeasure.aspx MP=1&Cou=FR
2014-10-25 /ejn/EJN_FichesBelgesResult.aspx measure=101&country=273&other=-1
2014-10-25 /ejn/AtlasChooseMeasure.aspx MP=1&Cou=FR
2014-10-25 /ejn/AtlasChooseCountry.aspx Type=2
2014-10-25 /ejn/EJN_AtlasAdvanced.aspx -
2014-10-25 /ejn/EJN_Home.aspx -
2014-10-25 /ejn/ -
2014-10-25 /ejn/EJN_StaticPage.aspx Bread=12
2014-10-25 /ejn/libcategories.aspx Id=14
2014-10-25 /ejn/EJN_Home.aspx -
2014-10-25 /ejn/libshowdocument.aspx Id=1&Lang=PT
2014-10-25 /ejn/AtlasChooseCountry.aspx Type=2
2014-10-25 /ejn/EJN_StaticPage.aspx Bread=8
2014-10-25 /ejn/EJN_Home.aspx -
2014-10-25 /ejn/EJN_Home.aspx -
2014-10-25 /ejn/EJN_FichesBelgesResult.aspx measure=713&country=273&other=-1
2014-10-25 /ejn/EJN_FichesBelgesResult.aspx measure=801&country=273&other=-1
2014-10-25 /ejn/EJN_FichesBelgesResult.aspx measure=803&country=273&other=-1
2014-10-25 /ejn/EJN_Home.aspx -
2014-10-25 /ejn/sitemap.aspx -
2014-10-25 /ejn/EJN_Search.aspx -
2014-10-25 /ejn/EJN_FichesBelgesResult.aspx measure=706&country=273&other=-1
2014-10-25 /ejn/EJN_FichesBelgesResult.aspx measure=702&country=273&other=-1
2014-10-25 /ejn/EJN_FichesBelgesTable.aspx -
2014-10-25 /ejn/EJN_Home.aspx -
2014-10-25 /ejn/libshowdocument.aspx Id=16&Lang=ET
2014-10-25 /ejn/EJN_ContactUs.aspx &KeepThis=true&TB_iframe=true&height=650&width=900
2014-10-25 /ejn/ -
2014-10-25 /ejn/NewsDetail.aspx id=298&Ori=H
2014-10-25 /ejn/NewsDetail.aspx id=283&Ori=H
2014-10-25 /ejn/ -
2014-10-25 /ejn/AtlasChooseMeasure.aspx Mp=1&Cou=FR&Type=2
2014-10-25 /ejn/EJN_FichesBelgesResult.aspx measure=305&country=273&other=-1
2014-10-25 /ejn/EJN_Faqs.aspx -
2014-10-25 /ejn/EJN_Home.aspx -
2014-10-25 /ejn/EJN_Home.aspx -
2014-10-25 /ejn/ejn_home.aspx -
2014-10-25 /ejn/NewsDetail.aspx id=291&Ori=H
2014-10-25 /ejn/EJN_StaticPage.aspx Bread=4
2014-10-25 /ejn/EJN_StaticPage.aspx Bread=13
2014-10-25 /ejn/libdocumentproperties.aspx Id=628
2014-10-25 /ejn/EJN_Home.aspx -
2014-10-25 /ejn/EJN_ContactUs.aspx &KeepThis=true&
2014-10-25 /ejn/EJN_StaticPage.aspx Bread=8
2014-10-25 /ejn/EJN_StaticPage.aspx Bread=23
2014-10-25 /ejn/EJN_FichesBelgesResult.aspx measure=305&country=273&other=-1
2014-10-25 /ejn/EJN_Home.aspx -
2014-10-25 /ejn/ -
2014-10-25 /ejn/ -
2014-10-25 /ejn/AtlasChooseCountry.aspx Type=2
2014-10-25 /ejn/EJN_Home.aspx -
2014-10-25 /ejn/NewsDetail.aspx id=272&Ori=H
2014-10-25 /ejn/EJN_Home.aspx -
2014-10-25 /ejn/EJN_Home.aspx -
2014-10-25 /ejn/ -
2014-10-25 /ejn/AtlasChooseCountry.aspx Type=2
2014-10-25 /ejn/AtlasChooseMeasure.aspx MP=1&Cou=FR
2014-10-25 /ejn/libcategories.aspx Id=24
2014-10-25 /ejn/EJN_Home.aspx -
2014-10-25 /ejn/AtlasChooseMeasure.aspx MP=1&Cou=FR
2014-10-25 /ejn/AtlasChooseCountry.aspx Type=2
2014-10-25 /ejn/AtlasChooseMeasure.aspx MP=1&Cou=FR
2014-10-25 /ejn/AtlasChooseMeasure.aspx MP=1&Cou=FR
2014-10-25 /ejn/EJN_FichesBelgesResult.aspx measure=101&country=273&other=-1
2014-10-25 /ejn/EJN_Search.aspx -
2014-10-25 /ejn/AtlasChooseMeasure.aspx MP=0&Cou=295
2014-10-25 /ejn/EJN_Home.aspx -
2014-10-25 /ejn/ -
2014-10-25 /ejn/EJN_Home.aspx -
2014-10-25 /ejn/EJN_StaticPage.aspx Bread=12
2014-10-25 /ejn/AtlasChooseCountry.aspx Type=2
2014-10-25 /ejn/AtlasChooseMeasure.aspx MP=1&Cou=FR
2014-10-25 /ejn/EJN_Search.aspx -
2014-10-25 /ejn/AtlasChooseCountry.aspx Type=1
2014-10-25 /ejn/AtlasChooseMeasure.aspx MP=1&Cou=FR
2014-10-25 /ejn/AtlasSelection.aspx -
2014-10-25 /ejn/AtlasChooseAuthority.aspx -
2014-10-25 /ejn/ -
2014-10-25 /ejn/AtlasChooseAuthority.aspx/GetLocations -
2014-10-25 /ejn/ -
2014-10-25 /ejn/AtlasChooseAuthority.aspx/GetLocations -
2014-10-25 /ejn/AtlasChooseAuthority.aspx -
2014-10-25 /ejn/AtlasAuthorityData.aspx Id=4745
2014-10-25 /ejn/EJN_StaticPage.aspx Bread=1
2014-10-25 /ejn/EJN_AtlasAdvanced.aspx -
2014-10-25 /ejn/EJN_AtlasAdvanced.aspx -
2014-10-25 /ejn/EJN_Home.aspx -
2014-10-25 /ejn/EJN_ContactPointsnew.aspx -
2014-10-25 /ejn/EJN_Login.aspx -
2014-10-25 /ejn/EJN_Login.aspx -
2014-10-25 /ejn/EJN_Login.aspx -
2014-10-25 /ejn/EJN_Login.aspx -
2014-10-25 /ejn/ -
2014-10-25 /ejn/EJN_ContactPointsNew.aspx -
2014-10-25 /ejn/EJN_Home.aspx -
2014-10-25 /ejn/EJN_AtlasAdvanced.aspx -
2014-10-25 /ejn/EJN_Compendium.aspx -
2014-10-25 /ejn/ctrls.compendium/IframeEngine.aspx -
2014-10-25 /ejn/EJN_AtlasAdvanced.aspx -
2014-10-25 /ejn/EJN_StaticPage.aspx Bread=1
2014-10-25 /ejn/EJN_AtlasAdvanced.aspx -
2014-10-25 /ejn/EJN_FichesBelgesResult.aspx measure=702&country=295&other=-1
2014-10-25 /ejn/EJN_Home.aspx -
2014-10-25 /ejn/EJN_Home.aspx -
2014-10-25 /ejn/ -
2014-10-25 /ejn/EJN_Secretariat.aspx -
2014-10-25 /ejn/EJN_Home.aspx -
2014-10-25 /ejn/EJN_Home.aspx -
2014-10-25 /ejn/EJN_Home.aspx -
2014-10-25 /ejn/libcategories.aspx -
2014-10-25 /ejn/NewsDetail.aspx id=276&Ori=H
2014-10-25 /ejn/NewsDetail.aspx id=291&Ori=H
2014-10-25 /ejn/EJN_Home.aspx -
2014-10-25 /ejn/ -
2014-10-25 /ejn/Events.aspx Id=7
2014-10-25 /ejn/EJN_StaticPage.aspx Bread=5
2014-10-25 /ejn/EJN_Home.aspx -
2014-10-25 /ejn/EJN_Home.aspx -
2014-10-25 /forms.aspx -
2014-10-25 /ejn/EJN_AtlasAdvanced.aspx -
2014-10-25 /ejn/EJN_Home.aspx -
2014-10-25 /ejn/ -
2014-10-25 /ejn/EJN_Home.aspx -
2014-10-25 /ejn/Events.aspx Id=6
2014-10-25 /ejn/EJN_Home.aspx -
2014-10-25 /ejn/EJN_Home.aspx -
2014-10-25 /ejn_tools.aspx -
2014-10-25 /ejn_tools.aspx -
2014-10-25 /ejn/ -
2014-10-25 /ejn/EJN_StaticPage.aspx Bread=19
2014-10-25 /ejn/EJN_Home.aspx -
2014-10-25 /ejn/EJN_StaticPage.aspx Bread=22
2014-10-25 /ejn/EJN_Home.aspx -
2014-10-25 /ejn/EJN_StaticPage.aspx Bread=27
2014-10-25 /ejn/EJN_Home.aspx -
2014-10-25 /ejn/ -
2014-10-25 /ejn/NewsAll.aspx Id=2
2014-10-25 /ejn/ejn_home.aspx -
2014-10-25 /ejn/EJN_Home.aspx -
2014-10-25 /ejn/libcategories.aspx Id=14
2014-10-25 /ejn/EJN_Home.aspx -
2014-10-25 /ejn/EJN_Home.aspx -
2014-10-25 /ejn/EJN_QuickLinks.aspx id=24
2014-10-25 /ejn/EJN_StaticPage.aspx Bread=24
2014-10-25 /ejn/EJN_Home.aspx -
2014-10-25 /ejn/ -
2014-10-25 /ejn/EJN_StaticPage.aspx Bread=18
2014-10-25 /ejn/EJN_Home.aspx -
2014-10-25 /ejn/AtlasChooseMeasure.aspx Mp=1&Cou=FR&Type=2
2014-10-25 /ejn/EJN_Home.aspx -
2014-10-25 /ejn/EJN_EAWWizard.aspx -
2014-10-25 /ejn/EJN_Home.aspx -
2014-10-25 /ejn/ -
2014-10-25 /ejn/NewsDetail.aspx id=287&Ori=H
2014-10-25 /ejn/EJN_Home.aspx -
2014-10-25 /ejn/EJN_AtlasAdvanced.aspx -
2014-10-25 /ejn/EJN_StaticPage.aspx Bread=16
2014-10-25 /ejn/libcategories.aspx Id=2
2014-10-25 /ejn/EJN_Home.aspx -
2014-10-25 /ejn/ -
2014-10-25 /ejn/EJN_AtlasAdvanced.aspx -
2014-10-25 /ejn/EJN_Home.aspx -
2014-10-25 /ejn/EJN_News.aspx -
2014-10-25 /ejn/EJN_News.aspx -
2014-10-25 /ejn/EJN_Home.aspx -
2014-10-25 /ejn/AtlasChooseMeasure.aspx MP=1&Cou=DE
2014-10-25 /ejn/EJN_Home.aspx -
2014-10-25 /ejn/EJN_Home.aspx -
2014-10-25 /ejn/EJN_Home.aspx -
2014-10-25 /ejn/libshowdocument.aspx Id=247&Lang=BG
2014-10-25 /ejn/libshowdocument.aspx Id=247&Lang=BG
2014-10-25 /ejn/EJN_Home.aspx -
2014-10-25 /ejn/EJN_QuickLinks.aspx -
2014-10-25 /ejn/EJN_Home.aspx -
2014-10-25 /ejn/ -
2014-10-25 /ejn/EJN_Home.aspx -
2014-10-25 /ejn/EJN_Home.aspx -
2014-10-25 /ejn/ -
2014-10-25 /ejn/EJN_AtlasAdvanced.aspx -
2014-10-25 /ejn/EJN_Home.aspx -
2014-10-25 /ejn/EJN_Home.aspx -
2014-10-25 /ejn/EJN_Home.aspx -
2014-10-25 /ejn/ -
2014-10-25 /ejn/EJN_Home.aspx -
2014-10-25 /ejn/EJN_News.aspx id=33
2014-10-25 /ejn/EJN_News.aspx id=33
2014-10-25 /ejn/EJN_News.aspx id=36
2014-10-25 /ejn/EJN_News.aspx id=36
2014-10-25 /ejn/EJN_Home.aspx -
2014-10-25 /ejn/EJN_AtlasAdvancedOld.aspx ctyCode=SK
2014-10-25 /ejn/EJN_Home.aspx -
2014-10-25 /ejn/EJN_StaticPage.aspx Bread=10
2014-10-25 /ejn/EJN_Home.aspx -
2014-10-25 /ejn/EJN_Home.aspx -
2014-10-25 /ejn/ -
2014-10-25 /ejn/EJN_Home.aspx -
2014-10-25 /ejn/EJN_Home.aspx -
2014-10-25 /ejn/ -
2014-10-25 /ejn/EJN_Home.aspx -
2014-10-25 /ejn/EJN_Home.aspx -
2014-10-25 /ejn/libshowdocument.aspx Id=197&Lang=CS
2014-10-25 /ejn/libshowdocument.aspx Id=197&Lang=CS
2014-10-25 /ejn/EJN_Home.aspx -
2014-10-25 /ejn/EJN_AtlasAdvanced.aspx -
2014-10-25 /ejn/EJN_AtlasAdvanced.aspx -
2014-10-25 /ejn/ -
2014-10-25 /ejn/EJN_AtlasAdvanced.aspx -
2014-10-25 /ejn/EJN_Home.aspx -
2014-10-25 /ejn/ -
2014-10-25 /ejn/EJN_Home.aspx -
2014-10-25 /ejn/ejn_home.aspx -
2014-10-25 /ejn/EJN_Home.aspx -
2014-10-25 /ejn/EJN_Home.aspx -
2014-10-25 /ejn/EJN_Home.aspx -
2014-10-25 /ejn/EJN_Home.aspx -
2014-10-25 /ejn/libcategories.aspx Id=36
2014-10-25 /ejn/EJN_Home.aspx -
2014-10-25 /ejn/NewsDetail.aspx id=287&Ori=H
2014-10-25 /ejn/EJN_Home.aspx -
2014-10-25 /ejn/ -
2014-10-25 /ejn/EJN_Home.aspx -
2014-10-25 /ejn/ -
2014-10-25 /ejn/EJN_Home.aspx -
2014-10-25 /ejn/EJN_Home.aspx -
2014-10-25 /ejn/EJN_Home.aspx -
2014-10-25 /ejn/EJN_Home.aspx -
2014-10-25 /ejn/AtlasChooseCountry.aspx -
2014-10-25 /ejn/EJN_Home.aspx -
2014-10-25 /ejn/EJN_AtlasAdvanced.aspx -
2014-10-25 /ejn/EJN_Home.aspx -
2014-10-25 /ejn/EJN_Home.aspx -
2014-10-25 /ejn/ -
2014-10-25 /ejn/EJN_Home.aspx -
2014-10-25 /ejn/EJN_Home.aspx -
2014-10-25 /ejn/EJN_Home.aspx -
2014-10-25 /ejn/EJN_Home.aspx -
2014-10-25 /ejn/EJN_Events.aspx date=09/06/2011
2014-10-25 /ejn/EJN_Events.aspx date=09/06/2011
2014-10-25 /ejn/EJN_Home.aspx -
2014-10-25 /ejn/libshowdocument.aspx Id=247&Lang=NL
2014-10-25 /ejn/libshowdocument.aspx Id=247&Lang=NL
2014-10-25 /ejn/ -
2014-10-25 /ejn/EJN_Home.aspx -
2014-10-25 /ejn/EJN_AtlasAdvanced.aspx -
2014-10-25 /ejn/EJN_Home.aspx -
2014-10-25 /ejn/ -
2014-10-25 /ejn/EJN_Home.aspx -
2014-10-25 /ejn/EJN_Home.aspx -
2014-10-25 /ejn/EJN_Home.aspx -
2014-10-25 /ejn/NewsDetail.aspx id=82&Ori=H
2014-10-25 /ejn/EJN_Home.aspx -
2014-10-25 /ejn/ -
2014-10-25 /ejn/EJN_Home.aspx -
2014-10-25 /ejn/EJN_Home.aspx -
2014-10-25 /ejn/EJN_EAWAtlas.aspx -
2014-10-25 /ejn/EJN_Error.aspx -
2014-10-25 /ejn/EJN_Home.aspx -
2014-10-25 /ejn/EJN_Home.aspx -
2014-10-25 /ejn/ -
2014-10-25 /ejn/EJN_Home.aspx -
2014-10-25 /ejn/EJN_Home.aspx -
2014-10-25 /ejn/ -
2014-10-25 /ejn/EJN_StaticPage.aspx Bread=32
2014-10-25 /ejn/EJN_Home.aspx -
2014-10-25 /ejn/ejn_home.aspx -
2014-10-25 /ejn/ejn_home.aspx -
2014-10-25 /ejn/EJN_Home.aspx -
2014-10-25 /ejn/EJN_ContactPoints.aspx -
2014-10-25 /ejn/EJN_ContactPoints.aspx -
2014-10-25 /ejn/libshowdocument.aspx Id=16&Lang=RO
2014-10-25 /ejn/libshowdocument.aspx Id=16&Lang=RO
2014-10-25 /ejn/EJN_AtlasAdvanced.aspx -
2014-10-25 /ejn/EJN_Home.aspx -
2014-10-25 /ejn/EJN_StaticPage.aspx Bread=14
2014-10-25 /ejn/EJN_Home.aspx -
2014-10-25 /ejn/ -
2014-10-25 /ejn/EJN_Home.aspx -
2014-10-25 /ejn/EJN_Home.aspx -
2014-10-25 /ejn/EJN_Home.aspx -
2014-10-25 /ejn/EJN_Home.aspx -
2014-10-25 /ejn/ejn_home.aspx -
2014-10-25 /ejn/ -
2014-10-25 /ejn/ -
2014-10-25 /ejn/ -
2014-10-25 /ejn/EJN_Home.aspx -
2014-10-25 /ejn/EJN_AtlasAdvancedOld.aspx ctyCode=SK
2014-10-25 /ejn/EJN_AtlasAdvancedOld.aspx ctyCode=SK
2014-10-25 /ejn/EJN_AtlasAdvanced.aspx -
2014-10-25 /ejn/EJN_Home.aspx -
2014-10-25 /aspx/ -
2014-10-25 /a/.aspx -
2014-10-25 /FileN0tEx15T.aspx -
2014-10-25 /default.aspx -
2014-10-25 /default.aspx -
2014-10-25 /login.aspx ReturnUrl=default.aspx%22%20onclick=%22alert('QG_DETECTED_XSS')
2014-10-25 /Logon.aspx -
2014-10-25 /Pages/default.aspx -
2014-10-25 /SitePages/Home.aspx -
2014-10-25 /F1le.aspx -
2014-10-25 /admin/deleteicon.aspx -
2014-10-25 /Reach/Client/WebPages/ReachJoin.aspx -
2014-10-25 /N0tAcHaNCE.aspx -
2014-10-25 /Citrix/XenApp/auth/login.aspx CTX_MessageType=WARNING&CTX_MessageKey=NoUsableClientDetected
2014-10-25 /AUX/.aspx -
2014-10-25 /ejn/EJN_Home.aspx -
2014-10-25 /ejn/ -
2014-10-25 /ejn/EJN_Home.aspx -
2014-10-25 /ejn/EJN_Home.aspx -
2014-10-25 /ejn/EJN_FichesBelgesTable.aspx -
2014-10-25 /ejn/EJN_Error.aspx -
2014-10-25 /ejn/EJN_Home.aspx -
2014-10-25 /ejn/EJN_Home.aspx -
2014-10-25 /ejn/ -
2014-10-25 /ejn/EJN_Error.aspx -
2014-10-25 /ejn/EJN_Home.aspx -
2014-10-25 /ejn/EJN_Home.aspx -
2014-10-25 /ejn/ -
2014-10-25 /ejn/EJN_Home.aspx -
2014-10-25 /ejn/EJN_Home.aspx -
2014-10-25 /ejn/ -
2014-10-25 /ejn/EJN_Home.aspx -
2014-10-25 /ejn/EJN_Home.aspx -
2014-10-25 /ejn/EJN_AtlasAdvanced.aspx -
2014-10-25 /ejn/AtlasChooseAuthority.aspx -
2014-10-25 /ejn/EJN_Error.aspx -
2014-10-25 /ejn/EJN_Home.aspx -
2014-10-25 /ejn/EJN_Home.aspx -
2014-10-25 /ejn/EJN_Home.aspx -
2014-10-25 /ejn/ -
2014-10-25 /ejn/EJN_Home.aspx -
2014-10-25 /ejn/EJN_Home.aspx -
2014-10-25 /ejn/EJN_Home.aspx -
2014-10-25 /ejn/ -
2014-10-25 /ejn/EJN_Home.aspx -
2014-10-25 /default.aspx -
2014-10-25 /default.aspx -
2014-10-25 /ejn/EJN_Home.aspx -
2014-10-25 /ejn/EJN_Home.aspx -
2014-10-25 /ejn/ -
2014-10-25 /ejn/EJN_Home.aspx -
2014-10-25 /ejn/EJN_AtlasAdvanced.aspx -
2014-10-25 /ejn/EJN_Home.aspx -
2014-10-25 /ejn/EJN_Home.aspx -
2014-10-25 /ejn/ -
2014-10-25 /ejn/EJN_Home.aspx -
2014-10-25 /ejn/EJN_Home.aspx -
2014-10-25 /ejn/EJN_Home.aspx -
2014-10-25 /ejn/AtlasChooseMeasure.aspx MP=1&Cou=LT
2014-10-25 /ejn/EJN_Home.aspx -
2014-10-25 /ejn/ -
2014-10-25 /ejn/EJN_Home.aspx -
2014-10-25 /ejn/EJN_Home.aspx -
2014-10-25 /ejn/EJN_Home.aspx -
2014-10-25 /ejn/ -
2014-10-25 /ejn/EJN_Home.aspx -
2014-10-25 /ejn/libcategories.aspx Id=32
2014-10-25 /ejn/EJN_Home.aspx -
2014-10-25 /ejn/EJN_AtlasAdvanced.aspx -
2014-10-25 /ejn/EJN_Home.aspx -
2014-10-25 /ejn/ -
2014-10-25 /ejn/EJN_Home.aspx -
2014-10-25 /ejn/EJN_Events.aspx date=29/03/2012
2014-10-25 /ejn/EJN_Home.aspx -
2014-10-25 /ejn/EJN_Home.aspx -
2014-10-25 /ejn/ -
2014-10-25 /ejn/EJN_Home.aspx -
2014-10-25 /ejn/ -
2014-10-25 /ejn/EJN_Home.aspx -
2014-10-25 /ejn/EJN_Home.aspx -
2014-10-25 /ejn/ -
2014-10-25 /ejn/EJN_Home.aspx -
2014-10-25 /ejn/EJN_Home.aspx -
2014-10-25 /ejn/ -
2014-10-25 /ejn/EJN_Home.aspx -
2014-10-25 /ejn/EJN_AtlasAdvanced.aspx -
2014-10-25 /ejn/EJN_Home.aspx -
2014-10-25 /ejn/ -
2014-10-25 /ejn/EJN_Home.aspx -
2014-10-25 /ejn/EJN_Home.aspx -
2014-10-25 /ejn/EJN_AtlasAdvanced.aspx -
2014-10-25 /ejn/EJN_Home.aspx -
2014-10-25 /ejn/ -
2014-10-25 /ejn/ejn_infoabout.aspx -
2014-10-25 /ejn/ -
2014-10-25 /ejn/EJN_Home.aspx -
2014-10-25 /ejn/EJN_Home.aspx -
2014-10-25 /ejn/EJN_Home.aspx -
2014-10-25 /ejn/EJN_Home.aspx -
2014-10-25 /ejn/ -
2014-10-25 /ejn/Events.aspx event=155
2014-10-25 /ejn/EJN_Home.aspx -
