2015-01-04 /ejn/EJN_Home.aspx -
2015-01-04 /ejn/ -
2015-01-04 /ejn/EJN_AtlasAdvanced.aspx -
2015-01-04 /ejn/EJN_Home.aspx -
2015-01-04 /ejn/EJN_Home.aspx -
2015-01-04 /ejn/EJN_FichesBelges.aspx -
2015-01-04 /ejn/EJN_Home.aspx -
2015-01-04 /ejn/EJN_Home.aspx -
2015-01-04 /ejn/ -
2015-01-04 /ejn/EJN_AtlasAdvanced.aspx -
2015-01-04 /ejn/EJN_Home.aspx -
2015-01-04 /ejn/ -
2015-01-04 /ejn/EJN_Home.aspx -
2015-01-04 /ejn/EJN_Home.aspx -
2015-01-04 /ejn/EJN_Home.aspx -
2015-01-04 /ejn/EJN_Home.aspx -
2015-01-04 /ejn/EJN_AtlasAdvanced.aspx -
2015-01-04 /ejn/EJN_StaticPage.aspx Bread=10
2015-01-04 /ejn/EJN_Home.aspx -
2015-01-04 /ejn/EJN_Home.aspx -
2015-01-04 /ejn/EJN_Home.aspx -
2015-01-04 /ejn/EJN_Home.aspx -
2015-01-04 /ejn/EJN_Home.aspx -
2015-01-04 /ejn/EJN_Home.aspx -
2015-01-04 /ejn/NewsDetail.aspx id=193&Ori=H
2015-01-04 /ejn/EJN_Home.aspx -
2015-01-04 /ejn/EJN_Home.aspx -
2015-01-04 /ejn/EJN_Home.aspx -
2015-01-04 /ejn/EJN_Home.aspx -
2015-01-04 /ejn/EJN_Home.aspx -
2015-01-04 /ejn/EJN_Home.aspx -
2015-01-04 /ejn/ -
2015-01-04 /ejn/EJN_Home.aspx -
2015-01-04 /ejn/ -
2015-01-04 /ejn/EJN_Home.aspx -
2015-01-04 /ejn/EJN_Home.aspx -
2015-01-04 /ejn/ -
2015-01-04 /ejn/ -
2015-01-04 /ejn/ -
2015-01-04 /ejn/EJN_AtlasAdvanced.aspx -
2015-01-04 /ejn/EJN_Home.aspx -
2015-01-04 /ejn/EJN_Home.aspx -
2015-01-04 /ejn/EJN_Home.aspx -
2015-01-04 /ejn/EJN_Home.aspx -
2015-01-04 /ejn/EJN_ContactUs.aspx -
2015-01-04 /ejn/ -
2015-01-04 /ejn/EJN_Home.aspx -
2015-01-04 /ejn/ -
2015-01-04 /ejn/EJN_Home.aspx -
2015-01-04 /ejn/EJN_Home.aspx -
2015-01-04 /ejn/EJN_Home.aspx -
2015-01-04 /ejn/EJN_Home.aspx -
2015-01-04 /ejn/ -
2015-01-04 /ejn/EJN_Home.aspx -
2015-01-04 /ejn/EJN_Home.aspx -
2015-01-04 /ejn/EJN_Home.aspx -
2015-01-04 /ejn/EJN_AtlasAdvanced.aspx -
2015-01-04 /ejn/EJN_Home.aspx -
2015-01-04 /ejn/EJN_Home.aspx -
2015-01-04 /ejn/EJN_Home.aspx -
2015-01-04 /ejn/EJN_Home.aspx -
2015-01-04 /ejn/ -
2015-01-04 /ejn/EJN_Home.aspx -
2015-01-04 /ejn/EJN_Home.aspx -
2015-01-04 /ejn/EJN_Home.aspx -
2015-01-04 /ejn/EJN_Home.aspx -
2015-01-04 /ejn/ -
2015-01-04 /ejn/EJN_AtlasAdvanced.aspx -
2015-01-04 /ejn/EJN_Home.aspx -
2015-01-04 /ejn/EJN_Home.aspx -
2015-01-04 /ejn/ -
2015-01-04 /ejn/EJN_Home.aspx -
2015-01-04 /ejn/ -
2015-01-04 /ejn/EJN_AtlasAdvanced.aspx -
2015-01-04 /ejn/sitemap.aspx -
2015-01-04 /ejn/EJN_Faqs.aspx -
2015-01-04 /ejn/ejn_home.aspx -
2015-01-04 /ejn/EJN_StaticPage.aspx Bread=7
2015-01-04 /ejn/EJN_ContactUs.aspx &KeepThis=true&TB_iframe=true&height=650&width=900
2015-01-04 /ejn/EJN_StaticPage.aspx Bread=8
2015-01-04 /ejn/EJN_StaticPage.aspx Bread=4
2015-01-04 /ejn/EJN_Home.aspx -
2015-01-04 /ejn/ -
2015-01-04 /ejn/EJN_Search.aspx -
2015-01-04 /ejn/EJN_AtlasAdvanced.aspx -
2015-01-04 /ejn/ -
2015-01-04 /ejn/ -
2015-01-04 /ejn/ -
2015-01-04 /ejn/EJN_StaticPage.aspx Bread=2
2015-01-04 /ejn/libcategories.aspx Id=25
2015-01-04 /ejn/libcategories.aspx Id=34
2015-01-04 /ejn/EJN_StaticPage.aspx Bread=39
2015-01-04 /ejn/libcategories.aspx Id=32
2015-01-04 /ejn/AtlasChooseMeasure.aspx MP=1&Cou=UK&Type=2
2015-01-04 /ejn/EJN_StaticPage.aspx Bread=9
2015-01-04 /ejn/libcategories.aspx Id=24
2015-01-04 /ejn/libcategories.aspx Id=14
2015-01-04 /ejn/EJN_Secretariat.aspx -
2015-01-04 /ejn/EJN_StaticPage.aspx Bread=16
2015-01-04 /ejn/EJN_StaticPage.aspx Bread=27
2015-01-04 /ejn/EJN_StaticPage.aspx Bread=28
2015-01-04 /ejn/EJN_StaticPage.aspx Bread=10
2015-01-04 /ejn/Gallery.aspx -
2015-01-04 /ejn/EJN_StaticPage.aspx Bread=13
2015-01-04 /ejn/EJN_StaticPage.aspx Bread=14
2015-01-04 /ejn/EJN_StaticPage.aspx Bread=17
2015-01-04 /ejn/EJN_StaticPage.aspx Bread=21
2015-01-04 /ejn/EJN_Home.aspx -
2015-01-04 /ejn/EJN_Home.aspx -
2015-01-04 /ejn/EJN_StaticPage.aspx Bread=25
2015-01-04 /ejn/EJN_StaticPage.aspx Bread=32
2015-01-04 /ejn/EJN_StaticPage.aspx Bread=30
2015-01-04 /ejn/EJN_StaticPage.aspx Bread=20
2015-01-04 /ejn/EJN_StaticPage.aspx Bread=18
2015-01-04 /ejn/EJN_StaticPage.aspx Bread=31
2015-01-04 /ejn/EJN_StaticPage.aspx Bread=24
2015-01-04 /ejn/EJN_StaticPage.aspx Bread=33
2015-01-04 /ejn/EJN_StaticPage.aspx Bread=34
2015-01-04 /ejn/EJN_StaticPage.aspx Bread=35
2015-01-04 /ejn/ -
2015-01-04 /ejn/EJN_AtlasAdvanced.aspx -
2015-01-04 /ejn/Events.aspx id=6
2015-01-04 /ejn/NewsDetail.aspx id=346&Ori=H
2015-01-04 /ejn/NewsDetail.aspx id=344&Ori=H
2015-01-04 /ejn/EJN_StaticPage.aspx Bread=23
2015-01-04 /ejn/EJN_StaticPage.aspx Bread=22
2015-01-04 /ejn/EJN_StaticPage.aspx Bread=37
2015-01-04 /ejn/EJN_StaticPage.aspx Bread=26
2015-01-04 /ejn/EJN_StaticPage.aspx Bread=36
2015-01-04 /ejn/EJN_StaticPage.aspx Bread=19
2015-01-04 /ejn/EJN_StaticPage.aspx Bread=38
2015-01-04 /ejn/ -
2015-01-04 /ejn/EJN_AtlasAdvanced.aspx -
2015-01-04 /ejn/NewsAll.aspx Id=2
2015-01-04 /ejn/NewsAll.aspx Id=3
2015-01-04 /ejn/Events.aspx event=318
2015-01-04 /ejn/Events.aspx Id=7
2015-01-04 /ejn/NewsAll.aspx Id=5
2015-01-04 /ejn/Events.aspx Id=6
2015-01-04 /ejn/Events.aspx event=322
2015-01-04 /ejn/NewsAll.aspx Id=4
2015-01-04 /ejn/NewsAll.aspx Id=1
2015-01-04 /ejn/Events.aspx id=7
2015-01-04 /ejn/Events.aspx -
2015-01-04 /ejn/EJN_InfoAbout.aspx Id=230
2015-01-04 /ejn/EJN_InfoAbout.aspx Id=239
2015-01-04 /ejn/EJN_SubscribeNewsLetter.aspx -
2015-01-04 /ejn/EJN_InfoAbout.aspx Id=223
2015-01-04 /ejn/NewsAll.aspx -
2015-01-04 /ejn/EJN_InfoAbout.aspx Id=432
2015-01-04 /ejn/EJN_InfoAbout.aspx Id=293
2015-01-04 /ejn/EJN_InfoAbout.aspx Id=272
2015-01-04 /ejn/EJN_InfoAbout.aspx Id=279
2015-01-04 /ejn/EJN_InfoAbout.aspx Id=277
2015-01-04 /ejn/EJN_InfoAbout.aspx Id=269
2015-01-04 /ejn/EJN_InfoAbout.aspx Id=273
2015-01-04 /ejn/EJN_InfoAbout.aspx Id=258
2015-01-04 /ejn/EJN_InfoAbout.aspx Id=259
2015-01-04 /ejn/EJN_InfoAbout.aspx Id=260
2015-01-04 /ejn/EJN_InfoAbout.aspx Id=287
2015-01-04 /ejn/EJN_QuickLinks.aspx id=23
2015-01-04 /ejn/EJN_Home.aspx -
2015-01-04 /ejn/EJN_Home.aspx -
2015-01-04 /ejn/EJN_InfoAbout.aspx Id=368
2015-01-04 /ejn/EJN_InfoAbout.aspx Id=354
2015-01-04 /ejn/EJN_InfoAbout.aspx Id=352
2015-01-04 /ejn/EJN_InfoAbout.aspx Id=351
2015-01-04 /ejn/EJN_InfoAbout.aspx Id=307
2015-01-04 /ejn/EJN_InfoAbout.aspx Id=295
2015-01-04 /ejn/EJN_InfoAbout.aspx Id=337
2015-01-04 /ejn/EJN_InfoAbout.aspx Id=314
2015-01-04 /ejn/EJN_InfoAbout.aspx Id=321
2015-01-04 /ejn/EJN_InfoAbout.aspx Id=313
2015-01-04 /ejn/EJN_Home.aspx -
2015-01-04 /ejn/EJN_Home.aspx -
2015-01-04 /ejn/EJN_Home.aspx -
2015-01-04 /ejn/EJN_InfoAbout.aspx Id=364
2015-01-04 /ejn/EJN_InfoAbout.aspx Id=435
2015-01-04 /ejn/EJN_InfoAbout.aspx Id=215
2015-01-04 /ejn/EJN_InfoAbout.aspx Id=378
2015-01-04 /ejn/EJN_InfoAbout.aspx Id=395
2015-01-04 /ejn/EJN_InfoAbout.aspx Id=288
2015-01-04 /ejn/EJN_InfoAbout.aspx Id=434
2015-01-04 /ejn/EJN_InfoAbout.aspx Id=369
2015-01-04 /ejn/EJN_InfoAbout.aspx Id=389
2015-01-04 /ejn/EJN_InfoAbout.aspx Id=373
2015-01-04 /ejn/AtlasChooseCountry.aspx Type=1
2015-01-04 /ejn/EJN_Login.aspx -
2015-01-04 /ejn/EJN_InfoAbout.aspx Id=342
2015-01-04 /ejn/EJN_FichesBelges.aspx -
2015-01-04 /ejn/EJN_StaticPage.aspx Bread=1
2015-01-04 /ejn/EJN_InfoAbout.aspx Id=430
2015-01-04 /ejn/EJN_InfoAbout.aspx Id=433
2015-01-04 /ejn/AtlasChooseCountry.aspx Type=2
2015-01-04 /ejn/EJN_StaticPage.aspx Bread=3
2015-01-04 /ejn/EJN_Compendium.aspx -
2015-01-04 /ejn/Events.aspx -
2015-01-04 /ejn/EJN_Home.aspx -
2015-01-04 /ejn/EJN_QuickLinks.aspx id=28
2015-01-04 /ejn/EJN_StaticPage.aspx Bread=12
2015-01-04 /ejn/EJN_QuickLinks.aspx id=27
2015-01-04 /ejn/EJN_QuickLinks.aspx id=25
2015-01-04 /ejn/EJN_QuickLinks.aspx id=26
2015-01-04 /ejn/EJN_QuickLinks.aspx id=23
2015-01-04 /ejn/EJN_QuickLinks.aspx id=24
2015-01-04 /ejn/libcategories.aspx -
2015-01-04 /ejn/EJN_StaticPage.aspx Bread=11
2015-01-04 /ejn/EJN_EAWWizard.aspx -
2015-01-04 /ejn/EJN_Faqs.aspx cat=1
2015-01-04 /ejn/EJN_StaticPage.aspx Bread=5
2015-01-04 /ejn/ejn_staticpage.aspx Bread=7
2015-01-04 /ejn/ejn_search.aspx -
2015-01-04 /ejn/EJN_Faqs.aspx cat=2
2015-01-04 /ejn/ejn_staticpage.aspx Bread=8
2015-01-04 /ejn/EJN_QuickLinks.aspx -
2015-01-04 /ejn/libcategories.aspx Id=2
2015-01-04 /ejn/ejn_faqs.aspx -
2015-01-04 /ejn/ -
2015-01-04 /ejn/libcategories.aspx id=1
2015-01-04 /ejn/ejn_staticpage.aspx Bread=4
2015-01-04 /ejn/libadvancedsearch.aspx -
2015-01-04 /ejn/libshowdocument.aspx Id=99&Lang=DK
2015-01-04 /ejn/libdocumentproperties.aspx Id=99
2015-01-04 /ejn/libshowdocument.aspx Id=99&Lang=DE
2015-01-04 /ejn/libshowdocument.aspx Id=99&Lang=CS
2015-01-04 /ejn/libshowdocument.aspx Id=99&Lang=BG
2015-01-04 /ejn/EJN_AtlasAdvanced.aspx -
2015-01-04 /ejn/libshowdocument.aspx Id=99&Lang=IT
2015-01-04 /ejn/libshowdocument.aspx Id=99&Lang=ET
2015-01-04 /ejn/libshowdocument.aspx Id=99&Lang=LT
2015-01-04 /ejn/libshowdocument.aspx Id=99&Lang=EL
2015-01-04 /ejn/libshowdocument.aspx Id=99&Lang=FI
2015-01-04 /ejn/libshowdocument.aspx Id=99&Lang=EN
2015-01-04 /ejn/libshowdocument.aspx Id=99&Lang=ES
2015-01-04 /ejn/libshowdocument.aspx Id=99&Lang=FR
2015-01-04 /ejn/libshowdocument.aspx Id=99&Lang=HR
2015-01-04 /ejn/libshowdocument.aspx Id=99&Lang=HU
2015-01-04 /ejn/EJN_AtlasAdvanced.aspx -
2015-01-04 /ejn/ -
2015-01-04 /ejn/libshowdocument.aspx Id=99&Lang=PT
2015-01-04 /ejn/libdocumentproperties.aspx Id=3
2015-01-04 /ejn/libshowdocument.aspx Id=99&Lang=SL
2015-01-04 /ejn/libshowdocument.aspx Id=99&Lang=MT
2015-01-04 /ejn/libshowdocument.aspx Id=99&Lang=NL
2015-01-04 /ejn/libshowdocument.aspx Id=99&Lang=SV
2015-01-04 /ejn/libshowdocument.aspx Id=99&Lang=LV
2015-01-04 /ejn/libshowdocument.aspx Id=99&Lang=SK
2015-01-04 /ejn/libshowdocument.aspx Id=99&Lang=PL
2015-01-04 /ejn/libshowdocument.aspx Id=99&Lang=RO
2015-01-04 /ejn/EJN_Home.aspx -
2015-01-04 /ejn/libshowdocument.aspx Id=3&Lang=FI
2015-01-04 /ejn/libshowdocument.aspx Id=3&Lang=DE
2015-01-04 /ejn/libshowdocument.aspx Id=3&Lang=ES
2015-01-04 /ejn/libshowdocument.aspx Id=3&Lang=CS
2015-01-04 /ejn/libshowdocument.aspx Id=3&Lang=FR
2015-01-04 /ejn/libshowdocument.aspx Id=3&Lang=EL
2015-01-04 /ejn/libshowdocument.aspx Id=3&Lang=ET
2015-01-04 /ejn/libshowdocument.aspx Id=3&Lang=EN
2015-01-04 /ejn/libshowdocument.aspx Id=3&Lang=BG
2015-01-04 /ejn/libshowdocument.aspx Id=3&Lang=DK
2015-01-04 /ejn/libshowdocument.aspx Id=3&Lang=LV
2015-01-04 /ejn/libshowdocument.aspx Id=3&Lang=LT
2015-01-04 /ejn/libshowdocument.aspx Id=3&Lang=NL
2015-01-04 /ejn/libshowdocument.aspx Id=3&Lang=HU
2015-01-04 /ejn/libshowdocument.aspx Id=3&Lang=PT
2015-01-04 /ejn/libshowdocument.aspx Id=3&Lang=PL
2015-01-04 /ejn/libshowdocument.aspx Id=3&Lang=IT
2015-01-04 /ejn/libshowdocument.aspx Id=3&Lang=RO
2015-01-04 /ejn/libshowdocument.aspx Id=3&Lang=SK
2015-01-04 /ejn/libshowdocument.aspx Id=3&Lang=MT
2015-01-04 /ejn/EJN_Home.aspx -
2015-01-04 /ejn/libshowdocument.aspx Id=3&Lang=SV
2015-01-04 /ejn/libdocumentproperties.aspx Id=781
2015-01-04 /ejn/libshowdocument.aspx Id=781&Lang=DK
2015-01-04 /ejn/libshowdocument.aspx Id=781&Lang=DE
2015-01-04 /ejn/libshowdocument.aspx Id=781&Lang=BG
2015-01-04 /ejn/libshowdocument.aspx Id=781&Lang=EN
2015-01-04 /ejn/libshowdocument.aspx Id=781&Lang=EL
2015-01-04 /ejn/libshowdocument.aspx Id=3&Lang=SL
2015-01-04 /ejn/libshowdocument.aspx Id=781&Lang=CS
2015-01-04 /ejn/libshowdocument.aspx Id=781&Lang=ES
2015-01-04 /ejn/libshowdocument.aspx Id=781&Lang=ET
2015-01-04 /ejn/EJN_Home.aspx -
2015-01-04 /ejn/EJN_Home.aspx -
2015-01-04 /ejn/ -
2015-01-04 /ejn/libcategories.aspx Id=14
2015-01-04 /ejn/EJN_Home.aspx -
2015-01-04 /ejn/libcategories.aspx -
2015-01-04 /ejn/EJN_Home.aspx -
2015-01-04 /ejn/libcategories.aspx Id=21
2015-01-04 /ejn/EJN_Home.aspx -
2015-01-04 /ejn/Events.aspx id=7
2015-01-04 /ejn/ -
2015-01-04 /ejn/EJN_QuickLinks.aspx id=24
2015-01-04 /ejn/EJN_Home.aspx -
2015-01-04 /ejn/EJN_Home.aspx -
2015-01-04 /ejn/EJN_Home.aspx -
2015-01-04 /ejn/EJN_Home.aspx -
2015-01-04 /ejn/EJN_Home.aspx -
2015-01-04 /ejn/EJN_Home.aspx -
2015-01-04 /ejn/EJN_Home.aspx -
2015-01-04 /ejn/EJN_Home.aspx -
2015-01-04 /ejn/EJN_Home.aspx -
2015-01-04 /ejn/EJN_Home.aspx -
2015-01-04 /ejn/ -
2015-01-04 /ejn/EJN_Home.aspx -
2015-01-04 /ejn/libshowdocument.aspx Id=221&Lang=LT
2015-01-04 /ejn/EJN_Home.aspx -
2015-01-04 /ejn/EJN_Home.aspx -
2015-01-04 /ejn/ -
2015-01-04 /ejn/libshowdocument.aspx Id=222&Lang=LT
2015-01-04 /ejn/EJN_AtlasAdvanced.aspx -
2015-01-04 /ejn/ -
2015-01-04 /ejn/EJN_Home.aspx -
2015-01-04 /ejn/EJN_AtlasAdvanced.aspx -
2015-01-04 /ejn/EJN_Home.aspx -
2015-01-04 /ejn/EJN_Home.aspx -
2015-01-04 /ejn/EJN_Home.aspx -
2015-01-04 /ejn/EJN_Home.aspx -
2015-01-04 /ejn/EJN_Home.aspx -
2015-01-04 /ejn/EJN_Home.aspx -
2015-01-04 /ejn/NewsDetail.aspx id=328&Ori=H
2015-01-04 /ejn/EJN_Home.aspx -
2015-01-04 /ejn/EJN_Home.aspx -
2015-01-04 /ejn/libcategories.aspx Id=3
2015-01-04 /ejn/EJN_Home.aspx -
2015-01-04 /ejn/EJN_StaticPage.aspx Bread=35
2015-01-04 /ejn/EJN_Home.aspx -
2015-01-04 /ejn/EJN_Home.aspx -
2015-01-04 /ejn/EJN_Home.aspx -
2015-01-04 /ejn/EJN_Home.aspx -
2015-01-04 /ejn/EJN_Home.aspx -
2015-01-04 /atlas_advanced.aspx -
2015-01-04 /atlas_advanced.aspx -
2015-01-04 /ejn/EJN_Home.aspx -
2015-01-04 /atlas_advanced.aspx -
2015-01-04 /atlas_advanced.aspx -
2015-01-04 /ejn/ -
2015-01-04 /ejn/EJN_Home.aspx -
2015-01-04 /ejn/EJN_StaticPage.aspx Bread=20
2015-01-04 /ejn/EJN_Home.aspx -
2015-01-04 /ejn/AtlasChooseCountry.aspx -
2015-01-04 /ejn/EJN_Home.aspx -
2015-01-04 /ejn/ -
2015-01-04 /ejn/EJN_Home.aspx -
2015-01-04 /ejn/EJN_StaticPage.aspx Bread=12
2015-01-04 /ejn/EJN_Home.aspx -
2015-01-04 /ejn/EJN_Home.aspx -
2015-01-04 /ejn/libshowdocument.aspx Id=221&Lang=LT
2015-01-04 /ejn/EJN_StaticPage.aspx Bread=12
2015-01-04 /ejn/EJN_Home.aspx -
2015-01-04 /ejn/ -
2015-01-04 /ejn/EJN_Home.aspx -
2015-01-04 /ejn/EJN_StaticPage.aspx Bread=1
2015-01-04 /ejn/EJN_Home.aspx -
2015-01-04 /ejn/EJN_Home.aspx -
2015-01-04 /ejn/EJN_Home.aspx -
2015-01-04 /ejn/EJN_AtlasAdvanced.aspx -
2015-01-04 /ejn/ -
2015-01-04 /ejn/EJN_Home.aspx -
2015-01-04 /ejn/EJN_QuickLinks.aspx id=24
2015-01-04 /ejn/EJN_Home.aspx -
2015-01-04 /ejn/EJN_Home.aspx -
2015-01-04 /ejn/EJN_Home.aspx -
2015-01-04 /ejn/EJN_Home.aspx -
2015-01-04 /ejn/EJN_Home.aspx -
2015-01-04 /ejn/EJN_Home.aspx -
2015-01-04 /ejn/EJN_Home.aspx -
2015-01-04 /ejn/EJN_Home.aspx -
2015-01-04 /ejn/EJN_Home.aspx -
2015-01-04 /ejn/EJN_Home.aspx -
2015-01-04 /ejn/ -
2015-01-04 /ejn/EJN_Home.aspx -
2015-01-04 /ejn/EJN_Home.aspx -
2015-01-04 /ejn/ejn_home.aspx -
2015-01-04 /ejn/libcategories.aspx Id=55
2015-01-04 /ejn/EJN_Home.aspx -
2015-01-04 /ejn/EJN_Home.aspx -
2015-01-04 /ejn/EJN_Home.aspx -
2015-01-04 /ejn/EJN_Home.aspx -
2015-01-04 /ejn/EJN_Home.aspx -
2015-01-04 /ejn/EJN_Home.aspx -
2015-01-04 /ejn/EJN_Home.aspx -
2015-01-04 /ejn/EJN_StaticPage.aspx Bread=2
2015-01-04 /ejn/EJN_Home.aspx -
2015-01-04 /ejn/ -
2015-01-04 /ejn/EJN_Home.aspx -
2015-01-04 /ejn/EJN_Home.aspx -
2015-01-04 /ejn/EJN_AtlasAdvanced.aspx -
2015-01-04 /ejn/EJN_StaticPage.aspx Bread=13
2015-01-04 /ejn/EJN_Home.aspx -
2015-01-04 /ejn/ -
2015-01-04 /ejn/EJN_Home.aspx -
2015-01-04 /ejn/EJN_Home.aspx -
2015-01-04 /ejn/EJN_Home.aspx -
2015-01-04 /ejn/EJN_StaticPage.aspx Bread=28
2015-01-04 /ejn/EJN_Home.aspx -
2015-01-04 /ejn/EJN_Home.aspx -
2015-01-04 /ejn/EJN_Home.aspx -
2015-01-04 /ejn/EJN_Home.aspx -
2015-01-04 /ejn/EJN_Home.aspx -
2015-01-04 /ejn/EJN_Home.aspx -
2015-01-04 /ejn/EJN_Home.aspx -
2015-01-04 /ejn/EJN_Home.aspx -
2015-01-04 /ejn/EJN_Home.aspx -
2015-01-04 /ejn/EJN_Home.aspx -
2015-01-04 /ejn/EJN_Home.aspx -
2015-01-04 /ejn/ -
2015-01-04 /ejn/EJN_Home.aspx -
2015-01-04 /ejn/EJN_Home.aspx -
2015-01-04 /ejn/libcategories.aspx -
2015-01-04 /ejn/libcategories.aspx Id=1
2015-01-04 /ejn/libcategories.aspx Id=19
2015-01-04 /ejn/libcategories.aspx Id=12
2015-01-04 /ejn/libcategories.aspx Id=43
2015-01-04 /ejn/libshowdocument.aspx Id=404&Lang=RO
2015-01-04 /ejn/EJN_Home.aspx -
2015-01-04 /ejn/ -
2015-01-04 /ejn/EJN_Home.aspx -
2015-01-04 /ejn/ -
2015-01-04 /ejn/EJN_Home.aspx -
2015-01-04 /ejn/ -
2015-01-04 /ejn/EJN_Home.aspx -
2015-01-04 /ejn/EJN_AtlasAdvanced.aspx -
2015-01-04 /ejn/EJN_StaticPage.aspx Bread=36
2015-01-04 /ejn/EJN_Home.aspx -
2015-01-04 /ejn/EJN_Home.aspx -
2015-01-04 /ejn/EJN_Home.aspx -
2015-01-04 /ejn/ -
2015-01-04 /ejn/EJN_Home.aspx -
2015-01-04 /ejn/EJN_Home.aspx -
2015-01-04 /ejn/EJN_Home.aspx -
2015-01-04 /ejn/EJN_Home.aspx -
2015-01-04 /ejn/EJN_Home.aspx -
2015-01-04 /ejn/EJN_Home.aspx -
2015-01-04 /ejn/EJN_Home.aspx -
2015-01-04 /ejn/EJN_SubscribeNewsLetter.aspx -
2015-01-04 /ejn/EJN_Home.aspx -
2015-01-04 /ejn/EJN_Home.aspx -
2015-01-04 /ejn/ -
2015-01-04 /ejn/sitemap.aspx -
2015-01-04 /ejn/Events.aspx event=202
2015-01-04 /ejn/EJN_Home.aspx -
2015-01-04 /ejn/EJN_Home.aspx -
2015-01-04 /ejn/EJN_Home.aspx -
2015-01-04 /ejn/EJN_AtlasAdvanced.aspx -
2015-01-04 /ejn/ -
2015-01-04 /ejn/ ++Culture:ESSessionId:ownb2bol3th54keumdvy24jjDate_Time:9:14
2015-01-04 /ejn/libcategories.aspx -
2015-01-04 /ejn/libcategories.aspx Id=1
2015-01-04 /ejn/libcategories.aspx Id=19
2015-01-04 /ejn/libcategories.aspx Id=20
2015-01-04 /ejn/EJN_Home.aspx -
2015-01-04 /ejn/ ++Culture:ESSessionId:ownb2bol3th54keumdvy24jjDate_Time:9:16
2015-01-04 /EAW_atlas.aspx -
2015-01-04 /ejn/AtlasChooseCountry.aspx Type=2
2015-01-04 /ejn/EJN_FichesBelges.aspx -
2015-01-04 /ejn/EJN_FichesBelgesTable.aspx -
2015-01-04 /eawwizard.aspx -
2015-01-04 /ejn/ -
2015-01-04 /ejn/EJN_Home.aspx -
2015-01-04 /ejn/EJN_Home.aspx -
2015-01-04 /ejn/EJN_AtlasAdvanced.aspx -
2015-01-04 /ejn/ -
2015-01-04 /ejn/EJN_AtlasAdvanced.aspx -
2015-01-04 /ejn/EJN_AtlasAdvanced.aspx -
2015-01-04 /ejn/ -
2015-01-04 /ejn/EJN_Home.aspx -
2015-01-04 /ejn/EJN_Home.aspx -
2015-01-04 /ejn/ -
2015-01-04 /ejn/ ++Culture:ESSessionId:4mf23ydli1fq2n0q53axrerrDate_Time:10:02
2015-01-04 /ejn/libcategories.aspx Id=32
2015-01-04 /ejn/ -
2015-01-04 /ejn/EJN_Home.aspx -
2015-01-04 /ejn/EJN_Compendium.aspx -
2015-01-04 /ejn/ctrls.compendium/IframeEngine.aspx -
2015-01-04 /ejn/EJN_Compendium.aspx -
2015-01-04 /ejn/ctrls.compendium/IframeEngine.aspx -
2015-01-04 /ejn/EJN_Compendium.aspx -
2015-01-04 /ejn/EJN_Compendium.aspx -
2015-01-04 /ejn/EJN_Compendium.aspx -
2015-01-04 /ejn/ -
2015-01-04 /ejn/ctrls.compendium/IframeEngine.aspx -
2015-01-04 /ejn/ -
2015-01-04 /ejn/AtlasChooseCountry.aspx Type=1
2015-01-04 /ejn/AtlasChooseMeasure.aspx MP=1&Cou=UK
2015-01-04 /ejn/AtlasSelection.aspx -
2015-01-04 /ejn/AtlasSelection.aspx -
2015-01-04 /ejn/ -
2015-01-04 /ejn/EJN_EAWWizard.aspx -
2015-01-04 /ejn/ctrls.eawwizard/IframeEngine.aspx -
2015-01-04 /ejn/EJN_Home.aspx -
2015-01-04 /ejn/ -
2015-01-04 /ejn/EJN_Home.aspx -
2015-01-04 /ejn/EJN_Home.aspx -
2015-01-04 /ejn/EJN_Home.aspx -
2015-01-04 /ejn/EJN_AtlasAdvanced.aspx -
2015-01-04 /ejn/ -
2015-01-04 /ejn/ -
2015-01-04 /ejn/ -
2015-01-04 /ejn/ -
2015-01-04 /ejn/ -
2015-01-04 /ejn/EJN_Home.aspx -
2015-01-04 /ejn/EJN_Home.aspx -
2015-01-04 /ejn/EJN_Home.aspx -
2015-01-04 /ejn/EJN_Home.aspx -
2015-01-04 /ejn/EJN_Home.aspx -
2015-01-04 /ejn/libshowdocument.aspx Id=222&Lang=LT
2015-01-04 /ejn/EJN_Home.aspx -
2015-01-04 /ejn/ -
2015-01-04 /ejn/EJN_Home.aspx -
2015-01-04 /ejn/AtlasChooseMeasure.aspx MP=1&Cou=UK&Type=2
2015-01-04 /ejn/AtlasChooseMeasure.aspx MP=1&Cou=UK&Type=2
2015-01-04 /ejn/AtlasChooseCountry.aspx Type=2
2015-01-04 /ejn/AtlasChooseMeasure.aspx MP=1&Cou=UK
2015-01-04 /ejn/AtlasChooseMeasure.aspx MP=1&Cou=UK
2015-01-04 /ejn/AtlasChooseMeasure.aspx MP=1&Cou=UK
2015-01-04 /ejn/AtlasSelection.aspx -
2015-01-04 /ejn/AtlasSelection.aspx -
2015-01-04 /ejn/AtlasSelection.aspx -
2015-01-04 /ejn/AtlasAuthorityData.aspx Id=2588
2015-01-04 /ejn/ -
2015-01-04 /ejn/EJN_AtlasAdvanced.aspx -
2015-01-04 /ejn/AtlasChooseCountry.aspx -
2015-01-04 /ejn/EJN_Home.aspx -
2015-01-04 /ejn/EJN_AtlasAdvancedOld.aspx ctyCode=SK
2015-01-04 /ejn/EJN_AtlasAdvancedOld.aspx ctyCode=SK
2015-01-04 /ejn/ -
2015-01-04 /ejn/ -
2015-01-04 /ejn/EJN_Home.aspx -
2015-01-04 /ejn/ -
2015-01-04 /ejn/EJN_StaticPage.aspx Bread=12
2015-01-04 /ejn/EJN_StaticPage.aspx Bread=12++Culture:ESSessionId:gvhvfhq51suhzytvnkn54lccDate_Time:11:23
2015-01-04 /ejn/EJN_Home.aspx -
2015-01-04 /ejn/ -
2015-01-04 /ejn/libshowdocument.aspx Id=1&Lang=EN
2015-01-04 /ejn/libshowdocument.aspx Id=1&Lang=EN
2015-01-04 /ejn/ -
2015-01-04 /ejn/libcategories.aspx Id=14
2015-01-04 /ejn/EJN_Home.aspx -
2015-01-04 /ejn/libcategories.aspx Id=14++Culture:ENSessionId:gvhvfhq51suhzytvnkn54lccDate_Time:11:27+AM
2015-01-04 /ejn/EJN_Home.aspx -
2015-01-04 /ejn/ -
2015-01-04 /ejn/libshowdocument.aspx Id=787&Lang=EN
2015-01-04 /ejn/libshowdocument.aspx Id=787&Lang=EN
2015-01-04 /ejn/EJN_Compendium.aspx -
2015-01-04 /ejn/ctrls.compendium/IframeEngine.aspx -
2015-01-04 /ejn/EJN_Home.aspx -
2015-01-04 /ejn/EJN_Compendium.aspx -
2015-01-04 /ejn/ctrls.compendium/IframeEngine.aspx -
2015-01-04 /ejn/Events.aspx event=174
2015-01-04 /ejn/AtlasSelection.aspx -
2015-01-04 /ejn/AtlasChooseMeasure.aspx Mp=1&Cou=DE&Type=2
2015-01-04 /ejn/EJN_Home.aspx -
2015-01-04 /ejn/ctrls.compendium/iframeEngine.aspx remoteFunction=getMLAforCountry&country=UK&mIDs=710&langId=67&callback=checkMLA_cb
2015-01-04 /ejn/EJN_FichesBelgesResult.aspx measure=710&country=UK&other=-1
2015-01-04 /ejn/AtlasChooseMeasure.aspx Mp=1&Cou=DE&Type=2
2015-01-04 /ejn/EJN_AtlasAdvanced.aspx -
2015-01-04 /ejn/EJN_Home.aspx -
2015-01-04 /ejn/AtlasChooseMeasure.aspx Mp=1&Cou=DE&Type=2
2015-01-04 /ejn/AtlasChooseMeasure.aspx Mp=1&Cou=DE&Type=2
2015-01-04 /ejn/AtlasSelection.aspx -
2015-01-04 /ejn/AtlasChooseAuthority.aspx -
2015-01-04 /ejn/AtlasChooseAuthority.aspx/GetLocations -
2015-01-04 /ejn/AtlasChooseAuthority.aspx/GetLocations -
2015-01-04 /ejn/AtlasChooseAuthority.aspx/GetLocations -
2015-01-04 /ejn/AtlasChooseAuthority.aspx -
2015-01-04 /ejn/AtlasAuthorityData.aspx Id=4258
2015-01-04 /ejn/ -
2015-01-04 /ejn/libdocumentproperties.aspx Id=334
2015-01-04 /ejn/libdocumentproperties.aspx Id=334
2015-01-04 /ejn/libdocumentproperties.aspx Id=334
2015-01-04 /ejn/EJN_AtlasAdvanced.aspx -
2015-01-04 /ejn/AtlasChooseCountry.aspx Type=2
2015-01-04 /ejn/AtlasChooseMeasure.aspx MP=1&Cou=UK
2015-01-04 /ejn/EJN_Home.aspx -
2015-01-04 /ejn/AtlasChooseMeasure.aspx MP=1&Cou=UK
2015-01-04 /ejn/AtlasChooseMeasure.aspx MP=1&Cou=UK
2015-01-04 /ejn/AtlasSelection.aspx -
2015-01-04 /ejn/Events.aspx event=106
2015-01-04 /ejn/AtlasChooseCountry.aspx Type=2
2015-01-04 /ejn/AtlasChooseMeasure.aspx MP=1&Cou=UK
2015-01-04 /ejn/libdocumentproperties.aspx Id=334
2015-01-04 /ejn/libdocumentproperties.aspx Id=334
2015-01-04 /ejn/AtlasChooseMeasure.aspx MP=1&Cou=UK
2015-01-04 /ejn/AtlasChooseMeasure.aspx MP=1&Cou=UK
2015-01-04 /ejn/AtlasSelection.aspx -
2015-01-04 /ejn/AtlasSelection.aspx -
2015-01-04 /ejn/AtlasSelection.aspx -
2015-01-04 /ejn/AtlasAuthorityData.aspx Id=2589
2015-01-04 /ejn/AtlasAuthorityData.aspx Id=2589
2015-01-04 /ejn/AtlasAuthorityData.aspx Id=2589
2015-01-04 /ejn/AtlasAuthorityData.aspx Id=2589
2015-01-04 /ejn/AtlasAuthorityData.aspx Id=2589
2015-01-04 /ejn/AtlasAuthorityData.aspx Id=2589
2015-01-04 /ejn/ctrls.compendium/iframeEngine.aspx remoteFunction=getAuthority&Id=2589&callback=loadRequestedAuth_cb
2015-01-04 /ejn/EJN_Home.aspx -
2015-01-04 /ejn/EJN_Home.aspx -
2015-01-04 /ejn/ -
2015-01-04 /ejn/EJN_Compendium.aspx -
2015-01-04 /ejn/ctrls.compendium/IframeEngine.aspx -
2015-01-04 /ejn/ctrls.compendium/iframeEngine.aspx remoteFunction=getMLAforCountry&country=DE&mIDs=710&langId=67&callback=checkMLA_cb
2015-01-04 /ejn/EJN_FichesBelgesResult.aspx measure=710&country=DE&other=-1
2015-01-04 /ejn/EJN_FichesBelgesResult.aspx measure=710&country=DE&other=-1
2015-01-04 /ejn/EJN_Compendium.aspx -
2015-01-04 /ejn/ctrls.compendium/IframeEngine.aspx -
2015-01-04 /ejn/EJN_AtlasAdvanced.aspx -
2015-01-04 /ejn/Events.aspx event=216
2015-01-04 /ejn/Events.aspx event=206
2015-01-04 /ejn/Events.aspx event=172
2015-01-04 /ejn/ -
2015-01-04 /ejn/AtlasChooseCountry.aspx Type=2
2015-01-04 /ejn/AtlasChooseMeasure.aspx MP=1&Cou=DE
2015-01-04 /ejn/AtlasChooseMeasure.aspx MP=1&Cou=DE
2015-01-04 /ejn/EJN_Home.aspx -
2015-01-04 /ejn/AtlasChooseMeasure.aspx MP=1&Cou=DE
2015-01-04 /ejn/AtlasSelection.aspx -
2015-01-04 /ejn/AtlasChooseAuthority.aspx -
2015-01-04 /ejn/AtlasChooseAuthority.aspx/GetLocations -
2015-01-04 /ejn/AtlasChooseAuthority.aspx -
2015-01-04 /ejn/AtlasChooseAuthority.aspx -
2015-01-04 /ejn/AtlasChooseAuthority.aspx -
2015-01-04 /ejn/AtlasChooseAuthority.aspx -
2015-01-04 /ejn/AtlasChooseAuthority.aspx -
2015-01-04 /ejn/AtlasChooseAuthority.aspx -
2015-01-04 /ejn/AtlasAuthorityData.aspx Id=4198
2015-01-04 /ejn/EJN_AtlasAdvanced.aspx -
2015-01-04 /ejn/ -
2015-01-04 /ejn/AtlasAuthorityData.aspx Id=4198
2015-01-04 /ejn/AtlasChooseAuthority.aspx -
2015-01-04 /ejn/AtlasChooseAuthority.aspx -
2015-01-04 /ejn/AtlasChooseAuthority.aspx -
2015-01-04 /ejn/AtlasChooseAuthority.aspx -
2015-01-04 /ejn/AtlasAuthorityData.aspx Id=4189
2015-01-04 /ejn/AtlasAuthorityData.aspx Id=4189
2015-01-04 /ejn/AtlasChooseAuthority.aspx -
2015-01-04 /ejn/AtlasChooseAuthority.aspx/GetLocations -
2015-01-04 /ejn/AtlasChooseAuthority.aspx -
2015-01-04 /ejn/AtlasAuthorityData.aspx Id=4189
2015-01-04 /ejn/AtlasAuthorityData.aspx Id=4189
2015-01-04 /ejn/ctrls.compendium/iframeEngine.aspx remoteFunction=getAuthority&Id=4189&callback=loadRequestedAuth_cb
2015-01-04 /ejn/EJN_Home.aspx -
2015-01-04 /ejn/AtlasChooseCountry.aspx Type=2
2015-01-04 /ejn/AtlasChooseMeasure.aspx MP=1&Cou=DE
2015-01-04 /ejn/AtlasChooseMeasure.aspx MP=1&Cou=DE
2015-01-04 /ejn/EJN_FichesBelgesResult.aspx measure=711&country=277&other=-1
2015-01-04 /ejn/EJN_Home.aspx -
2015-01-04 /ejn/AtlasChooseCountry.aspx Type=2
2015-01-04 /ejn/AtlasChooseMeasure.aspx MP=1&Cou=DE
2015-01-04 /ejn/AtlasChooseMeasure.aspx MP=1&Cou=DE
2015-01-04 /ejn/AtlasChooseMeasure.aspx MP=1&Cou=DE
2015-01-04 /ejn/AtlasSelection.aspx -
2015-01-04 /ejn/AtlasChooseAuthority.aspx -
2015-01-04 /ejn/AtlasChooseAuthority.aspx/GetLocations -
2015-01-04 /ejn/AtlasChooseAuthority.aspx -
2015-01-04 /ejn/AtlasAuthorityData.aspx Id=4189
2015-01-04 /ejn/AtlasAuthorityData.aspx Id=4189
2015-01-04 /ejn/ctrls.compendium/iframeEngine.aspx remoteFunction=getAuthority&Id=4189&callback=loadRequestedAuth_cb
2015-01-04 /ejn/libcategories.aspx Id=44
2015-01-04 /ejn/EJN_Home.aspx -
2015-01-04 /ejn/ -
2015-01-04 /ejn/EJN_AtlasAdvanced.aspx -
2015-01-04 /ejn/EJN_FichesBelgesResult.aspx measure=711&country=277&other=-1++Culture:ESSessionId:4mf23ydli1fq2n0q53axrerrDate_Time:12:03
2015-01-04 /ejn/ -
2015-01-04 /ejn/AtlasChooseCountry.aspx Type=2
2015-01-04 /ejn/AtlasChooseMeasure.aspx MP=1&Cou=DE
2015-01-04 /ejn/AtlasChooseMeasure.aspx MP=1&Cou=DE
2015-01-04 /ejn/AtlasChooseMeasure.aspx MP=1&Cou=DE
2015-01-04 /ejn/AtlasSelection.aspx -
2015-01-04 /ejn/AtlasChooseAuthority.aspx -
2015-01-04 /ejn/EJN_Home.aspx -
2015-01-04 /ejn/EJN_Home.aspx -
2015-01-04 /ejn/EJN_Home.aspx -
2015-01-04 /ejn/EJN_Home.aspx -
2015-01-04 /ejn/ -
2015-01-04 /ejn/ -
2015-01-04 /ejn/ -
2015-01-04 /ejn/EJN_Home.aspx -
2015-01-04 /ejn/EJN_Home.aspx -
2015-01-04 /ejn/EJN_Home.aspx -
2015-01-04 /ejn/EJN_Home.aspx -
2015-01-04 /ejn/EJN_AtlasAdvanced.aspx -
2015-01-04 /ejn/EJN_Home.aspx -
2015-01-04 /ejn/EJN_QuickLinks.aspx id=23
2015-01-04 /ejn/EJN_Home.aspx -
2015-01-04 /ejn/ -
2015-01-04 /ejn/AtlasChooseCountry.aspx Type=2
2015-01-04 /ejn/AtlasChooseCountry.aspx Type=2
2015-01-04 /ejn/AtlasChooseMeasure.aspx MP=0&Cou=369
2015-01-04 /ejn/AtlasChooseMeasure.aspx MP=0&Cou=369
2015-01-04 /ejn/AtlasChooseMeasure.aspx MP=0&Cou=369
2015-01-04 /ejn/AtlasSelection.aspx -
2015-01-04 /ejn/AtlasSelection.aspx -
2015-01-04 /ejn/AtlasChooseMeasure.aspx MP=0&Cou=369
2015-01-04 /ejn/AtlasChooseMeasure.aspx MP=0&Cou=369
2015-01-04 /ejn/AtlasChooseMeasure.aspx MP=0&Cou=369
2015-01-04 /ejn/AtlasSelection.aspx -
2015-01-04 /ejn/AtlasChooseAuthority.aspx -
2015-01-04 /ejn/AtlasChooseAuthority.aspx -
2015-01-04 /ejn/AtlasChooseAuthority.aspx -
2015-01-04 /ejn/AtlasAuthorityData.aspx Id=1610
2015-01-04 /ejn/libshowdocument.aspx Id=222&Lang=LT
2015-01-04 /ejn/EJN_Home.aspx -
2015-01-04 /ejn/EJN_Home.aspx -
2015-01-04 /ejn/EJN_Home.aspx -
2015-01-04 /ejn/EJN_Home.aspx -
2015-01-04 /atlas_advanced.aspx -
2015-01-04 /atlas_advanced.aspx -
2015-01-04 /ejn/ -
2015-01-04 /ejn/ -
2015-01-04 /ejn/EJN_Home.aspx -
2015-01-04 /ejn/ -
2015-01-04 /atlas_advanced.aspx -
2015-01-04 /atlas_advanced.aspx -
2015-01-04 /ejn/EJN_Home.aspx -
2015-01-04 /ejn/EJN_Home.aspx -
2015-01-04 /ejn/EJN_Home.aspx -
2015-01-04 /ejn/EJN_Home.aspx -
2015-01-04 /ejn/EJN_Home.aspx -
2015-01-04 /ejn/AtlasChooseMeasure.aspx Mp=1&Cou=DE&Type=2
2015-01-04 /ejn/AtlasChooseMeasure.aspx Mp=1&Cou=DE&Type=2
2015-01-04 /ejn/AtlasChooseMeasure.aspx Mp=1&Cou=DE&Type=2
2015-01-04 /ejn/AtlasSelection.aspx -
2015-01-04 /ejn/AtlasChooseAuthority.aspx -
2015-01-04 /ejn/AtlasChooseAuthority.aspx/GetLocations -
2015-01-04 /ejn/AtlasChooseAuthority.aspx -
2015-01-04 /ejn/AtlasAuthorityData.aspx Id=4189
2015-01-04 /ejn/ -
2015-01-04 /ejn/EJN_Home.aspx -
2015-01-04 /ejn/EJN_Home.aspx -
2015-01-04 /ejn/EJN_Home.aspx -
2015-01-04 /ejn/EJN_AtlasAdvanced.aspx -
2015-01-04 /ejn/EJN_Home.aspx -
2015-01-04 /ejn/ -
2015-01-04 /ejn/Events.aspx event=259
2015-01-04 /ejn/EJN_Home.aspx -
2015-01-04 /ejn/EJN_Home.aspx -
2015-01-04 /ejn/libcategories.aspx Id=35
2015-01-04 /ejn/EJN_Home.aspx -
2015-01-04 /ejn/EJN_Home.aspx -
2015-01-04 /ejn/EJN_Home.aspx -
2015-01-04 /ejn/ -
2015-01-04 /ejn/EJN_Home.aspx -
2015-01-04 /ejn/ -
2015-01-04 /ejn/AtlasChooseCountry.aspx Type=2
2015-01-04 /ejn/EJN_FichesBelges.aspx -
2015-01-04 /ejn/EJN_FichesBelges.aspx -
2015-01-04 /ejn/EJN_FichesBelges.aspx -
2015-01-04 /ejn/EJN_FichesBelges.aspx -
2015-01-04 /ejn/EJN_FichesBelges.aspx -
2015-01-04 /ejn/AtlasChooseCountry.aspx Type=2
2015-01-04 /ejn/AtlasChooseMeasure.aspx MP=0&Cou=395
2015-01-04 /ejn/AtlasChooseMeasure.aspx MP=0&Cou=395
2015-01-04 /ejn/AtlasChooseMeasure.aspx MP=0&Cou=395
2015-01-04 /ejn/AtlasSelection.aspx -
2015-01-04 /ejn/AtlasSelection.aspx -
2015-01-04 /ejn/AtlasSelection.aspx -
2015-01-04 /ejn/AtlasAuthorityData.aspx Id=2589
2015-01-04 /ejn/AtlasSelection.aspx -
2015-01-04 /ejn/AtlasSelection.aspx -
2015-01-04 /ejn/AtlasAuthorityData.aspx Id=2588
2015-01-04 /ejn/EJN_Home.aspx -
2015-01-04 /ejn/libcategories.aspx -
2015-01-04 /ejn/libcategories.aspx Id=2
2015-01-04 /ejn/libcategories.aspx Id=1
2015-01-04 /ejn/libcategories.aspx Id=19
2015-01-04 /ejn/libcategories.aspx Id=12
2015-01-04 /ejn/libcategories.aspx Id=43
2015-01-04 /ejn/libdocumentproperties.aspx Id=406
2015-01-04 /ejn/libdocumentproperties.aspx Id=406
2015-01-04 /ejn/EJN_Home.aspx -
2015-01-04 /ejn/libdocumentproperties.aspx Id=406
2015-01-04 /ejn/ -
2015-01-04 /ejn/EJN_AtlasAdvanced.aspx -
2015-01-04 /forms.aspx -
2015-01-04 /forms.aspx -
2015-01-04 /ejn/EJN_Home.aspx -
2015-01-04 /ejn/EJN_Home.aspx -
2015-01-04 /ejn/EJN_AtlasAdvanced.aspx -
2015-01-04 /ejn/ -
2015-01-04 /ejn/EJN_Home.aspx -
2015-01-04 /ejn/ -
2015-01-04 /ejn/EJN_Home.aspx -
2015-01-04 /ejn/libshowdocument.aspx Id=16&Lang=SL
2015-01-04 /ejn/EJN_Home.aspx -
2015-01-04 /ejn/ -
2015-01-04 /ejn/EJN_Home.aspx -
2015-01-04 /ejn/EJN_Home.aspx -
2015-01-04 /ejn/EJN_Home.aspx -
2015-01-04 /ejn/EJN_Home.aspx -
2015-01-04 /ejn/Events.aspx event=277
2015-01-04 /ejn/EJN_AtlasAdvanced.aspx -
2015-01-04 /ejn/ -
2015-01-04 /ejn/ -
2015-01-04 /ejn/ ++Culture:ESSessionId:fkmbl1ixogo3pnfhb2rwfpzxDate_Time:14:36
2015-01-04 /ejn/ -
2015-01-04 /ejn/NewsDetail.aspx id=344&Ori=H
2015-01-04 /ejn/ejn_home.aspx -
2015-01-04 /ejn/ -
2015-01-04 /ejn/libcategories.aspx -
2015-01-04 /ejn/libcategories.aspx Id=1
2015-01-04 /ejn/EJN_Home.aspx -
2015-01-04 /ejn/libcategories.aspx Id=19
2015-01-04 /ejn/libcategories.aspx Id=51
2015-01-04 /ejn/libcategories.aspx Id=51
2015-01-04 /ejn/libcategories.aspx Id=12
2015-01-04 /ejn/libcategories.aspx Id=12
2015-01-04 /ejn/libcategories.aspx Id=11
2015-01-04 /ejn/libcategories.aspx Id=44
2015-01-04 /ejn/libcategories.aspx Id=44
2015-01-04 /ejn/libshowdocument.aspx Id=421&Lang=ES
2015-01-04 /ejn/libdocumentproperties.aspx Id=1453
2015-01-04 /ejn/libdocumentproperties.aspx Id=1453
2015-01-04 /ejn/ -
2015-01-04 /ejn/libcategories.aspx Id=44
2015-01-04 /ejn/libcategories.aspx Id=44
2015-01-04 /ejn/libcategories.aspx Id=19
2015-01-04 /ejn/libcategories.aspx Id=10
2015-01-04 /ejn/libcategories.aspx Id=12
2015-01-04 /ejn/libcategories.aspx Id=11
2015-01-04 /ejn/EJN_Home.aspx -
2015-01-04 /ejn/EJN_Home.aspx -
2015-01-04 /ejn/libcategories.aspx Id=13
2015-01-04 /ejn/libcategories.aspx Id=19
2015-01-04 /ejn/libcategories.aspx Id=20
2015-01-04 /ejn/Events.aspx Id=6
2015-01-04 /ejn/EJN_Home.aspx -
2015-01-04 /ejn/libcategories.aspx Id=20
2015-01-04 /ejn/libcategories.aspx Id=21
2015-01-04 /ejn/libcategories.aspx -
2015-01-04 /ejn/libcategories.aspx Id=2
2015-01-04 /atlas_advanced.aspx -
2015-01-04 /atlas_advanced.aspx -
2015-01-04 /atlas_advanced.aspx -
2015-01-04 /ejn/libcategories.aspx Id=6
2015-01-04 /ejn/libcategories.aspx Id=3
2015-01-04 /ejn/libcategories.aspx Id=44
2015-01-04 /ejn/libcategories.aspx Id=11
2015-01-04 /ejn/libcategories.aspx Id=12
2015-01-04 /ejn/libcategories.aspx Id=51
2015-01-04 /ejn/libcategories.aspx Id=1
2015-01-04 /ejn/EJN_Home.aspx -
2015-01-04 /ejn/ejn_home.aspx -
2015-01-04 /ejn/ -
2015-01-04 /ejn/NewsDetail.aspx id=344&Ori=H
2015-01-04 /ejn/ -
2015-01-04 /ejn/AtlasChooseMeasure.aspx Mp=1&Cou=PL&Type=2
2015-01-04 /ejn/AtlasChooseMeasure.aspx Mp=1&Cou=PL&Type=2
2015-01-04 /ejn/AtlasChooseMeasure.aspx Mp=1&Cou=PL&Type=2
2015-01-04 /ejn/AtlasChooseMeasure.aspx Mp=1&Cou=PL&Type=2
2015-01-04 /ejn/EJN_FichesBelgesResult.aspx measure=602&country=351&other=-1
2015-01-04 /ejn/EJN_FichesBelgesResult.aspx measure=602&country=351&other=-1++Culture:DESessionId:i0qfbzpryqg5g3fzmhg2bhkwDate_Time:14:50
2015-01-04 /ejn/AtlasChooseMeasure.aspx Mp=1&Cou=PL&Type=2++Culture:DESessionId:i0qfbzpryqg5g3fzmhg2bhkwDate_Time:14:50
2015-01-04 /ejn/AtlasChooseMeasure.aspx Mp=1&Cou=PL&Type=2
2015-01-04 /ejn/EJN_FichesBelgesResult.aspx measure=602&country=351&other=-1
2015-01-04 /ejn/AtlasChooseMeasure.aspx Mp=1&Cou=PL&Type=2
2015-01-04 /ejn/AtlasChooseCountry.aspx Type=2
2015-01-04 /ejn/AtlasChooseCountry.aspx Type=2
2015-01-04 /ejn/AtlasChooseMeasure.aspx MP=0&Cou=351
2015-01-04 /ejn/EJN_Library_StatusOfImpByCou.aspx CountryId=351
2015-01-04 /ejn/EJN_Home.aspx -
2015-01-04 /ejn/sitemap.aspx -
2015-01-04 /ejn/EJN_StaticPage.aspx Bread=8
2015-01-04 /ejn/EJN_StaticPage.aspx Bread=10
2015-01-04 /ejn/EJN_Home.aspx -
2015-01-04 /ejn/ -
2015-01-04 /ejn/ ++Culture:FRSessionId:0rr1v1adr4i21yq2ol4rxyelDate_Time:15:00
2015-01-04 /ejn/EJN_StaticPage.aspx Bread=2
2015-01-04 /ejn/EJN_Home.aspx -
2015-01-04 /ejn/EJN_Home.aspx -
2015-01-04 /ejn/ -
2015-01-04 /forms.aspx) -
2015-01-04 /ejn/EJN_Home.aspx -
2015-01-04 /ejn/ -
2015-01-04 /ejn/ -
2015-01-04 /ejn/ -
2015-01-04 /ejn/libcategories.aspx -
2015-01-04 /ejn/libcategories.aspx Id=1
2015-01-04 /ejn/libcategories.aspx Id=19
2015-01-04 /ejn/libcategories.aspx Id=21
2015-01-04 /ejn/libadvancedsearch.aspx -
2015-01-04 /ejn/EJN_Home.aspx -
2015-01-04 /ejn/libadvancedsearch.aspx -
2015-01-04 /ejn/libcategories.aspx Id=93
2015-01-04 /ejn/libcategories.aspx Id=21
2015-01-04 /ejn/libcategories.aspx Id=21
2015-01-04 /ejn/libadvancedsearch.aspx -
2015-01-04 /ejn/libcategories.aspx Id=21
2015-01-04 /ejn/libcategories.aspx Id=11
2015-01-04 /ejn/libcategories.aspx Id=11
2015-01-04 /ejn/libadvancedsearch.aspx -
2015-01-04 /ejn/ -
2015-01-04 /ejn/libcategories.aspx Id=45
2015-01-04 /ejn/libshowdocument.aspx Id=422&Lang=RO
2015-01-04 /ejn/libcategories.aspx Id=11
2015-01-04 /ejn/libcategories.aspx Id=21
2015-01-04 /ejn/libcategories.aspx Id=21
2015-01-04 /ejn/libcategories.aspx Id=12
2015-01-04 /ejn/ -
2015-01-04 /ejn/libcategories.aspx Id=14
2015-01-04 /ejn/EJN_Home.aspx -
2015-01-04 /ejn/EJN_Home.aspx -
2015-01-04 /ejn/libdocumentproperties.aspx Id=45
2015-01-04 /ejn/EJN_Home.aspx -
2015-01-04 /ejn/ -
2015-01-04 /ejn/EJN_AtlasAdvanced.aspx -
2015-01-04 /ejn/EJN_Home.aspx -
2015-01-04 /ejn/EJN_AtlasAdvanced.aspx -
2015-01-04 /ejn/EJN_Home.aspx -
2015-01-04 /ejn/libdocumentproperties.aspx Id=390
2015-01-04 /ejn/EJN_Home.aspx -
2015-01-04 /ejn/libshowdocument.aspx Id=222&Lang=LT
2015-01-04 /ejn/ -
2015-01-04 /ejn/EJN_InfoAbout.aspx Id=351
2015-01-04 /ejn/EJN_InfoAbout.aspx Id=351++Culture:DESessionId:b5jx50p1f2ypzllf2iowtthmDate_Time:15:41
2015-01-04 /ejn/libshowdocument.aspx Id=222&Lang=LT
2015-01-04 /ejn/EJN_Home.aspx -
2015-01-04 /ejn/EJN_Home.aspx -
2015-01-04 /ejn/EJN_Home.aspx -
2015-01-04 /ejn/ -
2015-01-04 /ejn/EJN_Home.aspx -
2015-01-04 /ejn/EJN_Login.aspx -
2015-01-04 /ejn/EJN_Compendium.aspx -
2015-01-04 /ejn/ctrls.compendium/IframeEngine.aspx -
2015-01-04 /ejn/ -
2015-01-04 /ejn/EJN_FichesBelges.aspx -
2015-01-04 /ejn/libcategories.aspx -
2015-01-04 /ejn/libcategories.aspx Id=3
2015-01-04 /ejn/libdocumentproperties.aspx Id=1323
2015-01-04 /ejn/libcategories.aspx -
2015-01-04 /ejn/libcategories.aspx Id=7
2015-01-04 /ejn/EJN_FichesBelges.aspx -
2015-01-04 /ejn/EJN_Home.aspx -
2015-01-04 /ejn/AtlasChooseMeasure.aspx Mp=1&Cou=FR&Type=2
2015-01-04 /ejn/AtlasChooseCountry.aspx -
2015-01-04 /ejn/AtlasChooseMeasure.aspx MP=1&Cou=FR
2015-01-04 /ejn/ -
2015-01-04 /ejn/EJN_Home.aspx -
2015-01-04 /ejn/EJN_Home.aspx -
2015-01-04 /ejn/EJN_Home.aspx -
2015-01-04 /ejn/EJN_Home.aspx -
2015-01-04 /ejn/EJN_Home.aspx -
2015-01-04 /ejn/ -
2015-01-04 /ejn/EJN_Home.aspx -
2015-01-04 /ejn/EJN_Home.aspx -
2015-01-04 /ejn/EJN_Home.aspx -
2015-01-04 /ejn/EJN_Home.aspx -
2015-01-04 /ejn/EJN_Home.aspx -
2015-01-04 /ejn/ -
2015-01-04 /ejn/EJN_Home.aspx -
2015-01-04 /ejn/AtlasChooseMeasure.aspx Mp=1&Cou=ES&Type=2
2015-01-04 /ejn/EJN_Home.aspx -
2015-01-04 /ejn/EJN_Home.aspx -
2015-01-04 /ejn/ -
2015-01-04 /ejn/EJN_Home.aspx -
2015-01-04 /ejn/EJN_AtlasAdvanced.aspx -
2015-01-04 /ejn/EJN_Home.aspx -
2015-01-04 /ejn/EJN_Home.aspx -
2015-01-04 /ejn/EJN_Home.aspx -
2015-01-04 /ejn/EJN_Home.aspx -
2015-01-04 /atlas_advanced.aspx -
2015-01-04 /atlas_advanced.aspx -
2015-01-04 /ejn/ -
2015-01-04 /ejn/EJN_InfoAbout.aspx Id=351
2015-01-04 /ejn/EJN_Home.aspx -
2015-01-04 /ejn/EJN_Home.aspx -
2015-01-04 /ejn/AtlasChooseCountry.aspx -
2015-01-04 /ejn/EJN_Home.aspx -
2015-01-04 /ejn/ -
2015-01-04 /ejn/EJN_AtlasAdvanced.aspx -
2015-01-04 /ejn/EJN_Home.aspx -
2015-01-04 /ejn/ -
2015-01-04 /ejn/EJN_Home.aspx -
2015-01-04 /ejn/EJN_AtlasAdvanced.aspx -
2015-01-04 /ejn/ -
2015-01-04 /ejn/EJN_Home.aspx -
2015-01-04 /ejn/EJN_Home.aspx -
2015-01-04 /ejn/EJN_Home.aspx -
2015-01-04 /ejn/libcategories.aspx Id=12
2015-01-04 /ejn/libcategories.aspx Id=9
2015-01-04 /ejn/libcategories.aspx Id=9
2015-01-04 /ejn/libcategories.aspx Id=10
2015-01-04 /ejn/libcategories.aspx Id=10
2015-01-04 /ejn/libcategories.aspx Id=51
2015-01-04 /ejn/libcategories.aspx Id=51
2015-01-04 /ejn/libcategories.aspx Id=20
2015-01-04 /ejn/ -
2015-01-04 /ejn/EJN_Home.aspx -
2015-01-04 /ejn/libcategories.aspx Id=10
2015-01-04 /ejn/ -
2015-01-04 /ejn/ -
2015-01-04 /ejn/ -
2015-01-04 /ejn/libcategories.aspx Id=9
2015-01-04 /ejn/libcategories.aspx Id=12
2015-01-04 /ejn/libcategories.aspx Id=21
2015-01-04 /ejn/libcategories.aspx Id=19
2015-01-04 /ejn/EJN_Home.aspx -
2015-01-04 /ejn/AtlasChooseCountry.aspx Type=2
2015-01-04 /ejn/EJN_Home.aspx -
2015-01-04 /ejn/libcategories.aspx Id=1
2015-01-04 /fiches_belges.aspx -
2015-01-04 /fiches_belges.aspx -
2015-01-04 /ejn/EJN_Home.aspx -
2015-01-04 /ejn/EJN_AtlasAdvanced.aspx -
2015-01-04 /news-detail.aspx anunID=14
2015-01-04 /ejn/ -
2015-01-04 /ejn/EJN_Home.aspx -
2015-01-04 /ejn/EJN_Home.aspx -
2015-01-04 /ejn/ejn_home.aspx -
2015-01-04 /ejn/EJN_Home.aspx -
2015-01-04 /ejn/NewsDetail.aspx id=336&Ori=H
2015-01-04 /ejn/ -
2015-01-04 /atlas_advanced.aspx -
2015-01-04 /ejn/ -
2015-01-04 /ejn/EJN_InfoAbout.aspx Id=373
2015-01-04 /ejn/ -
2015-01-04 /ejn/AtlasChooseCountry.aspx -
2015-01-04 /ejn/EJN_Home.aspx -
2015-01-04 /ejn/EJN_Home.aspx -
2015-01-04 /ejn/EJN_Home.aspx -
2015-01-04 /ejn/EJN_Home.aspx -
2015-01-04 /ejn/EJN_Home.aspx -
2015-01-04 /ejn/ -
2015-01-04 /ejn/EJN_StaticPage.aspx Bread=2
2015-01-04 /ejn/AtlasChooseCountry.aspx Type=2
2015-01-04 /ejn/EJN_Home.aspx -
2015-01-04 /ejn/AtlasChooseMeasure.aspx Mp=1&Cou=AT&Type=2
2015-01-04 /ejn/ -
2015-01-04 /ejn/AtlasChooseMeasure.aspx Mp=1&Cou=AT&Type=2
2015-01-04 /ejn/AtlasChooseMeasure.aspx Mp=1&Cou=AT&Type=2
2015-01-04 /ejn/AtlasSelection.aspx -
2015-01-04 /ejn/AtlasChooseAuthority.aspx -
2015-01-04 /ejn/AtlasChooseAuthority.aspx -
2015-01-04 /ejn/AtlasChooseCountry.aspx Type=2
2015-01-04 /ejn/ -
2015-01-04 /ejn/AtlasChooseMeasure.aspx MP=0&Cou=287
2015-01-04 /ejn/EJN_StaticPage.aspx Bread=2
2015-01-04 /ejn/AtlasChooseMeasure.aspx MP=0&Cou=287
2015-01-04 /ejn/AtlasChooseMeasure.aspx MP=0&Cou=287
2015-01-04 /ejn/AtlasSelection.aspx -
2015-01-04 /ejn/AtlasSelection.aspx -
2015-01-04 /ejn/AtlasSelection.aspx -
2015-01-04 /ejn/AtlasChooseAuthority.aspx -
2015-01-04 /ejn/AtlasChooseAuthority.aspx -
2015-01-04 /ejn/AtlasAuthorityData.aspx Id=1739&AuthTypeId=166
2015-01-04 /ejn/EJN_ContactUs.aspx &KeepThis=true&TB_iframe=true&height=650&width=900
2015-01-04 /ejn/ -
2015-01-04 /ejn/EJN_Home.aspx -
2015-01-04 /ejn/EJN_Home.aspx -
2015-01-04 /ejn/EJN_Home.aspx -
2015-01-04 /ejn/EJN_AtlasAdvanced.aspx -
2015-01-04 /ejn/ -
2015-01-04 /ejn/libcategories.aspx Id=2
2015-01-04 /ejn/EJN_Library_StatusOfImpByCat.aspx CategoryId=104
2015-01-04 /ejn/libshowdocument.aspx Id=222&Lang=LT
2015-01-04 /ejn/EJN_Library_StatusOfImpByCou.aspx CountryId=223
2015-01-04 /ejn/EJN_Home.aspx -
2015-01-04 /ejn/ -
2015-01-04 /ejn/EJN_Home.aspx -
2015-01-04 /ejn/EJN_StaticPage.aspx Bread=2
2015-01-04 /ejn/EJN_Secretariat.aspx -
2015-01-04 /ejn/ -
2015-01-04 /ejn/ -
2015-01-04 /ejn/ -
2015-01-04 /ejn/EJN_Home.aspx -
2015-01-04 /ejn/EJN_AtlasAdvanced.aspx -
2015-01-04 /ejn/ -
2015-01-04 /ejn/EJN_Home.aspx -
2015-01-04 /ejn/EJN_StaticPage.aspx Bread=12
2015-01-04 /ejn/EJN_Home.aspx -
2015-01-04 /ejn/ -
2015-01-04 /ejn/EJN_AtlasAdvanced.aspx -
2015-01-04 /ejn/ -
2015-01-04 /ejn/ -
2015-01-04 /ejn/libshowdocument.aspx Id=1&Lang=EN
2015-01-04 /ejn/ -
2015-01-04 /ejn/ -
2015-01-04 /ejn/ -
2015-01-04 /ejn/EJN_AtlasAdvanced.aspx -
2015-01-04 /ejn/Events.aspx event=170
2015-01-04 /ejn/EJN_Home.aspx -
2015-01-04 /ejn/EJN_Home.aspx -
2015-01-04 /ejn/EJN_Home.aspx -
2015-01-04 /ejn/ -
2015-01-04 /ejn/EJN_AtlasAdvanced.aspx -
2015-01-04 /ejn/EJN_AtlasAdvanced.aspx -
2015-01-04 /ejn/NewsDetail.aspx id=329&Ori=H
2015-01-04 /ejn/ -
2015-01-04 /ejn/AtlasChooseMeasure.aspx Mp=1&Cou=SK&Type=2
2015-01-04 /ejn/EJN_Home.aspx -
2015-01-04 /ejn/EJN_Home.aspx -
2015-01-04 /ejn/EJN_FichesBelges.aspx -
2015-01-04 /ejn/EJN_Compendium.aspx -
2015-01-04 /ejn/ctrls.compendium/IframeEngine.aspx -
2015-01-04 /ejn/EJN_FichesBelgesTable.aspx -
2015-01-04 /ejn/ -
2015-01-04 /ejn/EJN_Home.aspx -
2015-01-04 /ejn/EJN_Compendium.aspx -
2015-01-04 /ejn/ctrls.compendium/IframeEngine.aspx -
2015-01-04 /ejn/EJN_StaticPage.aspx Bread=11
2015-01-04 /ejn/EJN_QuickLinks.aspx id=28
2015-01-04 /ejn/libcategories.aspx Id=2
2015-01-04 /ejn/EJN_Library_RatificationsByCou.aspx -
2015-01-04 /ejn/libcategories.aspx -
2015-01-04 /ejn/libdocumentproperties.aspx Id=728
2015-01-04 /ejn/EJN_Library_StatusOfImpByCat.aspx CategoryId=54
2015-01-04 /ejn/libcategories.aspx Id=4
2015-01-04 /ejn/libcategories.aspx Id=3
2015-01-04 /ejn/libdocumentproperties.aspx Id=1334
2015-01-04 /ejn/libdocumentproperties.aspx Id=1334
2015-01-04 /ejn/libdocumentproperties.aspx Id=1327
2015-01-04 /ejn/libdocumentproperties.aspx Id=1327
2015-01-04 /ejn/EJN_Home.aspx -
2015-01-04 /ejn/EJN_Home.aspx -
2015-01-04 /ejn/EJN_Home.aspx -
2015-01-04 /ejn/EJN_Home.aspx -
2015-01-04 /ejn/EJN_Home.aspx -
2015-01-04 /ejn/EJN_Home.aspx -
2015-01-04 /ejn/NewsDetail.aspx id=270&Ori=H
2015-01-04 /ejn/EJN_Home.aspx -
2015-01-04 /ejn/EJN_Home.aspx -
2015-01-04 /ejn/EJN_Home.aspx -
2015-01-04 /ejn/ -
2015-01-04 /ejn/AtlasChooseMeasure.aspx Mp=1&Cou=RO&Type=2
2015-01-04 /ejn/EJN_FichesBelgesResult.aspx measure=105&country=354&other=-1
2015-01-04 /ejn/ -
2015-01-04 /ejn/EJN_Home.aspx -
2015-01-04 /ejn/EJN_Home.aspx -
2015-01-04 /ejn/ -
2015-01-04 /ejn/EJN_Home.aspx -
2015-01-04 /ejn/ -
2015-01-04 /ejn/ -
2015-01-04 /ejn/ -
2015-01-04 /ejn/EJN_Home.aspx -
2015-01-04 /ejn/ ++Culture:CSSessionId:d2euyqrvlhfrd0qzcvbw2kbeDate_Time:20:28
2015-01-04 /ejn/EJN_StaticPage.aspx Bread=12
2015-01-04 /ejn/EJN_Home.aspx -
2015-01-04 /ejn/EJN_Home.aspx -
2015-01-04 /ejn/EJN_Home.aspx -
2015-01-04 /ejn/ -
2015-01-04 /ejn/EJN_AtlasAdvanced.aspx -
2015-01-04 /ejn/ -
2015-01-04 /ejn/EJN_Home.aspx -
2015-01-04 /ejn/EJN_Home.aspx -
2015-01-04 /ejn/EJN_Home.aspx -
2015-01-04 /ejn/ -
2015-01-04 /ejn/EJN_Compendium.aspx -
2015-01-04 /ejn/ctrls.compendium/IframeEngine.aspx -
2015-01-04 /ejn/EJN_Compendium.aspx ++Culture:ESSessionId:t0coekpjg5jkljogkrnbooxqDate_Time:20:50
2015-01-04 /ejn/ctrls.compendium/IframeEngine.aspx -
2015-01-04 /ejn/EJN_Compendium.aspx -
2015-01-04 /ejn/ctrls.compendium/IframeEngine.aspx -
2015-01-04 /ejn/ctrls.compendium/iframeEngine.aspx remoteFunction=getMLAforCountry&country=CH&mIDs=703&langId=67&callback=checkMLA_cb
2015-01-04 /ejn/EJN_FichesBelgesResult.aspx measure=703&country=CH&other=-1
2015-01-04 /ejn/EJN_Home.aspx -
2015-01-04 /ejn/EJN_Home.aspx -
2015-01-04 /ejn/EJN_Home.aspx -
2015-01-04 /ejn/EJN_Home.aspx -
2015-01-04 /ejn/ -
2015-01-04 /ejn/EJN_Home.aspx -
2015-01-04 /ejn/EJN_Home.aspx -
2015-01-04 /ejn/EJN_Home.aspx -
2015-01-04 /ejn/EJN_Home.aspx -
2015-01-04 /ejn/ -
2015-01-04 /ejn/libcategories.aspx Id=32
2015-01-04 /ejn/EJN_Home.aspx -
2015-01-04 /ejn/EJN_AtlasAdvanced.aspx -
2015-01-04 /ejn/EJN_Home.aspx -
2015-01-04 /ejn/EJN_Home.aspx -
2015-01-04 /ejn/EJN_Home.aspx -
2015-01-04 /ejn/EJN_Home.aspx -
2015-01-04 /ejn/EJN_AtlasAdvanced.aspx -
2015-01-04 /ejn/EJN_AtlasAdvanced.aspx -
2015-01-04 /ejn/EJN_Home.aspx -
2015-01-04 /ejn/EJN_Home.aspx -
2015-01-04 /ejn/EJN_Home.aspx -
2015-01-04 /ejn/EJN_Home.aspx -
2015-01-04 /ejn/ -
2015-01-04 /ejn/EJN_StaticPage.aspx Bread=9
2015-01-04 /ejn/EJN_Search.aspx -
2015-01-04 /ejn/EJN_Home.aspx -
2015-01-04 /ejn/EJN_Home.aspx -
2015-01-04 /ejn/Events.aspx event=53
2015-01-04 /ejn/EJN_Home.aspx -
2015-01-04 /ejn/EJN_Home.aspx -
2015-01-04 /ejn/ -
2015-01-04 /ejn/EJN_Home.aspx -
2015-01-04 /ejn/EJN_Home.aspx -
2015-01-04 /ejn/EJN_Home.aspx -
2015-01-04 /ejn/EJN_AtlasAdvanced.aspx -
2015-01-04 /ejn/EJN_Home.aspx -
2015-01-04 /ejn/EJN_Home.aspx -
2015-01-04 /ejn/EJN_Home.aspx -
2015-01-04 /ejn/ -
2015-01-04 /ejn/EJN_InfoAbout.aspx Id=435
2015-01-04 /ejn/ -
2015-01-04 /ejn/EJN_Home.aspx -
2015-01-04 /ejn/AtlasChooseCountry.aspx Type=2
2015-01-04 /ejn/AtlasChooseMeasure.aspx MP=1&Cou=DE
2015-01-04 /ejn/EJN_StaticPage.aspx Bread=14
2015-01-04 /ejn/ejn_home.aspx -
2015-01-04 /ejn/EJN_Home.aspx -
2015-01-04 /ejn/EJN_Home.aspx -
2015-01-04 /ejn/libshowdocument.aspx Id=222&Lang=LT
2015-01-04 /ejn/EJN_Home.aspx -
2015-01-04 /ejn/EJN_Home.aspx -
2015-01-04 /ejn/EJN_Home.aspx -
2015-01-04 /ejn/EJN_Home.aspx -
2015-01-04 /ejn/EJN_Home.aspx -
2015-01-04 /ejn/EJN_Home.aspx -
2015-01-04 /ejn/EJN_Home.aspx -
2015-01-04 /ejn/EJN_Home.aspx -
2015-01-04 /ejn/EJN_AtlasAdvanced.aspx -
2015-01-04 /ejn/ -
2015-01-04 /ejn/ -
2015-01-04 /ejn/EJN_AtlasAdvanced.aspx -
2015-01-04 /ejn/ -
2015-01-04 /ejn/ -
2015-01-04 /ejn/EJN_Home.aspx -
2015-01-04 /ejn/EJN_StaticPage.aspx Bread=9
2015-01-04 /ejn/EJN_StaticPage.aspx Bread=2
2015-01-04 /ejn/EJN_StaticPage.aspx Bread=2
2015-01-04 /ejn/EJN_InfoAbout.aspx Id=287
2015-01-04 /ejn/ -
2015-01-04 /ejn/EJN_Home.aspx -
2015-01-04 /ejn/AtlasChooseMeasure.aspx MP=1&Cou=UK&Type=2
2015-01-04 /ejn/AtlasChooseMeasure.aspx MP=1&Cou=UK&Type=2++Culture:ESSessionId:t0coekpjg5jkljogkrnbooxqDate_Time:23:26
2015-01-04 /ejn/AtlasChooseMeasure.aspx MP=1&Cou=UK&Type=2
2015-01-04 /ejn/EJN_FichesBelgesResult.aspx measure=709&country=395&other=-1
2015-01-04 /ejn/AtlasChooseMeasure.aspx MP=1&Cou=UK&Type=2
2015-01-04 /ejn/AtlasSelection.aspx -
2015-01-04 /ejn/AtlasSelection.aspx -
2015-01-04 /ejn/AtlasSelection.aspx -
2015-01-04 /ejn/AtlasChooseMeasure.aspx MP=0&Cou=395
2015-01-04 /ejn/AtlasChooseMeasure.aspx MP=0&Cou=395
2015-01-04 /ejn/AtlasChooseMeasure.aspx MP=0&Cou=395
2015-01-04 /ejn/AtlasSelection.aspx -
2015-01-04 /ejn/AtlasSelection.aspx -
2015-01-04 /ejn/AtlasSelection.aspx -
2015-01-04 /ejn/AtlasAuthorityData.aspx Id=2589
2015-01-04 /ejn/EJN_Home.aspx -
2015-01-04 /ejn/EJN_AtlasAdvanced.aspx -
2015-01-04 /ejn/ -
2015-01-04 /ejn/libshowdocument.aspx Id=221&Lang=LT
2015-01-04 /ejn/AtlasSelection.aspx -
2015-01-04 /ejn/AtlasChooseMeasure.aspx MP=0&Cou=395
2015-01-04 /ejn/AtlasSelection.aspx -
2015-01-04 /ejn/ -
2015-01-04 /ejn/EJN_Compendium.aspx -
2015-01-04 /ejn/ctrls.compendium/IframeEngine.aspx -
2015-01-04 /ejn/EJN_Compendium.aspx -
2015-01-04 /ejn/ctrls.compendium/IframeEngine.aspx -
2015-01-04 /ejn/EJN_AtlasAdvanced.aspx -
2015-01-04 /ejn/EJN_Home.aspx -
2015-01-04 /forms.aspx -
2015-01-04 /ejn/EJN_Home.aspx -
2015-01-04 /ejn/libcategories.aspx Id=6
2015-01-04 /ejn/EJN_Home.aspx -
2015-01-04 /ejn/EJN_Home.aspx -
2015-01-04 /ejn/NewsAll.aspx Id=2
2015-01-04 /ejn/EJN_Home.aspx -
2015-01-04 /ejn/EJN_Home.aspx -
2015-01-04 /ejn/EJN_StaticPage.aspx Bread=1
2015-01-04 /ejn/EJN_Home.aspx -
2015-01-04 /ejn/ -
2015-01-04 /default.aspx -
2015-01-04 /ejn/EJN_Home.aspx -
2015-01-04 /ejn/ -
2015-01-04 /ejn/EJN_Home.aspx -
2015-01-04 /ejn/EJN_AtlasAdvanced.aspx -
2015-01-04 /ejn/EJN_AtlasAdvanced.aspx -
2015-01-04 /ejn/EJN_Home.aspx -
2015-01-04 /ejn/EJN_AtlasAdvanced.aspx -
2015-01-04 /ejn/ -
2015-01-04 /ejn/EJN_Home.aspx -
2015-01-04 /ejn/EJN_Home.aspx -
2015-01-04 /ejn/EJN_Home.aspx -
2015-01-04 /ejn/EJN_Home.aspx -
2015-01-04 /ejn/EJN_Home.aspx -
2015-01-04 /ejn/ -
2015-01-04 /ejn/EJN_Home.aspx -
2015-01-04 /ejn/EJN_StaticPage.aspx Bread=2
2015-01-04 /ejn/EJN_Home.aspx -
2015-01-04 /ejn/EJN_Home.aspx -
2015-01-04 /ejn/EJN_StaticPage.aspx Bread=28
2015-01-04 /ejn/EJN_Home.aspx -
2015-01-04 /ejn/ -
2015-01-04 /ejn/EJN_InfoAbout.aspx Id=432
2015-01-04 /ejn/EJN_InfoAbout.aspx Id=432
2015-01-04 /ejn/EJN_InfoAbout.aspx Id=432
2015-01-04 /ejn/EJN_Home.aspx -
2015-01-04 /ejn/EJN_StaticPage.aspx Bread=8
2015-01-04 /ejn/EJN_StaticPage.aspx Bread=7
2015-01-04 /ejn/sitemap.aspx -
2015-01-04 /ejn/EJN_Faqs.aspx -
2015-01-04 /ejn/EJN_Faqs.aspx cat=1
2015-01-04 /ejn/EJN_Faqs.aspx cat=1&id=8
2015-01-04 /ejn/libcategories.aspx Id=39
2015-01-04 /ejn/EJN_Home.aspx -
2015-01-04 /ejn/EJN_Home.aspx -
2015-01-04 /ejn/EJN_Home.aspx -
2015-01-04 /ejn/EJN_Home.aspx -
2015-01-04 /ejn/EJN_Home.aspx -
2015-01-04 /ejn/EJN_AtlasAdvancedOld.aspx ctyCode=PT
2015-01-04 /ejn/EJN_Faqs.aspx cat=1
