2014-12-31 /ejn/libshowdocument.aspx Id=222&Lang=LT
2014-12-31 /ejn/ -
2014-12-31 /ejn/Events.aspx event=252
2014-12-31 /ejn/EJN_Home.aspx -
2014-12-31 /ejn/ -
2014-12-31 /ejn/EJN_AtlasAdvanced.aspx -
2014-12-31 /ejn/EJN_Home.aspx -
2014-12-31 /ejn/EJN_Home.aspx -
2014-12-31 /ejn/EJN_Home.aspx -
2014-12-31 /ejn/ -
2014-12-31 /ejn/EJN_InfoAbout.aspx Id=373
2014-12-31 /ejn/EJN_QuickLinks.aspx id=24
2014-12-31 /ejn/EJN_EAWWizard.aspx -
2014-12-31 /ejn/ctrls.eawwizard/IframeEngine.aspx -
2014-12-31 /ejn/EJN_EAWWizard.aspx -
2014-12-31 /ejn/ctrls.eawwizard/IframeEngine.aspx -
2014-12-31 /ejn/EJN_EAWWizard.aspx -
2014-12-31 /ejn/ctrls.eawwizard/IframeEngine.aspx -
2014-12-31 /ejn/EJN_EAWAtlas.aspx -
2014-12-31 /ejn/EJN_Error.aspx -
2014-12-31 /ejn/EJN_StaticPage.aspx Bread=5
2014-12-31 /ejn/EJN_Home.aspx -
2014-12-31 /ejn/EJN_Home.aspx -
2014-12-31 /ejn/EJN_Home.aspx -
2014-12-31 /ejn/EJN_Home.aspx -
2014-12-31 /ejn/sitemap.aspx -
2014-12-31 /ejn/NewsDetail.aspx Ori=H&id=326
2014-12-31 /ejn/EJN_Home.aspx -
2014-12-31 /ejn/NewsDetail.aspx Ori=H&id=154
2014-12-31 /ejn/EJN_Home.aspx -
2014-12-31 /ejn/EJN_Home.aspx -
2014-12-31 /ejn/EJN_EAWAtlas.aspx -
2014-12-31 /ejn/EJN_Error.aspx -
2014-12-31 /ejn/EJN_Home.aspx -
2014-12-31 /ejn/EJN_InfoAbout.aspx Id=373
2014-12-31 /ejn/EJN_EAWWizard.aspx -
2014-12-31 /ejn/ctrls.eawwizard/IframeEngine.aspx -
2014-12-31 /ejn/AtlasChooseCountry.aspx Type=1
2014-12-31 /ejn/AtlasChooseMeasure.aspx MP=0&Cou=373
2014-12-31 /ejn/AtlasSelection.aspx -
2014-12-31 /ejn/AtlasAuthorityData.aspx Id=4146
2014-12-31 /ejn/EJN_StaticPage.aspx Bread=12
2014-12-31 /ejn/EJN_EAWWizard.aspx -
2014-12-31 /ejn/ctrls.eawwizard/IframeEngine.aspx -
2014-12-31 /ejn/EJN_InfoAbout.aspx Id=373
2014-12-31 /ejn/EJN_Home.aspx -
2014-12-31 /ejn/libcategories.aspx Id=14
2014-12-31 /ejn/libshowdocument.aspx Id=390&Lang=ES
2014-12-31 /ejn/EJN_Home.aspx -
2014-12-31 /ejn/libshowdocument.aspx Id=1118&Lang=ES
2014-12-31 /ejn/libshowdocument.aspx Id=388&Lang=ES
2014-12-31 /ejn/libshowdocument.aspx Id=388&Lang=ES
2014-12-31 /ejn/EJN_Home.aspx -
2014-12-31 /ejn/libshowdocument.aspx Id=388&Lang=EN
2014-12-31 /ejn/libshowdocument.aspx Id=390&Lang=EN
2014-12-31 /ejn/EJN_StaticPage.aspx Bread=11
2014-12-31 /ejn/EJN_Home.aspx -
2014-12-31 /ejn/libshowdocument.aspx Id=216&Lang=CS
2014-12-31 /ejn/libshowdocument.aspx Id=219&Lang=SL
2014-12-31 /ejn/ -
2014-12-31 /ejn/AtlasChooseCountry.aspx Type=2
2014-12-31 /ejn/NewsDetail.aspx id=327&Ori=H
2014-12-31 /ejn/ -
2014-12-31 /ejn/EJN_ContactUs.aspx &KeepThis=true&TB_iframe=true&height=650&width=900
2014-12-31 /ejn/NewsDetail.aspx id=330&Ori=H
2014-12-31 /ejn/Events.aspx event=316
2014-12-31 /ejn/NewsDetail.aspx id=328&Ori=H
2014-12-31 /ejn/NewsDetail.aspx id=331&Ori=H
2014-12-31 /ejn/NewsDetail.aspx id=329&Ori=H
2014-12-31 /ejn/NewsDetail.aspx id=319&Ori=H
2014-12-31 /ejn/NewsDetail.aspx id=312&Ori=H
2014-12-31 /ejn/Events.aspx event=277
2014-12-31 /ejn/NewsDetail.aspx id=309&Ori=H
2014-12-31 /ejn/libcategories.aspx Id=44
2014-12-31 /ejn/NewsDetail.aspx id=315&Ori=H
2014-12-31 /ejn/NewsDetail.aspx id=326&Ori=H
2014-12-31 /ejn/NewsDetail.aspx id=334&Ori=H
2014-12-31 /ejn/NewsDetail.aspx id=333&Ori=H
2014-12-31 /ejn/Events.aspx event=317
2014-12-31 /ejn/NewsDetail.aspx id=337&Ori=H
2014-12-31 /ejn/NewsDetail.aspx id=336&Ori=H
2014-12-31 /ejn/NewsDetail.aspx id=335&Ori=H
2014-12-31 /ejn/EJN_AtlasAdvanced.aspx -
2014-12-31 /ejn/EJN_AtlasAdvancedOld.aspx ctyCode=SK
2014-12-31 /ejn/AtlasChooseCountry.aspx Type=1
2014-12-31 /ejn/EJN_StaticPage.aspx Bread=38
2014-12-31 /ejn/EJN_EAWAtlas.aspx -
2014-12-31 /ejn/EJN_StaticPage.aspx Bread=9
2014-12-31 /ejn/EJN_StaticPage.aspx Bread=36
2014-12-31 /ejn/EJN_StaticPage.aspx Bread=25
2014-12-31 /ejn/EJN_StaticPage.aspx Bread=12
2014-12-31 /ejn/EJN_StaticPage.aspx Bread=2
2014-12-31 /ejn/EJN_StaticPage.aspx Bread=32
2014-12-31 /ejn/EJN_StaticPage.aspx Bread=11
2014-12-31 /ejn/EJN_StaticPage.aspx Bread=18
2014-12-31 /ejn/EJN_StaticPage.aspx Bread=13
2014-12-31 /ejn/EJN_StaticPage.aspx Bread=1
2014-12-31 /ejn/EJN_QuickLinks.aspx -
2014-12-31 /ejn/EJN_StaticPage.aspx Bread=34
2014-12-31 /ejn/EJN_StaticPage.aspx Bread=35
2014-12-31 /ejn/EJN_StaticPage.aspx Bread=22
2014-12-31 /ejn/EJN_StaticPage.aspx Bread=21
2014-12-31 /ejn/EJN_QuickLinks.aspx id=27
2014-12-31 /ejn/EJN_StaticPage.aspx Bread=23
2014-12-31 /ejn/EJN_StaticPage.aspx Bread=16
2014-12-31 /ejn/Events.aspx id=6
2014-12-31 /ejn/Gallery.aspx -
2014-12-31 /ejn/EJN_StaticPage.aspx Bread=8
2014-12-31 /ejn/EJN_StaticPage.aspx Bread=27
2014-12-31 /ejn/libcategories.aspx Id=25
2014-12-31 /ejn/EJN_StaticPage.aspx Bread=30
2014-12-31 /ejn/EJN_StaticPage.aspx Bread=24
2014-12-31 /ejn/EJN_Compendium.aspx -
2014-12-31 /ejn/EJN_QuickLinks.aspx id=23
2014-12-31 /ejn/EJN_StaticPage.aspx Bread=31
2014-12-31 /ejn/EJN_FichesBelges.aspx -
2014-12-31 /ejn/EJN_QuickLinks.aspx id=25
2014-12-31 /ejn/NewsAll.aspx Id=4
2014-12-31 /ejn/libcategories.aspx Id=14
2014-12-31 /ejn/Events.aspx -
2014-12-31 /ejn/EJN_StaticPage.aspx Bread=26
2014-12-31 /ejn/EJN_QuickLinks.aspx id=24
2014-12-31 /ejn/EJN_EAWWizard.aspx -
2014-12-31 /ejn/EJN_Login.aspx -
2014-12-31 /ejn/NewsAll.aspx Id=5
2014-12-31 /ejn/EJN_StaticPage.aspx Bread=17
2014-12-31 /ejn/EJN_StaticPage.aspx Bread=10
2014-12-31 /ejn/sitemap.aspx -
2014-12-31 /ejn/EJN_StaticPage.aspx Bread=3
2014-12-31 /ejn/EJN_StaticPage.aspx Bread=5
2014-12-31 /ejn/EJN_Secretariat.aspx -
2014-12-31 /ejn/EJN_StaticPage.aspx Bread=14
2014-12-31 /ejn/EJN_Faqs.aspx -
2014-12-31 /ejn/EJN_Search.aspx -
2014-12-31 /ejn/libcategories.aspx Id=32
2014-12-31 /ejn/EJN_SubscribeNewsLetter.aspx -
2014-12-31 /ejn/EJN_StaticPage.aspx Bread=19
2014-12-31 /ejn/NewsAll.aspx -
2014-12-31 /ejn/libcategories.aspx -
2014-12-31 /ejn/EJN_QuickLinks.aspx id=26
2014-12-31 /ejn/EJN_StaticPage.aspx Bread=20
2014-12-31 /ejn/NewsAll.aspx Id=3
2014-12-31 /ejn/NewsAll.aspx Id=1
2014-12-31 /ejn/EJN_StaticPage.aspx Bread=37
2014-12-31 /ejn/libcategories.aspx Id=24
2014-12-31 /ejn/EJN_StaticPage.aspx Bread=28
2014-12-31 /ejn/Events.aspx id=7
2014-12-31 /ejn/libcategories.aspx Id=34
2014-12-31 /ejn/EJN_StaticPage.aspx Bread=7
2014-12-31 /ejn/EJN_StaticPage.aspx Bread=33
2014-12-31 /ejn/NewsAll.aspx Id=2
2014-12-31 /ejn/EJN_StaticPage.aspx Bread=4
2014-12-31 /ejn/EJN_Error.aspx -
2014-12-31 /ejn/EJN_Home.aspx -
2014-12-31 /ejn/EJN_StaticPage.aspx Bread=39
2014-12-31 /ejn/libcategories.aspx Id=2
2014-12-31 /ejn/EJN_QuickLinks.aspx id=28
2014-12-31 /ejn/EJN_StaticPage.aspx Bread=5
2014-12-31 /ejn/AtlasChooseCountry.aspx Type=2
2014-12-31 /ejn/EJN_FichesBelges.aspx -
2014-12-31 /ejn/EJN_FichesBelgesTable.aspx -
2014-12-31 /ejn/ -
2014-12-31 /ejn/EJN_AtlasAdvanced.aspx -
2014-12-31 /ejn/EJN_QuickLinks.aspx id=26
2014-12-31 /ejn/EJN_Home.aspx -
2014-12-31 /ejn/EJN_Home.aspx -
2014-12-31 /ejn/EJN_Home.aspx -
2014-12-31 /ejn/EJN_Home.aspx -
2014-12-31 /ejn/EJN_Home.aspx -
2014-12-31 /ejn/EJN_Home.aspx -
2014-12-31 /ejn/EJN_Home.aspx -
2014-12-31 /ejn/EJN_Home.aspx -
2014-12-31 /ejn/EJN_Home.aspx -
2014-12-31 /ejn/EJN_News.aspx id=33
2014-12-31 /ejn/EJN_News.aspx id=33
2014-12-31 /ejn/EJN_Home.aspx -
2014-12-31 /ejn/EJN_Events.aspx date=09/06/2011
2014-12-31 /ejn/EJN_Events.aspx date=09/06/2011
2014-12-31 /ejn/EJN_EAWAtlas.aspx -
2014-12-31 /ejn/EJN_Error.aspx -
2014-12-31 /ejn/EJN_ContactPoints.aspx -
2014-12-31 /ejn/EJN_ContactPoints.aspx -
2014-12-31 /ejn/ -
2014-12-31 /ejn/libshowdocument.aspx Id=16&Lang=RO
2014-12-31 /ejn/libshowdocument.aspx Id=16&Lang=RO
2014-12-31 /ejn/EJN_Home.aspx -
2014-12-31 /ejn/libshowdocument.aspx Id=221&Lang=LV
2014-12-31 /ejn/EJN_Home.aspx -
2014-12-31 /ejn/EJN_Home.aspx -
2014-12-31 /ejn/AtlasChooseCountry.aspx Type=1
2014-12-31 /ejn/EJN_Home.aspx -
2014-12-31 /ejn/libshowdocument.aspx Id=13&Lang=LV
2014-12-31 /ejn/ -
2014-12-31 /ejn/EJN_Home.aspx -
2014-12-31 /ejn/EJN_Home.aspx -
2014-12-31 /ejn/EJN_AtlasAdvanced.aspx -
2014-12-31 /ejn/EJN_Home.aspx -
2014-12-31 /ejn/ -
2014-12-31 /ejn/Events.aspx event=279
2014-12-31 /ejn/EJN_Home.aspx -
2014-12-31 /ejn/libcategories.aspx Id=24
2014-12-31 /ejn/EJN_Home.aspx -
2014-12-31 /ejn/AtlasChooseCountry.aspx Type=2
2014-12-31 /ejn/EJN_Compendium.aspx -
2014-12-31 /ejn/EJN_Compendium.aspx -
2014-12-31 /ejn/AtlasChooseCountry.aspx Type=2
2014-12-31 /ejn/AtlasChooseMeasure.aspx MP=1&Cou=EE
2014-12-31 /ejn/EJN_FichesBelgesResult.aspx measure=404&country=269&other=-1
2014-12-31 /ejn/EJN_FichesBelgesResult.aspx measure=403&country=269&other=-1
2014-12-31 /ejn/EJN_FichesBelgesTable.aspx -
2014-12-31 /ejn/EJN_Compendium.aspx -
2014-12-31 /ejn/EJN_Compendium.aspx -
2014-12-31 /ejn/EJN_Compendium.aspx -
2014-12-31 /ejn/EJN_Compendium.aspx -
2014-12-31 /ejn/ctrls.compendium/IframeEngine.aspx -
2014-12-31 /ejn/EJN_Compendium.aspx -
2014-12-31 /ejn/ctrls.compendium/IframeEngine.aspx -
2014-12-31 /ejn/EJN_StaticPage.aspx Bread=12
2014-12-31 /ejn/EJN_Home.aspx -
2014-12-31 /ejn/EJN_Home.aspx -
2014-12-31 /ejn/EJN_Home.aspx -
2014-12-31 /ejn/ -
2014-12-31 /ejn/EJN_Home.aspx -
2014-12-31 /ejn/ -
2014-12-31 /ejn/EJN_Home.aspx -
2014-12-31 /ejn/EJN_Home.aspx -
2014-12-31 /ejn/EJN_Home.aspx -
2014-12-31 /ejn/libshowdocument.aspx Id=222&Lang=LT
2014-12-31 /ejn/ -
2014-12-31 /ejn/EJN_AtlasAdvanced.aspx -
2014-12-31 /ejn/ -
2014-12-31 /ejn/EJN_Home.aspx -
2014-12-31 /ejn/ -
2014-12-31 /ejn/EJN_StaticPage.aspx Bread=4
2014-12-31 /ejn/sitemap.aspx -
2014-12-31 /ejn/EJN_Home.aspx -
2014-12-31 /ejn/EJN_Faqs.aspx -
2014-12-31 /ejn/EJN_Search.aspx -
2014-12-31 /ejn/EJN_ContactUs.aspx &KeepThis=true&TB_iframe=true&height=650&width=900
2014-12-31 /ejn/EJN_StaticPage.aspx Bread=7
2014-12-31 /ejn/ejn_home.aspx -
2014-12-31 /ejn/EJN_StaticPage.aspx Bread=8
2014-12-31 /ejn/ -
2014-12-31 /ejn/EJN_StaticPage.aspx Bread=2
2014-12-31 /ejn/EJN_StaticPage.aspx Bread=9
2014-12-31 /ejn/EJN_StaticPage.aspx Bread=39
2014-12-31 /ejn/libcategories.aspx Id=24
2014-12-31 /ejn/libcategories.aspx Id=14
2014-12-31 /ejn/libcategories.aspx Id=34
2014-12-31 /ejn/libcategories.aspx Id=25
2014-12-31 /ejn/AtlasChooseMeasure.aspx MP=1&Cou=UK&Type=2
2014-12-31 /ejn/libcategories.aspx Id=32
2014-12-31 /ejn/EJN_Home.aspx -
2014-12-31 /ejn/Gallery.aspx -
2014-12-31 /ejn/EJN_StaticPage.aspx Bread=28
2014-12-31 /ejn/EJN_StaticPage.aspx Bread=13
2014-12-31 /ejn/EJN_StaticPage.aspx Bread=21
2014-12-31 /ejn/EJN_StaticPage.aspx Bread=14
2014-12-31 /ejn/EJN_StaticPage.aspx Bread=27
2014-12-31 /ejn/EJN_StaticPage.aspx Bread=16
2014-12-31 /ejn/EJN_StaticPage.aspx Bread=10
2014-12-31 /ejn/EJN_StaticPage.aspx Bread=17
2014-12-31 /ejn/EJN_Secretariat.aspx -
2014-12-31 /ejn/EJN_Home.aspx -
2014-12-31 /ejn/EJN_StaticPage.aspx Bread=31
2014-12-31 /ejn/EJN_StaticPage.aspx Bread=18
2014-12-31 /ejn/EJN_StaticPage.aspx Bread=33
2014-12-31 /ejn/EJN_StaticPage.aspx Bread=24
2014-12-31 /ejn/EJN_StaticPage.aspx Bread=30
2014-12-31 /ejn/EJN_StaticPage.aspx Bread=35
2014-12-31 /ejn/EJN_StaticPage.aspx Bread=34
2014-12-31 /ejn/EJN_StaticPage.aspx Bread=20
2014-12-31 /ejn/EJN_StaticPage.aspx Bread=32
2014-12-31 /ejn/EJN_StaticPage.aspx Bread=25
2014-12-31 /ejn/ -
2014-12-31 /ejn/EJN_Home.aspx -
2014-12-31 /ejn/EJN_StaticPage.aspx Bread=19
2014-12-31 /ejn/EJN_StaticPage.aspx Bread=37
2014-12-31 /ejn/EJN_StaticPage.aspx Bread=23
2014-12-31 /ejn/EJN_StaticPage.aspx Bread=26
2014-12-31 /ejn/EJN_StaticPage.aspx Bread=22
2014-12-31 /ejn/EJN_StaticPage.aspx Bread=36
2014-12-31 /ejn/Events.aspx id=6
2014-12-31 /ejn/EJN_StaticPage.aspx Bread=38
2014-12-31 /ejn/NewsDetail.aspx id=344&Ori=H
2014-12-31 /ejn/NewsDetail.aspx id=346&Ori=H
2014-12-31 /ejn/NewsAll.aspx Id=1
2014-12-31 /ejn/NewsAll.aspx Id=5
2014-12-31 /ejn/NewsAll.aspx Id=4
2014-12-31 /ejn/Events.aspx id=7
2014-12-31 /ejn/Events.aspx event=322
2014-12-31 /ejn/NewsAll.aspx Id=2
2014-12-31 /ejn/Events.aspx Id=6
2014-12-31 /ejn/Events.aspx event=318
2014-12-31 /ejn/Events.aspx Id=7
2014-12-31 /ejn/NewsAll.aspx Id=3
2014-12-31 /ejn/EJN_AtlasAdvanced.aspx -
2014-12-31 /ejn/EJN_InfoAbout.aspx Id=223
2014-12-31 /ejn/NewsAll.aspx -
2014-12-31 /ejn/EJN_SubscribeNewsLetter.aspx -
2014-12-31 /ejn/EJN_InfoAbout.aspx Id=432
2014-12-31 /ejn/EJN_InfoAbout.aspx Id=239
2014-12-31 /ejn/EJN_InfoAbout.aspx Id=230
2014-12-31 /ejn/Events.aspx -
2014-12-31 /ejn/EJN_InfoAbout.aspx Id=277
2014-12-31 /ejn/EJN_InfoAbout.aspx Id=287
2014-12-31 /ejn/EJN_InfoAbout.aspx Id=258
2014-12-31 /ejn/EJN_InfoAbout.aspx Id=273
2014-12-31 /ejn/EJN_InfoAbout.aspx Id=259
2014-12-31 /ejn/EJN_InfoAbout.aspx Id=269
2014-12-31 /ejn/EJN_InfoAbout.aspx Id=293
2014-12-31 /ejn/EJN_InfoAbout.aspx Id=279
2014-12-31 /ejn/EJN_InfoAbout.aspx Id=260
2014-12-31 /ejn/EJN_InfoAbout.aspx Id=272
2014-12-31 /ejn/EJN_InfoAbout.aspx Id=368
2014-12-31 /ejn/EJN_InfoAbout.aspx Id=321
2014-12-31 /ejn/EJN_InfoAbout.aspx Id=313
2014-12-31 /ejn/EJN_InfoAbout.aspx Id=337
2014-12-31 /ejn/EJN_InfoAbout.aspx Id=351
2014-12-31 /ejn/EJN_InfoAbout.aspx Id=354
2014-12-31 /ejn/EJN_InfoAbout.aspx Id=352
2014-12-31 /ejn/EJN_InfoAbout.aspx Id=307
2014-12-31 /ejn/EJN_InfoAbout.aspx Id=295
2014-12-31 /ejn/EJN_InfoAbout.aspx Id=314
2014-12-31 /ejn/EJN_InfoAbout.aspx Id=389
2014-12-31 /ejn/EJN_InfoAbout.aspx Id=435
2014-12-31 /ejn/EJN_InfoAbout.aspx Id=364
2014-12-31 /ejn/EJN_InfoAbout.aspx Id=378
2014-12-31 /ejn/EJN_InfoAbout.aspx Id=215
2014-12-31 /ejn/EJN_InfoAbout.aspx Id=395
2014-12-31 /ejn/EJN_InfoAbout.aspx Id=369
2014-12-31 /ejn/EJN_InfoAbout.aspx Id=288
2014-12-31 /ejn/EJN_InfoAbout.aspx Id=434
2014-12-31 /ejn/EJN_InfoAbout.aspx Id=373
2014-12-31 /ejn/EJN_InfoAbout.aspx Id=433
2014-12-31 /ejn/EJN_InfoAbout.aspx Id=430
2014-12-31 /ejn/EJN_StaticPage.aspx Bread=3
2014-12-31 /ejn/EJN_Compendium.aspx -
2014-12-31 /ejn/EJN_InfoAbout.aspx Id=342
2014-12-31 /ejn/AtlasChooseCountry.aspx Type=1
2014-12-31 /ejn/EJN_Login.aspx -
2014-12-31 /ejn/EJN_FichesBelges.aspx -
2014-12-31 /ejn/AtlasChooseCountry.aspx Type=2
2014-12-31 /ejn/EJN_StaticPage.aspx Bread=1
2014-12-31 /ejn/EJN_QuickLinks.aspx id=27
2014-12-31 /ejn/libcategories.aspx -
2014-12-31 /ejn/EJN_QuickLinks.aspx id=26
2014-12-31 /ejn/EJN_StaticPage.aspx Bread=12
2014-12-31 /ejn/EJN_EAWWizard.aspx -
2014-12-31 /ejn/EJN_QuickLinks.aspx id=23
2014-12-31 /ejn/EJN_QuickLinks.aspx id=28
2014-12-31 /ejn/EJN_QuickLinks.aspx id=24
2014-12-31 /ejn/EJN_StaticPage.aspx Bread=11
2014-12-31 /ejn/EJN_QuickLinks.aspx id=25
2014-12-31 /ejn/ejn_staticpage.aspx Bread=8
2014-12-31 /ejn/ejn_staticpage.aspx Bread=4
2014-12-31 /ejn/EJN_Faqs.aspx cat=1
2014-12-31 /ejn/ejn_faqs.aspx -
2014-12-31 /ejn/ejn_search.aspx -
2014-12-31 /ejn/EJN_Faqs.aspx cat=2
2014-12-31 /ejn/libcategories.aspx Id=2
2014-12-31 /ejn/EJN_StaticPage.aspx Bread=5
2014-12-31 /ejn/EJN_QuickLinks.aspx -
2014-12-31 /ejn/ejn_staticpage.aspx Bread=7
2014-12-31 /ejn/libcategories.aspx Id=44
2014-12-31 /ejn/ejn_staticpage.aspx Bread=9
2014-12-31 /ejn/ejn_staticpage.aspx Bread=2
2014-12-31 /ejn/libshowdocument.aspx Id=1&Lang=EN
2014-12-31 /ejn/libcategories.aspx id=1
2014-12-31 /ejn/libshowdocument.aspx Id=1&Lang=DK
2014-12-31 /ejn/libdocumentproperties.aspx Id=1
2014-12-31 /ejn/libshowdocument.aspx Id=1&Lang=BG
2014-12-31 /ejn/libshowdocument.aspx Id=1&Lang=CS
2014-12-31 /ejn/libshowdocument.aspx Id=1&Lang=EL
2014-12-31 /ejn/libshowdocument.aspx Id=1&Lang=DE
2014-12-31 /ejn/libadvancedsearch.aspx -
2014-12-31 /ejn/libshowdocument.aspx Id=1&Lang=ES
2014-12-31 /ejn/libshowdocument.aspx Id=1&Lang=FI
2014-12-31 /ejn/libshowdocument.aspx Id=1&Lang=FR
2014-12-31 /ejn/libshowdocument.aspx Id=1&Lang=IT
2014-12-31 /ejn/libshowdocument.aspx Id=1&Lang=MT
2014-12-31 /ejn/libshowdocument.aspx Id=1&Lang=ET
2014-12-31 /ejn/libshowdocument.aspx Id=1&Lang=LT
2014-12-31 /ejn/libshowdocument.aspx Id=1&Lang=LV
2014-12-31 /ejn/libshowdocument.aspx Id=1&Lang=HU
2014-12-31 /ejn/libshowdocument.aspx Id=1&Lang=HR
2014-12-31 /ejn/EJN_Home.aspx -
2014-12-31 /ejn/libshowdocument.aspx Id=1&Lang=PT
2014-12-31 /ejn/libdocumentproperties.aspx Id=3
2014-12-31 /ejn/libshowdocument.aspx Id=1&Lang=SV
2014-12-31 /ejn/libshowdocument.aspx Id=1&Lang=NL
2014-12-31 /ejn/libshowdocument.aspx Id=1&Lang=SL
2014-12-31 /ejn/libshowdocument.aspx Id=1&Lang=SK
2014-12-31 /ejn/libshowdocument.aspx Id=1&Lang=RO
2014-12-31 /ejn/libshowdocument.aspx Id=3&Lang=CS
2014-12-31 /ejn/libshowdocument.aspx Id=3&Lang=BG
2014-12-31 /ejn/libshowdocument.aspx Id=1&Lang=PL
2014-12-31 /ejn/EJN_Home.aspx -
2014-12-31 /ejn/libshowdocument.aspx Id=3&Lang=DK
2014-12-31 /ejn/libshowdocument.aspx Id=3&Lang=FI
2014-12-31 /ejn/libshowdocument.aspx Id=3&Lang=EN
2014-12-31 /ejn/libshowdocument.aspx Id=3&Lang=FR
2014-12-31 /ejn/libshowdocument.aspx Id=3&Lang=IT
2014-12-31 /ejn/libshowdocument.aspx Id=3&Lang=EL
2014-12-31 /ejn/libshowdocument.aspx Id=3&Lang=ES
2014-12-31 /ejn/libshowdocument.aspx Id=3&Lang=DE
2014-12-31 /ejn/libshowdocument.aspx Id=3&Lang=HU
2014-12-31 /ejn/libshowdocument.aspx Id=3&Lang=ET
2014-12-31 /ejn/EJN_Home.aspx -
2014-12-31 /ejn/libshowdocument.aspx Id=3&Lang=PT
2014-12-31 /ejn/libshowdocument.aspx Id=3&Lang=SV
2014-12-31 /ejn/libshowdocument.aspx Id=3&Lang=LV
2014-12-31 /ejn/libshowdocument.aspx Id=3&Lang=MT
2014-12-31 /ejn/libshowdocument.aspx Id=3&Lang=SL
2014-12-31 /ejn/libshowdocument.aspx Id=3&Lang=PL
2014-12-31 /ejn/libshowdocument.aspx Id=3&Lang=LT
2014-12-31 /ejn/libshowdocument.aspx Id=3&Lang=SK
2014-12-31 /ejn/libshowdocument.aspx Id=3&Lang=RO
2014-12-31 /ejn/libshowdocument.aspx Id=3&Lang=NL
2014-12-31 /ejn/libshowdocument.aspx Id=13&Lang=LV
2014-12-31 /ejn/libdocumentproperties.aspx Id=787
2014-12-31 /ejn/libshowdocument.aspx Id=787&Lang=EL
2014-12-31 /ejn/libshowdocument.aspx Id=787&Lang=DK
2014-12-31 /ejn/libshowdocument.aspx Id=787&Lang=BG
2014-12-31 /ejn/libshowdocument.aspx Id=787&Lang=DE
2014-12-31 /ejn/libshowdocument.aspx Id=787&Lang=CS
2014-12-31 /ejn/ -
2014-12-31 /ejn/ -
2014-12-31 /ejn/EJN_Home.aspx -
2014-12-31 /ejn/EJN_Home.aspx -
2014-12-31 /ejn/EJN_Home.aspx -
2014-12-31 /ejn/ -
2014-12-31 /ejn/ejn_home.aspx -
2014-12-31 /ejn/EJN_Home.aspx -
2014-12-31 /ejn/EJN_Home.aspx -
2014-12-31 /ejn/EJN_AtlasAdvanced.aspx -
2014-12-31 /ejn/EJN_Home.aspx -
2014-12-31 /ejn/EJN_QuickLinks.aspx id=28
2014-12-31 /ejn/EJN_Home.aspx -
2014-12-31 /ejn/EJN_Events.aspx date=27/06/2011
2014-12-31 /ejn/EJN_Events.aspx date=27/06/2011
2014-12-31 /ejn/EJN_Home.aspx -
2014-12-31 /ejn/EJN_Home.aspx -
2014-12-31 /ejn/EJN_Home.aspx -
2014-12-31 /default.aspx -
2014-12-31 /ejn/libshowdocument.aspx Id=1&Lang=PL
2014-12-31 /ejn/EJN_Home.aspx -
2014-12-31 /ejn/libshowdocument.aspx Id=219&Lang=SL
2014-12-31 /ejn/EJN_Home.aspx -
2014-12-31 /ejn/EJN_Home.aspx -
2014-12-31 /atlas_advanced.aspx -
2014-12-31 /atlas_advanced.aspx -
2014-12-31 /ejn/ -
2014-12-31 /atlas_advanced.aspx -
2014-12-31 /atlas_advanced.aspx -
2014-12-31 /ejn/ejn_guidevisit.aspx -
2014-12-31 /ejn/ejn_guidevisit.aspx -
2014-12-31 /ejn/AtlasChooseCountry.aspx -
2014-12-31 /ejn/EJN_Home.aspx -
2014-12-31 /ejn/ -
2014-12-31 /ejn/EJN_Events.aspx Id=29
2014-12-31 /ejn/EJN_Events.aspx Id=29
2014-12-31 /ejn/NewsDetail.aspx id=315&Ori=H
2014-12-31 /ejn/EJN_Home.aspx -
2014-12-31 /ejn/ -
2014-12-31 /ejn/EJN_Home.aspx -
2014-12-31 /ejn/EJN_Home.aspx -
2014-12-31 /ejn/EJN_AtlasAdvanced.aspx -
2014-12-31 /ejn/EJN_Home.aspx -
2014-12-31 /ejn/EJN_AtlasAdvancedOld.aspx ctyCode=SK
2014-12-31 /ejn/NewsDetail.aspx id=235&Ori=H
2014-12-31 /ejn/EJN_Home.aspx -
2014-12-31 /ejn/EJN_AtlasAdvancedOld.aspx ctyCode=SK
2014-12-31 /ejn/libshowdocument.aspx Id=3&Lang=LT
2014-12-31 /ejn/libshowdocument.aspx Id=222&Lang=FR
2014-12-31 /ejn/EJN_Home.aspx -
2014-12-31 /ejn/EJN_Home.aspx -
2014-12-31 /ejn/EJN_Home.aspx -
2014-12-31 /ejn/libshowdocument.aspx Id=1&Lang=RO
2014-12-31 /ejn/libshowdocument.aspx Id=13&Lang=LV
2014-12-31 /ejn/EJN_Home.aspx -
2014-12-31 /ejn/EJN_Home.aspx -
2014-12-31 /ejn/EJN_Home.aspx -
2014-12-31 /ejn/ -
2014-12-31 /ejn/EJN_Compendium.aspx -
2014-12-31 /ejn/ctrls.compendium/IframeEngine.aspx -
2014-12-31 /ejn/EJN_Compendium.aspx -
2014-12-31 /ejn/ctrls.compendium/IframeEngine.aspx -
2014-12-31 /ejn/ -
2014-12-31 /ejn/ -
2014-12-31 /ejn/ctrls.compendium/iframeEngine.aspx remoteFunction=loginOK&login=&password=&callback=doLogin_cb
2014-12-31 /ejn/AtlasChooseCountry.aspx Type=2
2014-12-31 /ejn/EJN_Home.aspx -
2014-12-31 /ejn/AtlasChooseCountry.aspx Type=2
2014-12-31 /ejn/AtlasChooseMeasure.aspx MP=0&Cou=260
2014-12-31 /ejn/AtlasChooseMeasure.aspx MP=0&Cou=260
2014-12-31 /ejn/AtlasChooseMeasure.aspx MP=0&Cou=260
2014-12-31 /ejn/AtlasChooseMeasure.aspx MP=0&Cou=260
2014-12-31 /ejn/AtlasSelection.aspx -
2014-12-31 /ejn/AtlasSelection.aspx -
2014-12-31 /ejn/AtlasSelection.aspx -
2014-12-31 /ejn/AtlasChooseAuthority.aspx -
2014-12-31 /ejn/AtlasChooseAuthority.aspx -
2014-12-31 /ejn/AtlasChooseAuthority.aspx -
2014-12-31 /ejn/AtlasAuthorityData.aspx Id=2308
2014-12-31 /ejn/AtlasAuthorityData.aspx Id=2308
2014-12-31 /ejn/AtlasChooseAuthority.aspx -
2014-12-31 /ejn/AtlasChooseAuthority.aspx -
2014-12-31 /ejn/AtlasChooseAuthority.aspx -
2014-12-31 /ejn/AtlasAuthorityData.aspx Id=2316
2014-12-31 /ejn/AtlasAuthorityData.aspx Id=2316
2014-12-31 /ejn/ctrls.compendium/iframeEngine.aspx remoteFunction=getAuthority&Id=2316&callback=loadRequestedAuth_cb
2014-12-31 /ejn/EJN_Home.aspx -
2014-12-31 /ejn/EJN_AtlasAdvanced.aspx -
2014-12-31 /ejn/EJN_Home.aspx -
2014-12-31 /ejn/ -
2014-12-31 /ejn/sitemap.aspx -
2014-12-31 /ejn/EJN_Home.aspx -
2014-12-31 /ejn/EJN_Home.aspx -
2014-12-31 /ejn/EJN_Compendium.aspx -
2014-12-31 /ejn/EJN_Home.aspx -
2014-12-31 /ejn/EJN_Home.aspx -
2014-12-31 /ejn/NewsDetail.aspx id=346&Ori=H
2014-12-31 /ejn/Gallery.aspx -
2014-12-31 /ejn/EJN_Home.aspx -
2014-12-31 /ejn/EJN_Home.aspx -
2014-12-31 /ejn/EJN_Home.aspx -
2014-12-31 /ejn/NewsDetail.aspx Ori=H&id=327
2014-12-31 /ejn/EJN_Home.aspx -
2014-12-31 /ejn/EJN_StaticPage.aspx Bread=19
2014-12-31 /ejn/EJN_Home.aspx -
2014-12-31 /ejn/ -
2014-12-31 /ejn/ -
2014-12-31 /ejn/EJN_Compendium.aspx -
2014-12-31 /ejn/EJN_Home.aspx -
2014-12-31 /ejn/ -
2014-12-31 /ejn/EJN_Compendium.aspx -
2014-12-31 /ejn/ctrls.compendium/IframeEngine.aspx -
2014-12-31 /ejn/EJN_Compendium.aspx -
2014-12-31 /ejn/ctrls.compendium/IframeEngine.aspx -
2014-12-31 /ejn/EJN_Compendium.aspx -
2014-12-31 /ejn/ctrls.compendium/IframeEngine.aspx -
2014-12-31 /ejn/ -
2014-12-31 /ejn/ -
2014-12-31 /ejn/AtlasChooseCountry.aspx Type=2
2014-12-31 /ejn/AtlasChooseMeasure.aspx MP=0&Cou=277
2014-12-31 /ejn/EJN_Home.aspx -
2014-12-31 /ejn/AtlasChooseMeasure.aspx MP=0&Cou=277
2014-12-31 /ejn/AtlasChooseMeasure.aspx MP=0&Cou=277
2014-12-31 /ejn/AtlasChooseMeasure.aspx MP=0&Cou=277
2014-12-31 /ejn/AtlasSelection.aspx -
2014-12-31 /ejn/AtlasChooseAuthority.aspx -
2014-12-31 /ejn/AtlasChooseAuthority.aspx/GetLocations -
2014-12-31 /ejn/AtlasChooseAuthority.aspx/GetLocations -
2014-12-31 /ejn/AtlasChooseAuthority.aspx/GetLocations -
2014-12-31 /ejn/AtlasChooseAuthority.aspx -
2014-12-31 /ejn/AtlasChooseAuthority.aspx/GetLocations -
2014-12-31 /ejn/ -
2014-12-31 /ejn/EJN_Home.aspx -
2014-12-31 /ejn/AtlasChooseAuthority.aspx -
2014-12-31 /ejn/AtlasChooseAuthority.aspx -
2014-12-31 /ejn/AtlasChooseAuthority.aspx -
2014-12-31 /ejn/AtlasAuthorityData.aspx Id=4245
2014-12-31 /ejn/EJN_Home.aspx -
2014-12-31 /ejn/EJN_AtlasAdvanced.aspx -
2014-12-31 /ejn/EJN_Home.aspx -
2014-12-31 /ejn/EJN_Home.aspx -
2014-12-31 /ejn/ -
2014-12-31 /ejn/ -
2014-12-31 /ejn/ -
2014-12-31 /ejn/ -
2014-12-31 /ejn/libshowdocument.aspx Id=219&Lang=SL
2014-12-31 /ejn/libshowdocument.aspx Id=16&Lang=PL
2014-12-31 /ejn/ -
2014-12-31 /ejn/EJN_Home.aspx -
2014-12-31 /ejn/EJN_Home.aspx -
2014-12-31 /ejn/EJN_Home.aspx -
2014-12-31 /ejn/EJN_Home.aspx -
2014-12-31 /ejn/EJN_Home.aspx -
2014-12-31 /ejn/EJN_Home.aspx -
2014-12-31 /ejn/AtlasChooseMeasure.aspx Mp=1&Cou=SK&Type=2
2014-12-31 /ejn/EJN_FichesBelgesResult.aspx measure=504&country=368&other=-1
2014-12-31 /ejn/EJN_Home.aspx -
2014-12-31 /ejn/ -
2014-12-31 /ejn/AtlasChooseMeasure.aspx Mp=1&Cou=FI&Type=2
2014-12-31 /ejn/AtlasSelection.aspx -
2014-12-31 /ejn/EJN_Error.aspx -
2014-12-31 /ejn/EJN_Home.aspx -
2014-12-31 /ejn/AtlasChooseCountry.aspx Type=1
2014-12-31 /ejn/AtlasChooseCountry.aspx Type=1
2014-12-31 /ejn/AtlasChooseMeasure.aspx MP=0&Cou=239
2014-12-31 /ejn/AtlasSelection.aspx -
2014-12-31 /ejn/AtlasChooseAuthority.aspx -
2014-12-31 /ejn/ -
2014-12-31 /ejn/AtlasChooseCountry.aspx Type=2
2014-12-31 /ejn/AtlasChooseMeasure.aspx MP=0&Cou=273
2014-12-31 /ejn/ -
2014-12-31 /ejn/AtlasChooseMeasure.aspx MP=0&Cou=273
2014-12-31 /ejn/AtlasChooseMeasure.aspx MP=0&Cou=273
2014-12-31 /ejn/AtlasChooseMeasure.aspx MP=0&Cou=273
2014-12-31 /ejn/AtlasChooseMeasure.aspx MP=0&Cou=273
2014-12-31 /ejn/AtlasSelection.aspx -
2014-12-31 /ejn/AtlasSelection.aspx -
2014-12-31 /ejn/AtlasSelection.aspx -
2014-12-31 /ejn/ -
2014-12-31 /ejn/AtlasSelection.aspx -
2014-12-31 /ejn/AtlasSelection.aspx -
2014-12-31 /ejn/AtlasSelection.aspx -
2014-12-31 /ejn/AtlasChooseAuthority.aspx -
2014-12-31 /ejn/AtlasChooseAuthority.aspx -
2014-12-31 /ejn/AtlasAuthorityData.aspx Id=4763
2014-12-31 /ejn/AtlasChooseMeasure.aspx Mp=1&Cou=NO&Type=2
2014-12-31 /ejn/AtlasSelection.aspx -
2014-12-31 /ejn/AtlasSelection.aspx -
2014-12-31 /ejn/AtlasChooseAuthority.aspx -
2014-12-31 /ejn/AtlasChooseAuthority.aspx -
2014-12-31 /ejn/AtlasAuthorityData.aspx Id=4664
2014-12-31 /ejn/AtlasChooseMeasure.aspx Mp=1&Cou=NO&Type=2
2014-12-31 /ejn/EJN_FichesBelgesResult.aspx measure=301&country=342&other=-1
2014-12-31 /ejn/libshowdocument.aspx Id=13&Lang=LT
2014-12-31 /ejn/AtlasChooseMeasure.aspx Mp=1&Cou=NO&Type=2
2014-12-31 /ejn/ -
2014-12-31 /ejn/ -
2014-12-31 /ejn/AtlasChooseMeasure.aspx Mp=1&Cou=FI&Type=2
2014-12-31 /ejn/ -
2014-12-31 /ejn/AtlasChooseMeasure.aspx Mp=1&Cou=NO&Type=2
2014-12-31 /ejn/EJN_Home.aspx -
2014-12-31 /ejn/ -
2014-12-31 /ejn/EJN_Home.aspx -
2014-12-31 /ejn/ -
2014-12-31 /ejn/ -
2014-12-31 /ejn/EJN_Home.aspx -
2014-12-31 /ejn/EJN_Home.aspx -
2014-12-31 /forms.aspx -
2014-12-31 /ejn/EJN_Home.aspx -
2014-12-31 /ejn/EJN_Home.aspx -
2014-12-31 /ejn/EJN_Home.aspx -
2014-12-31 /ejn/ -
2014-12-31 /ejn/EJN_Home.aspx -
2014-12-31 /ejn/AtlasChooseCountry.aspx Type=2
2014-12-31 /ejn/AtlasChooseCountry.aspx Type=2
2014-12-31 /ejn/AtlasChooseMeasure.aspx MP=0&Cou=230
2014-12-31 /ejn/ -
2014-12-31 /ejn/AtlasChooseMeasure.aspx Mp=1&Cou=DE&Type=2
2014-12-31 /ejn/EJN_Home.aspx -
2014-12-31 /ejn/EJN_Home.aspx ++Culture:ESSessionId:4jzuingcwbci5ekx1wy2zvbbDate_Time:9:07
2014-12-31 /ejn/AtlasChooseMeasure.aspx Mp=1&Cou=DE&Type=2
2014-12-31 /ejn/AtlasChooseMeasure.aspx Mp=1&Cou=DE&Type=2
2014-12-31 /ejn/AtlasChooseMeasure.aspx Mp=1&Cou=DE&Type=2
2014-12-31 /ejn/AtlasSelection.aspx -
2014-12-31 /ejn/AtlasChooseAuthority.aspx -
2014-12-31 /ejn/AtlasChooseMeasure.aspx MP=0&Cou=230
2014-12-31 /ejn/ -
2014-12-31 /ejn/AtlasChooseCountry.aspx Type=2
2014-12-31 /ejn/AtlasChooseCountry.aspx Type=1
2014-12-31 /ejn/AtlasChooseCountry.aspx Type=2
2014-12-31 /ejn/AtlasChooseMeasure.aspx MP=0&Cou=337
2014-12-31 /ejn/AtlasChooseMeasure.aspx MP=0&Cou=337
2014-12-31 /ejn/AtlasChooseMeasure.aspx MP=0&Cou=337
2014-12-31 /ejn/AtlasSelection.aspx -
2014-12-31 /ejn/AtlasSelection.aspx -
2014-12-31 /ejn/AtlasChooseCountry.aspx Type=1
2014-12-31 /ejn/AtlasChooseMeasure.aspx MP=0&Cou=230
2014-12-31 /ejn/AtlasSelection.aspx -
2014-12-31 /ejn/AtlasSelection.aspx -
2014-12-31 /ejn/AtlasChooseAuthority.aspx -
2014-12-31 /ejn/AtlasChooseCountry.aspx Type=1
2014-12-31 /ejn/AtlasChooseCountry.aspx Type=1
2014-12-31 /ejn/AtlasChooseMeasure.aspx MP=0&Cou=230
2014-12-31 /ejn/AtlasSelection.aspx -
2014-12-31 /ejn/AtlasChooseAuthority.aspx -
2014-12-31 /ejn/AtlasChooseAuthority.aspx/GetLocations -
2014-12-31 /ejn/AtlasChooseAuthority.aspx -
2014-12-31 /ejn/AtlasChooseAuthority.aspx/GetLocations -
2014-12-31 /ejn/AtlasChooseAuthority.aspx -
2014-12-31 /ejn/AtlasChooseAuthority.aspx -
2014-12-31 /ejn/AtlasAuthorityData.aspx Id=4262
2014-12-31 /ejn/AtlasChooseAuthority.aspx -
2014-12-31 /ejn/AtlasAuthorityData.aspx Id=2637
2014-12-31 /ejn/AtlasAuthorityData.aspx Id=2638
2014-12-31 /ejn/AtlasChooseCountry.aspx Type=2
2014-12-31 /ejn/AtlasChooseMeasure.aspx MP=1&Cou=NO
2014-12-31 /ejn/AtlasChooseAuthority.aspx -
2014-12-31 /ejn/AtlasChooseAuthority.aspx -
2014-12-31 /ejn/AtlasAuthorityData.aspx Id=2621
2014-12-31 /ejn/AtlasAuthorityData.aspx Id=2621
2014-12-31 /ejn/AtlasAuthorityData.aspx Id=2621
2014-12-31 /ejn/AtlasAuthorityData.aspx Id=2621
2014-12-31 /ejn/EJN_Home.aspx -
2014-12-31 /ejn/AtlasChooseMeasure.aspx Mp=1&Cou=SK&Type=2
2014-12-31 /ejn/EJN_Home.aspx -
2014-12-31 /ejn/AtlasChooseMeasure.aspx MP=1&Cou=NO
2014-12-31 /ejn/EJN_FichesBelgesResult.aspx measure=702&country=368&other=-1
2014-12-31 /ejn/AtlasChooseCountry.aspx Type=2
2014-12-31 /ejn/EJN_Home.aspx -
2014-12-31 /ejn/AtlasChooseMeasure.aspx MP=0&Cou=368
2014-12-31 /ejn/AtlasChooseMeasure.aspx MP=0&Cou=368
2014-12-31 /ejn/AtlasChooseCountry.aspx Type=2
2014-12-31 /ejn/EJN_FichesBelgesResult.aspx measure=702&country=368&other=-1
2014-12-31 /ejn/AtlasChooseCountry.aspx Type=2
2014-12-31 /ejn/AtlasChooseMeasure.aspx MP=0&Cou=342
2014-12-31 /ejn/EJN_FichesBelgesResult.aspx measure=702&country=368&other=-1++Culture:DESessionId:xs50grwf40tjiu5f0pjs4jtyDate_Time:09:15
2014-12-31 /ejn/AtlasChooseMeasure.aspx MP=0&Cou=368++Culture:DESessionId:xs50grwf40tjiu5f0pjs4jtyDate_Time:09:15
2014-12-31 /ejn/AtlasChooseMeasure.aspx MP=0&Cou=368
2014-12-31 /ejn/AtlasChooseMeasure.aspx MP=0&Cou=342
2014-12-31 /ejn/AtlasChooseMeasure.aspx MP=0&Cou=368
2014-12-31 /ejn/AtlasSelection.aspx -
2014-12-31 /ejn/EJN_FichesBelgesResult.aspx measure=201&country=342&other=-1
2014-12-31 /ejn/AtlasSelection.aspx -
2014-12-31 /ejn/AtlasSelection.aspx -
2014-12-31 /ejn/AtlasSelection.aspx -
2014-12-31 /ejn/AtlasSelection.aspx -
2014-12-31 /ejn/AtlasChooseAuthority.aspx -
2014-12-31 /ejn/ -
2014-12-31 /ejn/EJN_Home.aspx -
2014-12-31 /ejn/ -
2014-12-31 /ejn/EJN_FichesBelgesResult.aspx measure=204&country=342&other=-1
2014-12-31 /ejn/AtlasChooseAuthority.aspx/GetLocations -
2014-12-31 /ejn/EJN_Home.aspx -
2014-12-31 /ejn/EJN_AtlasAdvanced.aspx -
2014-12-31 /ejn/AtlasChooseAuthority.aspx -
2014-12-31 /ejn/AtlasAuthorityData.aspx Id=5091
2014-12-31 /ejn/EJN_Home.aspx -
2014-12-31 /ejn/EJN_Compendium.aspx -
2014-12-31 /ejn/ctrls.compendium/IframeEngine.aspx -
2014-12-31 /ejn/EJN_Compendium.aspx -
2014-12-31 /ejn/ctrls.compendium/IframeEngine.aspx -
2014-12-31 /ejn/EJN_Home.aspx -
2014-12-31 /ejn/ -
2014-12-31 /ejn/AtlasChooseCountry.aspx Type=2
2014-12-31 /ejn/EJN_Home.aspx -
2014-12-31 /ejn/AtlasChooseMeasure.aspx MP=1&Cou=DE
2014-12-31 /ejn/AtlasChooseMeasure.aspx MP=1&Cou=DE
2014-12-31 /ejn/EJN_AtlasAdvanced.aspx -
2014-12-31 /ejn/AtlasChooseMeasure.aspx MP=1&Cou=DE
2014-12-31 /ejn/AtlasSelection.aspx -
2014-12-31 /ejn/AtlasChooseAuthority.aspx -
2014-12-31 /ejn/AtlasChooseAuthority.aspx -
2014-12-31 /ejn/EJN_Home.aspx -
2014-12-31 /ejn/AtlasChooseMeasure.aspx Mp=1&Cou=DE&Type=2
2014-12-31 /ejn/AtlasChooseAuthority.aspx -
2014-12-31 /ejn/AtlasAuthorityData.aspx Id=4239
2014-12-31 /ejn/AtlasChooseMeasure.aspx Mp=1&Cou=DE&Type=2
2014-12-31 /ejn/AtlasChooseMeasure.aspx Mp=1&Cou=DE&Type=2
2014-12-31 /ejn/AtlasSelection.aspx -
2014-12-31 /ejn/AtlasChooseAuthority.aspx -
2014-12-31 /ejn/ -
2014-12-31 /ejn/AtlasChooseAuthority.aspx/GetLocations -
2014-12-31 /ejn/AtlasChooseMeasure.aspx Mp=1&Cou=DE&Type=2
2014-12-31 /ejn/AtlasChooseAuthority.aspx/GetLocations -
2014-12-31 /ejn/AtlasChooseAuthority.aspx -
2014-12-31 /ejn/AtlasAuthorityData.aspx Id=4270
2014-12-31 /ejn/ -
2014-12-31 /ejn/EJN_Home.aspx -
2014-12-31 /ejn/EJN_Compendium.aspx -
2014-12-31 /ejn/ctrls.compendium/IframeEngine.aspx -
2014-12-31 /ejn/ -
2014-12-31 /ejn/EJN_Home.aspx -
2014-12-31 /ejn/AtlasChooseMeasure.aspx Mp=1&Cou=DE&Type=2
2014-12-31 /ejn/AtlasChooseMeasure.aspx Mp=1&Cou=DE&Type=2
2014-12-31 /ejn/AtlasChooseMeasure.aspx Mp=1&Cou=DE&Type=2
2014-12-31 /ejn/AtlasSelection.aspx -
2014-12-31 /ejn/AtlasChooseAuthority.aspx -
2014-12-31 /ejn/AtlasChooseAuthority.aspx/GetLocations -
2014-12-31 /ejn/AtlasChooseAuthority.aspx/GetLocations -
2014-12-31 /ejn/AtlasChooseMeasure.aspx Mp=1&Cou=SK&Type=2
2014-12-31 /ejn/EJN_InfoAbout.aspx Id=351
2014-12-31 /ejn/EJN_Home.aspx -
2014-12-31 /ejn/AtlasChooseMeasure.aspx Mp=1&Cou=SK&Type=2
2014-12-31 /ejn/AtlasChooseCountry.aspx Type=2
2014-12-31 /ejn/AtlasChooseCountry.aspx Type=1
2014-12-31 /ejn/AtlasChooseCountry.aspx Type=2
2014-12-31 /ejn/EJN_StaticPage.aspx Bread=2
2014-12-31 /ejn/libcategories.aspx -
2014-12-31 /ejn/libcategories.aspx Id=2
2014-12-31 /ejn/EJN_Home.aspx -
2014-12-31 /ejn/libdocumentproperties.aspx Id=1063
2014-12-31 /ejn/EJN_Library_StatusOfImpByCat.aspx CategoryId=39
2014-12-31 /ejn/ -
2014-12-31 /ejn/AtlasChooseAuthority.aspx/GetLocations -
2014-12-31 /ejn/AtlasChooseAuthority.aspx -
2014-12-31 /ejn/AtlasAuthorityData.aspx Id=4262
2014-12-31 /ejn/EJN_Library_StatusOfImpByCat.aspx CategoryId=37
2014-12-31 /ejn/EJN_Home.aspx -
2014-12-31 /ejn/libshowdocument.aspx Id=217&Lang=ES
2014-12-31 /ejn/EJN_Home.aspx -
2014-12-31 /ejn/libdocumentproperties.aspx Id=1063
2014-12-31 /ejn/EJN_Library_StatusOfImpByCat.aspx CategoryId=39
2014-12-31 /ejn/ -
2014-12-31 /ejn/NewsDetail.aspx id=337&Ori=H
2014-12-31 /ejn/EJN_Home.aspx -
2014-12-31 /ejn/ -
2014-12-31 /ejn/EJN_Home.aspx -
2014-12-31 /ejn/libdocumentproperties.aspx Id=727
2014-12-31 /ejn/EJN_Library_StatusOfImpByCat.aspx CategoryId=37
2014-12-31 /ejn/EJN_Home.aspx -
2014-12-31 /ejn/EJN_Home.aspx -
2014-12-31 /ejn/EJN_Home.aspx -
2014-12-31 /ejn/EJN_Library_StatusOfImpByCat.aspx CategoryId=14
2014-12-31 /ejn/ -
2014-12-31 /ejn/AtlasChooseCountry.aspx Type=2
2014-12-31 /ejn/libdocumentproperties.aspx Id=939
2014-12-31 /ejn/EJN_Library_StatusOfImpByCat.aspx CategoryId=35
2014-12-31 /ejn/AtlasChooseCountry.aspx Type=2
2014-12-31 /ejn/AtlasChooseMeasure.aspx MP=0&Cou=354
2014-12-31 /ejn/libdocumentproperties.aspx Id=739
2014-12-31 /ejn/EJN_Home.aspx -
2014-12-31 /ejn/EJN_Library_StatusOfImpByCat.aspx CategoryId=36
2014-12-31 /ejn/ -
2014-12-31 /ejn/AtlasChooseCountry.aspx Type=2
2014-12-31 /ejn/AtlasChooseCountry.aspx Type=2
2014-12-31 /ejn/AtlasChooseMeasure.aspx MP=0&Cou=352
2014-12-31 /ejn/AtlasChooseMeasure.aspx MP=0&Cou=354
2014-12-31 /ejn/AtlasChooseMeasure.aspx MP=0&Cou=354
2014-12-31 /ejn/AtlasSelection.aspx -
2014-12-31 /ejn/AtlasSelection.aspx -
2014-12-31 /ejn/AtlasSelection.aspx -
2014-12-31 /ejn/EJN_Compendium.aspx -
2014-12-31 /ejn/ctrls.compendium/IframeEngine.aspx -
2014-12-31 /ejn/AtlasSelection.aspx -
2014-12-31 /ejn/AtlasSelection.aspx -
2014-12-31 /ejn/AtlasAuthorityData.aspx Id=4136
2014-12-31 /ejn/EJN_Compendium.aspx -
2014-12-31 /ejn/ctrls.compendium/IframeEngine.aspx -
2014-12-31 /ejn/AtlasChooseMeasure.aspx MP=0&Cou=352
2014-12-31 /ejn/EJN_Compendium.aspx -
2014-12-31 /ejn/AtlasChooseMeasure.aspx MP=0&Cou=352
2014-12-31 /ejn/ctrls.compendium/IframeEngine.aspx -
2014-12-31 /ejn/AtlasChooseMeasure.aspx MP=0&Cou=352
2014-12-31 /ejn/AtlasChooseMeasure.aspx MP=0&Cou=352
2014-12-31 /ejn/AtlasSelection.aspx -
2014-12-31 /ejn/AtlasChooseAuthority.aspx -
2014-12-31 /ejn/ -
2014-12-31 /ejn/AtlasChooseAuthority.aspx/GetLocations -
2014-12-31 /ejn/AtlasChooseAuthority.aspx/GetLocations -
2014-12-31 /ejn/ -
2014-12-31 /ejn/EJN_InfoAbout.aspx Id=313
2014-12-31 /ejn/AtlasChooseAuthority.aspx/GetLocations -
2014-12-31 /ejn/AtlasChooseAuthority.aspx/GetLocations -
2014-12-31 /ejn/AtlasChooseAuthority.aspx/GetLocations -
2014-12-31 /ejn/AtlasChooseAuthority.aspx -
2014-12-31 /ejn/EJN_Home.aspx -
2014-12-31 /ejn/AtlasChooseAuthority.aspx -
2014-12-31 /ejn/libdocumentproperties.aspx Id=1063
2014-12-31 /ejn/EJN_Library_StatusOfImpByCat.aspx CategoryId=39
2014-12-31 /ejn/AtlasChooseCountry.aspx Type=1
2014-12-31 /ejn/AtlasChooseMeasure.aspx MP=0&Cou=313
2014-12-31 /ejn/AtlasSelection.aspx -
2014-12-31 /ejn/AtlasChooseAuthority.aspx -
2014-12-31 /ejn/EJN_Home.aspx -
2014-12-31 /ejn/AtlasSelection.aspx -
2014-12-31 /ejn/AtlasSelection.aspx -
2014-12-31 /ejn/AtlasAuthorityData.aspx Id=4996
2014-12-31 /ejn/AtlasChooseCountry.aspx Type=2
2014-12-31 /ejn/AtlasChooseAuthority.aspx -
2014-12-31 /ejn/EJN_Login.aspx -
2014-12-31 /ejn/NewsDetail.aspx id=186&Ori=H
2014-12-31 /ejn/AtlasChooseMeasure.aspx MP=1&Cou=SK
2014-12-31 /ejn/AtlasChooseAuthority.aspx -
2014-12-31 /ejn/AtlasChooseAuthority.aspx -
2014-12-31 /ejn/AtlasChooseAuthority.aspx -
2014-12-31 /ejn/EJN_FichesBelgesResult.aspx measure=504&country=368&other=-1
2014-12-31 /ejn/AtlasChooseAuthority.aspx -
2014-12-31 /ejn/AtlasExtraInformationInstrument.aspx id=901&KeepThis=true&
2014-12-31 /ejn/AtlasChooseAuthority.aspx -
2014-12-31 /ejn/AtlasChooseAuthority.aspx -
2014-12-31 /ejn/AtlasChooseMeasure.aspx MP=0&Cou=352
2014-12-31 /ejn/AtlasChooseMeasure.aspx MP=0&Cou=352
2014-12-31 /ejn/AtlasChooseMeasure.aspx MP=0&Cou=352
2014-12-31 /ejn/AtlasChooseMeasure.aspx MP=0&Cou=352
2014-12-31 /ejn/AtlasSelection.aspx -
2014-12-31 /ejn/AtlasChooseAuthority.aspx -
2014-12-31 /ejn/EJN_Home.aspx -
2014-12-31 /ejn/AtlasChooseAuthority.aspx -
2014-12-31 /ejn/AtlasAuthorityData.aspx Id=4994
2014-12-31 /ejn/EJN_Home.aspx -
2014-12-31 /ejn/ -
2014-12-31 /ejn/EJN_Home.aspx -
2014-12-31 /ejn/libshowdocument.aspx Id=95&Lang=PL
2014-12-31 /ejn/EJN_QuickLinks.aspx -
2014-12-31 /ejn/ -
2014-12-31 /ejn/ -
2014-12-31 /ejn/AtlasChooseCountry.aspx Type=2
2014-12-31 /ejn/AtlasChooseCountry.aspx Type=2
2014-12-31 /ejn/AtlasChooseMeasure.aspx MP=0&Cou=273
2014-12-31 /ejn/ -
2014-12-31 /ejn/AtlasChooseMeasure.aspx MP=0&Cou=273
2014-12-31 /ejn/AtlasChooseMeasure.aspx MP=0&Cou=273
2014-12-31 /ejn/AtlasChooseMeasure.aspx MP=0&Cou=273
2014-12-31 /ejn/AtlasSelection.aspx -
2014-12-31 /ejn/AtlasSelection.aspx -
2014-12-31 /ejn/ -
2014-12-31 /ejn/AtlasSelection.aspx -
2014-12-31 /ejn/AtlasSelection.aspx -
2014-12-31 /ejn/AtlasSelection.aspx -
2014-12-31 /ejn/AtlasChooseAuthority.aspx -
2014-12-31 /ejn/EJN_Login.aspx -
2014-12-31 /ejn/AtlasChooseAuthority.aspx/GetLocations -
2014-12-31 /ejn/AtlasChooseAuthority.aspx/GetLocations -
2014-12-31 /ejn/EJN_Login.aspx -
2014-12-31 /ejn/EJN_ContactPointsNew.aspx -
2014-12-31 /ejn/AtlasChooseAuthority.aspx/GetLocations -
2014-12-31 /ejn/AtlasChooseAuthority.aspx/GetLocations -
2014-12-31 /ejn/AtlasChooseAuthority.aspx/GetLocations -
2014-12-31 /ejn/AtlasChooseAuthority.aspx/GetLocations -
2014-12-31 /ejn/EJN_ContactPointsNew.aspx -
2014-12-31 /ejn/AtlasChooseAuthority.aspx/GetLocations -
2014-12-31 /ejn/AtlasChooseAuthority.aspx -
2014-12-31 /ejn/EJN_Home.aspx -
2014-12-31 /ejn/EJN_Home.aspx -
2014-12-31 /ejn/EJN_Home.aspx -
2014-12-31 /ejn/ -
2014-12-31 /ejn/AtlasChooseAuthority.aspx/GetLocations -
2014-12-31 /ejn/AtlasChooseAuthority.aspx/GetLocations -
2014-12-31 /ejn/libshowdocument.aspx Id=221&Lang=FR
2014-12-31 /ejn/AtlasSelection.aspx -
2014-12-31 /ejn/AtlasChooseAuthority.aspx -
2014-12-31 /ejn/AtlasChooseAuthority.aspx/GetLocations -
2014-12-31 /ejn/AtlasChooseAuthority.aspx/GetLocations -
2014-12-31 /ejn/EJN_Home.aspx -
2014-12-31 /ejn/EJN_ContactPointsNew.aspx -
2014-12-31 /ejn/EJN_ContactPointsNew.aspx -
2014-12-31 /ejn/AtlasChooseAuthority.aspx -
2014-12-31 /ejn/AtlasAuthorityData.aspx Id=4728
2014-12-31 /ejn/EJN_ContactPointsNew.aspx -
2014-12-31 /ejn/EJN_ContactPointsNew.aspx -
2014-12-31 /ejn/EJN_ContactPointDetail.aspx -
2014-12-31 /ejn/EJN_ContactPointsNew.aspx -
2014-12-31 /ejn/EJN_ContactPointDetail.aspx -
2014-12-31 /ejn/EJN_ContactPointsNew.aspx -
2014-12-31 /ejn/EJN_ContactPointDetail.aspx -
2014-12-31 /ejn/EJN_ContactPointsNew.aspx -
2014-12-31 /ejn/EJN_ContactPointDetail.aspx -
2014-12-31 /ejn/AtlasSelection.aspx -
2014-12-31 /ejn/AtlasChooseAuthority.aspx -
2014-12-31 /ejn/EJN_ContactPointsNew.aspx -
2014-12-31 /ejn/EJN_ContactPointDetail.aspx -
2014-12-31 /ejn/EJN_ContactPointsNew.aspx -
2014-12-31 /ejn/EJN_ContactPointDetail.aspx -
2014-12-31 /ejn/AtlasChooseAuthority.aspx/GetLocations -
2014-12-31 /ejn/AtlasChooseAuthority.aspx/GetLocations -
2014-12-31 /ejn/AtlasChooseAuthority.aspx/GetLocations -
2014-12-31 /ejn/AtlasChooseAuthority.aspx/GetLocations -
2014-12-31 /ejn/EJN_Home.aspx -
2014-12-31 /ejn/AtlasChooseAuthority.aspx/GetLocations -
2014-12-31 /ejn/EJN_ContactPointsNew.aspx -
2014-12-31 /ejn/EJN_ContactPointDetail.aspx -
2014-12-31 /ejn/AtlasSelection.aspx -
2014-12-31 /ejn/EJN_ContactPointsNew.aspx -
2014-12-31 /ejn/EJN_ContactPointDetail.aspx -
2014-12-31 /ejn/AtlasChooseAuthority.aspx -
2014-12-31 /ejn/EJN_ContactPointsNew.aspx -
2014-12-31 /ejn/EJN_ContactPointDetail.aspx -
2014-12-31 /ejn/AtlasChooseAuthority.aspx/GetLocations -
2014-12-31 /ejn/EJN_ContactPointsNew.aspx -
2014-12-31 /ejn/EJN_ContactPointDetail.aspx -
2014-12-31 /ejn/AtlasChooseAuthority.aspx/GetLocations -
2014-12-31 /ejn/EJN_ContactPointsNew.aspx -
2014-12-31 /ejn/EJN_ContactPointDetail.aspx -
2014-12-31 /ejn/EJN_ContactPointsNew.aspx -
2014-12-31 /ejn/EJN_ContactPointDetail.aspx -
2014-12-31 /ejn/EJN_ContactPointsNew.aspx -
2014-12-31 /ejn/EJN_ContactPointDetail.aspx -
2014-12-31 /ejn/EJN_ContactPointsNew.aspx -
2014-12-31 /ejn/EJN_ContactPointDetail.aspx -
2014-12-31 /ejn/EJN_Home.aspx -
2014-12-31 /ejn/EJN_ContactPointsNew.aspx -
2014-12-31 /ejn/EJN_ContactPointDetail.aspx -
2014-12-31 /ejn/EJN_ContactPointsNew.aspx -
2014-12-31 /ejn/EJN_ContactPointDetail.aspx -
2014-12-31 /ejn/EJN_Home.aspx -
2014-12-31 /ejn/EJN_ContactPointsNew.aspx -
2014-12-31 /ejn/EJN_ContactPointDetail.aspx -
2014-12-31 /ejn/EJN_ContactPointsNew.aspx -
2014-12-31 /ejn/EJN_ContactPointDetail.aspx -
2014-12-31 /ejn/EJN_ContactPointsNew.aspx -
2014-12-31 /ejn/EJN_ContactPointDetail.aspx -
2014-12-31 /ejn/EJN_ContactPointsNew.aspx -
2014-12-31 /ejn/EJN_ContactPointDetail.aspx -
2014-12-31 /ejn/AtlasSelection.aspx -
2014-12-31 /ejn/AtlasChooseAuthority.aspx -
2014-12-31 /ejn/EJN_ContactPointsNew.aspx -
2014-12-31 /ejn/EJN_ContactPointDetail.aspx -
2014-12-31 /ejn/EJN_ContactPointsNew.aspx -
2014-12-31 /ejn/EJN_ContactPointDetail.aspx -
2014-12-31 /ejn/AtlasChooseAuthority.aspx/GetLocations -
2014-12-31 /ejn/AtlasChooseAuthority.aspx/GetLocations -
2014-12-31 /ejn/EJN_ContactPointsNew.aspx -
2014-12-31 /ejn/EJN_ContactPointDetail.aspx -
2014-12-31 /ejn/EJN_ContactPointsNew.aspx -
2014-12-31 /ejn/EJN_ContactPointDetail.aspx -
2014-12-31 /ejn/AtlasChooseAuthority.aspx -
2014-12-31 /ejn/AtlasAuthorityData.aspx Id=4730
2014-12-31 /ejn/EJN_ContactPointsNew.aspx -
2014-12-31 /ejn/EJN_ContactPointDetail.aspx -
2014-12-31 /ejn/EJN_ContactPointsNew.aspx -
2014-12-31 /ejn/EJN_ContactPointDetail.aspx -
2014-12-31 /ejn/EJN_Home.aspx -
2014-12-31 /ejn/EJN_ContactPointsNew.aspx -
2014-12-31 /ejn/EJN_ContactPointDetail.aspx -
2014-12-31 /ejn/EJN_ContactPointsNew.aspx -
2014-12-31 /ejn/EJN_ContactPointDetail.aspx -
2014-12-31 /ejn/AtlasSelection.aspx -
2014-12-31 /ejn/AtlasChooseAuthority.aspx -
2014-12-31 /ejn/EJN_ContactPointsNew.aspx -
2014-12-31 /ejn/EJN_ContactPointDetail.aspx -
2014-12-31 /ejn/EJN_ContactPointsNew.aspx -
2014-12-31 /ejn/EJN_ContactPointDetail.aspx -
2014-12-31 /ejn/AtlasChooseAuthority.aspx/GetLocations -
2014-12-31 /ejn/EJN_ContactPointsNew.aspx -
2014-12-31 /ejn/EJN_ContactPointDetail.aspx -
2014-12-31 /ejn/libshowdocument.aspx Id=13&Lang=SK
2014-12-31 /ejn/AtlasChooseAuthority.aspx -
2014-12-31 /ejn/AtlasAuthorityData.aspx Id=4706
2014-12-31 /ejn/EJN_ContactPointDetail.aspx -
2014-12-31 /ejn/AtlasChooseMeasure.aspx MP=0&Cou=273
2014-12-31 /ejn/ -
2014-12-31 /ejn/EJN_QuickLinks.aspx Id=28
2014-12-31 /ejn/libcategories.aspx Id=2
2014-12-31 /ejn/EJN_Library_StatusOfImpByCat.aspx CategoryId=35
2014-12-31 /ejn/AtlasChooseCountry.aspx Type=1
2014-12-31 /ejn/AtlasChooseMeasure.aspx MP=0&Cou=223
2014-12-31 /ejn/AtlasSelection.aspx -
2014-12-31 /ejn/EJN_EAWWizard.aspx -
2014-12-31 /ejn/EJN_EAWWizard.aspx -
2014-12-31 /ejn/ctrls.eawwizard/IframeEngine.aspx -
2014-12-31 /ejn/EJN_Home.aspx -
2014-12-31 /ejn/EJN_QuickLinks.aspx id=28
2014-12-31 /ejn/libcategories.aspx Id=2
2014-12-31 /ejn/EJN_Library_StatusOfImpByCat.aspx CategoryId=14
2014-12-31 /ejn/EJN_Library_StatusOfImpByCou.aspx CountryId=223
2014-12-31 /ejn/libcategories.aspx -
2014-12-31 /ejn/libcategories.aspx Id=4
2014-12-31 /ejn/libdocumentproperties.aspx Id=306
2014-12-31 /ejn/EJN_Compendium.aspx -
2014-12-31 /ejn/EJN_Home.aspx -
2014-12-31 /ejn/ -
2014-12-31 /ejn/libdocumentproperties.aspx Id=306
2014-12-31 /ejn/AtlasChooseCountry.aspx Type=2
2014-12-31 /ejn/EJN_Compendium.aspx -
2014-12-31 /ejn/AtlasChooseCountry.aspx Type=2
2014-12-31 /ejn/AtlasChooseMeasure.aspx MP=0&Cou=273
2014-12-31 /ejn/EJN_Compendium.aspx -
2014-12-31 /ejn/ctrls.compendium/IframeEngine.aspx -
2014-12-31 /ejn/libcategories.aspx Id=35
2014-12-31 /ejn/AtlasChooseMeasure.aspx MP=0&Cou=273
2014-12-31 /ejn/AtlasChooseMeasure.aspx MP=0&Cou=273
2014-12-31 /ejn/AtlasChooseMeasure.aspx MP=0&Cou=273
2014-12-31 /ejn/AtlasSelection.aspx -
2014-12-31 /ejn/AtlasSelection.aspx -
2014-12-31 /ejn/EJN_Compendium.aspx -
2014-12-31 /ejn/AtlasSelection.aspx -
2014-12-31 /ejn/EJN_Home.aspx -
2014-12-31 /ejn/AtlasSelection.aspx -
2014-12-31 /ejn/EJN_Compendium.aspx -
2014-12-31 /ejn/AtlasSelection.aspx -
2014-12-31 /ejn/AtlasChooseAuthority.aspx -
2014-12-31 /ejn/ctrls.compendium/IframeEngine.aspx -
2014-12-31 /ejn/libshowdocument.aspx Id=217&Lang=EN
2014-12-31 /ejn/AtlasChooseAuthority.aspx/GetLocations -
2014-12-31 /ejn/libdocumentproperties.aspx Id=305
2014-12-31 /ejn/AtlasChooseAuthority.aspx/GetLocations -
2014-12-31 /ejn/libdocumentproperties.aspx Id=305
2014-12-31 /ejn/AtlasChooseAuthority.aspx/GetLocations -
2014-12-31 /ejn/AtlasChooseAuthority.aspx/GetLocations -
2014-12-31 /ejn/EJN_Home.aspx -
2014-12-31 /ejn/EJN_Home.aspx -
2014-12-31 /ejn/AtlasChooseAuthority.aspx/GetLocations -
2014-12-31 /ejn/AtlasSelection.aspx -
2014-12-31 /ejn/AtlasChooseAuthority.aspx -
2014-12-31 /ejn/AtlasChooseAuthority.aspx/GetLocations -
2014-12-31 /ejn/AtlasSelection.aspx -
2014-12-31 /ejn/AtlasChooseAuthority.aspx -
2014-12-31 /ejn/AtlasChooseAuthority.aspx/GetLocations -
2014-12-31 /ejn/libshowdocument.aspx Id=13&Lang=LV
2014-12-31 /ejn/libdocumentproperties.aspx Id=724
2014-12-31 /ejn/libdocumentproperties.aspx Id=724
2014-12-31 /ejn/libdocumentproperties.aspx Id=724
2014-12-31 /ejn/AtlasSelection.aspx -
2014-12-31 /ejn/AtlasChooseAuthority.aspx -
2014-12-31 /ejn/AtlasChooseAuthority.aspx/GetLocations -
2014-12-31 /ejn/AtlasChooseAuthority.aspx/GetLocations -
2014-12-31 /ejn/AtlasChooseAuthority.aspx/GetLocations -
2014-12-31 /ejn/AtlasChooseAuthority.aspx/GetLocations -
2014-12-31 /ejn/AtlasChooseAuthority.aspx/GetLocations -
2014-12-31 /ejn/AtlasChooseAuthority.aspx/GetLocations -
2014-12-31 /ejn/AtlasChooseAuthority.aspx -
2014-12-31 /ejn/AtlasSelection.aspx -
2014-12-31 /ejn/AtlasChooseAuthority.aspx -
2014-12-31 /ejn/AtlasChooseAuthority.aspx/GetLocations -
2014-12-31 /ejn/AtlasSelection.aspx -
2014-12-31 /ejn/AtlasChooseAuthority.aspx -
2014-12-31 /ejn/AtlasChooseAuthority.aspx/GetLocations -
2014-12-31 /ejn/AtlasChooseAuthority.aspx/GetLocations -
2014-12-31 /ejn/AtlasChooseAuthority.aspx -
2014-12-31 /ejn/AtlasAuthorityData.aspx Id=4730
2014-12-31 /ejn/libcategories.aspx -
2014-12-31 /ejn/libcategories.aspx Id=2
2014-12-31 /ejn/libcategories.aspx Id=2
2014-12-31 /ejn/EJN_Library_StatusOfImpByCat.aspx CategoryId=14
2014-12-31 /ejn/EJN_Library_StatusOfImpByCou.aspx CountryId=223
2014-12-31 /ejn/EJN_Library_StatusOfImpByCat.aspx CategoryId=14
2014-12-31 /ejn/libdocumentproperties.aspx Id=739
2014-12-31 /ejn/EJN_Library_StatusOfImpByCat.aspx CategoryId=36
2014-12-31 /ejn/EJN_Home.aspx -
2014-12-31 /ejn/libcategories.aspx Id=2
2014-12-31 /ejn/libdocumentproperties.aspx Id=1063
2014-12-31 /ejn/EJN_Library_StatusOfImpByCat.aspx CategoryId=39
2014-12-31 /ejn/EJN_Home.aspx -
2014-12-31 /ejn/libdocumentproperties.aspx Id=727
2014-12-31 /ejn/EJN_Library_StatusOfImpByCat.aspx CategoryId=37
2014-12-31 /ejn/EJN_Library_StatusOfImpByCat.aspx CategoryId=36
2014-12-31 /ejn/EJN_Error.aspx -
2014-12-31 /ejn/EJN_Error.aspx -
2014-12-31 /ejn/EJN_Home.aspx -
2014-12-31 /ejn/EJN_InfoAbout.aspx Id=351
2014-12-31 /ejn/EJN_Library_StatusOfImpByCat.aspx CategoryId=36
2014-12-31 /ejn/EJN_Error.aspx -
2014-12-31 /ejn/EJN_Library_StatusOfImpByCat.aspx CategoryId=36
2014-12-31 /ejn/EJN_Error.aspx -
2014-12-31 /ejn/EJN_InfoAbout.aspx Id=351
2014-12-31 /ejn/EJN_Home.aspx -
2014-12-31 /ejn/libcategories.aspx -
2014-12-31 /ejn/libcategories.aspx Id=2
2014-12-31 /ejn/ -
2014-12-31 /ejn/EJN_Home.aspx -
2014-12-31 /ejn/ -
2014-12-31 /ejn/libcategories.aspx Id=2
2014-12-31 /ejn/EJN_Home.aspx -
2014-12-31 /ejn/libcategories.aspx -
2014-12-31 /ejn/EJN_Home.aspx -
2014-12-31 /ejn/libcategories.aspx Id=2
2014-12-31 /ejn/ -
2014-12-31 /ejn/AtlasChooseCountry.aspx Type=2
2014-12-31 /ejn/AtlasChooseCountry.aspx Type=2
2014-12-31 /ejn/AtlasChooseMeasure.aspx MP=0&Cou=273
2014-12-31 /ejn/AtlasChooseMeasure.aspx MP=0&Cou=273
2014-12-31 /ejn/AtlasChooseMeasure.aspx MP=0&Cou=273
2014-12-31 /ejn/AtlasChooseMeasure.aspx MP=0&Cou=273
2014-12-31 /ejn/AtlasSelection.aspx -
2014-12-31 /ejn/AtlasSelection.aspx -
2014-12-31 /ejn/AtlasSelection.aspx -
2014-12-31 /ejn/AtlasSelection.aspx -
2014-12-31 /ejn/AtlasSelection.aspx -
2014-12-31 /ejn/AtlasChooseAuthority.aspx -
2014-12-31 /ejn/AtlasChooseAuthority.aspx/GetLocations -
2014-12-31 /ejn/EJN_Library_StatusOfImpByCat.aspx CategoryId=37
2014-12-31 /ejn/EJN_Error.aspx -
2014-12-31 /ejn/EJN_Home.aspx -
2014-12-31 /ejn/AtlasChooseAuthority.aspx -
2014-12-31 /ejn/AtlasAuthorityData.aspx Id=4706
2014-12-31 /ejn/EJN_Home.aspx -
2014-12-31 /ejn/EJN_Home.aspx -
2014-12-31 /ejn/libcategories.aspx -
2014-12-31 /ejn/AtlasChooseMeasure.aspx MP=0&Cou=273
2014-12-31 /ejn/EJN_Home.aspx -
2014-12-31 /ejn/EJN_Home.aspx -
2014-12-31 /ejn/libcategories.aspx -
2014-12-31 /ejn/libcategories.aspx Id=2
2014-12-31 /ejn/EJN_AtlasAdvanced.aspx -
2014-12-31 /ejn/EJN_Home.aspx -
2014-12-31 /ejn/EJN_Home.aspx -
2014-12-31 /ejn/ -
2014-12-31 /ejn/ -
2014-12-31 /ejn/ ++Culture:FRSessionId:xjprqp5mafir5mnsqzglh5jnDate_Time:10:28
2014-12-31 /ejn/ -
2014-12-31 /ejn/EJN_StaticPage.aspx Bread=18
2014-12-31 /ejn/ejn_home.aspx -
2014-12-31 /ejn/ -
2014-12-31 /ejn/ejn_home.aspx -
2014-12-31 /ejn/ -
2014-12-31 /ejn/EJN_QuickLinks.aspx id=25
2014-12-31 /ejn/libshowdocument.aspx Id=219&Lang=ES
2014-12-31 /ejn/AtlasChooseCountry.aspx Type=2
2014-12-31 /ejn/AtlasChooseCountry.aspx Type=2
2014-12-31 /ejn/AtlasChooseMeasure.aspx MP=0&Cou=273
2014-12-31 /ejn/ -
2014-12-31 /ejn/AtlasChooseMeasure.aspx Mp=1&Cou=DE&Type=2
2014-12-31 /ejn/ -
2014-12-31 /ejn/AtlasChooseCountry.aspx Type=1
2014-12-31 /ejn/AtlasChooseMeasure.aspx MP=1&Cou=DE
2014-12-31 /ejn/AtlasSelection.aspx -
2014-12-31 /ejn/AtlasChooseAuthority.aspx -
2014-12-31 /ejn/EJN_Home.aspx -
2014-12-31 /ejn/AtlasChooseAuthority.aspx/GetLocations -
2014-12-31 /ejn/AtlasChooseAuthority.aspx -
2014-12-31 /ejn/AtlasAuthorityData.aspx Id=5296
2014-12-31 /ejn/AtlasChooseMeasure.aspx MP=0&Cou=273
2014-12-31 /ejn/AtlasChooseMeasure.aspx MP=0&Cou=273
2014-12-31 /ejn/EJN_Home.aspx -
2014-12-31 /ejn/AtlasChooseMeasure.aspx MP=0&Cou=273
2014-12-31 /ejn/AtlasChooseMeasure.aspx MP=0&Cou=273
2014-12-31 /ejn/ -
2014-12-31 /ejn/AtlasChooseMeasure.aspx MP=0&Cou=273
2014-12-31 /ejn/ ++Culture:FRSessionId:uk34ikxyak31g2pb0wpayhasDate_Time:10:34
2014-12-31 /ejn/AtlasChooseMeasure.aspx MP=0&Cou=273
2014-12-31 /ejn/AtlasChooseCountry.aspx Type=2
2014-12-31 /ejn/AtlasChooseMeasure.aspx MP=0&Cou=273
2014-12-31 /ejn/AtlasChooseMeasure.aspx MP=0&Cou=273
2014-12-31 /ejn/AtlasChooseMeasure.aspx MP=0&Cou=273
2014-12-31 /ejn/EJN_FichesBelgesResult.aspx measure=405&country=273&other=-1
2014-12-31 /ejn/EJN_FichesBelgesResult.aspx measure=404&country=273&other=-1
2014-12-31 /ejn/EJN_Home.aspx -
2014-12-31 /ejn/ -
2014-12-31 /ejn/EJN_Home.aspx -
2014-12-31 /ejn/EJN_Home.aspx -
2014-12-31 /ejn/EJN_Home.aspx -
2014-12-31 /ejn/EJN_Home.aspx -
2014-12-31 /ejn/ -
2014-12-31 /ejn/ -
2014-12-31 /ejn/AtlasChooseCountry.aspx Type=2
2014-12-31 /ejn/libcategories.aspx Id=2
2014-12-31 /ejn/EJN_Home.aspx -
2014-12-31 /ejn/EJN_Home.aspx -
2014-12-31 /ejn/AtlasChooseMeasure.aspx MP=1&Cou=IE
2014-12-31 /ejn/EJN_Home.aspx -
2014-12-31 /ejn/AtlasChooseMeasure.aspx MP=1&Cou=IE\
2014-12-31 /ejn/EJN_Error.aspx -
2014-12-31 /ejn/EJN_Home.aspx -
2014-12-31 /ejn/AtlasChooseMeasure.aspx Mp=1&Cou=IE&Type=2
2014-12-31 /ejn/EJN_Home.aspx -
2014-12-31 /ejn/AtlasChooseMeasure.aspx Mp=1&Cou=IE&Type=2
2014-12-31 /ejn/AtlasChooseMeasure.aspx Mp=1&Cou=IE&Type=2
2014-12-31 /ejn/AtlasChooseMeasure.aspx Mp=1&Cou=IE&Type=2
2014-12-31 /ejn/AtlasChooseMeasure.aspx Mp=1&Cou=IE&Type=2
2014-12-31 /ejn/AtlasSelection.aspx -
2014-12-31 /ejn/AtlasAuthorityData.aspx Id=1741
2014-12-31 /ejn/AtlasAuthorityData.aspx Id=1741
2014-12-31 /ejn/AtlasAuthorityData.aspx Id=1741
2014-12-31 /ejn/ -
2014-12-31 /ejn/ -
2014-12-31 /ejn/AtlasChooseMeasure.aspx Mp=1&Cou=IT&Type=2
2014-12-31 /ejn/libcategories.aspx Id=85
2014-12-31 /ejn/libcategories.aspx Id=85
2014-12-31 /ejn/AtlasChooseMeasure.aspx Mp=1&Cou=IT&Type=2++Culture:FRSessionId:f23gdalwqsp2q4dkl20b1cbdDate_Time:10:51
2014-12-31 /ejn/AtlasChooseMeasure.aspx Mp=1&Cou=IT&Type=2
2014-12-31 /ejn/EJN_Home.aspx -
2014-12-31 /ejn/ -
2014-12-31 /ejn/AtlasChooseMeasure.aspx Mp=1&Cou=IT&Type=2
2014-12-31 /ejn/AtlasChooseMeasure.aspx Mp=1&Cou=IT&Type=2
2014-12-31 /ejn/AtlasSelection.aspx -
2014-12-31 /ejn/AtlasChooseAuthority.aspx -
2014-12-31 /ejn/AtlasChooseAuthority.aspx -
2014-12-31 /ejn/AtlasChooseAuthority.aspx/GetLocations -
2014-12-31 /ejn/AtlasChooseAuthority.aspx -
2014-12-31 /ejn/AtlasAuthorityData.aspx Id=4797
2014-12-31 /ejn/AtlasAuthorityData.aspx Id=4797
2014-12-31 /ejn/AtlasAuthorityData.aspx Id=4797
2014-12-31 /ejn/AtlasChooseAuthority.aspx -
2014-12-31 /ejn/AtlasChooseCountry.aspx Type=2
2014-12-31 /ejn/AtlasChooseMeasure.aspx MP=1&Cou=IT
2014-12-31 /ejn/EJN_Home.aspx -
2014-12-31 /ejn/libshowdocument.aspx Id=221&Lang=RO
2014-12-31 /ejn/AtlasChooseMeasure.aspx Mp=1&Cou=IT&Type=2
2014-12-31 /ejn/ -
2014-12-31 /ejn/ -
2014-12-31 /ejn/ -
2014-12-31 /ejn/EJN_Compendium.aspx -
2014-12-31 /ejn/EJN_Compendium.aspx -
2014-12-31 /ejn/ctrls.compendium/IframeEngine.aspx -
2014-12-31 /ejn/EJN_Compendium.aspx -
2014-12-31 /ejn/ctrls.compendium/IframeEngine.aspx -
2014-12-31 /ejn/EJN_Home.aspx -
2014-12-31 /ejn/ctrls.compendium/iframeEngine.aspx remoteFunction=getMLAforCountry&country=IT&mIDs=710&langId=11&callback=checkMLA_cb
2014-12-31 /ejn/libcategories.aspx Id=85
2014-12-31 /ejn/EJN_Home.aspx -
2014-12-31 /ejn/ -
2014-12-31 /ejn/EJN_Search.aspx -
2014-12-31 /ejn/EJN_Search.aspx -
2014-12-31 /ejn/EJN_Search.aspx Search=CONVENTION&Pag=1
2014-12-31 /ejn/EJN_Home.aspx -
2014-12-31 /ejn/ -
2014-12-31 /ejn/EJN_Search.aspx Search=CONVENTION&Pag=1
2014-12-31 /ejn/libshowdocument.aspx Id=219&Lang=SL
2014-12-31 /ejn/EJN_Home.aspx -
2014-12-31 /ejn/EJN_Home.aspx -
2014-12-31 /ejn/ -
2014-12-31 /ejn/ejn_home.aspx -
2014-12-31 /ejn/ ++Culture:ELSessionId:qkejpxyjea1ottmthayj3xz2Date_Time:10:59+??
2014-12-31 /ejn/AtlasChooseCountry.aspx Type=2
2014-12-31 /ejn/AtlasChooseMeasure.aspx MP=1&Cou=DE
2014-12-31 /ejn/AtlasChooseMeasure.aspx MP=1&Cou=DE
2014-12-31 /ejn/AtlasChooseCountry.aspx Type=2
2014-12-31 /ejn/AtlasChooseMeasure.aspx MP=1&Cou=DE
2014-12-31 /ejn/AtlasSelection.aspx -
2014-12-31 /ejn/AtlasChooseAuthority.aspx -
2014-12-31 /ejn/AtlasChooseCountry.aspx Type=2
2014-12-31 /ejn/AtlasChooseMeasure.aspx MP=0&Cou=277
2014-12-31 /ejn/EJN_Home.aspx -
2014-12-31 /ejn/EJN_Home.aspx -
2014-12-31 /ejn/AtlasChooseAuthority.aspx/GetLocations -
2014-12-31 /ejn/AtlasChooseAuthority.aspx -
2014-12-31 /ejn/AtlasAuthorityData.aspx Id=4192
2014-12-31 /ejn/AtlasChooseMeasure.aspx MP=0&Cou=277
2014-12-31 /ejn/AtlasChooseMeasure.aspx MP=1&Cou=DE
2014-12-31 /ejn/AtlasChooseMeasure.aspx MP=0&Cou=277
2014-12-31 /ejn/AtlasSelection.aspx -
2014-12-31 /ejn/AtlasChooseAuthority.aspx -
2014-12-31 /ejn/AtlasChooseAuthority.aspx/GetLocations -
2014-12-31 /ejn/AtlasChooseAuthority.aspx/GetLocations -
2014-12-31 /ejn/AtlasChooseAuthority.aspx -
2014-12-31 /ejn/libshowdocument.aspx Id=1&Lang=ET
2014-12-31 /ejn/AtlasAuthorityData.aspx Id=4192
2014-12-31 /ejn/AtlasAuthorityData.aspx Id=4192
2014-12-31 /ejn/ejn_home.aspx -
2014-12-31 /ejn/AtlasChooseCountry.aspx Type=2
2014-12-31 /ejn/AtlasChooseMeasure.aspx MP=1&Cou=DE
2014-12-31 /ejn/ejn_home.aspx -
2014-12-31 /ejn/ -
2014-12-31 /ejn/AtlasChooseMeasure.aspx Mp=1&Cou=AT&Type=2
2014-12-31 /ejn/EJN_Home.aspx -
2014-12-31 /ejn/ -
2014-12-31 /ejn/AtlasChooseMeasure.aspx MP=1&Cou=DE
2014-12-31 /ejn/AtlasChooseMeasure.aspx MP=1&Cou=DE
2014-12-31 /ejn/AtlasSelection.aspx -
2014-12-31 /ejn/AtlasChooseAuthority.aspx -
2014-12-31 /ejn/AtlasChooseCountry.aspx Type=2
2014-12-31 /ejn/AtlasChooseCountry.aspx Type=2
2014-12-31 /ejn/AtlasChooseMeasure.aspx MP=0&Cou=373
2014-12-31 /ejn/AtlasChooseAuthority.aspx/GetLocations -
2014-12-31 /ejn/AtlasChooseAuthority.aspx -
2014-12-31 /ejn/AtlasAuthorityData.aspx Id=4257
2014-12-31 /ejn/AtlasChooseMeasure.aspx MP=0&Cou=373
2014-12-31 /ejn/AtlasChooseMeasure.aspx MP=0&Cou=373
2014-12-31 /ejn/AtlasChooseMeasure.aspx MP=0&Cou=373
2014-12-31 /ejn/AtlasSelection.aspx -
2014-12-31 /ejn/AtlasSelection.aspx -
2014-12-31 /ejn/EJN_Home.aspx -
2014-12-31 /ejn/AtlasSelection.aspx -
2014-12-31 /ejn/AtlasSelection.aspx -
2014-12-31 /ejn/AtlasSelection.aspx -
2014-12-31 /ejn/AtlasAuthorityData.aspx Id=4145
2014-12-31 /ejn/AtlasSelection.aspx -
2014-12-31 /ejn/AtlasSelection.aspx -
2014-12-31 /ejn/AtlasSelection.aspx -
2014-12-31 /ejn/AtlasSelection.aspx -
2014-12-31 /ejn/AtlasChooseAuthority.aspx -
2014-12-31 /ejn/AtlasChooseAuthority.aspx/GetLocations -
2014-12-31 /ejn/AtlasChooseAuthority.aspx/GetLocations -
2014-12-31 /ejn/AtlasChooseAuthority.aspx -
2014-12-31 /ejn/AtlasAuthorityData.aspx Id=2745
2014-12-31 /ejn/AtlasSelection.aspx -
2014-12-31 /ejn/EJN_Error.aspx -
2014-12-31 /ejn/EJN_Home.aspx -
2014-12-31 /ejn/AtlasChooseCountry.aspx Type=1
2014-12-31 /ejn/AtlasChooseCountry.aspx Type=1
2014-12-31 /ejn/AtlasChooseMeasure.aspx MP=0&Cou=223
2014-12-31 /ejn/AtlasSelection.aspx -
2014-12-31 /ejn/AtlasSelection.aspx -
2014-12-31 /ejn/AtlasSelection.aspx -
2014-12-31 /ejn/AtlasChooseAuthority.aspx -
2014-12-31 /ejn/AtlasChooseAuthority.aspx -
2014-12-31 /ejn/AtlasChooseAuthority.aspx -
2014-12-31 /ejn/AtlasAuthorityData.aspx Id=4966
2014-12-31 /ejn/EJN_StaticPage.aspx Bread=2
2014-12-31 /ejn/EJN_Home.aspx -
2014-12-31 /ejn/EJN_Home.aspx -
2014-12-31 /ejn/ -
2014-12-31 /ejn/AtlasChooseMeasure.aspx Mp=1&Cou=NO&Type=2
2014-12-31 /ejn/AtlasChooseMeasure.aspx Mp=1&Cou=NO&Type=2
2014-12-31 /ejn/AtlasChooseMeasure.aspx Mp=1&Cou=NO&Type=2
2014-12-31 /ejn/AtlasChooseMeasure.aspx Mp=1&Cou=NO&Type=2
2014-12-31 /ejn/AtlasSelection.aspx -
2014-12-31 /ejn/AtlasSelection.aspx -
2014-12-31 /ejn/AtlasSelection.aspx -
2014-12-31 /ejn/AtlasSelection.aspx -
2014-12-31 /ejn/AtlasSelection.aspx -
2014-12-31 /ejn/AtlasSelection.aspx -
2014-12-31 /ejn/AtlasSelection.aspx -
2014-12-31 /ejn/AtlasSelection.aspx -
2014-12-31 /ejn/AtlasAuthorityData.aspx Id=2648
2014-12-31 /ejn/AtlasAuthorityData.aspx Id=2648
2014-12-31 /ejn/AtlasSelection.aspx Option=PathOptions
2014-12-31 /ejn/AtlasSelection.aspx Option=PathOptions
2014-12-31 /ejn/AtlasSelection.aspx Option=PathOptions
2014-12-31 /ejn/AtlasSelection.aspx Option=PathOptions
2014-12-31 /ejn/AtlasSelection.aspx Option=PathOptions
2014-12-31 /ejn/AtlasChooseAuthority.aspx -
2014-12-31 /ejn/AtlasChooseAuthority.aspx/GetLocations -
2014-12-31 /ejn/AtlasChooseAuthority.aspx -
2014-12-31 /ejn/AtlasAuthorityData.aspx Id=2294
2014-12-31 /ejn/AtlasChooseMeasure.aspx MP=0&Cou=342
2014-12-31 /ejn/AtlasChooseMeasure.aspx MP=0&Cou=342
2014-12-31 /ejn/AtlasChooseMeasure.aspx MP=0&Cou=342
2014-12-31 /ejn/AtlasChooseMeasure.aspx MP=0&Cou=342
2014-12-31 /ejn/AtlasSelection.aspx -
2014-12-31 /ejn/AtlasSelection.aspx -
2014-12-31 /ejn/AtlasSelection.aspx -
2014-12-31 /ejn/AtlasSelection.aspx -
2014-12-31 /ejn/AtlasSelection.aspx -
2014-12-31 /ejn/AtlasSelection.aspx -
2014-12-31 /ejn/AtlasSelection.aspx -
2014-12-31 /ejn/EJN_Home.aspx -
2014-12-31 /ejn/AtlasSelection.aspx -
2014-12-31 /ejn/ -
2014-12-31 /ejn/AtlasSelection.aspx -
2014-12-31 /ejn/AtlasChooseAuthority.aspx -
2014-12-31 /ejn/AtlasChooseAuthority.aspx/GetLocations -
2014-12-31 /ejn/AtlasChooseAuthority.aspx/GetLocations -
2014-12-31 /ejn/AtlasChooseAuthority.aspx/GetLocations -
2014-12-31 /ejn/AtlasChooseAuthority.aspx/GetLocations -
2014-12-31 /ejn/AtlasChooseAuthority.aspx -
2014-12-31 /ejn/AtlasAuthorityData.aspx Id=2294
2014-12-31 /ejn/ -
2014-12-31 /ejn/AtlasChooseMeasure.aspx Mp=1&Cou=DE&Type=2
2014-12-31 /ejn/AtlasChooseMeasure.aspx Mp=1&Cou=DE&Type=2
2014-12-31 /ejn/EJN_Home.aspx -
2014-12-31 /ejn/AtlasChooseMeasure.aspx Mp=1&Cou=DE&Type=2
2014-12-31 /ejn/AtlasSelection.aspx -
2014-12-31 /ejn/AtlasChooseAuthority.aspx -
2014-12-31 /ejn/AtlasChooseAuthority.aspx/GetLocations -
2014-12-31 /ejn/AtlasChooseAuthority.aspx -
2014-12-31 /ejn/AtlasAuthorityData.aspx Id=4263
2014-12-31 /ejn/EJN_Home.aspx -
2014-12-31 /ejn/Events.aspx event=296
2014-12-31 /ejn/EJN_Home.aspx -
2014-12-31 /ejn/AtlasChooseMeasure.aspx Mp=1&Cou=DK&Type=2
2014-12-31 /ejn/AtlasChooseMeasure.aspx Mp=1&Cou=DK&Type=2
2014-12-31 /ejn/AtlasChooseMeasure.aspx Mp=1&Cou=DK&Type=2
2014-12-31 /ejn/AtlasSelection.aspx -
2014-12-31 /ejn/AtlasSelection.aspx -
2014-12-31 /ejn/AtlasSelection.aspx -
2014-12-31 /ejn/AtlasChooseAuthority.aspx -
2014-12-31 /ejn/EJN_Home.aspx -
2014-12-31 /ejn/ -
2014-12-31 /ejn/AtlasSelection.aspx -
2014-12-31 /ejn/AtlasSelection.aspx -
2014-12-31 /ejn/AtlasAuthorityData.aspx Id=2305
2014-12-31 /ejn/ -
2014-12-31 /ejn/EJN_Home.aspx -
2014-12-31 /ejn/ -
2014-12-31 /ejn/EJN_Home.aspx -
2014-12-31 /ejn/ -
2014-12-31 /ejn/AtlasChooseCountry.aspx Type=1
2014-12-31 /ejn/AtlasChooseCountry.aspx Type=1
2014-12-31 /ejn/AtlasChooseMeasure.aspx MP=0&Cou=378
2014-12-31 /ejn/AtlasSelection.aspx -
2014-12-31 /ejn/AtlasSelection.aspx -
2014-12-31 /ejn/AtlasSelection.aspx -
2014-12-31 /ejn/AtlasSelection.aspx -
2014-12-31 /ejn/AtlasSelection.aspx -
2014-12-31 /ejn/AtlasAuthorityData.aspx Id=3950
2014-12-31 /ejn/EJN_Home.aspx -
2014-12-31 /ejn/AtlasSelection.aspx -
2014-12-31 /ejn/AtlasSelection.aspx -
2014-12-31 /ejn/AtlasChooseAuthority.aspx -
2014-12-31 /ejn/AtlasChooseAuthority.aspx/GetLocations -
2014-12-31 /ejn/AtlasChooseAuthority.aspx/GetLocations -
2014-12-31 /ejn/AtlasChooseAuthority.aspx -
2014-12-31 /ejn/AtlasAuthorityData.aspx Id=3432
2014-12-31 /ejn/EJN_Home.aspx -
2014-12-31 /ejn/EJN_Home.aspx -
2014-12-31 /ejn/AtlasAuthorityData.aspx Id=3432
2014-12-31 /ejn/AtlasAuthorityData.aspx Id=3432
2014-12-31 /ejn/AtlasAuthorityData.aspx Id=3432
2014-12-31 /ejn/AtlasAuthorityData.aspx Id=3432
2014-12-31 /ejn/AtlasAuthorityData.aspx Id=3432
2014-12-31 /ejn/AtlasChooseAuthority.aspx -
2014-12-31 /ejn/AtlasChooseAuthority.aspx -
2014-12-31 /ejn/AtlasChooseAuthority.aspx -
2014-12-31 /ejn/AtlasAuthorityData.aspx Id=3432
2014-12-31 /ejn/EJN_AtlasAdvanced.aspx -
2014-12-31 /ejn/AtlasChooseCountry.aspx -
2014-12-31 /ejn/EJN_Home.aspx -
2014-12-31 /ejn/AtlasChooseMeasure.aspx Mp=1&Cou=PL&Type=2
2014-12-31 /ejn/EJN_FichesBelgesResult.aspx measure=710&country=351&other=-1
2014-12-31 /ejn/EJN_Home.aspx -
2014-12-31 /ejn/ -
2014-12-31 /ejn/ -
2014-12-31 /ejn/AtlasChooseMeasure.aspx Mp=1&Cou=FR&Type=2
2014-12-31 /ejn/AtlasChooseMeasure.aspx Mp=1&Cou=FR&Type=2
2014-12-31 /ejn/AtlasChooseMeasure.aspx Mp=1&Cou=FR&Type=2
2014-12-31 /ejn/AtlasSelection.aspx -
2014-12-31 /ejn/AtlasSelection.aspx -
2014-12-31 /ejn/AtlasSelection.aspx -
2014-12-31 /ejn/AtlasSelection.aspx -
2014-12-31 /ejn/AtlasSelection.aspx -
2014-12-31 /ejn/AtlasChooseAuthority.aspx -
2014-12-31 /ejn/ -
2014-12-31 /ejn/AtlasChooseCountry.aspx Type=2
2014-12-31 /ejn/AtlasChooseAuthority.aspx -
2014-12-31 /ejn/EJN_Home.aspx -
2014-12-31 /ejn/EJN_Home.aspx -
2014-12-31 /ejn/EJN_Home.aspx -
2014-12-31 /ejn/AtlasChooseAuthority.aspx -
2014-12-31 /ejn/AtlasChooseAuthority.aspx -
2014-12-31 /ejn/AtlasChooseAuthority.aspx -
2014-12-31 /ejn/AtlasAuthorityData.aspx Id=4697
2014-12-31 /ejn/AtlasChooseAuthority.aspx -
2014-12-31 /ejn/AtlasAuthorityData.aspx Id=4635
2014-12-31 /ejn/AtlasChooseAuthority.aspx -
2014-12-31 /ejn/AtlasChooseAuthority.aspx -
2014-12-31 /ejn/AtlasAuthorityData.aspx Id=4569
2014-12-31 /ejn/libshowdocument.aspx Id=95&Lang=LT
2014-12-31 /ejn/EJN_Home.aspx -
2014-12-31 /ejn/ -
2014-12-31 /ejn/EJN_Home.aspx -
2014-12-31 /ejn/libshowdocument.aspx Id=116&Lang=EN
2014-12-31 /ejn/EJN_Home.aspx -
2014-12-31 /ejn/EJN_Home.aspx -
2014-12-31 /ejn/EJN_Home.aspx -
2014-12-31 /ejn/ -
2014-12-31 /ejn/ -
2014-12-31 /ejn/ -
2014-12-31 /ejn/ -
2014-12-31 /ejn/ ++Culture:FRSessionId:krrwxsdrpao0uxvlg1b1fuxuDate_Time:11:36
2014-12-31 /ejn/AtlasChooseMeasure.aspx Mp=1&Cou=BG&Type=2
2014-12-31 /ejn/EJN_Home.aspx -
2014-12-31 /ejn/AtlasChooseMeasure.aspx Mp=1&Cou=FR&Type=2
2014-12-31 /ejn/EJN_Home.aspx -
2014-12-31 /ejn/AtlasChooseMeasure.aspx Mp=1&Cou=BG&Type=2
2014-12-31 /ejn/ -
2014-12-31 /ejn/ -
2014-12-31 /ejn/EJN_Home.aspx -
2014-12-31 /ejn/AtlasChooseMeasure.aspx Mp=1&Cou=BG&Type=2
2014-12-31 /ejn/AtlasSelection.aspx -
2014-12-31 /ejn/AtlasChooseAuthority.aspx -
2014-12-31 /ejn/libcategories.aspx -
2014-12-31 /ejn/libcategories.aspx Id=1
2014-12-31 /ejn/libcategories.aspx Id=19
2014-12-31 /ejn/libcategories.aspx Id=12
2014-12-31 /ejn/AtlasChooseAuthority.aspx -
2014-12-31 /ejn/AtlasChooseAuthority.aspx -
2014-12-31 /ejn/AtlasChooseAuthority.aspx -
2014-12-31 /ejn/AtlasChooseAuthority.aspx -
2014-12-31 /ejn/AtlasChooseAuthority.aspx -
2014-12-31 /ejn/libcategories.aspx Id=36
2014-12-31 /ejn/AtlasChooseAuthority.aspx -
2014-12-31 /ejn/AtlasChooseAuthority.aspx -
2014-12-31 /ejn/EJN_Home.aspx -
2014-12-31 /ejn/libdocumentproperties.aspx Id=1320
2014-12-31 /ejn/libdocumentproperties.aspx Id=1320
2014-12-31 /ejn/AtlasChooseAuthority.aspx -
2014-12-31 /ejn/AtlasAuthorityData.aspx Id=2552
2014-12-31 /ejn/libdocumentproperties.aspx Id=1320
2014-12-31 /ejn/EJN_Home.aspx -
2014-12-31 /ejn/EJN_Home.aspx -
2014-12-31 /ejn/ -
2014-12-31 /ejn/EJN_Home.aspx -
2014-12-31 /ejn/EJN_Home.aspx -
2014-12-31 /ejn/EJN_Home.aspx -
2014-12-31 /ejn/EJN_Home.aspx -
2014-12-31 /ejn/ -
2014-12-31 /ejn/ -
2014-12-31 /ejn/ -
2014-12-31 /ejn/libshowdocument.aspx Id=219&Lang=BG
2014-12-31 /ejn/EJN_Home.aspx -
2014-12-31 /ejn/ -
2014-12-31 /ejn/ -
2014-12-31 /ejn/ -
2014-12-31 /ejn/ -
2014-12-31 /ejn/ -
2014-12-31 /ejn/AtlasChooseCountry.aspx Type=2
2014-12-31 /ejn/AtlasChooseMeasure.aspx MP=1&Cou=DE
2014-12-31 /ejn/AtlasChooseMeasure.aspx MP=1&Cou=DE
2014-12-31 /ejn/AtlasChooseMeasure.aspx MP=1&Cou=DE
2014-12-31 /ejn/AtlasSelection.aspx -
2014-12-31 /ejn/AtlasChooseAuthority.aspx -
2014-12-31 /ejn/AtlasChooseAuthority.aspx/GetLocations -
2014-12-31 /ejn/AtlasChooseAuthority.aspx -
2014-12-31 /ejn/AtlasAuthorityData.aspx Id=4288
2014-12-31 /ejn/EJN_Home.aspx -
2014-12-31 /ejn/EJN_Home.aspx -
2014-12-31 /ejn/EJN_InfoAbout.aspx Id=351
2014-12-31 /ejn/EJN_Home.aspx -
2014-12-31 /ejn/EJN_Home.aspx -
2014-12-31 /ejn/EJN_Home.aspx -
2014-12-31 /ejn/EJN_Home.aspx -
2014-12-31 /ejn/ -
2014-12-31 /ejn/AtlasChooseCountry.aspx Type=2
2014-12-31 /ejn/AtlasChooseCountry.aspx Type=2
2014-12-31 /ejn/AtlasChooseMeasure.aspx MP=0&Cou=273
2014-12-31 /ejn/AtlasChooseMeasure.aspx MP=0&Cou=273
2014-12-31 /ejn/AtlasChooseMeasure.aspx MP=0&Cou=273
2014-12-31 /ejn/AtlasSelection.aspx -
2014-12-31 /ejn/AtlasSelection.aspx -
2014-12-31 /ejn/AtlasSelection.aspx -
2014-12-31 /ejn/AtlasSelection.aspx -
2014-12-31 /ejn/AtlasSelection.aspx -
2014-12-31 /ejn/AtlasChooseAuthority.aspx -
2014-12-31 /ejn/AtlasChooseAuthority.aspx/GetLocations -
2014-12-31 /ejn/AtlasChooseAuthority.aspx/GetLocations -
2014-12-31 /ejn/AtlasChooseAuthority.aspx -
2014-12-31 /ejn/AtlasAuthorityData.aspx Id=4749
2014-12-31 /ejn/EJN_Home.aspx -
2014-12-31 /ejn/AtlasChooseCountry.aspx -
2014-12-31 /ejn/EJN_Home.aspx -
2014-12-31 /ejn/AtlasChooseMeasure.aspx Mp=1&Cou=NL&Type=2
2014-12-31 /ejn/AtlasChooseMeasure.aspx Mp=1&Cou=NL&Type=2
2014-12-31 /ejn/AtlasChooseMeasure.aspx Mp=1&Cou=NL&Type=2
2014-12-31 /ejn/AtlasSelection.aspx -
2014-12-31 /ejn/AtlasSelection.aspx -
2014-12-31 /ejn/AtlasSelection.aspx -
2014-12-31 /ejn/AtlasAuthorityData.aspx Id=1754
2014-12-31 /ejn/ -
2014-12-31 /ejn/EJN_Home.aspx -
2014-12-31 /ejn/ -
2014-12-31 /ejn/EJN_Home.aspx -
2014-12-31 /ejn/AtlasChooseCountry.aspx -
2014-12-31 /ejn/AtlasChooseMeasure.aspx MP=1&Cou=DE
2014-12-31 /ejn/AtlasChooseMeasure.aspx MP=1&Cou=DE
2014-12-31 /ejn/EJN_Home.aspx -
2014-12-31 /ejn/AtlasChooseMeasure.aspx MP=1&Cou=DE
2014-12-31 /ejn/AtlasChooseMeasure.aspx MP=1&Cou=DE
2014-12-31 /ejn/AtlasSelection.aspx -
2014-12-31 /ejn/AtlasChooseAuthority.aspx -
2014-12-31 /ejn/AtlasChooseCountry.aspx -
2014-12-31 /ejn/AtlasChooseMeasure.aspx MP=1&Cou=DE
2014-12-31 /ejn/EJN_Home.aspx -
2014-12-31 /ejn/AtlasChooseMeasure.aspx MP=1&Cou=DE
2014-12-31 /ejn/AtlasChooseMeasure.aspx MP=1&Cou=DE
2014-12-31 /ejn/AtlasSelection.aspx -
2014-12-31 /ejn/AtlasChooseAuthority.aspx -
2014-12-31 /ejn/ -
2014-12-31 /ejn/AtlasChooseAuthority.aspx -
2014-12-31 /ejn/ -
2014-12-31 /ejn/ ++Culture:FRSessionId:jxlwpwokdfbwa3mfsufia52aDate_Time:12:18
2014-12-31 /ejn/ -
2014-12-31 /ejn/AtlasChooseCountry.aspx Type=2
2014-12-31 /ejn/AtlasChooseMeasure.aspx MP=1&Cou=DE
2014-12-31 /ejn/AtlasChooseCountry.aspx Type=2
2014-12-31 /ejn/AtlasChooseMeasure.aspx MP=0&Cou=373
2014-12-31 /ejn/AtlasChooseMeasure.aspx MP=1&Cou=DE
2014-12-31 /ejn/AtlasSelection.aspx -
2014-12-31 /ejn/AtlasChooseAuthority.aspx -
2014-12-31 /ejn/AtlasChooseMeasure.aspx MP=0&Cou=373
2014-12-31 /ejn/AtlasChooseMeasure.aspx MP=0&Cou=373
2014-12-31 /ejn/AtlasSelection.aspx -
2014-12-31 /ejn/EJN_Home.aspx -
2014-12-31 /ejn/AtlasSelection.aspx -
2014-12-31 /ejn/AtlasSelection.aspx -
2014-12-31 /ejn/AtlasChooseMeasure.aspx MP=1&Cou=DE
2014-12-31 /ejn/AtlasSelection.aspx -
2014-12-31 /ejn/AtlasSelection.aspx -
2014-12-31 /ejn/AtlasChooseMeasure.aspx MP=1&Cou=DE
2014-12-31 /ejn/AtlasSelection.aspx -
2014-12-31 /ejn/AtlasChooseAuthority.aspx -
2014-12-31 /ejn/AtlasChooseCountry.aspx -
2014-12-31 /ejn/AtlasSelection.aspx -
2014-12-31 /ejn/AtlasSelection.aspx -
2014-12-31 /ejn/AtlasChooseAuthority.aspx -
2014-12-31 /ejn/AtlasChooseMeasure.aspx MP=1&Cou=DE
2014-12-31 /ejn/AtlasChooseMeasure.aspx MP=1&Cou=DE
2014-12-31 /ejn/AtlasChooseMeasure.aspx MP=1&Cou=DE
2014-12-31 /ejn/AtlasChooseAuthority.aspx -
2014-12-31 /ejn/AtlasAuthorityData.aspx Id=2846
2014-12-31 /ejn/AtlasChooseMeasure.aspx MP=1&Cou=DE
2014-12-31 /ejn/AtlasChooseMeasure.aspx MP=1&Cou=DE
2014-12-31 /ejn/AtlasSelection.aspx -
2014-12-31 /ejn/AtlasChooseAuthority.aspx -
2014-12-31 /ejn/EJN_Home.aspx -
2014-12-31 /ejn/AtlasChooseAuthority.aspx -
2014-12-31 /ejn/AtlasAuthorityData.aspx Id=4983&AuthTypeId=446
2014-12-31 /ejn/AtlasAuthorityData.aspx Id=4983&AuthTypeId=446
2014-12-31 /ejn/ -
2014-12-31 /ejn/ -
2014-12-31 /ejn/EJN_Home.aspx -
2014-12-31 /ejn/EJN_Home.aspx -
2014-12-31 /ejn/ -
2014-12-31 /ejn/ -
2014-12-31 /ejn/AtlasChooseMeasure.aspx Mp=1&Cou=DE&Type=2
2014-12-31 /ejn/AtlasChooseMeasure.aspx Mp=1&Cou=DE&Type=2
2014-12-31 /ejn/AtlasChooseMeasure.aspx Mp=1&Cou=DE&Type=2
2014-12-31 /ejn/AtlasChooseMeasure.aspx Mp=1&Cou=DE&Type=2
2014-12-31 /ejn/AtlasSelection.aspx -
2014-12-31 /ejn/AtlasChooseAuthority.aspx -
2014-12-31 /ejn/AtlasChooseAuthority.aspx/GetLocations -
2014-12-31 /ejn/AtlasChooseAuthority.aspx -
2014-12-31 /ejn/AtlasAuthorityData.aspx Id=4198
2014-12-31 /ejn/EJN_AtlasAdvanced.aspx -
2014-12-31 /ejn/EJN_Home.aspx -
2014-12-31 /ejn/ -
2014-12-31 /ejn/EJN_Home.aspx -
2014-12-31 /ejn/ejn_home.aspx -
2014-12-31 /ejn/ -
2014-12-31 /ejn/AtlasChooseCountry.aspx Type=2
2014-12-31 /ejn/ -
2014-12-31 /ejn/AtlasChooseMeasure.aspx Mp=1&Cou=DE&Type=2
2014-12-31 /ejn/AtlasChooseMeasure.aspx Mp=1&Cou=DE&Type=2
2014-12-31 /ejn/AtlasChooseMeasure.aspx Mp=1&Cou=DE&Type=2
2014-12-31 /ejn/AtlasSelection.aspx -
2014-12-31 /ejn/AtlasChooseAuthority.aspx -
2014-12-31 /ejn/AtlasChooseAuthority.aspx -
2014-12-31 /ejn/AtlasAuthorityData.aspx Id=4257
2014-12-31 /ejn/EJN_Home.aspx -
2014-12-31 /ejn/ -
2014-12-31 /ejn/EJN_Home.aspx -
2014-12-31 /ejn/EJN_Home.aspx -
2014-12-31 /ejn/AtlasChooseCountry.aspx -
2014-12-31 /ejn/EJN_Home.aspx -
2014-12-31 /ejn/EJN_Home.aspx -
2014-12-31 /ejn/EJN_Home.aspx -
2014-12-31 /ejn/ -
2014-12-31 /ejn/EJN_Home.aspx -
2014-12-31 /ejn/EJN_Home.aspx -
2014-12-31 /ejn/EJN_Home.aspx -
2014-12-31 /ejn/ -
2014-12-31 /ejn/ -
2014-12-31 /ejn/AtlasChooseCountry.aspx -
2014-12-31 /ejn/EJN_Home.aspx -
2014-12-31 /ejn/EJN_Home.aspx -
2014-12-31 /atlas_advanced.aspx -
2014-12-31 /atlas_advanced.aspx -
2014-12-31 /ejn/ -
2014-12-31 /ejn/ -
2014-12-31 /ejn/EJN_Home.aspx -
2014-12-31 /atlas_advanced.aspx -
2014-12-31 /atlas_advanced.aspx -
2014-12-31 /ejn/ -
2014-12-31 /ejn/EJN_Home.aspx -
2014-12-31 /ejn/ -
2014-12-31 /ejn/EJN_Home.aspx -
2014-12-31 /ejn/EJN_InfoAbout.aspx Id=259
2014-12-31 /ejn/EJN_Home.aspx -
2014-12-31 /ejn/EJN_Home.aspx -
2014-12-31 /ejn/ -
2014-12-31 /ejn/libcategories.aspx Id=32
2014-12-31 /ejn/libshowdocument.aspx Id=16&Lang=PL
2014-12-31 /ejn/EJN_Home.aspx -
2014-12-31 /ejn/EJN_Home.aspx -
2014-12-31 /ejn/EJN_Home.aspx -
2014-12-31 /ejn/libdocumentproperties.aspx Id=602
2014-12-31 /ejn/libdocumentproperties.aspx Id=602
2014-12-31 /ejn/libcategories.aspx -
2014-12-31 /ejn/libcategories.aspx Id=5
2014-12-31 /ejn/libdocumentproperties.aspx Id=920
2014-12-31 /ejn/libdocumentproperties.aspx Id=920
2014-12-31 /ejn/libcategories.aspx -
2014-12-31 /ejn/libcategories.aspx Id=5
2014-12-31 /ejn/EJN_Home.aspx -
2014-12-31 /ejn/EJN_Home.aspx -
2014-12-31 /ejn/ -
2014-12-31 /ejn/ -
2014-12-31 /ejn/EJN_AtlasAdvanced.aspx -
2014-12-31 /ejn/EJN_Home.aspx -
2014-12-31 /ejn/ -
2014-12-31 /ejn/EJN_Home.aspx -
2014-12-31 /ejn/EJN_Home.aspx -
2014-12-31 /ejn/ -
2014-12-31 /ejn/EJN_Home.aspx -
2014-12-31 /ejn/ -
2014-12-31 /ejn/EJN_AtlasAdvanced.aspx -
2014-12-31 /ejn/ -
2014-12-31 /ejn/EJN_Home.aspx -
2014-12-31 /ejn/EJN_Home.aspx -
2014-12-31 /ejn/sitemap.aspx -
2014-12-31 /ejn/EJN_Home.aspx -
2014-12-31 /ejn/EJN_AtlasAdvanced.aspx -
2014-12-31 /ejn/libshowdocument.aspx Id=13&Lang=LV
2014-12-31 /ejn/EJN_Home.aspx -
2014-12-31 /ejn/ -
2014-12-31 /ejn/EJN_AtlasAdvanced.aspx -
2014-12-31 /ejn/ -
2014-12-31 /ejn/ -
2014-12-31 /ejn/ ++Culture:ESSessionId:ihrifglj5atde4pkxaxgnstyDate_Time:13:29
2014-12-31 /ejn/ -
2014-12-31 /ejn/EJN_QuickLinks.aspx id=24
2014-12-31 /ejn/EJN_EAWWizard.aspx -
2014-12-31 /ejn/ctrls.eawwizard/IframeEngine.aspx -
2014-12-31 /ejn/EJN_EAWWizard.aspx -
2014-12-31 /ejn/ctrls.eawwizard/IframeEngine.aspx -
2014-12-31 /ejn/NewsDetail.aspx id=333&Ori=H
2014-12-31 /ejn/ -
2014-12-31 /ejn/AtlasChooseCountry.aspx Type=2
2014-12-31 /ejn/AtlasChooseCountry.aspx Type=2
2014-12-31 /ejn/AtlasChooseMeasure.aspx MP=0&Cou=295
2014-12-31 /ejn/AtlasChooseMeasure.aspx MP=0&Cou=295
2014-12-31 /ejn/AtlasChooseMeasure.aspx MP=0&Cou=295
2014-12-31 /ejn/AtlasSelection.aspx -
2014-12-31 /ejn/AtlasChooseAuthority.aspx -
2014-12-31 /ejn/AtlasChooseAuthority.aspx/GetLocations -
2014-12-31 /ejn/AtlasChooseAuthority.aspx -
2014-12-31 /ejn/AtlasChooseAuthority.aspx/GetLocations -
2014-12-31 /ejn/AtlasChooseAuthority.aspx/GetLocations -
2014-12-31 /ejn/AtlasChooseAuthority.aspx/GetLocations -
2014-12-31 /ejn/AtlasChooseAuthority.aspx/GetLocations -
2014-12-31 /ejn/AtlasChooseAuthority.aspx/GetLocations -
2014-12-31 /ejn/AtlasChooseAuthority.aspx/GetLocations -
2014-12-31 /ejn/AtlasChooseAuthority.aspx -
2014-12-31 /ejn/AtlasChooseAuthority.aspx/GetLocations -
2014-12-31 /ejn/AtlasChooseAuthority.aspx/GetLocations -
2014-12-31 /ejn/AtlasChooseAuthority.aspx/GetLocations -
2014-12-31 /ejn/AtlasChooseAuthority.aspx/GetLocations -
2014-12-31 /ejn/AtlasChooseAuthority.aspx/GetLocations -
2014-12-31 /ejn/AtlasChooseAuthority.aspx/GetLocations -
2014-12-31 /ejn/EJN_Home.aspx -
2014-12-31 /ejn/AtlasChooseAuthority.aspx -
2014-12-31 /ejn/AtlasAuthorityData.aspx Id=4803
2014-12-31 /ejn/AtlasChooseAuthority.aspx/GetLocations -
2014-12-31 /ejn/AtlasChooseAuthority.aspx -
2014-12-31 /ejn/AtlasAuthorityData.aspx Id=4797
2014-12-31 /ejn/ -
2014-12-31 /ejn/EJN_AtlasAdvanced.aspx -
2014-12-31 /ejn/AtlasChooseAuthority.aspx/GetLocations -
2014-12-31 /ejn/AtlasChooseAuthority.aspx/GetLocations -
2014-12-31 /ejn/AtlasChooseAuthority.aspx/GetLocations -
2014-12-31 /ejn/EJN_Home.aspx -
2014-12-31 /ejn/AtlasChooseAuthority.aspx/GetLocations -
2014-12-31 /ejn/EJN_Home.aspx -
2014-12-31 /ejn/ -
2014-12-31 /ejn/AtlasChooseAuthority.aspx/GetLocations -
2014-12-31 /ejn/AtlasChooseAuthority.aspx -
2014-12-31 /ejn/AtlasAuthorityData.aspx Id=4803
2014-12-31 /ejn/EJN_Home.aspx -
2014-12-31 /ejn/EJN_Home.aspx -
2014-12-31 /ejn/EJN_Home.aspx -
2014-12-31 /ejn/EJN_Home.aspx -
2014-12-31 /ejn/libcategories.aspx Id=36
2014-12-31 /ejn/EJN_Home.aspx -
2014-12-31 /ejn/ -
2014-12-31 /ejn/EJN_AtlasAdvanced.aspx -
2014-12-31 /ejn/ -
2014-12-31 /ejn/AtlasChooseCountry.aspx Type=2
2014-12-31 /ejn/AtlasChooseCountry.aspx Type=2
2014-12-31 /ejn/AtlasChooseMeasure.aspx MP=0&Cou=277
2014-12-31 /ejn/AtlasChooseCountry.aspx Type=2
2014-12-31 /ejn/AtlasChooseMeasure.aspx MP=0&Cou=273
2014-12-31 /ejn/AtlasChooseMeasure.aspx MP=0&Cou=273
2014-12-31 /ejn/AtlasChooseMeasure.aspx MP=0&Cou=273
2014-12-31 /ejn/AtlasSelection.aspx -
2014-12-31 /ejn/AtlasSelection.aspx -
2014-12-31 /ejn/AtlasSelection.aspx -
2014-12-31 /ejn/AtlasSelection.aspx -
2014-12-31 /ejn/AtlasSelection.aspx -
2014-12-31 /ejn/AtlasChooseAuthority.aspx -
2014-12-31 /ejn/AtlasChooseAuthority.aspx/GetLocations -
2014-12-31 /ejn/AtlasChooseAuthority.aspx -
2014-12-31 /ejn/AtlasAuthorityData.aspx Id=4661
2014-12-31 /ejn/EJN_Home.aspx -
2014-12-31 /ejn/AtlasChooseAuthority.aspx/GetLocations -
2014-12-31 /ejn/AtlasChooseAuthority.aspx/GetLocations -
2014-12-31 /ejn/AtlasChooseAuthority.aspx -
2014-12-31 /ejn/AtlasAuthorityData.aspx Id=4661
2014-12-31 /ejn/ -
2014-12-31 /ejn/ -
2014-12-31 /ejn/EJN_AtlasAdvanced.aspx -
2014-12-31 /ejn/ -
2014-12-31 /ejn/AtlasChooseCountry.aspx Type=2
2014-12-31 /ejn/AtlasChooseMeasure.aspx MP=1&Cou=CZ
2014-12-31 /ejn/AtlasChooseCountry.aspx Type=2
2014-12-31 /ejn/AtlasChooseCountry.aspx Type=2
2014-12-31 /ejn/AtlasChooseMeasure.aspx MP=0&Cou=259
2014-12-31 /ejn/AtlasChooseMeasure.aspx MP=0&Cou=259
2014-12-31 /ejn/AtlasChooseMeasure.aspx MP=0&Cou=259
2014-12-31 /ejn/AtlasChooseMeasure.aspx MP=0&Cou=259
2014-12-31 /ejn/AtlasSelection.aspx -
2014-12-31 /ejn/AtlasSelection.aspx -
2014-12-31 /ejn/AtlasSelection.aspx -
2014-12-31 /ejn/AtlasChooseAuthority.aspx -
2014-12-31 /ejn/AtlasChooseAuthority.aspx -
2014-12-31 /ejn/AtlasChooseAuthority.aspx -
2014-12-31 /ejn/AtlasAuthorityData.aspx Id=157
2014-12-31 /ejn/EJN_Home.aspx -
2014-12-31 /ejn/AtlasChooseCountry.aspx Type=2
2014-12-31 /ejn/EJN_Home.aspx -
2014-12-31 /ejn/ -
2014-12-31 /ejn/AtlasChooseCountry.aspx Type=2
2014-12-31 /ejn/AtlasChooseMeasure.aspx MP=0&Cou=259
2014-12-31 /ejn/ejn_home.aspx -
2014-12-31 /ejn/AtlasChooseCountry.aspx Type=1
2014-12-31 /ejn/AtlasChooseMeasure.aspx MP=1&Cou=UK
2014-12-31 /ejn/AtlasSelection.aspx -
2014-12-31 /ejn/AtlasSelection.aspx -
2014-12-31 /ejn/AtlasSelection.aspx -
2014-12-31 /ejn/AtlasAuthorityData.aspx Id=3833
2014-12-31 /ejn/EJN_Home.aspx -
2014-12-31 /ejn/EJN_Home.aspx -
2014-12-31 /ejn/EJN_Home.aspx -
2014-12-31 /ejn/EJN_Home.aspx -
2014-12-31 /ejn/ -
2014-12-31 /ejn/EJN_AtlasAdvanced.aspx -
2014-12-31 /ejn/ejn_home.aspx -
2014-12-31 /ejn/ -
2014-12-31 /ejn/libcategories.aspx Id=32
2014-12-31 /ejn/libdocumentproperties.aspx Id=16
2014-12-31 /ejn/libdocumentproperties.aspx Id=16
2014-12-31 /ejn/EJN_Home.aspx -
2014-12-31 /ejn/ -
2014-12-31 /ejn/EJN_AtlasAdvanced.aspx -
2014-12-31 /ejn/ -
2014-12-31 /ejn/ -
2014-12-31 /ejn/EJN_StaticPage.aspx Bread=28
2014-12-31 /ejn/EJN_Home.aspx -
2014-12-31 /ejn/EJN_AtlasAdvanced.aspx -
2014-12-31 /ejn/ -
2014-12-31 /ejn/ -
2014-12-31 /ejn/EJN_Home.aspx -
2014-12-31 /ejn/ -
2014-12-31 /ejn/EJN_Home.aspx -
2014-12-31 /ejn/ -
2014-12-31 /ejn/EJN_Home.aspx -
2014-12-31 /ejn/EJN_Login.aspx -
2014-12-31 /ejn/EJN_Login.aspx -
2014-12-31 /ejn/EJN_ContactPointsNew.aspx -
2014-12-31 /ejn/EJN_ContactPointsNew.aspx -
2014-12-31 /ejn/EJN_Home.aspx -
2014-12-31 /ejn/EJN_ContactPointsNew.aspx -
2014-12-31 /ejn/EJN_ContactPointDetail.aspx -
2014-12-31 /ejn/EJN_Home.aspx -
2014-12-31 /ejn/EJN_ContactPointsNew.aspx -
2014-12-31 /ejn/EJN_ContactPointDetail.aspx -
2014-12-31 /ejn/EJN_ContactPointsNew.aspx -
2014-12-31 /ejn/EJN_ContactPointDetail.aspx -
2014-12-31 /ejn/EJN_ContactPointsNew.aspx -
2014-12-31 /ejn/EJN_ContactPointDetail.aspx -
2014-12-31 /ejn/EJN_ContactPointsNew.aspx -
2014-12-31 /ejn/EJN_ContactPointDetail.aspx -
2014-12-31 /ejn/EJN_ContactPointsNew.aspx -
2014-12-31 /ejn/EJN_ContactPointDetail.aspx -
2014-12-31 /ejn/libcategories.aspx Id=5
2014-12-31 /ejn/EJN_Home.aspx -
2014-12-31 /ejn/EJN_ContactPointsNew.aspx -
2014-12-31 /ejn/EJN_ContactPointDetail.aspx -
2014-12-31 /ejn/EJN_ContactPointsNew.aspx -
2014-12-31 /ejn/EJN_ContactPointDetail.aspx -
2014-12-31 /ejn/EJN_ContactPointsNew.aspx -
2014-12-31 /ejn/EJN_ContactPointDetail.aspx -
2014-12-31 /ejn/EJN_ContactPointsNew.aspx -
2014-12-31 /ejn/EJN_ContactPointDetail.aspx -
2014-12-31 /ejn/EJN_AtlasAdvanced.aspx -
2014-12-31 /ejn/EJN_ContactPointsNew.aspx -
2014-12-31 /ejn/EJN_ContactPointDetail.aspx -
2014-12-31 /ejn/EJN_AtlasAdvanced.aspx -
2014-12-31 /ejn/ -
2014-12-31 /ejn/ -
2014-12-31 /ejn/EJN_ContactPointsNew.aspx -
2014-12-31 /ejn/EJN_ContactPointDetail.aspx -
2014-12-31 /ejn/EJN_ContactPointsNew.aspx -
2014-12-31 /ejn/EJN_ContactPointDetail.aspx -
2014-12-31 /ejn/EJN_ContactPointsNew.aspx -
2014-12-31 /ejn/EJN_ContactPointDetail.aspx -
2014-12-31 /ejn/EJN_ContactPointsNew.aspx -
2014-12-31 /ejn/EJN_ContactPointDetail.aspx -
2014-12-31 /ejn/EJN_ContactPointsNew.aspx -
2014-12-31 /ejn/AtlasChooseCountry.aspx Type=1
2014-12-31 /ejn/AtlasChooseMeasure.aspx MP=1&Cou=DE
2014-12-31 /ejn/AtlasSelection.aspx -
2014-12-31 /ejn/AtlasChooseAuthority.aspx -
2014-12-31 /ejn/AtlasChooseAuthority.aspx -
2014-12-31 /ejn/AtlasChooseAuthority.aspx -
2014-12-31 /ejn/AtlasAuthorityData.aspx Id=5289
2014-12-31 /ejn/EJN_Home.aspx -
2014-12-31 /ejn/ -
2014-12-31 /ejn/ -
2014-12-31 /ejn/EJN_AtlasAdvanced.aspx -
2014-12-31 /ejn/libshowdocument.aspx Id=219&Lang=SL
2014-12-31 /ejn/libcategories.aspx Id=7
2014-12-31 /ejn/EJN_Home.aspx -
2014-12-31 /ejn/EJN_Home.aspx -
2014-12-31 /ejn/EJN_Home.aspx -
2014-12-31 /ejn/ -
2014-12-31 /ejn/ -
2014-12-31 /ejn/EJN_AtlasAdvanced.aspx -
2014-12-31 /ejn/EJN_Home.aspx -
2014-12-31 /ejn/EJN_Home.aspx -
2014-12-31 /ejn/EJN_Home.aspx -
2014-12-31 /ejn/EJN_Home.aspx -
2014-12-31 /ejn/EJN_Home.aspx -
2014-12-31 /ejn/EJN_AtlasAdvanced.aspx -
2014-12-31 /ejn/ -
2014-12-31 /ejn/ -
2014-12-31 /ejn/ -
2014-12-31 /ejn/EJN_InfoAbout.aspx Id=395
2014-12-31 /ejn/ -
2014-12-31 /ejn/ -
2014-12-31 /ejn/ -
2014-12-31 /ejn/ -
2014-12-31 /ejn/AtlasChooseMeasure.aspx MP=1&Cou=UK&Type=2
2014-12-31 /ejn/ -
2014-12-31 /ejn/ -
2014-12-31 /ejn/ -
2014-12-31 /ejn/ -
2014-12-31 /ejn/ -
2014-12-31 /ejn/ -
2014-12-31 /ejn/ -
2014-12-31 /ejn/ -
2014-12-31 /ejn/ -
2014-12-31 /ejn/ -
2014-12-31 /ejn/EJN_Login.aspx -
2014-12-31 /ejn/EJN_Login.aspx -
2014-12-31 /ejn/EJN_Login.aspx -
2014-12-31 /ejn/EJN_Login.aspx -
2014-12-31 /ejn/EJN_Login.aspx -
2014-12-31 /ejn/EJN_ContactPointsNew.aspx -
2014-12-31 /ejn/EJN_ContactPointsNew.aspx -
2014-12-31 /ejn/EJN_ContactPointsNew.aspx -
2014-12-31 /ejn/EJN_ContactPointsNew.aspx -
2014-12-31 /ejn/EJN_ContactPointsNew.aspx -
2014-12-31 /ejn/EJN_ContactPointsNew.aspx -
2014-12-31 /ejn/EJN_ContactPointDetail.aspx -
2014-12-31 /ejn/EJN_ContactPointsNew.aspx -
2014-12-31 /ejn/EJN_ContactPointDetail.aspx -
2014-12-31 /ejn/EJN_ContactPointsNew.aspx -
2014-12-31 /ejn/EJN_ContactPointDetail.aspx -
2014-12-31 /ejn/ -
2014-12-31 /ejn/AtlasChooseCountry.aspx Type=2
2014-12-31 /ejn/AtlasChooseCountry.aspx Type=2
2014-12-31 /ejn/AtlasChooseMeasure.aspx MP=0&Cou=273
2014-12-31 /ejn/AtlasChooseMeasure.aspx MP=0&Cou=273
2014-12-31 /ejn/AtlasChooseMeasure.aspx MP=0&Cou=273
2014-12-31 /ejn/AtlasSelection.aspx -
2014-12-31 /ejn/AtlasSelection.aspx -
2014-12-31 /ejn/AtlasChooseMeasure.aspx MP=0&Cou=273
2014-12-31 /ejn/AtlasChooseMeasure.aspx MP=0&Cou=273
2014-12-31 /ejn/AtlasChooseMeasure.aspx MP=0&Cou=273
2014-12-31 /ejn/AtlasSelection.aspx -
2014-12-31 /ejn/AtlasSelection.aspx -
2014-12-31 /ejn/AtlasSelection.aspx -
2014-12-31 /ejn/AtlasSelection.aspx -
2014-12-31 /ejn/AtlasSelection.aspx -
2014-12-31 /ejn/AtlasChooseAuthority.aspx -
2014-12-31 /ejn/AtlasChooseAuthority.aspx/GetLocations -
2014-12-31 /ejn/AtlasChooseAuthority.aspx -
2014-12-31 /ejn/AtlasAuthorityData.aspx Id=4606
2014-12-31 /ejn/EJN_AtlasAdvanced.aspx -
2014-12-31 /ejn/ -
2014-12-31 /ejn/EJN_Home.aspx -
2014-12-31 /ejn/ejn_home.aspx -
2014-12-31 /ejn/ -
2014-12-31 /ejn/EJN_Login.aspx -
2014-12-31 /ejn/EJN_Home.aspx -
2014-12-31 /ejn/ -
2014-12-31 /ejn/EJN_Login.aspx -
2014-12-31 /ejn/EJN_Login.aspx -
2014-12-31 /ejn/ -
2014-12-31 /ejn/AtlasChooseCountry.aspx Type=2
2014-12-31 /ejn/AtlasChooseCountry.aspx Type=2
2014-12-31 /ejn/AtlasChooseMeasure.aspx MP=0&Cou=337
2014-12-31 /ejn/AtlasChooseMeasure.aspx MP=0&Cou=337
2014-12-31 /ejn/AtlasChooseMeasure.aspx MP=0&Cou=337
2014-12-31 /ejn/AtlasSelection.aspx -
2014-12-31 /ejn/AtlasSelection.aspx -
2014-12-31 /ejn/AtlasSelection.aspx -
2014-12-31 /ejn/AtlasChooseAuthority.aspx -
2014-12-31 /ejn/AtlasChooseAuthority.aspx/GetLocations -
2014-12-31 /ejn/AtlasChooseAuthority.aspx -
2014-12-31 /ejn/AtlasAuthorityData.aspx Id=2629
2014-12-31 /ejn/EJN_Home.aspx -
2014-12-31 /ejn/EJN_Home.aspx -
2014-12-31 /ejn/ -
2014-12-31 /ejn/EJN_AtlasAdvanced.aspx -
2014-12-31 /ejn/ -
2014-12-31 /ejn/AtlasChooseCountry.aspx Type=2
2014-12-31 /ejn/AtlasChooseCountry.aspx Type=2
2014-12-31 /ejn/AtlasChooseMeasure.aspx MP=0&Cou=295
2014-12-31 /ejn/NewsAll.aspx Id=2
2014-12-31 /ejn/AtlasChooseMeasure.aspx MP=0&Cou=295
2014-12-31 /ejn/Events.aspx id=6
2014-12-31 /ejn/AtlasChooseMeasure.aspx MP=0&Cou=295
2014-12-31 /ejn/AtlasSelection.aspx -
2014-12-31 /ejn/AtlasChooseAuthority.aspx -
2014-12-31 /ejn/AtlasChooseAuthority.aspx/GetLocations -
2014-12-31 /ejn/AtlasChooseAuthority.aspx -
2014-12-31 /ejn/AtlasChooseAuthority.aspx -
2014-12-31 /ejn/AtlasAuthorityData.aspx Id=4798
2014-12-31 /ejn/AtlasAuthorityData.aspx Id=4798
2014-12-31 /ejn/AtlasAuthorityData.aspx Id=4798
2014-12-31 /ejn/AtlasAuthorityData.aspx Id=4798
2014-12-31 /ejn/ -
2014-12-31 /ejn/ -
2014-12-31 /ejn/AtlasChooseMeasure.aspx MP=1&Cou=UK&Type=2
2014-12-31 /ejn/AtlasChooseMeasure.aspx MP=1&Cou=UK&Type=2
2014-12-31 /ejn/ -
2014-12-31 /ejn/EJN_FichesBelgesResult.aspx measure=406&country=395&other=-1
2014-12-31 /ejn/EJN_Login.aspx -
2014-12-31 /ejn/AtlasChooseMeasure.aspx MP=1&Cou=UK&Type=2
2014-12-31 /ejn/AtlasSelection.aspx -
2014-12-31 /ejn/ -
2014-12-31 /ejn/ -
2014-12-31 /ejn/ -
2014-12-31 /ejn/EJN_Login.aspx -
2014-12-31 /ejn/AtlasSelection.aspx -
2014-12-31 /ejn/AtlasSelection.aspx -
2014-12-31 /ejn/AtlasSelection.aspx -
2014-12-31 /ejn/EJN_Login.aspx -
2014-12-31 /ejn/AtlasSelection.aspx -
2014-12-31 /ejn/EJN_Login.aspx -
2014-12-31 /ejn/AtlasSelection.aspx -
2014-12-31 /ejn/AtlasAuthorityData.aspx Id=2588
2014-12-31 /ejn/EJN_Login.aspx -
2014-12-31 /ejn/EJN_Login.aspx -
2014-12-31 /ejn/EJN_AtlasAdvanced.aspx -
2014-12-31 /ejn/ -
2014-12-31 /ejn/ -
2014-12-31 /ejn/EJN_Login.aspx -
2014-12-31 /ejn/EJN_Login.aspx -
2014-12-31 /ejn/AtlasSelection.aspx -
2014-12-31 /ejn/EJN_Error.aspx -
2014-12-31 /ejn/EJN_Home.aspx -
2014-12-31 /ejn/EJN_Login.aspx -
2014-12-31 /ejn/EJN_Login.aspx -
2014-12-31 /ejn/EJN_Login.aspx -
2014-12-31 /ejn/EJN_ContactPointsNew.aspx -
2014-12-31 /ejn/EJN_ContactPointsNew.aspx -
2014-12-31 /ejn/EJN_AtlasAdvanced.aspx -
2014-12-31 /ejn/ -
2014-12-31 /ejn/EJN_Home.aspx -
2014-12-31 /ejn/ -
2014-12-31 /ejn/EJN_Home.aspx -
2014-12-31 /ejn/ -
2014-12-31 /ejn/EJN_Home.aspx -
2014-12-31 /ejn/ -
2014-12-31 /ejn/EJN_Home.aspx -
2014-12-31 /ejn/EJN_Home.aspx -
2014-12-31 /ejn/ -
2014-12-31 /ejn/EJN_AtlasAdvanced.aspx -
2014-12-31 /ejn/ -
2014-12-31 /ejn/EJN_AtlasAdvanced.aspx -
2014-12-31 /ejn/EJN_ContactPointsNew.aspx -
2014-12-31 /ejn/EJN_ContactPointDetail.aspx -
2014-12-31 /ejn/EJN_ContactPointsNew.aspx -
2014-12-31 /ejn/EJN_ContactPointDetail.aspx -
2014-12-31 /ejn/EJN_ContactPointsNew.aspx -
2014-12-31 /ejn/EJN_ContactPointDetail.aspx -
2014-12-31 /ejn/EJN_ContactPointsNew.aspx -
2014-12-31 /ejn/EJN_ContactPointDetail.aspx -
2014-12-31 /ejn/EJN_ContactPointsNew.aspx -
2014-12-31 /ejn/EJN_ContactPointDetail.aspx -
2014-12-31 /ejn/EJN_Home.aspx -
2014-12-31 /ejn/ -
2014-12-31 /ejn/EJN_ContactPointsNew.aspx -
2014-12-31 /ejn/EJN_ContactPointDetail.aspx -
2014-12-31 /ejn/AtlasChooseCountry.aspx Type=2
2014-12-31 /ejn/AtlasChooseCountry.aspx Type=2
2014-12-31 /ejn/AtlasChooseMeasure.aspx MP=0&Cou=373
2014-12-31 /ejn/AtlasChooseMeasure.aspx MP=0&Cou=373
2014-12-31 /ejn/AtlasChooseMeasure.aspx MP=0&Cou=373
2014-12-31 /ejn/AtlasSelection.aspx -
2014-12-31 /ejn/AtlasSelection.aspx -
2014-12-31 /ejn/AtlasSelection.aspx -
2014-12-31 /ejn/AtlasSelection.aspx -
2014-12-31 /ejn/AtlasSelection.aspx -
2014-12-31 /ejn/AtlasSelection.aspx -
2014-12-31 /ejn/AtlasSelection.aspx -
2014-12-31 /ejn/AtlasChooseAuthority.aspx -
2014-12-31 /ejn/AtlasChooseAuthority.aspx/GetLocations -
2014-12-31 /ejn/AtlasChooseAuthority.aspx/GetLocations -
2014-12-31 /ejn/EJN_ContactPointsNew.aspx -
2014-12-31 /ejn/EJN_ContactPointDetail.aspx -
2014-12-31 /ejn/AtlasChooseAuthority.aspx -
2014-12-31 /ejn/AtlasAuthorityData.aspx Id=2658
2014-12-31 /ejn/EJN_ContactPointsNew.aspx -
2014-12-31 /ejn/EJN_ContactPointDetail.aspx -
2014-12-31 /ejn/libshowdocument.aspx Id=13&Lang=LV
2014-12-31 /ejn/ -
2014-12-31 /ejn/EJN_AtlasAdvanced.aspx -
2014-12-31 /ejn/libcategories.aspx Id=5
2014-12-31 /ejn/EJN_Home.aspx -
2014-12-31 /ejn/AtlasChooseCountry.aspx Type=2
2014-12-31 /ejn/EJN_Home.aspx -
2014-12-31 /ejn/ -
2014-12-31 /ejn/AtlasChooseMeasure.aspx MP=1&Cou=FR
2014-12-31 /ejn/AtlasChooseMeasure.aspx MP=1&Cou=FR
2014-12-31 /ejn/AtlasChooseCountry.aspx Type=2
2014-12-31 /ejn/EJN_Home.aspx -
2014-12-31 /NewsDetail.aspx id=187&Ori=H
2014-12-31 /NewsDetail.aspx id=211&Ori=H
2014-12-31 /ejn/NewsDetail.aspx id=113&Ori=H
2014-12-31 /ejn/Events.aspx event=85
2014-12-31 /ejn/Events.aspx event=79
2014-12-31 /ejn/Events.aspx event=256
2014-12-31 /ejn/EJN_Home.aspx -
2014-12-31 /NewsDetail.aspx id=201&Ori=H
2014-12-31 /NewsDetail.aspx id=203&Ori=H
2014-12-31 /NewsDetail.aspx id=214&Ori=H
2014-12-31 /NewsDetail.aspx id=326&Ori=H
2014-12-31 /Events.aspx event=212
2014-12-31 /NewsDetail.aspx id=319&Ori=H
2014-12-31 /ejn/Events.aspx event=175
2014-12-31 /ejn/EJN_AtlasAdvanced.aspx -
2014-12-31 /ejn/ -
2014-12-31 /ejn/EJN_Home.aspx -
2014-12-31 /ejn/EJN_Home.aspx -
2014-12-31 /ejn/ -
2014-12-31 /NewsDetail.aspx id=200&Ori=H
2014-12-31 /NewsDetail.aspx id=217&Ori=H
2014-12-31 /NewsDetail.aspx id=330&Ori=H
2014-12-31 /NewsDetail.aspx id=339&Ori=H
2014-12-31 /NewsDetail.aspx id=344&Ori=H
2014-12-31 /Events.aspx event=208
2014-12-31 /Events.aspx event=279
2014-12-31 /Events.aspx event=318
2014-12-31 /NewsDetail.aspx id=346&Ori=H
2014-12-31 /ejn/libcategories.aspx Id=5
2014-12-31 /ejn/NewsDetail.aspx id=283&Ori=H
2014-12-31 /ejn/NewsDetail.aspx id=245&Ori=H
2014-12-31 /ejn/NewsDetail.aspx id=238&Ori=H
2014-12-31 /ejn/NewsDetail.aspx id=233&Ori=H
2014-12-31 /ejn/NewsDetail.aspx id=226&Ori=H
2014-12-31 /ejn/Events.aspx event=296
2014-12-31 /ejn/Events.aspx event=281
2014-12-31 /ejn/Events.aspx event=261
2014-12-31 /ejn/Events.aspx event=258
2014-12-31 /ejn/Events.aspx event=253
2014-12-31 /ejn/Events.aspx event=164
2014-12-31 /ejn/EJN_StaticPage.aspx Bread=22
2014-12-31 /ejn/EJN_QuickLinks.aspx id=24
2014-12-31 /ejn/EJN_QuickLinks.aspx id=23
2014-12-31 /ejn/EJN_ContactUs.aspx -
2014-12-31 /ejn/EJN_AtlasAdvanced.aspx -
2014-12-31 /ejn/ -
2014-12-31 /ejn/EJN_Home.aspx -
2014-12-31 /ejn/ -
2014-12-31 /ejn/AtlasChooseCountry.aspx Type=2
2014-12-31 /ejn/AtlasChooseCountry.aspx Type=2
2014-12-31 /ejn/AtlasChooseMeasure.aspx MP=0&Cou=295
2014-12-31 /ejn/AtlasChooseMeasure.aspx MP=0&Cou=295
2014-12-31 /ejn/AtlasChooseMeasure.aspx MP=0&Cou=295
2014-12-31 /ejn/AtlasSelection.aspx -
2014-12-31 /ejn/AtlasChooseAuthority.aspx -
2014-12-31 /ejn/AtlasChooseAuthority.aspx/GetLocations -
2014-12-31 /ejn/AtlasChooseAuthority.aspx/GetLocations -
2014-12-31 /ejn/AtlasChooseAuthority.aspx -
2014-12-31 /ejn/AtlasAuthorityData.aspx Id=4797
2014-12-31 /ejn/EJN_Home.aspx -
2014-12-31 /ejn/EJN_Home.aspx -
2014-12-31 /ejn/ -
2014-12-31 /ejn/AtlasChooseCountry.aspx Type=2
2014-12-31 /ejn/AtlasChooseCountry.aspx Type=2
2014-12-31 /ejn/AtlasChooseMeasure.aspx MP=0&Cou=277
2014-12-31 /ejn/AtlasChooseMeasure.aspx MP=0&Cou=277
2014-12-31 /ejn/AtlasChooseMeasure.aspx MP=0&Cou=277
2014-12-31 /ejn/AtlasSelection.aspx -
2014-12-31 /ejn/AtlasChooseAuthority.aspx -
2014-12-31 /ejn/AtlasChooseAuthority.aspx/GetLocations -
2014-12-31 /ejn/AtlasChooseAuthority.aspx/GetLocations -
2014-12-31 /ejn/AtlasChooseAuthority.aspx -
2014-12-31 /ejn/AtlasAuthorityData.aspx Id=4237
2014-12-31 /ejn/EJN_Home.aspx -
2014-12-31 /ejn/ -
2014-12-31 /atlas_advanced_old.aspx ctyCode=PT
2014-12-31 /ejn/EJN_Home.aspx -
2014-12-31 /NewsDetail.aspx id=186&Ori=H
2014-12-31 /NewsDetail.aspx id=193&Ori=H
2014-12-31 /NewsDetail.aspx id=207&Ori=H
2014-12-31 /NewsDetail.aspx id=341&Ori=H
2014-12-31 /ejn/ -
2014-12-31 /atlas_advanced_old.aspx ctyCode=ES
2014-12-31 /Events.aspx event=322
2014-12-31 /ejn/NewsDetail.aspx id=346&Ori=H
2014-12-31 /ejn/Events.aspx event=64
2014-12-31 /ejn/EJN_Home.aspx -
2014-12-31 /ejn/ejn_home.aspx -
2014-12-31 /ejn/EJN_Home.aspx -
2014-12-31 /ejn/ -
2014-12-31 /ejn/ -
2014-12-31 /ejn/libshowdocument.aspx Id=219&Lang=SL
2014-12-31 /ejn/EJN_Home.aspx -
2014-12-31 /ejn/ -
2014-12-31 /ejn/EJN_Home.aspx -
2014-12-31 /ejn/ -
2014-12-31 /ejn/EJN_Home.aspx -
2014-12-31 /ejn/EJN_Home.aspx -
2014-12-31 /ejn/EJN_AtlasAdvanced.aspx -
2014-12-31 /ejn/ -
2014-12-31 /ejn/ -
2014-12-31 /ejn/EJN_InfoAbout.aspx Id=279
2014-12-31 /ejn/EJN_Home.aspx -
2014-12-31 /ejn/ -
2014-12-31 /ejn/EJN_Home.aspx -
2014-12-31 /ejn/EJN_Home.aspx -
2014-12-31 /ejn/Events.aspx event=130
2014-12-31 /ejn/EJN_Home.aspx -
2014-12-31 /ejn/EJN_Search.aspx -
2014-12-31 /ejn/EJN_Home.aspx -
2014-12-31 /ejn/EJN_Home.aspx -
2014-12-31 /ejn/ -
2014-12-31 /ejn/EJN_Home.aspx -
2014-12-31 /ejn/EJN_Home.aspx -
2014-12-31 /ejn/ -
2014-12-31 /ejn/EJN_Home.aspx -
2014-12-31 /ejn/EJN_AtlasAdvanced.aspx -
2014-12-31 /ejn/EJN_Home.aspx -
2014-12-31 /ejn/EJN_AtlasAdvanced.aspx -
2014-12-31 /ejn/ -
2014-12-31 /ejn/ -
2014-12-31 /ejn/EJN_AtlasAdvanced.aspx -
2014-12-31 /ejn/EJN_AtlasAdvanced.aspx -
2014-12-31 /ejn/ -
2014-12-31 /ejn/EJN_AtlasAdvanced.aspx -
2014-12-31 /ejn/EJN_Home.aspx -
2014-12-31 /ejn/EJN_AtlasAdvanced.aspx -
2014-12-31 /ejn/EJN_AtlasAdvanced.aspx -
2014-12-31 /ejn/ -
2014-12-31 /ejn/EJN_Home.aspx -
2014-12-31 /ejn/libshowdocument.aspx Id=13&Lang=LV
2014-12-31 /ejn/ -
2014-12-31 /ejn/EJN_AtlasAdvanced.aspx -
2014-12-31 /ejn/EJN_Home.aspx -
2014-12-31 /ejn/EJN_StaticPage.aspx Bread=12
2014-12-31 /ejn/EJN_Home.aspx -
2014-12-31 /ejn/AtlasChooseAuthority.aspx -
2014-12-31 /ejn/EJN_Error.aspx -
2014-12-31 /ejn/EJN_AtlasAdvanced.aspx -
2014-12-31 /ejn/ -
2014-12-31 /ejn/ -
2014-12-31 /ejn/EJN_AtlasAdvanced.aspx -
2014-12-31 /ejn/EJN_Home.aspx -
2014-12-31 /ejn/EJN_Home.aspx -
2014-12-31 /ejn/ -
2014-12-31 /ejn/EJN_Home.aspx -
2014-12-31 /ejn/EJN_AtlasAdvanced.aspx -
2014-12-31 /ejn/NewsDetail.aspx id=341&Ori=H
2014-12-31 /ejn/EJN_AtlasAdvanced.aspx -
2014-12-31 /ejn/ -
2014-12-31 /ejn/EJN_Home.aspx -
2014-12-31 /ejn/ -
2014-12-31 /ejn/EJN_AtlasAdvanced.aspx -
2014-12-31 /ejn/ -
2014-12-31 /ejn/ -
2014-12-31 /ejn/EJN_AtlasAdvanced.aspx -
2014-12-31 /ejn/EJN_AtlasAdvanced.aspx -
2014-12-31 /ejn/ -
2014-12-31 /ejn/EJN_Home.aspx -
2014-12-31 /ejn/EJN_AtlasAdvanced.aspx -
2014-12-31 /ejn/ -
2014-12-31 /ejn/EJN_Home.aspx -
2014-12-31 /ejn/ -
2014-12-31 /ejn/EJN_AtlasAdvanced.aspx -
2014-12-31 /ejn/libshowdocument.aspx Id=13&Lang=LV
2014-12-31 /ejn/ -
2014-12-31 /ejn/EJN_Home.aspx -
2014-12-31 /ejn/ -
2014-12-31 /ejn/EJN_AtlasAdvanced.aspx -
2014-12-31 /ejn/EJN_AtlasAdvanced.aspx -
2014-12-31 /ejn/AtlasChooseMeasure.aspx Mp=1&Cou=ES&Type=2
2014-12-31 /ejn/EJN_Home.aspx -
2014-12-31 /ejn/ -
2014-12-31 /ejn/EJN_AtlasAdvanced.aspx -
2014-12-31 /ejn/ -
2014-12-31 /ejn/EJN_AtlasAdvanced.aspx -
2014-12-31 /ejn/EJN_Home.aspx -
2014-12-31 /ejn/ -
2014-12-31 /ejn/EJN_Home.aspx -
2014-12-31 /ejn/ -
2014-12-31 /ejn/libcategories.aspx Id=85
2014-12-31 /ejn/EJN_Home.aspx -
2014-12-31 /ejn/EJN_Home.aspx -
2014-12-31 /ejn/libcategories.aspx -
2014-12-31 /ejn/libcategories.aspx Id=5
2014-12-31 /ejn/libdocumentproperties.aspx Id=1113
2014-12-31 /ejn/libshowdocument.aspx Id=431&Lang=ES
2014-12-31 /ejn/ -
2014-12-31 /ejn/EJN_AtlasAdvanced.aspx -
2014-12-31 /ejn/libshowdocument.aspx Id=431&Lang=EN
2014-12-31 /ejn/libshowdocument.aspx Id=1499&Lang=ES
2014-12-31 /ejn/EJN_StaticPage.aspx Bread=20
2014-12-31 /ejn/EJN_Home.aspx -
2014-12-31 /ejn/libdocumentproperties.aspx Id=1114
2014-12-31 /ejn/libcategories.aspx Id=2
2014-12-31 /ejn/libcategories.aspx Id=6
2014-12-31 /ejn/libcategories.aspx Id=85
2014-12-31 /ejn/libcategories.aspx Id=85
2014-12-31 /ejn/libcategories.aspx Id=1
2014-12-31 /ejn/libcategories.aspx Id=19
2014-12-31 /ejn/libcategories.aspx Id=21
2014-12-31 /ejn/EJN_AtlasAdvanced.aspx -
2014-12-31 /ejn/ -
2014-12-31 /ejn/libshowdocument.aspx Id=1&Lang=DE
2014-12-31 /ejn/EJN_Home.aspx -
2014-12-31 /ejn/EJN_Home.aspx -
2014-12-31 /ejn/ -
2014-12-31 /ejn/EJN_AtlasAdvanced.aspx -
2014-12-31 /compendium.aspx -
2014-12-31 /ejn/EJN_AtlasAdvanced.aspx -
2014-12-31 /ejn/ -
2014-12-31 /ejn/EJN_AtlasAdvanced.aspx -
2014-12-31 /ejn/ -
2014-12-31 /ejn/ -
2014-12-31 /ejn/EJN_Home.aspx -
2014-12-31 /ejn/ -
2014-12-31 /ejn/EJN_AtlasAdvanced.aspx -
2014-12-31 /ejn/EJN_AtlasAdvanced.aspx -
2014-12-31 /ejn/ -
2014-12-31 /ejn/EJN_StaticPage.aspx Bread=35
2014-12-31 /ejn/EJN_Home.aspx -
2014-12-31 /ejn/EJN_Home.aspx -
2014-12-31 /ejn/EJN_Home.aspx -
2014-12-31 /ejn/ -
2014-12-31 /ejn/NewsAll.aspx -
2014-12-31 /ejn/EJN_Home.aspx -
2014-12-31 /ejn/libshowdocument.aspx Id=13&Lang=LV
2014-12-31 /ejn/ -
2014-12-31 /ejn/EJN_Home.aspx -
2014-12-31 /ejn/ -
2014-12-31 /ejn/EJN_AtlasAdvanced.aspx -
2014-12-31 /ejn/EJN_Home.aspx -
2014-12-31 /ejn/EJN_Home.aspx -
2014-12-31 /ejn/ -
2014-12-31 /ejn/EJN_Home.aspx -
2014-12-31 /ejn/NewsDetail.aspx id=346&Ori=H
2014-12-31 /ejn/EJN_Home.aspx -
2014-12-31 /ejn/ -
2014-12-31 /ejn/EJN_AtlasAdvanced.aspx -
2014-12-31 /ejn/EJN_Home.aspx -
2014-12-31 /news-detail.aspx anunID=14
2014-12-31 /ejn/EJN_Home.aspx -
2014-12-31 /ejn/ -
2014-12-31 /ejn/AtlasChooseMeasure.aspx MP=0&Cou=369
2014-12-31 /ejn/ -
2014-12-31 /ejn/EJN_Home.aspx -
2014-12-31 /ejn/EJN_Home.aspx -
2014-12-31 /ejn/EJN_AtlasAdvanced.aspx -
2014-12-31 /ejn/ -
2014-12-31 /ejn/EJN_Home.aspx -
