2014-11-16 /ejn/Events.aspx event=219
2014-11-16 /ejn/ejn_home.aspx -
2014-11-16 /ejn/NewsDetail.aspx id=99&Ori=H
2014-11-16 /ejn/NewsDetail.aspx id=319&Ori=H
2014-11-16 /ejn/NewsDetail.aspx id=287&Ori=H
2014-11-16 /ejn/NewsDetail.aspx id=262&Ori=H
2014-11-16 /ejn/NewsDetail.aspx id=243&Ori=H
2014-11-16 /ejn/NewsDetail.aspx id=203&Ori=H
2014-11-16 /ejn/NewsDetail.aspx id=201&Ori=H
2014-11-16 /ejn/Events.aspx event=302
2014-11-16 /ejn/Events.aspx event=263
2014-11-16 /ejn/Events.aspx event=223
2014-11-16 /ejn/NewsDetail.aspx id=315&Ori=H
2014-11-16 /ejn/Events.aspx event=259
2014-11-16 /ejn/ -
2014-11-16 /ejn/ -
2014-11-16 /ejn/Events.aspx event=218
2014-11-16 /ejn/NewsDetail.aspx id=313&Ori=H
2014-11-16 /ejn/NewsDetail.aspx id=242&Ori=H
2014-11-16 /ejn/NewsDetail.aspx id=200&Ori=H
2014-11-16 /ejn/Events.aspx event=303
2014-11-16 /ejn/EJN_Home.aspx -
2014-11-16 /ejn/EJN_AtlasAdvanced.aspx -
2014-11-16 /ejn/ -
2014-11-16 /NewsDetail.aspx id=319&Ori=H
2014-11-16 /ejn/ -
2014-11-16 /ejn/EJN_AtlasAdvanced.aspx -
2014-11-16 /ejn/EJN_Home.aspx -
2014-11-16 /ejn/EJN_Home.aspx -
2014-11-16 /ejn/EJN_Home.aspx -
2014-11-16 /ejn/Events.aspx event=296
2014-11-16 /ejn/EJN_StaticPage.aspx Bread=1
2014-11-16 /ejn/EJN_Home.aspx -
2014-11-16 /ejn/NewsDetail.aspx id=305&Ori=H
2014-11-16 /ejn/ -
2014-11-16 /ejn/EJN_EAWWizard.aspx -
2014-11-16 /ejn/EJN_Home.aspx -
2014-11-16 /ejn/EJN_AtlasAdvanced.aspx -
2014-11-16 /ejn/EJN_Home.aspx -
2014-11-16 /ejn/libshowdocument.aspx Id=221&Lang=PT
2014-11-16 /ejn/ -
2014-11-16 /ejn/EJN_AtlasAdvanced.aspx -
2014-11-16 /ejn/EJN_Home.aspx -
2014-11-16 /ejn/EJN_Home.aspx -
2014-11-16 /ejn/EJN_Home.aspx -
2014-11-16 /ejn/EJN_Home.aspx -
2014-11-16 /ejn/libshowdocument.aspx Id=222&Lang=LT
2014-11-16 /ejn/EJN_Home.aspx -
2014-11-16 /ejn/ -
2014-11-16 /ejn/ -
2014-11-16 /ejn/EJN_AtlasAdvanced.aspx -
2014-11-16 /ejn/EJN_Home.aspx -
2014-11-16 /ejn/ -
2014-11-16 /ejn/EJN_AtlasAdvanced.aspx -
2014-11-16 /ejn/EJN_Home.aspx -
2014-11-16 /ejn/ -
2014-11-16 /ejn/ -
2014-11-16 /ejn/EJN_ContactUs.aspx &KeepThis=true&
2014-11-16 /ejn/EJN_Home.aspx -
2014-11-16 /ejn/NewsDetail.aspx id=73&Ori=H
2014-11-16 /ejn/EJN_Home.aspx -
2014-11-16 /ejn/ -
2014-11-16 /ejn/EJN_AtlasAdvanced.aspx -
2014-11-16 /ejn/ -
2014-11-16 /ejn/EJN_Home.aspx -
2014-11-16 /ejn/EJN_AtlasAdvanced.aspx -
2014-11-16 /ejn/EJN_StaticPage.aspx Bread=2
2014-11-16 /ejn/EJN_Home.aspx -
2014-11-16 /ejn/Events.aspx event=308
2014-11-16 /ejn/ -
2014-11-16 /ejn/EJN_AtlasAdvanced.aspx -
2014-11-16 /ejn/EJN_Home.aspx -
2014-11-16 /ejn/EJN_StaticPage.aspx Bread=5
2014-11-16 /ejn/EJN_Home.aspx -
2014-11-16 /ejn/EJN_Home.aspx -
2014-11-16 /ejn/ -
2014-11-16 /ejn/libcategories.aspx Id=14
2014-11-16 /ejn/EJN_Home.aspx -
2014-11-16 /ejn/libcategories.aspx -
2014-11-16 /ejn/EJN_Home.aspx -
2014-11-16 /ejn/libcategories.aspx Id=21
2014-11-16 /ejn/EJN_Home.aspx -
2014-11-16 /ejn/ -
2014-11-16 /ejn/EJN_Home.aspx -
2014-11-16 /ejn/ -
2014-11-16 /ejn/EJN_AtlasAdvanced.aspx -
2014-11-16 /ejn/EJN_Home.aspx -
2014-11-16 /ejn/ -
2014-11-16 /ejn/EJN_Home.aspx -
2014-11-16 /ejn/NewsDetail.aspx id=309&Ori=H
2014-11-16 /ejn/ -
2014-11-16 /ejn/EJN_Faqs.aspx -
2014-11-16 /ejn/sitemap.aspx -
2014-11-16 /ejn/ejn_home.aspx -
2014-11-16 /ejn/EJN_StaticPage.aspx Bread=4
2014-11-16 /ejn/EJN_StaticPage.aspx Bread=8
2014-11-16 /ejn/EJN_ContactUs.aspx &KeepThis=true&TB_iframe=true&height=650&width=900
2014-11-16 /ejn/EJN_StaticPage.aspx Bread=7
2014-11-16 /ejn/EJN_Home.aspx -
2014-11-16 /ejn/ -
2014-11-16 /ejn/EJN_Search.aspx -
2014-11-16 /ejn/EJN_StaticPage.aspx Bread=9
2014-11-16 /ejn/libcategories.aspx Id=25
2014-11-16 /ejn/libcategories.aspx Id=32
2014-11-16 /ejn/libcategories.aspx Id=14
2014-11-16 /ejn/EJN_StaticPage.aspx Bread=2
2014-11-16 /ejn/libcategories.aspx Id=24
2014-11-16 /ejn/EJN_StaticPage.aspx Bread=39
2014-11-16 /ejn/AtlasChooseMeasure.aspx MP=1&Cou=UK&Type=2
2014-11-16 /ejn/libcategories.aspx Id=34
2014-11-16 /ejn/EJN_StaticPage.aspx Bread=10
2014-11-16 /ejn/EJN_StaticPage.aspx Bread=14
2014-11-16 /ejn/EJN_Secretariat.aspx -
2014-11-16 /ejn/EJN_StaticPage.aspx Bread=28
2014-11-16 /ejn/EJN_StaticPage.aspx Bread=27
2014-11-16 /ejn/EJN_StaticPage.aspx Bread=16
2014-11-16 /ejn/EJN_StaticPage.aspx Bread=21
2014-11-16 /ejn/EJN_StaticPage.aspx Bread=13
2014-11-16 /ejn/EJN_StaticPage.aspx Bread=17
2014-11-16 /ejn/Gallery.aspx -
2014-11-16 /ejn/NewsDetail.aspx id=309&Ori=H
2014-11-16 /ejn/EJN_StaticPage.aspx Bread=35
2014-11-16 /ejn/EJN_StaticPage.aspx Bread=31
2014-11-16 /ejn/EJN_StaticPage.aspx Bread=25
2014-11-16 /ejn/EJN_StaticPage.aspx Bread=33
2014-11-16 /ejn/EJN_StaticPage.aspx Bread=24
2014-11-16 /ejn/EJN_StaticPage.aspx Bread=20
2014-11-16 /ejn/EJN_StaticPage.aspx Bread=30
2014-11-16 /ejn/EJN_StaticPage.aspx Bread=18
2014-11-16 /ejn/EJN_StaticPage.aspx Bread=34
2014-11-16 /ejn/EJN_StaticPage.aspx Bread=32
2014-11-16 /ejn/NewsDetail.aspx id=309&Ori=H
2014-11-16 /ejn/EJN_StaticPage.aspx Bread=23
2014-11-16 /ejn/NewsDetail.aspx id=326&Ori=H
2014-11-16 /ejn/EJN_StaticPage.aspx Bread=19
2014-11-16 /ejn/EJN_StaticPage.aspx Bread=36
2014-11-16 /ejn/EJN_StaticPage.aspx Bread=22
2014-11-16 /ejn/EJN_StaticPage.aspx Bread=38
2014-11-16 /ejn/NewsDetail.aspx id=315&Ori=H
2014-11-16 /ejn/EJN_StaticPage.aspx Bread=26
2014-11-16 /ejn/NewsDetail.aspx id=319&Ori=H
2014-11-16 /ejn/EJN_StaticPage.aspx Bread=37
2014-11-16 /ejn/libcategories.aspx Id=14
2014-11-16 /ejn/NewsDetail.aspx id=298&Ori=H
2014-11-16 /ejn/ -
2014-11-16 /ejn/NewsDetail.aspx id=321&Ori=H
2014-11-16 /ejn/NewsDetail.aspx id=300&Ori=H
2014-11-16 /ejn/NewsDetail.aspx id=299&Ori=H
2014-11-16 /ejn/Events.aspx id=7
2014-11-16 /ejn/Events.aspx id=6
2014-11-16 /ejn/NewsDetail.aspx id=312&Ori=H
2014-11-16 /ejn/Events.aspx event=273
2014-11-16 /ejn/NewsDetail.aspx id=305&Ori=H
2014-11-16 /ejn/NewsDetail.aspx id=309&Ori=H
2014-11-16 /ejn/NewsAll.aspx Id=3
2014-11-16 /ejn/Events.aspx Id=6
2014-11-16 /ejn/NewsAll.aspx Id=5
2014-11-16 /ejn/Events.aspx Id=7
2014-11-16 /ejn/NewsAll.aspx Id=4
2014-11-16 /ejn/Events.aspx event=296
2014-11-16 /ejn/Events.aspx event=281
2014-11-16 /ejn/NewsAll.aspx Id=2
2014-11-16 /ejn/NewsAll.aspx Id=1
2014-11-16 /ejn/NewsAll.aspx -
2014-11-16 /ejn/EJN_InfoAbout.aspx Id=239
2014-11-16 /ejn/EJN_InfoAbout.aspx Id=432
2014-11-16 /ejn/EJN_InfoAbout.aspx Id=223
2014-11-16 /ejn/Events.aspx -
2014-11-16 /ejn/EJN_InfoAbout.aspx Id=258
2014-11-16 /ejn/EJN_InfoAbout.aspx Id=230
2014-11-16 /ejn/EJN_SubscribeNewsLetter.aspx -
2014-11-16 /ejn/EJN_InfoAbout.aspx Id=273
2014-11-16 /ejn/EJN_InfoAbout.aspx Id=293
2014-11-16 /ejn/EJN_InfoAbout.aspx Id=295
2014-11-16 /ejn/EJN_InfoAbout.aspx Id=260
2014-11-16 /ejn/EJN_InfoAbout.aspx Id=269
2014-11-16 /ejn/EJN_InfoAbout.aspx Id=259
2014-11-16 /ejn/EJN_InfoAbout.aspx Id=272
2014-11-16 /ejn/EJN_InfoAbout.aspx Id=279
2014-11-16 /ejn/EJN_InfoAbout.aspx Id=277
2014-11-16 /ejn/EJN_InfoAbout.aspx Id=287
2014-11-16 /ejn/EJN_AtlasAdvanced.aspx -
2014-11-16 /ejn/EJN_InfoAbout.aspx Id=354
2014-11-16 /ejn/EJN_InfoAbout.aspx Id=337
2014-11-16 /ejn/EJN_InfoAbout.aspx Id=351
2014-11-16 /ejn/EJN_InfoAbout.aspx Id=314
2014-11-16 /ejn/EJN_InfoAbout.aspx Id=307
2014-11-16 /ejn/EJN_InfoAbout.aspx Id=321
2014-11-16 /ejn/EJN_InfoAbout.aspx Id=313
2014-11-16 /ejn/EJN_InfoAbout.aspx Id=369
2014-11-16 /ejn/EJN_InfoAbout.aspx Id=368
2014-11-16 /ejn/EJN_InfoAbout.aspx Id=352
2014-11-16 /ejn/EJN_InfoAbout.aspx Id=215
2014-11-16 /ejn/EJN_InfoAbout.aspx Id=433
2014-11-16 /ejn/EJN_InfoAbout.aspx Id=378
2014-11-16 /ejn/EJN_InfoAbout.aspx Id=434
2014-11-16 /ejn/EJN_InfoAbout.aspx Id=288
2014-11-16 /ejn/EJN_InfoAbout.aspx Id=395
2014-11-16 /ejn/EJN_InfoAbout.aspx Id=364
2014-11-16 /ejn/EJN_InfoAbout.aspx Id=389
2014-11-16 /ejn/EJN_InfoAbout.aspx Id=435
2014-11-16 /ejn/EJN_InfoAbout.aspx Id=373
2014-11-16 /ejn/EJN_InfoAbout.aspx Id=342
2014-11-16 /ejn/EJN_InfoAbout.aspx Id=430
2014-11-16 /ejn/EJN_Login.aspx -
2014-11-16 /ejn/AtlasChooseCountry.aspx Type=2
2014-11-16 /ejn/EJN_Compendium.aspx -
2014-11-16 /ejn/EJN_StaticPage.aspx Bread=1
2014-11-16 /ejn/EJN_StaticPage.aspx Bread=3
2014-11-16 /ejn/EJN_EAWWizard.aspx -
2014-11-16 /ejn/AtlasChooseCountry.aspx Type=1
2014-11-16 /ejn/EJN_FichesBelges.aspx -
2014-11-16 /ejn/EJN_StaticPage.aspx Bread=30
2014-11-16 /ejn/EJN_QuickLinks.aspx -
2014-11-16 /ejn/EJN_QuickLinks.aspx id=27
2014-11-16 /ejn/EJN_QuickLinks.aspx id=28
2014-11-16 /ejn/EJN_QuickLinks.aspx id=23
2014-11-16 /ejn/EJN_QuickLinks.aspx id=25
2014-11-16 /ejn/EJN_QuickLinks.aspx id=26
2014-11-16 /ejn/EJN_QuickLinks.aspx id=24
2014-11-16 /ejn/EJN_StaticPage.aspx Bread=12
2014-11-16 /ejn/libcategories.aspx -
2014-11-16 /ejn/EJN_StaticPage.aspx Bread=11
2014-11-16 /ejn/EJN_Home.aspx -
2014-11-16 /ejn/EJN_Faqs.aspx cat=1
2014-11-16 /ejn/ejn_staticpage.aspx Bread=7
2014-11-16 /ejn/libcategories.aspx Id=2
2014-11-16 /ejn/EJN_StaticPage.aspx Bread=5
2014-11-16 /ejn/ejn_staticpage.aspx Bread=8
2014-11-16 /ejn/EJN_Faqs.aspx cat=2
2014-11-16 /ejn/ejn_staticpage.aspx Bread=4
2014-11-16 /ejn/ejn_search.aspx -
2014-11-16 /ejn/ejn_faqs.aspx -
2014-11-16 /ejn/libdocumentproperties.aspx Id=99
2014-11-16 /ejn/libadvancedsearch.aspx -
2014-11-16 /ejn/libshowdocument.aspx Id=99&Lang=CS
2014-11-16 /ejn/libshowdocument.aspx Id=99&Lang=DE
2014-11-16 /ejn/libshowdocument.aspx Id=99&Lang=DK
2014-11-16 /ejn/libshowdocument.aspx Id=99&Lang=EL
2014-11-16 /ejn/libcategories.aspx id=1
2014-11-16 /ejn/libshowdocument.aspx Id=99&Lang=BG
2014-11-16 /ejn/libshowdocument.aspx Id=99&Lang=LT
2014-11-16 /ejn/libshowdocument.aspx Id=99&Lang=EN
2014-11-16 /ejn/libshowdocument.aspx Id=99&Lang=LV
2014-11-16 /ejn/libshowdocument.aspx Id=99&Lang=ET
2014-11-16 /ejn/libshowdocument.aspx Id=99&Lang=IT
2014-11-16 /ejn/libshowdocument.aspx Id=99&Lang=FI
2014-11-16 /ejn/libshowdocument.aspx Id=99&Lang=ES
2014-11-16 /ejn/libshowdocument.aspx Id=99&Lang=FR
2014-11-16 /ejn/libshowdocument.aspx Id=99&Lang=HU
2014-11-16 /ejn/libshowdocument.aspx Id=99&Lang=HR
2014-11-16 /ejn/libshowdocument.aspx Id=99&Lang=MT
2014-11-16 /ejn/libshowdocument.aspx Id=99&Lang=NL
2014-11-16 /ejn/libshowdocument.aspx Id=3&Lang=BG
2014-11-16 /ejn/libshowdocument.aspx Id=99&Lang=RO
2014-11-16 /ejn/libshowdocument.aspx Id=99&Lang=SK
2014-11-16 /ejn/libdocumentproperties.aspx Id=3
2014-11-16 /ejn/libshowdocument.aspx Id=99&Lang=SL
2014-11-16 /ejn/libshowdocument.aspx Id=99&Lang=PT
2014-11-16 /ejn/libshowdocument.aspx Id=99&Lang=PL
2014-11-16 /ejn/libshowdocument.aspx Id=99&Lang=SV
2014-11-16 /ejn/libshowdocument.aspx Id=3&Lang=EL
2014-11-16 /ejn/libshowdocument.aspx Id=3&Lang=ES
2014-11-16 /ejn/libshowdocument.aspx Id=3&Lang=CS
2014-11-16 /ejn/libshowdocument.aspx Id=3&Lang=FR
2014-11-16 /ejn/libshowdocument.aspx Id=3&Lang=EN
2014-11-16 /ejn/libshowdocument.aspx Id=3&Lang=HU
2014-11-16 /ejn/libshowdocument.aspx Id=3&Lang=FI
2014-11-16 /ejn/libshowdocument.aspx Id=3&Lang=DE
2014-11-16 /ejn/libshowdocument.aspx Id=3&Lang=ET
2014-11-16 /ejn/libshowdocument.aspx Id=3&Lang=DK
2014-11-16 /ejn/libshowdocument.aspx Id=3&Lang=NL
2014-11-16 /ejn/libshowdocument.aspx Id=3&Lang=PT
2014-11-16 /ejn/libshowdocument.aspx Id=3&Lang=IT
2014-11-16 /ejn/libshowdocument.aspx Id=3&Lang=PL
2014-11-16 /ejn/libshowdocument.aspx Id=3&Lang=LT
2014-11-16 /ejn/libshowdocument.aspx Id=3&Lang=LV
2014-11-16 /ejn/libshowdocument.aspx Id=3&Lang=SL
2014-11-16 /ejn/libshowdocument.aspx Id=3&Lang=SK
2014-11-16 /ejn/libshowdocument.aspx Id=3&Lang=RO
2014-11-16 /ejn/libshowdocument.aspx Id=3&Lang=MT
2014-11-16 /ejn/libshowdocument.aspx Id=3&Lang=SV
2014-11-16 /ejn/EJN_Home.aspx -
2014-11-16 /ejn/EJN_Home.aspx -
2014-11-16 /ejn/NewsDetail.aspx id=157&Ori=H
2014-11-16 /ejn/EJN_Home.aspx -
2014-11-16 /ejn/EJN_StaticPage.aspx Bread=14
2014-11-16 /ejn/EJN_Home.aspx -
2014-11-16 /ejn/EJN_Home.aspx -
2014-11-16 /atlas_advanced.aspx -
2014-11-16 /atlas_advanced.aspx -
2014-11-16 /ejn/EJN_Home.aspx -
2014-11-16 /ejn/EJN_Home.aspx -
2014-11-16 /ejn/EJN_Home.aspx -
2014-11-16 /ejn/ -
2014-11-16 /atlas_advanced.aspx -
2014-11-16 /atlas_advanced.aspx -
2014-11-16 /ejn/EJN_StaticPage.aspx Bread=12
2014-11-16 /ejn/EJN_Home.aspx -
2014-11-16 /ejn/AtlasChooseCountry.aspx -
2014-11-16 /ejn/EJN_Home.aspx -
2014-11-16 /ejn/ -
2014-11-16 /ejn/ -
2014-11-16 /ejn/EJN_AtlasAdvanced.aspx -
2014-11-16 /ejn/EJN_StaticPage.aspx Bread=7
2014-11-16 /ejn/EJN_Home.aspx -
2014-11-16 /ejn/EJN_Home.aspx -
2014-11-16 /ejn/EJN_StaticPage.aspx Bread=12
2014-11-16 /ejn/EJN_Home.aspx -
2014-11-16 /Events.aspx event=307
2014-11-16 /ejn/ -
2014-11-16 /ejn/NewsDetail.aspx id=207&Ori=H
2014-11-16 /ejn/EJN_Home.aspx -
2014-11-16 /ejn/EJN_AtlasAdvanced.aspx -
2014-11-16 /ejn/ -
2014-11-16 /ejn/EJN_Home.aspx -
2014-11-16 /ejn/EJN_Home.aspx -
2014-11-16 /ejn/EJN_Home.aspx -
2014-11-16 /ejn/Events.aspx id=7
2014-11-16 /ejn/EJN_Home.aspx -
2014-11-16 /ejn/EJN_Home.aspx -
2014-11-16 /ejn/EJN_Home.aspx -
2014-11-16 /ejn/EJN_Home.aspx -
2014-11-16 /ejn/EJN_Home.aspx -
2014-11-16 /ejn/EJN_Home.aspx -
2014-11-16 /ejn/EJN_Home.aspx -
2014-11-16 /ejn/EJN_Home.aspx -
2014-11-16 /ejn/libcategories.aspx Id=14
2014-11-16 /ejn/EJN_Home.aspx -
2014-11-16 /ejn/EJN_Home.aspx -
2014-11-16 /ejn/ -
2014-11-16 /ejn/EJN_AtlasAdvanced.aspx -
2014-11-16 /ejn/EJN_Home.aspx -
2014-11-16 /ejn/ -
2014-11-16 /ejn/ejn_home.aspx -
2014-11-16 /ejn/ -
2014-11-16 /ejn/EJN_AtlasAdvanced.aspx -
2014-11-16 /ejn/Events.aspx id=7
2014-11-16 /ejn/EJN_Home.aspx -
2014-11-16 /ejn/EJN_Home.aspx -
2014-11-16 /ejn/EJN_Home.aspx -
2014-11-16 /ejn/EJN_Home.aspx -
2014-11-16 /ejn/EJN_Home.aspx -
2014-11-16 /ejn/EJN_Home.aspx -
2014-11-16 /ejn/EJN_FichesBelges.aspx -
2014-11-16 /ejn/EJN_Home.aspx -
2014-11-16 /ejn/ -
2014-11-16 /ejn/EJN_Home.aspx -
2014-11-16 /ejn/EJN_StaticPage.aspx Bread=30
2014-11-16 /Events.aspx event=311
2014-11-16 /ejn/EJN_StaticPage.aspx Bread=12
2014-11-16 /ejn/ -
2014-11-16 /ejn/ -
2014-11-16 /ejn/EJN_AtlasAdvanced.aspx -
2014-11-16 /ejn/EJN_Home.aspx -
2014-11-16 /ejn/EJN_StaticPage.aspx Bread=9
2014-11-16 /ejn/ -
2014-11-16 /ejn/EJN_AtlasAdvanced.aspx -
2014-11-16 /ejn/ -
2014-11-16 /ejn/EJN_Secretariat.aspx -
2014-11-16 /ejn/EJN_Home.aspx -
2014-11-16 /ejn/EJN_Home.aspx -
2014-11-16 /ejn/EJN_Home.aspx -
2014-11-16 /ejn/EJN_Home.aspx -
2014-11-16 /ejn/EJN_Home.aspx -
2014-11-16 /ejn/Events.aspx id=7
2014-11-16 /ejn/EJN_Home.aspx -
2014-11-16 /ejn/EJN_Home.aspx -
2014-11-16 /ejn/EJN_Home.aspx -
2014-11-16 /ejn/EJN_Home.aspx -
2014-11-16 /ejn/EJN_Home.aspx -
2014-11-16 /ejn/EJN_Home.aspx -
2014-11-16 /ejn/ -
2014-11-16 /ejn/EJN_Home.aspx -
2014-11-16 /ejn_home.aspx -
2014-11-16 /ejn/EJN_Home.aspx -
2014-11-16 /ejn/ -
2014-11-16 /ejn/ -
2014-11-16 /ejn/ -
2014-11-16 /ejn/ -
2014-11-16 /ejn/EJN_AtlasAdvanced.aspx -
2014-11-16 /ejn/EJN_Home.aspx -
2014-11-16 /ejn/ -
2014-11-16 /ejn/ejn_home.aspx -
2014-11-16 /ejn/EJN_StaticPage.aspx Bread=12
2014-11-16 /ejn/libcategories.aspx Id=14
2014-11-16 /ejn/libshowdocument.aspx Id=1&Lang=EN
2014-11-16 /ejn/EJN_AtlasAdvanced.aspx -
2014-11-16 /ejn/EJN_Home.aspx -
2014-11-16 /ejn/EJN_StaticPage.aspx Bread=10
2014-11-16 /ejn/EJN_Home.aspx -
2014-11-16 /ejn/ejn_infoabout.aspx -
2014-11-16 /ejn/EJN_Home.aspx -
2014-11-16 /ejn/ejn_home.aspx -
2014-11-16 /ejn/EJN_InfoAbout.aspx Id=239
2014-11-16 /ejn/EJN_Home.aspx -
2014-11-16 /contact-us.aspx -
2014-11-16 /ejn/EJN_Home.aspx -
2014-11-16 /ejn/EJN_Home.aspx -
2014-11-16 /ejn/ -
2014-11-16 /ejn/EJN_AtlasAdvanced.aspx -
2014-11-16 /ejn/EJN_Home.aspx -
2014-11-16 /ejn/ -
2014-11-16 /ejn/ -
2014-11-16 /ejn/ -
2014-11-16 /ejn/EJN_Home.aspx -
2014-11-16 /ejn/EJN_AtlasAdvanced.aspx -
2014-11-16 /ejn/EJN_Home.aspx -
2014-11-16 /ejn/ -
2014-11-16 /ejn/ -
2014-11-16 /ejn/libcategories.aspx Id=24
2014-11-16 /ejn/EJN_Home.aspx -
2014-11-16 /ejn/EJN_Home.aspx -
2014-11-16 /ejn/NewsDetail.aspx id=243&Ori=H
2014-11-16 /ejn/EJN_Home.aspx -
2014-11-16 /ejn/ -
2014-11-16 /ejn/EJN_StaticPage.aspx Bread=10
2014-11-16 /ejn/EJN_Login.aspx -
2014-11-16 /ejn/EJN_StaticPage.aspx Bread=14
2014-11-16 /ejn/ -
2014-11-16 /ejn/ -
2014-11-16 /ejn/EJN_AtlasAdvanced.aspx -
2014-11-16 /ejn/EJN_Home.aspx -
2014-11-16 /ejn/ -
2014-11-16 /ejn/ -
2014-11-16 /ejn/libshowdocument.aspx Id=1276&Lang=EL
2014-11-16 /ejn/ -
2014-11-16 /ejn/ -
2014-11-16 /ejn/EJN_InfoAbout.aspx Id=430
2014-11-16 /ejn/libshowdocument.aspx Id=1276&Lang=EL
2014-11-16 /ejn/EJN_AtlasAdvanced.aspx -
2014-11-16 /ejn/EJN_Home.aspx -
2014-11-16 /ejn/ -
2014-11-16 /ejn/ -
2014-11-16 /ejn/EJN_Home.aspx -
2014-11-16 /ejn/EJN_Home.aspx -
2014-11-16 /ejn/ -
2014-11-16 /ejn/EJN_QuickLinks.aspx id=23
2014-11-16 /ejn/EJN_Home.aspx -
2014-11-16 /ejn/NewsAll.aspx Id=3
2014-11-16 /ejn/EJN_Home.aspx -
2014-11-16 /ejn/ -
2014-11-16 /ejn/EJN_AtlasAdvanced.aspx -
2014-11-16 /ejn/ -
2014-11-16 /ejn/EJN_Home.aspx -
2014-11-16 /ejn/EJN_Home.aspx -
2014-11-16 /ejn/ -
2014-11-16 /ejn/AtlasChooseMeasure.aspx Mp=1&Cou=ES&Type=2
2014-11-16 /ejn/ -
2014-11-16 /ejn/EJN_FichesBelges.aspx -
2014-11-16 /ejn/EJN_FichesBelgesTable.aspx -
2014-11-16 /ejn/ -
2014-11-16 /ejn/libcategories.aspx Id=2
2014-11-16 /ejn/libadvancedsearch.aspx -
2014-11-16 /ejn/libdocumentproperties.aspx Id=937
2014-11-16 /ejn/EJN_Library_StatusOfImpByCat.aspx CategoryId=42
2014-11-16 /ejn/EJN_Library_StatusOfImpByCou.aspx CountryId=223
2014-11-16 /ejn/EJN_Library_StatusOfImpByCou.aspx CountryId=295
2014-11-16 /ejn/AtlasChooseCountry.aspx -
2014-11-16 /ejn/EJN_AtlasAdvanced.aspx -
2014-11-16 /ejn/EJN_Home.aspx -
2014-11-16 /ejn/ -
2014-11-16 /ejn/ ++Culture:FRSessionId:odbnlcnaocwnwfrudn5xb0v1Date_Time:12:34
2014-11-16 /ejn/libcategories.aspx -
2014-11-16 /ejn/libadvancedsearch.aspx -
2014-11-16 /ejn/libadvancedsearch.aspx -
2014-11-16 /ejn/EJN_Home.aspx -
2014-11-16 /ejn/EJN_Home.aspx -
2014-11-16 /ejn/EJN_Home.aspx -
2014-11-16 /ejn/EJN_Home.aspx -
2014-11-16 /atlas_advanced.aspx -
2014-11-16 /atlas_advanced.aspx -
2014-11-16 /ejn/EJN_Home.aspx -
2014-11-16 /ejn/EJN_StaticPage.aspx Bread=28
2014-11-16 /ejn/libcategories.aspx Id=42
2014-11-16 /ejn/libdocumentproperties.aspx Id=1193
2014-11-16 /ejn/libdocumentproperties.aspx Id=1193
2014-11-16 /atlas_advanced.aspx -
2014-11-16 /atlas_advanced.aspx -
2014-11-16 /ejn/ -
2014-11-16 /ejn/EJN_Home.aspx -
2014-11-16 /EAW_atlas.aspx -
2014-11-16 /ejn/libcategories.aspx -
2014-11-16 /ejn/libcategories.aspx -
2014-11-16 /ejn/EJN_Home.aspx -
2014-11-16 /ejn/EJN_Home.aspx -
2014-11-16 /ejn/EJN_Home.aspx -
2014-11-16 /ejn/EJN_Home.aspx -
2014-11-16 /ejn/ -
2014-11-16 /ejn/EJN_AtlasAdvanced.aspx -
2014-11-16 /ejn/EJN_Home.aspx -
2014-11-16 /ejn/EJN_Home.aspx -
2014-11-16 /ejn/EJN_Home.aspx -
2014-11-16 /ejn/ -
2014-11-16 /ejn/ -
2014-11-16 /ejn/EJN_Home.aspx -
2014-11-16 /ejn/EJN_AtlasAdvanced.aspx -
2014-11-16 /ejn/AtlasChooseCountry.aspx -
2014-11-16 /ejn/EJN_Home.aspx -
2014-11-16 /ejn/EJN_Home.aspx -
2014-11-16 /ejn/ -
2014-11-16 /ejn/AtlasChooseMeasure.aspx Mp=1&Cou=PT&Type=2
2014-11-16 /ejn/AtlasChooseMeasure.aspx Mp=1&Cou=PT&Type=2
2014-11-16 /ejn/AtlasChooseMeasure.aspx Mp=1&Cou=PT&Type=2
2014-11-16 /ejn/AtlasChooseMeasure.aspx Mp=1&Cou=PT&Type=2
2014-11-16 /ejn/AtlasChooseMeasure.aspx Mp=1&Cou=PT&Type=2
2014-11-16 /ejn/AtlasSelection.aspx -
2014-11-16 /ejn/AtlasChooseAuthority.aspx -
2014-11-16 /ejn/EJN_Error.aspx -
2014-11-16 /ejn/EJN_Home.aspx -
2014-11-16 /ejn/AtlasChooseAuthority.aspx -
2014-11-16 /ejn/ -
2014-11-16 /ejn/AtlasChooseAuthority.aspx/GetLocations -
2014-11-16 /ejn/AtlasChooseAuthority.aspx -
2014-11-16 /ejn/AtlasAuthorityData.aspx Id=4375
2014-11-16 /ejn/EJN_Home.aspx -
2014-11-16 /ejn/EJN_Home.aspx -
2014-11-16 /ejn/ -
2014-11-16 /ejn/libcategories.aspx Id=2
2014-11-16 /ejn/EJN_Home.aspx -
2014-11-16 /ejn/EJN_Home.aspx -
2014-11-16 /ejn/EJN_StaticPage.aspx Bread=23
2014-11-16 /ejn/EJN_Home.aspx -
2014-11-16 /ejn/EJN_Home.aspx -
2014-11-16 /ejn/EJN_Home.aspx -
2014-11-16 /ejn/EJN_AtlasAdvanced.aspx -
2014-11-16 /ejn/EJN_AtlasAdvanced.aspx -
2014-11-16 /ejn/EJN_Home.aspx -
2014-11-16 /ejn/ -
2014-11-16 /ejn/ -
2014-11-16 /ejn/EJN_Home.aspx -
2014-11-16 /ejn/EJN_Home.aspx -
2014-11-16 /ejn/EJN_Home.aspx -
2014-11-16 /ejn/ -
2014-11-16 /ejn/EJN_News.aspx id=57
2014-11-16 /ejn/EJN_News.aspx id=57
2014-11-16 /ejn/ -
2014-11-16 /ejn/EJN_Compendium.aspx -
2014-11-16 /ejn/EJN_Home.aspx -
2014-11-16 /ejn/ -
2014-11-16 /ejn/libcategories.aspx -
2014-11-16 /ejn/libcategories.aspx Id=2
2014-11-16 /ejn/libcategories.aspx Id=1
2014-11-16 /ejn/libcategories.aspx Id=19
2014-11-16 /ejn/libcategories.aspx Id=21
2014-11-16 /ejn/libcategories.aspx Id=111
2014-11-16 /ejn/EJN_Home.aspx -
2014-11-16 /ejn/ -
2014-11-16 /ejn/EJN_AtlasAdvanced.aspx -
2014-11-16 /ejn/ -
2014-11-16 /ejn/EJN_News.aspx id=57
2014-11-16 /ejn/libcategories.aspx -
2014-11-16 /ejn/libcategories.aspx Id=2
2014-11-16 /ejn/EJN_Library_StatusOfImpByCat.aspx CategoryId=14
2014-11-16 /ejn/EJN_Library_StatusOfImpByCat.aspx CategoryId=104
2014-11-16 /ejn/libdocumentproperties.aspx Id=1054
2014-11-16 /ejn/EJN_Home.aspx -
2014-11-16 /ejn/EJN_Home.aspx -
2014-11-16 /ejn/ -
2014-11-16 /ejn/EJN_Home.aspx -
2014-11-16 /ejn/EJN_Home.aspx -
2014-11-16 /ejn/EJN_Home.aspx -
2014-11-16 /ejn/EJN_Home.aspx -
2014-11-16 /ejn/ -
2014-11-16 /ejn/ -
2014-11-16 /ejn/EJN_Login.aspx -
2014-11-16 /ejn/EJN_Home.aspx -
2014-11-16 /ejn/ -
2014-11-16 /ejn/EJN_Login.aspx -
2014-11-16 /ejn/EJN_ContactPointsNew.aspx -
2014-11-16 /ejn/EJN_Login.aspx -
2014-11-16 /ejn/AtlasChooseCountry.aspx Type=2
2014-11-16 /ejn/AtlasChooseCountry.aspx Type=2
2014-11-16 /ejn/AtlasChooseMeasure.aspx MP=0&Cou=277
2014-11-16 /ejn/AtlasChooseMeasure.aspx MP=0&Cou=277
2014-11-16 /ejn/AtlasChooseMeasure.aspx MP=0&Cou=277
2014-11-16 /ejn/AtlasChooseMeasure.aspx MP=0&Cou=277
2014-11-16 /ejn/AtlasSelection.aspx -
2014-11-16 /ejn/AtlasChooseAuthority.aspx -
2014-11-16 /ejn/EJN_Home.aspx -
2014-11-16 /ejn/AtlasChooseAuthority.aspx/GetLocations -
2014-11-16 /ejn/AtlasChooseAuthority.aspx/GetLocations -
2014-11-16 /ejn/AtlasChooseAuthority.aspx/GetLocations -
2014-11-16 /ejn/AtlasChooseAuthority.aspx/GetLocations -
2014-11-16 /ejn/AtlasChooseAuthority.aspx -
2014-11-16 /ejn/AtlasChooseAuthority.aspx -
2014-11-16 /ejn/AtlasChooseMeasure.aspx MP=0&Cou=277
2014-11-16 /ejn/AtlasChooseCountry.aspx Type=2
2014-11-16 /ejn/AtlasChooseCountry.aspx Type=2
2014-11-16 /ejn/AtlasChooseMeasure.aspx MP=0&Cou=277
2014-11-16 /ejn/AtlasChooseMeasure.aspx MP=0&Cou=277
2014-11-16 /ejn/AtlasChooseMeasure.aspx MP=0&Cou=277
2014-11-16 /ejn/AtlasChooseMeasure.aspx MP=0&Cou=277
2014-11-16 /ejn/AtlasSelection.aspx -
2014-11-16 /ejn/AtlasChooseAuthority.aspx -
2014-11-16 /ejn/EJN_AtlasAdvanced.aspx -
2014-11-16 /ejn/AtlasChooseAuthority.aspx/GetLocations -
2014-11-16 /ejn/AtlasChooseAuthority.aspx/GetLocations -
2014-11-16 /ejn/AtlasChooseAuthority.aspx/GetLocations -
2014-11-16 /ejn/AtlasChooseAuthority.aspx -
2014-11-16 /ejn/AtlasChooseAuthority.aspx -
2014-11-16 /ejn/AtlasChooseAuthority.aspx/GetLocations -
2014-11-16 /ejn/AtlasChooseAuthority.aspx/GetLocations -
2014-11-16 /ejn/AtlasChooseAuthority.aspx/GetLocations -
2014-11-16 /ejn/AtlasChooseAuthority.aspx/GetLocations -
2014-11-16 /ejn/EJN_Home.aspx -
2014-11-16 /ejn/EJN_Home.aspx -
2014-11-16 /ejn/ -
2014-11-16 /ejn/EJN_Home.aspx -
2014-11-16 /ejn/ -
2014-11-16 /ejn/libcategories.aspx -
2014-11-16 /ejn/EJN_Home.aspx -
2014-11-16 /ejn/libcategories.aspx Id=1
2014-11-16 /ejn/libcategories.aspx Id=19
2014-11-16 /ejn/libcategories.aspx Id=2
2014-11-16 /ejn/EJN_Library_StatusOfImpByCat.aspx CategoryId=14
2014-11-16 /ejn/EJN_Home.aspx -
2014-11-16 /atlas_advanced_old.aspx ctyCode=ES
2014-11-16 /default.aspx -
2014-11-16 /ejn/ -
2014-11-16 /ejn/ -
2014-11-16 /ejn/ -
2014-11-16 /ejn/AtlasChooseMeasure.aspx Mp=1&Cou=ES&Type=2
2014-11-16 /ejn/AtlasChooseMeasure.aspx Mp=1&Cou=ES&Type=2++Culture:FRSessionId:2cr4u1axtb1fmom1awcmc3lwDate_Time:14:40
2014-11-16 /ejn/libdocumentproperties.aspx Id=937
2014-11-16 /ejn/AtlasChooseMeasure.aspx Mp=1&Cou=ES&Type=2
2014-11-16 /ejn/AtlasChooseMeasure.aspx Mp=1&Cou=ES&Type=2
2014-11-16 /ejn/AtlasSelection.aspx -
2014-11-16 /ejn/AtlasSelection.aspx -
2014-11-16 /ejn/AtlasSelection.aspx -
2014-11-16 /ejn/libdocumentproperties.aspx Id=937
2014-11-16 /ejn/AtlasSelection.aspx -
2014-11-16 /ejn/AtlasSelection.aspx -
2014-11-16 /ejn/AtlasSelection.aspx -
2014-11-16 /ejn/AtlasSelection.aspx -
2014-11-16 /ejn/AtlasChooseAuthority.aspx -
2014-11-16 /ejn/EJN_Home.aspx -
2014-11-16 /ejn/ -
2014-11-16 /ejn/AtlasChooseAuthority.aspx/GetLocations -
2014-11-16 /ejn/AtlasChooseAuthority.aspx -
2014-11-16 /ejn/AtlasAuthorityData.aspx Id=2830
2014-11-16 /ejn/libdocumentproperties.aspx Id=1283
2014-11-16 /ejn/EJN_Home.aspx -
2014-11-16 /ejn/EJN_Home.aspx -
2014-11-16 /ejn/AtlasAuthorityData.aspx Id=2830
2014-11-16 /ejn/AtlasChooseAuthority.aspx -
2014-11-16 /ejn/AtlasChooseAuthority.aspx -
2014-11-16 /ejn/AtlasSelection.aspx Option=PathOptions
2014-11-16 /ejn/AtlasSelection.aspx Option=PathOptions
2014-11-16 /ejn/AtlasSelection.aspx Option=PathOptions
2014-11-16 /ejn/AtlasSelection.aspx Option=PathOptions
2014-11-16 /ejn/AtlasChooseMeasure.aspx MP=0&Cou=373
2014-11-16 /ejn/EJN_Library_StatusOfImpByCat.aspx CategoryId=38
2014-11-16 /ejn/ -
2014-11-16 /ejn/ -
2014-11-16 /ejn/ -
2014-11-16 /ejn/AtlasChooseCountry.aspx Type=1
2014-11-16 /ejn/AtlasChooseMeasure.aspx MP=0&Cou=352
2014-11-16 /ejn/AtlasSelection.aspx -
2014-11-16 /ejn/AtlasSelection.aspx -
2014-11-16 /ejn/AtlasSelection.aspx -
2014-11-16 /ejn/AtlasChooseAuthority.aspx -
2014-11-16 /ejn/AtlasChooseAuthority.aspx/GetLocations -
2014-11-16 /ejn/AtlasChooseAuthority.aspx -
2014-11-16 /ejn/AtlasChooseAuthority.aspx/GetLocations -
2014-11-16 /ejn/AtlasChooseAuthority.aspx -
2014-11-16 /ejn/AtlasChooseAuthority.aspx -
2014-11-16 /ejn/AtlasSelection.aspx Option=PathOptions
2014-11-16 /ejn/AtlasSelection.aspx Option=PathOptions
2014-11-16 /ejn/ -
2014-11-16 /ejn/AtlasSelection.aspx Option=PathOptions
2014-11-16 /ejn/libcategories.aspx -
2014-11-16 /ejn/libcategories.aspx Id=2
2014-11-16 /ejn/AtlasSelection.aspx Option=PathOptions
2014-11-16 /ejn/libdocumentproperties.aspx Id=729
2014-11-16 /ejn/EJN_Home.aspx -
2014-11-16 /ejn/AtlasSelection.aspx Option=PathOptions
2014-11-16 /ejn/AtlasSelection.aspx Option=PathOptions
2014-11-16 /ejn/AtlasSelection.aspx Option=PathOptions
2014-11-16 /ejn/AtlasChooseAuthority.aspx -
2014-11-16 /ejn/AtlasChooseAuthority.aspx/GetLocations -
2014-11-16 /ejn/AtlasChooseAuthority.aspx -
2014-11-16 /ejn/AtlasAuthorityData.aspx Id=5331
2014-11-16 /ejn/EJN_Home.aspx -
2014-11-16 /ejn/AtlasChooseAuthority.aspx -
2014-11-16 /ejn/ -
2014-11-16 /ejn/ -
2014-11-16 /ejn/ -
2014-11-16 /ejn/ -
2014-11-16 /ejn/AtlasChooseMeasure.aspx Mp=1&Cou=PT&Type=2
2014-11-16 /ejn/EJN_Home.aspx -
2014-11-16 /ejn/ -
2014-11-16 /ejn/ -
2014-11-16 /ejn/libdocumentproperties.aspx Id=1171
2014-11-16 /ejn/ -
2014-11-16 /ejn/EJN_Home.aspx -
2014-11-16 /ejn/EJN_QuickLinks.aspx -
2014-11-16 /ejn/EJN_QuickLinks.aspx Id=25
2014-11-16 /ejn/EJN_QuickLinks.aspx -
2014-11-16 /ejn/EJN_QuickLinks.aspx Id=25
2014-11-16 /ejn/AtlasChooseCountry.aspx Type=2
2014-11-16 /ejn/AtlasChooseMeasure.aspx MP=1&Cou=PT
2014-11-16 /ejn/EJN_Home.aspx -
2014-11-16 /ejn/libdocumentproperties.aspx Id=1171
2014-11-16 /ejn/libdocumentproperties.aspx Id=1171
2014-11-16 /ejn/libdocumentproperties.aspx Id=1384
2014-11-16 /european-arrest-warrant.aspx -
2014-11-16 /ejn/libdocumentproperties.aspx Id=1171
2014-11-16 /ejn/ -
2014-11-16 /ejn/libcategories.aspx -
2014-11-16 /ejn/libcategories.aspx Id=2
2014-11-16 /ejn/EJN_Library_StatusOfImpByCat.aspx CategoryId=66
2014-11-16 /ejn/EJN_Library_StatusOfImpByCat.aspx CategoryId=39
2014-11-16 /ejn/libcategories.aspx Id=39
2014-11-16 /ejn/libdocumentproperties.aspx Id=1171
2014-11-16 /ejn/libcategories.aspx -
2014-11-16 /ejn/EJN_Home.aspx -
2014-11-16 /ejn/ -
2014-11-16 /ejn/ -
2014-11-16 /ejn/ -
2014-11-16 /ejn/EJN_StaticPage.aspx Bread=2
2014-11-16 /ejn/libcategories.aspx -
2014-11-16 /ejn/libcategories.aspx Id=2
2014-11-16 /ejn/EJN_Home.aspx -
2014-11-16 /ejn/ -
2014-11-16 /ejn/libdocumentproperties.aspx Id=939
2014-11-16 /ejn/libdocumentproperties.aspx Id=739
2014-11-16 /ejn/EJN_AtlasAdvanced.aspx -
2014-11-16 /ejn/libcategories.aspx Id=6
2014-11-16 /ejn/libcategories.aspx Id=4
2014-11-16 /ejn/libdocumentproperties.aspx Id=1173
2014-11-16 /ejn/libcategories.aspx Id=8
2014-11-16 /ejn/libdocumentproperties.aspx Id=1195
2014-11-16 /ejn/libdocumentproperties.aspx Id=977
2014-11-16 /ejn/EJN_StaticPage.aspx Bread=12
2014-11-16 /ejn/libcategories.aspx Id=14
2014-11-16 /ejn/libdocumentproperties.aspx Id=1195
2014-11-16 /ejn/libshowdocument.aspx Id=1&Lang=EN
2014-11-16 /ejn/ -
2014-11-16 /ejn/libcategories.aspx Id=2
2014-11-16 /ejn/libdocumentproperties.aspx Id=1384
2014-11-16 /ejn/EJN_Home.aspx -
2014-11-16 /ejn/EJN_Home.aspx -
2014-11-16 /ejn/ -
2014-11-16 /ejn/EJN_Home.aspx -
2014-11-16 /ejn/libcategories.aspx Id=44
2014-11-16 /ejn/libshowdocument.aspx Id=421&Lang=HR
2014-11-16 /ejn/EJN_Home.aspx -
2014-11-16 /ejn/ -
2014-11-16 /ejn/ -
2014-11-16 /ejn/EJN_Home.aspx -
2014-11-16 /ejn/ -
2014-11-16 /ejn/EJN_Home.aspx -
2014-11-16 /ejn/ -
2014-11-16 /ejn/AtlasChooseCountry.aspx Type=2
2014-11-16 /ejn/AtlasChooseCountry.aspx Type=2++Culture:DESessionId:nk5opwuwkthts1qds3nk5psaDate_Time:15:22
2014-11-16 /ejn/AtlasChooseCountry.aspx Type=2
2014-11-16 /ejn/AtlasChooseMeasure.aspx MP=0&Cou=369
2014-11-16 /ejn/EJN_AtlasAdvanced.aspx -
2014-11-16 /ejn/AtlasChooseMeasure.aspx MP=0&Cou=369
2014-11-16 /ejn/AtlasChooseMeasure.aspx MP=0&Cou=369
2014-11-16 /ejn/AtlasSelection.aspx -
2014-11-16 /ejn/AtlasSelection.aspx -
2014-11-16 /ejn/AtlasChooseMeasure.aspx MP=0&Cou=369
2014-11-16 /ejn/EJN_Home.aspx -
2014-11-16 /ejn/AtlasChooseMeasure.aspx MP=0&Cou=369
2014-11-16 /ejn/AtlasChooseMeasure.aspx MP=0&Cou=369
2014-11-16 /ejn/AtlasSelection.aspx -
2014-11-16 /ejn/AtlasChooseAuthority.aspx -
2014-11-16 /ejn/AtlasChooseAuthority.aspx/GetLocations -
2014-11-16 /ejn/AtlasChooseAuthority.aspx/GetLocations -
2014-11-16 /ejn/AtlasChooseAuthority.aspx -
2014-11-16 /ejn/AtlasChooseAuthority.aspx/GetLocations -
2014-11-16 /ejn/AtlasChooseAuthority.aspx/GetLocations -
2014-11-16 /ejn/AtlasChooseAuthority.aspx -
2014-11-16 /ejn/AtlasChooseAuthority.aspx/GetLocations -
2014-11-16 /ejn/AtlasChooseAuthority.aspx/GetLocations -
2014-11-16 /ejn/AtlasChooseAuthority.aspx -
2014-11-16 /ejn/AtlasAuthorityData.aspx Id=1610
2014-11-16 /ejn/libcategories.aspx -
2014-11-16 /ejn/libcategories.aspx Id=2
2014-11-16 /ejn/EJN_Library_StatusOfImpByCat.aspx CategoryId=14
2014-11-16 /ejn/libcategories.aspx Id=14
2014-11-16 /ejn/EJN_Library_StatusOfImpByCat.aspx CategoryId=104
2014-11-16 /ejn/libcategories.aspx Id=104
2014-11-16 /ejn/libdocumentproperties.aspx Id=936
2014-11-16 /ejn/EJN_Library_StatusOfImpByCat.aspx CategoryId=55
2014-11-16 /ejn/libcategories.aspx Id=55
2014-11-16 /ejn/EJN_Home.aspx -
2014-11-16 /ejn/EJN_Home.aspx -
2014-11-16 /ejn/ -
2014-11-16 /ejn/ -
2014-11-16 /ejn/libcategories.aspx -
2014-11-16 /ejn/libcategories.aspx Id=2
2014-11-16 /ejn/EJN_Home.aspx -
2014-11-16 /ejn/libdocumentproperties.aspx Id=936
2014-11-16 /ejn/EJN_Library_StatusOfImpByCat.aspx CategoryId=55
2014-11-16 /ejn/libcategories.aspx Id=55
2014-11-16 /ejn/EJN_Home.aspx -
2014-11-16 /ejn/EJN_Library_StatusOfImpByCat.aspx CategoryId=55
2014-11-16 /ejn/EJN_Library_StatusOfImpByCat.aspx CategoryId=55
2014-11-16 /ejn/libcategories.aspx Id=64
2014-11-16 /ejn/libcategories.aspx Id=64
2014-11-16 /ejn/libadvancedsearch.aspx -
2014-11-16 /ejn/EJN_Library_StatusOfImpByCat.aspx CategoryId=55
2014-11-16 /ejn/libcategories.aspx Id=53
2014-11-16 /ejn/EJN_Library_StatusOfImpByCat.aspx CategoryId=55
2014-11-16 /ejn/libcategories.aspx Id=90
2014-11-16 /ejn/EJN_Library_StatusOfImpByCat.aspx CategoryId=55
2014-11-16 /ejn/libcategories.aspx Id=42
2014-11-16 /ejn/EJN_Library_StatusOfImpByCat.aspx CategoryId=55
2014-11-16 /ejn/libcategories.aspx Id=91
2014-11-16 /ejn/EJN_Library_StatusOfImpByCat.aspx CategoryId=55
2014-11-16 /ejn/libcategories.aspx Id=24
2014-11-16 /ejn/EJN_Library_StatusOfImpByCat.aspx CategoryId=55
2014-11-16 /ejn/libcategories.aspx Id=67
2014-11-16 /ejn/EJN_Library_StatusOfImpByCat.aspx CategoryId=55
2014-11-16 /ejn/libcategories.aspx Id=100
2014-11-16 /ejn/EJN_Library_StatusOfImpByCat.aspx CategoryId=55
2014-11-16 /ejn/EJN_Library_StatusOfImpByCat.aspx CategoryId=55
2014-11-16 /ejn/libcategories.aspx Id=54
2014-11-16 /ejn/EJN_Library_StatusOfImpByCat.aspx CategoryId=55
2014-11-16 /ejn/libcategories.aspx Id=25
2014-11-16 /ejn/EJN_Library_StatusOfImpByCat.aspx CategoryId=55
2014-11-16 /ejn/libcategories.aspx Id=34
2014-11-16 /ejn/EJN_Home.aspx -
2014-11-16 /ejn/ -
2014-11-16 /ejn/EJN_Library_StatusOfImpByCat.aspx CategoryId=55
2014-11-16 /ejn/libcategories.aspx Id=35
2014-11-16 /ejn/EJN_Home.aspx -
2014-11-16 /ejn/EJN_Library_StatusOfImpByCat.aspx CategoryId=55
2014-11-16 /ejn/libcategories.aspx Id=60
2014-11-16 /ejn/EJN_Library_StatusOfImpByCat.aspx CategoryId=55
2014-11-16 /ejn/EJN_Home.aspx -
2014-11-16 /ejn/libcategories.aspx Id=38
2014-11-16 /ejn/EJN_Library_StatusOfImpByCat.aspx CategoryId=55
2014-11-16 /ejn/libcategories.aspx Id=40
2014-11-16 /ejn/EJN_Library_StatusOfImpByCat.aspx CategoryId=55
2014-11-16 /ejn/libcategories.aspx Id=37
2014-11-16 /ejn/EJN_Library_StatusOfImpByCat.aspx CategoryId=55
2014-11-16 /ejn/libcategories.aspx Id=36
2014-11-16 /ejn/EJN_Home.aspx -
2014-11-16 /ejn/EJN_Home.aspx -
2014-11-16 /ejn/EJN_Library_StatusOfImpByCat.aspx CategoryId=55
2014-11-16 /ejn/libcategories.aspx Id=66
2014-11-16 /ejn/EJN_Library_StatusOfImpByCat.aspx CategoryId=55
2014-11-16 /ejn/libcategories.aspx -
2014-11-16 /ejn/EJN_Home.aspx -
2014-11-16 /ejn/libcategories.aspx Id=2
2014-11-16 /ejn/ -
2014-11-16 /ejn/EJN_Library_RatificationsByCou.aspx -
2014-11-16 /ejn/libcategories.aspx Id=32
2014-11-16 /ejn/EJN_Home.aspx -
2014-11-16 /ejn/EJN_Home.aspx -
2014-11-16 /ejn/EJN_Home.aspx -
2014-11-16 /ejn/libdocumentproperties.aspx Id=1171
2014-11-16 /ejn/libdocumentproperties.aspx Id=1171
2014-11-16 /ejn/libdocumentproperties.aspx Id=1384
2014-11-16 /ejn/libdocumentproperties.aspx Id=1384
2014-11-16 /ejn/ -
2014-11-16 /ejn/EJN_Login.aspx -
2014-11-16 /ejn/EJN_Login.aspx -
2014-11-16 /ejn/EJN_ContactPointsNew.aspx -
2014-11-16 /ejn/EJN_ContactPointsNew.aspx -
2014-11-16 /ejn/EJN_ContactPointsNew.aspx -
2014-11-16 /ejn/EJN_ContactPointsNew.aspx -
2014-11-16 /ejn/libcategories.aspx Id=53
2014-11-16 /ejn/EJN_Home.aspx -
2014-11-16 /ejn/libcategories.aspx Id=34
2014-11-16 /ejn/libcategories.aspx Id=35
2014-11-16 /ejn/libcategories.aspx Id=54
2014-11-16 /ejn/libcategories.aspx Id=100
2014-11-16 /ejn/libcategories.aspx Id=104
2014-11-16 /ejn/libcategories.aspx Id=14
2014-11-16 /ejn/libcategories.aspx Id=55
2014-11-16 /ejn/libcategories.aspx Id=64
2014-11-16 /ejn/libcategories.aspx Id=53
2014-11-16 /ejn/libcategories.aspx Id=42
2014-11-16 /ejn/libcategories.aspx Id=91
2014-11-16 /ejn/libcategories.aspx Id=67
2014-11-16 /ejn/EJN_Home.aspx -
2014-11-16 /ejn/ -
2014-11-16 /ejn/EJN_Home.aspx -
2014-11-16 /ejn/libcategories.aspx Id=24
2014-11-16 /ejn/libcategories.aspx Id=67
2014-11-16 /ejn/libcategories.aspx Id=100
2014-11-16 /ejn/EJN_AtlasAdvanced.aspx -
2014-11-16 /ejn/libcategories.aspx Id=32
2014-11-16 /ejn/EJN_Home.aspx -
2014-11-16 /ejn/EJN_Library_StatusOfImpByCat.aspx CategoryId=55
2014-11-16 /ejn/EJN_Library_StatusOfImpByCat.aspx CategoryId=55
2014-11-16 /ejn/ -
2014-11-16 /ejn/libdocumentproperties.aspx Id=157
2014-11-16 /ejn/EJN_Home.aspx -
2014-11-16 /ejn/ -
2014-11-16 /ejn/libcategories.aspx -
2014-11-16 /ejn/libcategories.aspx Id=2
2014-11-16 /ejn/EJN_Home.aspx -
2014-11-16 /ejn/EJN_Library_StatusOfImpByCat.aspx CategoryId=39
2014-11-16 /ejn/libcategories.aspx Id=39
2014-11-16 /ejn/ -
2014-11-16 /ejn/ ++Culture:DESessionId:itmna2lwgsto5yync1zp0lknDate_Time:16:08
2014-11-16 /ejn/libcategories.aspx Id=32
2014-11-16 /ejn/ -
2014-11-16 /ejn/EJN_Home.aspx -
2014-11-16 /ejn/libcategories.aspx Id=37
2014-11-16 /ejn/ -
2014-11-16 /ejn/AtlasChooseMeasure.aspx Mp=1&Cou=BE&Type=2
2014-11-16 /ejn/libcategories.aspx -
2014-11-16 /ejn/libdocumentproperties.aspx Id=1377
2014-11-16 /ejn/libdocumentproperties.aspx Id=1377
2014-11-16 /ejn/AtlasChooseMeasure.aspx Mp=1&Cou=BE&Type=2
2014-11-16 /ejn/AtlasChooseMeasure.aspx Mp=1&Cou=BE&Type=2
2014-11-16 /ejn/AtlasChooseMeasure.aspx Mp=1&Cou=BE&Type=2
2014-11-16 /ejn/AtlasSelection.aspx -
2014-11-16 /ejn/AtlasChooseAuthority.aspx -
2014-11-16 /ejn/AtlasChooseAuthority.aspx/GetLocations -
2014-11-16 /ejn/AtlasChooseAuthority.aspx -
2014-11-16 /ejn/AtlasAuthorityData.aspx Id=4546
2014-11-16 /ejn/AtlasChooseAuthority.aspx/GetLocations -
2014-11-16 /ejn/AtlasChooseAuthority.aspx -
2014-11-16 /ejn/AtlasChooseAuthority.aspx -
2014-11-16 /ejn/AtlasChooseAuthority.aspx/GetLocations -
2014-11-16 /ejn/AtlasChooseAuthority.aspx -
2014-11-16 /ejn/AtlasChooseAuthority.aspx/GetLocations -
2014-11-16 /ejn/AtlasChooseAuthority.aspx -
2014-11-16 /ejn/EJN_Home.aspx -
2014-11-16 /ejn/ -
2014-11-16 /ejn/AtlasChooseCountry.aspx Type=1
2014-11-16 /ejn/EJN_Home.aspx -
2014-11-16 /ejn/AtlasChooseMeasure.aspx MP=0&Cou=273
2014-11-16 /ejn/AtlasSelection.aspx -
2014-11-16 /ejn/ -
2014-11-16 /ejn/AtlasSelection.aspx -
2014-11-16 /ejn/AtlasSelection.aspx -
2014-11-16 /ejn/AtlasChooseAuthority.aspx -
2014-11-16 /ejn/AtlasChooseAuthority.aspx/GetLocations -
2014-11-16 /ejn/AtlasChooseAuthority.aspx -
2014-11-16 /ejn/AtlasAuthorityData.aspx Id=4752
2014-11-16 /ejn/AtlasChooseAuthority.aspx -
2014-11-16 /ejn/AtlasAuthorityData.aspx Id=4752
2014-11-16 /ejn/EJN_Home.aspx -
2014-11-16 /ejn/ -
2014-11-16 /ejn/EJN_Home.aspx -
2014-11-16 /ejn/EJN_Home.aspx -
2014-11-16 /ejn/EJN_StaticPage.aspx Bread=11
2014-11-16 /ejn/EJN_Home.aspx -
2014-11-16 /ejn/EJN_StaticPage.aspx Bread=18
2014-11-16 /ejn/EJN_StaticPage.aspx Bread=11
2014-11-16 /ejn/ejn_home.aspx -
2014-11-16 /ejn/ -
2014-11-16 /ejn/EJN_EAWWizard.aspx -
2014-11-16 /ejn/ctrls.eawwizard/IframeEngine.aspx -
2014-11-16 /ejn/ -
2014-11-16 /ejn/EJN_FichesBelges.aspx -
2014-11-16 /ejn/ -
2014-11-16 /ejn/EJN_StaticPage.aspx Bread=12
2014-11-16 /ejn/EJN_StaticPage.aspx Bread=12
2014-11-16 /ejn/EJN_InfoAbout.aspx Id=230
2014-11-16 /ejn/ -
2014-11-16 /ejn/libcategories.aspx Id=14
2014-11-16 /ejn/libshowdocument.aspx Id=1&Lang=EN
2014-11-16 /ejn/ -
2014-11-16 /ejn/EJN_Home.aspx -
2014-11-16 /ejn/EJN_AtlasAdvanced.aspx -
2014-11-16 /ejn/EJN_Home.aspx -
2014-11-16 /ejn/EJN_Home.aspx -
2014-11-16 /ejn/EJN_Home.aspx -
2014-11-16 /ejn/EJN_Home.aspx -
2014-11-16 /ejn/EJN_StaticPage.aspx Bread=2
2014-11-16 /ejn/EJN_Home.aspx -
2014-11-16 /ejn/ -
2014-11-16 /ejn/EJN_Home.aspx -
2014-11-16 /ejn/EJN_StaticPage.aspx Bread=19
2014-11-16 /ejn/EJN_StaticPage.aspx Bread=10
2014-11-16 /ejn/AtlasChooseCountry.aspx Type=2
2014-11-16 /ejn/EJN_Home.aspx -
2014-11-16 /ejn/EJN_Home.aspx -
2014-11-16 /ejn/ -
2014-11-16 /ejn/EJN_Home.aspx -
2014-11-16 /ejn/ -
2014-11-16 /ejn/EJN_Home.aspx -
2014-11-16 /ejn/ -
2014-11-16 /ejn/EJN_Home.aspx -
2014-11-16 /ejn/ejn_home.aspx -
2014-11-16 /ejn/EJN_EAWWizard.aspx -
2014-11-16 /ejn/EJN_Home.aspx -
2014-11-16 /ejn/libcategories.aspx -
2014-11-16 /ejn/libcategories.aspx Id=1
2014-11-16 /ejn/EJN_Home.aspx -
2014-11-16 /ejn/libcategories.aspx Id=19
2014-11-16 /ejn/libcategories.aspx Id=12
2014-11-16 /ejn/libcategories.aspx Id=14
2014-11-16 /ejn/libcategories.aspx Id=24
2014-11-16 /ejn/EJN_Library_StatusOfImpByCat.aspx CategoryId=24
2014-11-16 /ejn/libcategories.aspx Id=40
2014-11-16 /ejn/EJN_Home.aspx -
2014-11-16 /ejn/libcategories.aspx Id=60
2014-11-16 /ejn/libcategories.aspx Id=37
2014-11-16 /ejn/libcategories.aspx id=1
2014-11-16 /ejn/libcategories.aspx -
2014-11-16 /ejn/libcategories.aspx Id=2
2014-11-16 /ejn/libdocumentproperties.aspx Id=729
2014-11-16 /ejn/EJN_Library_StatusOfImpByCat.aspx CategoryId=40
2014-11-16 /ejn/libcategories.aspx Id=40
2014-11-16 /ejn/libcategories.aspx Id=40
2014-11-16 /ejn/EJN_Home.aspx -
2014-11-16 /ejn/libcategories.aspx Id=66
2014-11-16 /ejn/libcategories.aspx Id=40
2014-11-16 /ejn/libcategories.aspx Id=37
2014-11-16 /ejn/libcategories.aspx Id=35
2014-11-16 /ejn/libshowdocument.aspx Id=217&Lang=NL
2014-11-16 /ejn/libcategories.aspx Id=2
2014-11-16 /ejn/libcategories.aspx -
2014-11-16 /ejn/libcategories.aspx Id=8
2014-11-16 /ejn/libdocumentproperties.aspx Id=258
2014-11-16 /ejn/libdocumentproperties.aspx Id=258
2014-11-16 /ejn/EJN_Home.aspx -
2014-11-16 /ejn/EJN_Home.aspx -
2014-11-16 /ejn/ -
2014-11-16 /ejn/EJN_AtlasAdvanced.aspx -
2014-11-16 /ejn/libcategories.aspx Id=14
2014-11-16 /ejn/libcategories.aspx Id=14
2014-11-16 /ejn/libcategories.aspx Id=19
2014-11-16 /ejn/EJN_Home.aspx -
2014-11-16 /ejn/AtlasChooseCountry.aspx Type=1
2014-11-16 /ejn/AtlasChooseCountry.aspx Type=1
2014-11-16 /ejn/AtlasChooseCountry.aspx Type=1
2014-11-16 /ejn/EJN_StaticPage.aspx Bread=12
2014-11-16 /ejn/libcategories.aspx Id=14
2014-11-16 /ejn/libcategories.aspx Id=14
2014-11-16 /ejn/EJN_Home.aspx -
2014-11-16 /ejn/AtlasChooseCountry.aspx Type=1
2014-11-16 /ejn/EJN_Home.aspx -
2014-11-16 /ejn/EJN_Home.aspx -
2014-11-16 /ejn/ -
2014-11-16 /ejn/EJN_Home.aspx -
2014-11-16 /ejn/ -
2014-11-16 /ejn/AtlasChooseMeasure.aspx Mp=1&Cou=BE&Type=2
2014-11-16 /ejn/AtlasChooseMeasure.aspx Mp=1&Cou=BE&Type=2
2014-11-16 /ejn/AtlasChooseMeasure.aspx Mp=1&Cou=BE&Type=2
2014-11-16 /ejn/AtlasSelection.aspx -
2014-11-16 /ejn/AtlasChooseAuthority.aspx -
2014-11-16 /ejn/EJN_Home.aspx -
2014-11-16 /ejn/AtlasChooseAuthority.aspx -
2014-11-16 /ejn/AtlasChooseMeasure.aspx MP=0&Cou=230
2014-11-16 /ejn/AtlasChooseMeasure.aspx MP=0&Cou=230
2014-11-16 /ejn/AtlasChooseMeasure.aspx MP=0&Cou=230
2014-11-16 /ejn/AtlasSelection.aspx -
2014-11-16 /ejn/AtlasChooseAuthority.aspx -
2014-11-16 /ejn/AtlasChooseAuthority.aspx/GetLocations -
2014-11-16 /ejn/AtlasChooseAuthority.aspx -
2014-11-16 /ejn/AtlasAuthorityData.aspx Id=4530
2014-11-16 /ejn/ -
2014-11-16 /ejn/libcategories.aspx Id=40
2014-11-16 /ejn/EJN_Home.aspx -
2014-11-16 /ejn/libcategories.aspx Id=36
2014-11-16 /ejn/libcategories.aspx Id=40
2014-11-16 /ejn/ -
2014-11-16 /ejn/EJN_InfoAbout.aspx Id=369
2014-11-16 /ejn/ -
2014-11-16 /ejn/ ++Culture:SKSessionId:1n4aytkkitqkgf0jjk3spy2iDate_Time:17:20
2014-11-16 /ejn/ ++Culture:ENSessionId:1n4aytkkitqkgf0jjk3spy2iDate_Time:5:21+PM
2014-11-16 /ejn/AtlasChooseMeasure.aspx Mp=1&Cou=SI&Type=2
2014-11-16 /ejn/EJN_FichesBelgesResult.aspx measure=709&country=369&other=-1
2014-11-16 /ejn/EJN_Home.aspx -
2014-11-16 /ejn/EJN_Home.aspx -
2014-11-16 /ejn/EJN_Home.aspx -
2014-11-16 /ejn/EJN_Home.aspx -
2014-11-16 /ejn/libcategories.aspx -
2014-11-16 /ejn/EJN_Home.aspx -
2014-11-16 /ejn/libadvancedsearch.aspx -
2014-11-16 /ejn/EJN_Home.aspx -
2014-11-16 /ejn/EJN_AtlasAdvanced.aspx -
2014-11-16 /ejn/EJN_Home.aspx -
2014-11-16 /ejn/ejn_home.aspx -
2014-11-16 /ejn/EJN_StaticPage.aspx Bread=12
2014-11-16 /ejn/EJN_StaticPage.aspx Bread=12
2014-11-16 /ejn/EJN_Home.aspx -
2014-11-16 /ejn/EJN_Home.aspx -
2014-11-16 /ejn/ -
2014-11-16 /ejn/EJN_Home.aspx -
2014-11-16 /ejn/EJN_QuickLinks.aspx id=28
2014-11-16 /ejn/libcategories.aspx Id=2
2014-11-16 /ejn/libcategories.aspx Id=32
2014-11-16 /ejn/EJN_Home.aspx -
2014-11-16 /ejn/libcategories.aspx Id=32
2014-11-16 /ejn/libshowdocument.aspx Id=16&Lang=NL
2014-11-16 /ejn/libshowdocument.aspx Id=16&Lang=NL
2014-11-16 /ejn/libcategories.aspx Id=32
2014-11-16 /ejn/EJN_Home.aspx -
2014-11-16 /ejn/EJN_Home.aspx -
2014-11-16 /ejn/ -
2014-11-16 /ejn/EJN_QuickLinks.aspx id=24
2014-11-16 /ejn/NewsDetail.aspx id=319&Ori=H
2014-11-16 /ejn/EJN_Home.aspx -
2014-11-16 /ejn/NewsDetail.aspx id=312&Ori=H
2014-11-16 /ejn/EJN_Home.aspx -
2014-11-16 /ejn/ -
2014-11-16 /ejn/ -
2014-11-16 /ejn/EJN_Home.aspx -
2014-11-16 /ejn/EJN_Home.aspx -
2014-11-16 /ejn/ -
2014-11-16 /ejn/EJN_AtlasAdvanced.aspx -
2014-11-16 /ejn/EJN_Home.aspx -
2014-11-16 /ejn/libshowdocument.aspx Id=1&Lang=DE
2014-11-16 /ejn/EJN_Home.aspx -
2014-11-16 /ejn/EJN_Home.aspx -
2014-11-16 /ejn/ -
2014-11-16 /ejn/EJN_StaticPage.aspx Bread=14
2014-11-16 /ejn/EJN_Home.aspx -
2014-11-16 /ejn/EJN_Home.aspx -
2014-11-16 /ejn/EJN_Home.aspx -
2014-11-16 /ejn/ -
2014-11-16 /ejn/EJN_AtlasAdvanced.aspx -
2014-11-16 /ejn/EJN_Home.aspx -
2014-11-16 /fckeditor/editor/filemanager/browser/default/connectors/aspx/connector.aspx -
2014-11-16 /fckeditor/editor/filemanager/connectors/aspx/connector.aspx -
2014-11-16 /admin/fckeditor/editor/filemanager/browser/default/connectors/aspx/connector.aspx -
2014-11-16 /admin/fckeditor/editor/filemanager/connectors/aspx/connector.aspx -
2014-11-16 /ejn/EJN_Home.aspx -
2014-11-16 /ckeditor/ckfinder/core/connector/aspx/connector.aspx -
2014-11-16 /fckeditor/editor/filemanager/connectors/aspx/connector.aspx -
2014-11-16 /fckedit/editor/filemanager/connectors/aspx/connector.aspx -
2014-11-16 /fckeditor/editor/filemanager/browser/default/connectors/aspx/connector.aspx -
2014-11-16 /ejn/EJN_Home.aspx -
2014-11-16 /ejn/ -
2014-11-16 /editors/fckeditor/editor/filemanager/connectors/aspx/connector.aspx -
2014-11-16 /FCKeditor/editor/filemanager/connectors/aspx/connector.aspx -
2014-11-16 /ejn/EJN_Home.aspx -
2014-11-16 /ejn/EJN_Home.aspx -
2014-11-16 /ejn/EJN_Home.aspx -
2014-11-16 /ejn/EJN_Home.aspx -
2014-11-16 /ejn/EJN_Home.aspx -
2014-11-16 /ejn/EJN_Home.aspx -
2014-11-16 /ejn/ -
2014-11-16 /ejn/ -
2014-11-16 /ejn/EJN_Home.aspx -
2014-11-16 /ejn/EJN_Home.aspx -
2014-11-16 /ejn/EJN_AtlasAdvanced.aspx -
2014-11-16 /ejn/ -
2014-11-16 /ejn/EJN_Home.aspx -
2014-11-16 /ejn/EJN_Home.aspx -
2014-11-16 /ejn/EJN_Home.aspx -
2014-11-16 /ejn/ -
2014-11-16 /ejn/EJN_Home.aspx -
2014-11-16 /ejn/EJN_Home.aspx -
2014-11-16 /ejn/AtlasChooseCountry.aspx -
2014-11-16 /ejn/EJN_Home.aspx -
2014-11-16 /ejn/ -
2014-11-16 /ejn/AtlasChooseCountry.aspx Type=2
2014-11-16 /ejn/AtlasChooseMeasure.aspx MP=1&Cou=IT
2014-11-16 /ejn/ejn_home.aspx -
2014-11-16 /ejn/EJN_FichesBelgesTable.aspx -
2014-11-16 /ejn/EJN_FichesBelgesTable.aspx ++Culture:ESSessionId:wrj0za0dostdmw2bcerocthxDate_Time:19:20
2014-11-16 /ejn/EJN_FichesBelgesGuide.aspx -
2014-11-16 /ejn/EJN_FichesBelgesTable.aspx -
2014-11-16 /ejn/AtlasChooseMeasure.aspx MP=1&Cou=IT++Culture:ESSessionId:wrj0za0dostdmw2bcerocthxDate_Time:19:25
2014-11-16 /ejn/EJN_AtlasAdvanced.aspx -
2014-11-16 /ejn/AtlasChooseMeasure.aspx MP=1&Cou=IT
2014-11-16 /ejn/AtlasChooseMeasure.aspx MP=1&Cou=IT
2014-11-16 /ejn/AtlasChooseMeasure.aspx MP=1&Cou=IT
2014-11-16 /ejn/AtlasSelection.aspx -
2014-11-16 /ejn/AtlasChooseAuthority.aspx -
2014-11-16 /ejn/AtlasChooseAuthority.aspx/GetLocations -
2014-11-16 /ejn/EJN_Home.aspx -
2014-11-16 /ejn/AtlasChooseAuthority.aspx/GetLocations -
2014-11-16 /ejn/AtlasChooseAuthority.aspx -
2014-11-16 /ejn/AtlasAuthorityData.aspx Id=4803
2014-11-16 /ejn/EJN_Home.aspx -
2014-11-16 /ejn/ -
2014-11-16 /ejn/EJN_Home.aspx -
2014-11-16 /ejn/EJN_Home.aspx -
2014-11-16 /ejn/EJN_Home.aspx -
2014-11-16 /ejn/EJN_Home.aspx -
2014-11-16 /ejn/EJN_QuickLinks.aspx id=25
2014-11-16 /ejn/EJN_Home.aspx -
2014-11-16 /ejn/EJN_Home.aspx -
2014-11-16 /ejn/EJN_Home.aspx -
2014-11-16 /ejn/EJN_Home.aspx -
2014-11-16 /ejn/ -
2014-11-16 /ejn/EJN_Home.aspx -
2014-11-16 /ejn/EJN_Home.aspx -
2014-11-16 /ejn/EJN_Home.aspx -
2014-11-16 /ejn/ejn_subscribenewsletter.aspx -
2014-11-16 /ejn/EJN_Home.aspx -
2014-11-16 /ejn/EJN_ContactPoints.aspx -
2014-11-16 /ejn/EJN_Compendium.aspx -
2014-11-16 /ejn/ctrls.compendium/IframeEngine.aspx -
2014-11-16 /ejn/EJN_EAWWizard.aspx -
2014-11-16 /ejn/ctrls.eawwizard/IframeEngine.aspx -
2014-11-16 /ejn/ -
2014-11-16 /ejn/EJN_Home.aspx -
2014-11-16 /ejn/EJN_AtlasAdvanced.aspx -
2014-11-16 /ejn/EJN_Home.aspx -
2014-11-16 /ejn/EJN_Home.aspx -
2014-11-16 /ejn/EJN_Home.aspx -
2014-11-16 /ejn/ -
2014-11-16 /ejn/EJN_StaticPage.aspx Bread=12
2014-11-16 /ejn/EJN_Home.aspx -
2014-11-16 /ejn/ -
2014-11-16 /ejn/EJN_AtlasAdvanced.aspx -
2014-11-16 /ejn/EJN_Home.aspx -
2014-11-16 /ejn/EJN_Home.aspx -
2014-11-16 /ejn/EJN_Home.aspx -
2014-11-16 /ejn/ -
2014-11-16 /ejn/AtlasChooseMeasure.aspx Mp=1&Cou=DK&Type=2
2014-11-16 /ejn/ -
2014-11-16 /ejn/ -
2014-11-16 /ejn/AtlasChooseMeasure.aspx Mp=1&Cou=DK&Type=2
2014-11-16 /ejn/AtlasChooseMeasure.aspx Mp=1&Cou=DK&Type=2
2014-11-16 /ejn/AtlasChooseMeasure.aspx Mp=1&Cou=DK&Type=2
2014-11-16 /ejn/AtlasSelection.aspx -
2014-11-16 /ejn/AtlasSelection.aspx -
2014-11-16 /ejn/AtlasSelection.aspx -
2014-11-16 /ejn/AtlasAuthorityData.aspx Id=2307
2014-11-16 /ejn/AtlasSelection.aspx -
2014-11-16 /ejn/AtlasAuthorityData.aspx Id=2307
2014-11-16 /default.aspx -
2014-11-16 /ejn/EJN_Home.aspx -
2014-11-16 /ejn/ -
2014-11-16 /ejn/EJN_Home.aspx -
2014-11-16 /ejn/EJN_Home.aspx -
2014-11-16 /ejn/ -
2014-11-16 /ejn/EJN_Home.aspx -
2014-11-16 /ejn/libcategories.aspx -
2014-11-16 /ejn/libcategories.aspx Id=6
2014-11-16 /ejn/ -
2014-11-16 /ejn/libdocumentproperties.aspx Id=1406
2014-11-16 /ejn/libdocumentproperties.aspx Id=1406
2014-11-16 /ejn/EJN_Home.aspx -
2014-11-16 /ejn/EJN_Home.aspx -
2014-11-16 /ejn/ -
2014-11-16 /ejn/EJN_Home.aspx -
2014-11-16 /ejn/EJN_Home.aspx -
2014-11-16 /ejn/EJN_Home.aspx -
2014-11-16 /ejn/EJN_Home.aspx -
2014-11-16 /ejn/EJN_Home.aspx -
2014-11-16 /ejn/EJN_Home.aspx -
2014-11-16 /ejn/EJN_Home.aspx -
2014-11-16 /ejn/ -
2014-11-16 /ejn/AtlasChooseCountry.aspx -
2014-11-16 /ejn/EJN_Home.aspx -
2014-11-16 /ejn/AtlasChooseMeasure.aspx MP=1&Cou=UK&Type=2
2014-11-16 /ejn/EJN_Home.aspx -
2014-11-16 /ejn/EJN_Home.aspx -
2014-11-16 /ejn/AtlasChooseMeasure.aspx MP=1&Cou=UK&Type=2
2014-11-16 /ejn/AtlasChooseMeasure.aspx MP=1&Cou=UK&Type=2
2014-11-16 /ejn/AtlasChooseMeasure.aspx MP=1&Cou=UK&Type=2
2014-11-16 /ejn/AtlasSelection.aspx -
2014-11-16 /ejn/ -
2014-11-16 /ejn/EJN_Secretariat.aspx -
2014-11-16 /ejn/EJN_Secretariat.aspx -
2014-11-16 /ejn/EJN_Home.aspx -
2014-11-16 /ejn/EJN_Secretariat.aspx -
2014-11-16 /ejn/EJN_Home.aspx -
2014-11-16 /ejn/EJN_StaticPage.aspx Bread=39
2014-11-16 /ejn/EJN_StaticPage.aspx Bread=9
2014-11-16 /ejn/ -
2014-11-16 /ejn/EJN_AtlasAdvanced.aspx -
2014-11-16 /ejn/NewsAll.aspx Id=1
2014-11-16 /ejn/EJN_Home.aspx -
2014-11-16 /ejn/EJN_Home.aspx -
2014-11-16 /ejn/EJN_StaticPage.aspx Bread=14
2014-11-16 /ejn/EJN_Home.aspx -
2014-11-16 /ejn/ -
2014-11-16 /ejn/EJN_Home.aspx -
2014-11-16 /ejn/EJN_Home.aspx -
2014-11-16 /ejn/EJN_Home.aspx -
2014-11-16 /ejn/EJN_Home.aspx -
2014-11-16 /ejn/EJN_Home.aspx -
2014-11-16 /ejn/EJN_Home.aspx -
2014-11-16 /ejn/EJN_Home.aspx -
2014-11-16 /ejn/EJN_Home.aspx -
2014-11-16 /ejn/EJN_Home.aspx -
2014-11-16 /ejn/EJN_Home.aspx -
2014-11-16 /ejn/EJN_Home.aspx -
2014-11-16 /ejn/EJN_Home.aspx -
2014-11-16 /ejn/EJN_Home.aspx -
2014-11-16 /ejn/EJN_Home.aspx -
2014-11-16 /ejn/EJN_Home.aspx -
2014-11-16 /ejn/ -
2014-11-16 /ejn/EJN_Home.aspx -
2014-11-16 /ejn/EJN_Home.aspx -
2014-11-16 /ejn/ -
2014-11-16 /ejn/EJN_Home.aspx -
2014-11-16 /ejn/libcategories.aspx -
2014-11-16 /ejn/libcategories.aspx Id=1
2014-11-16 /ejn/libcategories.aspx Id=19
2014-11-16 /ejn/libcategories.aspx Id=19
2014-11-16 /ejn/libcategories.aspx Id=12
2014-11-16 /ejn/libcategories.aspx Id=52
2014-11-16 /ejn/EJN_Library_StatusOfImpByCat.aspx CategoryId=52
2014-11-16 /ejn/EJN_Error.aspx -
2014-11-16 /ejn/libshowdocument.aspx Id=793&Lang=DE
2014-11-16 /ejn/ -
2014-11-16 /ejn/EJN_Library_StatusOfImpByCat.aspx CategoryId=52
2014-11-16 /ejn/EJN_SubscribeNewsLetter.aspx -
2014-11-16 /ejn/EJN_Home.aspx -
2014-11-16 /ejn/libcategories.aspx -
2014-11-16 /ejn/libcategories.aspx Id=1
2014-11-16 /ejn/EJN_Home.aspx -
2014-11-16 /ejn/EJN_AtlasAdvanced.aspx -
2014-11-16 /ejn/EJN_Home.aspx -
2014-11-16 /ejn/EJN_Home.aspx -
2014-11-16 /ejn/EJN_Home.aspx -
2014-11-16 /ejn/EJN_Home.aspx -
2014-11-16 /ejn/ -
2014-11-16 /ejn/ -
2014-11-16 /ejn/AtlasChooseMeasure.aspx Mp=1&Cou=FR&Type=2
2014-11-16 /ejn/ -
2014-11-16 /ejn/libcategories.aspx Id=14
2014-11-16 /ejn/AtlasChooseMeasure.aspx Mp=1&Cou=DE&Type=2
2014-11-16 /ejn/EJN_Home.aspx -
2014-11-16 /ejn/EJN_FichesBelges.aspx -
2014-11-16 /ejn/AtlasChooseMeasure.aspx Mp=1&Cou=NL&Type=2
2014-11-16 /ejn/AtlasChooseMeasure.aspx Mp=1&Cou=NL&Type=2
2014-11-16 /ejn/AtlasChooseMeasure.aspx Mp=1&Cou=NL&Type=2
2014-11-16 /ejn/AtlasSelection.aspx -
2014-11-16 /ejn/AtlasSelection.aspx -
2014-11-16 /ejn/AtlasSelection.aspx -
2014-11-16 /ejn/AtlasChooseAuthority.aspx -
2014-11-16 /ejn/AtlasChooseAuthority.aspx/GetLocations -
2014-11-16 /ejn/AtlasChooseAuthority.aspx -
2014-11-16 /ejn/AtlasAuthorityData.aspx Id=2635
2014-11-16 /ejn/libshowdocument.aspx Id=222&Lang=DK
2014-11-16 /ejn/ -
2014-11-16 /ejn/EJN_Home.aspx -
2014-11-16 /ejn/EJN_Home.aspx -
2014-11-16 /ejn/AtlasChooseMeasure.aspx Mp=1&Cou=PT&Type=2
2014-11-16 /ejn/AtlasChooseMeasure.aspx Mp=1&Cou=PT&Type=2
2014-11-16 /ejn/AtlasChooseCountry.aspx Type=2
2014-11-16 /ejn/AtlasChooseMeasure.aspx MP=1&Cou=PT
2014-11-16 /ejn/AtlasChooseCountry.aspx Type=2
2014-11-16 /ejn/EJN_Home.aspx -
2014-11-16 /ejn/EJN_Home.aspx -
2014-11-16 /ejn/EJN_Home.aspx -
2014-11-16 /ejn/EJN_Home.aspx -
2014-11-16 /ejn/ -
2014-11-16 /ejn/ -
2014-11-16 /ejn/AtlasChooseMeasure.aspx Mp=1&Cou=IT&Type=2
2014-11-16 /ejn/EJN_Home.aspx -
2014-11-16 /ejn/EJN_Home.aspx -
2014-11-16 /ejn/EJN_Home.aspx -
2014-11-16 /ejn/EJN_InfoAbout.aspx Id=295
2014-11-16 /ejn/EJN_Home.aspx -
2014-11-16 /ejn/EJN_Search.aspx -
2014-11-16 /ejn/EJN_Search.aspx -
2014-11-16 /ejn/EJN_StaticPage.aspx Bread=5
2014-11-16 /ejn/ -
2014-11-16 /ejn/EJN_Home.aspx -
2014-11-16 /ejn/EJN_Home.aspx -
2014-11-16 /ejn/ -
2014-11-16 /ejn/EJN_StaticPage.aspx Bread=7
2014-11-16 /ejn/EJN_StaticPage.aspx Bread=8
2014-11-16 /ejn/sitemap.aspx -
2014-11-16 /ejn/EJN_InfoAbout.aspx Id=277
2014-11-16 /ejn/EJN_Home.aspx -
2014-11-16 /ejn/EJN_Home.aspx -
2014-11-16 /ejn/EJN_InfoAbout.aspx Id=295
2014-11-16 /ejn/EJN_InfoAbout.aspx Id=351
2014-11-16 /ejn/libcategories.aspx -
2014-11-16 /ejn/libcategories.aspx -
2014-11-16 /ejn/libadvancedsearch.aspx -
2014-11-16 /ejn/ -
2014-11-16 /ejn/AtlasChooseMeasure.aspx Mp=1&Cou=PL&Type=2
2014-11-16 /ejn/EJN_AtlasAdvanced.aspx -
2014-11-16 /ejn/EJN_Home.aspx -
2014-11-16 /ejn/ -
2014-11-16 /ejn/EJN_FichesBelgesResult.aspx measure=804&country=351&other=-1
2014-11-16 /ejn/ -
2014-11-16 /ejn/EJN_StaticPage.aspx Bread=5
2014-11-16 /ejn/EJN_StaticPage.aspx Bread=24
2014-11-16 /ejn/AtlasChooseMeasure.aspx Mp=1&Cou=PL&Type=2
2014-11-16 /ejn/EJN_FichesBelgesResult.aspx measure=402&country=351&other=-1
2014-11-16 /ejn/ -
2014-11-16 /ejn/AtlasChooseMeasure.aspx Mp=1&Cou=PL&Type=2
2014-11-16 /ejn/AtlasChooseMeasure.aspx Mp=1&Cou=PL&Type=2
2014-11-16 /ejn/EJN_Home.aspx -
2014-11-16 /ejn/EJN_FichesBelgesResult.aspx measure=804&country=351&other=-1
2014-11-16 /ejn/EJN_FichesBelgesResult.aspx measure=804&country=351&other=-1
2014-11-16 /ejn/EJN_Home.aspx -
2014-11-16 /ejn/ -
2014-11-16 /ejn/AtlasChooseCountry.aspx Type=1
2014-11-16 /ejn/AtlasChooseMeasure.aspx MP=1&Cou=PL
2014-11-16 /ejn/AtlasSelection.aspx -
2014-11-16 /ejn/AtlasExtraInformationInstrument.aspx id=901&KeepThis=true&
2014-11-16 /ejn/AtlasSelection.aspx ++Culture:DESessionId:jwu5sviccvtehueb1kh4zppuDate_Time:22:12
2014-11-16 /ejn/AtlasSelection.aspx -
2014-11-16 /ejn/ ++Culture:DESessionId:jwu5sviccvtehueb1kh4zppuDate_Time:22:13
2014-11-16 /ejn/EJN_Home.aspx -
2014-11-16 /ejn/ -
2014-11-16 /ejn/AtlasChooseMeasure.aspx Mp=1&Cou=PL&Type=2
2014-11-16 /ejn/AtlasChooseMeasure.aspx Mp=1&Cou=PL&Type=2
2014-11-16 /ejn/EJN_FichesBelgesResult.aspx measure=203&country=351&other=-1
2014-11-16 /ejn/EJN_FichesBelgesResult.aspx measure=405&country=351&other=-1
2014-11-16 /ejn/AtlasChooseMeasure.aspx Mp=1&Cou=PL&Type=2
2014-11-16 /ejn/AtlasSelection.aspx -
2014-11-16 /ejn/AtlasSelection.aspx -
2014-11-16 /ejn/AtlasSelection.aspx -
2014-11-16 /ejn/AtlasSelection.aspx -
2014-11-16 /ejn/AtlasSelection.aspx -
2014-11-16 /ejn/AtlasChooseAuthority.aspx -
2014-11-16 /ejn/AtlasChooseAuthority.aspx -
2014-11-16 /ejn/ -
2014-11-16 /ejn/AtlasChooseMeasure.aspx Mp=1&Cou=DK&Type=2
2014-11-16 /ejn/AtlasChooseCountry.aspx Type=2
2014-11-16 /ejn/AtlasChooseMeasure.aspx MP=1&Cou=PT
2014-11-16 /ejn/AtlasChooseCountry.aspx Type=2
2014-11-16 /ejn/AtlasChooseMeasure.aspx MP=1&Cou=DK
2014-11-16 /ejn/EJN_Home.aspx -
2014-11-16 /ejn/AtlasChooseMeasure.aspx MP=1&Cou=DK
2014-11-16 /ejn/EJN_Home.aspx -
2014-11-16 /ejn/AtlasChooseMeasure.aspx MP=1&Cou=DK
2014-11-16 /ejn/EJN_Home.aspx -
2014-11-16 /ejn/EJN_Home.aspx -
2014-11-16 /ejn/AtlasChooseMeasure.aspx Mp=1&Cou=DK&Type=2
2014-11-16 /ejn/AtlasChooseMeasure.aspx Mp=1&Cou=DK&Type=2
2014-11-16 /ejn/ -
2014-11-16 /ejn/EJN_FichesBelgesResult.aspx measure=305&country=260&other=-1
2014-11-16 /ejn/EJN_Home.aspx -
2014-11-16 /ejn/ -
2014-11-16 /ejn/EJN_Home.aspx -
2014-11-16 /ejn/EJN_StaticPage.aspx Bread=9
2014-11-16 /ejn/EJN_ContactUs.aspx &KeepThis=true&
2014-11-16 /ejn/EJN_StaticPage.aspx Bread=8
2014-11-16 /ejn/EJN_AtlasAdvanced.aspx -
2014-11-16 /ejn/EJN_Home.aspx -
2014-11-16 /ejn/ -
2014-11-16 /ejn/EJN_Home.aspx -
2014-11-16 /ejn/EJN_Home.aspx -
2014-11-16 /ejn/EJN_Home.aspx -
2014-11-16 /ejn/EJN_Home.aspx -
2014-11-16 /ejn/EJN_Home.aspx -
2014-11-16 /ejn/ -
2014-11-16 /ejn/EJN_Home.aspx -
2014-11-16 /ejn/ -
2014-11-16 /ejn/NewsAll.aspx Id=1
2014-11-16 /ejn/EJN_StaticPage.aspx Bread=12
2014-11-16 /ejn/EJN_Home.aspx -
2014-11-16 /ejn/EJN_InfoAbout.aspx Id=378
2014-11-16 /ejn/EJN_Home.aspx -
2014-11-16 /ejn/EJN_Home.aspx ++Culture:DESessionId:gdhljvrffxxpmpiei3c3rzmpDate_Time:22:56
2014-11-16 /ejn/EJN_Home.aspx -
2014-11-16 /ejn/EJN_Compendium.aspx -
2014-11-16 /ejn/EJN_Home.aspx -
2014-11-16 /ejn/libcategories.aspx Id=5
2014-11-16 /ejn/libshowdocument.aspx Id=388&Lang=PT
2014-11-16 /ejn/libshowdocument.aspx Id=389&Lang=PT
2014-11-16 /ejn/EJN_Home.aspx -
2014-11-16 /ejn/libshowdocument.aspx Id=396&Lang=PT
2014-11-16 /ejn/libshowdocument.aspx Id=431&Lang=PT
2014-11-16 /ejn/libshowdocument.aspx Id=1034&Lang=PT
2014-11-16 /ejn/libshowdocument.aspx Id=395&Lang=PT
2014-11-16 /ejn/ -
2014-11-16 /ejn/libshowdocument.aspx Id=248&Lang=PT
2014-11-16 /ejn/EJN_AtlasAdvanced.aspx -
2014-11-16 /ejn/EJN_Home.aspx -
2014-11-16 /ejn/NewsAll.aspx Id=1
2014-11-16 /ejn/EJN_Home.aspx -
2014-11-16 /ejn/EJN_Home.aspx -
2014-11-16 /ejn/EJN_Home.aspx -
2014-11-16 /ejn/EJN_Home.aspx -
2014-11-16 /ejn/EJN_Home.aspx -
2014-11-16 /ejn/ -
2014-11-16 /ejn/EJN_Home.aspx -
2014-11-16 /ejn/EJN_Home.aspx -
2014-11-16 /ejn/EJN_Home.aspx -
2014-11-16 /ejn/EJN_Home.aspx -
2014-11-16 /ejn/ -
2014-11-16 /ejn/EJN_StaticPage.aspx Bread=9
2014-11-16 /ejn/EJN_StaticPage.aspx Bread=2
2014-11-16 /ejn/EJN_Home.aspx -
2014-11-16 /ejn/ -
2014-11-16 /ejn/EJN_StaticPage.aspx Bread=14
2014-11-16 /ejn/EJN_Home.aspx -
2014-11-16 /ejn/EJN_Home.aspx -
2014-11-16 /ejn/EJN_Home.aspx -
2014-11-16 /ejn/EJN_Home.aspx -
2014-11-16 /ejn/EJN_Home.aspx -
2014-11-16 /ejn/EJN_StaticPage.aspx Bread=9
2014-11-16 /ejn/EJN_Home.aspx -
2014-11-16 /ejn/EJN_StaticPage.aspx Bread=39
2014-11-16 /ejn/EJN_Home.aspx -
2014-11-16 /ejn/ -
2014-11-16 /ejn/AtlasChooseCountry.aspx Type=2
2014-11-16 /ejn/AtlasChooseMeasure.aspx MP=0&Cou=351
2014-11-16 /ejn/AtlasChooseMeasure.aspx MP=0&Cou=351
2014-11-16 /ejn/AtlasChooseMeasure.aspx MP=0&Cou=351
2014-11-16 /ejn/AtlasSelection.aspx -
2014-11-16 /ejn/AtlasSelection.aspx -
2014-11-16 /ejn/AtlasSelection.aspx -
2014-11-16 /ejn/ -
2014-11-16 /ejn/AtlasSelection.aspx -
2014-11-16 /ejn/AtlasSelection.aspx -
2014-11-16 /ejn/AtlasChooseAuthority.aspx -
2014-11-16 /ejn/AtlasChooseAuthority.aspx/GetLocations -
2014-11-16 /ejn/AtlasChooseAuthority.aspx -
2014-11-16 /ejn/AtlasChooseAuthority.aspx -
2014-11-16 /ejn/AtlasChooseAuthority.aspx -
2014-11-16 /ejn/AtlasChooseAuthority.aspx -
2014-11-16 /ejn/AtlasChooseAuthority.aspx -
2014-11-16 /ejn/AtlasChooseAuthority.aspx -
2014-11-16 /ejn/AtlasAuthorityData.aspx Id=5280
2014-11-16 /ejn/EJN_Home.aspx -
2014-11-16 /ejn/EJN_AtlasAdvanced.aspx -
2014-11-16 /ejn/AtlasChooseCountry.aspx -
2014-11-16 /ejn/EJN_Home.aspx -
2014-11-16 /ejn/EJN_FichesBelges.aspx -
2014-11-16 /ejn/EJN_FichesBelges.aspx ++Culture:ESSessionId:wrj0za0dostdmw2bcerocthxDate_Time:23:32
2014-11-16 /ejn/EJN_FichesBelges.aspx -
2014-11-16 /ejn/EJN_FichesBelges.aspx -
2014-11-16 /ejn/EJN_FichesBelgesTable.aspx -
2014-11-16 /ejn/AtlasChooseCountry.aspx Type=2
2014-11-16 /ejn/AtlasChooseMeasure.aspx MP=1&Cou=IT
2014-11-16 /ejn/EJN_Home.aspx -
2014-11-16 /ejn/ -
2014-11-16 /ejn/AtlasChooseMeasure.aspx MP=1&Cou=IT
2014-11-16 /ejn/AtlasChooseMeasure.aspx MP=1&Cou=IT
2014-11-16 /ejn/AtlasSelection.aspx -
2014-11-16 /ejn/AtlasChooseAuthority.aspx -
2014-11-16 /ejn/EJN_FichesBelges.aspx -
2014-11-16 /ejn/EJN_FichesBelgesTable.aspx -
2014-11-16 /ejn/ -
2014-11-16 /ejn/EJN_Compendium.aspx -
2014-11-16 /ejn/ctrls.compendium/IframeEngine.aspx -
2014-11-16 /ejn/EJN_Home.aspx -
2014-11-16 /ejn/EJN_FichesBelges.aspx -
2014-11-16 /ejn/EJN_FichesBelgesTable.aspx -
2014-11-16 /ejn/EJN_Home.aspx -
2014-11-16 /EJN_StaticPage.aspx Bread=18
2014-11-16 /EJN_StaticPage.aspx Bread=26
2014-11-16 /Events.aspx event=304
2014-11-16 /NewsDetail.aspx id=298&Ori=H
2014-11-16 /NewsDetail.aspx id=313&Ori=H
2014-11-16 /ejn/Events.aspx event=112
2014-11-16 /ejn/libcategories.aspx Id=5
2014-11-16 /EJN_ContactUs.aspx &KeepThis=true&TB_iframe=true&height=650&width=900
2014-11-16 /EJN_QuickLinks.aspx id=26
2014-11-16 /EJN_StaticPage.aspx Bread=11
2014-11-16 /EJN_StaticPage.aspx Bread=16
2014-11-16 /EJN_StaticPage.aspx Bread=23
2014-11-16 /EJN_StaticPage.aspx Bread=24
2014-11-16 /EJN_StaticPage.aspx Bread=28
2014-11-16 /Events.aspx event=301
2014-11-16 /NewsDetail.aspx id=300&Ori=H
2014-11-16 /NewsDetail.aspx id=309&Ori=H
2014-11-16 /NewsDetail.aspx id=315&Ori=H
2014-11-16 /ejn/EJN_Home.aspx -
2014-11-16 /ejn/Events.aspx event=110
2014-11-16 /ejn/Events.aspx event=302
2014-11-16 /ejn/NewsDetail.aspx id=269&Ori=H
2014-11-16 /ejn/ejn_home.aspx -
2014-11-16 /EJN_StaticPage.aspx Bread=17
2014-11-16 /EJN_StaticPage.aspx Bread=25
2014-11-16 /EJN_StaticPage.aspx Bread=3
2014-11-16 /ejn/EJN_ContactUs.aspx &KeepThis=true&TB_iframe=true&height=650&width=900
2014-11-16 /ejn/Events.aspx event=111
2014-11-16 /ejn/Events.aspx event=116
2014-11-16 /ejn/Events.aspx event=123
2014-11-16 /ejn/Events.aspx event=303
2014-11-16 /ejn/Events.aspx event=304
2014-11-16 /ejn/NewsDetail.aspx id=313&Ori=H
2014-11-16 /ejn/ -
2014-11-16 /ejn/AtlasChooseMeasure.aspx Mp=1&Cou=FR&Type=2
2014-11-16 /ejn/AtlasChooseMeasure.aspx Mp=1&Cou=FR&Type=2
2014-11-16 /ejn/AtlasChooseMeasure.aspx Mp=1&Cou=FR&Type=2
2014-11-16 /ejn/AtlasSelection.aspx -
2014-11-16 /ejn/EJN_StaticPage.aspx Bread=39
2014-11-16 /ejn/AtlasSelection.aspx -
2014-11-16 /ejn/EJN_Secretariat.aspx -
2014-11-16 /ejn/AtlasSelection.aspx -
2014-11-16 /ejn/AtlasSelection.aspx -
2014-11-16 /ejn/AtlasSelection.aspx -
2014-11-16 /ejn/AtlasSelection.aspx -
2014-11-16 /ejn/AtlasSelection.aspx -
2014-11-16 /ejn/AtlasChooseAuthority.aspx -
2014-11-16 /ejn/AtlasChooseAuthority.aspx/GetLocations -
2014-11-16 /ejn/AtlasChooseAuthority.aspx -
2014-11-16 /ejn/AtlasChooseAuthority.aspx -
2014-11-16 /ejn/AtlasChooseAuthority.aspx -
2014-11-16 /ejn/AtlasChooseAuthority.aspx -
2014-11-16 /ejn/AtlasChooseAuthority.aspx -
2014-11-16 /ejn/AtlasChooseAuthority.aspx -
2014-11-16 /ejn/AtlasChooseAuthority.aspx -
2014-11-16 /ejn/AtlasSelection.aspx -
2014-11-16 /ejn/AtlasSelection.aspx -
2014-11-16 /ejn/AtlasChooseAuthority.aspx -
2014-11-16 /ejn/AtlasChooseAuthority.aspx/GetLocations -
2014-11-16 /ejn/AtlasChooseAuthority.aspx -
2014-11-16 /ejn/AtlasChooseAuthority.aspx -
2014-11-16 /ejn/AtlasChooseAuthority.aspx/GetLocations -
2014-11-16 /ejn/AtlasChooseAuthority.aspx/GetLocations -
2014-11-16 /ejn/AtlasChooseAuthority.aspx -
2014-11-16 /ejn/AtlasAuthorityData.aspx Id=4744
2014-11-16 /ejn/AtlasChooseAuthority.aspx -
2014-11-16 /ejn/AtlasChooseAuthority.aspx -
2014-11-16 /ejn/AtlasChooseAuthority.aspx -
2014-11-16 /ejn/AtlasAuthorityData.aspx Id=4744
2014-11-16 /ejn/AtlasChooseCountry.aspx Type=2
2014-11-16 /ejn/AtlasChooseMeasure.aspx MP=1&Cou=FR
2014-11-16 /ejn/AtlasChooseMeasure.aspx MP=1&Cou=FR
2014-11-16 /ejn/AtlasChooseMeasure.aspx MP=1&Cou=FR
2014-11-16 /ejn/AtlasSelection.aspx -
2014-11-16 /ejn/AtlasSelection.aspx -
2014-11-16 /ejn/AtlasSelection.aspx -
2014-11-16 /ejn/AtlasSelection.aspx -
2014-11-16 /ejn/AtlasSelection.aspx -
2014-11-16 /ejn/AtlasChooseAuthority.aspx -
2014-11-16 /ejn/AtlasChooseAuthority.aspx/GetLocations -
2014-11-16 /ejn/AtlasChooseAuthority.aspx -
2014-11-16 /ejn/AtlasChooseAuthority.aspx -
2014-11-16 /ejn/AtlasAuthorityData.aspx Id=4744
2014-11-16 /ejn/EJN_Compendium.aspx -
2014-11-16 /ejn/ctrls.compendium/IframeEngine.aspx -
2014-11-16 /ejn/EJN_Compendium.aspx -
2014-11-16 /ejn/ctrls.compendium/IframeEngine.aspx -
2014-11-16 /ejn/EJN_Home.aspx -
2014-11-16 /ejn/ -
2014-11-16 /ejn/ctrls.compendium/iframeEngine.aspx remoteFunction=getMLAforCountry&country=IT&mIDs=703,711&langId=67&callback=checkMLA_cb
2014-11-16 /ejn/ctrls.compendium/iframeEngine.aspx remoteFunction=getMLAforCountry&country=IT&mIDs=703,711&langId=67&callback=checkMLA_cb
2014-11-16 /ejn/EJN_FichesBelgesResult.aspx measure=703&country=IT&other=-1
2014-11-16 /ejn/EJN_Home.aspx -
2014-11-16 /ejn/ -
2014-11-16 /ejn/EJN_Home.aspx -
2014-11-16 /ejn/EJN_AtlasAdvanced.aspx -
2014-11-16 /ejn/EJN_Home.aspx -
2014-11-16 /ejn/ -
2014-11-16 /ejn/ -
2014-11-16 /ejn/EJN_QuickLinks.aspx id=24
2014-11-16 /ejn/EJN_Home.aspx -
2014-11-16 /ejn/EJN_Home.aspx -
2014-11-16 /ejn/ -
2014-11-16 /ejn/EJN_AtlasAdvanced.aspx -
2014-11-16 /ejn/ejn_home.aspx -
2014-11-16 /ejn/EJN_Home.aspx -
2014-11-16 /ejn/EJN_InfoAbout.aspx Id=215
2014-11-16 /ejn/EJN_Home.aspx -
2014-11-16 /ejn/ -
2014-11-16 /default.aspx -
2014-11-16 /default.aspx -
2014-11-16 /ejn/EJN_StaticPage.aspx Bread=1
2014-11-16 /ejn/EJN_Home.aspx -
2014-11-16 /ejn/EJN_Home.aspx -
2014-11-16 /ejn/ -
2014-11-16 /ejn/NewsAll.aspx Id=1
2014-11-16 /ejn/EJN_Home.aspx -
2014-11-16 /ejn/EJN_Home.aspx -
2014-11-16 /ejn/EJN_Home.aspx -
2014-11-16 /ejn/EJN_Home.aspx -
2014-11-16 /ejn/EJN_Home.aspx -
2014-11-16 /ejn/ -
2014-11-16 /ejn/EJN_Home.aspx -
2014-11-16 /ejn/EJN_Home.aspx -
