2014-10-12 /ejn/ -
2014-10-12 /ejn/EJN_Home.aspx -
2014-10-12 /ejn/EJN_AtlasAdvanced.aspx -
2014-10-12 /ejn/EJN_Home.aspx -
2014-10-12 /ejn/EJN_Home.aspx -
2014-10-12 /ejn/EJN_Home.aspx -
2014-10-12 /ejn/EJN_Home.aspx -
2014-10-12 /ejn/EJN_Home.aspx -
2014-10-12 /ejn/EJN_Home.aspx -
2014-10-12 /ejn/Events.aspx -
2014-10-12 /ejn/EJN_Home.aspx -
2014-10-12 /ejn/EJN_Home.aspx -
2014-10-12 /ejn/EJN_Home.aspx -
2014-10-12 /ejn/EJN_Home.aspx -
2014-10-12 /ejn/EJN_AtlasAdvanced.aspx -
2014-10-12 /ejn/EJN_Home.aspx -
2014-10-12 /ejn/ -
2014-10-12 /ejn/EJN_Home.aspx -
2014-10-12 /ejn/EJN_Home.aspx -
2014-10-12 /ejn/ -
2014-10-12 /ejn/EJN_InfoAbout.aspx Id=351
2014-10-12 /ejn/sitemap.aspx -
2014-10-12 /ejn/AtlasChooseCountry.aspx Type=2
2014-10-12 /ejn/AtlasChooseMeasure.aspx MP=0&Cou=351
2014-10-12 /ejn/ -
2014-10-12 /ejn/ -
2014-10-12 /ejn/EJN_Compendium.aspx -
2014-10-12 /ejn/ctrls.compendium/IframeEngine.aspx -
2014-10-12 /ejn/EJN_Compendium.aspx -
2014-10-12 /ejn/ctrls.compendium/IframeEngine.aspx -
2014-10-12 /ejn/ -
2014-10-12 /ejn/ -
2014-10-12 /ejn/EJN_InfoAbout.aspx Id=351
2014-10-12 /ejn/EJN_Home.aspx -
2014-10-12 /ejn/ -
2014-10-12 /ejn/ -
2014-10-12 /ejn/ -
2014-10-12 /ejn/ -
2014-10-12 /ejn/EJN_StaticPage.aspx Bread=30
2014-10-12 /ejn/ -
2014-10-12 /ejn/EJN_StaticPage.aspx Bread=5
2014-10-12 /ejn/EJN_StaticPage.aspx Bread=22
2014-10-12 /ejn/ -
2014-10-12 /ejn/EJN_EAWWizard.aspx -
2014-10-12 /ejn/EJN_Home.aspx -
2014-10-12 /ejn/EJN_Home.aspx -
2014-10-12 /ejn/EJN_Home.aspx -
2014-10-12 /ejn/EJN_StaticPage.aspx Bread=16
2014-10-12 /ejn/EJN_Home.aspx -
2014-10-12 /ejn/EJN_Home.aspx -
2014-10-12 /ejn/EJN_StaticPage.aspx Bread=8
2014-10-12 /ejn/EJN_StaticPage.aspx Bread=4
2014-10-12 /ejn/EJN_Home.aspx -
2014-10-12 /ejn/EJN_Home.aspx -
2014-10-12 /ejn/ -
2014-10-12 /ejn/EJN_Home.aspx -
2014-10-12 /ejn/EJN_AtlasAdvanced.aspx -
2014-10-12 /ejn/EJN_Home.aspx -
2014-10-12 /ejn/EJN_Home.aspx -
2014-10-12 /ejn/EJN_Home.aspx -
2014-10-12 /ejn/EJN_StaticPage.aspx Bread=24
2014-10-12 /ejn/EJN_StaticPage.aspx Bread=16
2014-10-12 /ejn/EJN_StaticPage.aspx Bread=30
2014-10-12 /ejn/EJN_Home.aspx -
2014-10-12 /ejn/EJN_Home.aspx -
2014-10-12 /ejn/EJN_Home.aspx -
2014-10-12 /ejn/EJN_Home.aspx -
2014-10-12 /ejn/AtlasChooseCountry.aspx -
2014-10-12 /ejn/EJN_Home.aspx -
2014-10-12 /ejn/EJN_FichesBelges.aspx -
2014-10-12 /ejn/EJN_Home.aspx -
2014-10-12 /ejn/EJN_Home.aspx -
2014-10-12 /ejn/EJN_Home.aspx -
2014-10-12 /ejn/EJN_Home.aspx -
2014-10-12 /ejn/EJN_Home.aspx -
2014-10-12 /ejn/EJN_Home.aspx -
2014-10-12 /ejn/libshowdocument.aspx Id=217&Lang=BG
2014-10-12 /ejn/ -
2014-10-12 /ejn/ -
2014-10-12 /ejn/EJN_Home.aspx -
2014-10-12 /ejn/EJN_Home.aspx -
2014-10-12 /ejn/EJN_Home.aspx -
2014-10-12 /ejn/Events.aspx event=225
2014-10-12 /ejn/EJN_Home.aspx -
2014-10-12 /ejn/EJN_Home.aspx -
2014-10-12 /ejn/EJN_Home.aspx -
2014-10-12 /ejn/ -
2014-10-12 /ejn/EJN_AtlasAdvanced.aspx -
2014-10-12 /ejn/ -
2014-10-12 /ejn/EJN_Home.aspx -
2014-10-12 /ejn/EJN_Home.aspx -
2014-10-12 /ejn/EJN_Home.aspx -
2014-10-12 /ejn/EJN_Home.aspx -
2014-10-12 /ejn/ -
2014-10-12 /ejn/EJN_Home.aspx -
2014-10-12 /ejn/EJN_Home.aspx -
2014-10-12 /ejn/EJN_AtlasAdvanced.aspx -
2014-10-12 /ejn/EJN_Home.aspx -
2014-10-12 /ejn/EJN_Home.aspx -
2014-10-12 /ejn/EJN_Home.aspx -
2014-10-12 /ejn/EJN_Home.aspx -
2014-10-12 /ejn/EJN_Home.aspx -
2014-10-12 /ejn/EJN_Home.aspx -
2014-10-12 /ejn/EJN_Home.aspx -
2014-10-12 /ejn/EJN_Home.aspx -
2014-10-12 /ejn/ -
2014-10-12 /ejn/libcategories.aspx Id=14
2014-10-12 /ejn/EJN_Home.aspx -
2014-10-12 /ejn/libcategories.aspx -
2014-10-12 /ejn/EJN_Home.aspx -
2014-10-12 /ejn/libcategories.aspx Id=21
2014-10-12 /ejn/EJN_Home.aspx -
2014-10-12 /ejn/EJN_Home.aspx -
2014-10-12 /ejn/ -
2014-10-12 /ejn/EJN_Home.aspx -
2014-10-12 /ejn/EJN_Home.aspx -
2014-10-12 /ejn/EJN_Home.aspx -
2014-10-12 /ejn/ -
2014-10-12 /ejn/EJN_AtlasAdvanced.aspx -
2014-10-12 /ejn/EJN_Home.aspx -
2014-10-12 /ejn/EJN_Home.aspx -
2014-10-12 /ejn/ -
2014-10-12 /ejn/EJN_Home.aspx -
2014-10-12 /ejn/ -
2014-10-12 /ejn/EJN_Search.aspx -
2014-10-12 /ejn/EJN_StaticPage.aspx Bread=7
2014-10-12 /ejn/EJN_ContactUs.aspx &KeepThis=true&TB_iframe=true&height=650&width=900
2014-10-12 /ejn/ejn_home.aspx -
2014-10-12 /ejn/EJN_Home.aspx -
2014-10-12 /ejn/sitemap.aspx -
2014-10-12 /ejn/EJN_Faqs.aspx -
2014-10-12 /ejn/EJN_StaticPage.aspx Bread=8
2014-10-12 /ejn/EJN_StaticPage.aspx Bread=4
2014-10-12 /ejn/EJN_StaticPage.aspx Bread=9
2014-10-12 /ejn/libcategories.aspx Id=25
2014-10-12 /ejn/AtlasChooseMeasure.aspx MP=1&Cou=UK&Type=2
2014-10-12 /ejn/EJN_StaticPage.aspx Bread=2
2014-10-12 /ejn/EJN_StaticPage.aspx Bread=39
2014-10-12 /ejn/libcategories.aspx Id=24
2014-10-12 /ejn/libcategories.aspx Id=14
2014-10-12 /ejn/libcategories.aspx Id=32
2014-10-12 /ejn/libcategories.aspx Id=34
2014-10-12 /ejn/EJN_Home.aspx -
2014-10-12 /ejn/EJN_StaticPage.aspx Bread=17
2014-10-12 /ejn/EJN_StaticPage.aspx Bread=27
2014-10-12 /ejn/EJN_StaticPage.aspx Bread=28
2014-10-12 /ejn/EJN_StaticPage.aspx Bread=13
2014-10-12 /ejn/Gallery.aspx -
2014-10-12 /ejn/EJN_StaticPage.aspx Bread=16
2014-10-12 /ejn/EJN_StaticPage.aspx Bread=10
2014-10-12 /ejn/EJN_Secretariat.aspx -
2014-10-12 /ejn/EJN_StaticPage.aspx Bread=21
2014-10-12 /ejn/EJN_StaticPage.aspx Bread=14
2014-10-12 /ejn/EJN_StaticPage.aspx Bread=31
2014-10-12 /ejn/EJN_StaticPage.aspx Bread=25
2014-10-12 /ejn/EJN_StaticPage.aspx Bread=35
2014-10-12 /ejn/EJN_StaticPage.aspx Bread=24
2014-10-12 /ejn/EJN_StaticPage.aspx Bread=34
2014-10-12 /ejn/EJN_StaticPage.aspx Bread=33
2014-10-12 /ejn/EJN_StaticPage.aspx Bread=18
2014-10-12 /ejn/EJN_StaticPage.aspx Bread=32
2014-10-12 /ejn/EJN_StaticPage.aspx Bread=30
2014-10-12 /ejn/EJN_StaticPage.aspx Bread=20
2014-10-12 /ejn/EJN_StaticPage.aspx Bread=23
2014-10-12 /ejn/NewsDetail.aspx id=272&Ori=H
2014-10-12 /ejn/EJN_Home.aspx -
2014-10-12 /ejn/NewsDetail.aspx id=270&Ori=H
2014-10-12 /ejn/NewsDetail.aspx id=276&Ori=H
2014-10-12 /ejn/EJN_StaticPage.aspx Bread=37
2014-10-12 /ejn/EJN_StaticPage.aspx Bread=38
2014-10-12 /ejn/EJN_StaticPage.aspx Bread=19
2014-10-12 /ejn/EJN_StaticPage.aspx Bread=26
2014-10-12 /ejn/EJN_StaticPage.aspx Bread=22
2014-10-12 /ejn/EJN_StaticPage.aspx Bread=36
2014-10-12 /ejn/NewsDetail.aspx id=245&Ori=H
2014-10-12 /ejn/NewsDetail.aspx id=248&Ori=H
2014-10-12 /ejn/Events.aspx id=7
2014-10-12 /ejn/NewsDetail.aspx id=249&Ori=H
2014-10-12 /ejn/NewsDetail.aspx id=269&Ori=H
2014-10-12 /ejn/Events.aspx id=6
2014-10-12 /ejn/NewsDetail.aspx id=257&Ori=H
2014-10-12 /ejn/NewsDetail.aspx id=251&Ori=H
2014-10-12 /ejn/Events.aspx event=273
2014-10-12 /ejn/NewsDetail.aspx id=262&Ori=H
2014-10-12 /ejn/Events.aspx Id=6
2014-10-12 /ejn/NewsAll.aspx Id=5
2014-10-12 /ejn/NewsAll.aspx Id=1
2014-10-12 /ejn/NewsAll.aspx Id=4
2014-10-12 /ejn/Events.aspx Id=7
2014-10-12 /ejn/Events.aspx event=181
2014-10-12 /ejn/NewsAll.aspx Id=2
2014-10-12 /ejn/NewsAll.aspx Id=3
2014-10-12 /ejn/NewsAll.aspx -
2014-10-12 /ejn/Events.aspx event=231
2014-10-12 /ejn/EJN_InfoAbout.aspx Id=432
2014-10-12 /ejn/EJN_InfoAbout.aspx Id=223
2014-10-12 /ejn/EJN_SubscribeNewsLetter.aspx -
2014-10-12 /ejn/EJN_InfoAbout.aspx Id=230
2014-10-12 /ejn/EJN_InfoAbout.aspx Id=239
2014-10-12 /ejn/EJN_InfoAbout.aspx Id=258
2014-10-12 /ejn/Events.aspx -
2014-10-12 /ejn/EJN_InfoAbout.aspx Id=273
2014-10-12 /ejn/EJN_InfoAbout.aspx Id=279
2014-10-12 /ejn/EJN_InfoAbout.aspx Id=293
2014-10-12 /ejn/EJN_InfoAbout.aspx Id=259
2014-10-12 /ejn/EJN_InfoAbout.aspx Id=295
2014-10-12 /ejn/EJN_InfoAbout.aspx Id=272
2014-10-12 /ejn/EJN_InfoAbout.aspx Id=277
2014-10-12 /ejn/EJN_InfoAbout.aspx Id=260
2014-10-12 /ejn/EJN_InfoAbout.aspx Id=269
2014-10-12 /ejn/EJN_InfoAbout.aspx Id=287
2014-10-12 /ejn/EJN_InfoAbout.aspx Id=369
2014-10-12 /ejn/EJN_InfoAbout.aspx Id=351
2014-10-12 /ejn/EJN_InfoAbout.aspx Id=314
2014-10-12 /ejn/EJN_InfoAbout.aspx Id=313
2014-10-12 /ejn/EJN_InfoAbout.aspx Id=307
2014-10-12 /ejn/EJN_InfoAbout.aspx Id=352
2014-10-12 /ejn/EJN_InfoAbout.aspx Id=354
2014-10-12 /ejn/EJN_InfoAbout.aspx Id=321
2014-10-12 /ejn/EJN_InfoAbout.aspx Id=368
2014-10-12 /ejn/EJN_Home.aspx -
2014-10-12 /ejn/EJN_InfoAbout.aspx Id=337
2014-10-12 /ejn/EJN_Home.aspx -
2014-10-12 /ejn/EJN_InfoAbout.aspx Id=435
2014-10-12 /ejn/EJN_InfoAbout.aspx Id=434
2014-10-12 /ejn/EJN_InfoAbout.aspx Id=288
2014-10-12 /ejn/EJN_InfoAbout.aspx Id=378
2014-10-12 /ejn/EJN_InfoAbout.aspx Id=433
2014-10-12 /ejn/EJN_InfoAbout.aspx Id=389
2014-10-12 /ejn/EJN_InfoAbout.aspx Id=373
2014-10-12 /ejn/EJN_InfoAbout.aspx Id=364
2014-10-12 /ejn/EJN_InfoAbout.aspx Id=395
2014-10-12 /ejn/EJN_InfoAbout.aspx Id=215
2014-10-12 /ejn/EJN_InfoAbout.aspx Id=430
2014-10-12 /ejn/EJN_InfoAbout.aspx Id=342
2014-10-12 /ejn/AtlasChooseCountry.aspx Type=1
2014-10-12 /ejn/EJN_FichesBelges.aspx -
2014-10-12 /ejn/AtlasChooseCountry.aspx Type=2
2014-10-12 /ejn/EJN_StaticPage.aspx Bread=1
2014-10-12 /ejn/EJN_EAWWizard.aspx -
2014-10-12 /ejn/EJN_StaticPage.aspx Bread=3
2014-10-12 /ejn/EJN_Login.aspx -
2014-10-12 /ejn/EJN_Compendium.aspx -
2014-10-12 /ejn/EJN_StaticPage.aspx Bread=11
2014-10-12 /ejn/EJN_QuickLinks.aspx id=27
2014-10-12 /ejn/EJN_StaticPage.aspx Bread=12
2014-10-12 /ejn/libcategories.aspx -
2014-10-12 /ejn/EJN_QuickLinks.aspx -
2014-10-12 /ejn/EJN_QuickLinks.aspx id=23
2014-10-12 /ejn/EJN_QuickLinks.aspx id=24
2014-10-12 /ejn/EJN_QuickLinks.aspx id=25
2014-10-12 /ejn/EJN_QuickLinks.aspx id=28
2014-10-12 /ejn/EJN_QuickLinks.aspx id=26
2014-10-12 /ejn/EJN_AtlasAdvanced.aspx -
2014-10-12 /ejn/EJN_Faqs.aspx cat=2
2014-10-12 /ejn/EJN_StaticPage.aspx Bread=5
2014-10-12 /ejn/EJN_EAWAtlas.aspx -
2014-10-12 /ejn/ejn_search.aspx -
2014-10-12 /ejn/EJN_Error.aspx -
2014-10-12 /ejn/ejn_staticpage.aspx Bread=8
2014-10-12 /ejn/libcategories.aspx Id=2
2014-10-12 /ejn/ejn_faqs.aspx -
2014-10-12 /ejn/EJN_Faqs.aspx cat=1
2014-10-12 /ejn/ejn_staticpage.aspx Bread=7
2014-10-12 /ejn/ejn_staticpage.aspx Bread=9
2014-10-12 /ejn/libadvancedsearch.aspx -
2014-10-12 /ejn/libcategories.aspx id=1
2014-10-12 /ejn/libdocumentproperties.aspx Id=99
2014-10-12 /ejn/ejn_staticpage.aspx Bread=4
2014-10-12 /ejn/libshowdocument.aspx Id=99&Lang=CS
2014-10-12 /ejn/libshowdocument.aspx Id=99&Lang=BG
2014-10-12 /ejn/libshowdocument.aspx Id=99&Lang=FI
2014-10-12 /ejn/libshowdocument.aspx Id=99&Lang=EN
2014-10-12 /ejn/libshowdocument.aspx Id=99&Lang=FR
2014-10-12 /ejn/libshowdocument.aspx Id=99&Lang=ET
2014-10-12 /ejn/libshowdocument.aspx Id=99&Lang=DE
2014-10-12 /ejn/libshowdocument.aspx Id=99&Lang=DK
2014-10-12 /ejn/libshowdocument.aspx Id=99&Lang=HU
2014-10-12 /ejn/libshowdocument.aspx Id=99&Lang=EL
2014-10-12 /ejn/libshowdocument.aspx Id=99&Lang=HR
2014-10-12 /ejn/libshowdocument.aspx Id=99&Lang=ES
2014-10-12 /ejn/libshowdocument.aspx Id=99&Lang=NL
2014-10-12 /ejn/libshowdocument.aspx Id=99&Lang=PT
2014-10-12 /ejn/libshowdocument.aspx Id=99&Lang=IT
2014-10-12 /ejn/libshowdocument.aspx Id=99&Lang=MT
2014-10-12 /ejn/libshowdocument.aspx Id=99&Lang=SL
2014-10-12 /ejn/libshowdocument.aspx Id=99&Lang=SK
2014-10-12 /ejn/libshowdocument.aspx Id=99&Lang=PL
2014-10-12 /ejn/libshowdocument.aspx Id=99&Lang=LV
2014-10-12 /ejn/libshowdocument.aspx Id=99&Lang=RO
2014-10-12 /ejn/libdocumentproperties.aspx Id=3
2014-10-12 /ejn/libshowdocument.aspx Id=3&Lang=EL
2014-10-12 /ejn/libshowdocument.aspx Id=3&Lang=BG
2014-10-12 /ejn/libshowdocument.aspx Id=3&Lang=ET
2014-10-12 /ejn/libshowdocument.aspx Id=3&Lang=CS
2014-10-12 /ejn/libshowdocument.aspx Id=99&Lang=SV
2014-10-12 /ejn/libshowdocument.aspx Id=3&Lang=DE
2014-10-12 /ejn/libshowdocument.aspx Id=3&Lang=ES
2014-10-12 /ejn/libshowdocument.aspx Id=3&Lang=EN
2014-10-12 /ejn/libshowdocument.aspx Id=3&Lang=DK
2014-10-12 /ejn/libshowdocument.aspx Id=3&Lang=FI
2014-10-12 /ejn/libshowdocument.aspx Id=3&Lang=IT
2014-10-12 /ejn/libshowdocument.aspx Id=3&Lang=NL
2014-10-12 /ejn/libshowdocument.aspx Id=3&Lang=HU
2014-10-12 /ejn/libshowdocument.aspx Id=3&Lang=PT
2014-10-12 /ejn/libshowdocument.aspx Id=3&Lang=LV
2014-10-12 /ejn/libshowdocument.aspx Id=3&Lang=LT
2014-10-12 /ejn/libshowdocument.aspx Id=3&Lang=MT
2014-10-12 /ejn/libshowdocument.aspx Id=3&Lang=FR
2014-10-12 /ejn/libshowdocument.aspx Id=3&Lang=PL
2014-10-12 /ejn/libshowdocument.aspx Id=3&Lang=RO
2014-10-12 /ejn/libshowdocument.aspx Id=3&Lang=SK
2014-10-12 /ejn/EJN_Home.aspx -
2014-10-12 /ejn/EJN_Home.aspx -
2014-10-12 /ejn/EJN_Home.aspx -
2014-10-12 /ejn/EJN_Home.aspx -
2014-10-12 /ejn/ -
2014-10-12 /ejn/EJN_Home.aspx -
2014-10-12 /ejn/ -
2014-10-12 /ejn/EJN_Home.aspx -
2014-10-12 /ejn/ -
2014-10-12 /ejn/libshowdocument.aspx Id=56&Lang=EN
2014-10-12 /ejn/EJN_Home.aspx -
2014-10-12 /ejn/EJN_Home.aspx -
2014-10-12 /ejn/EJN_Home.aspx -
2014-10-12 /ejn/libshowdocument.aspx Id=16&Lang=FR
2014-10-12 /ejn/EJN_Home.aspx -
2014-10-12 /ejn/EJN_Home.aspx -
2014-10-12 /ejn/libshowdocument.aspx Id=116&Lang=EN
2014-10-12 /ejn/EJN_Home.aspx -
2014-10-12 /atlas_advanced.aspx -
2014-10-12 /atlas_advanced.aspx -
2014-10-12 /ejn/ -
2014-10-12 /atlas_advanced.aspx -
2014-10-12 /atlas_advanced.aspx -
2014-10-12 /ejn/ -
2014-10-12 /ejn/EJN_AtlasAdvanced.aspx -
2014-10-12 /ejn/EJN_StaticPage.aspx Bread=12
2014-10-12 /ejn/EJN_Home.aspx -
2014-10-12 /ejn/AtlasChooseCountry.aspx -
2014-10-12 /ejn/EJN_Home.aspx -
2014-10-12 /ejn/ -
2014-10-12 /ejn/EJN_Home.aspx -
2014-10-12 /ejn/EJN_Home.aspx -
2014-10-12 /ejn/EJN_Home.aspx -
2014-10-12 /ejn/EJN_Home.aspx -
2014-10-12 /ejn/EJN_Home.aspx -
2014-10-12 /ejn/EJN_Home.aspx -
2014-10-12 /ejn/libshowdocument.aspx Id=126&Lang=LT
2014-10-12 /ejn/EJN_Home.aspx -
2014-10-12 /ejn/EJN_Home.aspx -
2014-10-12 /ejn/EJN_Home.aspx -
2014-10-12 /ejn/libshowdocument.aspx Id=48&Lang=EN
2014-10-12 /ejn/EJN_Home.aspx -
2014-10-12 /ejn/EJN_Home.aspx -
2014-10-12 /ejn/EJN_Home.aspx -
2014-10-12 /ejn/EJN_Home.aspx -
2014-10-12 /ejn/EJN_Home.aspx -
2014-10-12 /ejn/EJN_Home.aspx -
2014-10-12 /ejn/EJN_Home.aspx -
2014-10-12 /ejn/EJN_Home.aspx -
2014-10-12 /ejn/EJN_Home.aspx -
2014-10-12 /ejn/ -
2014-10-12 /ejn/EJN_AtlasAdvanced.aspx -
2014-10-12 /ejn/Events.aspx -
2014-10-12 /ejn/EJN_Home.aspx -
2014-10-12 /ejn/EJN_Home.aspx -
2014-10-12 /ejn/EJN_Home.aspx -
2014-10-12 /ejn/EJN_Home.aspx -
2014-10-12 /ejn/EJN_Home.aspx -
2014-10-12 /ejn/EJN_Home.aspx -
2014-10-12 /ejn/EJN_Home.aspx -
2014-10-12 /ejn/ -
2014-10-12 /ejn/EJN_Home.aspx -
2014-10-12 /ejn/EJN_Home.aspx -
2014-10-12 /ejn/EJN_Home.aspx -
2014-10-12 /ejn/EJN_Home.aspx -
2014-10-12 /ejn/EJN_Home.aspx -
2014-10-12 /ejn/EJN_Home.aspx -
2014-10-12 /ejn/EJN_Home.aspx -
2014-10-12 /ejn/EJN_Home.aspx -
2014-10-12 /ejn/EJN_Home.aspx -
2014-10-12 /ejn/libadvancedsearch.aspx -
2014-10-12 /ejn/EJN_Home.aspx -
2014-10-12 /ejn/EJN_Home.aspx -
2014-10-12 /ejn/EJN_Home.aspx -
2014-10-12 /ejn/EJN_Home.aspx -
2014-10-12 /ejn/ -
2014-10-12 /ejn/ -
2014-10-12 /ejn/EJN_AtlasAdvanced.aspx -
2014-10-12 /ejn/EJN_StaticPage.aspx Bread=8
2014-10-12 /ejn/EJN_Home.aspx -
2014-10-12 /ejn/ -
2014-10-12 /ejn/EJN_Home.aspx -
2014-10-12 /ejn/EJN_Home.aspx -
2014-10-12 /ejn/EJN_Home.aspx -
2014-10-12 /ejn/EJN_Home.aspx -
2014-10-12 /ejn/EJN_Home.aspx -
2014-10-12 /ejn/EJN_Home.aspx -
2014-10-12 /ejn/ -
2014-10-12 /ejn/ -
2014-10-12 /ejn/EJN_Home.aspx -
2014-10-12 /ejn/EJN_Home.aspx -
2014-10-12 /ejn/EJN_Home.aspx -
2014-10-12 /ejn/EJN_Home.aspx -
2014-10-12 /ejn/EJN_Home.aspx -
2014-10-12 /ejn/EJN_Home.aspx -
2014-10-12 /ejn/ -
2014-10-12 /ejn/EJN_Home.aspx -
2014-10-12 /ejn/EJN_Home.aspx -
2014-10-12 /ejn/EJN_Home.aspx -
2014-10-12 /ejn/EJN_Home.aspx -
2014-10-12 /ejn/EJN_Home.aspx -
2014-10-12 /ejn/EJN_Home.aspx -
2014-10-12 /ejn/ -
2014-10-12 /ejn/EJN_Home.aspx -
2014-10-12 /ejn/ -
2014-10-12 /ejn/EJN_AtlasAdvanced.aspx -
2014-10-12 /ejn/EJN_Home.aspx -
2014-10-12 /ejn/EJN_Home.aspx -
2014-10-12 /ejn/EJN_Home.aspx -
2014-10-12 /ejn/EJN_Home.aspx -
2014-10-12 /ejn/EJN_Home.aspx -
2014-10-12 /ejn/EJN_Home.aspx -
2014-10-12 /ejn/EJN_Home.aspx -
2014-10-12 /ejn/EJN_Home.aspx -
2014-10-12 /ejn/EJN_Home.aspx -
2014-10-12 /ejn/EJN_Home.aspx -
2014-10-12 /ejn/EJN_Home.aspx -
2014-10-12 /ejn/EJN_Home.aspx -
2014-10-12 /ejn/libshowdocument.aspx Id=99&Lang=ES
2014-10-12 /ejn/ -
2014-10-12 /ejn/ -
2014-10-12 /ejn/AtlasChooseCountry.aspx Type=2
2014-10-12 /ejn/AtlasChooseCountry.aspx Type=2
2014-10-12 /ejn/AtlasChooseMeasure.aspx MP=0&Cou=230
2014-10-12 /ejn/AtlasChooseMeasure.aspx MP=0&Cou=230
2014-10-12 /ejn/AtlasChooseMeasure.aspx MP=0&Cou=230
2014-10-12 /ejn/AtlasChooseMeasure.aspx MP=0&Cou=230
2014-10-12 /ejn/AtlasSelection.aspx -
2014-10-12 /ejn/AtlasChooseAuthority.aspx -
2014-10-12 /ejn/AtlasChooseAuthority.aspx -
2014-10-12 /ejn/AtlasAuthorityData.aspx Id=4553
2014-10-12 /ejn/AtlasAuthorityData.aspx Id=4553
2014-10-12 /ejn/AtlasAuthorityData.aspx Id=4553
2014-10-12 /ejn/Events.aspx event=241
2014-10-12 /ejn/AtlasAuthorityData.aspx Id=4553
2014-10-12 /ejn/AtlasAuthorityData.aspx Id=4553
2014-10-12 /ejn/AtlasAuthorityData.aspx Id=4553
2014-10-12 /ejn/EJN_Compendium.aspx authId=4553
2014-10-12 /ejn/ctrls.compendium/IframeEngine.aspx -
2014-10-12 /ejn/ctrls.compendium/iframeEngine.aspx remoteFunction=getAuthority&Id=4553&callback=loadRequestedAuth_cb
2014-10-12 /ejn/ -
2014-10-12 /ejn/ -
2014-10-12 /ejn/EJN_Home.aspx -
2014-10-12 /ejn/EJN_Home.aspx -
2014-10-12 /ejn/EJN_Home.aspx -
2014-10-12 /ejn/libshowdocument.aspx Id=216&Lang=IT
2014-10-12 /ejn/EJN_Home.aspx -
2014-10-12 /ejn/EJN_Home.aspx -
2014-10-12 /ejn/EJN_Home.aspx -
2014-10-12 /ejn/ -
2014-10-12 /ejn/ -
2014-10-12 /ejn/EJN_AtlasAdvanced.aspx -
2014-10-12 /ejn/EJN_Home.aspx -
2014-10-12 /ejn/EJN_Home.aspx -
2014-10-12 /ejn/EJN_Home.aspx -
2014-10-12 /ejn/EJN_Home.aspx -
2014-10-12 /ejn/EJN_Home.aspx -
2014-10-12 /ejn/EJN_Home.aspx -
2014-10-12 /ejn/ -
2014-10-12 /ejn/EJN_QuickLinks.aspx Id=27
2014-10-12 /ejn/EJN_Home.aspx -
2014-10-12 /ejn/EJN_Home.aspx -
2014-10-12 /ejn/EJN_Home.aspx -
2014-10-12 /ejn/NewsAll.aspx Id=3
2014-10-12 /ejn/EJN_Home.aspx -
2014-10-12 /ejn/EJN_Home.aspx -
2014-10-12 /ejn/EJN_Home.aspx -
2014-10-12 /ejn/EJN_Home.aspx -
2014-10-12 /ejn/EJN_Home.aspx -
2014-10-12 /ejn/ -
2014-10-12 /ejn/EJN_Home.aspx -
2014-10-12 /ejn/EJN_Home.aspx -
2014-10-12 /ejn/ -
2014-10-12 /ejn/ -
2014-10-12 /ejn/EJN_Home.aspx -
2014-10-12 /ejn/EJN_Home.aspx -
2014-10-12 /ejn/EJN_Home.aspx -
2014-10-12 /ejn/EJN_Home.aspx -
2014-10-12 /ejn/NewsAll.aspx Id=2
2014-10-12 /ejn/EJN_Home.aspx -
2014-10-12 /ejn/ -
2014-10-12 /ejn/EJN_AtlasAdvanced.aspx -
2014-10-12 /ejn/EJN_Home.aspx -
2014-10-12 /ejn/EJN_Home.aspx -
2014-10-12 /ejn/EJN_Home.aspx -
2014-10-12 /ejn/EJN_Home.aspx -
2014-10-12 /ejn/ -
2014-10-12 /ejn/ -
2014-10-12 /ejn/AtlasChooseMeasure.aspx Mp=1&Cou=DE&Type=2
2014-10-12 /ejn/AtlasChooseMeasure.aspx Mp=1&Cou=DE&Type=2++Culture:ESSessionId:x5mmc4xppvl14k3kavk4zgagDate_Time:11:15
2014-10-12 /ejn/AtlasChooseMeasure.aspx Mp=1&Cou=DE&Type=2
2014-10-12 /ejn/AtlasChooseMeasure.aspx Mp=1&Cou=DE&Type=2
2014-10-12 /ejn/AtlasSelection.aspx -
2014-10-12 /ejn/AtlasChooseAuthority.aspx -
2014-10-12 /ejn/AtlasChooseAuthority.aspx/GetLocations -
2014-10-12 /ejn/AtlasChooseAuthority.aspx/GetLocations -
2014-10-12 /ejn/AtlasChooseAuthority.aspx/GetLocations -
2014-10-12 /ejn/EJN_Home.aspx -
2014-10-12 /ejn/AtlasChooseAuthority.aspx -
2014-10-12 /ejn/EJN_Home.aspx -
2014-10-12 /ejn/AtlasChooseAuthority.aspx -
2014-10-12 /ejn/AtlasChooseAuthority.aspx/GetLocations -
2014-10-12 /ejn/AtlasChooseAuthority.aspx -
2014-10-12 /ejn/AtlasChooseAuthority.aspx/GetLocations -
2014-10-12 /ejn/libshowdocument.aspx Id=217&Lang=PL
2014-10-12 /ejn/AtlasChooseAuthority.aspx -
2014-10-12 /ejn/AtlasChooseAuthority.aspx -
2014-10-12 /ejn/AtlasChooseAuthority.aspx -
2014-10-12 /ejn/AtlasAuthorityData.aspx Id=4243
2014-10-12 /ejn/ -
2014-10-12 /ejn/ -
2014-10-12 /ejn/AtlasChooseMeasure.aspx Mp=1&Cou=DE&Type=2
2014-10-12 /ejn/AtlasChooseMeasure.aspx Mp=1&Cou=DE&Type=2
2014-10-12 /ejn/AtlasChooseMeasure.aspx Mp=1&Cou=DE&Type=2
2014-10-12 /ejn/AtlasSelection.aspx -
2014-10-12 /ejn/AtlasChooseAuthority.aspx -
2014-10-12 /ejn/AtlasChooseAuthority.aspx/GetLocations -
2014-10-12 /ejn/AtlasChooseAuthority.aspx/GetLocations -
2014-10-12 /ejn/AtlasChooseAuthority.aspx -
2014-10-12 /ejn/AtlasChooseAuthority.aspx -
2014-10-12 /ejn/AtlasAuthorityData.aspx Id=4179
2014-10-12 /ejn/EJN_Home.aspx -
2014-10-12 /ejn/EJN_Home.aspx -
2014-10-12 /ejn/ -
2014-10-12 /ejn/EJN_Home.aspx -
2014-10-12 /ejn/EJN_Home.aspx -
2014-10-12 /ejn/EJN_Home.aspx -
2014-10-12 /ejn/EJN_Home.aspx -
2014-10-12 /ejn/ -
2014-10-12 /ejn/ -
2014-10-12 /ejn/ -
2014-10-12 /ejn/ -
2014-10-12 /ejn/AtlasChooseMeasure.aspx Mp=1&Cou=DE&Type=2
2014-10-12 /ejn/AtlasChooseMeasure.aspx Mp=1&Cou=DE&Type=2
2014-10-12 /ejn/AtlasChooseMeasure.aspx Mp=1&Cou=DE&Type=2
2014-10-12 /ejn/AtlasSelection.aspx -
2014-10-12 /ejn/AtlasChooseAuthority.aspx -
2014-10-12 /ejn/AtlasChooseAuthority.aspx/GetLocations -
2014-10-12 /ejn/AtlasChooseAuthority.aspx/GetLocations -
2014-10-12 /ejn/AtlasChooseAuthority.aspx -
2014-10-12 /ejn/AtlasChooseAuthority.aspx -
2014-10-12 /ejn/AtlasChooseAuthority.aspx -
2014-10-12 /ejn/AtlasAuthorityData.aspx Id=4983&AuthTypeId=446
2014-10-12 /ejn/libshowdocument.aspx Id=16&Lang=FR
2014-10-12 /ejn/libshowdocument.aspx Id=99&Lang=ET
2014-10-12 /ejn/EJN_Home.aspx -
2014-10-12 /ejn/EJN_Home.aspx -
2014-10-12 /ejn/EJN_Home.aspx -
2014-10-12 /ejn/EJN_QuickLinks.aspx id=22
2014-10-12 /ejn/EJN_Home.aspx -
2014-10-12 /atlas_advanced_old.aspx ctyCode=PO
2014-10-12 /ejn/EJN_Home.aspx -
2014-10-12 /ejn/EJN_Home.aspx -
2014-10-12 /ejn/EJN_Home.aspx -
2014-10-12 /ejn/EJN_Home.aspx -
2014-10-12 /ejn/ -
2014-10-12 /ejn/EJN_ContactUs.aspx &KeepThis=true&TB_iframe=true&height=650&width=900
2014-10-12 /ejn/EJN_StaticPage.aspx Bread=36
2014-10-12 /ejn/EJN_Home.aspx -
2014-10-12 /ejn/ -
2014-10-12 /ejn/EJN_AtlasAdvanced.aspx -
2014-10-12 /ejn/EJN_Home.aspx -
2014-10-12 /ejn/EJN_Home.aspx -
2014-10-12 /ejn/EJN_Secretariat.aspx -
2014-10-12 /ejn/EJN_Home.aspx -
2014-10-12 /ejn/EJN_Home.aspx -
2014-10-12 /ejn/EJN_Home.aspx -
2014-10-12 /ejn/EJN_Home.aspx -
2014-10-12 /ejn/EJN_StaticPage.aspx Bread=34
2014-10-12 /ejn/EJN_Home.aspx -
2014-10-12 /ejn/libdocumentproperties.aspx Id=4
2014-10-12 /ejn/EJN_Home.aspx -
2014-10-12 /ejn/EJN_Home.aspx -
2014-10-12 /ejn/EJN_Home.aspx -
2014-10-12 /ejn/EJN_Home.aspx -
2014-10-12 /ejn/EJN_Home.aspx -
2014-10-12 /ejn/EJN_Home.aspx -
2014-10-12 /ejn/libshowdocument.aspx Id=29&Lang=EN
2014-10-12 /ejn/libshowdocument.aspx Id=99&Lang=PL
2014-10-12 /ejn/ -
2014-10-12 /ejn/EJN_Home.aspx -
2014-10-12 /ejn/EJN_Home.aspx -
2014-10-12 /atlas_advanced.aspx -
2014-10-12 /atlas_advanced.aspx -
2014-10-12 /ejn/EJN_Home.aspx -
2014-10-12 /atlas_advanced.aspx -
2014-10-12 /atlas_advanced.aspx -
2014-10-12 /ejn/ -
2014-10-12 /ejn/EJN_Home.aspx -
2014-10-12 /ejn/EJN_Home.aspx -
2014-10-12 /ejn/ -
2014-10-12 /ejn/EJN_AtlasAdvanced.aspx -
2014-10-12 /ejn/EJN_Home.aspx -
2014-10-12 /ejn/EJN_Home.aspx -
2014-10-12 /ejn/EJN_Home.aspx -
2014-10-12 /ejn/EJN_Home.aspx -
2014-10-12 /ejn/EJN_Home.aspx -
2014-10-12 /ejn/libshowdocument.aspx Id=3&Lang=PL
2014-10-12 /ejn/libshowdocument.aspx Id=53&Lang=NL
2014-10-12 /ejn/EJN_Home.aspx -
2014-10-12 /ejn/EJN_Home.aspx -
2014-10-12 /ejn/ -
2014-10-12 /ejn/ -
2014-10-12 /ejn/AtlasChooseMeasure.aspx MP=1&Cou=UK&Type=2
2014-10-12 /ejn/AtlasChooseMeasure.aspx MP=1&Cou=UK&Type=2++Culture:ESSessionId:x5mmc4xppvl14k3kavk4zgagDate_Time:13:31
2014-10-12 /ejn/EJN_Home.aspx -
2014-10-12 /ejn/AtlasChooseMeasure.aspx MP=1&Cou=UK&Type=2
2014-10-12 /ejn/AtlasChooseMeasure.aspx MP=1&Cou=UK&Type=2
2014-10-12 /ejn/AtlasSelection.aspx -
2014-10-12 /ejn/NewsDetail.aspx id=233&Ori=H
2014-10-12 /ejn/EJN_Home.aspx -
2014-10-12 /ejn/EJN_Home.aspx -
2014-10-12 /ejn/EJN_Home.aspx -
2014-10-12 /ejn/ -
2014-10-12 /ejn/EJN_Home.aspx -
2014-10-12 /ejn/EJN_Home.aspx -
2014-10-12 /ejn/EJN_Home.aspx -
2014-10-12 /ejn/EJN_Home.aspx -
2014-10-12 /ejn/EJN_Home.aspx -
2014-10-12 /ejn/ -
2014-10-12 /ejn/EJN_AtlasAdvanced.aspx -
2014-10-12 /ejn/EJN_Home.aspx -
2014-10-12 /ejn/EJN_Home.aspx -
2014-10-12 /ejn/EJN_Home.aspx -
2014-10-12 /ejn/EJN_Home.aspx -
2014-10-12 /ejn/EJN_Home.aspx -
2014-10-12 /ejn/ -
2014-10-12 /ejn/AtlasChooseMeasure.aspx Mp=1&Cou=BG&Type=2
2014-10-12 /ejn/AtlasChooseMeasure.aspx Mp=1&Cou=BG&Type=2
2014-10-12 /ejn/AtlasChooseMeasure.aspx Mp=1&Cou=BG&Type=2
2014-10-12 /ejn/AtlasChooseMeasure.aspx Mp=1&Cou=BG&Type=2
2014-10-12 /ejn/EJN_FichesBelgesResult.aspx measure=304&country=239&other=-1
2014-10-12 /ejn/EJN_Home.aspx -
2014-10-12 /ejn/EJN_Home.aspx -
2014-10-12 /ejn/EJN_Home.aspx -
2014-10-12 /ejn/EJN_Home.aspx -
2014-10-12 /ejn/ -
2014-10-12 /ejn/ -
2014-10-12 /ejn/EJN_Home.aspx -
2014-10-12 /ejn/libcategories.aspx Id=2
2014-10-12 /ejn/EJN_Home.aspx -
2014-10-12 /ejn/ -
2014-10-12 /ejn/EJN_Home.aspx -
2014-10-12 /ejn/EJN_Home.aspx -
2014-10-12 /ejn/EJN_Home.aspx -
2014-10-12 /ejn/EJN_Home.aspx -
2014-10-12 /ejn/EJN_Home.aspx -
2014-10-12 /ejn/ -
2014-10-12 /ejn/EJN_AtlasAdvanced.aspx -
2014-10-12 /ejn/EJN_Home.aspx -
2014-10-12 /ejn/EJN_Home.aspx -
2014-10-12 /ejn/EJN_Home.aspx -
2014-10-12 /ejn/EJN_Home.aspx -
2014-10-12 /ejn/EJN_Home.aspx -
2014-10-12 /ejn/ -
2014-10-12 /ejn/libshowdocument.aspx Id=16&Lang=FR
2014-10-12 /ejn/EJN_Home.aspx -
2014-10-12 /ejn/EJN_Home.aspx -
2014-10-12 /ejn/EJN_Home.aspx -
2014-10-12 /ejn/EJN_Home.aspx -
2014-10-12 /ejn/EJN_Home.aspx -
2014-10-12 /ejn/EJN_Home.aspx -
2014-10-12 /ejn/EJN_Home.aspx -
2014-10-12 /ejn/EJN_Home.aspx -
2014-10-12 /ejn/EJN_Home.aspx -
2014-10-12 /ejn/EJN_Home.aspx -
2014-10-12 /ejn/ -
2014-10-12 /ejn/EJN_AtlasAdvanced.aspx -
2014-10-12 /ejn/EJN_Home.aspx -
2014-10-12 /ejn/EJN_Home.aspx -
2014-10-12 /ejn/EJN_Home.aspx -
2014-10-12 /ejn/EJN_Home.aspx -
2014-10-12 /ejn/EJN_Home.aspx -
2014-10-12 /ejn/libcategories.aspx Id=2
2014-10-12 /ejn/EJN_Home.aspx -
2014-10-12 /ejn/EJN_Home.aspx -
2014-10-12 /ejn/EJN_Home.aspx -
2014-10-12 /ejn/EJN_Home.aspx -
2014-10-12 /ejn/EJN_Home.aspx -
2014-10-12 /ejn/ -
2014-10-12 /ejn/AtlasChooseCountry.aspx Type=1
2014-10-12 /ejn/EJN_EAWWizard.aspx -
2014-10-12 /ejn/ctrls.eawwizard/IframeEngine.aspx -
2014-10-12 /ejn/EJN_StaticPage.aspx Bread=11
2014-10-12 /ejn/EJN_Home.aspx -
2014-10-12 /ejn/EJN_Home.aspx -
2014-10-12 /ejn/EJN_StaticPage.aspx Bread=24
2014-10-12 /ejn/AtlasChooseCountry.aspx Type=1
2014-10-12 /ejn/EJN_Home.aspx -
2014-10-12 /ejn/Gallery.aspx -
2014-10-12 /ejn/AtlasChooseCountry.aspx Type=2
2014-10-12 /ejn/EJN_Home.aspx -
2014-10-12 /ejn/EJN_Faqs.aspx -
2014-10-12 /ejn/sitemap.aspx -
2014-10-12 /ejn/EJN_Home.aspx -
2014-10-12 /ejn/libshowdocument.aspx Id=219&Lang=FR
2014-10-12 /ejn/ -
2014-10-12 /ejn/EJN_AtlasAdvanced.aspx -
2014-10-12 /ejn/EJN_Home.aspx -
2014-10-12 /ejn/EJN_Home.aspx -
2014-10-12 /ejn/EJN_Home.aspx -
2014-10-12 /ejn/EJN_Home.aspx -
2014-10-12 /ejn/ -
2014-10-12 /ejn/EJN_Home.aspx -
2014-10-12 /ejn/ejn_home.aspx -
2014-10-12 /ejn/ -
2014-10-12 /ejn/EJN_Home.aspx -
2014-10-12 /ejn/EJN_Home.aspx -
2014-10-12 /ejn/AtlasChooseCountry.aspx Type=2
2014-10-12 /ejn/EJN_Compendium.aspx -
2014-10-12 /ejn/EJN_Compendium.aspx -
2014-10-12 /ejn/EJN_FichesBelges.aspx -
2014-10-12 /ejn/EJN_FichesBelges.aspx -
2014-10-12 /ejn/EJN_FichesBelges.aspx -
2014-10-12 /ejn/EJN_FichesBelges.aspx ++Culture:DESessionId:tsjztg3gb1i3rxys01cvp3wxDate_Time:17:31
2014-10-12 /ejn/ -
2014-10-12 /ejn/EJN_FichesBelges.aspx -
2014-10-12 /ejn/EJN_Home.aspx -
2014-10-12 /ejn/EJN_FichesBelges.aspx -
2014-10-12 /ejn/EJN_FichesBelges.aspx -
2014-10-12 /ejn/EJN_FichesBelges.aspx -
2014-10-12 /ejn/EJN_FichesBelges.aspx -
2014-10-12 /ejn/EJN_FichesBelges.aspx -
2014-10-12 /ejn/EJN_FichesBelges.aspx -
2014-10-12 /ejn/EJN_FichesBelgesResult.aspx measure=701&country=259&other=223
2014-10-12 /ejn/EJN_Home.aspx -
2014-10-12 /ejn/EJN_FichesBelgesTable.aspx -
2014-10-12 /ejn/EJN_FichesBelges.aspx -
2014-10-12 /ejn/ -
2014-10-12 /ejn/EJN_StaticPage.aspx Bread=11
2014-10-12 /ejn/EJN_FichesBelges.aspx -
2014-10-12 /ejn/EJN_Home.aspx -
2014-10-12 /ejn/libshowdocument.aspx Id=222&Lang=LT
2014-10-12 /ejn/ -
2014-10-12 /ejn/libcategories.aspx Id=2
2014-10-12 /ejn/EJN_Home.aspx -
2014-10-12 /ejn/EJN_Home.aspx -
2014-10-12 /ejn/AtlasChooseCountry.aspx Type=2
2014-10-12 /ejn/EJN_Home.aspx -
2014-10-12 /ejn/EJN_Home.aspx -
2014-10-12 /ejn/EJN_Home.aspx -
2014-10-12 /ejn/EJN_Home.aspx -
2014-10-12 /ejn/ -
2014-10-12 /ejn/EJN_AtlasAdvanced.aspx -
2014-10-12 /ejn/EJN_Home.aspx -
2014-10-12 /ejn/EJN_Home.aspx -
2014-10-12 /ejn/EJN_Home.aspx -
2014-10-12 /ejn/EJN_Home.aspx -
2014-10-12 /ejn/EJN_Home.aspx -
2014-10-12 /ejn/EJN_Home.aspx -
2014-10-12 /ejn/ -
2014-10-12 /ejn/AtlasChooseMeasure.aspx Mp=1&Cou=PL&Type=2
2014-10-12 /ejn/AtlasChooseMeasure.aspx Mp=1&Cou=PL&Type=2
2014-10-12 /ejn/AtlasChooseCountry.aspx Type=2
2014-10-12 /ejn/EJN_StaticPage.aspx Bread=1
2014-10-12 /ejn/EJN_Home.aspx -
2014-10-12 /ejn/AtlasChooseMeasure.aspx MP=1&Cou=PL
2014-10-12 /ejn/ -
2014-10-12 /ejn/EJN_Home.aspx -
2014-10-12 /ejn/EJN_Home.aspx -
2014-10-12 /ejn/EJN_Home.aspx -
2014-10-12 /ejn/EJN_Home.aspx -
2014-10-12 /ejn/EJN_Home.aspx -
2014-10-12 /ejn/EJN_AtlasAdvanced.aspx -
2014-10-12 /ejn/ -
2014-10-12 /ejn/ -
2014-10-12 /ejn/EJN_Home.aspx -
2014-10-12 /ejn/EJN_Home.aspx -
2014-10-12 /ejn/EJN_Home.aspx -
2014-10-12 /eaw_atlas.aspx -
2014-10-12 /ejn/EJN_Home.aspx -
2014-10-12 /ejn/ -
2014-10-12 /ejn/EJN_Home.aspx -
2014-10-12 /ejn/ -
2014-10-12 /ejn/EJN_AtlasAdvanced.aspx -
2014-10-12 /ejn/EJN_Home.aspx -
2014-10-12 /ejn/EJN_Home.aspx -
2014-10-12 /ejn/EJN_Home.aspx -
2014-10-12 /default.aspx -
2014-10-12 /ejn/EJN_Home.aspx -
2014-10-12 /ejn/ -
2014-10-12 /ejn/EJN_Home.aspx -
2014-10-12 /ejn/ -
2014-10-12 /ejn/ -
2014-10-12 /ejn/EJN_Home.aspx -
2014-10-12 /ejn/EJN_Home.aspx -
2014-10-12 /ejn/ -
2014-10-12 /ejn/EJN_Home.aspx -
2014-10-12 /ejn/EJN_Home.aspx -
2014-10-12 /ejn/EJN_Home.aspx -
2014-10-12 /ejn/EJN_Home.aspx -
2014-10-12 /ejn/EJN_Home.aspx -
2014-10-12 /ejn/EJN_Home.aspx -
2014-10-12 /ejn/EJN_Home.aspx -
2014-10-12 /ejn/EJN_Home.aspx -
2014-10-12 /ejn/EJN_Home.aspx -
2014-10-12 /ejn/ -
2014-10-12 /ejn/EJN_AtlasAdvanced.aspx -
2014-10-12 /ejn/ -
2014-10-12 /ejn/EJN_Home.aspx -
2014-10-12 /ejn/EJN_Home.aspx -
2014-10-12 /ejn/libshowdocument.aspx Id=221&Lang=EL
2014-10-12 /ejn/libshowdocument.aspx Id=221&Lang=EL
2014-10-12 /ejn/EJN_Home.aspx -
2014-10-12 /ejn/AtlasChooseCountry.aspx -
2014-10-12 /ejn/EJN_Home.aspx -
2014-10-12 /ejn/AtlasChooseCountry.aspx Type=2
2014-10-12 /ejn/AtlasChooseMeasure.aspx MP=1&Cou=RO
2014-10-12 /ejn/AtlasChooseCountry.aspx Type=2
2014-10-12 /ejn/EJN_Home.aspx -
2014-10-12 /ejn/AtlasChooseMeasure.aspx MP=1&Cou=CZ
2014-10-12 /ejn/AtlasChooseMeasure.aspx MP=1&Cou=CZ
2014-10-12 /ejn/AtlasChooseMeasure.aspx MP=1&Cou=CZ
2014-10-12 /ejn/AtlasChooseMeasure.aspx MP=1&Cou=CZ
2014-10-12 /ejn/AtlasChooseMeasure.aspx MP=1&Cou=CZ
2014-10-12 /ejn/AtlasChooseCountry.aspx Type=2
2014-10-12 /ejn/AtlasChooseCountry.aspx Type=2
2014-10-12 /ejn/AtlasChooseMeasure.aspx MP=0&Cou=314
2014-10-12 /ejn/EJN_FichesBelges.aspx -
2014-10-12 /ejn/EJN_StaticPage.aspx Bread=11
2014-10-12 /ejn/EJN_Compendium.aspx -
2014-10-12 /ejn/ctrls.compendium/IframeEngine.aspx -
2014-10-12 /ejn/EJN_Home.aspx -
2014-10-12 /ejn/libcategories.aspx -
2014-10-12 /ejn/libcategories.aspx Id=8
2014-10-12 /ejn/libcategories.aspx Id=8
2014-10-12 /ejn/libdocumentproperties.aspx Id=1191
2014-10-12 /ejn/libdocumentproperties.aspx Id=1195
2014-10-12 /ejn/libdocumentproperties.aspx Id=1191
2014-10-12 /ejn/libdocumentproperties.aspx Id=1195
2014-10-12 /ejn/libdocumentproperties.aspx Id=791
2014-10-12 /ejn/libcategories.aspx id=8
2014-10-12 /ejn/libcategories.aspx -
2014-10-12 /ejn/EJN_Home.aspx -
2014-10-12 /ejn/libadvancedsearch.aspx -
2014-10-12 /ejn/libcategories.aspx -
2014-10-12 /ejn/libcategories.aspx Id=7
2014-10-12 /ejn/libcategories.aspx -
2014-10-12 /ejn/ -
2014-10-12 /ejn/libcategories.aspx Id=1
2014-10-12 /ejn/ejn_home.aspx -
2014-10-12 /ejn/Gallery.aspx -
2014-10-12 /ejn/EJN_ContactUs.aspx &KeepThis=true&
2014-10-12 /ejn/EJN_StaticPage.aspx Bread=14
2014-10-12 /ejn/AtlasChooseCountry.aspx Type=1
2014-10-12 /ejn/EJN_StaticPage.aspx Bread=12
2014-10-12 /ejn/EJN_Home.aspx -
2014-10-12 /ejn/ejn_home.aspx -
2014-10-12 /ejn/ejn_home.aspx ++Culture:ROSessionId:odnyqun2a2rkxjy1xgy55m2cDate_Time:20:22
2014-10-12 /ejn/EJN_QuickLinks.aspx id=23
2014-10-12 /ejn/EJN_Compendium.aspx -
2014-10-12 /ejn/ctrls.compendium/IframeEngine.aspx -
2014-10-12 /ejn/libdocumentproperties.aspx Id=791
2014-10-12 /ejn/AtlasChooseCountry.aspx -
2014-10-12 /ejn/AtlasChooseCountry.aspx Type=2
2014-10-12 /ejn/AtlasChooseMeasure.aspx MP=1&Cou=FR
2014-10-12 /ejn/AtlasChooseMeasure.aspx MP=1&Cou=FR
2014-10-12 /ejn/AtlasChooseMeasure.aspx MP=1&Cou=FR
2014-10-12 /ejn/AtlasChooseMeasure.aspx MP=1&Cou=FR
2014-10-12 /ejn/AtlasChooseMeasure.aspx MP=1&Cou=FR
2014-10-12 /ejn/AtlasChooseMeasure.aspx MP=1&Cou=FR
2014-10-12 /ejn/AtlasChooseMeasure.aspx MP=1&Cou=FR
2014-10-12 /ejn/AtlasSelection.aspx -
2014-10-12 /ejn/AtlasSelection.aspx -
2014-10-12 /ejn/AtlasSelection.aspx -
2014-10-12 /ejn/AtlasSelection.aspx -
2014-10-12 /ejn/AtlasSelection.aspx -
2014-10-12 /ejn/AtlasChooseAuthority.aspx -
2014-10-12 /ejn/AtlasChooseCountry.aspx -
2014-10-12 /ejn/libcategories.aspx -
2014-10-12 /ejn/libcategories.aspx Id=8
2014-10-12 /ejn/libdocumentproperties.aspx Id=678
2014-10-12 /ejn/libdocumentproperties.aspx Id=1189
2014-10-12 /ejn/libdocumentproperties.aspx Id=710
2014-10-12 /ejn/libdocumentproperties.aspx Id=974
2014-10-12 /ejn/libdocumentproperties.aspx Id=678
2014-10-12 /ejn/libdocumentproperties.aspx Id=1189
2014-10-12 /ejn/EJN_Home.aspx -
2014-10-12 /ejn/EJN_Home.aspx -
2014-10-12 /ejn/libdocumentproperties.aspx Id=974
2014-10-12 /ejn/libdocumentproperties.aspx Id=710
2014-10-12 /ejn/EJN_Home.aspx -
2014-10-12 /ejn/EJN_Compendium.aspx -
2014-10-12 /ejn/EJN_EAWWizard.aspx -
2014-10-12 /ejn/ctrls.compendium/IframeEngine.aspx -
2014-10-12 /ejn/ctrls.eawwizard/IframeEngine.aspx -
2014-10-12 /ejn/EJN_EAWWizard.aspx -
2014-10-12 /ejn/ctrls.eawwizard/IframeEngine.aspx -
2014-10-12 /ejn/EJN_Home.aspx -
2014-10-12 /ejn/libdocumentproperties.aspx Id=1189
2014-10-12 /ejn/EJN_QuickLinks.aspx id=22
2014-10-12 /ejn/EJN_Home.aspx -
2014-10-12 /ejn/EJN_FichesBelges.aspx -
2014-10-12 /ejn/EJN_Home.aspx -
2014-10-12 /ejn/EJN_Home.aspx -
2014-10-12 /ejn/EJN_Home.aspx -
2014-10-12 /ejn/ -
2014-10-12 /ejn/ -
2014-10-12 /ejn/AtlasChooseMeasure.aspx MP=1&Cou=UK&Type=2
2014-10-12 /ejn/EJN_Home.aspx -
2014-10-12 /ejn/AtlasChooseMeasure.aspx MP=1&Cou=UK&Type=2
2014-10-12 /ejn/AtlasChooseMeasure.aspx MP=1&Cou=UK&Type=2
2014-10-12 /ejn/EJN_FichesBelgesResult.aspx measure=805&country=395&other=-1
2014-10-12 /ejn/AtlasChooseCountry.aspx Type=2
2014-10-12 /ejn/AtlasChooseMeasure.aspx MP=1&Cou=UK&Type=2
2014-10-12 /ejn/ -
2014-10-12 /ejn/ -
2014-10-12 /ejn/ -
2014-10-12 /ejn/ -
2014-10-12 /ejn/ -
2014-10-12 /ejn/ -
2014-10-12 /ejn/EJN_Home.aspx -
2014-10-12 /ejn/EJN_Home.aspx -
2014-10-12 /ejn/EJN_Home.aspx -
2014-10-12 /ejn/EJN_Home.aspx -
2014-10-12 /ejn/EJN_Home.aspx -
2014-10-12 /ejn/EJN_Home.aspx -
2014-10-12 /ejn/ -
2014-10-12 /ejn/EJN_AtlasAdvanced.aspx -
2014-10-12 /ejn/EJN_Home.aspx -
2014-10-12 /ejn/EJN_Home.aspx -
2014-10-12 /ejn/EJN_Home.aspx -
2014-10-12 /ejn/EJN_Home.aspx -
2014-10-12 /ejn/EJN_Home.aspx -
2014-10-12 /ejn/EJN_Home.aspx -
2014-10-12 /ejn/EJN_Home.aspx -
2014-10-12 /ejn/EJN_Home.aspx -
2014-10-12 /ejn/ -
2014-10-12 /atlas_advanced.aspx -
2014-10-12 /ejn/ -
2014-10-12 /ejn/EJN_Home.aspx -
2014-10-12 /ejn/EJN_Home.aspx -
2014-10-12 /ejn/EJN_Home.aspx -
2014-10-12 /ejn/EJN_Home.aspx -
2014-10-12 /ejn/ejn_home.aspx -
2014-10-12 /ejn/EJN_Home.aspx -
2014-10-12 /ejn/EJN_Home.aspx -
2014-10-12 /ejn/EJN_Home.aspx -
2014-10-12 /ejn/EJN_Home.aspx -
2014-10-12 /ejn/EJN_Home.aspx -
2014-10-12 /ejn/AtlasChooseAuthority.aspx -
2014-10-12 /ejn/EJN_Error.aspx -
2014-10-12 /ejn/EJN_Home.aspx -
2014-10-12 /ejn/EJN_Home.aspx -
2014-10-12 /ejn/ -
2014-10-12 /ejn/EJN_AtlasAdvanced.aspx -
2014-10-12 /ejn/EJN_Home.aspx -
2014-10-12 /ejn/EJN_Home.aspx -
2014-10-12 /ejn/EJN_Home.aspx -
2014-10-12 /ejn/EJN_Home.aspx -
2014-10-12 /ejn/EJN_Home.aspx -
2014-10-12 /ejn/EJN_Home.aspx -
2014-10-12 /ejn/EJN_InfoAbout.aspx Id=373
2014-10-12 /ejn/AtlasChooseMeasure.aspx Mp=1&Cou=ES&Type=2
2014-10-12 /ejn/EJN_Home.aspx -
2014-10-12 /ejn/AtlasChooseMeasure.aspx Mp=1&Cou=ES&Type=2
2014-10-12 /ejn/libshowdocument.aspx Id=222&Lang=LT
2014-10-12 /ejn/AtlasChooseMeasure.aspx Mp=1&Cou=ES&Type=2
2014-10-12 /ejn/AtlasChooseMeasure.aspx Mp=1&Cou=ES&Type=2
2014-10-12 /ejn/AtlasChooseMeasure.aspx Mp=1&Cou=ES&Type=2
2014-10-12 /ejn/AtlasSelection.aspx -
2014-10-12 /ejn/AtlasSelection.aspx -
2014-10-12 /ejn/AtlasSelection.aspx -
2014-10-12 /ejn/AtlasSelection.aspx -
2014-10-12 /ejn/AtlasSelection.aspx -
2014-10-12 /ejn/AtlasSelection.aspx -
2014-10-12 /ejn/AtlasSelection.aspx -
2014-10-12 /ejn/AtlasSelection.aspx -
2014-10-12 /ejn/AtlasChooseAuthority.aspx -
2014-10-12 /ejn/AtlasChooseAuthority.aspx -
2014-10-12 /ejn/AtlasAuthorityData.aspx Id=2933
2014-10-12 /ejn/AtlasChooseAuthority.aspx -
2014-10-12 /ejn/AtlasAuthorityData.aspx Id=2933
2014-10-12 /ejn/AtlasAuthorityData.aspx Id=2933
2014-10-12 /ejn/AtlasChooseAuthority.aspx -
2014-10-12 /ejn/AtlasChooseAuthority.aspx -
2014-10-12 /ejn/AtlasAuthorityData.aspx Id=2650
2014-10-12 /ejn/AtlasChooseAuthority.aspx -
2014-10-12 /ejn/AtlasChooseAuthority.aspx/GetLocations -
2014-10-12 /ejn/AtlasChooseAuthority.aspx -
2014-10-12 /ejn/AtlasChooseAuthority.aspx -
2014-10-12 /ejn/AtlasChooseAuthority.aspx/GetLocations -
2014-10-12 /ejn/AtlasChooseAuthority.aspx -
2014-10-12 /ejn/AtlasAuthorityData.aspx Id=3079
2014-10-12 /ejn/AtlasChooseAuthority.aspx/GetLocations -
2014-10-12 /ejn/AtlasChooseAuthority.aspx -
2014-10-12 /ejn/AtlasAuthorityData.aspx Id=2942
2014-10-12 /ejn/EJN_Home.aspx -
2014-10-12 /ejn/EJN_Home.aspx -
2014-10-12 /ejn/AtlasChooseAuthority.aspx/GetLocations -
2014-10-12 /ejn/AtlasChooseAuthority.aspx -
2014-10-12 /ejn/AtlasChooseAuthority.aspx/GetLocations -
2014-10-12 /ejn/AtlasChooseAuthority.aspx -
2014-10-12 /ejn/AtlasAuthorityData.aspx Id=3176
2014-10-12 /ejn/EJN_Home.aspx -
2014-10-12 /ejn/AtlasAuthorityData.aspx Id=3176
2014-10-12 /ejn/AtlasChooseAuthority.aspx -
2014-10-12 /ejn/AtlasChooseAuthority.aspx/GetLocations -
2014-10-12 /ejn/AtlasChooseAuthority.aspx -
2014-10-12 /ejn/AtlasAuthorityData.aspx Id=3177
2014-10-12 /ejn/libshowdocument.aspx Id=222&Lang=EL
2014-10-12 /ejn/AtlasAuthorityData.aspx Id=3177
2014-10-12 /ejn/AtlasChooseAuthority.aspx -
2014-10-12 /ejn/AtlasChooseAuthority.aspx -
2014-10-12 /ejn/AtlasAuthorityData.aspx Id=3100
2014-10-12 /ejn/EJN_Home.aspx -
2014-10-12 /ejn/AtlasAuthorityData.aspx Id=3100
2014-10-12 /ejn/AtlasChooseAuthority.aspx -
2014-10-12 /ejn/AtlasChooseAuthority.aspx -
2014-10-12 /ejn/AtlasAuthorityData.aspx Id=3099
2014-10-12 /ejn/AtlasAuthorityData.aspx Id=3099
2014-10-12 /ejn/AtlasChooseAuthority.aspx -
2014-10-12 /ejn/AtlasChooseAuthority.aspx/GetLocations -
2014-10-12 /ejn/AtlasChooseAuthority.aspx -
2014-10-12 /ejn/AtlasAuthorityData.aspx Id=2673
2014-10-12 /ejn/ -
2014-10-12 /ejn/EJN_InfoAbout.aspx Id=395
2014-10-12 /ejn/AtlasAuthorityData.aspx Id=2673
2014-10-12 /ejn/AtlasChooseAuthority.aspx -
2014-10-12 /ejn/AtlasChooseAuthority.aspx/GetLocations -
2014-10-12 /ejn/AtlasChooseAuthority.aspx -
2014-10-12 /ejn/AtlasChooseAuthority.aspx -
2014-10-12 /ejn/AtlasAuthorityData.aspx Id=2865
2014-10-12 /ejn/AtlasAuthorityData.aspx Id=2865
2014-10-12 /ejn/AtlasChooseAuthority.aspx -
2014-10-12 /ejn/AtlasChooseAuthority.aspx -
2014-10-12 /ejn/AtlasAuthorityData.aspx Id=2958
2014-10-12 /ejn/AtlasAuthorityData.aspx Id=2958
2014-10-12 /ejn/AtlasChooseAuthority.aspx -
2014-10-12 /ejn/AtlasChooseAuthority.aspx -
2014-10-12 /ejn/AtlasAuthorityData.aspx Id=2747
2014-10-12 /ejn/EJN_Home.aspx -
2014-10-12 /ejn/AtlasAuthorityData.aspx Id=2747
2014-10-12 /ejn/AtlasChooseAuthority.aspx -
2014-10-12 /ejn/ -
2014-10-12 /ejn/AtlasChooseAuthority.aspx -
2014-10-12 /ejn/AtlasAuthorityData.aspx Id=2989
2014-10-12 /ejn/AtlasAuthorityData.aspx Id=2989
2014-10-12 /ejn/AtlasChooseAuthority.aspx -
2014-10-12 /ejn/AtlasChooseAuthority.aspx -
2014-10-12 /ejn/AtlasChooseAuthority.aspx -
2014-10-12 /ejn/AtlasChooseAuthority.aspx/GetLocations -
2014-10-12 /ejn/AtlasChooseAuthority.aspx -
2014-10-12 /ejn/AtlasAuthorityData.aspx Id=3005
2014-10-12 /ejn/ -
2014-10-12 /ejn/EJN_Home.aspx -
2014-10-12 /ejn/AtlasAuthorityData.aspx Id=3005
2014-10-12 /ejn/AtlasChooseAuthority.aspx -
2014-10-12 /ejn/AtlasChooseAuthority.aspx/GetLocations -
2014-10-12 /ejn/AtlasChooseAuthority.aspx -
2014-10-12 /ejn/AtlasAuthorityData.aspx Id=3015
2014-10-12 /ejn/AtlasChooseAuthority.aspx -
2014-10-12 /ejn/AtlasChooseAuthority.aspx/GetLocations -
2014-10-12 /ejn/AtlasChooseAuthority.aspx -
2014-10-12 /ejn/AtlasChooseAuthority.aspx -
2014-10-12 /ejn/AtlasAuthorityData.aspx Id=3134
2014-10-12 /ejn/AtlasChooseAuthority.aspx -
2014-10-12 /ejn/AtlasChooseAuthority.aspx -
2014-10-12 /ejn/AtlasAuthorityData.aspx Id=3178
2014-10-12 /ejn/AtlasAuthorityData.aspx Id=3178
2014-10-12 /ejn/AtlasChooseAuthority.aspx -
2014-10-12 /ejn/AtlasAuthorityData.aspx Id=3178
2014-10-12 /ejn/AtlasChooseAuthority.aspx -
2014-10-12 /ejn/AtlasChooseAuthority.aspx -
2014-10-12 /ejn/AtlasAuthorityData.aspx Id=3161
2014-10-12 /ejn/AtlasChooseAuthority.aspx -
2014-10-12 /ejn/AtlasChooseAuthority.aspx -
2014-10-12 /ejn/AtlasChooseAuthority.aspx/GetLocations -
2014-10-12 /ejn/AtlasChooseAuthority.aspx -
2014-10-12 /ejn/EJN_Home.aspx -
2014-10-12 /ejn/AtlasChooseAuthority.aspx/GetLocations -
2014-10-12 /ejn/AtlasChooseAuthority.aspx -
2014-10-12 /ejn/AtlasAuthorityData.aspx Id=3098
2014-10-12 /ejn/EJN_Home.aspx -
2014-10-12 /ejn/EJN_Home.aspx -
2014-10-12 /ejn/AtlasAuthorityData.aspx Id=3098
2014-10-12 /ejn/AtlasChooseAuthority.aspx -
2014-10-12 /ejn/AtlasChooseAuthority.aspx -
2014-10-12 /ejn/AtlasChooseAuthority.aspx/GetLocations -
2014-10-12 /ejn/AtlasChooseAuthority.aspx -
2014-10-12 /ejn/AtlasAuthorityData.aspx Id=2813
2014-10-12 /ejn/AtlasAuthorityData.aspx Id=2813
2014-10-12 /ejn/AtlasChooseAuthority.aspx -
2014-10-12 /ejn/AtlasChooseAuthority.aspx -
2014-10-12 /ejn/EJN_Home.aspx -
2014-10-12 /ejn/AtlasChooseAuthority.aspx/GetLocations -
2014-10-12 /ejn/AtlasChooseAuthority.aspx/GetLocations -
2014-10-12 /ejn/AtlasChooseAuthority.aspx -
2014-10-12 /ejn/EJN_Home.aspx -
2014-10-12 /ejn/AtlasChooseAuthority.aspx -
2014-10-12 /ejn/AtlasChooseAuthority.aspx -
2014-10-12 /ejn/AtlasChooseAuthority.aspx -
2014-10-12 /ejn/AtlasChooseAuthority.aspx/GetLocations -
2014-10-12 /ejn/AtlasChooseAuthority.aspx/GetLocations -
2014-10-12 /ejn/AtlasChooseAuthority.aspx -
2014-10-12 /ejn/AtlasAuthorityData.aspx Id=3068
2014-10-12 /ejn/EJN_Home.aspx -
2014-10-12 /ejn/AtlasAuthorityData.aspx Id=3068
2014-10-12 /ejn/AtlasChooseAuthority.aspx -
2014-10-12 /ejn/AtlasChooseAuthority.aspx/GetLocations -
2014-10-12 /ejn/AtlasChooseAuthority.aspx -
2014-10-12 /ejn/AtlasChooseAuthority.aspx -
2014-10-12 /ejn/AtlasChooseAuthority.aspx -
2014-10-12 /ejn/AtlasAuthorityData.aspx Id=3068
2014-10-12 /ejn/AtlasChooseAuthority.aspx -
2014-10-12 /ejn/AtlasChooseAuthority.aspx -
2014-10-12 /ejn/AtlasChooseAuthority.aspx -
2014-10-12 /ejn/AtlasAuthorityData.aspx Id=2813
2014-10-12 /ejn/AtlasChooseAuthority.aspx -
2014-10-12 /ejn/AtlasChooseAuthority.aspx -
2014-10-12 /ejn/AtlasChooseAuthority.aspx/GetLocations -
2014-10-12 /ejn/EJN_Home.aspx -
2014-10-12 /ejn/AtlasChooseAuthority.aspx -
2014-10-12 /ejn/AtlasChooseAuthority.aspx -
2014-10-12 /ejn/AtlasAuthorityData.aspx Id=3068
2014-10-12 /ejn/AtlasAuthorityData.aspx Id=3068
2014-10-12 /ejn/AtlasChooseAuthority.aspx -
2014-10-12 /ejn/AtlasChooseAuthority.aspx/GetLocations -
2014-10-12 /ejn/AtlasChooseAuthority.aspx -
2014-10-12 /ejn/AtlasChooseAuthority.aspx -
2014-10-12 /ejn/AtlasChooseAuthority.aspx/GetLocations -
2014-10-12 /ejn/AtlasChooseAuthority.aspx -
2014-10-12 /ejn/AtlasChooseAuthority.aspx -
2014-10-12 /ejn/AtlasChooseAuthority.aspx/GetLocations -
2014-10-12 /ejn/AtlasChooseAuthority.aspx -
2014-10-12 /ejn/AtlasChooseAuthority.aspx/GetLocations -
2014-10-12 /ejn/AtlasChooseAuthority.aspx -
2014-10-12 /ejn/AtlasChooseAuthority.aspx -
2014-10-12 /ejn/AtlasChooseAuthority.aspx/GetLocations -
2014-10-12 /ejn/AtlasChooseAuthority.aspx -
2014-10-12 /ejn/AtlasAuthorityData.aspx Id=2789
2014-10-12 /ejn/AtlasAuthorityData.aspx Id=2789
2014-10-12 /ejn/AtlasChooseAuthority.aspx -
2014-10-12 /ejn/AtlasChooseAuthority.aspx/GetLocations -
2014-10-12 /ejn/AtlasChooseAuthority.aspx -
2014-10-12 /ejn/AtlasAuthorityData.aspx Id=3032
2014-10-12 /ejn/AtlasAuthorityData.aspx Id=3032
2014-10-12 /ejn/AtlasChooseAuthority.aspx -
2014-10-12 /ejn/ -
2014-10-12 /ejn/AtlasChooseAuthority.aspx/GetLocations -
2014-10-12 /ejn/AtlasChooseAuthority.aspx -
2014-10-12 /ejn/AtlasAuthorityData.aspx Id=3133
2014-10-12 /ejn/EJN_AtlasAdvanced.aspx -
2014-10-12 /ejn/AtlasAuthorityData.aspx Id=3133
2014-10-12 /ejn/AtlasChooseAuthority.aspx -
2014-10-12 /ejn/AtlasChooseAuthority.aspx/GetLocations -
2014-10-12 /ejn/AtlasChooseAuthority.aspx -
2014-10-12 /ejn/AtlasAuthorityData.aspx Id=2949
2014-10-12 /ejn/AtlasAuthorityData.aspx Id=2949
2014-10-12 /ejn/AtlasChooseAuthority.aspx -
2014-10-12 /ejn/AtlasChooseAuthority.aspx/GetLocations -
2014-10-12 /ejn/AtlasChooseAuthority.aspx -
2014-10-12 /ejn/AtlasChooseAuthority.aspx/GetLocations -
2014-10-12 /ejn/AtlasChooseAuthority.aspx/GetLocations -
2014-10-12 /ejn/AtlasChooseAuthority.aspx -
2014-10-12 /ejn/AtlasChooseAuthority.aspx/GetLocations -
2014-10-12 /ejn/AtlasChooseAuthority.aspx -
2014-10-12 /ejn/AtlasChooseAuthority.aspx/GetLocations -
2014-10-12 /ejn/AtlasChooseAuthority.aspx -
2014-10-12 /ejn/AtlasChooseAuthority.aspx -
2014-10-12 /ejn/AtlasChooseAuthority.aspx -
2014-10-12 /ejn/AtlasChooseAuthority.aspx/GetLocations -
2014-10-12 /ejn/AtlasChooseAuthority.aspx -
2014-10-12 /ejn/AtlasChooseAuthority.aspx -
2014-10-12 /ejn/EJN_Home.aspx -
2014-10-12 /ejn/EJN_Home.aspx -
2014-10-12 /ejn/AtlasChooseAuthority.aspx -
2014-10-12 /ejn/AtlasChooseAuthority.aspx -
2014-10-12 /ejn/AtlasChooseAuthority.aspx -
2014-10-12 /ejn/AtlasChooseAuthority.aspx -
2014-10-12 /ejn/AtlasChooseAuthority.aspx/GetLocations -
2014-10-12 /ejn/AtlasAuthorityData.aspx Id=3154
2014-10-12 /ejn/AtlasAuthorityData.aspx Id=3154
2014-10-12 /ejn/AtlasChooseAuthority.aspx -
2014-10-12 /ejn/AtlasChooseAuthority.aspx/GetLocations -
2014-10-12 /ejn/AtlasChooseAuthority.aspx -
2014-10-12 /ejn/AtlasAuthorityData.aspx Id=2974
2014-10-12 /ejn/EJN_Home.aspx -
2014-10-12 /ejn/AtlasAuthorityData.aspx Id=2974
2014-10-12 /ejn/AtlasChooseAuthority.aspx -
2014-10-12 /ejn/AtlasChooseAuthority.aspx/GetLocations -
2014-10-12 /ejn/AtlasChooseAuthority.aspx -
2014-10-12 /ejn/AtlasAuthorityData.aspx Id=3001
2014-10-12 /ejn/EJN_Home.aspx -
2014-10-12 /ejn/AtlasAuthorityData.aspx Id=3001
2014-10-12 /ejn/AtlasChooseAuthority.aspx -
2014-10-12 /ejn/AtlasChooseAuthority.aspx -
2014-10-12 /ejn/AtlasAuthorityData.aspx Id=2679
2014-10-12 /ejn/AtlasAuthorityData.aspx Id=2679
2014-10-12 /ejn/AtlasChooseAuthority.aspx -
2014-10-12 /ejn/AtlasChooseAuthority.aspx/GetLocations -
2014-10-12 /ejn/AtlasChooseAuthority.aspx -
2014-10-12 /ejn/AtlasAuthorityData.aspx Id=2944
2014-10-12 /ejn/AtlasAuthorityData.aspx Id=2944
2014-10-12 /ejn/AtlasChooseAuthority.aspx -
2014-10-12 /ejn/AtlasChooseAuthority.aspx -
2014-10-12 /ejn/AtlasAuthorityData.aspx Id=3076
2014-10-12 /ejn/AtlasAuthorityData.aspx Id=3076
2014-10-12 /ejn/AtlasChooseAuthority.aspx -
2014-10-12 /ejn/AtlasChooseAuthority.aspx -
2014-10-12 /ejn/AtlasChooseAuthority.aspx/GetLocations -
2014-10-12 /ejn/AtlasChooseAuthority.aspx -
2014-10-12 /ejn/AtlasAuthorityData.aspx Id=2923
2014-10-12 /ejn/EJN_Home.aspx -
2014-10-12 /ejn/AtlasAuthorityData.aspx Id=2923
2014-10-12 /ejn/AtlasChooseAuthority.aspx -
2014-10-12 /ejn/AtlasChooseAuthority.aspx/GetLocations -
2014-10-12 /ejn/AtlasChooseAuthority.aspx -
2014-10-12 /ejn/AtlasChooseAuthority.aspx/GetLocations -
2014-10-12 /ejn/AtlasChooseAuthority.aspx -
2014-10-12 /ejn/AtlasChooseAuthority.aspx/GetLocations -
2014-10-12 /ejn/AtlasChooseAuthority.aspx -
2014-10-12 /eawwizard.aspx -
2014-10-12 /ejn/AtlasChooseAuthority.aspx/GetLocations -
2014-10-12 /ejn/AtlasChooseAuthority.aspx -
2014-10-12 /ejn/AtlasAuthorityData.aspx Id=3054
2014-10-12 /ejn/ -
2014-10-12 /ejn/AtlasAuthorityData.aspx Id=3054
2014-10-12 /ejn/AtlasChooseAuthority.aspx -
2014-10-12 /ejn/AtlasChooseAuthority.aspx -
2014-10-12 /ejn/AtlasAuthorityData.aspx Id=2897
2014-10-12 /ejn/AtlasAuthorityData.aspx Id=2897
2014-10-12 /ejn/AtlasChooseAuthority.aspx -
2014-10-12 /ejn/AtlasChooseAuthority.aspx/GetLocations -
2014-10-12 /ejn/AtlasChooseAuthority.aspx -
2014-10-12 /ejn/AtlasAuthorityData.aspx Id=2863
2014-10-12 /ejn/AtlasAuthorityData.aspx Id=2863
2014-10-12 /ejn/AtlasChooseAuthority.aspx -
2014-10-12 /ejn/AtlasChooseAuthority.aspx/GetLocations -
2014-10-12 /ejn/AtlasChooseAuthority.aspx -
2014-10-12 /ejn/AtlasAuthorityData.aspx Id=3035
2014-10-12 /ejn/AtlasAuthorityData.aspx Id=3035
2014-10-12 /ejn/AtlasChooseAuthority.aspx -
2014-10-12 /ejn/AtlasChooseAuthority.aspx/GetLocations -
2014-10-12 /ejn/AtlasChooseAuthority.aspx -
2014-10-12 /ejn/AtlasAuthorityData.aspx Id=2876
2014-10-12 /ejn/AtlasAuthorityData.aspx Id=2876
2014-10-12 /ejn/AtlasChooseAuthority.aspx -
2014-10-12 /ejn/AtlasChooseAuthority.aspx/GetLocations -
2014-10-12 /ejn/AtlasChooseAuthority.aspx -
2014-10-12 /ejn/AtlasAuthorityData.aspx Id=3008
2014-10-12 /ejn/AtlasAuthorityData.aspx Id=3008
2014-10-12 /ejn/AtlasChooseAuthority.aspx -
2014-10-12 /ejn/AtlasChooseAuthority.aspx/GetLocations -
2014-10-12 /ejn/AtlasChooseAuthority.aspx -
2014-10-12 /ejn/AtlasAuthorityData.aspx Id=2979
2014-10-12 /ejn/AtlasAuthorityData.aspx Id=2979
2014-10-12 /ejn/AtlasChooseAuthority.aspx -
2014-10-12 /ejn/AtlasChooseAuthority.aspx/GetLocations -
2014-10-12 /ejn/AtlasChooseAuthority.aspx -
2014-10-12 /ejn/AtlasAuthorityData.aspx Id=2902
2014-10-12 /ejn/AtlasAuthorityData.aspx Id=2902
2014-10-12 /ejn/AtlasChooseAuthority.aspx -
2014-10-12 /ejn/AtlasChooseAuthority.aspx -
2014-10-12 /ejn/AtlasAuthorityData.aspx Id=2907
2014-10-12 /ejn/AtlasAuthorityData.aspx Id=2907
2014-10-12 /ejn/AtlasChooseAuthority.aspx -
2014-10-12 /ejn/AtlasChooseAuthority.aspx/GetLocations -
2014-10-12 /ejn/AtlasChooseAuthority.aspx/GetLocations -
2014-10-12 /ejn/AtlasChooseAuthority.aspx -
2014-10-12 /ejn/AtlasAuthorityData.aspx Id=2788
2014-10-12 /ejn/AtlasAuthorityData.aspx Id=2788
2014-10-12 /ejn/AtlasChooseAuthority.aspx -
2014-10-12 /ejn/AtlasChooseAuthority.aspx/GetLocations -
2014-10-12 /ejn/AtlasChooseAuthority.aspx -
2014-10-12 /ejn/AtlasAuthorityData.aspx Id=2902
2014-10-12 /ejn/EJN_Home.aspx -
2014-10-12 /ejn/EJN_Home.aspx -
2014-10-12 /ejn/AtlasAuthorityData.aspx Id=2902
2014-10-12 /ejn/AtlasChooseAuthority.aspx -
2014-10-12 /ejn/AtlasChooseAuthority.aspx/GetLocations -
2014-10-12 /ejn/AtlasChooseAuthority.aspx -
2014-10-12 /ejn/AtlasAuthorityData.aspx Id=3116
2014-10-12 /ejn/AtlasAuthorityData.aspx Id=3116
2014-10-12 /ejn/AtlasChooseAuthority.aspx -
2014-10-12 /ejn/AtlasChooseAuthority.aspx/GetLocations -
2014-10-12 /ejn/AtlasChooseAuthority.aspx -
2014-10-12 /ejn/AtlasAuthorityData.aspx Id=2808
2014-10-12 /ejn/EJN_Home.aspx -
2014-10-12 /ejn/AtlasAuthorityData.aspx Id=2808
2014-10-12 /ejn/AtlasChooseAuthority.aspx -
2014-10-12 /ejn/AtlasChooseAuthority.aspx/GetLocations -
2014-10-12 /ejn/AtlasChooseAuthority.aspx -
2014-10-12 /ejn/AtlasChooseAuthority.aspx/GetLocations -
2014-10-12 /ejn/AtlasChooseAuthority.aspx/GetLocations -
2014-10-12 /ejn/AtlasChooseAuthority.aspx -
2014-10-12 /ejn/AtlasChooseAuthority.aspx/GetLocations -
2014-10-12 /ejn/AtlasChooseAuthority.aspx -
2014-10-12 /ejn/AtlasAuthorityData.aspx Id=3098
2014-10-12 /ejn/AtlasAuthorityData.aspx Id=3098
2014-10-12 /ejn/AtlasChooseAuthority.aspx -
2014-10-12 /ejn/EJN_Home.aspx -
2014-10-12 /ejn/AtlasChooseAuthority.aspx -
2014-10-12 /ejn/AtlasAuthorityData.aspx Id=2954
2014-10-12 /ejn/AtlasAuthorityData.aspx Id=2954
2014-10-12 /ejn/AtlasChooseAuthority.aspx -
2014-10-12 /ejn/AtlasChooseAuthority.aspx -
2014-10-12 /ejn/AtlasAuthorityData.aspx Id=2676
2014-10-12 /ejn/ejn_infoabout.aspx -
2014-10-12 /ejn/AtlasAuthorityData.aspx Id=2676
2014-10-12 /ejn/AtlasChooseAuthority.aspx -
2014-10-12 /ejn/AtlasAuthorityData.aspx Id=2676
2014-10-12 /ejn/AtlasChooseAuthority.aspx -
2014-10-12 /ejn/AtlasChooseAuthority.aspx/GetLocations -
2014-10-12 /ejn/AtlasChooseAuthority.aspx -
2014-10-12 /ejn/AtlasAuthorityData.aspx Id=3000
2014-10-12 /ejn/AtlasAuthorityData.aspx Id=3000
2014-10-12 /ejn/AtlasChooseAuthority.aspx -
2014-10-12 /ejn/AtlasChooseAuthority.aspx/GetLocations -
2014-10-12 /ejn/AtlasChooseAuthority.aspx -
2014-10-12 /ejn/AtlasChooseAuthority.aspx -
2014-10-12 /ejn/AtlasChooseAuthority.aspx/GetLocations -
2014-10-12 /ejn/AtlasChooseAuthority.aspx -
2014-10-12 /ejn/AtlasChooseAuthority.aspx/GetLocations -
2014-10-12 /ejn/AtlasChooseAuthority.aspx -
2014-10-12 /ejn/AtlasChooseAuthority.aspx -
2014-10-12 /ejn/AtlasChooseAuthority.aspx/GetLocations -
2014-10-12 /ejn/AtlasChooseAuthority.aspx -
2014-10-12 /ejn/AtlasAuthorityData.aspx Id=2813
2014-10-12 /ejn/EJN_Home.aspx -
2014-10-12 /ejn/AtlasAuthorityData.aspx Id=2813
2014-10-12 /ejn/AtlasChooseAuthority.aspx -
2014-10-12 /ejn/AtlasChooseAuthority.aspx/GetLocations -
2014-10-12 /ejn/AtlasChooseAuthority.aspx -
2014-10-12 /ejn/AtlasAuthorityData.aspx Id=3115
2014-10-12 /ejn/AtlasAuthorityData.aspx Id=3115
2014-10-12 /ejn/AtlasChooseAuthority.aspx -
2014-10-12 /ejn/AtlasChooseAuthority.aspx/GetLocations -
2014-10-12 /ejn/AtlasChooseAuthority.aspx/GetLocations -
2014-10-12 /ejn/AtlasChooseAuthority.aspx/GetLocations -
2014-10-12 /ejn/AtlasChooseAuthority.aspx/GetLocations -
2014-10-12 /ejn/AtlasChooseAuthority.aspx -
2014-10-12 /ejn/AtlasAuthorityData.aspx Id=3179
2014-10-12 /ejn/AtlasAuthorityData.aspx Id=3179
2014-10-12 /ejn/AtlasChooseAuthority.aspx -
2014-10-12 /ejn/AtlasChooseAuthority.aspx/GetLocations -
2014-10-12 /ejn/AtlasChooseAuthority.aspx -
2014-10-12 /ejn/AtlasChooseAuthority.aspx -
2014-10-12 /ejn/AtlasAuthorityData.aspx Id=3179
2014-10-12 /ejn/AtlasAuthorityData.aspx Id=3179
2014-10-12 /ejn/AtlasChooseAuthority.aspx -
2014-10-12 /ejn/AtlasChooseAuthority.aspx -
2014-10-12 /ejn/AtlasChooseAuthority.aspx -
2014-10-12 /ejn/AtlasChooseAuthority.aspx -
2014-10-12 /ejn/AtlasAuthorityData.aspx Id=3075
2014-10-12 /ejn/AtlasAuthorityData.aspx Id=3075
2014-10-12 /ejn/AtlasChooseAuthority.aspx -
2014-10-12 /ejn/AtlasChooseAuthority.aspx -
2014-10-12 /ejn/AtlasChooseAuthority.aspx -
2014-10-12 /ejn/AtlasAuthorityData.aspx Id=3180
2014-10-12 /ejn/AtlasChooseAuthority.aspx -
2014-10-12 /ejn/AtlasChooseAuthority.aspx -
2014-10-12 /ejn/AtlasChooseAuthority.aspx -
2014-10-12 /ejn/AtlasAuthorityData.aspx Id=3075
2014-10-12 /ejn/AtlasChooseAuthority.aspx -
2014-10-12 /ejn/AtlasChooseAuthority.aspx -
2014-10-12 /ejn/AtlasChooseAuthority.aspx -
2014-10-12 /ejn/AtlasAuthorityData.aspx Id=3107
2014-10-12 /ejn/AtlasAuthorityData.aspx Id=3107
2014-10-12 /ejn/AtlasChooseAuthority.aspx -
2014-10-12 /ejn/AtlasChooseAuthority.aspx -
2014-10-12 /ejn/AtlasChooseAuthority.aspx -
2014-10-12 /ejn/AtlasChooseAuthority.aspx -
2014-10-12 /ejn/AtlasAuthorityData.aspx Id=2783
2014-10-12 /ejn/EJN_Home.aspx -
2014-10-12 /ejn/EJN_Home.aspx -
2014-10-12 /ejn/AtlasAuthorityData.aspx Id=2783
2014-10-12 /ejn/AtlasChooseAuthority.aspx -
2014-10-12 /ejn/AtlasChooseAuthority.aspx -
2014-10-12 /ejn/AtlasChooseAuthority.aspx -
2014-10-12 /ejn/AtlasAuthorityData.aspx Id=2822
2014-10-12 /ejn/EJN_Home.aspx -
2014-10-12 /ejn/AtlasChooseAuthority.aspx -
2014-10-12 /ejn/AtlasChooseAuthority.aspx -
2014-10-12 /ejn/AtlasChooseAuthority.aspx -
2014-10-12 /ejn/AtlasAuthorityData.aspx Id=2973
2014-10-12 /ejn/EJN_Home.aspx -
2014-10-12 /ejn/AtlasChooseAuthority.aspx -
2014-10-12 /ejn/AtlasChooseAuthority.aspx -
2014-10-12 /ejn/AtlasChooseAuthority.aspx -
2014-10-12 /ejn/AtlasAuthorityData.aspx Id=3107
2014-10-12 /ejn/AtlasChooseAuthority.aspx -
2014-10-12 /ejn/AtlasChooseAuthority.aspx -
2014-10-12 /ejn/AtlasChooseAuthority.aspx -
2014-10-12 /ejn/AtlasAuthorityData.aspx Id=3112
2014-10-12 /ejn/ -
2014-10-12 /ejn/AtlasAuthorityData.aspx Id=3112
2014-10-12 /ejn/AtlasChooseAuthority.aspx -
2014-10-12 /ejn/AtlasChooseAuthority.aspx -
2014-10-12 /ejn/AtlasChooseAuthority.aspx -
2014-10-12 /ejn/AtlasAuthorityData.aspx Id=3169
2014-10-12 /ejn/EJN_StaticPage.aspx Bread=9
2014-10-12 /ejn/EJN_StaticPage.aspx Bread=20
2014-10-12 /ejn/EJN_Home.aspx -
2014-10-12 /ejn/AtlasAuthorityData.aspx Id=3169
2014-10-12 /ejn/AtlasChooseAuthority.aspx -
2014-10-12 /ejn/AtlasChooseAuthority.aspx -
2014-10-12 /ejn/AtlasChooseAuthority.aspx -
2014-10-12 /ejn/AtlasAuthorityData.aspx Id=3164
2014-10-12 /ejn/EJN_Home.aspx -
2014-10-12 /ejn/EJN_Home.aspx -
2014-10-12 /ejn/ -
2014-10-12 /ejn/EJN_AtlasAdvanced.aspx -
2014-10-12 /ejn/EJN_Home.aspx -
2014-10-12 /ejn/EJN_Home.aspx -
2014-10-12 /ejn/ -
2014-10-12 /ejn/EJN_Home.aspx -
2014-10-12 /ejn/ -
2014-10-12 /ejn/EJN_Home.aspx -
2014-10-12 /ejn/libcategories.aspx Id=5
2014-10-12 /ejn/EJN_Home.aspx -
2014-10-12 /ejn/EJN_Home.aspx -
2014-10-12 /ejn/EJN_Home.aspx -
2014-10-12 /ejn/AtlasChooseCountry.aspx Type=2
2014-10-12 /ejn/EJN_Home.aspx -
2014-10-12 /ejn/EJN_Home.aspx -
2014-10-12 /ejn/EJN_Home.aspx -
2014-10-12 /ejn/ -
2014-10-12 /ejn/EJN_Home.aspx -
2014-10-12 /ejn/EJN_Home.aspx -
2014-10-12 /ejn/EJN_Home.aspx -
2014-10-12 /ejn/ -
2014-10-12 /ejn/EJN_Home.aspx -
2014-10-12 /ejn/EJN_Home.aspx -
2014-10-12 /ejn/EJN_StaticPage.aspx Bread=34
2014-10-12 /ejn/EJN_Home.aspx -
2014-10-12 /ejn/EJN_Home.aspx -
2014-10-12 /ejn/EJN_Home.aspx -
2014-10-12 /ejn/ -
2014-10-12 /ejn/EJN_AtlasAdvanced.aspx -
2014-10-12 /ejn/EJN_Home.aspx -
2014-10-12 /ejn/EJN_Home.aspx -
2014-10-12 /ejn/EJN_Home.aspx -
2014-10-12 /ejn/ -
2014-10-12 /ejn/NewsDetail.aspx id=272&Ori=H
2014-10-12 /ejn/EJN_Home.aspx -
2014-10-12 /ejn/EJN_StaticPage.aspx Bread=28
2014-10-12 /ejn/sitemap.aspx -
2014-10-12 /ejn/EJN_StaticPage.aspx Bread=13
2014-10-12 /ejn/libcategories.aspx -
2014-10-12 /ejn/libcategories.aspx Id=7
2014-10-12 /ejn/libdocumentproperties.aspx Id=1405
2014-10-12 /ejn/EJN_StaticPage.aspx Bread=8
2014-10-12 /ejn/EJN_Home.aspx -
2014-10-12 /ejn/EJN_Home.aspx -
2014-10-12 /ejn/EJN_Home.aspx -
2014-10-12 /ejn/EJN_Home.aspx -
2014-10-12 /ejn/EJN_Home.aspx -
2014-10-12 /ejn/EJN_Home.aspx -
2014-10-12 /ejn/EJN_Home.aspx -
2014-10-12 /ejn/EJN_Home.aspx -
2014-10-12 /ejn/EJN_Home.aspx -
2014-10-12 /ejn/EJN_Home.aspx -
2014-10-12 /eaw_atlas.aspx -
2014-10-12 /ejn/AtlasChooseCountry.aspx -
2014-10-12 /ejn/EJN_Home.aspx -
