2014-12-25 /ejn/EJN_Home.aspx -
2014-12-25 /ejn/Events.aspx id=7
2014-12-25 /ejn/EJN_Home.aspx -
2014-12-25 /ejn/EJN_Home.aspx -
2014-12-25 /ejn/EJN_Home.aspx -
2014-12-25 /ejn/EJN_News.aspx id=52
2014-12-25 /ejn/EJN_News.aspx id=52
2014-12-25 /ejn/EJN_Home.aspx -
2014-12-25 /ejn/EJN_Home.aspx -
2014-12-25 /ejn/EJN_AtlasAdvanced.aspx -
2014-12-25 /ejn/ -
2014-12-25 /ejn/EJN_Home.aspx -
2014-12-25 /ejn/EJN_AtlasAdvanced.aspx -
2014-12-25 /ejn/ -
2014-12-25 /ejn/EJN_Home.aspx -
2014-12-25 /ejn/ -
2014-12-25 /ejn/EJN_Home.aspx -
2014-12-25 /ejn/EJN_Home.aspx -
2014-12-25 /ejn/EJN_Home.aspx -
2014-12-25 /ejn/ -
2014-12-25 /ejn/EJN_AtlasAdvanced.aspx -
2014-12-25 /ejn/EJN_Home.aspx -
2014-12-25 /ejn/EJN_Home.aspx -
2014-12-25 /ejn/EJN_Home.aspx -
2014-12-25 /ejn/EJN_AtlasAdvanced.aspx -
2014-12-25 /ejn/EJN_Home.aspx -
2014-12-25 /ejn/ -
2014-12-25 /ejn/EJN_Home.aspx -
2014-12-25 /ejn/EJN_Home.aspx -
2014-12-25 /ejn/EJN_Home.aspx -
2014-12-25 /ejn/libshowdocument.aspx Id=99&Lang=DK
2014-12-25 /ejn/libshowdocument.aspx Id=126&Lang=DK
2014-12-25 /ejn/EJN_Home.aspx -
2014-12-25 /ejn/EJN_Home.aspx -
2014-12-25 /ejn/EJN_Home.aspx -
2014-12-25 /ejn/libshowdocument.aspx Id=13&Lang=LV
2014-12-25 /ejn/EJN_Home.aspx -
2014-12-25 /ejn/EJN_StaticPage.aspx Bread=33
2014-12-25 /ejn/EJN_Home.aspx -
2014-12-25 /ejn/EJN_Home.aspx -
2014-12-25 /ejn/EJN_Home.aspx -
2014-12-25 /ejn/EJN_AtlasAdvanced.aspx -
2014-12-25 /ejn/ -
2014-12-25 /ejn/EJN_Home.aspx -
2014-12-25 /ejn/EJN_Home.aspx -
2014-12-25 /ejn/EJN_StaticPage.aspx Bread=26
2014-12-25 /ejn/EJN_Home.aspx -
2014-12-25 /ejn/EJN_Home.aspx -
2014-12-25 /ejn/EJN_AtlasAdvanced.aspx -
2014-12-25 /ejn/ -
2014-12-25 /ejn/Events.aspx event=192
2014-12-25 /ejn/EJN_Home.aspx -
2014-12-25 /ejn/ -
2014-12-25 /ejn/EJN_Home.aspx -
2014-12-25 /ejn/EJN_Home.aspx -
2014-12-25 /ejn/ -
2014-12-25 /ejn/EJN_AtlasAdvanced.aspx -
2014-12-25 /ejn/EJN_Home.aspx -
2014-12-25 /ejn/EJN_Home.aspx -
2014-12-25 /ejn/EJN_Home.aspx -
2014-12-25 /ejn/EJN_Home.aspx -
2014-12-25 /ejn/EJN_AtlasAdvanced.aspx -
2014-12-25 /ejn/EJN_StaticPage.aspx Bread=39
2014-12-25 /ejn/EJN_Home.aspx -
2014-12-25 /ejn/EJN_Home.aspx -
2014-12-25 /ejn/EJN_Home.aspx -
2014-12-25 /ejn/libshowdocument.aspx Id=13&Lang=EN
2014-12-25 /ejn/libshowdocument.aspx Id=219&Lang=SL
2014-12-25 /ejn/EJN_Home.aspx -
2014-12-25 /ejn/EJN_Home.aspx -
2014-12-25 /ejn/EJN_AtlasAdvancedOld.aspx ctyCode=SK
2014-12-25 /ejn/EJN_AtlasAdvancedOld.aspx ctyCode=SK
2014-12-25 /ejn/EJN_Home.aspx -
2014-12-25 /ejn/EJN_Home.aspx -
2014-12-25 /ejn/EJN_Home.aspx -
2014-12-25 /ejn/Events.aspx event=182
2014-12-25 /ejn/EJN_Home.aspx -
2014-12-25 /ejn/EJN_Home.aspx -
2014-12-25 /ejn/EJN_Home.aspx -
2014-12-25 /ejn/EJN_Home.aspx -
2014-12-25 /ejn/EJN_Home.aspx -
2014-12-25 /ejn/EJN_Home.aspx -
2014-12-25 /ejn/EJN_Home.aspx -
2014-12-25 /ejn/ -
2014-12-25 /ejn/libcategories.aspx -
2014-12-25 /ejn/libcategories.aspx Id=1
2014-12-25 /ejn/libcategories.aspx Id=19
2014-12-25 /ejn/libcategories.aspx Id=20
2014-12-25 /ejn/EJN_Home.aspx -
2014-12-25 /ejn/ -
2014-12-25 /ejn/EJN_Home.aspx -
2014-12-25 /ejn/EJN_Home.aspx -
2014-12-25 /ejn/EJN_Home.aspx -
2014-12-25 /ejn/libcategories.aspx Id=24
2014-12-25 /ejn/EJN_Home.aspx -
2014-12-25 /ejn/EJN_Home.aspx -
2014-12-25 /ejn/EJN_Home.aspx -
2014-12-25 /ejn/EJN_Home.aspx -
2014-12-25 /ejn/Events.aspx event=273
2014-12-25 /ejn/EJN_AtlasAdvanced.aspx -
2014-12-25 /ejn/EJN_Home.aspx -
2014-12-25 /ejn/EJN_Home.aspx -
2014-12-25 /ejn/EJN_Home.aspx -
2014-12-25 /ejn/EJN_Home.aspx -
2014-12-25 /ejn/EJN_Home.aspx -
2014-12-25 /ejn/EJN_Home.aspx -
2014-12-25 /ejn/EJN_Home.aspx -
2014-12-25 /ejn/EJN_Home.aspx -
2014-12-25 /ejn/EJN_Home.aspx -
2014-12-25 /ejn/EJN_Home.aspx -
2014-12-25 /ejn/EJN_Home.aspx -
2014-12-25 /ejn/ -
2014-12-25 /ejn/EJN_Home.aspx -
2014-12-25 /ejn/EJN_StaticPage.aspx Bread=4
2014-12-25 /ejn/sitemap.aspx -
2014-12-25 /ejn/EJN_Faqs.aspx -
2014-12-25 /ejn/ejn_home.aspx -
2014-12-25 /ejn/EJN_Search.aspx -
2014-12-25 /ejn/EJN_ContactUs.aspx &KeepThis=true&TB_iframe=true&height=650&width=900
2014-12-25 /ejn/EJN_StaticPage.aspx Bread=8
2014-12-25 /ejn/EJN_Home.aspx -
2014-12-25 /ejn/ -
2014-12-25 /ejn/EJN_StaticPage.aspx Bread=7
2014-12-25 /ejn/EJN_StaticPage.aspx Bread=9
2014-12-25 /ejn/libcategories.aspx Id=32
2014-12-25 /ejn/libcategories.aspx Id=24
2014-12-25 /ejn/libcategories.aspx Id=25
2014-12-25 /ejn/AtlasChooseMeasure.aspx MP=1&Cou=UK&Type=2
2014-12-25 /ejn/EJN_StaticPage.aspx Bread=39
2014-12-25 /ejn/libcategories.aspx Id=34
2014-12-25 /ejn/EJN_StaticPage.aspx Bread=2
2014-12-25 /ejn/libcategories.aspx Id=14
2014-12-25 /ejn/ -
2014-12-25 /ejn/EJN_StaticPage.aspx Bread=17
2014-12-25 /ejn/Gallery.aspx -
2014-12-25 /ejn/EJN_StaticPage.aspx Bread=28
2014-12-25 /ejn/EJN_StaticPage.aspx Bread=27
2014-12-25 /ejn/EJN_StaticPage.aspx Bread=14
2014-12-25 /ejn/EJN_StaticPage.aspx Bread=10
2014-12-25 /ejn/EJN_StaticPage.aspx Bread=16
2014-12-25 /ejn/EJN_StaticPage.aspx Bread=13
2014-12-25 /ejn/EJN_StaticPage.aspx Bread=21
2014-12-25 /ejn/EJN_Secretariat.aspx -
2014-12-25 /ejn/EJN_Home.aspx -
2014-12-25 /ejn/EJN_Home.aspx -
2014-12-25 /ejn/EJN_StaticPage.aspx Bread=30
2014-12-25 /ejn/EJN_StaticPage.aspx Bread=32
2014-12-25 /ejn/EJN_StaticPage.aspx Bread=18
2014-12-25 /ejn/EJN_StaticPage.aspx Bread=35
2014-12-25 /ejn/EJN_StaticPage.aspx Bread=33
2014-12-25 /ejn/EJN_StaticPage.aspx Bread=31
2014-12-25 /ejn/EJN_StaticPage.aspx Bread=24
2014-12-25 /ejn/EJN_StaticPage.aspx Bread=25
2014-12-25 /ejn/EJN_StaticPage.aspx Bread=20
2014-12-25 /ejn/EJN_StaticPage.aspx Bread=34
2014-12-25 /ejn/ -
2014-12-25 /ejn/Events.aspx id=6
2014-12-25 /ejn/NewsDetail.aspx id=346&Ori=H
2014-12-25 /ejn/EJN_StaticPage.aspx Bread=19
2014-12-25 /ejn/EJN_StaticPage.aspx Bread=37
2014-12-25 /ejn/EJN_StaticPage.aspx Bread=36
2014-12-25 /ejn/EJN_StaticPage.aspx Bread=26
2014-12-25 /ejn/EJN_StaticPage.aspx Bread=38
2014-12-25 /ejn/EJN_StaticPage.aspx Bread=22
2014-12-25 /ejn/EJN_StaticPage.aspx Bread=23
2014-12-25 /ejn/NewsDetail.aspx id=344&Ori=H
2014-12-25 /ejn/EJN_Home.aspx -
2014-12-25 /ejn/Events.aspx id=7
2014-12-25 /ejn/Events.aspx event=318
2014-12-25 /ejn/Events.aspx Id=6
2014-12-25 /ejn/NewsAll.aspx Id=3
2014-12-25 /ejn/Events.aspx event=322
2014-12-25 /ejn/Events.aspx Id=7
2014-12-25 /ejn/NewsAll.aspx Id=5
2014-12-25 /ejn/NewsAll.aspx Id=2
2014-12-25 /ejn/NewsAll.aspx Id=1
2014-12-25 /ejn/NewsAll.aspx Id=4
2014-12-25 /ejn/ -
2014-12-25 /ejn/EJN_InfoAbout.aspx Id=223
2014-12-25 /ejn/EJN_SubscribeNewsLetter.aspx -
2014-12-25 /ejn/EJN_InfoAbout.aspx Id=432
2014-12-25 /ejn/EJN_InfoAbout.aspx Id=239
2014-12-25 /ejn/NewsAll.aspx -
2014-12-25 /ejn/EJN_InfoAbout.aspx Id=230
2014-12-25 /ejn/Events.aspx -
2014-12-25 /ejn/EJN_Home.aspx -
2014-12-25 /ejn/EJN_AtlasAdvanced.aspx -
2014-12-25 /ejn/EJN_InfoAbout.aspx Id=293
2014-12-25 /ejn/EJN_InfoAbout.aspx Id=279
2014-12-25 /ejn/EJN_InfoAbout.aspx Id=277
2014-12-25 /ejn/EJN_InfoAbout.aspx Id=269
2014-12-25 /ejn/EJN_InfoAbout.aspx Id=259
2014-12-25 /ejn/EJN_InfoAbout.aspx Id=273
2014-12-25 /ejn/EJN_InfoAbout.aspx Id=272
2014-12-25 /ejn/EJN_InfoAbout.aspx Id=258
2014-12-25 /ejn/EJN_InfoAbout.aspx Id=260
2014-12-25 /ejn/EJN_InfoAbout.aspx Id=287
2014-12-25 /ejn/EJN_InfoAbout.aspx Id=314
2014-12-25 /ejn/EJN_InfoAbout.aspx Id=368
2014-12-25 /ejn/EJN_InfoAbout.aspx Id=337
2014-12-25 /ejn/EJN_InfoAbout.aspx Id=307
2014-12-25 /ejn/EJN_InfoAbout.aspx Id=352
2014-12-25 /ejn/EJN_InfoAbout.aspx Id=351
2014-12-25 /ejn/EJN_InfoAbout.aspx Id=295
2014-12-25 /ejn/EJN_InfoAbout.aspx Id=321
2014-12-25 /ejn/EJN_InfoAbout.aspx Id=354
2014-12-25 /ejn/EJN_InfoAbout.aspx Id=313
2014-12-25 /ejn/EJN_Home.aspx -
2014-12-25 /ejn/EJN_InfoAbout.aspx Id=369
2014-12-25 /ejn/EJN_InfoAbout.aspx Id=434
2014-12-25 /ejn/EJN_InfoAbout.aspx Id=364
2014-12-25 /ejn/EJN_InfoAbout.aspx Id=395
2014-12-25 /ejn/EJN_InfoAbout.aspx Id=378
2014-12-25 /ejn/EJN_InfoAbout.aspx Id=389
2014-12-25 /ejn/EJN_InfoAbout.aspx Id=215
2014-12-25 /ejn/EJN_InfoAbout.aspx Id=288
2014-12-25 /ejn/EJN_InfoAbout.aspx Id=435
2014-12-25 /ejn/EJN_InfoAbout.aspx Id=373
2014-12-25 /ejn/EJN_AtlasAdvanced.aspx -
2014-12-25 /ejn/ -
2014-12-25 /ejn/AtlasChooseCountry.aspx Type=2
2014-12-25 /ejn/EJN_Compendium.aspx -
2014-12-25 /ejn/EJN_StaticPage.aspx Bread=1
2014-12-25 /ejn/EJN_StaticPage.aspx Bread=3
2014-12-25 /ejn/EJN_Login.aspx -
2014-12-25 /ejn/AtlasChooseCountry.aspx Type=1
2014-12-25 /ejn/EJN_InfoAbout.aspx Id=342
2014-12-25 /ejn/EJN_InfoAbout.aspx Id=433
2014-12-25 /ejn/EJN_InfoAbout.aspx Id=430
2014-12-25 /ejn/EJN_FichesBelges.aspx -
2014-12-25 /ejn/EJN_QuickLinks.aspx id=27
2014-12-25 /ejn/EJN_QuickLinks.aspx id=28
2014-12-25 /ejn/EJN_QuickLinks.aspx id=25
2014-12-25 /ejn/EJN_QuickLinks.aspx id=23
2014-12-25 /ejn/EJN_StaticPage.aspx Bread=11
2014-12-25 /ejn/libcategories.aspx -
2014-12-25 /ejn/EJN_QuickLinks.aspx id=24
2014-12-25 /ejn/EJN_StaticPage.aspx Bread=12
2014-12-25 /ejn/EJN_QuickLinks.aspx id=26
2014-12-25 /ejn/ -
2014-12-25 /ejn/EJN_EAWWizard.aspx -
2014-12-25 /ejn/EJN_Home.aspx -
2014-12-25 /ejn/EJN_QuickLinks.aspx -
2014-12-25 /ejn/EJN_Faqs.aspx cat=2
2014-12-25 /ejn/ejn_faqs.aspx -
2014-12-25 /ejn/EJN_Faqs.aspx cat=1
2014-12-25 /ejn/libcategories.aspx Id=2
2014-12-25 /ejn/ejn_staticpage.aspx Bread=7
2014-12-25 /ejn/ejn_staticpage.aspx Bread=4
2014-12-25 /ejn/ejn_search.aspx -
2014-12-25 /ejn/EJN_StaticPage.aspx Bread=5
2014-12-25 /ejn/ejn_staticpage.aspx Bread=8
2014-12-25 /ejn/libshowdocument.aspx Id=16&Lang=DE
2014-12-25 /ejn/libadvancedsearch.aspx -
2014-12-25 /ejn/libcategories.aspx id=1
2014-12-25 /ejn/libdocumentproperties.aspx Id=16
2014-12-25 /ejn/EJN_Home.aspx -
2014-12-25 /ejn/libshowdocument.aspx Id=16&Lang=DK
2014-12-25 /ejn/libshowdocument.aspx Id=16&Lang=EL
2014-12-25 /ejn/libshowdocument.aspx Id=16&Lang=CS
2014-12-25 /ejn/EJN_Home.aspx -
2014-12-25 /ejn/ -
2014-12-25 /ejn/EJN_AtlasAdvanced.aspx -
2014-12-25 /ejn/libshowdocument.aspx Id=16&Lang=IT
2014-12-25 /ejn/libshowdocument.aspx Id=16&Lang=FI
2014-12-25 /ejn/libshowdocument.aspx Id=16&Lang=ES
2014-12-25 /ejn/libshowdocument.aspx Id=16&Lang=EN
2014-12-25 /ejn/libshowdocument.aspx Id=16&Lang=FR
2014-12-25 /ejn/libshowdocument.aspx Id=16&Lang=GA
2014-12-25 /ejn/libshowdocument.aspx Id=16&Lang=LV
2014-12-25 /ejn/libshowdocument.aspx Id=16&Lang=LT
2014-12-25 /ejn/libshowdocument.aspx Id=16&Lang=ET
2014-12-25 /ejn/libshowdocument.aspx Id=16&Lang=HU
2014-12-25 /ejn/libshowdocument.aspx Id=16&Lang=PT
2014-12-25 /ejn/libshowdocument.aspx Id=16&Lang=SV
2014-12-25 /ejn/libdocumentproperties.aspx Id=614
2014-12-25 /ejn/libshowdocument.aspx Id=16&Lang=SL
2014-12-25 /ejn/libdocumentproperties.aspx Id=19
2014-12-25 /ejn/libdocumentproperties.aspx Id=18
2014-12-25 /ejn/libdocumentproperties.aspx Id=17
2014-12-25 /ejn/libshowdocument.aspx Id=16&Lang=NL
2014-12-25 /ejn/libshowdocument.aspx Id=16&Lang=PL
2014-12-25 /ejn/libshowdocument.aspx Id=16&Lang=SK
2014-12-25 /ejn/Events.aspx event=322
2014-12-25 /ejn/libdocumentproperties.aspx Id=623
2014-12-25 /ejn/libdocumentproperties.aspx Id=622
2014-12-25 /ejn/libdocumentproperties.aspx Id=620
2014-12-25 /ejn/libdocumentproperties.aspx Id=615
2014-12-25 /ejn/libdocumentproperties.aspx Id=617
2014-12-25 /ejn/libdocumentproperties.aspx Id=619
2014-12-25 /ejn/libdocumentproperties.aspx Id=624
2014-12-25 /ejn/libdocumentproperties.aspx Id=621
2014-12-25 /ejn/libdocumentproperties.aspx Id=626
2014-12-25 /ejn/libdocumentproperties.aspx Id=625
2014-12-25 /ejn/EJN_Home.aspx -
2014-12-25 /ejn/EJN_Home.aspx -
2014-12-25 /ejn/libdocumentproperties.aspx Id=629
2014-12-25 /ejn/libdocumentproperties.aspx Id=633
2014-12-25 /ejn/libdocumentproperties.aspx Id=630
2014-12-25 /ejn/libdocumentproperties.aspx Id=628
2014-12-25 /ejn/libdocumentproperties.aspx Id=636
2014-12-25 /ejn/libdocumentproperties.aspx Id=635
2014-12-25 /ejn/libdocumentproperties.aspx Id=627
2014-12-25 /ejn/libdocumentproperties.aspx Id=634
2014-12-25 /ejn/libdocumentproperties.aspx Id=631
2014-12-25 /ejn/libdocumentproperties.aspx Id=632
2014-12-25 /ejn/libshowdocument.aspx Id=1128&Lang=BG
2014-12-25 /ejn/libdocumentproperties.aspx Id=1128
2014-12-25 /ejn/libshowdocument.aspx Id=1128&Lang=DK
2014-12-25 /ejn/libshowdocument.aspx Id=1128&Lang=EL
2014-12-25 /ejn/libshowdocument.aspx Id=1128&Lang=CS
2014-12-25 /ejn/libshowdocument.aspx Id=1128&Lang=DE
2014-12-25 /ejn/libshowdocument.aspx Id=1128&Lang=ES
2014-12-25 /ejn/EJN_Library_RatificationsByCou.aspx -
2014-12-25 /ejn/libdocumentproperties.aspx Id=574
2014-12-25 /ejn/libshowdocument.aspx Id=1128&Lang=EN
2014-12-25 /ejn/libshowdocument.aspx Id=1128&Lang=ET
2014-12-25 /ejn/EJN_Home.aspx -
2014-12-25 /ejn/EJN_AtlasAdvanced.aspx -
2014-12-25 /ejn/ -
2014-12-25 /ejn/NewsDetail.aspx id=118&Ori=H
2014-12-25 /ejn/EJN_Home.aspx -
2014-12-25 /ejn/EJN_AtlasAdvanced.aspx -
2014-12-25 /ejn/EJN_Home.aspx -
2014-12-25 /ejn/ -
2014-12-25 /ejn/EJN_AtlasAdvanced.aspx -
2014-12-25 /ejn/EJN_Home.aspx -
2014-12-25 /ejn/EJN_Home.aspx -
2014-12-25 /ejn/EJN_Home.aspx -
2014-12-25 /ejn/libshowdocument.aspx Id=219&Lang=SL
2014-12-25 /secretariat.aspx -
2014-12-25 /ejn/EJN_AtlasAdvanced.aspx -
2014-12-25 /ejn/ -
2014-12-25 /ejn/EJN_Home.aspx -
2014-12-25 /ejn/EJN_StaticPage.aspx Bread=5
2014-12-25 /ejn/EJN_Home.aspx -
2014-12-25 /ejn/EJN_Home.aspx -
2014-12-25 /ejn/libshowdocument.aspx Id=13&Lang=LV
2014-12-25 /ejn/EJN_AtlasAdvanced.aspx -
2014-12-25 /ejn/ -
2014-12-25 /ejn/EJN_Home.aspx -
2014-12-25 /ejn/EJN_Home.aspx -
2014-12-25 /ejn/EJN_Home.aspx -
2014-12-25 /ejn/EJN_Home.aspx -
2014-12-25 /ejn/EJN_AtlasAdvanced.aspx -
2014-12-25 /ejn/ -
2014-12-25 /ejn/EJN_Home.aspx -
2014-12-25 /ejn/EJN_Home.aspx -
2014-12-25 /ejn/EJN_Home.aspx -
2014-12-25 /ejn/EJN_AtlasAdvanced.aspx -
2014-12-25 /ejn/ -
2014-12-25 /ejn/EJN_Home.aspx -
2014-12-25 /ejn/ -
2014-12-25 /ejn/EJN_Home.aspx -
2014-12-25 /ejn/libcategories.aspx Id=32
2014-12-25 /ejn/EJN_Home.aspx -
2014-12-25 /ejn/EJN_Home.aspx -
2014-12-25 /ejn/EJN_Home.aspx -
2014-12-25 /ejn/EJN_StaticPage.aspx Bread=36
2014-12-25 /ejn/EJN_Home.aspx -
2014-12-25 /ejn/EJN_Home.aspx -
2014-12-25 /ejn/EJN_Home.aspx -
2014-12-25 /ejn/EJN_AtlasAdvanced.aspx -
2014-12-25 /ejn/EJN_Home.aspx -
2014-12-25 /ejn/EJN_Home.aspx -
2014-12-25 /ejn/EJN_Home.aspx -
2014-12-25 /ejn/EJN_Home.aspx -
2014-12-25 /ejn/EJN_Home.aspx -
2014-12-25 /ejn/EJN_Home.aspx -
2014-12-25 /ejn/EJN_Home.aspx -
2014-12-25 /ejn/libshowdocument.aspx Id=13&Lang=LV
2014-12-25 /atlas_advanced.aspx -
2014-12-25 /atlas_advanced.aspx -
2014-12-25 /ejn/ -
2014-12-25 /atlas_advanced.aspx -
2014-12-25 /atlas_advanced.aspx -
2014-12-25 /ejn/EJN_Home.aspx -
2014-12-25 /ejn/AtlasChooseCountry.aspx -
2014-12-25 /ejn/EJN_Home.aspx -
2014-12-25 /ejn/ -
2014-12-25 /ejn/EJN_Home.aspx -
2014-12-25 /ejn/ejn_staticpage_9.aspx Bread=9
2014-12-25 /ejn/ejn_staticpage_9.aspx Bread=9
2014-12-25 /ejn/EJN_Home.aspx -
2014-12-25 /ejn/EJN_Home.aspx -
2014-12-25 /documents.aspx -
2014-12-25 /ejn/Events.aspx event=191
2014-12-25 /ejn/EJN_Home.aspx -
2014-12-25 /ejn/EJN_Home.aspx -
2014-12-25 /ejn/EJN_Home.aspx -
2014-12-25 /ejn/EJN_Home.aspx -
2014-12-25 /ejn/ -
2014-12-25 /ejn/EJN_Home.aspx -
2014-12-25 /ejn/ejn_home.aspx -
2014-12-25 /ejn/EJN_Home.aspx -
2014-12-25 /ejn/EJN_Home.aspx -
2014-12-25 /ejn/ejn_staticpage_9.aspx Bread=9
2014-12-25 /ejn/EJN_Home.aspx -
2014-12-25 /ejn/EJN_Home.aspx -
2014-12-25 /ejn/libshowdocument.aspx Id=197&Lang=CS
2014-12-25 /ejn/libshowdocument.aspx Id=197&Lang=CS
2014-12-25 /ejn/EJN_Home.aspx -
2014-12-25 /ejn/EJN_AtlasAdvanced.aspx -
2014-12-25 /ejn/EJN_Home.aspx -
2014-12-25 /ejn/EJN_Home.aspx -
2014-12-25 /ejn/EJN_Home.aspx -
2014-12-25 /ejn/EJN_Home.aspx -
2014-12-25 /ejn/EJN_Home.aspx -
2014-12-25 /ejn/EJN_Home.aspx -
2014-12-25 /ejn/EJN_Home.aspx -
2014-12-25 /ejn/EJN_Home.aspx -
2014-12-25 /ejn/EJN_Home.aspx -
2014-12-25 /ejn/EJN_Home.aspx -
2014-12-25 /ejn/EJN_Home.aspx -
2014-12-25 /ejn/EJN_Home.aspx -
2014-12-25 /ejn/EJN_Home.aspx -
2014-12-25 /ejn/EJN_AtlasAdvanced.aspx -
2014-12-25 /ejn/ -
2014-12-25 /ejn/EJN_Home.aspx -
2014-12-25 /ejn/EJN_Home.aspx -
2014-12-25 /ejn/EJN_Home.aspx -
2014-12-25 /ejn/ -
2014-12-25 /ejn/EJN_AtlasAdvanced.aspx -
2014-12-25 /ejn/EJN_Home.aspx -
2014-12-25 /ejn/EJN_Home.aspx -
2014-12-25 /ejn/ -
2014-12-25 /ejn/EJN_Home.aspx -
2014-12-25 /ejn/EJN_Home.aspx -
2014-12-25 /ejn/EJN_Home.aspx -
2014-12-25 /ejn/EJN_Home.aspx -
2014-12-25 /ejn/EJN_Home.aspx -
2014-12-25 /ejn/EJN_Home.aspx -
2014-12-25 /ejn/EJN_Home.aspx -
2014-12-25 /ejn/EJN_AtlasAdvanced.aspx -
2014-12-25 /ejn/EJN_Home.aspx -
2014-12-25 /ejn/EJN_Home.aspx -
2014-12-25 /ejn/EJN_Home.aspx -
2014-12-25 /ejn/EJN_Home.aspx -
2014-12-25 /ejn/EJN_Home.aspx -
2014-12-25 /ejn/EJN_Home.aspx -
2014-12-25 /ejn/ -
2014-12-25 /ejn/EJN_Home.aspx -
2014-12-25 /ejn/EJN_Home.aspx -
2014-12-25 /ejn/EJN_Home.aspx -
2014-12-25 /ejn/libshowdocument.aspx Id=13&Lang=EN
2014-12-25 /ejn/EJN_Home.aspx -
2014-12-25 /ejn/EJN_Home.aspx -
2014-12-25 /ejn/EJN_Home.aspx -
2014-12-25 /ejn/EJN_Home.aspx -
2014-12-25 /ejn/EJN_Home.aspx -
2014-12-25 /ejn/EJN_Home.aspx -
2014-12-25 /ejn/libshowdocument.aspx Id=197&Lang=CS
2014-12-25 /ejn/EJN_Home.aspx -
2014-12-25 /ejn/EJN_Home.aspx -
2014-12-25 /ejn/ -
2014-12-25 /ejn/ -
2014-12-25 /ejn/EJN_Home.aspx -
2014-12-25 /ejn/EJN_Home.aspx -
2014-12-25 /ejn/EJN_Home.aspx -
2014-12-25 /ejn/ -
2014-12-25 /ejn/EJN_Home.aspx -
2014-12-25 /ejn/EJN_Home.aspx -
2014-12-25 /ejn/EJN_Home.aspx -
2014-12-25 /ejn/EJN_AtlasAdvanced.aspx -
2014-12-25 /ejn/EJN_Home.aspx -
2014-12-25 /ejn/EJN_Home.aspx -
2014-12-25 /ejn/Events.aspx event=174
2014-12-25 /ejn/EJN_Home.aspx -
2014-12-25 /ejn/EJN_Home.aspx -
2014-12-25 /ejn/EJN_Home.aspx -
2014-12-25 /ejn/ -
2014-12-25 /ejn/EJN_Home.aspx -
2014-12-25 /ejn/libshowdocument.aspx Id=13&Lang=LV
2014-12-25 /ejn/EJN_Home.aspx -
2014-12-25 /ejn/EJN_Home.aspx -
2014-12-25 /ejn/EJN_Home.aspx -
2014-12-25 /ejn/EJN_Home.aspx -
2014-12-25 /ejn/EJN_Home.aspx -
2014-12-25 /ejn/EJN_Home.aspx -
2014-12-25 /ejn/EJN_Home.aspx -
2014-12-25 /ejn/EJN_Home.aspx -
2014-12-25 /ejn/EJN_News.aspx -
2014-12-25 /ejn/EJN_News.aspx -
2014-12-25 /ejn/EJN_AtlasAdvanced.aspx -
2014-12-25 /ejn/ -
2014-12-25 /ejn/EJN_Home.aspx -
2014-12-25 /ejn/EJN_Home.aspx -
2014-12-25 /ejn/EJN_Home.aspx -
2014-12-25 /ejn/ -
2014-12-25 /ejn/EJN_AtlasAdvanced.aspx -
2014-12-25 /ejn/ -
2014-12-25 /ejn/EJN_Home.aspx -
2014-12-25 /ejn/ -
2014-12-25 /ejn/EJN_Home.aspx -
2014-12-25 /ejn/ -
2014-12-25 /ejn/EJN_AtlasAdvanced.aspx -
2014-12-25 /ejn/EJN_Home.aspx -
2014-12-25 /ejn/EJN_Home.aspx -
2014-12-25 /ejn/EJN_Home.aspx -
2014-12-25 /ejn/EJN_Home.aspx -
2014-12-25 /ejn/EJN_AtlasAdvanced.aspx -
2014-12-25 /ejn/ -
2014-12-25 /ejn/EJN_Home.aspx -
2014-12-25 /ejn/EJN_AtlasAdvanced.aspx -
2014-12-25 /ejn/EJN_Home.aspx -
2014-12-25 /ejn/EJN_Home.aspx -
2014-12-25 /ejn/EJN_Home.aspx -
2014-12-25 /ejn/EJN_Home.aspx -
2014-12-25 /ejn/ -
2014-12-25 /ejn/EJN_Home.aspx -
2014-12-25 /ejn/EJN_Home.aspx -
2014-12-25 /ejn/EJN_Home.aspx -
2014-12-25 /ejn/EJN_Home.aspx -
2014-12-25 /ejn/EJN_Home.aspx -
2014-12-25 /ejn/EJN_Home.aspx -
2014-12-25 /ejn/EJN_Home.aspx -
2014-12-25 /ejn/EJN_Home.aspx -
2014-12-25 /ejn/EJN_News.aspx id=49
2014-12-25 /ejn/EJN_News.aspx id=49
2014-12-25 /ejn/EJN_Home.aspx -
2014-12-25 /ejn/ejn_events.aspx -
2014-12-25 /ejn/ejn_events.aspx -
2014-12-25 /ejn/EJN_Home.aspx -
2014-12-25 /ejn/EJN_News.aspx id=33
2014-12-25 /ejn/EJN_News.aspx id=33
2014-12-25 /ejn/EJN_Home.aspx -
2014-12-25 /ejn/ -
2014-12-25 /ejn/EJN_Home.aspx -
2014-12-25 /ejn/libshowdocument.aspx Id=222&Lang=LT
2014-12-25 /ejn/EJN_Home.aspx -
2014-12-25 /ejn/EJN_Home.aspx -
2014-12-25 /ejn/EJN_Home.aspx -
2014-12-25 /ejn/EJN_Home.aspx -
2014-12-25 /ejn/EJN_Home.aspx -
2014-12-25 /ejn/EJN_AtlasAdvanced.aspx -
2014-12-25 /ejn/EJN_Home.aspx -
2014-12-25 /ejn/NewsDetail.aspx id=344&Ori=H
2014-12-25 /ejn/EJN_Home.aspx -
2014-12-25 /ejn/NewsDetail.aspx id=344&Ori=H
2014-12-25 /ejn/EJN_Home.aspx -
2014-12-25 /ejn/EJN_Home.aspx -
2014-12-25 /ejn/EJN_Home.aspx -
2014-12-25 /ejn/EJN_Events.aspx date=09/06/2011
2014-12-25 /ejn/EJN_Events.aspx date=09/06/2011
2014-12-25 /ejn/EJN_Home.aspx -
2014-12-25 /ejn/EJN_Home.aspx -
2014-12-25 /ejn/EJN_ContactPoints.aspx -
2014-12-25 /ejn/EJN_ContactPoints.aspx -
2014-12-25 /ejn/EJN_Home.aspx -
2014-12-25 /ejn/EJN_Home.aspx -
2014-12-25 /ejn/EJN_StaticPage.aspx Bread=9
2014-12-25 /ejn/EJN_Home.aspx -
2014-12-25 /ejn/EJN_Home.aspx -
2014-12-25 /ejn/EJN_Home.aspx -
2014-12-25 /ejn/EJN_Home.aspx -
2014-12-25 /atlas_advanced.aspx -
2014-12-25 /ejn/EJN_Home.aspx -
2014-12-25 /ejn/EJN_Home.aspx -
2014-12-25 /ejn/EJN_Home.aspx -
2014-12-25 /eaw_atlas.aspx -
2014-12-25 /ejn/EJN_AtlasAdvanced.aspx -
2014-12-25 /ejn/EJN_Home.aspx -
2014-12-25 /ejn/ -
2014-12-25 /ejn/EJN_Home.aspx -
2014-12-25 /ejn/EJN_Home.aspx -
2014-12-25 /ejn/EJN_Home.aspx -
2014-12-25 /ejn/ -
2014-12-25 /ejn/EJN_AtlasAdvanced.aspx -
2014-12-25 /ejn/ -
2014-12-25 /ejn/EJN_Home.aspx -
2014-12-25 /ejn/ -
2014-12-25 /ejn/EJN_AtlasAdvanced.aspx -
2014-12-25 /ejn/EJN_Home.aspx -
2014-12-25 /ejn/EJN_Home.aspx -
2014-12-25 /ejn/EJN_Home.aspx -
2014-12-25 /ejn/EJN_AtlasAdvanced.aspx -
2014-12-25 /ejn/EJN_Home.aspx -
2014-12-25 /ejn/EJN_AtlasAdvanced.aspx -
2014-12-25 /ejn/ -
2014-12-25 /ejn/libshowdocument.aspx Id=16&Lang=SL
2014-12-25 /ejn/ -
2014-12-25 /ejn/EJN_StaticPage.aspx Bread=39
2014-12-25 /ejn/EJN_Home.aspx -
2014-12-25 /ejn/EJN_Home.aspx -
2014-12-25 /ejn/EJN_Home.aspx -
2014-12-25 /ejn/libcategories.aspx -
2014-12-25 /ejn/EJN_Home.aspx -
2014-12-25 /ejn/EJN_Home.aspx -
2014-12-25 /ejn/ -
2014-12-25 /ejn/EJN_AtlasAdvanced.aspx -
2014-12-25 /ejn/EJN_Home.aspx -
2014-12-25 /ejn/EJN_Home.aspx -
2014-12-25 /ejn/EJN_Home.aspx -
2014-12-25 /ejn/EJN_AtlasAdvanced.aspx -
2014-12-25 /ejn/ -
2014-12-25 /ejn/EJN_Home.aspx -
2014-12-25 /ejn/EJN_StaticPage.aspx Bread=25
2014-12-25 /ejn/EJN_Home.aspx -
2014-12-25 /ejn/ -
2014-12-25 /ejn/EJN_Home.aspx -
2014-12-25 /ejn/EJN_Home.aspx -
2014-12-25 /ejn/libshowdocument.aspx Id=16&Lang=RO
2014-12-25 /ejn/libshowdocument.aspx Id=16&Lang=RO
2014-12-25 /ejn/ -
2014-12-25 /ejn/EJN_AtlasAdvanced.aspx -
2014-12-25 /ejn/EJN_Home.aspx -
2014-12-25 /ejn/libshowdocument.aspx Id=221&Lang=LT
2014-12-25 /ejn/EJN_Home.aspx -
2014-12-25 /ejn/ -
2014-12-25 /ejn/EJN_AtlasAdvanced.aspx -
2014-12-25 /ejn/EJN_Home.aspx -
2014-12-25 /ejn/ -
2014-12-25 /ejn/ -
2014-12-25 /ejn/libcategories.aspx -
2014-12-25 /ejn/libcategories.aspx -
2014-12-25 /ejn/EJN_Home.aspx -
2014-12-25 /ejn/EJN_Home.aspx -
2014-12-25 /ejn/ -
2014-12-25 /ejn/EJN_Home.aspx -
2014-12-25 /ejn/EJN_Home.aspx -
2014-12-25 /ejn/EJN_Home.aspx -
2014-12-25 /ejn/libshowdocument.aspx Id=389&Lang=EN
2014-12-25 /ejn/AtlasChooseCountry.aspx Type=1
2014-12-25 /ejn/EJN_Home.aspx -
2014-12-25 /ejn/EJN_Home.aspx -
2014-12-25 /ejn/EJN_Home.aspx -
2014-12-25 /ejn/EJN_Home.aspx -
2014-12-25 /ejn/NewsDetail.aspx id=300&Ori=H
2014-12-25 /ejn/EJN_AtlasAdvanced.aspx -
2014-12-25 /ejn/EJN_Home.aspx -
2014-12-25 /ejn/EJN_Home.aspx -
2014-12-25 /ejn/EJN_Home.aspx -
2014-12-25 /ejn/EJN_Home.aspx -
2014-12-25 /atlas_advanced.aspx -
2014-12-25 /atlas_advanced.aspx -
2014-12-25 /ejn/ -
2014-12-25 /atlas_advanced.aspx -
2014-12-25 /atlas_advanced.aspx -
2014-12-25 /ejn/EJN_Home.aspx -
2014-12-25 /ejn/EJN_Home.aspx -
2014-12-25 /ejn/EJN_Home.aspx -
2014-12-25 /ejn/EJN_Home.aspx -
2014-12-25 /ejn/ -
2014-12-25 /ejn/ -
2014-12-25 /ejn/EJN_Home.aspx -
2014-12-25 /ejn/EJN_Home.aspx -
2014-12-25 /ejn/EJN_Home.aspx -
2014-12-25 /ejn/EJN_Home.aspx -
2014-12-25 /ejn/EJN_Home.aspx -
2014-12-25 /ejn/EJN_Secretariat.aspx -
2014-12-25 /ejn/EJN_Home.aspx -
2014-12-25 /ejn/EJN_Home.aspx -
2014-12-25 /ejn/EJN_Home.aspx -
2014-12-25 /ejn/ -
2014-12-25 /ejn/EJN_Home.aspx -
2014-12-25 /ejn/EJN_Home.aspx -
2014-12-25 /ejn/EJN_Home.aspx -
2014-12-25 /ejn/ -
2014-12-25 /ejn/EJN_StaticPage.aspx Bread=30
2014-12-25 /ejn/EJN_Home.aspx -
2014-12-25 /ejn/EJN_Home.aspx -
2014-12-25 /ejn/libcategories.aspx Id=12
2014-12-25 /ejn/EJN_Home.aspx -
2014-12-25 /ejn/ -
2014-12-25 /ejn/libcategories.aspx Id=2
2014-12-25 /ejn/EJN_Home.aspx -
2014-12-25 /ejn/libdocumentproperties.aspx Id=1063
2014-12-25 /ejn/libdocumentproperties.aspx Id=574
2014-12-25 /ejn/libdocumentproperties.aspx Id=939
2014-12-25 /ejn/EJN_Home.aspx -
2014-12-25 /ejn/EJN_Library_StatusOfImpByCat.aspx CategoryId=37
2014-12-25 /ejn/EJN_AtlasAdvanced.aspx -
2014-12-25 /ejn/EJN_Home.aspx -
2014-12-25 /ejn/EJN_Home.aspx -
2014-12-25 /ejn/EJN_Home.aspx -
2014-12-25 /ejn/EJN_Home.aspx -
2014-12-25 /ejn/EJN_Home.aspx -
2014-12-25 /ejn/EJN_Home.aspx -
2014-12-25 /ejn/EJN_Home.aspx -
2014-12-25 /ejn/EJN_Home.aspx -
2014-12-25 /ejn/ -
2014-12-25 /ejn/EJN_Home.aspx -
2014-12-25 /ejn/EJN_Home.aspx -
2014-12-25 /ejn/EJN_Home.aspx -
2014-12-25 /ejn/EJN_Home.aspx -
2014-12-25 /ejn/EJN_AtlasAdvanced.aspx -
2014-12-25 /ejn/ -
2014-12-25 /ejn/EJN_Home.aspx -
2014-12-25 /ejn/ -
2014-12-25 /ejn/EJN_AtlasAdvanced.aspx -
2014-12-25 /ejn/EJN_Home.aspx -
2014-12-25 /ejn/EJN_Home.aspx -
2014-12-25 /ejn/ -
2014-12-25 /ejn/EJN_Compendium.aspx -
2014-12-25 /ejn/EJN_Home.aspx -
2014-12-25 /ejn/ -
2014-12-25 /ejn/EJN_AtlasAdvanced.aspx -
2014-12-25 /ejn/ -
2014-12-25 /ejn/ -
2014-12-25 /ejn/EJN_Home.aspx -
2014-12-25 /ejn/EJN_Home.aspx -
2014-12-25 /ejn/EJN_Home.aspx -
2014-12-25 /ejn/ -
2014-12-25 /ejn/ -
2014-12-25 /ejn/EJN_AtlasAdvanced.aspx -
2014-12-25 /ejn/libshowdocument.aspx Id=3&Lang=DE
2014-12-25 /ejn/EJN_Home.aspx -
2014-12-25 /ejn/ -
2014-12-25 /ejn/ -
2014-12-25 /ejn/ -
2014-12-25 /ejn/EJN_Home.aspx -
2014-12-25 /ejn/ -
2014-12-25 /ejn/EJN_InfoAbout.aspx Id=337
2014-12-25 /ejn/libshowdocument.aspx Id=13&Lang=EN
2014-12-25 /ejn/EJN_Home.aspx -
2014-12-25 /ejn/ -
2014-12-25 /ejn/ -
2014-12-25 /ejn/EJN_StaticPage.aspx Bread=19
2014-12-25 /ejn/EJN_Home.aspx -
2014-12-25 /ejn/ -
2014-12-25 /ejn/ -
2014-12-25 /ejn/EJN_Home.aspx -
2014-12-25 /ejn/EJN_AtlasAdvanced.aspx -
2014-12-25 /ejn/ -
2014-12-25 /ejn/EJN_Home.aspx -
2014-12-25 /ejn/EJN_AtlasAdvanced.aspx -
2014-12-25 /ejn/ -
2014-12-25 /ejn/EJN_Home.aspx -
2014-12-25 /ejn/EJN_Home.aspx -
2014-12-25 /ejn/EJN_Home.aspx -
2014-12-25 /ejn/EJN_AtlasAdvanced.aspx -
2014-12-25 /ejn/ -
2014-12-25 /ejn/EJN_Home.aspx -
2014-12-25 /ejn/ -
2014-12-25 /ejn/NewsDetail.aspx id=346&Ori=H
2014-12-25 /ejn/Events.aspx event=236
2014-12-25 /ejn/Events.aspx event=218
2014-12-25 /ejn/EJN_Home.aspx -
2014-12-25 /ejn/NewsDetail.aspx id=193&Ori=H
2014-12-25 /ejn/Events.aspx event=244
2014-12-25 /ejn/ -
2014-12-25 /ejn/EJN_AtlasAdvanced.aspx -
2014-12-25 /ejn/EJN_Home.aspx -
2014-12-25 /ejn/EJN_Home.aspx -
2014-12-25 /ejn/ejn_home.aspx -
2014-12-25 /ejn/NewsDetail.aspx id=287&Ori=H
2014-12-25 /ejn/NewsDetail.aspx id=270&Ori=H
2014-12-25 /ejn/NewsDetail.aspx id=237&Ori=H
2014-12-25 /ejn/NewsDetail.aspx id=203&Ori=H
2014-12-25 /ejn/NewsDetail.aspx id=201&Ori=H
2014-12-25 /ejn/Events.aspx event=263
2014-12-25 /ejn/Events.aspx event=241
2014-12-25 /ejn/Events.aspx event=223
2014-12-25 /ejn/EJN_Home.aspx -
2014-12-25 /ejn/NewsDetail.aspx id=147&Ori=H
2014-12-25 /ejn/EJN_Home.aspx -
2014-12-25 /ejn/ -
2014-12-25 /ejn/EJN_AtlasAdvanced.aspx -
2014-12-25 /ejn/EJN_Home.aspx -
2014-12-25 /ejn/EJN_Home.aspx -
2014-12-25 /ejn/EJN_Home.aspx -
2014-12-25 /ejn/EJN_AtlasAdvanced.aspx -
2014-12-25 /ejn/ -
2014-12-25 /ejn/EJN_Home.aspx -
2014-12-25 /ejn/EJN_Home.aspx -
2014-12-25 /ejn/EJN_Home.aspx -
2014-12-25 /ejn/EJN_AtlasAdvanced.aspx -
2014-12-25 /ejn/ -
2014-12-25 /ejn/EJN_Home.aspx -
2014-12-25 /ejn/EJN_Home.aspx -
2014-12-25 /ejn/EJN_Home.aspx -
2014-12-25 /ejn/EJN_Home.aspx -
2014-12-25 /ejn/ -
2014-12-25 /ejn/EJN_AtlasAdvanced.aspx -
2014-12-25 /ejn/ -
2014-12-25 /ejn/libshowdocument.aspx Id=222&Lang=LT
2014-12-25 /ejn/EJN_Home.aspx -
2014-12-25 /ejn/EJN_Home.aspx -
2014-12-25 /ejn/libshowdocument.aspx Id=221&Lang=LT
2014-12-25 /ejn/ -
2014-12-25 /ejn/EJN_AtlasAdvanced.aspx -
2014-12-25 /ejn/EJN_Home.aspx -
2014-12-25 /ejn/libshowdocument.aspx Id=16&Lang=SL
2014-12-25 /ejn/EJN_Home.aspx -
2014-12-25 /ejn/EJN_AtlasAdvanced.aspx -
2014-12-25 /ejn/ -
2014-12-25 /ejn/libshowdocument.aspx Id=221&Lang=SK
2014-12-25 /ejn/EJN_AtlasAdvanced.aspx -
2014-12-25 /ejn/EJN_Home.aspx -
2014-12-25 /ejn/EJN_Home.aspx -
2014-12-25 /ejn/EJN_Home.aspx -
2014-12-25 /ejn/EJN_AtlasAdvanced.aspx -
2014-12-25 /ejn/ -
2014-12-25 /ejn/EJN_Home.aspx -
2014-12-25 /ejn/EJN_Home.aspx -
2014-12-25 /ejn/EJN_Home.aspx -
2014-12-25 /news-detail.aspx anunID=17
2014-12-25 /ejn/EJN_Home.aspx -
2014-12-25 /ejn/EJN_Home.aspx -
2014-12-25 /ejn/EJN_Home.aspx -
2014-12-25 /ejn/EJN_Home.aspx -
2014-12-25 /ejn/ -
2014-12-25 /ejn/EJN_Home.aspx -
2014-12-25 /ejn/EJN_Home.aspx -
2014-12-25 /ejn/EJN_Home.aspx -
2014-12-25 /ejn/EJN_Home.aspx -
2014-12-25 /ejn/EJN_Home.aspx -
2014-12-25 /ejn/EJN_Home.aspx -
2014-12-25 /ejn/EJN_Home.aspx -
2014-12-25 /ejn/ -
2014-12-25 /ejn/libshowdocument.aspx Id=221&Lang=LV
2014-12-25 /ejn/ -
2014-12-25 /ejn/EJN_Home.aspx -
2014-12-25 /ejn/EJN_Home.aspx -
2014-12-25 /ejn/EJN_Home.aspx -
2014-12-25 /ejn/EJN_Home.aspx -
2014-12-25 /ejn/EJN_AtlasAdvanced.aspx -
2014-12-25 /ejn/EJN_Home.aspx -
2014-12-25 /ejn/EJN_Home.aspx -
2014-12-25 /ejn/EJN_Home.aspx -
2014-12-25 /ejn/Events.aspx event=281
2014-12-25 /ejn/EJN_Home.aspx -
2014-12-25 /ejn/EJN_Home.aspx -
2014-12-25 /ejn/ -
2014-12-25 /ejn/ -
2014-12-25 /ejn/EJN_Home.aspx -
2014-12-25 /ejn/EJN_Home.aspx -
2014-12-25 /ejn/EJN_Home.aspx -
2014-12-25 /ejn/EJN_Home.aspx -
2014-12-25 /ejn/EJN_Home.aspx -
2014-12-25 /ejn/EJN_Home.aspx -
2014-12-25 /ejn/EJN_Home.aspx -
2014-12-25 /ejn/EJN_Home.aspx -
2014-12-25 /ejn/EJN_Home.aspx -
2014-12-25 /ejn/EJN_Home.aspx -
2014-12-25 /ejn/ -
2014-12-25 /ejn/EJN_StaticPage.aspx Bread=25
2014-12-25 /ejn/EJN_Home.aspx -
2014-12-25 /ejn/EJN_Home.aspx -
2014-12-25 /ejn/EJN_Home.aspx -
2014-12-25 /ejn/EJN_Home.aspx -
2014-12-25 /ejn/libshowdocument.aspx Id=221&Lang=LT
2014-12-25 /ejn/libshowdocument.aspx Id=222&Lang=SL
2014-12-25 /ejn/libshowdocument.aspx Id=222&Lang=LT
2014-12-25 /ejn/EJN_Home.aspx -
2014-12-25 /ejn/EJN_Home.aspx -
2014-12-25 /ejn/EJN_Home.aspx -
2014-12-25 /ejn/EJN_AtlasAdvanced.aspx -
2014-12-25 /ejn/EJN_Home.aspx -
2014-12-25 /ejn/ -
2014-12-25 /ejn/EJN_StaticPage.aspx Bread=11
2014-12-25 /ejn/EJN_Home.aspx -
2014-12-25 /ejn/EJN_Home.aspx -
2014-12-25 /ejn/EJN_Home.aspx -
2014-12-25 /ejn/EJN_Home.aspx -
2014-12-25 /ejn/EJN_AtlasAdvanced.aspx -
2014-12-25 /ejn/ -
2014-12-25 /ejn/ -
2014-12-25 /ejn/EJN_Home.aspx -
2014-12-25 /ejn/ -
2014-12-25 /ejn/EJN_AtlasAdvanced.aspx -
2014-12-25 /ejn/EJN_Home.aspx -
2014-12-25 /ejn/EJN_Home.aspx -
2014-12-25 /ejn/EJN_Home.aspx -
2014-12-25 /ejn/EJN_Home.aspx -
2014-12-25 /ejn/EJN_Home.aspx -
2014-12-25 /ejn/ -
2014-12-25 /ejn/EJN_AtlasAdvanced.aspx -
2014-12-25 /default.aspx -
2014-12-25 /ejn/EJN_Home.aspx -
2014-12-25 /ejn/EJN_StaticPage.aspx Bread=18
2014-12-25 /ejn/EJN_Home.aspx -
2014-12-25 /ejn/EJN_Home.aspx -
2014-12-25 /ejn/EJN_Home.aspx -
2014-12-25 /ejn/EJN_Home.aspx -
2014-12-25 /ejn/ -
2014-12-25 /ejn/EJN_AtlasAdvanced.aspx -
2014-12-25 /ejn/EJN_Home.aspx -
2014-12-25 /ejn/EJN_Home.aspx -
2014-12-25 /ejn/EJN_Home.aspx -
2014-12-25 /ejn/ -
2014-12-25 /ejn/ -
2014-12-25 /ejn/EJN_AtlasAdvanced.aspx -
2014-12-25 /ejn/ -
2014-12-25 /ejn/ -
2014-12-25 /ejn/ -
2014-12-25 /ejn/EJN_Home.aspx -
2014-12-25 /ejn/ -
2014-12-25 /ejn/libshowdocument.aspx Id=16&Lang=SL
2014-12-25 /ejn/libshowdocument.aspx Id=221&Lang=LV
2014-12-25 /ejn/EJN_Home.aspx -
2014-12-25 /ejn/EJN_Home.aspx -
2014-12-25 /ejn/EJN_Home.aspx -
2014-12-25 /ejn/ -
2014-12-25 /ejn/EJN_AtlasAdvanced.aspx -
2014-12-25 /ejn/NewsAll.aspx Id=4
2014-12-25 /ejn/EJN_Home.aspx -
2014-12-25 /ejn/EJN_Home.aspx -
2014-12-25 /ejn/EJN_Home.aspx -
2014-12-25 /ejn/EJN_Home.aspx -
2014-12-25 /ejn/EJN_AtlasAdvanced.aspx -
2014-12-25 /ejn/EJN_Home.aspx -
2014-12-25 /ejn/EJN_QuickLinks.aspx id=28
2014-12-25 /ejn/EJN_Home.aspx -
2014-12-25 /ejn/EJN_StaticPage.aspx Bread=5
2014-12-25 /ejn/EJN_Home.aspx -
2014-12-25 /ejn/EJN_Home.aspx -
2014-12-25 /ejn/EJN_Home.aspx -
2014-12-25 /ejn/EJN_Home.aspx -
2014-12-25 /ejn/ -
2014-12-25 /ejn/EJN_Home.aspx -
2014-12-25 /ejn/EJN_Home.aspx -
2014-12-25 /ejn/EJN_Home.aspx -
2014-12-25 /ejn/ -
2014-12-25 /ejn/EJN_Home.aspx -
2014-12-25 /ejn/EJN_Home.aspx -
2014-12-25 /ejn/EJN_Home.aspx ++Culture:ESSessionId:v2uxi0wfkgscbopbbhle5hpjDate_Time:19:00
2014-12-25 /ejn/EJN_StaticPage.aspx Bread=10
2014-12-25 /ejn/EJN_Login.aspx -
2014-12-25 /ejn/EJN_ContactUs.aspx &KeepThis=true&
2014-12-25 /ejn/EJN_Home.aspx -
2014-12-25 /ejn/EJN_ContactUs.aspx &&KeepThis=true
2014-12-25 /ejn/EJN_ContactUs.aspx &&KeepThis=true
2014-12-25 /ejn/EJN_ContactUs.aspx &&KeepThis=true
2014-12-25 /ejn/EJN_Login.aspx -
2014-12-25 /ejn/EJN_StaticPage.aspx Bread=7
2014-12-25 /ejn/EJN_StaticPage.aspx Bread=10
2014-12-25 /ejn/EJN_Home.aspx -
2014-12-25 /ejn/EJN_Home.aspx -
2014-12-25 /ejn/EJN_Home.aspx -
2014-12-25 /ejn/ -
2014-12-25 /ejn/EJN_InfoAbout.aspx Id=287
2014-12-25 /ejn/EJN_StaticPage.aspx Bread=24
2014-12-25 /ejn/AtlasChooseMeasure.aspx Mp=1&Cou=HU&Type=2
2014-12-25 /ejn/AtlasChooseCountry.aspx Type=2
2014-12-25 /ejn/AtlasChooseMeasure.aspx MP=0&Cou=287
2014-12-25 /ejn/EJN_Home.aspx -
2014-12-25 /ejn/AtlasChooseCountry.aspx -
2014-12-25 /ejn/ -
2014-12-25 /ejn/EJN_Home.aspx -
2014-12-25 /ejn/EJN_Home.aspx -
2014-12-25 /ejn/EJN_Home.aspx -
2014-12-25 /ejn/ -
2014-12-25 /ejn/EJN_Home.aspx -
2014-12-25 /ejn/ -
2014-12-25 /ejn/EJN_Home.aspx -
2014-12-25 /ejn/EJN_Home.aspx -
2014-12-25 /ejn/EJN_Home.aspx -
2014-12-25 /ejn/EJN_Home.aspx -
2014-12-25 /ejn/EJN_Error.aspx -
2014-12-25 /ejn/EJN_Home.aspx -
2014-12-25 /ejn/EJN_Home.aspx -
2014-12-25 /ejn/EJN_Home.aspx -
2014-12-25 /ejn/EJN_AtlasAdvanced.aspx -
2014-12-25 /ejn/EJN_Home.aspx -
2014-12-25 /news-detail.aspx anunID=7
2014-12-25 /ejn/EJN_Home.aspx -
2014-12-25 /ejn/EJN_Home.aspx -
2014-12-25 /ejn/EJN_Home.aspx -
2014-12-25 /ejn/EJN_Home.aspx -
2014-12-25 /ejn/ -
2014-12-25 /ejn/AtlasChooseMeasure.aspx Mp=1&Cou=HU&Type=2
2014-12-25 /ejn/AtlasChooseCountry.aspx Type=2
2014-12-25 /ejn/AtlasChooseCountry.aspx Type=2
2014-12-25 /ejn/AtlasChooseMeasure.aspx MP=0&Cou=287
2014-12-25 /ejn/AtlasChooseCountry.aspx Type=2
2014-12-25 /ejn/AtlasChooseCountry.aspx Type=2
2014-12-25 /ejn/EJN_Home.aspx -
2014-12-25 /ejn/libshowdocument.aspx Id=222&Lang=LT
2014-12-25 /ejn/libcategories.aspx -
2014-12-25 /ejn/AtlasChooseMeasure.aspx Mp=1&Cou=HU&Type=2
2014-12-25 /ejn/EJN_Home.aspx -
2014-12-25 /ejn/EJN_Home.aspx -
2014-12-25 /ejn/EJN_Home.aspx -
2014-12-25 /ejn/ -
2014-12-25 /ejn/EJN_Home.aspx -
2014-12-25 /ejn/EJN_AtlasAdvanced.aspx -
2014-12-25 /ejn/EJN_AtlasAdvanced.aspx -
2014-12-25 /ejn/ -
2014-12-25 /ejn/EJN_Home.aspx -
2014-12-25 /ejn/EJN_Home.aspx -
2014-12-25 /ejn/EJN_Home.aspx -
2014-12-25 /ejn/EJN_Home.aspx -
2014-12-25 /ejn/libcategories.aspx Id=12
2014-12-25 /ejn/EJN_Home.aspx -
2014-12-25 /ejn/libcategories.aspx Id=2
2014-12-25 /ejn/libdocumentproperties.aspx Id=727
2014-12-25 /ejn/EJN_Library_StatusOfImpByCat.aspx CategoryId=37
2014-12-25 /ejn/libcategories.aspx Id=37
2014-12-25 /ejn/libshowdocument.aspx Id=218&Lang=ES
2014-12-25 /ejn/EJN_Home.aspx -
2014-12-25 /ejn/EJN_Home.aspx -
2014-12-25 /ejn/ -
2014-12-25 /ejn/EJN_Home.aspx -
2014-12-25 /ejn/EJN_AtlasAdvanced.aspx -
2014-12-25 /ejn/ -
2014-12-25 /ejn/libshowdocument.aspx Id=221&Lang=LV
2014-12-25 /ejn/libdocumentproperties.aspx Id=727
2014-12-25 /ejn/EJN_Library_StatusOfImpByCat.aspx CategoryId=37
2014-12-25 /ejn/EJN_Home.aspx -
2014-12-25 /ejn/EJN_Home.aspx -
2014-12-25 /ejn/EJN_Home.aspx -
2014-12-25 /ejn/ -
2014-12-25 /ejn/EJN_AtlasAdvanced.aspx -
2014-12-25 /ejn/EJN_Home.aspx -
2014-12-25 /ejn/EJN_Home.aspx -
2014-12-25 /ejn/EJN_AtlasAdvanced.aspx -
2014-12-25 /ejn/EJN_Home.aspx -
2014-12-25 /ejn/ -
2014-12-25 /ejn/EJN_AtlasAdvanced.aspx -
2014-12-25 /ejn/EJN_Home.aspx -
2014-12-25 /ejn/EJN_Home.aspx -
2014-12-25 /ejn/EJN_Home.aspx -
2014-12-25 /ejn/EJN_Home.aspx -
2014-12-25 /ejn/EJN_AtlasAdvanced.aspx -
2014-12-25 /ejn/ -
2014-12-25 /ejn/libshowdocument.aspx Id=13&Lang=LV
2014-12-25 /ejn/ -
2014-12-25 /ejn/EJN_Home.aspx -
2014-12-25 /ejn/libshowdocument.aspx Id=221&Lang=LT
2014-12-25 /ejn/EJN_Home.aspx -
2014-12-25 /ejn/ -
2014-12-25 /ejn/EJN_AtlasAdvanced.aspx -
2014-12-25 /ejn/EJN_Home.aspx -
2014-12-25 /ejn/EJN_QuickLinks.aspx -
2014-12-25 /ejn/EJN_Home.aspx -
2014-12-25 /ejn/EJN_AtlasAdvanced.aspx -
2014-12-25 /ejn/ -
2014-12-25 /ejn/EJN_Home.aspx -
2014-12-25 /ejn/EJN_Home.aspx -
2014-12-25 /ejn/EJN_Home.aspx -
2014-12-25 /ejn/EJN_Home.aspx -
2014-12-25 /ejn/EJN_Home.aspx -
2014-12-25 /ejn/EJN_Home.aspx -
2014-12-25 /ejn/ -
2014-12-25 /ejn/EJN_Home.aspx -
2014-12-25 /ejn/EJN_Home.aspx -
2014-12-25 /ejn/EJN_Home.aspx -
2014-12-25 /ejn/EJN_Home.aspx -
2014-12-25 /ejn/EJN_StaticPage.aspx Bread=32
2014-12-25 /ejn/EJN_Home.aspx -
2014-12-25 /ejn/EJN_Home.aspx -
2014-12-25 /ejn/NewsDetail.aspx id=211&Ori=H
2014-12-25 /ejn/EJN_Home.aspx -
2014-12-25 /ejn/EJN_Home.aspx -
2014-12-25 /ejn/ -
2014-12-25 /ejn/EJN_AtlasAdvanced.aspx -
2014-12-25 /ejn/EJN_Home.aspx -
2014-12-25 /ejn/EJN_Home.aspx -
2014-12-25 /ejn/EJN_Home.aspx -
2014-12-25 /ejn/EJN_Home.aspx -
2014-12-25 /ejn/EJN_Home.aspx -
2014-12-25 /ejn/EJN_Home.aspx -
2014-12-25 /ejn/EJN_Home.aspx -
2014-12-25 /ejn/EJN_Home.aspx -
2014-12-25 /ejn/EJN_Home.aspx -
2014-12-25 /ejn/EJN_Home.aspx -
2014-12-25 /ejn/EJN_Home.aspx -
2014-12-25 /ejn/EJN_Home.aspx -
2014-12-25 /ejn/ -
2014-12-25 /ejn/EJN_Home.aspx -
2014-12-25 /ejn/AtlasChooseCountry.aspx -
2014-12-25 /ejn/EJN_Home.aspx -
2014-12-25 /ejn/EJN_Home.aspx -
2014-12-25 /ejn/EJN_Home.aspx -
2014-12-25 /ejn/EJN_Home.aspx -
2014-12-25 /ejn/ -
2014-12-25 /ejn/EJN_Home.aspx -
2014-12-25 /ejn/EJN_Home.aspx -
2014-12-25 /ejn/EJN_Home.aspx -
2014-12-25 /ejn/ -
2014-12-25 /ejn/EJN_Home.aspx -
2014-12-25 /ejn/EJN_Home.aspx -
2014-12-25 /ejn/EJN_Home.aspx -
2014-12-25 /ejn/EJN_Home.aspx -
2014-12-25 /ejn/EJN_AtlasAdvanced.aspx -
2014-12-25 /ejn/EJN_Home.aspx -
2014-12-25 /ejn/EJN_Home.aspx -
2014-12-25 /ejn/EJN_Home.aspx -
2014-12-25 /ejn/EJN_Home.aspx -
2014-12-25 /ejn/EJN_Home.aspx -
2014-12-25 /ejn/EJN_Home.aspx -
2014-12-25 /ejn/EJN_Home.aspx -
2014-12-25 /ejn/EJN_Home.aspx -
2014-12-25 /ejn/EJN_AtlasAdvanced.aspx -
2014-12-25 /ejn/ -
2014-12-25 /ejn/EJN_Home.aspx -
2014-12-25 /ejn/EJN_Home.aspx -
2014-12-25 /ejn/EJN_Home.aspx -
2014-12-25 /ejn/ -
2014-12-25 /ejn/EJN_AtlasAdvanced.aspx -
2014-12-25 /ejn/EJN_Home.aspx -
2014-12-25 /ejn/EJN_Home.aspx -
2014-12-25 /ejn/EJN_Home.aspx -
2014-12-25 /ejn/EJN_Home.aspx -
2014-12-25 /ejn/libshowdocument.aspx Id=221&Lang=LT
2014-12-25 /ejn/ -
2014-12-25 /ejn/EJN_Home.aspx -
2014-12-25 /ejn/EJN_StaticPage.aspx Bread=17
2014-12-25 /ejn/EJN_Home.aspx -
2014-12-25 /ejn/NewsAll.aspx Id=4
2014-12-25 /ejn/EJN_Home.aspx -
2014-12-25 /ejn/EJN_Home.aspx -
2014-12-25 /ejn/EJN_Home.aspx -
2014-12-25 /ejn/EJN_Home.aspx -
2014-12-25 /ejn/EJN_Home.aspx -
2014-12-25 /ejn/libshowdocument.aspx Id=13&Lang=LV
2014-12-25 /ejn/EJN_Home.aspx -
2014-12-25 /ejn/EJN_Home.aspx -
2014-12-25 /ejn/EJN_AtlasAdvanced.aspx -
2014-12-25 /ejn/EJN_Home.aspx -
2014-12-25 /ejn/EJN_Home.aspx -
2014-12-25 /ejn/EJN_Home.aspx -
2014-12-25 /ejn/EJN_Home.aspx -
2014-12-25 /ejn/EJN_Home.aspx -
2014-12-25 /ejn/EJN_AtlasAdvanced.aspx -
2014-12-25 /ejn/ -
2014-12-25 /ejn/EJN_Home.aspx -
2014-12-25 /ejn/EJN_Home.aspx -
2014-12-25 /ejn/EJN_AtlasAdvanced.aspx -
2014-12-25 /ejn/ -
2014-12-25 /ejn/ -
2014-12-25 /ejn/EJN_Home.aspx -
2014-12-25 /ejn/EJN_Home.aspx -
2014-12-25 /ejn/EJN_Home.aspx -
2014-12-25 /ejn/EJN_Home.aspx -
2014-12-25 /ejn/EJN_Home.aspx -
2014-12-25 /ejn/EJN_Home.aspx -
2014-12-25 /ejn/EJN_Home.aspx -
2014-12-25 /ejn/ -
2014-12-25 /ejn/ -
2014-12-25 /ejn/EJN_Home.aspx -
2014-12-25 /ejn/EJN_Home.aspx -
2014-12-25 /ejn/EJN_Home.aspx -
2014-12-25 /ejn/EJN_Home.aspx -
2014-12-25 /ejn/EJN_Home.aspx -
2014-12-25 /ejn/EJN_Home.aspx -
2014-12-25 /ejn/EJN_AtlasAdvanced.aspx -
2014-12-25 /ejn/EJN_Home.aspx -
2014-12-25 /ejn/EJN_Home.aspx -
2014-12-25 /ejn/libadvancedsearch.aspx -
2014-12-25 /ejn/EJN_Home.aspx -
2014-12-25 /ejn/EJN_Home.aspx -
2014-12-25 /ejn/EJN_AtlasAdvanced.aspx -
2014-12-25 /ejn/ -
2014-12-25 /ejn/EJN_Home.aspx -
2014-12-25 /ejn/EJN_Home.aspx -
2014-12-25 /ejn/EJN_Home.aspx -
2014-12-25 /ejn/EJN_AtlasAdvanced.aspx -
2014-12-25 /ejn/ -
2014-12-25 /ejn/libshowdocument.aspx Id=222&Lang=SL
2014-12-25 /ejn/EJN_Home.aspx -
2014-12-25 /ejn/libshowdocument.aspx Id=219&Lang=SL
2014-12-25 /ejn/EJN_Home.aspx -
