2014-12-27 /ejn/EJN_Home.aspx -
2014-12-27 /ejn/libdocumentproperties.aspx Id=421
2014-12-27 /ejn/libshowdocument.aspx Id=421&Lang=CS
2014-12-27 /ejn/libshowdocument.aspx Id=421&Lang=BG
2014-12-27 /ejn/EJN_Home.aspx -
2014-12-27 /ejn/libshowdocument.aspx Id=421&Lang=EN
2014-12-27 /ejn/libshowdocument.aspx Id=421&Lang=EL
2014-12-27 /ejn/libshowdocument.aspx Id=421&Lang=DE
2014-12-27 /ejn/libshowdocument.aspx Id=421&Lang=ES
2014-12-27 /ejn/libshowdocument.aspx Id=421&Lang=FR
2014-12-27 /ejn/libshowdocument.aspx Id=421&Lang=HU
2014-12-27 /ejn/libshowdocument.aspx Id=421&Lang=ET
2014-12-27 /ejn/libshowdocument.aspx Id=421&Lang=FI
2014-12-27 /ejn/libshowdocument.aspx Id=421&Lang=LV
2014-12-27 /ejn/libshowdocument.aspx Id=421&Lang=IT
2014-12-27 /ejn/libshowdocument.aspx Id=421&Lang=DK
2014-12-27 /ejn/libshowdocument.aspx Id=421&Lang=NL
2014-12-27 /ejn/EJN_Home.aspx -
2014-12-27 /ejn/libshowdocument.aspx Id=421&Lang=PL
2014-12-27 /ejn/libshowdocument.aspx Id=421&Lang=RO
2014-12-27 /ejn/libshowdocument.aspx Id=421&Lang=PT
2014-12-27 /ejn/libshowdocument.aspx Id=421&Lang=MT
2014-12-27 /ejn/libshowdocument.aspx Id=421&Lang=SL
2014-12-27 /ejn/libshowdocument.aspx Id=421&Lang=LT
2014-12-27 /ejn/libshowdocument.aspx Id=219&Lang=SL
2014-12-27 /ejn/libdocumentproperties.aspx Id=531
2014-12-27 /ejn/libdocumentproperties.aspx Id=918
2014-12-27 /ejn/libdocumentproperties.aspx Id=1162
2014-12-27 /ejn/libdocumentproperties.aspx Id=1289
2014-12-27 /ejn/libdocumentproperties.aspx Id=1290
2014-12-27 /ejn/libdocumentproperties.aspx Id=1291
2014-12-27 /ejn/libdocumentproperties.aspx Id=1292
2014-12-27 /ejn/libdocumentproperties.aspx Id=1293
2014-12-27 /ejn/libdocumentproperties.aspx Id=1082
2014-12-27 /ejn/EJN_Home.aspx -
2014-12-27 /ejn/libdocumentproperties.aspx Id=1294
2014-12-27 /ejn/libdocumentproperties.aspx Id=1295
2014-12-27 /ejn/libdocumentproperties.aspx Id=1296
2014-12-27 /ejn/libshowdocument.aspx Id=421&Lang=SK
2014-12-27 /ejn/libshowdocument.aspx Id=421&Lang=SV
2014-12-27 /ejn/libdocumentproperties.aspx Id=1297
2014-12-27 /ejn/libdocumentproperties.aspx Id=917
2014-12-27 /ejn/libdocumentproperties.aspx Id=1030
2014-12-27 /ejn/libdocumentproperties.aspx Id=919
2014-12-27 /ejn/libdocumentproperties.aspx Id=702
2014-12-27 /ejn/libdocumentproperties.aspx Id=1081
2014-12-27 /ejn/libdocumentproperties.aspx Id=703
2014-12-27 /ejn/libdocumentproperties.aspx Id=740
2014-12-27 /ejn/libdocumentproperties.aspx Id=1158
2014-12-27 /ejn/libdocumentproperties.aspx Id=1001
2014-12-27 /ejn/libdocumentproperties.aspx Id=998
2014-12-27 /ejn/libdocumentproperties.aspx Id=999
2014-12-27 /ejn/libdocumentproperties.aspx Id=1000
2014-12-27 /ejn/libdocumentproperties.aspx Id=1002
2014-12-27 /ejn/libdocumentproperties.aspx Id=1298
2014-12-27 /ejn/EJN_Home.aspx -
2014-12-27 /ejn/ -
2014-12-27 /ejn/ -
2014-12-27 /ejn/EJN_Home.aspx -
2014-12-27 /ejn/EJN_Home.aspx -
2014-12-27 /ejn/newsdetail.aspx Id=228
2014-12-27 /ejn/newsdetail.aspx Id=217
2014-12-27 /ejn/newsdetail.aspx Id=214
2014-12-27 /ejn/newsdetail.aspx Id=147
2014-12-27 /ejn/newsdetail.aspx Id=224
2014-12-27 /ejn/newsdetail.aspx Id=114
2014-12-27 /ejn/newsdetail.aspx Id=98
2014-12-27 /ejn/newsdetail.aspx Id=211
2014-12-27 /ejn/newsdetail.aspx Id=227
2014-12-27 /ejn/newsdetail.aspx Id=226
2014-12-27 /ejn/newsdetail.aspx Id=177
2014-12-27 /ejn/newsdetail.aspx Id=145
2014-12-27 /ejn/newsdetail.aspx Id=207
2014-12-27 /ejn/newsdetail.aspx Id=195
2014-12-27 /ejn/newsdetail.aspx Id=120
2014-12-27 /ejn/newsdetail.aspx Id=158
2014-12-27 /ejn/EJN_Home.aspx -
2014-12-27 /ejn/newsdetail.aspx Id=152
2014-12-27 /ejn/newsdetail.aspx Id=150
2014-12-27 /ejn/newsdetail.aspx Id=148
2014-12-27 /ejn/newsdetail.aspx Id=229
2014-12-27 /ejn/newsdetail.aspx Id=187
2014-12-27 /ejn/libcategories.aspx Id=120
2014-12-27 /ejn/newsdetail.aspx Id=178
2014-12-27 /ejn/newsdetail.aspx Id=176
2014-12-27 /ejn/newsdetail.aspx Id=157
2014-12-27 /ejn/newsdetail.aspx Id=118
2014-12-27 /ejn/newsdetail.aspx Id=99
2014-12-27 /ejn/libcategories.aspx id=3
2014-12-27 /ejn/libdocumentproperties.aspx Id=455
2014-12-27 /ejn/libdocumentproperties.aspx Id=1272
2014-12-27 /ejn/libdocumentproperties.aspx Id=452
2014-12-27 /ejn/libdocumentproperties.aspx Id=1332
2014-12-27 /ejn/libdocumentproperties.aspx Id=1324
2014-12-27 /ejn/libdocumentproperties.aspx Id=1325
2014-12-27 /ejn/libdocumentproperties.aspx Id=1326
2014-12-27 /ejn/libdocumentproperties.aspx Id=1328
2014-12-27 /ejn/libdocumentproperties.aspx Id=1323
2014-12-27 /ejn/libdocumentproperties.aspx Id=1329
2014-12-27 /ejn/libdocumentproperties.aspx Id=1330
2014-12-27 /ejn/libdocumentproperties.aspx Id=1331
2014-12-27 /ejn/libdocumentproperties.aspx Id=1327
2014-12-27 /ejn/libdocumentproperties.aspx Id=1333
2014-12-27 /ejn/libdocumentproperties.aspx Id=1336
2014-12-27 /ejn/libdocumentproperties.aspx Id=1337
2014-12-27 /ejn/libdocumentproperties.aspx Id=1334
2014-12-27 /ejn/libdocumentproperties.aspx Id=1338
2014-12-27 /ejn/libdocumentproperties.aspx Id=805
2014-12-27 /ejn/libdocumentproperties.aspx Id=1335
2014-12-27 /ejn/libdocumentproperties.aspx Id=765
2014-12-27 /ejn/libdocumentproperties.aspx Id=752
2014-12-27 /ejn/libdocumentproperties.aspx Id=753
2014-12-27 /ejn/libdocumentproperties.aspx Id=771
2014-12-27 /ejn/libcategories.aspx id=4
2014-12-27 /ejn/libdocumentproperties.aspx Id=769
2014-12-27 /ejn/libdocumentproperties.aspx Id=770
2014-12-27 /ejn/libdocumentproperties.aspx Id=772
2014-12-27 /ejn/libdocumentproperties.aspx Id=766
2014-12-27 /ejn/libdocumentproperties.aspx Id=355
2014-12-27 /ejn/libdocumentproperties.aspx Id=414
2014-12-27 /ejn/libdocumentproperties.aspx Id=767
2014-12-27 /ejn/libdocumentproperties.aspx Id=725
2014-12-27 /ejn/libdocumentproperties.aspx Id=726
2014-12-27 /ejn/libdocumentproperties.aspx Id=724
2014-12-27 /ejn/libdocumentproperties.aspx Id=723
2014-12-27 /ejn/libdocumentproperties.aspx Id=722
2014-12-27 /ejn/libdocumentproperties.aspx Id=1036
2014-12-27 /ejn/libdocumentproperties.aspx Id=1179
2014-12-27 /ejn/libdocumentproperties.aspx Id=1124
2014-12-27 /ejn/libdocumentproperties.aspx Id=1197
2014-12-27 /ejn/libdocumentproperties.aspx Id=1170
2014-12-27 /ejn/libdocumentproperties.aspx Id=600
2014-12-27 /ejn/libdocumentproperties.aspx Id=598
2014-12-27 /ejn/libdocumentproperties.aspx Id=599
2014-12-27 /ejn/libdocumentproperties.aspx Id=1169
2014-12-27 /ejn/libdocumentproperties.aspx Id=768
2014-12-27 /ejn/libdocumentproperties.aspx Id=1198
2014-12-27 /ejn/libdocumentproperties.aspx Id=1202
2014-12-27 /ejn/libdocumentproperties.aspx Id=773
2014-12-27 /ejn/libdocumentproperties.aspx Id=803
2014-12-27 /ejn/libdocumentproperties.aspx Id=775
2014-12-27 /ejn/libdocumentproperties.aspx Id=804
2014-12-27 /ejn/libdocumentproperties.aspx Id=1143
2014-12-27 /ejn/libdocumentproperties.aspx Id=1322
2014-12-27 /ejn/libdocumentproperties.aspx Id=1300
2014-12-27 /ejn/libdocumentproperties.aspx Id=719
2014-12-27 /ejn/libdocumentproperties.aspx Id=720
2014-12-27 /ejn/libdocumentproperties.aspx Id=1320
2014-12-27 /ejn/libdocumentproperties.aspx Id=1165
2014-12-27 /ejn/libdocumentproperties.aspx Id=721
2014-12-27 /ejn/libdocumentproperties.aspx Id=802
2014-12-27 /ejn/libdocumentproperties.aspx Id=1174
2014-12-27 /ejn/libdocumentproperties.aspx Id=1173
2014-12-27 /ejn/libdocumentproperties.aspx Id=718
2014-12-27 /ejn/libdocumentproperties.aspx Id=1265
2014-12-27 /ejn/libdocumentproperties.aspx Id=1228
2014-12-27 /ejn/libdocumentproperties.aspx Id=1269
2014-12-27 /ejn/libdocumentproperties.aspx Id=933
2014-12-27 /ejn/libdocumentproperties.aspx Id=1205
2014-12-27 /ejn/libdocumentproperties.aspx Id=1263
2014-12-27 /ejn/libdocumentproperties.aspx Id=777
2014-12-27 /ejn/libdocumentproperties.aspx Id=978
2014-12-27 /ejn/libdocumentproperties.aspx Id=712
2014-12-27 /ejn/libdocumentproperties.aspx Id=713
2014-12-27 /ejn/libdocumentproperties.aspx Id=716
2014-12-27 /ejn/libdocumentproperties.aspx Id=1177
2014-12-27 /ejn/libdocumentproperties.aspx Id=993
2014-12-27 /ejn/libdocumentproperties.aspx Id=1017
2014-12-27 /ejn/libdocumentproperties.aspx Id=932
2014-12-27 /ejn/libdocumentproperties.aspx Id=1241
2014-12-27 /ejn/libdocumentproperties.aspx Id=1321
2014-12-27 /ejn/libdocumentproperties.aspx Id=1237
2014-12-27 /ejn/libdocumentproperties.aspx Id=711
2014-12-27 /ejn/libdocumentproperties.aspx Id=714
2014-12-27 /ejn/libdocumentproperties.aspx Id=1166
2014-12-27 /ejn/libdocumentproperties.aspx Id=1020
2014-12-27 /ejn/libdocumentproperties.aspx Id=1018
2014-12-27 /ejn/libdocumentproperties.aspx Id=1019
2014-12-27 /ejn/libdocumentproperties.aspx Id=1152
2014-12-27 /ejn/libdocumentproperties.aspx Id=715
2014-12-27 /ejn/libdocumentproperties.aspx Id=1267
2014-12-27 /ejn/libdocumentproperties.aspx Id=1208
2014-12-27 /ejn/libdocumentproperties.aspx Id=1211
2014-12-27 /ejn/libdocumentproperties.aspx Id=684
2014-12-27 /ejn/libdocumentproperties.aspx Id=1206
2014-12-27 /ejn/libdocumentproperties.aspx Id=1264
2014-12-27 /ejn/libdocumentproperties.aspx Id=1167
2014-12-27 /ejn/libdocumentproperties.aspx Id=1214
2014-12-27 /ejn/libdocumentproperties.aspx Id=1161
2014-12-27 /ejn/libdocumentproperties.aspx Id=1154
2014-12-27 /ejn/libdocumentproperties.aspx Id=1239
2014-12-27 /ejn/libdocumentproperties.aspx Id=1142
2014-12-27 /ejn/libdocumentproperties.aspx Id=1242
2014-12-27 /ejn/libdocumentproperties.aspx Id=1238
2014-12-27 /ejn/newsdetail.aspx Id=65
2014-12-27 /ejn/libdocumentproperties.aspx Id=738
2014-12-27 /ejn/libdocumentproperties.aspx Id=1183
2014-12-27 /ejn/libdocumentproperties.aspx Id=934
2014-12-27 /ejn/libdocumentproperties.aspx Id=1244
2014-12-27 /ejn/libdocumentproperties.aspx Id=1245
2014-12-27 /ejn/libdocumentproperties.aspx Id=994
2014-12-27 /ejn/libdocumentproperties.aspx Id=1188
2014-12-27 /ejn/libdocumentproperties.aspx Id=1041
2014-12-27 /ejn/libdocumentproperties.aspx Id=1042
2014-12-27 /ejn/libdocumentproperties.aspx Id=1209
2014-12-27 /ejn/libdocumentproperties.aspx Id=1199
2014-12-27 /ejn/libdocumentproperties.aspx Id=995
2014-12-27 /ejn/libdocumentproperties.aspx Id=1249
2014-12-27 /ejn/libdocumentproperties.aspx Id=1176
2014-12-27 /ejn/libdocumentproperties.aspx Id=1077
2014-12-27 /ejn/libdocumentproperties.aspx Id=1078
2014-12-27 /ejn/libdocumentproperties.aspx Id=1055
2014-12-27 /ejn/libdocumentproperties.aspx Id=1064
2014-12-27 /ejn/libdocumentproperties.aspx Id=1164
2014-12-27 /ejn/libdocumentproperties.aspx Id=1213
2014-12-27 /ejn/libdocumentproperties.aspx Id=1172
2014-12-27 /ejn/libdocumentproperties.aspx Id=1160
2014-12-27 /ejn/libdocumentproperties.aspx Id=1175
2014-12-27 /ejn/libdocumentproperties.aspx Id=1038
2014-12-27 /ejn/libdocumentproperties.aspx Id=1039
2014-12-27 /ejn/libdocumentproperties.aspx Id=1153
2014-12-27 /ejn/libdocumentproperties.aspx Id=1229
2014-12-27 /ejn/libdocumentproperties.aspx Id=1268
2014-12-27 /ejn/libdocumentproperties.aspx Id=1168
2014-12-27 /ejn/libdocumentproperties.aspx Id=1207
2014-12-27 /ejn/libdocumentproperties.aspx Id=1215
2014-12-27 /ejn/libdocumentproperties.aspx Id=1266
2014-12-27 /ejn/libdocumentproperties.aspx Id=1155
2014-12-27 /ejn/libdocumentproperties.aspx Id=920
2014-12-27 /ejn/libdocumentproperties.aspx Id=1034
2014-12-27 /ejn/libshowdocument.aspx Id=1034&Lang=CS
2014-12-27 /ejn/libshowdocument.aspx Id=1034&Lang=DE
2014-12-27 /ejn/libdocumentproperties.aspx Id=1260
2014-12-27 /ejn/libshowdocument.aspx Id=1034&Lang=EL
2014-12-27 /ejn/libdocumentproperties.aspx Id=1243
2014-12-27 /ejn/libcategories.aspx id=5
2014-12-27 /ejn/libshowdocument.aspx Id=1034&Lang=EN
2014-12-27 /ejn/libshowdocument.aspx Id=1034&Lang=FI
2014-12-27 /ejn/libshowdocument.aspx Id=1034&Lang=ET
2014-12-27 /ejn/libshowdocument.aspx Id=1034&Lang=FR
2014-12-27 /ejn/libshowdocument.aspx Id=1034&Lang=IT
2014-12-27 /ejn/libshowdocument.aspx Id=1034&Lang=LT
2014-12-27 /ejn/libshowdocument.aspx Id=1034&Lang=LV
2014-12-27 /ejn/libshowdocument.aspx Id=1034&Lang=MT
2014-12-27 /ejn/libshowdocument.aspx Id=1034&Lang=ES
2014-12-27 /ejn/libshowdocument.aspx Id=1034&Lang=NL
2014-12-27 /ejn/libshowdocument.aspx Id=1034&Lang=PL
2014-12-27 /ejn/libshowdocument.aspx Id=1034&Lang=SK
2014-12-27 /ejn/libshowdocument.aspx Id=1034&Lang=SL
2014-12-27 /ejn/libshowdocument.aspx Id=1034&Lang=SV
2014-12-27 /ejn/libdocumentproperties.aspx Id=1217
2014-12-27 /ejn/libshowdocument.aspx Id=1217&Lang=SL
2014-12-27 /ejn/libdocumentproperties.aspx Id=1097
2014-12-27 /ejn/libshowdocument.aspx Id=1034&Lang=PT
2014-12-27 /ejn/libshowdocument.aspx Id=1097&Lang=ES
2014-12-27 /ejn/libshowdocument.aspx Id=1096&Lang=BG
2014-12-27 /ejn/libshowdocument.aspx Id=1096&Lang=CS
2014-12-27 /ejn/libshowdocument.aspx Id=1034&Lang=HU
2014-12-27 /ejn/libdocumentproperties.aspx Id=1096
2014-12-27 /ejn/libshowdocument.aspx Id=1096&Lang=DK
2014-12-27 /ejn/libshowdocument.aspx Id=1096&Lang=EL
2014-12-27 /ejn/libshowdocument.aspx Id=1096&Lang=EN
2014-12-27 /ejn/libshowdocument.aspx Id=1096&Lang=ET
2014-12-27 /ejn/libshowdocument.aspx Id=1096&Lang=FI
2014-12-27 /ejn/libshowdocument.aspx Id=1096&Lang=ES
2014-12-27 /ejn/libshowdocument.aspx Id=1096&Lang=HU
2014-12-27 /ejn/libshowdocument.aspx Id=1096&Lang=IT
2014-12-27 /ejn/libshowdocument.aspx Id=1096&Lang=LT
2014-12-27 /ejn/libshowdocument.aspx Id=1096&Lang=LV
2014-12-27 /ejn/libshowdocument.aspx Id=1096&Lang=MT
2014-12-27 /ejn/libshowdocument.aspx Id=1096&Lang=NL
2014-12-27 /ejn/libshowdocument.aspx Id=1096&Lang=PL
2014-12-27 /ejn/libshowdocument.aspx Id=1096&Lang=PT
2014-12-27 /ejn/libshowdocument.aspx Id=1096&Lang=RO
2014-12-27 /ejn/libshowdocument.aspx Id=1096&Lang=SK
2014-12-27 /ejn/libshowdocument.aspx Id=1096&Lang=SL
2014-12-27 /ejn/libshowdocument.aspx Id=1096&Lang=SV
2014-12-27 /ejn/libdocumentproperties.aspx Id=1234
2014-12-27 /ejn/libshowdocument.aspx Id=1096&Lang=DE
2014-12-27 /ejn/libdocumentproperties.aspx Id=1256
2014-12-27 /ejn/libshowdocument.aspx Id=1256&Lang=CS
2014-12-27 /ejn/libdocumentproperties.aspx Id=1109
2014-12-27 /ejn/libshowdocument.aspx Id=1109&Lang=ES
2014-12-27 /ejn/libdocumentproperties.aspx Id=1110
2014-12-27 /ejn/libshowdocument.aspx Id=1110&Lang=ES
2014-12-27 /ejn/libdocumentproperties.aspx Id=434
2014-12-27 /ejn/libshowdocument.aspx Id=434&Lang=EN
2014-12-27 /ejn/libshowdocument.aspx Id=434&Lang=FR
2014-12-27 /ejn/libdocumentproperties.aspx Id=395
2014-12-27 /ejn/libshowdocument.aspx Id=395&Lang=BG
2014-12-27 /ejn/libshowdocument.aspx Id=1234&Lang=EN
2014-12-27 /ejn/libshowdocument.aspx Id=395&Lang=DE
2014-12-27 /ejn/libshowdocument.aspx Id=395&Lang=DK
2014-12-27 /ejn/libshowdocument.aspx Id=395&Lang=EL
2014-12-27 /ejn/libshowdocument.aspx Id=395&Lang=EN
2014-12-27 /ejn/libshowdocument.aspx Id=395&Lang=ES
2014-12-27 /ejn/libshowdocument.aspx Id=395&Lang=ET
2014-12-27 /ejn/libshowdocument.aspx Id=1034&Lang=DK
2014-12-27 /ejn/libshowdocument.aspx Id=1096&Lang=FR
2014-12-27 /ejn/libshowdocument.aspx Id=395&Lang=CS
2014-12-27 /ejn/libshowdocument.aspx Id=395&Lang=FI
2014-12-27 /ejn/libshowdocument.aspx Id=395&Lang=FR
2014-12-27 /ejn/libshowdocument.aspx Id=395&Lang=HU
2014-12-27 /ejn/libshowdocument.aspx Id=395&Lang=IT
2014-12-27 /ejn/libshowdocument.aspx Id=395&Lang=LV
2014-12-27 /ejn/libshowdocument.aspx Id=395&Lang=MT
2014-12-27 /ejn/libshowdocument.aspx Id=395&Lang=PT
2014-12-27 /ejn/libshowdocument.aspx Id=395&Lang=RO
2014-12-27 /ejn/libshowdocument.aspx Id=395&Lang=SK
2014-12-27 /ejn/libshowdocument.aspx Id=395&Lang=SL
2014-12-27 /ejn/libshowdocument.aspx Id=395&Lang=SV
2014-12-27 /ejn/libshowdocument.aspx Id=395&Lang=LT
2014-12-27 /ejn/libdocumentproperties.aspx Id=1255
2014-12-27 /ejn/libdocumentproperties.aspx Id=1254
2014-12-27 /ejn/libshowdocument.aspx Id=1254&Lang=CS
2014-12-27 /ejn/libdocumentproperties.aspx Id=1306
2014-12-27 /ejn/libshowdocument.aspx Id=1306&Lang=EN
2014-12-27 /ejn/libshowdocument.aspx Id=1255&Lang=CS
2014-12-27 /ejn/libshowdocument.aspx Id=395&Lang=NL
2014-12-27 /ejn/libshowdocument.aspx Id=395&Lang=PL
2014-12-27 /ejn/libdocumentproperties.aspx Id=1112
2014-12-27 /ejn/libshowdocument.aspx Id=1112&Lang=ES
2014-12-27 /ejn/libshowdocument.aspx Id=1220&Lang=SL
2014-12-27 /ejn/libdocumentproperties.aspx Id=248
2014-12-27 /ejn/libshowdocument.aspx Id=248&Lang=CS
2014-12-27 /ejn/libshowdocument.aspx Id=248&Lang=DE
2014-12-27 /ejn/libdocumentproperties.aspx Id=1220
2014-12-27 /ejn/libshowdocument.aspx Id=248&Lang=DK
2014-12-27 /ejn/libshowdocument.aspx Id=248&Lang=ES
2014-12-27 /ejn/libshowdocument.aspx Id=248&Lang=ET
2014-12-27 /ejn/libdocumentproperties.aspx Id=1111
2014-12-27 /ejn/libshowdocument.aspx Id=248&Lang=FI
2014-12-27 /ejn/libshowdocument.aspx Id=248&Lang=FR
2014-12-27 /ejn/libshowdocument.aspx Id=248&Lang=EN
2014-12-27 /ejn/libshowdocument.aspx Id=1111&Lang=ES
2014-12-27 /ejn/EJN_Home.aspx -
2014-12-27 /ejn/libshowdocument.aspx Id=248&Lang=LV
2014-12-27 /ejn/libshowdocument.aspx Id=248&Lang=NL
2014-12-27 /ejn/libshowdocument.aspx Id=248&Lang=PL
2014-12-27 /ejn/libshowdocument.aspx Id=248&Lang=PT
2014-12-27 /ejn/libshowdocument.aspx Id=248&Lang=SK
2014-12-27 /ejn/libshowdocument.aspx Id=248&Lang=SL
2014-12-27 /ejn/libshowdocument.aspx Id=248&Lang=SV
2014-12-27 /ejn/libdocumentproperties.aspx Id=1253
2014-12-27 /ejn/libshowdocument.aspx Id=1253&Lang=EN
2014-12-27 /ejn/libdocumentproperties.aspx Id=1252
2014-12-27 /ejn/libshowdocument.aspx Id=1252&Lang=CS
2014-12-27 /ejn/libdocumentproperties.aspx Id=1218
2014-12-27 /ejn/libshowdocument.aspx Id=1218&Lang=SL
2014-12-27 /ejn/libdocumentproperties.aspx Id=1235
2014-12-27 /ejn/libshowdocument.aspx Id=1235&Lang=EN
2014-12-27 /ejn/libshowdocument.aspx Id=248&Lang=HU
2014-12-27 /ejn/libshowdocument.aspx Id=248&Lang=IT
2014-12-27 /ejn/libshowdocument.aspx Id=1098&Lang=ES
2014-12-27 /ejn/libdocumentproperties.aspx Id=1098
2014-12-27 /ejn/libshowdocument.aspx Id=248&Lang=LT
2014-12-27 /ejn/libdocumentproperties.aspx Id=1099
2014-12-27 /ejn/libdocumentproperties.aspx Id=1113
2014-12-27 /ejn/libcategories.aspx id=6
2014-12-27 /ejn/libshowdocument.aspx Id=1099&Lang=ES
2014-12-27 /ejn/libdocumentproperties.aspx Id=571
2014-12-27 /ejn/libdocumentproperties.aspx Id=1091
2014-12-27 /ejn/libdocumentproperties.aspx Id=1085
2014-12-27 /ejn/libdocumentproperties.aspx Id=1086
2014-12-27 /ejn/libdocumentproperties.aspx Id=1114
2014-12-27 /ejn/libdocumentproperties.aspx Id=1087
2014-12-27 /ejn/libdocumentproperties.aspx Id=1089
2014-12-27 /ejn/libdocumentproperties.aspx Id=1090
2014-12-27 /ejn/libdocumentproperties.aspx Id=1092
2014-12-27 /ejn/libdocumentproperties.aspx Id=1083
2014-12-27 /ejn/libdocumentproperties.aspx Id=1093
2014-12-27 /ejn/libdocumentproperties.aspx Id=1084
2014-12-27 /ejn/libdocumentproperties.aspx Id=749
2014-12-27 /ejn/libdocumentproperties.aspx Id=750
2014-12-27 /ejn/libdocumentproperties.aspx Id=1340
2014-12-27 /ejn/libdocumentproperties.aspx Id=1341
2014-12-27 /ejn/EJN_AtlasAdvanced.aspx -
2014-12-27 /ejn/libdocumentproperties.aspx Id=1088
2014-12-27 /ejn/libdocumentproperties.aspx Id=1144
2014-12-27 /ejn/libdocumentproperties.aspx Id=743
2014-12-27 /ejn/libdocumentproperties.aspx Id=745
2014-12-27 /ejn/libdocumentproperties.aspx Id=744
2014-12-27 /ejn/libdocumentproperties.aspx Id=746
2014-12-27 /ejn/libdocumentproperties.aspx Id=1123
2014-12-27 /ejn/libdocumentproperties.aspx Id=461
2014-12-27 /ejn/libdocumentproperties.aspx Id=568
2014-12-27 /ejn/EJN_Home.aspx -
2014-12-27 /ejn/EJN_Home.aspx -
2014-12-27 /ejn/libdocumentproperties.aspx Id=567
2014-12-27 /ejn/libdocumentproperties.aspx Id=813
2014-12-27 /ejn/libdocumentproperties.aspx Id=462
2014-12-27 /ejn/libdocumentproperties.aspx Id=962
2014-12-27 /ejn/libdocumentproperties.aspx Id=463
2014-12-27 /ejn/libdocumentproperties.aspx Id=755
2014-12-27 /ejn/libdocumentproperties.aspx Id=944
2014-12-27 /ejn/libdocumentproperties.aspx Id=754
2014-12-27 /ejn/libdocumentproperties.aspx Id=757
2014-12-27 /ejn/libdocumentproperties.aspx Id=485
2014-12-27 /ejn/libdocumentproperties.aspx Id=943
2014-12-27 /ejn/libdocumentproperties.aspx Id=758
2014-12-27 /ejn/libdocumentproperties.aspx Id=796
2014-12-27 /ejn/libdocumentproperties.aspx Id=476
2014-12-27 /ejn/libdocumentproperties.aspx Id=475
2014-12-27 /ejn/libdocumentproperties.aspx Id=405
2014-12-27 /ejn/libdocumentproperties.aspx Id=406
2014-12-27 /ejn/libdocumentproperties.aspx Id=1033
2014-12-27 /ejn/libdocumentproperties.aspx Id=1024
2014-12-27 /ejn/libdocumentproperties.aspx Id=245
2014-12-27 /ejn/libdocumentproperties.aspx Id=481
2014-12-27 /ejn/libdocumentproperties.aspx Id=460
2014-12-27 /ejn/libdocumentproperties.aspx Id=1314
2014-12-27 /ejn/libdocumentproperties.aspx Id=484
2014-12-27 /ejn/libdocumentproperties.aspx Id=676
2014-12-27 /ejn/libdocumentproperties.aspx Id=675
2014-12-27 /ejn/libdocumentproperties.aspx Id=1316
2014-12-27 /ejn/libdocumentproperties.aspx Id=785
2014-12-27 /ejn/libdocumentproperties.aspx Id=1221
2014-12-27 /ejn/libdocumentproperties.aspx Id=1225
2014-12-27 /ejn/libdocumentproperties.aspx Id=1222
2014-12-27 /ejn/libdocumentproperties.aspx Id=902
2014-12-27 /ejn/libdocumentproperties.aspx Id=961
2014-12-27 /ejn/libdocumentproperties.aspx Id=1315
2014-12-27 /ejn/libdocumentproperties.aspx Id=903
2014-12-27 /ejn/libdocumentproperties.aspx Id=1313
2014-12-27 /ejn/libdocumentproperties.aspx Id=1224
2014-12-27 /ejn/libdocumentproperties.aspx Id=1223
2014-12-27 /ejn/libdocumentproperties.aspx Id=448
2014-12-27 /ejn/libdocumentproperties.aspx Id=1129
2014-12-27 /ejn/libdocumentproperties.aspx Id=1312
2014-12-27 /ejn/libdocumentproperties.aspx Id=403
2014-12-27 /ejn/libdocumentproperties.aspx Id=249
2014-12-27 /ejn/libdocumentproperties.aspx Id=604
2014-12-27 /ejn/libdocumentproperties.aspx Id=1345
2014-12-27 /ejn/libdocumentproperties.aspx Id=1180
2014-12-27 /ejn/libdocumentproperties.aspx Id=605
2014-12-27 /ejn/libcategories.aspx id=7
2014-12-27 /ejn/libdocumentproperties.aspx Id=1180
2014-12-27 /ejn/libdocumentproperties.aspx Id=609
2014-12-27 /ejn/libdocumentproperties.aspx Id=935
2014-12-27 /ejn/libcategories.aspx id=7
2014-12-27 /ejn/libdocumentproperties.aspx Id=443
2014-12-27 /ejn/libdocumentproperties.aspx Id=973
2014-12-27 /ejn/libdocumentproperties.aspx Id=972
2014-12-27 /ejn/libdocumentproperties.aspx Id=971
2014-12-27 /ejn/libdocumentproperties.aspx Id=969
2014-12-27 /ejn/libdocumentproperties.aspx Id=970
2014-12-27 /ejn/libdocumentproperties.aspx Id=968
2014-12-27 /ejn/libdocumentproperties.aspx Id=967
2014-12-27 /ejn/libdocumentproperties.aspx Id=784
2014-12-27 /ejn/libdocumentproperties.aspx Id=910
2014-12-27 /ejn/libdocumentproperties.aspx Id=1191
2014-12-27 /ejn/libcategories.aspx id=2
2014-12-27 /ejn/libdocumentproperties.aspx Id=1054
2014-12-27 /ejn/EJN_Library_StatusOfImpByCat.aspx CategoryId=104
2014-12-27 /ejn/libdocumentproperties.aspx Id=936
2014-12-27 /ejn/EJN_Library_StatusOfImpByCat.aspx CategoryId=55
2014-12-27 /ejn/libdocumentproperties.aspx Id=1051
2014-12-27 /ejn/EJN_Library_StatusOfImpByCat.aspx CategoryId=64
2014-12-27 /ejn/libdocumentproperties.aspx Id=1052
2014-12-27 /ejn/EJN_Library_StatusOfImpByCat.aspx CategoryId=53
2014-12-27 /ejn/libdocumentproperties.aspx Id=1282
2014-12-27 /ejn/EJN_Library_StatusOfImpByCat.aspx CategoryId=90
2014-12-27 /ejn/libdocumentproperties.aspx Id=937
2014-12-27 /ejn/EJN_Library_StatusOfImpByCat.aspx CategoryId=42
2014-12-27 /ejn/libdocumentproperties.aspx Id=1283
2014-12-27 /ejn/EJN_Library_StatusOfImpByCat.aspx CategoryId=91
2014-12-27 /ejn/libdocumentproperties.aspx Id=1284
2014-12-27 /ejn/EJN_Library_StatusOfImpByCat.aspx CategoryId=67
2014-12-27 /ejn/libdocumentproperties.aspx Id=1285
2014-12-27 /ejn/libdocumentproperties.aspx Id=710
2014-12-27 /ejn/libcategories.aspx id=8
2014-12-27 /ejn/EJN_Library_StatusOfImpByCat.aspx CategoryId=100
2014-12-27 /ejn/libdocumentproperties.aspx Id=938
2014-12-27 /ejn/EJN_Library_StatusOfImpByCat.aspx CategoryId=52
2014-12-27 /ejn/libdocumentproperties.aspx Id=728
2014-12-27 /ejn/EJN_Library_StatusOfImpByCat.aspx CategoryId=54
2014-12-27 /ejn/EJN_Library_StatusOfImpByCat.aspx CategoryId=35
2014-12-27 /ejn/EJN_Library_StatusOfImpByCat.aspx CategoryId=60
2014-12-27 /ejn/libdocumentproperties.aspx Id=940
2014-12-27 /ejn/EJN_Library_StatusOfImpByCat.aspx CategoryId=38
2014-12-27 /ejn/libdocumentproperties.aspx Id=729
2014-12-27 /ejn/libdocumentproperties.aspx Id=939
2014-12-27 /ejn/EJN_Library_StatusOfImpByCat.aspx CategoryId=40
2014-12-27 /ejn/libdocumentproperties.aspx Id=727
2014-12-27 /ejn/libdocumentproperties.aspx Id=1189
2014-12-27 /ejn/EJN_Library_StatusOfImpByCat.aspx CategoryId=37
2014-12-27 /ejn/libdocumentproperties.aspx Id=1286
2014-12-27 /ejn/EJN_Library_StatusOfImpByCat.aspx CategoryId=36
2014-12-27 /ejn/libdocumentproperties.aspx Id=739
2014-12-27 /ejn/libdocumentproperties.aspx Id=941
2014-12-27 /ejn/EJN_Library_StatusOfImpByCat.aspx CategoryId=66
2014-12-27 /ejn/libdocumentproperties.aspx Id=1063
2014-12-27 /ejn/EJN_Library_StatusOfImpByCat.aspx CategoryId=39
2014-12-27 /ejn/EJN_Home.aspx -
2014-12-27 /ejn/ -
2014-12-27 /ejn/EJN_Home.aspx -
2014-12-27 /ejn/EJN_Home.aspx -
2014-12-27 /ejn/EJN_Home.aspx -
2014-12-27 /ejn/EJN_Home.aspx -
2014-12-27 /ejn/EJN_Home.aspx -
2014-12-27 /ejn/libdocumentproperties.aspx Id=244
2014-12-27 /ejn/libshowdocument.aspx Id=244&Lang=DE
2014-12-27 /ejn/libshowdocument.aspx Id=244&Lang=EL
2014-12-27 /ejn/libshowdocument.aspx Id=244&Lang=CS
2014-12-27 /ejn/libshowdocument.aspx Id=244&Lang=EN
2014-12-27 /ejn/libshowdocument.aspx Id=244&Lang=ES
2014-12-27 /ejn/libshowdocument.aspx Id=244&Lang=ET
2014-12-27 /ejn/libshowdocument.aspx Id=244&Lang=HU
2014-12-27 /ejn/libshowdocument.aspx Id=244&Lang=IT
2014-12-27 /ejn/libshowdocument.aspx Id=244&Lang=LT
2014-12-27 /ejn/libshowdocument.aspx Id=244&Lang=DK
2014-12-27 /ejn/libshowdocument.aspx Id=244&Lang=FR
2014-12-27 /ejn/libshowdocument.aspx Id=244&Lang=FI
2014-12-27 /ejn/libshowdocument.aspx Id=244&Lang=NL
2014-12-27 /ejn/libshowdocument.aspx Id=244&Lang=PT
2014-12-27 /ejn/libshowdocument.aspx Id=244&Lang=SK
2014-12-27 /ejn/libshowdocument.aspx Id=244&Lang=LV
2014-12-27 /ejn/libshowdocument.aspx Id=244&Lang=SL
2014-12-27 /ejn/libshowdocument.aspx Id=244&Lang=MT
2014-12-27 /ejn/libdocumentproperties.aspx Id=608
2014-12-27 /ejn/newsdetail.aspx Id=234
2014-12-27 /ejn/libdocumentproperties.aspx Id=550
2014-12-27 /ejn/libdocumentproperties.aspx Id=1193
2014-12-27 /ejn/libdocumentproperties.aspx Id=1079
2014-12-27 /ejn/libdocumentproperties.aspx Id=1050
2014-12-27 /ejn/libdocumentproperties.aspx Id=1080
2014-12-27 /ejn/newsdetail.aspx Id=235
2014-12-27 /ejn/EJN_Home.aspx -
2014-12-27 /ejn/EJN_Home.aspx -
2014-12-27 /ejn/newsdetail.aspx Id=238
2014-12-27 /ejn/libshowdocument.aspx Id=244&Lang=PL
2014-12-27 /ejn/libshowdocument.aspx Id=244&Lang=SV
2014-12-27 /ejn/newsdetail.aspx Id=240
2014-12-27 /ejn/newsdetail.aspx Id=233
2014-12-27 /ejn/EJN_Home.aspx -
2014-12-27 /ejn/NewsDetail.aspx Ori=H&id=334
2014-12-27 /ejn/EJN_Home.aspx -
2014-12-27 /ejn/Events.aspx event=246
2014-12-27 /ejn/EJN_Home.aspx -
2014-12-27 /ejn/EJN_AtlasAdvanced.aspx -
2014-12-27 /ejn/ -
2014-12-27 /ejn/newsdetail.aspx Id=237
2014-12-27 /ejn/EJN_AtlasAdvanced.aspx -
2014-12-27 /ejn/ -
2014-12-27 /ejn/EJN_Home.aspx -
2014-12-27 /ejn/newsdetail.aspx Id=245
2014-12-27 /ejn/newsdetail.aspx Id=243
2014-12-27 /ejn/newsdetail.aspx Id=242
2014-12-27 /ejn/ -
2014-12-27 /ejn/EJN_Home.aspx -
2014-12-27 /ejn/EJN_Home.aspx -
2014-12-27 /ejn/libdocumentproperties.aspx Id=1365
2014-12-27 /ejn/ -
2014-12-27 /ejn/EJN_AtlasAdvanced.aspx -
2014-12-27 /ejn/EJN_Home.aspx -
2014-12-27 /ejn/EJN_AtlasAdvanced.aspx -
2014-12-27 /ejn/ -
2014-12-27 /ejn/EJN_AtlasAdvanced.aspx -
2014-12-27 /ejn/libdocumentproperties.aspx Id=1367
2014-12-27 /ejn/libdocumentproperties.aspx Id=1366
2014-12-27 /ejn/EJN_Home.aspx -
2014-12-27 /ejn/newsdetail.aspx Id=248
2014-12-27 /ejn/NewsDetail.aspx id=343&Ori=H
2014-12-27 /ejn/newsdetail.aspx Id=249
2014-12-27 /ejn/Events.aspx event=184
2014-12-27 /ejn/AtlasChooseMeasure.aspx Mp=1&Cou=ES&Type=2
2014-12-27 /ejn/EJN_Home.aspx -
2014-12-27 /ejn/ -
2014-12-27 /ejn/EJN_AtlasAdvanced.aspx -
2014-12-27 /ejn/EJN_Home.aspx -
2014-12-27 /documents.aspx doclink=Y&country=Czech
2014-12-27 /ejn/EJN_Home.aspx -
2014-12-27 /ejn/ -
2014-12-27 /ejn/ -
2014-12-27 /ejn/EJN_AtlasAdvanced.aspx -
2014-12-27 /ejn/ -
2014-12-27 /ejn/AtlasChooseMeasure.aspx Mp=1&Cou=PT&Type=2
2014-12-27 /ejn/AtlasChooseMeasure.aspx Mp=1&Cou=PT&Type=2
2014-12-27 /ejn/EJN_FichesBelgesResult.aspx measure=303&country=352&other=-1
2014-12-27 /ejn/EJN_Home.aspx -
2014-12-27 /ejn/EJN_AtlasAdvancedOld.aspx ctyCode=IT
2014-12-27 /ejn/Events.aspx event=219
2014-12-27 /ejn/Events.aspx event=278
2014-12-27 /ejn/Events.aspx event=202
2014-12-27 /ejn/Events.aspx event=215
2014-12-27 /ejn/Events.aspx event=185
2014-12-27 /ejn/NewsDetail.aspx id=305&Ori=H
2014-12-27 /ejn/EJN_Home.aspx -
2014-12-27 /ejn/ -
2014-12-27 /ejn/EJN_AtlasAdvanced.aspx -
2014-12-27 /ejn/EJN_Home.aspx -
2014-12-27 /ejn/EJN_Home.aspx -
2014-12-27 /ejn/ -
2014-12-27 /ejn/EJN_AtlasAdvanced.aspx -
2014-12-27 /ejn/EJN_Home.aspx -
2014-12-27 /ejn/EJN_Home.aspx -
2014-12-27 /ejn/ -
2014-12-27 /ejn/EJN_AtlasAdvanced.aspx -
2014-12-27 /ejn/ -
2014-12-27 /ejn/EJN_Home.aspx -
2014-12-27 /ejn/EJN_Home.aspx -
2014-12-27 /ejn/ -
2014-12-27 /ejn/EJN_AtlasAdvanced.aspx -
2014-12-27 /ejn/newsdetail.aspx Id=251
2014-12-27 /ejn/newsdetail.aspx Id=257
2014-12-27 /ejn/ -
2014-12-27 /ejn/EJN_Home.aspx -
2014-12-27 /ejn/EJN_ContactUs.aspx &KeepThis=true&TB_iframe=true&height=650&width=900
2014-12-27 /ejn/sitemap.aspx -
2014-12-27 /ejn/EJN_StaticPage.aspx Bread=8
2014-12-27 /ejn/EJN_Faqs.aspx -
2014-12-27 /ejn/EJN_StaticPage.aspx Bread=7
2014-12-27 /ejn/EJN_Home.aspx -
2014-12-27 /ejn/ -
2014-12-27 /ejn/ejn_home.aspx -
2014-12-27 /ejn/EJN_StaticPage.aspx Bread=4
2014-12-27 /ejn/EJN_Search.aspx -
2014-12-27 /ejn/ -
2014-12-27 /ejn/AtlasChooseAuthority.aspx -
2014-12-27 /ejn/EJN_Error.aspx -
2014-12-27 /ejn/libcategories.aspx Id=14
2014-12-27 /ejn/EJN_StaticPage.aspx Bread=2
2014-12-27 /ejn/libcategories.aspx Id=32
2014-12-27 /ejn/EJN_Home.aspx -
2014-12-27 /ejn/EJN_StaticPage.aspx Bread=9
2014-12-27 /ejn/libcategories.aspx Id=34
2014-12-27 /ejn/EJN_StaticPage.aspx Bread=39
2014-12-27 /ejn/libcategories.aspx Id=24
2014-12-27 /ejn/AtlasChooseMeasure.aspx MP=1&Cou=UK&Type=2
2014-12-27 /ejn/libcategories.aspx Id=25
2014-12-27 /ejn/libdocumentproperties.aspx Id=1386
2014-12-27 /ejn/libdocumentproperties.aspx Id=1380
2014-12-27 /ejn/EJN_StaticPage.aspx Bread=14
2014-12-27 /ejn/EJN_Secretariat.aspx -
2014-12-27 /ejn/EJN_StaticPage.aspx Bread=10
2014-12-27 /ejn/EJN_StaticPage.aspx Bread=27
2014-12-27 /ejn/EJN_StaticPage.aspx Bread=16
2014-12-27 /ejn/Gallery.aspx -
2014-12-27 /ejn/EJN_StaticPage.aspx Bread=28
2014-12-27 /ejn/EJN_StaticPage.aspx Bread=17
2014-12-27 /ejn/EJN_StaticPage.aspx Bread=21
2014-12-27 /ejn/EJN_StaticPage.aspx Bread=13
2014-12-27 /ejn/libshowdocument.aspx Id=421&Lang=HR
2014-12-27 /ejn/libshowdocument.aspx Id=421&Lang=HR
2014-12-27 /ejn/EJN_Home.aspx -
2014-12-27 /ejn/EJN_StaticPage.aspx Bread=34
2014-12-27 /ejn/EJN_StaticPage.aspx Bread=24
2014-12-27 /ejn/EJN_StaticPage.aspx Bread=25
2014-12-27 /ejn/EJN_StaticPage.aspx Bread=31
2014-12-27 /ejn/EJN_StaticPage.aspx Bread=33
2014-12-27 /ejn/EJN_StaticPage.aspx Bread=30
2014-12-27 /ejn/EJN_StaticPage.aspx Bread=18
2014-12-27 /ejn/EJN_StaticPage.aspx Bread=20
2014-12-27 /ejn/EJN_StaticPage.aspx Bread=32
2014-12-27 /ejn/EJN_StaticPage.aspx Bread=35
2014-12-27 /ejn/libdocumentproperties.aspx Id=1387
2014-12-27 /ejn/libdocumentproperties.aspx Id=1384
2014-12-27 /ejn/libdocumentproperties.aspx Id=1398
2014-12-27 /ejn/libdocumentproperties.aspx Id=1394
2014-12-27 /ejn/libdocumentproperties.aspx Id=1394
2014-12-27 /ejn/EJN_StaticPage.aspx Bread=36
2014-12-27 /ejn/NewsDetail.aspx id=344&Ori=H
2014-12-27 /ejn/NewsDetail.aspx id=346&Ori=H
2014-12-27 /ejn/EJN_StaticPage.aspx Bread=26
2014-12-27 /ejn/Events.aspx id=6
2014-12-27 /ejn/EJN_StaticPage.aspx Bread=23
2014-12-27 /ejn/EJN_StaticPage.aspx Bread=37
2014-12-27 /ejn/EJN_StaticPage.aspx Bread=22
2014-12-27 /ejn/EJN_StaticPage.aspx Bread=38
2014-12-27 /ejn/EJN_StaticPage.aspx Bread=19
2014-12-27 /ejn/libdocumentproperties.aspx Id=1394
2014-12-27 /ejn/libdocumentproperties.aspx Id=1390
2014-12-27 /ejn/libdocumentproperties.aspx Id=1388
2014-12-27 /ejn/libdocumentproperties.aspx Id=1391
2014-12-27 /ejn/libdocumentproperties.aspx Id=1392
2014-12-27 /ejn/libdocumentproperties.aspx Id=1392
2014-12-27 /ejn/Events.aspx Id=6
2014-12-27 /ejn/NewsAll.aspx Id=5
2014-12-27 /ejn/Events.aspx Id=7
2014-12-27 /ejn/Events.aspx id=7
2014-12-27 /ejn/NewsAll.aspx Id=3
2014-12-27 /ejn/NewsAll.aspx Id=1
2014-12-27 /ejn/NewsAll.aspx Id=2
2014-12-27 /ejn/NewsAll.aspx Id=4
2014-12-27 /ejn/Events.aspx event=318
2014-12-27 /ejn/Events.aspx event=322
2014-12-27 /ejn/EJN_InfoAbout.aspx Id=239
2014-12-27 /ejn/EJN_InfoAbout.aspx Id=223
2014-12-27 /ejn/Events.aspx -
2014-12-27 /ejn/EJN_InfoAbout.aspx Id=432
2014-12-27 /ejn/EJN_SubscribeNewsLetter.aspx -
2014-12-27 /ejn/NewsAll.aspx -
2014-12-27 /ejn/EJN_InfoAbout.aspx Id=230
2014-12-27 /ejn/EJN_AtlasAdvanced.aspx -
2014-12-27 /ejn/ -
2014-12-27 /ejn/newsdetail.aspx Id=269
2014-12-27 /ejn/newsdetail.aspx Id=266
2014-12-27 /ejn/newsdetail.aspx Id=262
2014-12-27 /ejn/EJN_InfoAbout.aspx Id=272
2014-12-27 /ejn/EJN_InfoAbout.aspx Id=258
2014-12-27 /ejn/EJN_InfoAbout.aspx Id=260
2014-12-27 /ejn/EJN_InfoAbout.aspx Id=273
2014-12-27 /ejn/EJN_InfoAbout.aspx Id=269
2014-12-27 /ejn/EJN_InfoAbout.aspx Id=293
2014-12-27 /ejn/EJN_InfoAbout.aspx Id=287
2014-12-27 /ejn/EJN_InfoAbout.aspx Id=277
2014-12-27 /ejn/EJN_InfoAbout.aspx Id=259
2014-12-27 /ejn/EJN_InfoAbout.aspx Id=279
2014-12-27 /ejn/libdocumentproperties.aspx Id=1404
2014-12-27 /ejn/libdocumentproperties.aspx Id=1404
2014-12-27 /ejn/libdocumentproperties.aspx Id=1404
2014-12-27 /documents.aspx doclink=Y&country=Romania
2014-12-27 /ejn/EJN_AtlasAdvanced.aspx -
2014-12-27 /ejn/EJN_InfoAbout.aspx Id=354
2014-12-27 /ejn/EJN_InfoAbout.aspx Id=352
2014-12-27 /ejn/EJN_InfoAbout.aspx Id=321
2014-12-27 /ejn/EJN_InfoAbout.aspx Id=368
2014-12-27 /ejn/EJN_InfoAbout.aspx Id=337
2014-12-27 /ejn/EJN_InfoAbout.aspx Id=295
2014-12-27 /ejn/EJN_InfoAbout.aspx Id=313
2014-12-27 /ejn/EJN_InfoAbout.aspx Id=351
2014-12-27 /ejn/EJN_InfoAbout.aspx Id=314
2014-12-27 /ejn/EJN_InfoAbout.aspx Id=307
2014-12-27 /ejn/EJN_InfoAbout.aspx Id=369
2014-12-27 /ejn/EJN_InfoAbout.aspx Id=215
2014-12-27 /ejn/EJN_InfoAbout.aspx Id=389
2014-12-27 /ejn/EJN_InfoAbout.aspx Id=435
2014-12-27 /ejn/EJN_InfoAbout.aspx Id=373
2014-12-27 /ejn/EJN_InfoAbout.aspx Id=434
2014-12-27 /ejn/EJN_InfoAbout.aspx Id=288
2014-12-27 /ejn/EJN_InfoAbout.aspx Id=378
2014-12-27 /ejn/EJN_InfoAbout.aspx Id=395
2014-12-27 /ejn/EJN_InfoAbout.aspx Id=364
2014-12-27 /ejn/EJN_Login.aspx -
2014-12-27 /ejn/EJN_InfoAbout.aspx Id=342
2014-12-27 /ejn/EJN_StaticPage.aspx Bread=1
2014-12-27 /ejn/EJN_StaticPage.aspx Bread=3
2014-12-27 /ejn/AtlasChooseCountry.aspx Type=2
2014-12-27 /ejn/EJN_InfoAbout.aspx Id=430
2014-12-27 /ejn/AtlasChooseCountry.aspx Type=1
2014-12-27 /ejn/EJN_InfoAbout.aspx Id=433
2014-12-27 /ejn/EJN_FichesBelges.aspx -
2014-12-27 /ejn/EJN_Home.aspx -
2014-12-27 /ejn/EJN_Compendium.aspx -
2014-12-27 /ejn/newsdetail.aspx Id=270
2014-12-27 /ejn/newsdetail.aspx Id=272
2014-12-27 /ejn/libcategories.aspx -
2014-12-27 /ejn/EJN_QuickLinks.aspx id=25
2014-12-27 /ejn/EJN_QuickLinks.aspx id=27
2014-12-27 /ejn/EJN_StaticPage.aspx Bread=12
2014-12-27 /ejn/EJN_QuickLinks.aspx id=28
2014-12-27 /ejn/EJN_QuickLinks.aspx id=24
2014-12-27 /ejn/EJN_QuickLinks.aspx id=23
2014-12-27 /ejn/EJN_StaticPage.aspx Bread=11
2014-12-27 /ejn/EJN_QuickLinks.aspx id=26
2014-12-27 /ejn/EJN_EAWWizard.aspx -
2014-12-27 /ejn/ejn_faqs.aspx -
2014-12-27 /ejn/libcategories.aspx Id=2
2014-12-27 /ejn/EJN_StaticPage.aspx Bread=5
2014-12-27 /ejn/ejn_search.aspx -
2014-12-27 /ejn/EJN_QuickLinks.aspx -
2014-12-27 /ejn/ejn_staticpage.aspx Bread=8
2014-12-27 /ejn/EJN_Faqs.aspx cat=1
2014-12-27 /ejn/EJN_Faqs.aspx cat=2
2014-12-27 /ejn/ejn_staticpage.aspx Bread=7
2014-12-27 /ejn/libdocumentproperties.aspx Id=1
2014-12-27 /ejn/libshowdocument.aspx Id=1&Lang=CS
2014-12-27 /ejn/libadvancedsearch.aspx -
2014-12-27 /ejn/libshowdocument.aspx Id=1&Lang=DE
2014-12-27 /ejn/libshowdocument.aspx Id=1&Lang=DK
2014-12-27 /ejn/ejn_staticpage.aspx Bread=4
2014-12-27 /ejn/libcategories.aspx id=1
2014-12-27 /ejn/libshowdocument.aspx Id=1&Lang=BG
2014-12-27 /ejn/ -
2014-12-27 /ejn/EJN_AtlasAdvanced.aspx -
2014-12-27 /ejn/libshowdocument.aspx Id=1&Lang=ES
2014-12-27 /ejn/libshowdocument.aspx Id=1&Lang=IT
2014-12-27 /ejn/libshowdocument.aspx Id=1&Lang=FR
2014-12-27 /ejn/libshowdocument.aspx Id=1&Lang=FI
2014-12-27 /ejn/libshowdocument.aspx Id=1&Lang=ET
2014-12-27 /ejn/libshowdocument.aspx Id=1&Lang=EL
2014-12-27 /ejn/libshowdocument.aspx Id=1&Lang=EN
2014-12-27 /ejn/libshowdocument.aspx Id=1&Lang=HR
2014-12-27 /ejn/libshowdocument.aspx Id=1&Lang=HU
2014-12-27 /ejn/libshowdocument.aspx Id=1&Lang=LT
2014-12-27 /ejn/libshowdocument.aspx Id=1&Lang=NL
2014-12-27 /ejn/libshowdocument.aspx Id=1&Lang=PL
2014-12-27 /ejn/libshowdocument.aspx Id=1&Lang=LV
2014-12-27 /ejn/libshowdocument.aspx Id=1&Lang=MT
2014-12-27 /ejn/libshowdocument.aspx Id=1&Lang=SV
2014-12-27 /ejn/libshowdocument.aspx Id=1&Lang=SK
2014-12-27 /ejn/libdocumentproperties.aspx Id=3
2014-12-27 /ejn/libshowdocument.aspx Id=1&Lang=PT
2014-12-27 /ejn/libshowdocument.aspx Id=1&Lang=SL
2014-12-27 /ejn/libshowdocument.aspx Id=1&Lang=RO
2014-12-27 /ejn/EJN_Home.aspx -
2014-12-27 /ejn/libshowdocument.aspx Id=3&Lang=EN
2014-12-27 /ejn/libshowdocument.aspx Id=3&Lang=ES
2014-12-27 /ejn/libshowdocument.aspx Id=3&Lang=EL
2014-12-27 /ejn/libshowdocument.aspx Id=3&Lang=DK
2014-12-27 /ejn/libshowdocument.aspx Id=3&Lang=CS
2014-12-27 /ejn/libshowdocument.aspx Id=3&Lang=DE
2014-12-27 /ejn/libshowdocument.aspx Id=3&Lang=BG
2014-12-27 /ejn/libshowdocument.aspx Id=3&Lang=FI
2014-12-27 /ejn/libshowdocument.aspx Id=3&Lang=FR
2014-12-27 /ejn/libshowdocument.aspx Id=3&Lang=ET
2014-12-27 /ejn/libshowdocument.aspx Id=3&Lang=PT
2014-12-27 /ejn/libshowdocument.aspx Id=3&Lang=RO
2014-12-27 /ejn/libshowdocument.aspx Id=3&Lang=MT
2014-12-27 /ejn/libshowdocument.aspx Id=3&Lang=NL
2014-12-27 /ejn/libshowdocument.aspx Id=3&Lang=LT
2014-12-27 /ejn/libshowdocument.aspx Id=3&Lang=LV
2014-12-27 /ejn/libshowdocument.aspx Id=3&Lang=IT
2014-12-27 /ejn/libshowdocument.aspx Id=3&Lang=PL
2014-12-27 /ejn/libshowdocument.aspx Id=3&Lang=HU
2014-12-27 /ejn/libshowdocument.aspx Id=3&Lang=SK
2014-12-27 /ejn/EJN_Home.aspx -
2014-12-27 /ejn/libdocumentproperties.aspx Id=787
2014-12-27 /ejn/libshowdocument.aspx Id=787&Lang=BG
2014-12-27 /ejn/libshowdocument.aspx Id=787&Lang=DK
2014-12-27 /ejn/libshowdocument.aspx Id=787&Lang=CS
2014-12-27 /ejn/libshowdocument.aspx Id=3&Lang=SV
2014-12-27 /ejn/libshowdocument.aspx Id=787&Lang=EN
2014-12-27 /ejn/libshowdocument.aspx Id=787&Lang=DE
2014-12-27 /ejn/libshowdocument.aspx Id=3&Lang=SL
2014-12-27 /ejn/libshowdocument.aspx Id=787&Lang=EL
2014-12-27 /ejn/libshowdocument.aspx Id=787&Lang=ES
2014-12-27 /ejn/libshowdocument.aspx Id=787&Lang=ET
2014-12-27 /ejn/ -
2014-12-27 /ejn/EJN_AtlasAdvanced.aspx -
2014-12-27 /ejn/Events.aspx event=261
2014-12-27 /ejn/EJN_Home.aspx -
2014-12-27 /ejn/EJN_Home.aspx -
2014-12-27 /ejn/NewsDetail.aspx id=224&Ori=H
2014-12-27 /ejn/libdocumentproperties.aspx Id=1171
2014-12-27 /ejn/libdocumentproperties.aspx Id=1407
2014-12-27 /ejn/libdocumentproperties.aspx Id=1405
2014-12-27 /ejn/libshowdocument.aspx Id=244&Lang=RO
2014-12-27 /ejn/libshowdocument.aspx Id=244&Lang=BG
2014-12-27 /ejn/newsdetail.aspx Id=276
2014-12-27 /ejn/newsdetail.aspx Id=274
2014-12-27 /ejn/newsdetail.aspx Id=275
2014-12-27 /ejn/libdocumentproperties.aspx Id=1417
2014-12-27 /ejn/libdocumentproperties.aspx Id=1408
2014-12-27 /ejn/libdocumentproperties.aspx Id=1410
2014-12-27 /ejn/libdocumentproperties.aspx Id=1411
2014-12-27 /ejn/libdocumentproperties.aspx Id=1412
2014-12-27 /ejn/libdocumentproperties.aspx Id=1413
2014-12-27 /ejn/newsdetail.aspx Id=286
2014-12-27 /ejn/newsdetail.aspx Id=283
2014-12-27 /ejn/newsdetail.aspx Id=285
2014-12-27 /ejn/libdocumentproperties.aspx Id=1418
2014-12-27 /ejn/newsdetail.aspx Id=284
2014-12-27 /ejn/libdocumentproperties.aspx Id=1453
2014-12-27 /ejn/EJN_Home.aspx -
2014-12-27 /ejn/libdocumentproperties.aspx Id=1454
2014-12-27 /ejn/ -
2014-12-27 /ejn/EJN_AtlasAdvanced.aspx -
2014-12-27 /ejn/newsdetail.aspx Id=291
2014-12-27 /ejn/newsdetail.aspx Id=298
2014-12-27 /ejn/newsdetail.aspx Id=292
2014-12-27 /ejn/newsdetail.aspx Id=287
2014-12-27 /ejn/newsdetail.aspx Id=294
2014-12-27 /ejn/newsdetail.aspx Id=293
2014-12-27 /ejn/newsdetail.aspx Id=312
2014-12-27 /ejn/newsdetail.aspx Id=309
2014-12-27 /ejn/newsdetail.aspx Id=300
2014-12-27 /ejn/newsdetail.aspx Id=299
2014-12-27 /ejn/newsdetail.aspx Id=305
2014-12-27 /ejn/newsdetail.aspx Id=310
2014-12-27 /ejn/EJN_Home.aspx -
2014-12-27 /ejn/EJN_Home.aspx -
2014-12-27 /ejn/ -
2014-12-27 /ejn/EJN_AtlasAdvanced.aspx -
2014-12-27 /ejn/EJN_Home.aspx -
2014-12-27 /ejn/ -
2014-12-27 /ejn/ -
2014-12-27 /ejn/EJN_AtlasAdvanced.aspx -
2014-12-27 /ejn/EJN_Home.aspx -
2014-12-27 /ejn/EJN_AtlasAdvanced.aspx -
2014-12-27 /ejn/newsdetail.aspx Id=313
2014-12-27 /ejn/newsdetail.aspx Id=315
2014-12-27 /ejn/newsdetail.aspx Id=321
2014-12-27 /ejn/newsdetail.aspx Id=319
2014-12-27 /ejn/newsdetail.aspx Id=320
2014-12-27 /ejn/newsdetail.aspx Id=324
2014-12-27 /ejn/newsdetail.aspx Id=325
2014-12-27 /ejn/newsdetail.aspx Id=326
2014-12-27 /ejn/libdocumentproperties.aspx Id=1495
2014-12-27 /ejn/newsdetail.aspx Id=327
2014-12-27 /ejn/libdocumentproperties.aspx Id=1504
2014-12-27 /ejn/libdocumentproperties.aspx Id=1500
2014-12-27 /ejn/libdocumentproperties.aspx Id=1507
2014-12-27 /ejn/libdocumentproperties.aspx Id=1501
2014-12-27 /ejn/libdocumentproperties.aspx Id=1502
2014-12-27 /ejn/libdocumentproperties.aspx Id=1506
2014-12-27 /ejn/libdocumentproperties.aspx Id=1503
2014-12-27 /ejn/libdocumentproperties.aspx Id=1505
2014-12-27 /ejn/newsdetail.aspx Id=331
2014-12-27 /ejn/newsdetail.aspx Id=329
2014-12-27 /ejn/newsdetail.aspx Id=330
2014-12-27 /ejn/newsdetail.aspx Id=328
2014-12-27 /ejn/Events.aspx Event=316
2014-12-27 /ejn/Events.aspx Event=317
2014-12-27 /ejn/Events.aspx Event=323
2014-12-27 /ejn/Events.aspx Event=306
2014-12-27 /ejn/Events.aspx Event=289
2014-12-27 /ejn/Events.aspx Event=280
2014-12-27 /ejn/Events.aspx Event=261
2014-12-27 /ejn/Events.aspx Event=277
2014-12-27 /ejn/NewsDetail.aspx Id=340
2014-12-27 /ejn/NewsDetail.aspx Id=339
2014-12-27 /ejn/NewsDetail.aspx Id=337
2014-12-27 /ejn/NewsDetail.aspx Id=334
2014-12-27 /ejn/NewsDetail.aspx Id=335
2014-12-27 /ejn/NewsDetail.aspx Id=336
2014-12-27 /ejn/libdocumentproperties.aspx Id=1508
2014-12-27 /ejn/libdocumentproperties.aspx Id=1511
2014-12-27 /ejn/libdocumentproperties.aspx Id=1513
2014-12-27 /ejn/libdocumentproperties.aspx Id=1512
2014-12-27 /ejn/newsdetail.aspx Id=344
2014-12-27 /ejn/libdocumentproperties.aspx Id=1510
2014-12-27 /ejn/newsdetail.aspx Id=342
2014-12-27 /ejn/libdocumentproperties.aspx Id=1514
2014-12-27 /ejn/newsdetail.aspx Id=338
2014-12-27 /ejn/newsdetail.aspx Id=343
2014-12-27 /ejn/newsdetail.aspx Id=341
2014-12-27 /ejn/newsdetail.aspx Id=333
2014-12-27 /ejn/newsdetail.aspx Id=346
2014-12-27 /ejn/libcategories.aspx Id=20
2014-12-27 /ejn/libcategories.aspx Id=51
2014-12-27 /ejn/libcategories.aspx Id=9
2014-12-27 /ejn/libcategories.aspx Id=10
2014-12-27 /ejn/libcategories.aspx Id=13
2014-12-27 /ejn/libcategories.aspx Id=11
2014-12-27 /ejn/libcategories.aspx Id=12
2014-12-27 /ejn/libcategories.aspx Id=21
2014-12-27 /ejn/libcategories.aspx Id=11
2014-12-27 /ejn/libcategories.aspx Id=12
2014-12-27 /ejn/libcategories.aspx Id=21
2014-12-27 /ejn/libshowdocument.aspx Id=1250&Lang=EN
2014-12-27 /ejn/libdocumentproperties.aspx Id=1276
2014-12-27 /ejn/libshowdocument.aspx Id=1250&Lang=FR
2014-12-27 /ejn/libshowdocument.aspx Id=1276&Lang=BG
2014-12-27 /ejn/libshowdocument.aspx Id=1276&Lang=DK
2014-12-27 /ejn/libshowdocument.aspx Id=1276&Lang=CS
2014-12-27 /ejn/libshowdocument.aspx Id=1276&Lang=DE
2014-12-27 /ejn/libshowdocument.aspx Id=1276&Lang=EL
2014-12-27 /ejn/libshowdocument.aspx Id=1276&Lang=ES
2014-12-27 /ejn/ -
2014-12-27 /ejn/libdocumentproperties.aspx Id=1250
2014-12-27 /ejn/libshowdocument.aspx Id=1276&Lang=EN
2014-12-27 /ejn/libshowdocument.aspx Id=1276&Lang=FI
2014-12-27 /ejn/libshowdocument.aspx Id=1276&Lang=FR
2014-12-27 /ejn/libshowdocument.aspx Id=1276&Lang=IT
2014-12-27 /ejn/libshowdocument.aspx Id=1276&Lang=LT
2014-12-27 /ejn/libshowdocument.aspx Id=1276&Lang=HU
2014-12-27 /ejn/libshowdocument.aspx Id=1276&Lang=MT
2014-12-27 /ejn/libshowdocument.aspx Id=1276&Lang=NL
2014-12-27 /ejn/libshowdocument.aspx Id=1276&Lang=PL
2014-12-27 /ejn/libshowdocument.aspx Id=1276&Lang=PT
2014-12-27 /ejn/libshowdocument.aspx Id=1276&Lang=RO
2014-12-27 /ejn/libshowdocument.aspx Id=1276&Lang=SK
2014-12-27 /ejn/libshowdocument.aspx Id=1276&Lang=SL
2014-12-27 /ejn/libshowdocument.aspx Id=1276&Lang=SV
2014-12-27 /ejn/libshowdocument.aspx Id=1276&Lang=ET
2014-12-27 /ejn/libshowdocument.aspx Id=1276&Lang=LV
2014-12-27 /EJN_StaticPage.aspx Bread=1
2014-12-27 /ejn/EJN_Home.aspx -
2014-12-27 /ejn/ -
2014-12-27 /ejn/EJN_AtlasAdvanced.aspx -
2014-12-27 /ejn/EJN_Home.aspx -
2014-12-27 /ejn/libshowdocument.aspx Id=1276&Lang=HR
2014-12-27 /ejn/EJN_Secretariat.aspx -
2014-12-27 /ejn/EJN_Home.aspx -
2014-12-27 /ejn/EJN_AtlasAdvanced.aspx -
2014-12-27 /ejn/ -
2014-12-27 /ejn/EJN_Home.aspx -
2014-12-27 /ejn/EJN_AtlasAdvanced.aspx -
2014-12-27 /ejn/ -
2014-12-27 /ejn/EJN_AtlasAdvanced.aspx -
2014-12-27 /ejn/EJN_Home.aspx -
2014-12-27 /ejn/EJN_Home.aspx -
2014-12-27 /ejn/ -
2014-12-27 /ejn/EJN_AtlasAdvanced.aspx -
2014-12-27 /ejn/EJN_Home.aspx -
2014-12-27 /ejn/ -
2014-12-27 /ejn/EJN_AtlasAdvanced.aspx -
2014-12-27 /ejn/EJN_Home.aspx -
2014-12-27 /ejn/EJN_AtlasAdvancedOld.aspx ctyCode=SK
2014-12-27 /ejn/ -
2014-12-27 /ejn/EJN_AtlasAdvanced.aspx -
2014-12-27 /ejn/EJN_Home.aspx -
2014-12-27 /ejn/EJN_Home.aspx -
2014-12-27 /ejn/EJN_Home.aspx -
2014-12-27 /ejn/EJN_AtlasAdvanced.aspx -
2014-12-27 /ejn/ -
2014-12-27 /ejn/EJN_Home.aspx -
2014-12-27 /ejn/ -
2014-12-27 /ejn/ -
2014-12-27 /ejn/EJN_AtlasAdvanced.aspx -
2014-12-27 /ejn/EJN_Home.aspx -
2014-12-27 /ejn/EJN_Home.aspx -
2014-12-27 /ejn/EJN_Home.aspx -
2014-12-27 /ejn/EJN_AtlasAdvanced.aspx -
2014-12-27 /ejn/ -
2014-12-27 /ejn/EJN_StaticPage.aspx Bread=12
2014-12-27 /ejn/EJN_Home.aspx -
2014-12-27 /ejn/EJN_StaticPage.aspx Bread=8
2014-12-27 /ejn/EJN_StaticPage.aspx Bread=7
2014-12-27 /ejn/sitemap.aspx -
2014-12-27 /ejn/EJN_Faqs.aspx -
2014-12-27 /ejn/EJN_Search.aspx -
2014-12-27 /ejn/EJN_ContactUs.aspx &KeepThis=true&TB_iframe=true&height=650&width=900
2014-12-27 /ejn/EJN_StaticPage.aspx Bread=4
2014-12-27 /ejn/ejn_home.aspx -
2014-12-27 /ejn/libcategories.aspx Id=14
2014-12-27 /ejn/EJN_AtlasAdvanced.aspx -
2014-12-27 /ejn/EJN_Home.aspx -
2014-12-27 /ejn/ -
2014-12-27 /ejn/EJN_AtlasAdvanced.aspx -
2014-12-27 /ejn/EJN_Home.aspx -
2014-12-27 /ejn/EJN_Home.aspx -
2014-12-27 /ejn/ -
2014-12-27 /ejn/EJN_AtlasAdvanced.aspx -
2014-12-27 /ejn/EJN_Home.aspx -
2014-12-27 /ejn/ -
2014-12-27 /atlas_advanced.aspx -
2014-12-27 /atlas_advanced.aspx -
2014-12-27 /ejn/ -
2014-12-27 /ejn/ -
2014-12-27 /ejn/EJN_AtlasAdvanced.aspx -
2014-12-27 /atlas_advanced.aspx -
2014-12-27 /atlas_advanced.aspx -
2014-12-27 /ejn/EJN_Home.aspx -
2014-12-27 /ejn/AtlasChooseCountry.aspx -
2014-12-27 /ejn/EJN_Home.aspx -
2014-12-27 /ejn/ -
2014-12-27 /ejn/libshowdocument.aspx Id=247&Lang=BG
2014-12-27 /ejn/libshowdocument.aspx Id=247&Lang=BG
2014-12-27 /ejn/EJN_Home.aspx -
2014-12-27 /ejn/ -
2014-12-27 /ejn/EJN_AtlasAdvanced.aspx -
2014-12-27 /ejn/EJN_Home.aspx -
2014-12-27 /ejn/ -
2014-12-27 /ejn/EJN_Home.aspx -
2014-12-27 /ejn/ -
2014-12-27 /ejn/EJN_AtlasAdvanced.aspx -
2014-12-27 /ejn/EJN_Home.aspx -
2014-12-27 /ejn/ -
2014-12-27 /ejn/EJN_AtlasAdvanced.aspx -
2014-12-27 /ejn/ -
2014-12-27 /ejn/EJN_Home.aspx -
2014-12-27 /ejn/Events.aspx event=296
2014-12-27 /ejn/EJN_Home.aspx -
2014-12-27 /ejn/EJN_Home.aspx -
2014-12-27 /ejn/ -
2014-12-27 /ejn/EJN_AtlasAdvanced.aspx -
2014-12-27 /ejn/EJN_Home.aspx -
2014-12-27 /ejn/EJN_AtlasAdvanced.aspx -
2014-12-27 /ejn/ -
2014-12-27 /ejn/EJN_AtlasAdvanced.aspx -
2014-12-27 /ejn/EJN_Home.aspx -
2014-12-27 /ejn/EJN_Home.aspx -
2014-12-27 /ejn/EJN_Home.aspx -
2014-12-27 /ejn/ -
2014-12-27 /ejn/EJN_AtlasAdvanced.aspx -
2014-12-27 /ejn/EJN_Home.aspx -
2014-12-27 /ejn/ -
2014-12-27 /ejn/EJN_AtlasAdvanced.aspx -
2014-12-27 /ejn/EJN_Home.aspx -
2014-12-27 /ejn/ -
2014-12-27 /ejn/EJN_AtlasAdvanced.aspx -
2014-12-27 /ejn/EJN_Home.aspx -
2014-12-27 /ejn/EJN_Home.aspx -
2014-12-27 /ejn/ -
2014-12-27 /ejn/EJN_AtlasAdvanced.aspx -
2014-12-27 /ejn/EJN_Home.aspx -
2014-12-27 /ejn/EJN_StaticPage.aspx Bread=35
2014-12-27 /ejn/EJN_Home.aspx -
2014-12-27 /ejn/EJN_Home.aspx -
2014-12-27 /ejn/ -
2014-12-27 /ejn/EJN_AtlasAdvanced.aspx -
2014-12-27 /ejn/ -
2014-12-27 /ejn/EJN_News.aspx id=52
2014-12-27 /ejn/EJN_Home.aspx -
2014-12-27 /ejn/EJN_Home.aspx -
2014-12-27 /ejn/ -
2014-12-27 /ejn/EJN_AtlasAdvanced.aspx -
2014-12-27 /ejn/EJN_News.aspx id=52
2014-12-27 /ejn/NewsDetail.aspx id=327&Ori=H
2014-12-27 /ejn/EJN_Home.aspx -
2014-12-27 /ejn/EJN_StaticPage.aspx Bread=8
2014-12-27 /ejn/EJN_StaticPage.aspx Bread=7
2014-12-27 /ejn/sitemap.aspx -
2014-12-27 /ejn/EJN_Faqs.aspx -
2014-12-27 /ejn/EJN_Search.aspx -
2014-12-27 /ejn/EJN_ContactUs.aspx &KeepThis=true&TB_iframe=true&height=650&width=900
2014-12-27 /ejn/EJN_StaticPage.aspx Bread=4
2014-12-27 /ejn/ejn_home.aspx -
2014-12-27 /ejn/libcategories.aspx Id=14
2014-12-27 /ejn/EJN_Home.aspx -
2014-12-27 /ejn/ -
2014-12-27 /ejn/EJN_AtlasAdvanced.aspx -
2014-12-27 /ejn/EJN_AtlasAdvanced.aspx -
2014-12-27 /ejn/EJN_Home.aspx -
2014-12-27 /ejn/ -
2014-12-27 /ejn/EJN_Home.aspx -
2014-12-27 /ejn/EJN_Home.aspx -
2014-12-27 /ejn/ -
2014-12-27 /ejn/EJN_Home.aspx -
2014-12-27 /ejn/EJN_Home.aspx -
2014-12-27 /ejn/EJN_Home.aspx -
2014-12-27 /ejn/EJN_Home.aspx -
2014-12-27 /ejn/EJN_Home.aspx -
2014-12-27 /ejn/EJN_Home.aspx -
2014-12-27 /ejn/ -
2014-12-27 /ejn/ -
2014-12-27 /ejn/EJN_Home.aspx -
2014-12-27 /ejn/EJN_Compendium.aspx -
2014-12-27 /ejn/ctrls.compendium/IframeEngine.aspx -
2014-12-27 /ejn/ -
2014-12-27 /ejn/ -
2014-12-27 /ejn/AtlasChooseMeasure.aspx Mp=1&Cou=FR&Type=2
2014-12-27 /ejn/AtlasChooseMeasure.aspx Mp=1&Cou=FR&Type=2
2014-12-27 /ejn/EJN_Library_StatusOfImpByCou.aspx CountryId=273
2014-12-27 /ejn/EJN_Home.aspx -
2014-12-27 /ejn/ -
2014-12-27 /ejn/EJN_AtlasAdvanced.aspx -
2014-12-27 /ejn/ -
2014-12-27 /ejn/EJN_AtlasAdvanced.aspx -
2014-12-27 /ejn/ -
2014-12-27 /ejn/EJN_Home.aspx -
2014-12-27 /ejn/EJN_Home.aspx -
2014-12-27 /ejn/AtlasChooseCountry.aspx Type=2
2014-12-27 /ejn/EJN_Home.aspx -
2014-12-27 /ejn/ -
2014-12-27 /ejn/EJN_Home.aspx -
2014-12-27 /ejn/ -
2014-12-27 /ejn/EJN_AtlasAdvanced.aspx -
2014-12-27 /ejn/EJN_AtlasAdvanced.aspx -
2014-12-27 /ejn/ -
2014-12-27 /ejn/ -
2014-12-27 /ejn/EJN_Home.aspx -
2014-12-27 /ejn/EJN_Home.aspx -
2014-12-27 /ejn/EJN_Home.aspx -
2014-12-27 /ejn/EJN_Home.aspx -
2014-12-27 /ejn/EJN_Home.aspx -
2014-12-27 /ejn/EJN_Home.aspx -
2014-12-27 /ejn/EJN_Home.aspx -
2014-12-27 /ejn/EJN_StaticPage.aspx Bread=35
2014-12-27 /ejn/EJN_Home.aspx -
2014-12-27 /ejn/EJN_SubscribeNewsLetter.aspx -
2014-12-27 /ejn/EJN_AtlasAdvanced.aspx -
2014-12-27 /ejn/ -
2014-12-27 /ejn/EJN_Home.aspx -
2014-12-27 /ejn/ -
2014-12-27 /ejn/EJN_Home.aspx -
2014-12-27 /ejn/ -
2014-12-27 /ejn/EJN_AtlasAdvanced.aspx -
2014-12-27 /ejn/EJN_Home.aspx -
2014-12-27 /ejn/EJN_Home.aspx -
2014-12-27 /ejn/EJN_AtlasAdvanced.aspx -
2014-12-27 /ejn/ -
2014-12-27 /ejn/EJN_Home.aspx -
2014-12-27 /ejn/EJN_AtlasAdvanced.aspx -
2014-12-27 /ejn/ -
2014-12-27 /ejn/EJN_AtlasAdvanced.aspx -
2014-12-27 /ejn/EJN_Home.aspx -
2014-12-27 /ejn/ -
2014-12-27 /ejn/EJN_Home.aspx -
2014-12-27 /ejn/EJN_Home.aspx -
2014-12-27 /ejn/AtlasChooseMeasure.aspx Mp=1&Cou=RO&Type=2
2014-12-27 /ejn/AtlasChooseMeasure.aspx Mp=1&Cou=RO&Type=2
2014-12-27 /ejn/AtlasChooseMeasure.aspx Mp=1&Cou=RO&Type=2
2014-12-27 /ejn/AtlasSelection.aspx -
2014-12-27 /ejn/AtlasSelection.aspx -
2014-12-27 /ejn/AtlasSelection.aspx -
2014-12-27 /ejn/AtlasSelection.aspx -
2014-12-27 /ejn/AtlasSelection.aspx -
2014-12-27 /ejn/AtlasChooseAuthority.aspx -
2014-12-27 /ejn/AtlasChooseAuthority.aspx/GetLocations -
2014-12-27 /ejn/AtlasChooseAuthority.aspx/GetLocations -
2014-12-27 /ejn/AtlasChooseAuthority.aspx -
2014-12-27 /ejn/AtlasAuthorityData.aspx Id=3544
2014-12-27 /ejn/EJN_Home.aspx -
2014-12-27 /ejn/AtlasSelection.aspx -
2014-12-27 /ejn/AtlasSelection.aspx -
2014-12-27 /ejn/AtlasChooseAuthority.aspx -
2014-12-27 /ejn/AtlasChooseAuthority.aspx/GetLocations -
2014-12-27 /ejn/AtlasChooseAuthority.aspx/GetLocations -
2014-12-27 /ejn/AtlasChooseAuthority.aspx/GetLocations -
2014-12-27 /ejn/AtlasChooseAuthority.aspx/GetLocations -
2014-12-27 /ejn/AtlasChooseAuthority.aspx/GetLocations -
2014-12-27 /ejn/AtlasChooseAuthority.aspx -
2014-12-27 /ejn/AtlasAuthorityData.aspx Id=3653
2014-12-27 /ejn/AtlasChooseAuthority.aspx -
2014-12-27 /ejn/AtlasChooseAuthority.aspx -
2014-12-27 /ejn/AtlasSelection.aspx Option=AuthorityType
2014-12-27 /ejn/AtlasSelection.aspx Option=AuthorityType
2014-12-27 /ejn/AtlasSelection.aspx Option=AuthorityType
2014-12-27 /ejn/AtlasAuthorityData.aspx Id=5340
2014-12-27 /ejn/AtlasSelection.aspx Option=AuthorityType
2014-12-27 /ejn/AtlasSelection.aspx Option=AuthorityType
2014-12-27 /ejn/AtlasSelection.aspx Option=AuthorityType
2014-12-27 /ejn/AtlasChooseAuthority.aspx -
2014-12-27 /ejn/AtlasChooseAuthority.aspx/GetLocations -
2014-12-27 /ejn/AtlasChooseAuthority.aspx/GetLocations -
2014-12-27 /ejn/AtlasChooseAuthority.aspx -
2014-12-27 /ejn/AtlasAuthorityData.aspx Id=3544
2014-12-27 /ejn/AtlasAuthorityData.aspx Id=3544
2014-12-27 /ejn/AtlasAuthorityData.aspx Id=3544
2014-12-27 /ejn/EJN_Home.aspx -
2014-12-27 /ejn/EJN_Home.aspx -
2014-12-27 /ejn/Events.aspx event=280
2014-12-27 /ejn/EJN_Home.aspx -
2014-12-27 /ejn/EJN_Home.aspx -
2014-12-27 /ejn/ -
2014-12-27 /ejn/EJN_EAWWizard.aspx -
2014-12-27 /ejn/EJN_Home.aspx -
2014-12-27 /ejn/EJN_Home.aspx -
2014-12-27 /ejn/EJN_AtlasAdvanced.aspx -
2014-12-27 /ejn/ -
2014-12-27 /ejn/NewsDetail.aspx Ori=H&id=276
2014-12-27 /ejn/EJN_Home.aspx -
2014-12-27 /ejn/EJN_StaticPage.aspx Bread=16
2014-12-27 /ejn/EJN_Home.aspx -
2014-12-27 /ejn/EJN_Home.aspx -
2014-12-27 /ejn/ -
2014-12-27 /ejn/EJN_AtlasAdvanced.aspx -
2014-12-27 /ejn/ -
2014-12-27 /ejn/EJN_Home.aspx -
2014-12-27 /ejn/EJN_Home.aspx -
2014-12-27 /ejn/ -
2014-12-27 /ejn/EJN_AtlasAdvanced.aspx -
2014-12-27 /ejn/EJN_Home.aspx -
2014-12-27 /ejn/EJN_AtlasAdvanced.aspx -
2014-12-27 /ejn/ -
2014-12-27 /ejn/EJN_AtlasAdvanced.aspx -
2014-12-27 /ejn/EJN_Home.aspx -
2014-12-27 /ejn/Gallery.aspx -
2014-12-27 /ejn/EJN_Home.aspx -
2014-12-27 /ejn/EJN_Home.aspx -
2014-12-27 /ejn/EJN_Home.aspx -
2014-12-27 /EAW_atlas.aspx -
2014-12-27 /ejn/EJN_Home.aspx -
2014-12-27 /ejn/EJN_Home.aspx -
2014-12-27 /ejn/EJN_Home.aspx -
2014-12-27 /ejn/EJN_Home.aspx -
2014-12-27 /ejn/EJN_QuickLinks.aspx id=25
2014-12-27 /ejn/EJN_Home.aspx -
2014-12-27 /ejn/EJN_Home.aspx -
2014-12-27 /ejn/ -
2014-12-27 /ejn/EJN_Home.aspx -
2014-12-27 /ejn/EJN_AtlasAdvanced.aspx -
2014-12-27 /ejn/ -
2014-12-27 /ejn/EJN_Home.aspx -
2014-12-27 /ejn/ -
2014-12-27 /ejn/EJN_AtlasAdvanced.aspx -
2014-12-27 /ejn/EJN_Home.aspx -
2014-12-27 /ejn/EJN_AtlasAdvanced.aspx -
2014-12-27 /ejn/EJN_Home.aspx -
2014-12-27 /ejn/ -
2014-12-27 /ejn/ -
2014-12-27 /ejn/EJN_AtlasAdvanced.aspx -
2014-12-27 /ejn/EJN_StaticPage.aspx Bread=14
2014-12-27 /ejn/EJN_Home.aspx -
2014-12-27 /ejn/EJN_Home.aspx -
2014-12-27 /ejn/ -
2014-12-27 /ejn/EJN_AtlasAdvanced.aspx -
2014-12-27 /ejn/EJN_Home.aspx -
2014-12-27 /ejn/Events.aspx event=273
2014-12-27 /ejn/EJN_Home.aspx -
2014-12-27 /ejn/ -
2014-12-27 /ejn/ -
2014-12-27 /ejn/EJN_AtlasAdvanced.aspx -
2014-12-27 /ejn/EJN_Home.aspx -
2014-12-27 /ejn/ -
2014-12-27 /ejn/EJN_AtlasAdvanced.aspx -
2014-12-27 /ejn/EJN_Home.aspx -
2014-12-27 /ejn/EJN_Home.aspx -
2014-12-27 /ejn/EJN_Home.aspx -
2014-12-27 /ejn/ -
2014-12-27 /ejn/ -
2014-12-27 /ejn/ ++Culture:ESSessionId:tkf5kpwjmfuzn3ir4hek3nogDate_Time:12:19
2014-12-27 /ejn/ -
2014-12-27 /ejn/ -
2014-12-27 /ejn/EJN_AtlasAdvanced.aspx -
2014-12-27 /ejn/AtlasChooseCountry.aspx Type=2
2014-12-27 /ejn/AtlasChooseCountry.aspx Type=2
2014-12-27 /ejn/AtlasChooseMeasure.aspx MP=0&Cou=273
2014-12-27 /ejn/AtlasChooseMeasure.aspx MP=0&Cou=273
2014-12-27 /ejn/AtlasChooseMeasure.aspx MP=0&Cou=273
2014-12-27 /ejn/EJN_FichesBelgesResult.aspx measure=709&country=273&other=-1
2014-12-27 /ejn/AtlasChooseMeasure.aspx MP=0&Cou=273
2014-12-27 /ejn/AtlasSelection.aspx -
2014-12-27 /ejn/AtlasSelection.aspx -
2014-12-27 /ejn/AtlasSelection.aspx -
2014-12-27 /ejn/AtlasSelection.aspx -
2014-12-27 /ejn/AtlasSelection.aspx -
2014-12-27 /ejn/AtlasChooseAuthority.aspx -
2014-12-27 /ejn/AtlasChooseAuthority.aspx/GetLocations -
2014-12-27 /ejn/AtlasChooseAuthority.aspx -
2014-12-27 /ejn/AtlasChooseAuthority.aspx/GetLocations -
2014-12-27 /ejn/AtlasChooseAuthority.aspx/GetLocations -
2014-12-27 /ejn/AtlasChooseAuthority.aspx -
2014-12-27 /ejn/EJN_Home.aspx -
2014-12-27 /ejn/AtlasChooseAuthority.aspx -
2014-12-27 /ejn/ -
2014-12-27 /ejn/AtlasChooseAuthority.aspx -
2014-12-27 /ejn/AtlasChooseAuthority.aspx -
2014-12-27 /ejn/AtlasChooseAuthority.aspx/GetLocations -
2014-12-27 /ejn/AtlasChooseAuthority.aspx -
2014-12-27 /ejn/EJN_AtlasAdvanced.aspx -
2014-12-27 /ejn/ -
2014-12-27 /ejn/EJN_Home.aspx -
2014-12-27 /ejn/AtlasChooseAuthority.aspx -
2014-12-27 /ejn/AtlasChooseAuthority.aspx -
2014-12-27 /ejn/AtlasChooseAuthority.aspx/GetLocations -
2014-12-27 /ejn/AtlasChooseAuthority.aspx -
2014-12-27 /ejn/AtlasChooseAuthority.aspx -
2014-12-27 /ejn/EJN_Home.aspx -
2014-12-27 /ejn/AtlasChooseAuthority.aspx/GetLocations -
2014-12-27 /ejn/AtlasChooseAuthority.aspx -
2014-12-27 /ejn/AtlasChooseAuthority.aspx -
2014-12-27 /ejn/AtlasChooseAuthority.aspx -
2014-12-27 /ejn/AtlasChooseAuthority.aspx -
2014-12-27 /ejn/AtlasChooseAuthority.aspx -
2014-12-27 /ejn/AtlasChooseMeasure.aspx MP=0&Cou=273
2014-12-27 /ejn/EJN_Home.aspx -
2014-12-27 /ejn/ -
2014-12-27 /ejn/EJN_AtlasAdvanced.aspx -
2014-12-27 /ejn/ -
2014-12-27 /ejn/EJN_AtlasAdvanced.aspx -
2014-12-27 /ejn/EJN_Home.aspx -
2014-12-27 /ejn/ -
2014-12-27 /ejn/ -
2014-12-27 /ejn/AtlasChooseCountry.aspx Type=2
2014-12-27 /ejn/AtlasChooseCountry.aspx Type=2
2014-12-27 /ejn/AtlasChooseMeasure.aspx MP=0&Cou=273
2014-12-27 /ejn/AtlasChooseMeasure.aspx MP=0&Cou=273
2014-12-27 /ejn/AtlasChooseMeasure.aspx MP=0&Cou=273
2014-12-27 /ejn/AtlasChooseMeasure.aspx MP=0&Cou=273
2014-12-27 /ejn/AtlasSelection.aspx -
2014-12-27 /ejn/AtlasSelection.aspx -
2014-12-27 /ejn/AtlasSelection.aspx -
2014-12-27 /ejn/AtlasSelection.aspx -
2014-12-27 /ejn/AtlasSelection.aspx -
2014-12-27 /ejn/AtlasChooseAuthority.aspx -
2014-12-27 /ejn/ -
2014-12-27 /ejn/EJN_AtlasAdvanced.aspx -
2014-12-27 /ejn/AtlasChooseAuthority.aspx -
2014-12-27 /ejn/AtlasChooseAuthority.aspx -
2014-12-27 /ejn/AtlasChooseAuthority.aspx -
2014-12-27 /ejn/AtlasChooseAuthority.aspx -
2014-12-27 /ejn/AtlasChooseAuthority.aspx -
2014-12-27 /ejn/AtlasChooseAuthority.aspx/GetLocations -
2014-12-27 /ejn/AtlasChooseAuthority.aspx/GetLocations -
2014-12-27 /ejn/AtlasChooseAuthority.aspx/GetLocations -
2014-12-27 /ejn/AtlasChooseAuthority.aspx -
2014-12-27 /ejn/AtlasChooseAuthority.aspx/GetLocations -
2014-12-27 /ejn/AtlasChooseAuthority.aspx/GetLocations -
2014-12-27 /ejn/AtlasChooseAuthority.aspx/GetLocations -
2014-12-27 /ejn/AtlasChooseAuthority.aspx -
2014-12-27 /ejn/AtlasChooseAuthority.aspx -
2014-12-27 /ejn/AtlasChooseAuthority.aspx -
2014-12-27 /ejn/AtlasChooseAuthority.aspx -
2014-12-27 /ejn/AtlasChooseAuthority.aspx -
2014-12-27 /ejn/AtlasChooseAuthority.aspx -
2014-12-27 /ejn/AtlasChooseAuthority.aspx/GetLocations -
2014-12-27 /ejn/AtlasChooseAuthority.aspx -
2014-12-27 /ejn/EJN_Home.aspx -
2014-12-27 /atlas_advanced.aspx -
2014-12-27 /atlas_advanced.aspx -
2014-12-27 /ejn/ -
2014-12-27 /ejn/EJN_Home.aspx -
2014-12-27 /atlas_advanced.aspx -
2014-12-27 /atlas_advanced.aspx -
2014-12-27 /ejn/ -
2014-12-27 /ejn/EJN_AtlasAdvanced.aspx -
2014-12-27 /ejn/EJN_StaticPage.aspx Bread=16
2014-12-27 /ejn/EJN_Home.aspx -
2014-12-27 /ejn/ -
2014-12-27 /ejn/EJN_Home.aspx -
2014-12-27 /ejn/ -
2014-12-27 /ejn/EJN_AtlasAdvanced.aspx -
2014-12-27 /ejn/AtlasChooseAuthority.aspx -
2014-12-27 /ejn/AtlasChooseAuthority.aspx -
2014-12-27 /ejn/AtlasChooseAuthority.aspx -
2014-12-27 /ejn/AtlasChooseAuthority.aspx/GetLocations -
2014-12-27 /ejn/AtlasChooseAuthority.aspx -
2014-12-27 /ejn/AtlasChooseAuthority.aspx -
2014-12-27 /ejn/AtlasChooseAuthority.aspx/GetLocations -
2014-12-27 /ejn/EJN_Home.aspx -
2014-12-27 /ejn/AtlasChooseAuthority.aspx -
2014-12-27 /ejn/AtlasChooseAuthority.aspx -
2014-12-27 /ejn/AtlasChooseAuthority.aspx -
2014-12-27 /ejn/AtlasChooseAuthority.aspx -
2014-12-27 /ejn/EJN_Home.aspx -
2014-12-27 /ejn/EJN_AtlasAdvanced.aspx -
2014-12-27 /ejn/ -
2014-12-27 /ejn/EJN_Home.aspx -
2014-12-27 /ejn/EJN_Home.aspx -
2014-12-27 /ejn/ -
2014-12-27 /ejn/ -
2014-12-27 /ejn/libshowdocument.aspx Id=13&Lang=LV
2014-12-27 /ejn/ -
2014-12-27 /ejn/EJN_AtlasAdvanced.aspx -
2014-12-27 /ejn/EJN_Home.aspx -
2014-12-27 /ejn/ -
2014-12-27 /ejn/EJN_Home.aspx -
2014-12-27 /ejn/ -
2014-12-27 /ejn/ -
2014-12-27 /ejn/EJN_AtlasAdvanced.aspx -
2014-12-27 /ejn/EJN_Home.aspx -
2014-12-27 /ejn/ -
2014-12-27 /ejn/EJN_Home.aspx -
2014-12-27 /ejn/Events.aspx event=318
2014-12-27 /ejn/EJN_Home.aspx -
2014-12-27 /ejn/NewsDetail.aspx Ori=H&id=284
2014-12-27 /ejn/EJN_Home.aspx -
2014-12-27 /ejn/EJN_AtlasAdvanced.aspx -
2014-12-27 /ejn/EJN_AtlasAdvanced.aspx -
2014-12-27 /ejn/ -
2014-12-27 /ejn/EJN_Home.aspx -
2014-12-27 /ejn/EJN_AtlasAdvanced.aspx -
2014-12-27 /ejn/EJN_Home.aspx -
2014-12-27 /ejn/ -
2014-12-27 /ejn/ -
2014-12-27 /ejn/ -
2014-12-27 /ejn/EJN_AtlasAdvanced.aspx -
2014-12-27 /ejn/EJN_Home.aspx -
2014-12-27 /ejn/EJN_Home.aspx -
2014-12-27 /ejn/ -
2014-12-27 /ejn/EJN_AtlasAdvanced.aspx -
2014-12-27 /ejn/EJN_StaticPage.aspx Bread=34
2014-12-27 /ejn/EJN_Home.aspx -
2014-12-27 /atlas_advanced.aspx -
2014-12-27 /ejn/EJN_Home.aspx -
2014-12-27 /ejn/EJN_StaticPage.aspx Bread=22
2014-12-27 /ejn/EJN_Home.aspx -
2014-12-27 /ejn/EJN_Home.aspx -
2014-12-27 /ejn/ -
2014-12-27 /ejn/EJN_AtlasAdvanced.aspx -
2014-12-27 /ejn/AtlasChooseCountry.aspx Type=2
2014-12-27 /ejn/EJN_AtlasAdvancedOld.aspx ctyCode=IT
2014-12-27 /ejn/ -
2014-12-27 /ejn/EJN_StaticPage.aspx Bread=24
2014-12-27 /ejn/EJN_Home.aspx -
2014-12-27 /ejn/EJN_Home.aspx -
2014-12-27 /ejn/ -
2014-12-27 /ejn/EJN_AtlasAdvanced.aspx -
2014-12-27 /ejn/EJN_Home.aspx -
2014-12-27 /ejn/ -
2014-12-27 /ejn/AtlasChooseMeasure.aspx Mp=1&Cou=SI&Type=2
2014-12-27 /ejn/EJN_FichesBelgesResult.aspx measure=101&country=369&other=-1
2014-12-27 /ejn/ -
2014-12-27 /ejn/EJN_AtlasAdvanced.aspx -
2014-12-27 /ejn/EJN_Home.aspx -
2014-12-27 /ejn/ -
2014-12-27 /ejn/EJN_Secretariat.aspx -
2014-12-27 /ejn/NewsDetail.aspx id=344&Ori=H
2014-12-27 /ejn/ -
2014-12-27 /ejn/EJN_Secretariat.aspx -
2014-12-27 /ejn/EJN_StaticPage.aspx Bread=2
2014-12-27 /NewsDetail.aspx id=342&Ori=H
2014-12-27 /ejn/Events.aspx event=132
2014-12-27 /ejn/EJN_Home.aspx -
2014-12-27 /ejn/ejn_home.aspx -
2014-12-27 /ejn/EJN_Home.aspx -
2014-12-27 /ejn/NewsDetail.aspx id=99&Ori=H
2014-12-27 /ejn/Events.aspx event=143
2014-12-27 /ejn/Events.aspx event=256
2014-12-27 /ejn/NewsDetail.aspx id=113&Ori=H
2014-12-27 /ejn/NewsAll.aspx -
2014-12-27 /NewsDetail.aspx id=339&Ori=H
2014-12-27 /ejn/Events.aspx event=322
2014-12-27 /NewsDetail.aspx id=330&Ori=H
2014-12-27 /ejn/Events.aspx -
2014-12-27 /Events.aspx event=318
2014-12-27 /ejn/Events.aspx event=258
2014-12-27 /ejn/libcategories.aspx Id=2
2014-12-27 /ejn/NewsAll.aspx Id=3
2014-12-27 /ejn/EJN_EAWAtlasOld.aspx ctyCode=
2014-12-27 /ejn/NewsDetail.aspx id=94&Ori=H
2014-12-27 /ejn/Events.aspx event=222
2014-12-27 /ejn/NewsDetail.aspx id=88&Ori=H
2014-12-27 /ejn/EJN_ContactUs.aspx -
2014-12-27 /ejn/NewsAll.aspx Id=4
2014-12-27 /ejn/EJN_Compendium.aspx -
2014-12-27 /ejn/EJN_AtlasAdvanced.aspx -
2014-12-27 /ejn/NewsDetail.aspx id=341&Ori=H
2014-12-27 /NewsDetail.aspx id=326&Ori=H
2014-12-27 /ejn/Events.aspx event=175
2014-12-27 /NewsDetail.aspx id=319&Ori=H
2014-12-27 /ejn/NewsDetail.aspx id=55
2014-12-27 /ejn/Events.aspx event=121
2014-12-27 /ejn/ -
2014-12-27 /ejn/EJN_AtlasAdvanced.aspx -
2014-12-27 /ejn/EJN_Home.aspx -
2014-12-27 /ejn/EJN_Home.aspx -
2014-12-27 /ejn/ -
2014-12-27 /ejn/EJN_AtlasAdvanced.aspx -
2014-12-27 /ejn/EJN_Home.aspx -
2014-12-27 /ejn/EJN_AtlasAdvanced.aspx -
2014-12-27 /NewsDetail.aspx id=343&Ori=H
2014-12-27 /ejn/Events.aspx event=318
2014-12-27 /Events.aspx event=322
2014-12-27 /ejn/NewsDetail.aspx id=344&Ori=H
2014-12-27 /ejn/ -
2014-12-27 /ejn/EJN_Home.aspx -
2014-12-27 /ejn/ -
2014-12-27 /ejn/EJN_AtlasAdvanced.aspx -
2014-12-27 /ejn/EJN_Home.aspx -
2014-12-27 /ejn/EJN_Home.aspx -
2014-12-27 /ejn/EJN_Home.aspx -
2014-12-27 /ejn/NewsDetail.aspx id=243&Ori=H
2014-12-27 /ejn/EJN_Home.aspx -
2014-12-27 /ejn/EJN_Home.aspx -
2014-12-27 /ejn/EJN_Home.aspx -
2014-12-27 /ejn/NewsDetail.aspx Ori=H&id=336
2014-12-27 /ejn/EJN_Home.aspx -
2014-12-27 /ejn/EJN_QuickLinks.aspx id=23
2014-12-27 /ejn/EJN_Home.aspx -
2014-12-27 /ejn/EJN_Home.aspx -
2014-12-27 /ejn/ -
2014-12-27 /ejn/EJN_Home.aspx -
2014-12-27 /ejn/ -
2014-12-27 /ejn/EJN_Home.aspx -
2014-12-27 /ejn/EJN_Home.aspx -
2014-12-27 /ejn/Events.aspx Id=6
2014-12-27 /ejn/EJN_Home.aspx -
2014-12-27 /ejn/EJN_AtlasAdvanced.aspx -
2014-12-27 /ejn/EJN_Home.aspx -
2014-12-27 /ejn/EJN_Home.aspx -
2014-12-27 /ejn/EJN_Home.aspx -
2014-12-27 /ejn/EJN_Home.aspx -
2014-12-27 /ejn/EJN_Home.aspx -
2014-12-27 /ejn/EJN_Home.aspx -
2014-12-27 /ejn/EJN_Home.aspx -
2014-12-27 /ejn/EJN_Home.aspx -
2014-12-27 /ejn/ -
2014-12-27 /ejn/ -
2014-12-27 /ejn/ -
2014-12-27 /ejn/EJN_Home.aspx -
2014-12-27 /ejn/EJN_Home.aspx -
2014-12-27 /ejn/ -
2014-12-27 /ejn/EJN_Home.aspx -
2014-12-27 /ejn/EJN_Home.aspx -
2014-12-27 /ejn/EJN_Home.aspx -
2014-12-27 /ejn/EJN_Home.aspx -
2014-12-27 /ejn/EJN_Home.aspx -
2014-12-27 /ejn/ -
2014-12-27 /ejn/EJN_Home.aspx -
2014-12-27 /ejn/EJN_Home.aspx -
2014-12-27 /ejn/EJN_Home.aspx -
2014-12-27 /ejn/EJN_Home.aspx -
2014-12-27 /ejn/EJN_AtlasAdvanced.aspx -
2014-12-27 /ejn/AtlasChooseCountry.aspx -
2014-12-27 /ejn/EJN_Home.aspx -
2014-12-27 /ejn/EJN_Home.aspx -
2014-12-27 /ejn/EJN_Home.aspx -
2014-12-27 /ejn/ -
2014-12-27 /ejn/EJN_EAWAtlas.aspx -
2014-12-27 /ejn/EJN_Error.aspx -
2014-12-27 /ejn/EJN_Home.aspx -
2014-12-27 /ejn/EJN_Home.aspx -
2014-12-27 /ejn/EJN_Home.aspx -
2014-12-27 /ejn/EJN_Home.aspx -
2014-12-27 /ejn/EJN_Home.aspx -
2014-12-27 /ejn/ -
2014-12-27 /ejn/EJN_Home.aspx -
2014-12-27 /ejn/EJN_Home.aspx -
2014-12-27 /ejn/EJN_Home.aspx -
2014-12-27 /ejn/EJN_Home.aspx -
2014-12-27 /ejn/EJN_Home.aspx -
2014-12-27 /ejn/EJN_StaticPage.aspx Bread=4
2014-12-27 /ejn/EJN_Home.aspx -
2014-12-27 /ejn/ -
2014-12-27 /ejn/EJN_Home.aspx -
2014-12-27 /ejn/EJN_Home.aspx -
2014-12-27 /ejn/EJN_Home.aspx -
2014-12-27 /ejn/EJN_AtlasAdvanced.aspx -
2014-12-27 /ejn/EJN_Home.aspx -
2014-12-27 /ejn/AtlasChooseCountry.aspx -
2014-12-27 /ejn/EJN_Home.aspx -
2014-12-27 /ejn/AtlasChooseCountry.aspx Type=2
2014-12-27 /ejn/AtlasChooseCountry.aspx Type=2
2014-12-27 /ejn/AtlasChooseMeasure.aspx MP=0&Cou=395
2014-12-27 /ejn/AtlasChooseMeasure.aspx MP=0&Cou=395
2014-12-27 /ejn/AtlasChooseMeasure.aspx MP=0&Cou=395
2014-12-27 /ejn/AtlasChooseMeasure.aspx MP=0&Cou=395
2014-12-27 /ejn/AtlasSelection.aspx -
2014-12-27 /ejn/EJN_Home.aspx -
2014-12-27 /ejn/ -
2014-12-27 /ejn/EJN_StaticPage.aspx Bread=21
2014-12-27 /ejn/EJN_Home.aspx -
2014-12-27 /ejn/EJN_Home.aspx -
2014-12-27 /ejn/ -
2014-12-27 /ejn/EJN_Home.aspx -
2014-12-27 /ejn/EJN_AtlasAdvanced.aspx -
2014-12-27 /ejn/ -
2014-12-27 /ejn/EJN_Home.aspx -
2014-12-27 /ejn/ -
2014-12-27 /ejn/EJN_AtlasAdvanced.aspx -
2014-12-27 /ejn/EJN_Home.aspx -
2014-12-27 /ejn/ -
2014-12-27 /ejn/ -
2014-12-27 /ejn/EJN_Home.aspx -
2014-12-27 /ejn/ -
2014-12-27 /ejn/EJN_InfoAbout.aspx Id=273
2014-12-27 /ejn/ -
2014-12-27 /ejn/EJN_Home.aspx -
2014-12-27 /ejn/ -
2014-12-27 /ejn/EJN_Compendium.aspx -
2014-12-27 /ejn/EJN_Home.aspx -
2014-12-27 /ejn/EJN_StaticPage.aspx Bread=7
2014-12-27 /ejn/EJN_Home.aspx -
2014-12-27 /ejn/ -
2014-12-27 /ejn/ -
2014-12-27 /ejn/EJN_Home.aspx -
2014-12-27 /ejn/EJN_Home.aspx -
2014-12-27 /ejn/ -
2014-12-27 /ejn/libcategories.aspx Id=24
2014-12-27 /ejn/libdocumentproperties.aspx Id=1383
2014-12-27 /ejn/libdocumentproperties.aspx Id=1383
2014-12-27 /ejn/EJN_Compendium.aspx -
2014-12-27 /ejn/EJN_Home.aspx -
2014-12-27 /ejn/EJN_Home.aspx -
2014-12-27 /ejn/EJN_Home.aspx -
2014-12-27 /ejn/EJN_AtlasAdvanced.aspx -
2014-12-27 /ejn/EJN_Home.aspx -
2014-12-27 /ejn/EJN_Home.aspx -
2014-12-27 /ejn/EJN_Home.aspx -
2014-12-27 /ejn/EJN_StaticPage.aspx Bread=8
2014-12-27 /ejn/EJN_Home.aspx -
2014-12-27 /ejn/EJN_Home.aspx -
2014-12-27 /ejn/EJN_Home.aspx -
2014-12-27 /ejn/EJN_AtlasAdvancedOld.aspx ctyCode=SK
2014-12-27 /ejn/EJN_AtlasAdvancedOld.aspx ctyCode=SK
2014-12-27 /ejn/EJN_Home.aspx -
2014-12-27 /ejn/EJN_Home.aspx -
2014-12-27 /ejn/libdocumentproperties.aspx Id=1109
2014-12-27 /ejn/EJN_Home.aspx -
2014-12-27 /ejn/EJN_Home.aspx -
2014-12-27 /ejn/EJN_QuickLinks.aspx id=28
2014-12-27 /ejn/ -
2014-12-27 /ejn/EJN_InfoAbout.aspx Id=351
2014-12-27 /ejn/AtlasChooseCountry.aspx Type=2
2014-12-27 /ejn/AtlasChooseCountry.aspx Type=2
2014-12-27 /ejn/AtlasChooseMeasure.aspx MP=0&Cou=351
2014-12-27 /ejn/AtlasChooseMeasure.aspx MP=0&Cou=351++Culture:DESessionId:3sznh3u11izfhkcmzdnswalsDate_Time:19:14
2014-12-27 /ejn/AtlasChooseMeasure.aspx MP=0&Cou=351
2014-12-27 /ejn/AtlasChooseMeasure.aspx MP=0&Cou=351
2014-12-27 /ejn/AtlasChooseMeasure.aspx MP=0&Cou=351
2014-12-27 /ejn/AtlasSelection.aspx -
2014-12-27 /ejn/AtlasSelection.aspx -
2014-12-27 /ejn/AtlasSelection.aspx -
2014-12-27 /ejn/AtlasSelection.aspx -
2014-12-27 /ejn/AtlasSelection.aspx -
2014-12-27 /ejn/AtlasChooseAuthority.aspx -
2014-12-27 /default.aspx -
2014-12-27 /ejn/AtlasChooseAuthority.aspx -
2014-12-27 /ejn/AtlasChooseAuthority.aspx -
2014-12-27 /ejn/AtlasAuthorityData.aspx Id=5276
2014-12-27 /ejn/AtlasChooseMeasure.aspx MP=0&Cou=351
2014-12-27 /ejn/EJN_Home.aspx -
2014-12-27 /ejn/AtlasChooseMeasure.aspx MP=0&Cou=351
2014-12-27 /ejn/EJN_Error.aspx -
2014-12-27 /ejn/AtlasChooseMeasure.aspx MP=0&Cou=351
2014-12-27 /ejn/AtlasChooseMeasure.aspx MP=0&Cou=351
2014-12-27 /ejn/AtlasChooseMeasure.aspx MP=0&Cou=351
2014-12-27 /ejn/AtlasChooseMeasure.aspx MP=0&Cou=351
2014-12-27 /ejn/AtlasSelection.aspx -
2014-12-27 /ejn/AtlasSelection.aspx -
2014-12-27 /ejn/AtlasSelection.aspx -
2014-12-27 /ejn/AtlasSelection.aspx -
2014-12-27 /ejn/AtlasSelection.aspx -
2014-12-27 /ejn/AtlasChooseAuthority.aspx -
2014-12-27 /ejn/AtlasChooseAuthority.aspx -
2014-12-27 /ejn/AtlasChooseAuthority.aspx -
2014-12-27 /ejn/AtlasAuthorityData.aspx Id=5276
2014-12-27 /ejn/AtlasChooseMeasure.aspx MP=0&Cou=351
2014-12-27 /ejn/AtlasChooseCountry.aspx Type=2
2014-12-27 /ejn/AtlasChooseMeasure.aspx MP=0&Cou=395
2014-12-27 /ejn/ -
2014-12-27 /ejn/AtlasChooseMeasure.aspx MP=0&Cou=395
2014-12-27 /ejn/AtlasChooseMeasure.aspx MP=0&Cou=395++Culture:DESessionId:3sznh3u11izfhkcmzdnswalsDate_Time:19:23
2014-12-27 /ejn/AtlasChooseMeasure.aspx MP=0&Cou=395
2014-12-27 /ejn/AtlasChooseMeasure.aspx MP=0&Cou=395
2014-12-27 /ejn/AtlasSelection.aspx -
2014-12-27 /ejn/EJN_Home.aspx -
2014-12-27 /ejn/AtlasSelection.aspx -
2014-12-27 /ejn/AtlasSelection.aspx -
2014-12-27 /ejn/AtlasAuthorityData.aspx Id=2589
2014-12-27 /ejn/AtlasAuthorityData.aspx Id=2589
2014-12-27 /ejn/AtlasSelection.aspx Option=AuthorityType
2014-12-27 /ejn/AtlasSelection.aspx Option=AuthorityType
2014-12-27 /ejn/AtlasSelection.aspx Option=AuthorityType
2014-12-27 /ejn/AtlasAuthorityData.aspx Id=2588
2014-12-27 /ejn/AtlasAuthorityData.aspx Id=2588
2014-12-27 /ejn/AtlasSelection.aspx Option=AuthorityType
2014-12-27 /ejn/EJN_Home.aspx -
2014-12-27 /ejn/EJN_Home.aspx -
2014-12-27 /ejn/EJN_Home.aspx -
2014-12-27 /ejn/EJN_Home.aspx -
2014-12-27 /ejn/EJN_AtlasAdvancedOld.aspx ctyCode=SK
2014-12-27 /ejn/EJN_Home.aspx -
2014-12-27 /ejn/EJN_AtlasAdvanced.aspx -
2014-12-27 /ejn/ -
2014-12-27 /ejn/ -
2014-12-27 /ejn/EJN_Home.aspx -
2014-12-27 /ejn/EJN_Home.aspx -
2014-12-27 /ejn/libshowdocument.aspx Id=13&Lang=LV
2014-12-27 /ejn/EJN_Home.aspx -
2014-12-27 /ejn/EJN_Home.aspx -
2014-12-27 /ejn/EJN_Home.aspx -
2014-12-27 /ejn/NewsDetail.aspx Ori=H&id=337
2014-12-27 /ejn/EJN_Home.aspx -
2014-12-27 /ejn/ -
2014-12-27 /ejn/ejn_home.aspx -
2014-12-27 /ejn/ejn_home.aspx -
2014-12-27 /ejn/EJN_Home.aspx -
2014-12-27 /ejn/ -
2014-12-27 /ejn/EJN_Home.aspx -
2014-12-27 /ejn/EJN_Home.aspx -
2014-12-27 /ejn/EJN_Home.aspx -
2014-12-27 /ejn/EJN_Home.aspx -
2014-12-27 /ejn/EJN_Home.aspx -
2014-12-27 /ejn/EJN_Home.aspx -
2014-12-27 /ejn/ -
2014-12-27 /ejn/ -
2014-12-27 /ejn/EJN_Home.aspx -
2014-12-27 /ejn/EJN_Home.aspx -
2014-12-27 /ejn/EJN_Home.aspx -
2014-12-27 /ejn/EJN_Home.aspx -
2014-12-27 /ejn/EJN_AtlasAdvanced.aspx -
2014-12-27 /ejn/EJN_Home.aspx -
2014-12-27 /ejn/EJN_Home.aspx -
2014-12-27 /ejn/EJN_Home.aspx -
2014-12-27 /ejn/EJN_Home.aspx -
2014-12-27 /ejn/EJN_Home.aspx -
2014-12-27 /ejn/EJN_Home.aspx -
2014-12-27 /ejn/EJN_Home.aspx -
2014-12-27 /ejn/EJN_News.aspx id=72
2014-12-27 /ejn/EJN_News.aspx id=72
2014-12-27 /ejn/EJN_Home.aspx -
2014-12-27 /ejn/EJN_StaticPage.aspx Bread=39
2014-12-27 /ejn/ -
2014-12-27 /ejn/ -
2014-12-27 /ejn/EJN_InfoAbout.aspx Id=354
2014-12-27 /ejn/EJN_Home.aspx -
2014-12-27 /ejn/EJN_InfoAbout.aspx Id=354++Culture:ROSessionId:g0jywxys5pe0oeytbvbktuqfDate_Time:21:26
2014-12-27 /ejn/libshowdocument.aspx Id=219&Lang=SL
2014-12-27 /ejn/EJN_Home.aspx -
2014-12-27 /ejn/EJN_Home.aspx -
2014-12-27 /ejn/EJN_Home.aspx -
2014-12-27 /ejn/EJN_AtlasAdvanced.aspx -
2014-12-27 /ejn/EJN_Home.aspx -
2014-12-27 /ejn/ -
2014-12-27 /ejn/ -
2014-12-27 /ejn/EJN_Home.aspx -
2014-12-27 /ejn/EJN_Home.aspx -
2014-12-27 /ejn/EJN_Home.aspx -
2014-12-27 /ejn/EJN_Home.aspx -
2014-12-27 /ejn/ -
2014-12-27 /ejn/ -
2014-12-27 /ejn/Events.aspx id=6
2014-12-27 /ejn/EJN_Home.aspx -
2014-12-27 /ejn/EJN_Home.aspx -
2014-12-27 /ejn/EJN_Home.aspx -
2014-12-27 /ejn/ -
2014-12-27 /ejn/ -
2014-12-27 /ejn/EJN_Home.aspx -
2014-12-27 /ejn/EJN_Home.aspx -
2014-12-27 /ejn/EJN_Home.aspx -
2014-12-27 /ejn/EJN_Home.aspx -
2014-12-27 /ejn/EJN_AtlasAdvanced.aspx -
2014-12-27 /ejn/ -
2014-12-27 /ejn/EJN_Home.aspx -
2014-12-27 /ejn/EJN_Home.aspx -
2014-12-27 /ejn/EJN_Home.aspx -
2014-12-27 /ejn/EJN_Home.aspx -
2014-12-27 /ejn/EJN_Home.aspx -
2014-12-27 /ejn/EJN_Home.aspx -
2014-12-27 /ejn/EJN_Home.aspx -
2014-12-27 /ejn/EJN_QuickLinks.aspx id=27
2014-12-27 /ejn/NewsDetail.aspx Ori=H&id=339
2014-12-27 /ejn/EJN_Home.aspx -
2014-12-27 /ejn/EJN_Home.aspx -
2014-12-27 /ejn/EJN_Home.aspx -
2014-12-27 /ejn/EJN_Home.aspx -
2014-12-27 /ejn/NewsDetail.aspx id=80&Ori=H
2014-12-27 /ejn/EJN_Home.aspx -
2014-12-27 /ejn/ -
2014-12-27 /ejn/ -
2014-12-27 /ejn/EJN_Home.aspx -
2014-12-27 /ejn/ -
2014-12-27 /ejn/EJN_Home.aspx -
2014-12-27 /ejn/EJN_Home.aspx -
2014-12-27 /ejn/libdocumentproperties.aspx Id=919
2014-12-27 /ejn/EJN_Home.aspx -
2014-12-27 /ejn/libcategories.aspx Id=24
2014-12-27 /ejn/EJN_Home.aspx -
2014-12-27 /ejn/libcategories.aspx Id=34
2014-12-27 /ejn/libcategories.aspx Id=44
2014-12-27 /ejn/EJN_Home.aspx -
2014-12-27 /ejn/EJN_AtlasAdvanced.aspx -
2014-12-27 /ejn/EJN_Home.aspx -
2014-12-27 /ejn/EJN_Home.aspx -
2014-12-27 /ejn/EJN_Home.aspx -
2014-12-27 /ejn/ -
2014-12-27 /ejn/EJN_Home.aspx -
2014-12-27 /ejn/EJN_Home.aspx -
2014-12-27 /ejn/EJN_Home.aspx -
2014-12-27 /ejn/EJN_Home.aspx -
2014-12-27 /ejn/EJN_Home.aspx -
2014-12-27 /ejn/EJN_Home.aspx -
2014-12-27 /ejn/EJN_Home.aspx -
2014-12-27 /ejn/EJN_Home.aspx -
2014-12-27 /ejn/EJN_Home.aspx -
2014-12-27 /ejn/EJN_Home.aspx -
2014-12-27 /ejn/ -
2014-12-27 /ejn/EJN_Home.aspx -
2014-12-27 /ejn/EJN_Home.aspx -
2014-12-27 /ejn/libcategories.aspx Id=4
2014-12-27 /ejn/EJN_Home.aspx -
2014-12-27 /ejn/EJN_Home.aspx -
2014-12-27 /ejn/EJN_AtlasAdvanced.aspx -
2014-12-27 /ejn/EJN_Home.aspx -
2014-12-27 /ejn/NewsDetail.aspx Ori=H&id=340
2014-12-27 /ejn/EJN_Home.aspx -
2014-12-27 /ejn/EJN_FichesBelges.aspx -
2014-12-27 /ejn/EJN_Home.aspx -
2014-12-27 /ejn/Events.aspx event=172
2014-12-27 /ejn/EJN_Home.aspx -
2014-12-27 /ejn/EJN_Home.aspx -
2014-12-27 /ejn/EJN_Home.aspx -
2014-12-27 /ejn/EJN_Home.aspx -
