2014-11-02 /ejn/EJN_Home.aspx -
2014-11-02 /ejn/EJN_Home.aspx -
2014-11-02 /ejn/EJN_Home.aspx -
2014-11-02 /ejn/EJN_Home.aspx -
2014-11-02 /ejn/EJN_Home.aspx -
2014-11-02 /ejn/EJN_Home.aspx -
2014-11-02 /ejn/EJN_Home.aspx -
2014-11-02 /ejn/ -
2014-11-02 /ejn/EJN_Home.aspx -
2014-11-02 /ejn/ -
2014-11-02 /ejn/EJN_Home.aspx -
2014-11-02 /ejn/EJN_Home.aspx -
2014-11-02 /ejn/EJN_Home.aspx -
2014-11-02 /ejn/EJN_AtlasAdvanced.aspx -
2014-11-02 /ejn/EJN_Home.aspx -
2014-11-02 /ejn/EJN_Home.aspx -
2014-11-02 /ejn/EJN_Home.aspx -
2014-11-02 /ejn/EJN_Home.aspx -
2014-11-02 /ejn/ -
2014-11-02 /ejn/libdocumentproperties.aspx Id=17
2014-11-02 /ejn/EJN_Home.aspx -
2014-11-02 /ejn/EJN_Home.aspx -
2014-11-02 /ejn/EJN_AtlasAdvancedOld.aspx ctyCode=SK
2014-11-02 /ejn/EJN_Home.aspx -
2014-11-02 /ejn/EJN_Home.aspx -
2014-11-02 /ejn/EJN_Home.aspx -
2014-11-02 /ejn/EJN_Home.aspx -
2014-11-02 /ejn/ -
2014-11-02 /ejn/EJN_Home.aspx -
2014-11-02 /ejn/EJN_Home.aspx -
2014-11-02 /ejn/EJN_Home.aspx -
2014-11-02 /ejn/ -
2014-11-02 /ejn/EJN_Home.aspx -
2014-11-02 /ejn/EJN_AtlasAdvanced.aspx -
2014-11-02 /ejn/ -
2014-11-02 /ejn/EJN_Home.aspx -
2014-11-02 /ejn/EJN_Home.aspx -
2014-11-02 /ejn/EJN_Home.aspx -
2014-11-02 /ejn/ -
2014-11-02 /ejn/EJN_AtlasAdvanced.aspx -
2014-11-02 /ejn/EJN_Home.aspx -
2014-11-02 /ejn/EJN_Home.aspx -
2014-11-02 /ejn/EJN_Home.aspx -
2014-11-02 /ejn/EJN_Home.aspx -
2014-11-02 /ejn/ -
2014-11-02 /ejn/libshowdocument.aspx Id=222&Lang=SL
2014-11-02 /ejn/EJN_Home.aspx -
2014-11-02 /ejn/ -
2014-11-02 /ejn/EJN_Home.aspx -
2014-11-02 /ejn/EJN_Home.aspx -
2014-11-02 /ejn/EJN_Home.aspx -
2014-11-02 /ejn/EJN_AtlasAdvanced.aspx -
2014-11-02 /ejn/EJN_Home.aspx -
2014-11-02 /ejn/EJN_Home.aspx -
2014-11-02 /ejn/EJN_Home.aspx -
2014-11-02 /ejn/EJN_Home.aspx -
2014-11-02 /ejn/ -
2014-11-02 /ejn/EJN_FichesBelgesTable.aspx -
2014-11-02 /ejn/EJN_Home.aspx -
2014-11-02 /ejn/ -
2014-11-02 /ejn/EJN_Home.aspx -
2014-11-02 /ejn/EJN_Home.aspx -
2014-11-02 /ejn/EJN_Home.aspx -
2014-11-02 /ejn/EJN_Home.aspx -
2014-11-02 /ejn/Events.aspx event=93
2014-11-02 /ejn/EJN_Home.aspx -
2014-11-02 /ejn/EJN_Home.aspx -
2014-11-02 /ejn/EJN_Home.aspx -
2014-11-02 /ejn/EJN_Home.aspx -
2014-11-02 /ejn/ -
2014-11-02 /ejn/libshowdocument.aspx Id=3&Lang=NL
2014-11-02 /ejn/EJN_QuickLinks.aspx id=25
2014-11-02 /ejn/EJN_Home.aspx -
2014-11-02 /ejn/EJN_InfoAbout.aspx Id=337
2014-11-02 /ejn/ejn_home.aspx -
2014-11-02 /ejn/EJN_Home.aspx -
2014-11-02 /ejn/ -
2014-11-02 /ejn/EJN_Home.aspx -
2014-11-02 /ejn/EJN_Home.aspx -
2014-11-02 /ejn/EJN_Home.aspx -
2014-11-02 /ejn/EJN_Home.aspx -
2014-11-02 /ejn/EJN_Home.aspx -
2014-11-02 /ejn/EJN_Home.aspx -
2014-11-02 /ejn/EJN_Home.aspx -
2014-11-02 /ejn/ -
2014-11-02 /ejn/EJN_Home.aspx -
2014-11-02 /ejn/ -
2014-11-02 /ejn/EJN_Home.aspx -
2014-11-02 /ejn/EJN_Home.aspx -
2014-11-02 /ejn/EJN_Home.aspx -
2014-11-02 /ejn/EJN_Home.aspx -
2014-11-02 /ejn/EJN_AtlasAdvanced.aspx -
2014-11-02 /ejn/EJN_Home.aspx -
2014-11-02 /ejn/EJN_Home.aspx -
2014-11-02 /ejn/EJN_Home.aspx -
2014-11-02 /ejn/ -
2014-11-02 /ejn/libshowdocument.aspx Id=219&Lang=BG
2014-11-02 /ejn/EJN_Home.aspx -
2014-11-02 /ejn/EJN_Home.aspx -
2014-11-02 /ejn/EJN_Home.aspx -
2014-11-02 /ejn/EJN_Home.aspx -
2014-11-02 /ejn/ -
2014-11-02 /ejn/EJN_Home.aspx -
2014-11-02 /ejn/EJN_StaticPage.aspx Bread=7
2014-11-02 /ejn/ -
2014-11-02 /ejn/EJN_StaticPage.aspx Bread=8
2014-11-02 /ejn/EJN_Faqs.aspx -
2014-11-02 /ejn/EJN_Home.aspx -
2014-11-02 /ejn/EJN_StaticPage.aspx Bread=4
2014-11-02 /ejn/ejn_home.aspx -
2014-11-02 /ejn/EJN_Search.aspx -
2014-11-02 /ejn/EJN_ContactUs.aspx &KeepThis=true&TB_iframe=true&height=650&width=900
2014-11-02 /ejn/sitemap.aspx -
2014-11-02 /ejn/libcategories.aspx Id=32
2014-11-02 /ejn/EJN_StaticPage.aspx Bread=2
2014-11-02 /ejn/libcategories.aspx Id=34
2014-11-02 /ejn/EJN_StaticPage.aspx Bread=9
2014-11-02 /ejn/libcategories.aspx Id=14
2014-11-02 /ejn/libcategories.aspx Id=25
2014-11-02 /ejn/libcategories.aspx Id=24
2014-11-02 /ejn/AtlasChooseMeasure.aspx MP=1&Cou=UK&Type=2
2014-11-02 /ejn/EJN_StaticPage.aspx Bread=39
2014-11-02 /ejn/Gallery.aspx -
2014-11-02 /ejn/EJN_Secretariat.aspx -
2014-11-02 /ejn/EJN_StaticPage.aspx Bread=17
2014-11-02 /ejn/EJN_StaticPage.aspx Bread=21
2014-11-02 /ejn/EJN_StaticPage.aspx Bread=10
2014-11-02 /ejn/EJN_StaticPage.aspx Bread=13
2014-11-02 /ejn/EJN_StaticPage.aspx Bread=28
2014-11-02 /ejn/EJN_StaticPage.aspx Bread=14
2014-11-02 /ejn/EJN_StaticPage.aspx Bread=16
2014-11-02 /ejn/EJN_StaticPage.aspx Bread=27
2014-11-02 /ejn/EJN_StaticPage.aspx Bread=20
2014-11-02 /ejn/EJN_StaticPage.aspx Bread=32
2014-11-02 /ejn/EJN_StaticPage.aspx Bread=30
2014-11-02 /ejn/EJN_StaticPage.aspx Bread=31
2014-11-02 /ejn/EJN_StaticPage.aspx Bread=25
2014-11-02 /ejn/EJN_StaticPage.aspx Bread=18
2014-11-02 /ejn/EJN_StaticPage.aspx Bread=34
2014-11-02 /ejn/EJN_StaticPage.aspx Bread=24
2014-11-02 /ejn/EJN_StaticPage.aspx Bread=35
2014-11-02 /ejn/EJN_StaticPage.aspx Bread=33
2014-11-02 /ejn/EJN_StaticPage.aspx Bread=23
2014-11-02 /ejn/EJN_StaticPage.aspx Bread=36
2014-11-02 /ejn/NewsDetail.aspx id=312&Ori=H
2014-11-02 /ejn/NewsDetail.aspx id=309&Ori=H
2014-11-02 /ejn/NewsDetail.aspx id=305&Ori=H
2014-11-02 /ejn/EJN_StaticPage.aspx Bread=22
2014-11-02 /ejn/EJN_StaticPage.aspx Bread=37
2014-11-02 /ejn/EJN_StaticPage.aspx Bread=38
2014-11-02 /ejn/EJN_StaticPage.aspx Bread=26
2014-11-02 /ejn/EJN_StaticPage.aspx Bread=19
2014-11-02 /ejn/Events.aspx id=7
2014-11-02 /ejn/NewsDetail.aspx id=300&Ori=H
2014-11-02 /ejn/NewsDetail.aspx id=299&Ori=H
2014-11-02 /ejn/Events.aspx id=6
2014-11-02 /ejn/NewsDetail.aspx id=283&Ori=H
2014-11-02 /ejn/NewsDetail.aspx id=291&Ori=H
2014-11-02 /ejn/NewsDetail.aspx id=298&Ori=H
2014-11-02 /ejn/NewsDetail.aspx id=287&Ori=H
2014-11-02 /ejn/NewsDetail.aspx id=292&Ori=H
2014-11-02 /ejn/Events.aspx event=273
2014-11-02 /ejn/Events.aspx Id=6
2014-11-02 /ejn/NewsAll.aspx Id=4
2014-11-02 /ejn/Events.aspx Id=7
2014-11-02 /ejn/NewsAll.aspx Id=2
2014-11-02 /ejn/Events.aspx event=301
2014-11-02 /ejn/Events.aspx event=278
2014-11-02 /ejn/NewsAll.aspx -
2014-11-02 /ejn/NewsAll.aspx Id=3
2014-11-02 /ejn/NewsAll.aspx Id=5
2014-11-02 /ejn/NewsAll.aspx Id=1
2014-11-02 /ejn/EJN_SubscribeNewsLetter.aspx -
2014-11-02 /ejn/EJN_InfoAbout.aspx Id=258
2014-11-02 /ejn/EJN_InfoAbout.aspx Id=239
2014-11-02 /ejn/Events.aspx -
2014-11-02 /ejn/EJN_InfoAbout.aspx Id=223
2014-11-02 /ejn/EJN_InfoAbout.aspx Id=432
2014-11-02 /ejn/EJN_InfoAbout.aspx Id=230
2014-11-02 /ejn/EJN_InfoAbout.aspx Id=287
2014-11-02 /ejn/EJN_InfoAbout.aspx Id=279
2014-11-02 /ejn/EJN_InfoAbout.aspx Id=277
2014-11-02 /ejn/EJN_InfoAbout.aspx Id=293
2014-11-02 /ejn/EJN_InfoAbout.aspx Id=273
2014-11-02 /ejn/EJN_InfoAbout.aspx Id=295
2014-11-02 /ejn/EJN_InfoAbout.aspx Id=269
2014-11-02 /ejn/EJN_InfoAbout.aspx Id=260
2014-11-02 /ejn/EJN_InfoAbout.aspx Id=259
2014-11-02 /ejn/EJN_InfoAbout.aspx Id=272
2014-11-02 /ejn/EJN_InfoAbout.aspx Id=369
2014-11-02 /ejn/EJN_InfoAbout.aspx Id=368
2014-11-02 /ejn/EJN_InfoAbout.aspx Id=313
2014-11-02 /ejn/EJN_InfoAbout.aspx Id=307
2014-11-02 /ejn/EJN_InfoAbout.aspx Id=352
2014-11-02 /ejn/EJN_InfoAbout.aspx Id=351
2014-11-02 /ejn/EJN_InfoAbout.aspx Id=354
2014-11-02 /ejn/EJN_InfoAbout.aspx Id=321
2014-11-02 /ejn/EJN_InfoAbout.aspx Id=337
2014-11-02 /ejn/EJN_InfoAbout.aspx Id=314
2014-11-02 /ejn/EJN_InfoAbout.aspx Id=435
2014-11-02 /ejn/EJN_InfoAbout.aspx Id=389
2014-11-02 /ejn/EJN_Home.aspx -
2014-11-02 /ejn/EJN_InfoAbout.aspx Id=288
2014-11-02 /ejn/EJN_InfoAbout.aspx Id=395
2014-11-02 /ejn/EJN_InfoAbout.aspx Id=215
2014-11-02 /ejn/EJN_InfoAbout.aspx Id=434
2014-11-02 /ejn/EJN_InfoAbout.aspx Id=433
2014-11-02 /ejn/EJN_InfoAbout.aspx Id=378
2014-11-02 /ejn/EJN_InfoAbout.aspx Id=364
2014-11-02 /ejn/EJN_InfoAbout.aspx Id=373
2014-11-02 /ejn/EJN_FichesBelges.aspx -
2014-11-02 /ejn/EJN_Compendium.aspx -
2014-11-02 /ejn/EJN_InfoAbout.aspx Id=430
2014-11-02 /ejn/EJN_InfoAbout.aspx Id=342
2014-11-02 /ejn/EJN_StaticPage.aspx Bread=3
2014-11-02 /ejn/EJN_Login.aspx -
2014-11-02 /ejn/AtlasChooseCountry.aspx Type=2
2014-11-02 /ejn/AtlasChooseCountry.aspx Type=1
2014-11-02 /ejn/EJN_EAWWizard.aspx -
2014-11-02 /ejn/EJN_StaticPage.aspx Bread=1
2014-11-02 /ejn/EJN_QuickLinks.aspx id=26
2014-11-02 /ejn/EJN_StaticPage.aspx Bread=11
2014-11-02 /ejn/libcategories.aspx -
2014-11-02 /ejn/EJN_QuickLinks.aspx id=23
2014-11-02 /ejn/EJN_QuickLinks.aspx id=27
2014-11-02 /ejn/EJN_QuickLinks.aspx -
2014-11-02 /ejn/EJN_QuickLinks.aspx id=24
2014-11-02 /ejn/EJN_QuickLinks.aspx id=28
2014-11-02 /ejn/EJN_QuickLinks.aspx id=25
2014-11-02 /ejn/EJN_StaticPage.aspx Bread=12
2014-11-02 /ejn/EJN_EAWAtlas.aspx -
2014-11-02 /ejn/EJN_AtlasAdvanced.aspx -
2014-11-02 /ejn/ejn_search.aspx -
2014-11-02 /ejn/ejn_staticpage.aspx Bread=8
2014-11-02 /ejn/EJN_Faqs.aspx cat=1
2014-11-02 /ejn/EJN_Faqs.aspx cat=2
2014-11-02 /ejn/ejn_staticpage.aspx Bread=7
2014-11-02 /ejn/libcategories.aspx Id=2
2014-11-02 /ejn/EJN_StaticPage.aspx Bread=5
2014-11-02 /ejn/ejn_faqs.aspx -
2014-11-02 /ejn/EJN_Error.aspx -
2014-11-02 /ejn/libdocumentproperties.aspx Id=16
2014-11-02 /ejn/libshowdocument.aspx Id=16&Lang=DK
2014-11-02 /ejn/ejn_staticpage.aspx Bread=4
2014-11-02 /ejn/libcategories.aspx id=1
2014-11-02 /ejn/libshowdocument.aspx Id=16&Lang=DE
2014-11-02 /ejn/libshowdocument.aspx Id=16&Lang=CS
2014-11-02 /ejn/libadvancedsearch.aspx -
2014-11-02 /ejn/libshowdocument.aspx Id=16&Lang=FI
2014-11-02 /ejn/libshowdocument.aspx Id=16&Lang=ET
2014-11-02 /ejn/libshowdocument.aspx Id=16&Lang=FR
2014-11-02 /ejn/libshowdocument.aspx Id=16&Lang=LT
2014-11-02 /ejn/libshowdocument.aspx Id=16&Lang=EL
2014-11-02 /ejn/libshowdocument.aspx Id=16&Lang=IT
2014-11-02 /ejn/libshowdocument.aspx Id=16&Lang=ES
2014-11-02 /ejn/libshowdocument.aspx Id=16&Lang=EN
2014-11-02 /ejn/libshowdocument.aspx Id=16&Lang=HU
2014-11-02 /ejn/libshowdocument.aspx Id=16&Lang=GA
2014-11-02 /ejn/libdocumentproperties.aspx Id=614
2014-11-02 /ejn/libshowdocument.aspx Id=16&Lang=SV
2014-11-02 /ejn/libshowdocument.aspx Id=16&Lang=PT
2014-11-02 /ejn/libdocumentproperties.aspx Id=18
2014-11-02 /ejn/libshowdocument.aspx Id=16&Lang=SL
2014-11-02 /ejn/libshowdocument.aspx Id=16&Lang=LV
2014-11-02 /ejn/libdocumentproperties.aspx Id=17
2014-11-02 /ejn/libshowdocument.aspx Id=16&Lang=NL
2014-11-02 /ejn/libshowdocument.aspx Id=16&Lang=PL
2014-11-02 /ejn/libshowdocument.aspx Id=16&Lang=SK
2014-11-02 /ejn/libdocumentproperties.aspx Id=617
2014-11-02 /ejn/libdocumentproperties.aspx Id=620
2014-11-02 /ejn/libdocumentproperties.aspx Id=615
2014-11-02 /ejn/libdocumentproperties.aspx Id=621
2014-11-02 /ejn/libdocumentproperties.aspx Id=624
2014-11-02 /ejn/libdocumentproperties.aspx Id=623
2014-11-02 /ejn/libdocumentproperties.aspx Id=625
2014-11-02 /ejn/libdocumentproperties.aspx Id=619
2014-11-02 /ejn/libdocumentproperties.aspx Id=19
2014-11-02 /ejn/libdocumentproperties.aspx Id=622
2014-11-02 /ejn/libdocumentproperties.aspx Id=629
2014-11-02 /ejn/libdocumentproperties.aspx Id=628
2014-11-02 /ejn/libdocumentproperties.aspx Id=634
2014-11-02 /ejn/libdocumentproperties.aspx Id=633
2014-11-02 /ejn/libdocumentproperties.aspx Id=627
2014-11-02 /ejn/libdocumentproperties.aspx Id=631
2014-11-02 /ejn/libdocumentproperties.aspx Id=632
2014-11-02 /ejn/libdocumentproperties.aspx Id=635
2014-11-02 /ejn/libdocumentproperties.aspx Id=630
2014-11-02 /ejn/libdocumentproperties.aspx Id=626
2014-11-02 /ejn/libdocumentproperties.aspx Id=636
2014-11-02 /ejn/EJN_Home.aspx -
2014-11-02 /ejn/EJN_Home.aspx -
2014-11-02 /ejn/EJN_Home.aspx -
2014-11-02 /ejn/ -
2014-11-02 /ejn/EJN_Home.aspx -
2014-11-02 /ejn/EJN_Home.aspx -
2014-11-02 /ejn/EJN_Home.aspx -
2014-11-02 /ejn/ -
2014-11-02 /ejn/ -
2014-11-02 /ejn/EJN_Home.aspx -
2014-11-02 /ejn/EJN_AtlasAdvanced.aspx -
2014-11-02 /ejn/EJN_Home.aspx -
2014-11-02 /ejn/ -
2014-11-02 /ejn/EJN_AtlasAdvanced.aspx -
2014-11-02 /ejn/EJN_Home.aspx -
2014-11-02 /ejn/EJN_Home.aspx -
2014-11-02 /ejn/EJN_Home.aspx -
2014-11-02 /ejn/ -
2014-11-02 /ejn/EJN_Home.aspx -
2014-11-02 /ejn/EJN_Login.aspx -
2014-11-02 /ejn/ -
2014-11-02 /ejn/ -
2014-11-02 /ejn/EJN_Home.aspx -
2014-11-02 /ejn/EJN_Home.aspx -
2014-11-02 /ejn/EJN_Home.aspx -
2014-11-02 /ejn/EJN_Home.aspx -
2014-11-02 /ejn/EJN_AtlasAdvanced.aspx -
2014-11-02 /ejn/EJN_Home.aspx -
2014-11-02 /ejn/EJN_Home.aspx -
2014-11-02 /ejn/EJN_Home.aspx -
2014-11-02 /ejn/ -
2014-11-02 /ejn/EJN_Home.aspx -
2014-11-02 /ejn/ -
2014-11-02 /ejn/EJN_Home.aspx -
2014-11-02 /ejn/EJN_Home.aspx -
2014-11-02 /ejn/EJN_Home.aspx -
2014-11-02 /ejn/EJN_Home.aspx -
2014-11-02 /ejn/ -
2014-11-02 /ejn/libcategories.aspx Id=14
2014-11-02 /ejn/EJN_Home.aspx -
2014-11-02 /ejn/libcategories.aspx -
2014-11-02 /ejn/EJN_Home.aspx -
2014-11-02 /ejn/libcategories.aspx Id=21
2014-11-02 /ejn/EJN_Home.aspx -
2014-11-02 /ejn/EJN_Home.aspx -
2014-11-02 /ejn/EJN_Home.aspx -
2014-11-02 /ejn/EJN_Home.aspx -
2014-11-02 /ejn/ -
2014-11-02 /ejn/EJN_Home.aspx -
2014-11-02 /ejn/ejn_staticpage.aspx bread=8
2014-11-02 /ejn/EJN_Home.aspx -
2014-11-02 /ejn/ -
2014-11-02 /ejn/EJN_AtlasAdvanced.aspx -
2014-11-02 /ejn/EJN_Home.aspx -
2014-11-02 /ejn/EJN_Home.aspx -
2014-11-02 /ejn/EJN_Home.aspx -
2014-11-02 /ejn/ -
2014-11-02 /ejn/EJN_AtlasAdvanced.aspx -
2014-11-02 /ejn/EJN_Home.aspx -
2014-11-02 /ejn/EJN_Home.aspx -
2014-11-02 /ejn/EJN_Home.aspx -
2014-11-02 /ejn/EJN_Home.aspx -
2014-11-02 /ejn/ -
2014-11-02 /ejn/Events.aspx event=181
2014-11-02 /ejn/EJN_Home.aspx -
2014-11-02 /ejn/EJN_Home.aspx -
2014-11-02 /ejn/ -
2014-11-02 /ejn/EJN_Home.aspx -
2014-11-02 /ejn/EJN_Home.aspx -
2014-11-02 /ejn/EJN_Home.aspx -
2014-11-02 /ejn/EJN_AtlasAdvanced.aspx -
2014-11-02 /ejn/EJN_Home.aspx -
2014-11-02 /ejn/EJN_Home.aspx -
2014-11-02 /ejn/EJN_Home.aspx -
2014-11-02 /ejn/EJN_Home.aspx -
2014-11-02 /ejn/ -
2014-11-02 /ejn/ -
2014-11-02 /ejn/libcategories.aspx Id=7
2014-11-02 /ejn/EJN_Home.aspx -
2014-11-02 /ejn/EJN_Home.aspx -
2014-11-02 /ejn/ -
2014-11-02 /ejn/EJN_Home.aspx -
2014-11-02 /ejn/EJN_Home.aspx -
2014-11-02 /ejn/EJN_Home.aspx -
2014-11-02 /ejn/AtlasChooseCountry.aspx Type=2
2014-11-02 /ejn/EJN_Home.aspx -
2014-11-02 /ejn/EJN_Home.aspx -
2014-11-02 /ejn/EJN_Home.aspx -
2014-11-02 /ejn/EJN_Home.aspx -
2014-11-02 /ejn/ -
2014-11-02 /ejn/EJN_Home.aspx -
2014-11-02 /atlas_advanced.aspx -
2014-11-02 /atlas_advanced.aspx -
2014-11-02 /ejn/libcategories.aspx Id=5
2014-11-02 /ejn/EJN_Home.aspx -
2014-11-02 /ejn/ -
2014-11-02 /atlas_advanced.aspx -
2014-11-02 /atlas_advanced.aspx -
2014-11-02 /ejn/EJN_Home.aspx -
2014-11-02 /ejn/EJN_Home.aspx -
2014-11-02 /ejn/EJN_StaticPage.aspx Bread=12
2014-11-02 /ejn/EJN_Home.aspx -
2014-11-02 /ejn/ -
2014-11-02 /ejn/ -
2014-11-02 /ejn/EJN_AtlasAdvanced.aspx -
2014-11-02 /ejn/AtlasChooseCountry.aspx -
2014-11-02 /ejn/EJN_Home.aspx -
2014-11-02 /ejn/EJN_Home.aspx -
2014-11-02 /ejn/EJN_StaticPage.aspx Bread=12
2014-11-02 /ejn/EJN_Home.aspx -
2014-11-02 /ejn/EJN_Home.aspx -
2014-11-02 /ejn/EJN_Home.aspx -
2014-11-02 /ejn/EJN_Home.aspx -
2014-11-02 /ejn/ -
2014-11-02 /ejn/EJN_Home.aspx -
2014-11-02 /ejn/ -
2014-11-02 /ejn/EJN_Home.aspx -
2014-11-02 /ejn/EJN_Home.aspx -
2014-11-02 /ejn/EJN_AtlasAdvanced.aspx -
2014-11-02 /ejn/EJN_Home.aspx -
2014-11-02 /ejn/EJN_Home.aspx -
2014-11-02 /ejn/EJN_Home.aspx -
2014-11-02 /ejn/EJN_Home.aspx -
2014-11-02 /ejn/ -
2014-11-02 /ejn/EJN_Home.aspx -
2014-11-02 /ejn/EJN_Home.aspx -
2014-11-02 /ejn/EJN_Home.aspx -
2014-11-02 /ejn/EJN_Home.aspx -
2014-11-02 /ejn/NewsDetail.aspx id=299&Ori=H
2014-11-02 /ejn/EJN_Home.aspx -
2014-11-02 /ejn/EJN_Home.aspx -
2014-11-02 /ejn/EJN_Home.aspx -
2014-11-02 /ejn/EJN_Home.aspx -
2014-11-02 /ejn/ -
2014-11-02 /ejn/EJN_Home.aspx -
2014-11-02 /ejn/ -
2014-11-02 /ejn/EJN_Home.aspx -
2014-11-02 /ejn/EJN_Home.aspx -
2014-11-02 /ejn/ -
2014-11-02 /ejn/EJN_Home.aspx -
2014-11-02 /ejn/EJN_Home.aspx -
2014-11-02 /ejn/EJN_Home.aspx -
2014-11-02 /ejn/EJN_Home.aspx -
2014-11-02 /ejn/ -
2014-11-02 /ejn/EJN_StaticPage.aspx Bread=1
2014-11-02 /ejn/EJN_Home.aspx -
2014-11-02 /ejn/ -
2014-11-02 /ejn/EJN_Home.aspx -
2014-11-02 /ejn/EJN_Home.aspx -
2014-11-02 /ejn/EJN_Home.aspx -
2014-11-02 /ejn/EJN_AtlasAdvanced.aspx -
2014-11-02 /ejn/EJN_StaticPage.aspx Bread=30
2014-11-02 /ejn/EJN_Home.aspx -
2014-11-02 /ejn/EJN_Home.aspx -
2014-11-02 /ejn/EJN_Home.aspx -
2014-11-02 /ejn/EJN_Home.aspx -
2014-11-02 /ejn/ -
2014-11-02 /ejn/ -
2014-11-02 /ejn/EJN_Home.aspx -
2014-11-02 /ejn/ -
2014-11-02 /ejn/EJN_Home.aspx -
2014-11-02 /ejn/EJN_Home.aspx -
2014-11-02 /ejn/EJN_Home.aspx -
2014-11-02 /ejn/AtlasChooseCountry.aspx Type=2
2014-11-02 /ejn/EJN_Home.aspx -
2014-11-02 /ejn/AtlasChooseMeasure.aspx MP=0&Cou=337
2014-11-02 /ejn/EJN_Home.aspx -
2014-11-02 /ejn/EJN_Home.aspx -
2014-11-02 /ejn/EJN_Home.aspx -
2014-11-02 /ejn/EJN_Home.aspx -
2014-11-02 /ejn/ -
2014-11-02 /ejn/EJN_Home.aspx -
2014-11-02 /ejn/ -
2014-11-02 /ejn/EJN_AtlasAdvanced.aspx -
2014-11-02 /ejn/EJN_Home.aspx -
2014-11-02 /ejn/EJN_Home.aspx -
2014-11-02 /ejn/ -
2014-11-02 /ejn/EJN_AtlasAdvanced.aspx -
2014-11-02 /ejn/EJN_Home.aspx -
2014-11-02 /ejn/EJN_AtlasAdvanced.aspx -
2014-11-02 /ejn/ -
2014-11-02 /ejn/EJN_Home.aspx -
2014-11-02 /ejn/EJN_Home.aspx -
2014-11-02 /ejn/EJN_Home.aspx -
2014-11-02 /ejn/ -
2014-11-02 /ejn/EJN_Home.aspx -
2014-11-02 /ejn/Events.aspx event=93
2014-11-02 /ejn/EJN_Home.aspx -
2014-11-02 /ejn/EJN_Home.aspx -
2014-11-02 /ejn/AtlasChooseCountry.aspx Type=2
2014-11-02 /ejn/AtlasChooseMeasure.aspx MP=0&Cou=239
2014-11-02 /ejn/ -
2014-11-02 /ejn/AtlasChooseMeasure.aspx MP=0&Cou=239
2014-11-02 /ejn/AtlasChooseMeasure.aspx MP=0&Cou=239
2014-11-02 /ejn/AtlasSelection.aspx -
2014-11-02 /ejn/AtlasAuthorityData.aspx Id=2544
2014-11-02 /ejn/EJN_Home.aspx -
2014-11-02 /ejn/EJN_Home.aspx -
2014-11-02 /ejn/ -
2014-11-02 /ejn/EJN_AtlasAdvanced.aspx -
2014-11-02 /ejn/EJN_Home.aspx -
2014-11-02 /ejn/EJN_Home.aspx -
2014-11-02 /ejn/EJN_Home.aspx -
2014-11-02 /ejn/EJN_Home.aspx -
2014-11-02 /ejn/ -
2014-11-02 /ejn/AtlasChooseMeasure.aspx MP=0&Cou=239
2014-11-02 /ejn/AtlasChooseMeasure.aspx MP=0&Cou=239
2014-11-02 /ejn/AtlasSelection.aspx -
2014-11-02 /ejn/AtlasChooseAuthority.aspx -
2014-11-02 /ejn/AtlasChooseAuthority.aspx/GetLocations -
2014-11-02 /ejn/AtlasChooseAuthority.aspx -
2014-11-02 /ejn/AtlasChooseAuthority.aspx -
2014-11-02 /ejn/AtlasChooseAuthority.aspx -
2014-11-02 /ejn/AtlasChooseAuthority.aspx -
2014-11-02 /ejn/EJN_Home.aspx -
2014-11-02 /ejn/EJN_Home.aspx -
2014-11-02 /ejn/EJN_Home.aspx -
2014-11-02 /ejn/EJN_Compendium.aspx -
2014-11-02 /ejn/EJN_Home.aspx -
2014-11-02 /ejn/EJN_Home.aspx -
2014-11-02 /ejn/AtlasChooseMeasure.aspx MP=0&Cou=239
2014-11-02 /ejn/AtlasChooseMeasure.aspx MP=0&Cou=239
2014-11-02 /ejn/AtlasSelection.aspx -
2014-11-02 /ejn/AtlasAuthorityData.aspx Id=2544
2014-11-02 /ejn/EJN_Home.aspx -
2014-11-02 /ejn/EJN_Home.aspx -
2014-11-02 /ejn/EJN_Home.aspx -
2014-11-02 /ejn/ -
2014-11-02 /ejn/AtlasChooseMeasure.aspx MP=0&Cou=239
2014-11-02 /ejn/AtlasChooseMeasure.aspx MP=0&Cou=239
2014-11-02 /ejn/AtlasSelection.aspx -
2014-11-02 /ejn/AtlasAuthorityData.aspx Id=2544
2014-11-02 /ejn/EJN_Home.aspx -
2014-11-02 /ejn/EJN_Home.aspx -
2014-11-02 /ejn/EJN_Home.aspx -
2014-11-02 /ejn/EJN_AtlasAdvanced.aspx -
2014-11-02 /ejn/ -
2014-11-02 /ejn/EJN_Home.aspx -
2014-11-02 /ejn/EJN_Home.aspx -
2014-11-02 /ejn/EJN_Home.aspx -
2014-11-02 /ejn/EJN_Home.aspx -
2014-11-02 /ejn/ -
2014-11-02 /ejn/EJN_Home.aspx -
2014-11-02 /ejn/EJN_Home.aspx -
2014-11-02 /ejn/ -
2014-11-02 /ejn/EJN_Home.aspx -
2014-11-02 /ejn/EJN_Home.aspx -
2014-11-02 /ejn/ -
2014-11-02 /ejn/ -
2014-11-02 /ejn/ -
2014-11-02 /ejn/ -
2014-11-02 /ejn/ -
2014-11-02 /ejn/ -
2014-11-02 /ejn/AtlasChooseMeasure.aspx Mp=1&Cou=IT&Type=2
2014-11-02 /ejn/AtlasChooseMeasure.aspx Mp=1&Cou=IT&Type=2
2014-11-02 /ejn/AtlasChooseMeasure.aspx Mp=1&Cou=IT&Type=2
2014-11-02 /ejn/AtlasChooseMeasure.aspx Mp=1&Cou=IT&Type=2
2014-11-02 /ejn/AtlasSelection.aspx -
2014-11-02 /ejn/AtlasChooseAuthority.aspx -
2014-11-02 /ejn/AtlasChooseAuthority.aspx/GetLocations -
2014-11-02 /ejn/AtlasChooseAuthority.aspx -
2014-11-02 /ejn/AtlasChooseAuthority.aspx -
2014-11-02 /ejn/EJN_AtlasAdvanced.aspx -
2014-11-02 /ejn/AtlasChooseAuthority.aspx -
2014-11-02 /ejn/AtlasChooseAuthority.aspx/GetLocations -
2014-11-02 /ejn/AtlasChooseAuthority.aspx/GetLocations -
2014-11-02 /ejn/AtlasChooseAuthority.aspx/GetLocations -
2014-11-02 /ejn/AtlasChooseAuthority.aspx -
2014-11-02 /ejn/AtlasAuthorityData.aspx Id=4784
2014-11-02 /ejn/EJN_Home.aspx -
2014-11-02 /ejn/EJN_StaticPage.aspx Bread=12
2014-11-02 /ejn/EJN_Home.aspx -
2014-11-02 /ejn/EJN_Home.aspx -
2014-11-02 /ejn/EJN_Home.aspx -
2014-11-02 /ejn/EJN_Home.aspx -
2014-11-02 /ejn/ -
2014-11-02 /ejn/EJN_Home.aspx -
2014-11-02 /ejn/EJN_Home.aspx -
2014-11-02 /ejn/EJN_Home.aspx -
2014-11-02 /ejn/EJN_Home.aspx -
2014-11-02 /ejn/ -
2014-11-02 /ejn/ -
2014-11-02 /ejn/EJN_InfoAbout.aspx Id=239
2014-11-02 /ejn/EJN_Home.aspx -
2014-11-02 /ejn/EJN_Home.aspx -
2014-11-02 /ejn/libcategories.aspx Id=32
2014-11-02 /ejn/libdocumentproperties.aspx Id=614
2014-11-02 /ejn/libdocumentproperties.aspx Id=614
2014-11-02 /ejn/libcategories.aspx Id=24
2014-11-02 /ejn/libshowdocument.aspx Id=95&Lang=BG
2014-11-02 /ejn/EJN_Home.aspx -
2014-11-02 /ejn/EJN_Home.aspx -
2014-11-02 /ejn/EJN_Home.aspx -
2014-11-02 /ejn/ -
2014-11-02 /ejn/EJN_InfoAbout.aspx Id=239
2014-11-02 /ejn/EJN_InfoAbout.aspx Id=239
2014-11-02 /ejn/ -
2014-11-02 /ejn/EJN_Home.aspx -
2014-11-02 /ejn/EJN_Home.aspx -
2014-11-02 /ejn/EJN_Home.aspx -
2014-11-02 /ejn/ -
2014-11-02 /ejn/EJN_AtlasAdvanced.aspx -
2014-11-02 /ejn/EJN_AtlasAdvancedOld.aspx -
2014-11-02 /ejn/EJN_Home.aspx -
2014-11-02 /ejn/EJN_Home.aspx -
2014-11-02 /ejn/EJN_Home.aspx -
2014-11-02 /ejn/EJN_Home.aspx -
2014-11-02 /ejn/EJN_Home.aspx -
2014-11-02 /ejn/ -
2014-11-02 /ejn/EJN_Home.aspx -
2014-11-02 /ejn/EJN_Home.aspx -
2014-11-02 /ejn/ -
2014-11-02 /ejn/ -
2014-11-02 /ejn/ ++Culture:ESSessionId:wgyzdmdgd1dy5u405hhscbwfDate_Time:10:21
2014-11-02 /ejn/AtlasChooseCountry.aspx Type=2
2014-11-02 /ejn/AtlasChooseMeasure.aspx MP=1&Cou=DE
2014-11-02 /ejn/EJN_FichesBelgesTable.aspx -
2014-11-02 /ejn/AtlasChooseCountry.aspx Type=2
2014-11-02 /ejn/AtlasChooseMeasure.aspx MP=1&Cou=DE
2014-11-02 /ejn/AtlasChooseCountry.aspx Type=2
2014-11-02 /ejn/EJN_Home.aspx -
2014-11-02 /ejn/EJN_Home.aspx -
2014-11-02 /ejn/EJN_Login.aspx -
2014-11-02 /ejn/ -
2014-11-02 /ejn/AtlasChooseCountry.aspx Type=2
2014-11-02 /ejn/AtlasChooseMeasure.aspx MP=1&Cou=DE
2014-11-02 /ejn/AtlasChooseMeasure.aspx MP=1&Cou=DE
2014-11-02 /ejn/EJN_FichesBelgesResult.aspx measure=710&country=277&other=-1
2014-11-02 /ejn/AtlasChooseCountry.aspx Type=2
2014-11-02 /ejn/AtlasChooseMeasure.aspx MP=1&Cou=DE
2014-11-02 /ejn/AtlasChooseMeasure.aspx MP=1&Cou=DE
2014-11-02 /ejn/EJN_Library_StatusOfImpByCou.aspx CountryId=277
2014-11-02 /ejn/EJN_FichesBelgesResult.aspx measure=710&country=277&other=-1
2014-11-02 /ejn/EJN_AtlasAdvanced.aspx -
2014-11-02 /ejn/EJN_FichesBelgesResult.aspx measure=709&country=277&other=-1
2014-11-02 /ejn/EJN_FichesBelgesGuide.aspx -
2014-11-02 /ejn/EJN_Compendium.aspx -
2014-11-02 /ejn/ctrls.compendium/IframeEngine.aspx -
2014-11-02 /ejn/EJN_Home.aspx -
2014-11-02 /ejn/EJN_Home.aspx -
2014-11-02 /ejn/AtlasChooseMeasure.aspx MP=1&Cou=DE
2014-11-02 /ejn/AtlasSelection.aspx -
2014-11-02 /ejn/AtlasChooseAuthority.aspx -
2014-11-02 /ejn/AtlasChooseAuthority.aspx/GetLocations -
2014-11-02 /ejn/AtlasChooseAuthority.aspx/GetLocations -
2014-11-02 /ejn/AtlasChooseAuthority.aspx/GetLocations -
2014-11-02 /ejn/AtlasChooseAuthority.aspx -
2014-11-02 /ejn/AtlasAuthorityData.aspx Id=4193
2014-11-02 /ejn/EJN_Home.aspx -
2014-11-02 /ejn/EJN_Home.aspx -
2014-11-02 /ejn/ -
2014-11-02 /ejn/AtlasAuthorityData.aspx Id=4193
2014-11-02 /ejn/AtlasChooseAuthority.aspx -
2014-11-02 /ejn/EJN_Home.aspx -
2014-11-02 /ejn/AtlasChooseAuthority.aspx/GetLocations -
2014-11-02 /ejn/AtlasChooseAuthority.aspx -
2014-11-02 /ejn/AtlasAuthorityData.aspx Id=4193
2014-11-02 /ejn/AtlasAuthorityData.aspx Id=4193
2014-11-02 /ejn/AtlasAuthorityData.aspx Id=4193
2014-11-02 /ejn/AtlasChooseMeasure.aspx MP=1&Cou=DE
2014-11-02 /ejn/AtlasChooseMeasure.aspx MP=1&Cou=DE
2014-11-02 /ejn/ -
2014-11-02 /ejn/ -
2014-11-02 /ejn/EJN_Home.aspx -
2014-11-02 /ejn/ -
2014-11-02 /ejn/ -
2014-11-02 /ejn/ -
2014-11-02 /ejn/ -
2014-11-02 /ejn/EJN_Home.aspx -
2014-11-02 /ejn/EJN_Home.aspx -
2014-11-02 /ejn/EJN_Home.aspx -
2014-11-02 /ejn/EJN_Home.aspx -
2014-11-02 /ejn/EJN_StaticPage.aspx Bread=8
2014-11-02 /ejn/EJN_Home.aspx -
2014-11-02 /ejn/EJN_Home.aspx -
2014-11-02 /ejn/EJN_Home.aspx -
2014-11-02 /ejn/EJN_Home.aspx -
2014-11-02 /ejn/ -
2014-11-02 /ejn/EJN_Home.aspx -
2014-11-02 /ejn/AtlasChooseMeasure.aspx Mp=1&Cou=DE&Type=2
2014-11-02 /ejn/AtlasChooseMeasure.aspx Mp=1&Cou=DE&Type=2
2014-11-02 /ejn/AtlasChooseMeasure.aspx Mp=1&Cou=DE&Type=2
2014-11-02 /ejn/AtlasChooseMeasure.aspx Mp=1&Cou=DE&Type=2
2014-11-02 /ejn/AtlasSelection.aspx -
2014-11-02 /ejn/AtlasChooseAuthority.aspx -
2014-11-02 /ejn/libshowdocument.aspx Id=13&Lang=NL
2014-11-02 /ejn/AtlasChooseAuthority.aspx/GetLocations -
2014-11-02 /ejn/AtlasChooseAuthority.aspx/GetLocations -
2014-11-02 /ejn/AtlasChooseAuthority.aspx/GetLocations -
2014-11-02 /ejn/AtlasChooseAuthority.aspx -
2014-11-02 /ejn/AtlasAuthorityData.aspx Id=4153
2014-11-02 /ejn/AtlasChooseAuthority.aspx -
2014-11-02 /ejn/EJN_Home.aspx -
2014-11-02 /ejn/Events.aspx event=100
2014-11-02 /ejn/EJN_Home.aspx -
2014-11-02 /ejn/ejn_home.aspx -
2014-11-02 /ejn/EJN_Home.aspx -
2014-11-02 /ejn/EJN_Home.aspx -
2014-11-02 /ejn/ -
2014-11-02 /ejn/EJN_Home.aspx -
2014-11-02 /ejn/ -
2014-11-02 /ejn/ -
2014-11-02 /ejn/EJN_Login.aspx -
2014-11-02 /ejn/EJN_Login.aspx -
2014-11-02 /ejn/EJN_ContactPointsNew.aspx -
2014-11-02 /ejn/EJN_ContactPointsNew.aspx -
2014-11-02 /ejn/EJN_Home.aspx -
2014-11-02 /ejn/EJN_Home.aspx -
2014-11-02 /ejn/EJN_Home.aspx -
2014-11-02 /ejn/ -
2014-11-02 /ejn/EJN_Home.aspx -
2014-11-02 /ejn/EJN_ContactPointsNew.aspx -
2014-11-02 /ejn/EJN_ContactPointDetail.aspx -
2014-11-02 /ejn/ -
2014-11-02 /ejn/EJN_ContactPointsNew.aspx -
2014-11-02 /ejn/EJN_ContactPointDetail.aspx -
2014-11-02 /ejn/EJN_StaticPage.aspx Bread=33
2014-11-02 /ejn/EJN_Home.aspx -
2014-11-02 /ejn/EJN_Home.aspx -
2014-11-02 /ejn/ -
2014-11-02 /ejn/EJN_Home.aspx -
2014-11-02 /ejn/EJN_Home.aspx -
2014-11-02 /ejn/ -
2014-11-02 /ejn/EJN_Home.aspx -
2014-11-02 /ejn/ -
2014-11-02 /ejn/EJN_Search.aspx -
2014-11-02 /ejn/EJN_AtlasAdvanced.aspx -
2014-11-02 /ejn/EJN_Search.aspx -
2014-11-02 /ejn/EJN_StaticPage.aspx Bread=5
2014-11-02 /ejn/EJN_Home.aspx -
2014-11-02 /ejn/EJN_Home.aspx -
2014-11-02 /ejn/EJN_Home.aspx -
2014-11-02 /ejn/EJN_Home.aspx -
2014-11-02 /ejn/ -
2014-11-02 /ejn/EJN_Home.aspx -
2014-11-02 /ejn/EJN_Home.aspx -
2014-11-02 /ejn/ -
2014-11-02 /ejn/EJN_Home.aspx -
2014-11-02 /ejn/EJN_Home.aspx -
2014-11-02 /ejn/ -
2014-11-02 /ejn/EJN_Home.aspx -
2014-11-02 /ejn/EJN_Home.aspx -
2014-11-02 /ejn/ -
2014-11-02 /ejn/AtlasChooseCountry.aspx Type=2
2014-11-02 /ejn/AtlasChooseCountry.aspx Type=2
2014-11-02 /ejn/AtlasChooseMeasure.aspx MP=0&Cou=295
2014-11-02 /ejn/AtlasChooseMeasure.aspx MP=0&Cou=295
2014-11-02 /ejn/AtlasChooseMeasure.aspx MP=0&Cou=295
2014-11-02 /ejn/AtlasChooseMeasure.aspx MP=0&Cou=295
2014-11-02 /ejn/AtlasSelection.aspx -
2014-11-02 /ejn/AtlasChooseAuthority.aspx -
2014-11-02 /ejn/AtlasChooseAuthority.aspx/GetLocations -
2014-11-02 /ejn/AtlasChooseAuthority.aspx -
2014-11-02 /ejn/AtlasChooseAuthority.aspx -
2014-11-02 /ejn/AtlasAuthorityData.aspx Id=4797
2014-11-02 /ejn/EJN_Home.aspx -
2014-11-02 /ejn/ -
2014-11-02 /ejn/EJN_Home.aspx -
2014-11-02 /ejn/EJN_Home.aspx -
2014-11-02 /ejn/EJN_Home.aspx -
2014-11-02 /ejn/ -
2014-11-02 /ejn/EJN_Home.aspx -
2014-11-02 /ejn/EJN_Home.aspx -
2014-11-02 /ejn/ -
2014-11-02 /ejn/EJN_Home.aspx -
2014-11-02 /ejn/EJN_Home.aspx -
2014-11-02 /ejn/ -
2014-11-02 /ejn/EJN_Home.aspx -
2014-11-02 /ejn/EJN_Home.aspx -
2014-11-02 /ejn/libcategories.aspx -
2014-11-02 /ejn/EJN_Home.aspx -
2014-11-02 /ejn/ -
2014-11-02 /ejn/libcategories.aspx -
2014-11-02 /ejn/ -
2014-11-02 /ejn/EJN_Home.aspx -
2014-11-02 /ejn/EJN_Home.aspx -
2014-11-02 /ejn/ -
2014-11-02 /ejn/EJN_Home.aspx -
2014-11-02 /ejn/ -
2014-11-02 /ejn/EJN_StaticPage.aspx Bread=32
2014-11-02 /ejn/EJN_Home.aspx -
2014-11-02 /ejn/EJN_Home.aspx -
2014-11-02 /ejn/EJN_Home.aspx -
2014-11-02 /ejn/ -
2014-11-02 /ejn/EJN_Home.aspx -
2014-11-02 /ejn/EJN_Home.aspx -
2014-11-02 /ejn/EJN_Home.aspx -
2014-11-02 /ejn/libshowdocument.aspx Id=221&Lang=EL
2014-11-02 /ejn/ -
2014-11-02 /ejn/EJN_Home.aspx -
2014-11-02 /ejn/ -
2014-11-02 /ejn/ ++Culture:SKSessionId:1hr2vb45igsx50j250xplsh5Date_Time:12:15
2014-11-02 /ejn/EJN_FichesBelges.aspx -
2014-11-02 /ejn/EJN_Home.aspx -
2014-11-02 /ejn/EJN_Home.aspx -
2014-11-02 /ejn/ -
2014-11-02 /ejn/EJN_Home.aspx -
2014-11-02 /ejn/EJN_Home.aspx -
2014-11-02 /ejn/libcategories.aspx Id=32
2014-11-02 /ejn/EJN_Home.aspx -
2014-11-02 /ejn/EJN_Home.aspx -
2014-11-02 /ejn/ -
2014-11-02 /ejn/EJN_AtlasAdvanced.aspx -
2014-11-02 /ejn/EJN_Home.aspx -
2014-11-02 /ejn/EJN_Home.aspx -
2014-11-02 /ejn/ -
2014-11-02 /ejn/EJN_Home.aspx -
2014-11-02 /ejn/EJN_Home.aspx -
2014-11-02 /ejn/EJN_Home.aspx -
2014-11-02 /ejn/EJN_Home.aspx -
2014-11-02 /ejn/ -
2014-11-02 /ejn/ejn_home.aspx -
2014-11-02 /ejn/ -
2014-11-02 /ejn/ ++Culture:DESessionId:ff0gcwlyoxlcpozzdjx5g032Date_Time:12:38
2014-11-02 /ejn/EJN_Home.aspx -
2014-11-02 /ejn/AtlasChooseCountry.aspx Type=2
2014-11-02 /ejn/EJN_Home.aspx -
2014-11-02 /ejn/AtlasChooseCountry.aspx Type=2
2014-11-02 /ejn/AtlasChooseMeasure.aspx MP=0&Cou=368
2014-11-02 /ejn/AtlasChooseMeasure.aspx MP=0&Cou=368
2014-11-02 /ejn/AtlasChooseMeasure.aspx MP=0&Cou=368
2014-11-02 /ejn/AtlasSelection.aspx -
2014-11-02 /ejn/AtlasSelection.aspx -
2014-11-02 /ejn/AtlasSelection.aspx -
2014-11-02 /ejn/AtlasSelection.aspx -
2014-11-02 /ejn/AtlasSelection.aspx -
2014-11-02 /ejn/AtlasChooseAuthority.aspx -
2014-11-02 /ejn/AtlasChooseAuthority.aspx/GetLocations -
2014-11-02 /ejn/AtlasChooseAuthority.aspx/GetLocations -
2014-11-02 /ejn/AtlasChooseAuthority.aspx/GetLocations -
2014-11-02 /ejn/AtlasChooseAuthority.aspx -
2014-11-02 /ejn/AtlasAuthorityData.aspx Id=5092
2014-11-02 /ejn/EJN_Home.aspx -
2014-11-02 /ejn/EJN_Home.aspx -
2014-11-02 /ejn/EJN_Home.aspx -
2014-11-02 /ejn/ -
2014-11-02 /ejn/EJN_Home.aspx -
2014-11-02 /atlas_advanced.aspx -
2014-11-02 /atlas_advanced.aspx -
2014-11-02 /atlas_advanced.aspx -
2014-11-02 /atlas_advanced.aspx -
2014-11-02 /ejn/ -
2014-11-02 /ejn/EJN_Home.aspx -
2014-11-02 /ejn/ -
2014-11-02 /ejn/EJN_Home.aspx -
2014-11-02 /ejn/EJN_Home.aspx -
2014-11-02 /ejn/EJN_Home.aspx -
2014-11-02 /ejn/ -
2014-11-02 /ejn/EJN_StaticPage.aspx Bread=2
2014-11-02 /ejn/EJN_Secretariat.aspx -
2014-11-02 /ejn/EJN_Home.aspx -
2014-11-02 /ejn/ -
2014-11-02 /ejn/EJN_Home.aspx -
2014-11-02 /ejn/EJN_Home.aspx -
2014-11-02 /ejn/EJN_Home.aspx -
2014-11-02 /ejn/EJN_Home.aspx -
2014-11-02 /ejn/EJN_Home.aspx -
2014-11-02 /ejn/ -
2014-11-02 /ejn/ -
2014-11-02 /ejn/AtlasChooseCountry.aspx Type=2
2014-11-02 /ejn/EJN_AtlasAdvanced.aspx -
2014-11-02 /ejn/AtlasChooseCountry.aspx Type=2
2014-11-02 /ejn/AtlasChooseMeasure.aspx MP=0&Cou=337
2014-11-02 /ejn/AtlasChooseMeasure.aspx MP=0&Cou=337
2014-11-02 /ejn/AtlasChooseMeasure.aspx MP=0&Cou=337
2014-11-02 /ejn/AtlasSelection.aspx -
2014-11-02 /ejn/AtlasSelection.aspx -
2014-11-02 /ejn/AtlasSelection.aspx -
2014-11-02 /ejn/AtlasChooseAuthority.aspx -
2014-11-02 /ejn/AtlasChooseAuthority.aspx -
2014-11-02 /ejn/AtlasChooseAuthority.aspx -
2014-11-02 /ejn/AtlasRemarksAT.aspx KeepThis=true&
2014-11-02 /ejn/ -
2014-11-02 /ejn/AtlasChooseAuthority.aspx/GetLocations -
2014-11-02 /ejn/AtlasChooseAuthority.aspx -
2014-11-02 /ejn/ ++Culture:DESessionId:wgrabfcshj1hahhiybyu2v2yDate_Time:13:07
2014-11-02 /ejn/AtlasChooseCountry.aspx Type=2
2014-11-02 /ejn/EJN_Home.aspx -
2014-11-02 /ejn/ -
2014-11-02 /ejn/AtlasChooseMeasure.aspx MP=1&Cou=PL
2014-11-02 /ejn/AtlasChooseMeasure.aspx MP=1&Cou=PL
2014-11-02 /ejn/AtlasChooseMeasure.aspx MP=1&Cou=PL
2014-11-02 /ejn/AtlasChooseMeasure.aspx MP=1&Cou=PL
2014-11-02 /ejn/EJN_FichesBelgesResult.aspx measure=702&country=351&other=-1
2014-11-02 /ejn/EJN_Home.aspx -
2014-11-02 /ejn/AtlasChooseCountry.aspx Type=2
2014-11-02 /ejn/AtlasChooseAuthority.aspx -
2014-11-02 /ejn/AtlasChooseAuthority.aspx -
2014-11-02 /ejn/AtlasSelection.aspx Option=PathOptions
2014-11-02 /ejn/AtlasSelection.aspx Option=PathOptions
2014-11-02 /ejn/AtlasSelection.aspx Option=PathOptions
2014-11-02 /ejn/AtlasAuthorityData.aspx Id=1754
2014-11-02 /ejn/AtlasChooseMeasure.aspx MP=0&Cou=259
2014-11-02 /ejn/AtlasChooseMeasure.aspx MP=0&Cou=259
2014-11-02 /ejn/AtlasChooseMeasure.aspx MP=0&Cou=259
2014-11-02 /ejn/AtlasChooseMeasure.aspx MP=0&Cou=259
2014-11-02 /ejn/AtlasChooseMeasure.aspx MP=0&Cou=259
2014-11-02 /ejn/AtlasSelection.aspx -
2014-11-02 /ejn/EJN_Home.aspx -
2014-11-02 /ejn/ -
2014-11-02 /ejn/EJN_Home.aspx -
2014-11-02 /ejn/EJN_Home.aspx -
2014-11-02 /ejn/AtlasSelection.aspx -
2014-11-02 /ejn/AtlasSelection.aspx -
2014-11-02 /ejn/AtlasChooseAuthority.aspx -
2014-11-02 /ejn/EJN_Home.aspx -
2014-11-02 /ejn/AtlasAuthorityData.aspx Id=1754
2014-11-02 /ejn/AtlasAuthorityData.aspx Id=1754
2014-11-02 /ejn/AtlasAuthorityData.aspx Id=1754
2014-11-02 /ejn/AtlasChooseAuthority.aspx -
2014-11-02 /ejn/AtlasChooseAuthority.aspx/GetLocations -
2014-11-02 /ejn/AtlasChooseAuthority.aspx -
2014-11-02 /ejn/AtlasChooseAuthority.aspx -
2014-11-02 /ejn/AtlasAuthorityData.aspx Id=157
2014-11-02 /ejn/AtlasChooseAuthority.aspx -
2014-11-02 /ejn/AtlasChooseAuthority.aspx -
2014-11-02 /ejn/AtlasAuthorityData.aspx Id=78
2014-11-02 /ejn/EJN_Home.aspx -
2014-11-02 /ejn/AtlasChooseAuthority.aspx -
2014-11-02 /ejn/AtlasSelection.aspx -
2014-11-02 /ejn/ -
2014-11-02 /ejn/NewsDetail.aspx id=114&Ori=H
2014-11-02 /ejn/AtlasChooseMeasure.aspx MP=1&Cou=DE
2014-11-02 /ejn/AtlasSelection.aspx -
2014-11-02 /ejn/EJN_Error.aspx -
2014-11-02 /ejn/EJN_Home.aspx -
2014-11-02 /ejn/EJN_Home.aspx -
2014-11-02 /ejn/AtlasChooseMeasure.aspx MP=1&Cou=DE
2014-11-02 /ejn/AtlasChooseMeasure.aspx MP=1&Cou=DE
2014-11-02 /ejn/AtlasSelection.aspx -
2014-11-02 /ejn/AtlasChooseAuthority.aspx -
2014-11-02 /ejn/AtlasChooseCountry.aspx Type=2
2014-11-02 /ejn/AtlasChooseMeasure.aspx MP=1&Cou=DE
2014-11-02 /ejn/AtlasChooseAuthority.aspx -
2014-11-02 /ejn/AtlasChooseMeasure.aspx MP=1&Cou=DE
2014-11-02 /ejn/AtlasChooseMeasure.aspx MP=1&Cou=DE
2014-11-02 /ejn/AtlasChooseMeasure.aspx MP=1&Cou=DE
2014-11-02 /ejn/AtlasSelection.aspx -
2014-11-02 /ejn/AtlasChooseAuthority.aspx -
2014-11-02 /ejn/AtlasChooseAuthority.aspx -
2014-11-02 /ejn/AtlasChooseAuthority.aspx/GetLocations -
2014-11-02 /ejn/AtlasChooseAuthority.aspx -
2014-11-02 /ejn/AtlasChooseAuthority.aspx/GetLocations -
2014-11-02 /ejn/AtlasChooseAuthority.aspx -
2014-11-02 /ejn/AtlasAuthorityData.aspx Id=4177
2014-11-02 /ejn/EJN_Home.aspx -
2014-11-02 /ejn/AtlasAuthorityData.aspx Id=4158
2014-11-02 /ejn/AtlasAuthorityData.aspx Id=4216
2014-11-02 /ejn/EJN_Home.aspx -
2014-11-02 /ejn/AtlasAuthorityData.aspx Id=4159
2014-11-02 /ejn/AtlasChooseAuthority.aspx -
2014-11-02 /ejn/AtlasChooseAuthority.aspx -
2014-11-02 /ejn/AtlasAuthorityData.aspx Id=4208
2014-11-02 /ejn/EJN_Home.aspx -
2014-11-02 /ejn/AtlasChooseAuthority.aspx -
2014-11-02 /ejn/AtlasChooseAuthority.aspx -
2014-11-02 /ejn/AtlasAuthorityData.aspx Id=4252
2014-11-02 /ejn/AtlasChooseAuthority.aspx -
2014-11-02 /ejn/AtlasChooseCountry.aspx Type=2
2014-11-02 /ejn/AtlasChooseMeasure.aspx MP=0&Cou=223
2014-11-02 /ejn/AtlasChooseAuthority.aspx -
2014-11-02 /ejn/AtlasChooseAuthority.aspx -
2014-11-02 /ejn/AtlasAuthorityData.aspx Id=4256
2014-11-02 /ejn/AtlasChooseMeasure.aspx MP=0&Cou=223
2014-11-02 /ejn/AtlasChooseMeasure.aspx MP=0&Cou=223
2014-11-02 /ejn/AtlasChooseMeasure.aspx MP=0&Cou=223
2014-11-02 /ejn/AtlasSelection.aspx -
2014-11-02 /ejn/AtlasChooseAuthority.aspx -
2014-11-02 /ejn/AtlasChooseAuthority.aspx/GetLocations -
2014-11-02 /ejn/AtlasChooseAuthority.aspx/GetLocations -
2014-11-02 /ejn/AtlasChooseAuthority.aspx -
2014-11-02 /ejn/AtlasChooseAuthority.aspx -
2014-11-02 /ejn/AtlasAuthorityData.aspx Id=4208
2014-11-02 /ejn/AtlasChooseAuthority.aspx -
2014-11-02 /ejn/AtlasChooseMeasure.aspx MP=1&Cou=DE
2014-11-02 /ejn/ -
2014-11-02 /ejn/ -
2014-11-02 /ejn/EJN_Home.aspx -
2014-11-02 /ejn/EJN_Home.aspx -
2014-11-02 /ejn/ -
2014-11-02 /ejn/ -
2014-11-02 /ejn/EJN_Home.aspx -
2014-11-02 /ejn/ -
2014-11-02 /ejn/EJN_Home.aspx -
2014-11-02 /ejn/EJN_AtlasAdvanced.aspx -
2014-11-02 /ejn/EJN_Home.aspx -
2014-11-02 /ejn/ -
2014-11-02 /ejn/EJN_Home.aspx -
2014-11-02 /ejn/EJN_Home.aspx -
2014-11-02 /ejn/EJN_Home.aspx -
2014-11-02 /atlas_advanced.aspx -
2014-11-02 /fiches_belges.aspx -
2014-11-02 /forms.aspx -
2014-11-02 /ejn/EJN_Home.aspx -
2014-11-02 /ejn/ -
2014-11-02 /ejn/EJN_Home.aspx -
2014-11-02 /ejn/EJN_Home.aspx -
2014-11-02 /ejn/EJN_Home.aspx -
2014-11-02 /ejn/EJN_Home.aspx -
2014-11-02 /ejn/EJN_Home.aspx -
2014-11-02 /ejn/ -
2014-11-02 /ejn/ -
2014-11-02 /ejn/EJN_Home.aspx -
2014-11-02 /ejn/EJN_StaticPage.aspx Bread=1
2014-11-02 /ejn/EJN_Home.aspx -
2014-11-02 /ejn/libcategories.aspx Id=32
2014-11-02 /ejn/EJN_Home.aspx -
2014-11-02 /ejn/EJN_StaticPage.aspx Bread=16
2014-11-02 /ejn/EJN_Home.aspx -
2014-11-02 /ejn/EJN_Home.aspx -
2014-11-02 /ejn/ -
2014-11-02 /ejn/EJN_Home.aspx -
2014-11-02 /ejn/EJN_Home.aspx -
2014-11-02 /ejn/EJN_Home.aspx -
2014-11-02 /ejn/EJN_Home.aspx -
2014-11-02 /ejn/ -
2014-11-02 /ejn/EJN_Home.aspx -
2014-11-02 /ejn/EJN_EAWAtlas.aspx -
2014-11-02 /ejn/EJN_Error.aspx -
2014-11-02 /ejn/EJN_Home.aspx -
2014-11-02 /ejn/ -
2014-11-02 /ejn/EJN_Home.aspx -
2014-11-02 /ejn/EJN_Home.aspx -
2014-11-02 /ejn/EJN_Home.aspx -
2014-11-02 /ejn/ -
2014-11-02 /ejn/EJN_AtlasAdvanced.aspx -
2014-11-02 /ejn/ -
2014-11-02 /ejn/EJN_InfoAbout.aspx Id=389
2014-11-02 /ejn/EJN_Home.aspx -
2014-11-02 /ejn/ -
2014-11-02 /ejn/EJN_Home.aspx -
2014-11-02 /ejn/EJN_Home.aspx -
2014-11-02 /ejn/ -
2014-11-02 /ejn/EJN_Home.aspx -
2014-11-02 /ejn/EJN_Home.aspx -
2014-11-02 /ejn/EJN_Home.aspx -
2014-11-02 /ejn/ -
2014-11-02 /ejn/ -
2014-11-02 /ejn/ -
2014-11-02 /ejn/EJN_Home.aspx -
2014-11-02 /ejn/EJN_Home.aspx -
2014-11-02 /ejn/ -
2014-11-02 /ejn/EJN_Home.aspx -
2014-11-02 /ejn/libshowdocument.aspx Id=221&Lang=LT
2014-11-02 /ejn/EJN_Home.aspx -
2014-11-02 /ejn/EJN_Home.aspx -
2014-11-02 /ejn/NewsDetail.aspx id=167&Ori=H
2014-11-02 /ejn/EJN_Home.aspx -
2014-11-02 /ejn/libcategories.aspx Id=32
2014-11-02 /ejn/EJN_Home.aspx -
2014-11-02 /ejn/EJN_Home.aspx -
2014-11-02 /ejn/EJN_Home.aspx -
2014-11-02 /ejn/ -
2014-11-02 /ejn/EJN_QuickLinks.aspx id=26
2014-11-02 /ejn/EJN_Home.aspx -
2014-11-02 /ejn/EJN_AtlasAdvanced.aspx -
2014-11-02 /ejn/EJN_Home.aspx -
2014-11-02 /ejn/EJN_StaticPage.aspx Bread=2
2014-11-02 /ejn/EJN_EAWWizard.aspx -
2014-11-02 /ejn/EJN_Home.aspx -
2014-11-02 /ejn/EJN_InfoAbout.aspx Id=223
2014-11-02 /ejn/EJN_Home.aspx -
2014-11-02 /ejn/ -
2014-11-02 /ejn/EJN_Home.aspx -
2014-11-02 /ejn/EJN_Home.aspx -
2014-11-02 /ejn/EJN_InfoAbout.aspx Id=260
2014-11-02 /ejn/EJN_Home.aspx -
2014-11-02 /ejn/EJN_InfoAbout.aspx Id=273
2014-11-02 /ejn/EJN_InfoAbout.aspx Id=395
2014-11-02 /ejn/AtlasChooseCountry.aspx -
2014-11-02 /ejn/EJN_Home.aspx -
2014-11-02 /ejn/EJN_Home.aspx -
2014-11-02 /ejn/EJN_Home.aspx -
2014-11-02 /ejn/ -
2014-11-02 /ejn/EJN_Home.aspx -
2014-11-02 /ejn/EJN_Home.aspx -
2014-11-02 /ejn/EJN_Home.aspx -
2014-11-02 /ejn/EJN_Home.aspx -
2014-11-02 /ejn/ -
2014-11-02 /ejn/EJN_InfoAbout.aspx Id=273
2014-11-02 /ejn/EJN_Home.aspx -
2014-11-02 /ejn/ -
2014-11-02 /ejn/EJN_Home.aspx -
2014-11-02 /ejn/EJN_Home.aspx -
2014-11-02 /ejn/EJN_Home.aspx -
2014-11-02 /ejn/EJN_Home.aspx -
2014-11-02 /ejn/EJN_Home.aspx -
2014-11-02 /ejn/EJN_InfoAbout.aspx Id=373
2014-11-02 /ejn/EJN_Home.aspx -
2014-11-02 /ejn/ -
2014-11-02 /ejn/EJN_Home.aspx -
2014-11-02 /ejn/EJN_Home.aspx -
2014-11-02 /ejn/EJN_InfoAbout.aspx Id=337
2014-11-02 /ejn/EJN_Home.aspx -
2014-11-02 /ejn/EJN_Home.aspx -
2014-11-02 /ejn/ -
2014-11-02 /ejn/EJN_AtlasAdvanced.aspx -
2014-11-02 /ejn/EJN_InfoAbout.aspx Id=277
2014-11-02 /default.aspx -
2014-11-02 /ejn/EJN_InfoAbout.aspx Id=295
2014-11-02 /ejn/EJN_InfoAbout.aspx Id=230
2014-11-02 /ejn/EJN_InfoAbout.aspx Id=307
2014-11-02 /ejn/EJN_InfoAbout.aspx Id=314
2014-11-02 /ejn/EJN_Home.aspx -
2014-11-02 /ejn/ -
2014-11-02 /ejn/EJN_Home.aspx -
2014-11-02 /ejn/EJN_Home.aspx -
2014-11-02 /ejn/ -
2014-11-02 /ejn/EJN_InfoAbout.aspx Id=313
2014-11-02 /ejn/libcategories.aspx Id=32
2014-11-02 /ejn/EJN_Home.aspx -
2014-11-02 /ejn/EJN_Home.aspx -
2014-11-02 /ejn/AtlasChooseMeasure.aspx Mp=1&Cou=FR&Type=2
2014-11-02 /ejn/EJN_InfoAbout.aspx Id=239
2014-11-02 /ejn/EJN_InfoAbout.aspx Id=259
2014-11-02 /ejn/EJN_StaticPage.aspx Bread=21
2014-11-02 /ejn/Gallery.aspx -
2014-11-02 /ejn/EJN_InfoAbout.aspx Id=368
2014-11-02 /ejn/EJN_InfoAbout.aspx Id=378
2014-11-02 /ejn/EJN_InfoAbout.aspx Id=352
2014-11-02 /ejn/EJN_Home.aspx -
2014-11-02 /ejn/EJN_Home.aspx -
2014-11-02 /ejn/ -
2014-11-02 /ejn/ -
2014-11-02 /ejn/ -
2014-11-02 /ejn/ -
2014-11-02 /ejn/EJN_Home.aspx -
2014-11-02 /ejn/EJN_Home.aspx -
2014-11-02 /ejn/EJN_AtlasAdvanced.aspx -
2014-11-02 /ejn/EJN_Home.aspx -
2014-11-02 /ejn/ -
2014-11-02 /ejn/EJN_Home.aspx -
2014-11-02 /ejn/EJN_Home.aspx -
2014-11-02 /ejn/EJN_Home.aspx -
2014-11-02 /ejn/EJN_Home.aspx -
2014-11-02 /ejn/EJN_Home.aspx -
2014-11-02 /ejn/EJN_Home.aspx -
2014-11-02 /ejn/ -
2014-11-02 /ejn/EJN_Home.aspx -
2014-11-02 /ejn/EJN_Home.aspx -
2014-11-02 /ejn/ -
2014-11-02 /ejn/AtlasChooseCountry.aspx -
2014-11-02 /ejn/EJN_Home.aspx -
2014-11-02 /ejn/EJN_Login.aspx -
2014-11-02 /ejn/AtlasChooseCountry.aspx Type=2
2014-11-02 /ejn/AtlasChooseMeasure.aspx MP=0&Cou=354
2014-11-02 /ejn/AtlasChooseMeasure.aspx MP=0&Cou=354
2014-11-02 /ejn/AtlasChooseMeasure.aspx MP=0&Cou=354
2014-11-02 /ejn/AtlasSelection.aspx -
2014-11-02 /ejn/ -
2014-11-02 /ejn/AtlasSelection.aspx -
2014-11-02 /ejn/AtlasSelection.aspx -
2014-11-02 /ejn/AtlasChooseAuthority.aspx -
2014-11-02 /ejn/AtlasChooseAuthority.aspx/GetLocations -
2014-11-02 /ejn/AtlasChooseAuthority.aspx -
2014-11-02 /ejn/EJN_Home.aspx -
2014-11-02 /ejn/AtlasChooseAuthority.aspx -
2014-11-02 /ejn/AtlasChooseAuthority.aspx -
2014-11-02 /ejn/EJN_InfoAbout.aspx Id=352
2014-11-02 /ejn/AtlasChooseAuthority.aspx/GetLocations -
2014-11-02 /ejn/AtlasChooseAuthority.aspx -
2014-11-02 /ejn/AtlasAuthorityData.aspx Id=3539
2014-11-02 /ejn/AtlasChooseMeasure.aspx MP=0&Cou=354
2014-11-02 /ejn/EJN_FichesBelgesTable.aspx -
2014-11-02 /ejn/EJN_Home.aspx -
2014-11-02 /ejn/ -
2014-11-02 /ejn/EJN_Home.aspx -
2014-11-02 /ejn/EJN_Home.aspx -
2014-11-02 /ejn/AtlasChooseMeasure.aspx MP=0&Cou=354
2014-11-02 /ejn/AtlasChooseMeasure.aspx MP=0&Cou=354
2014-11-02 /ejn/AtlasSelection.aspx -
2014-11-02 /ejn/AtlasSelection.aspx -
2014-11-02 /ejn/AtlasSelection.aspx -
2014-11-02 /ejn/AtlasSelection.aspx -
2014-11-02 /ejn/AtlasSelection.aspx -
2014-11-02 /ejn/AtlasChooseAuthority.aspx -
2014-11-02 /ejn/AtlasChooseAuthority.aspx -
2014-11-02 /ejn/AtlasChooseAuthority.aspx -
2014-11-02 /ejn/EJN_Home.aspx -
2014-11-02 /ejn/AtlasAuthorityData.aspx Id=3649
2014-11-02 /ejn/AtlasChooseAuthority.aspx -
2014-11-02 /ejn/AtlasSelection.aspx -
2014-11-02 /ejn/AtlasChooseMeasure.aspx MP=0&Cou=354
2014-11-02 /ejn/ejn_home.aspx -
2014-11-02 /ejn/AtlasChooseMeasure.aspx MP=0&Cou=354
2014-11-02 /ejn/AtlasChooseMeasure.aspx MP=0&Cou=354
2014-11-02 /ejn/AtlasChooseMeasure.aspx MP=0&Cou=354
2014-11-02 /ejn/EJN_Home.aspx -
2014-11-02 /ejn/ -
2014-11-02 /ejn/EJN_Home.aspx -
2014-11-02 /ejn/EJN_InfoAbout.aspx Id=295
2014-11-02 /ejn/AtlasChooseMeasure.aspx MP=0&Cou=354
2014-11-02 /EJN_ContactUs.aspx -
2014-11-02 /NewsDetail.aspx id=257&Ori=H
2014-11-02 /ejn/AtlasChooseMeasure.aspx MP=0&Cou=354
2014-11-02 /ejn/AtlasChooseMeasure.aspx MP=0&Cou=354
2014-11-02 /ejn/EJN_Home.aspx -
2014-11-02 /ejn/AtlasChooseMeasure.aspx MP=0&Cou=354
2014-11-02 /ejn/AtlasSelection.aspx -
2014-11-02 /ejn/AtlasSelection.aspx -
2014-11-02 /ejn/AtlasSelection.aspx -
2014-11-02 /ejn/ -
2014-11-02 /ejn/AtlasChooseCountry.aspx Type=2
2014-11-02 /ejn/AtlasChooseMeasure.aspx MP=0&Cou=277
2014-11-02 /ejn/AtlasChooseMeasure.aspx MP=0&Cou=277
2014-11-02 /ejn/AtlasChooseMeasure.aspx MP=0&Cou=277
2014-11-02 /ejn/AtlasChooseMeasure.aspx MP=0&Cou=277
2014-11-02 /ejn/AtlasSelection.aspx -
2014-11-02 /ejn/AtlasChooseAuthority.aspx -
2014-11-02 /ejn/AtlasChooseAuthority.aspx -
2014-11-02 /ejn/AtlasChooseAuthority.aspx -
2014-11-02 /ejn/AtlasAuthorityData.aspx Id=4189
2014-11-02 /ejn/AtlasAuthorityData.aspx Id=4189
2014-11-02 /ejn/AtlasAuthorityData.aspx Id=4189
2014-11-02 /ejn/AtlasChooseCountry.aspx Type=2
2014-11-02 /ejn/AtlasChooseMeasure.aspx MP=0&Cou=260
2014-11-02 /ejn/AtlasChooseMeasure.aspx MP=0&Cou=260
2014-11-02 /ejn/AtlasChooseMeasure.aspx MP=0&Cou=260
2014-11-02 /ejn/AtlasChooseMeasure.aspx MP=0&Cou=260
2014-11-02 /ejn/AtlasSelection.aspx -
2014-11-02 /ejn/AtlasSelection.aspx -
2014-11-02 /ejn/AtlasSelection.aspx -
2014-11-02 /ejn/AtlasChooseAuthority.aspx -
2014-11-02 /ejn/ -
2014-11-02 /ejn/AtlasChooseAuthority.aspx -
2014-11-02 /ejn/AtlasChooseAuthority.aspx -
2014-11-02 /ejn/AtlasAuthorityData.aspx Id=2318
2014-11-02 /ejn/EJN_Home.aspx -
2014-11-02 /ejn/EJN_Home.aspx -
2014-11-02 /ejn/AtlasChooseAuthority.aspx -
2014-11-02 /ejn/EJN_AtlasAdvanced.aspx -
2014-11-02 /ejn/AtlasChooseCountry.aspx Type=2
2014-11-02 /ejn/AtlasChooseMeasure.aspx MP=0&Cou=354
2014-11-02 /ejn/AtlasChooseMeasure.aspx MP=0&Cou=354
2014-11-02 /ejn/AtlasChooseMeasure.aspx MP=0&Cou=354
2014-11-02 /ejn/AtlasChooseMeasure.aspx MP=0&Cou=354
2014-11-02 /ejn/AtlasSelection.aspx -
2014-11-02 /ejn/AtlasSelection.aspx -
2014-11-02 /ejn/AtlasSelection.aspx -
2014-11-02 /ejn/AtlasSelection.aspx -
2014-11-02 /ejn/AtlasSelection.aspx -
2014-11-02 /ejn/AtlasChooseAuthority.aspx -
2014-11-02 /ejn/AtlasChooseAuthority.aspx -
2014-11-02 /ejn/AtlasChooseAuthority.aspx -
2014-11-02 /ejn/AtlasChooseAuthority.aspx -
2014-11-02 /ejn/AtlasChooseAuthority.aspx -
2014-11-02 /ejn/AtlasAuthorityData.aspx Id=3621
2014-11-02 /ejn/AtlasAuthorityData.aspx Id=3621
2014-11-02 /ejn/AtlasAuthorityData.aspx Id=3621
2014-11-02 /ejn/AtlasAuthorityData.aspx Id=3621
2014-11-02 /ejn/AtlasChooseMeasure.aspx MP=0&Cou=354
2014-11-02 /ejn/EJN_Home.aspx -
2014-11-02 /ejn/ -
2014-11-02 /ejn/EJN_Home.aspx -
2014-11-02 /ejn/EJN_Home.aspx -
2014-11-02 /ejn/EJN_Home.aspx -
2014-11-02 /ejn/EJN_Home.aspx -
2014-11-02 /ejn/ -
2014-11-02 /ejn/EJN_Home.aspx -
2014-11-02 /ejn/EJN_Home.aspx -
2014-11-02 /ejn/EJN_News.aspx -
2014-11-02 /ejn/ -
2014-11-02 /ejn/EJN_News.aspx -
2014-11-02 /ejn/ -
2014-11-02 /ejn/ -
2014-11-02 /ejn/EJN_News.aspx id=49
2014-11-02 /ejn/EJN_News.aspx id=49
2014-11-02 /ejn/EJN_Home.aspx -
2014-11-02 /ejn/EJN_Home.aspx -
2014-11-02 /ejn/ -
2014-11-02 /ejn/ -
2014-11-02 /ejn/ -
2014-11-02 /ejn/libshowdocument.aspx Id=247&Lang=BG
2014-11-02 /ejn/libshowdocument.aspx Id=247&Lang=BG
2014-11-02 /ejn/EJN_AtlasAdvanced.aspx -
2014-11-02 /ejn/libshowdocument.aspx Id=222&Lang=LT
2014-11-02 /ejn/EJN_Home.aspx -
2014-11-02 /ejn/ -
2014-11-02 /ejn/EJN_Home.aspx -
2014-11-02 /ejn/EJN_Home.aspx -
2014-11-02 /ejn/EJN_Home.aspx -
2014-11-02 /ejn/EJN_SubscribeNewsLetter.aspx -
2014-11-02 /ejn/EJN_Home.aspx -
2014-11-02 /ejn/Events.aspx event=273
2014-11-02 /ejn/EJN_Home.aspx -
2014-11-02 /ejn/EJN_Home.aspx -
2014-11-02 /ejn/EJN_Home.aspx -
2014-11-02 /ejn/EJN_Home.aspx -
2014-11-02 /ejn/ -
2014-11-02 /ejn/EJN_Home.aspx -
2014-11-02 /ejn/EJN_Home.aspx -
2014-11-02 /ejn/ -
2014-11-02 /ejn/EJN_Home.aspx -
2014-11-02 /ejn/ -
2014-11-02 /ejn/EJN_Home.aspx -
2014-11-02 /ejn/EJN_Home.aspx -
2014-11-02 /ejn/EJN_Home.aspx -
2014-11-02 /ejn/EJN_Home.aspx -
2014-11-02 /ejn/ -
2014-11-02 /ejn/EJN_Home.aspx -
2014-11-02 /ejn/ -
2014-11-02 /ejn/ -
2014-11-02 /ejn/EJN_Home.aspx -
2014-11-02 /ejn/EJN_Home.aspx -
2014-11-02 /ejn/EJN_AtlasAdvanced.aspx -
2014-11-02 /ejn/EJN_Home.aspx -
2014-11-02 /ejn/ -
2014-11-02 /ejn/EJN_Home.aspx -
2014-11-02 /ejn/EJN_Home.aspx -
2014-11-02 /ejn/ -
2014-11-02 /ejn/EJN_Home.aspx -
2014-11-02 /ejn/EJN_Home.aspx -
2014-11-02 /ejn/EJN_Home.aspx -
2014-11-02 /ejn/EJN_StaticPage.aspx Bread=12
2014-11-02 /ejn/EJN_Home.aspx -
2014-11-02 /ejn/ -
2014-11-02 /ejn/EJN_StaticPage.aspx Bread=12
2014-11-02 /ejn/libshowdocument.aspx Id=1&Lang=EN
2014-11-02 /ejn/EJN_Home.aspx -
2014-11-02 /ejn/EJN_Home.aspx -
2014-11-02 /ejn/ -
2014-11-02 /ejn/ -
2014-11-02 /ejn/ ++Culture:ROSessionId:k0uet4wiau3fhe1p3hmb1jamDate_Time:17:27
2014-11-02 /ejn/EJN_StaticPage.aspx Bread=2
2014-11-02 /ejn/EJN_AtlasAdvanced.aspx -
2014-11-02 /ejn/EJN_StaticPage.aspx Bread=36
2014-11-02 /ejn/EJN_Home.aspx -
2014-11-02 /ejn/EJN_Home.aspx -
2014-11-02 /ejn/ -
2014-11-02 /ejn/EJN_Home.aspx -
2014-11-02 /ejn/EJN_Home.aspx -
2014-11-02 /ejn/EJN_StaticPage.aspx Bread=39
2014-11-02 /ejn/EJN_StaticPage.aspx Bread=10
2014-11-02 /ejn/EJN_Home.aspx -
2014-11-02 /ejn/EJN_Home.aspx -
2014-11-02 /ejn/EJN_StaticPage.aspx Bread=33
2014-11-02 /ejn/EJN_StaticPage.aspx Bread=13
2014-11-02 /ejn/EJN_Home.aspx -
2014-11-02 /ejn/EJN_Home.aspx -
2014-11-02 /ejn/ -
2014-11-02 /ejn/EJN_Home.aspx -
2014-11-02 /ejn/EJN_Home.aspx -
2014-11-02 /ejn/EJN_FichesBelgesResult.aspx measure=701&country=277&other=351
2014-11-02 /ejn/EJN_ContactPointDetail.aspx -
2014-11-02 /eaw_atlas.aspx reload=1
2014-11-02 /ejn/EJN_Home.aspx -
2014-11-02 /ejn/ -
2014-11-02 /ejn/EJN_Home.aspx -
2014-11-02 /ejn/EJN_Home.aspx -
2014-11-02 /ejn/libcategories.aspx Id=14
2014-11-02 /ejn/EJN_Home.aspx -
2014-11-02 /ejn/EJN_Home.aspx -
2014-11-02 /ejn/EJN_Home.aspx ++Culture:DESessionId:qvu5c0ltybovj0wcweukkpceDate_Time:17:57
2014-11-02 /ejn/EJN_Home.aspx -
2014-11-02 /ejn/EJN_StaticPage.aspx Bread=2
2014-11-02 /ejn/AtlasChooseCountry.aspx Type=1
2014-11-02 /ejn/EJN_Home.aspx -
2014-11-02 /ejn/ -
2014-11-02 /ejn/ -
2014-11-02 /ejn/ -
2014-11-02 /ejn/ -
2014-11-02 /ejn/EJN_Home.aspx -
2014-11-02 /ejn/EJN_Home.aspx -
2014-11-02 /ejn/EJN_Home.aspx -
2014-11-02 /ejn/EJN_Home.aspx -
2014-11-02 /ejn/ -
2014-11-02 /ejn/EJN_AtlasAdvanced.aspx -
2014-11-02 /ejn/EJN_AtlasAdvanced.aspx -
2014-11-02 /ejn/EJN_AtlasAdvanced.aspx -
2014-11-02 /ejn/AtlasAuthorityData.aspx Id=3031
2014-11-02 /ejn/EJN_Error.aspx -
2014-11-02 /ejn/EJN_Home.aspx -
2014-11-02 /ejn/ -
2014-11-02 /ejn/EJN_Home.aspx ++Culture:ESSessionId:tolvjqwcxs2c2tk02mit5ucaDate_Time:18:10
2014-11-02 /ejn/ -
2014-11-02 /ejn/EJN_QuickLinks.aspx id=26
2014-11-02 /ejn/EJN_EAWAtlas.aspx -
2014-11-02 /ejn/EJN_Error.aspx -
2014-11-02 /ejn/EJN_Home.aspx -
2014-11-02 /ejn/ -
2014-11-02 /ejn/AtlasChooseCountry.aspx Type=1
2014-11-02 /ejn/AtlasChooseMeasure.aspx MP=1&Cou=DE
2014-11-02 /ejn/AtlasSelection.aspx -
2014-11-02 /ejn/AtlasChooseAuthority.aspx -
2014-11-02 /ejn/AtlasChooseAuthority.aspx/GetLocations -
2014-11-02 /ejn/AtlasChooseAuthority.aspx -
2014-11-02 /ejn/AtlasAuthorityData.aspx Id=5288
2014-11-02 /ejn/AtlasAuthorityData.aspx Id=5299
2014-11-02 /ejn/AtlasChooseAuthority.aspx -
2014-11-02 /ejn/EJN_Home.aspx -
2014-11-02 /ejn/ -
2014-11-02 /ejn/EJN_Home.aspx -
2014-11-02 /ejn/ -
2014-11-02 /ejn/EJN_Home.aspx -
2014-11-02 /ejn/EJN_Home.aspx -
2014-11-02 /ejn/EJN_StaticPage.aspx Bread=12
2014-11-02 /contact_points.aspx -
2014-11-02 /contact_points.aspx -
2014-11-02 /ejn/libdocumentproperties.aspx Id=13
2014-11-02 /ejn/EJN_Home.aspx -
2014-11-02 /ejn/ -
2014-11-02 /ejn/EJN_Home.aspx -
2014-11-02 /ejn/EJN_Home.aspx -
2014-11-02 /ejn/EJN_Home.aspx -
2014-11-02 /ejn/libshowdocument.aspx Id=222&Lang=LT
2014-11-02 /ejn/ -
2014-11-02 /ejn/EJN_Home.aspx -
2014-11-02 /ejn/EJN_Home.aspx -
2014-11-02 /ejn/EJN_Home.aspx -
2014-11-02 /ejn/libcategories.aspx -
2014-11-02 /ejn/libcategories.aspx Id=1
2014-11-02 /ejn/libcategories.aspx Id=19
2014-11-02 /ejn/libcategories.aspx Id=12
2014-11-02 /ejn/EJN_Home.aspx -
2014-11-02 /ejn/ -
2014-11-02 /ejn/libcategories.aspx Id=14
2014-11-02 /ejn/libshowdocument.aspx Id=3&Lang=RO
2014-11-02 /NewsDetail.aspx id=251&Ori=H
2014-11-02 /ejn/AtlasChooseMeasure.aspx MP=0&Cou=277
2014-11-02 /ejn/EJN_SubscribeNewsLetter.aspx -
2014-11-02 /ejn/EJN_StaticPage.aspx Bread=1
2014-11-02 /ejn/AtlasChooseMeasure.aspx MP=0&Cou=223
2014-11-02 /ejn/libcategories.aspx Id=1
2014-11-02 /ejn/libcategories.aspx Id=1
2014-11-02 /ejn/libcategories.aspx Id=19
2014-11-02 /ejn/libcategories.aspx Id=19
2014-11-02 /ejn/libcategories.aspx Id=20
2014-11-02 /ejn/libcategories.aspx Id=20
2014-11-02 /ejn/libcategories.aspx Id=21
2014-11-02 /ejn/EJN_AtlasAdvanced.aspx -
2014-11-02 /ejn/EJN_Home.aspx -
2014-11-02 /ejn/ -
2014-11-02 /ejn/ -
2014-11-02 /ejn/EJN_News.aspx id=36
2014-11-02 /ejn/EJN_News.aspx id=36
2014-11-02 /ejn/EJN_Home.aspx -
2014-11-02 /ejn/ -
2014-11-02 /ejn/EJN_Home.aspx -
2014-11-02 /ejn/EJN_Home.aspx -
2014-11-02 /ejn/EJN_Home.aspx -
2014-11-02 /ejn/ -
2014-11-02 /ejn/ -
2014-11-02 /ejn/ -
2014-11-02 /ejn/ -
2014-11-02 /ejn/ -
2014-11-02 /ejn/ -
2014-11-02 /ejn/EJN_Home.aspx -
2014-11-02 /ejn/EJN_Home.aspx -
2014-11-02 /ejn/EJN_Home.aspx -
2014-11-02 /ejn/EJN_Home.aspx -
2014-11-02 /ejn/EJN_Home.aspx -
2014-11-02 /ejn/EJN_Home.aspx -
2014-11-02 /ejn/EJN_Home.aspx -
2014-11-02 /ejn/ -
2014-11-02 /ejn/EJN_StaticPage.aspx Bread=37
2014-11-02 /ejn/EJN_StaticPage.aspx Bread=28
2014-11-02 /ejn/EJN_StaticPage.aspx Bread=5
2014-11-02 /ejn/EJN_StaticPage.aspx Bread=28
2014-11-02 /ejn/EJN_Home.aspx -
2014-11-02 /ejn/ -
2014-11-02 /ejn/EJN_News.aspx id=33
2014-11-02 /ejn/EJN_News.aspx id=33
2014-11-02 /ejn/EJN_News.aspx id=36
2014-11-02 /ejn/EJN_Home.aspx -
2014-11-02 /ejn/ -
2014-11-02 /ejn/EJN_Home.aspx -
2014-11-02 /ejn/EJN_Home.aspx -
2014-11-02 /ejn/ -
2014-11-02 /ejn/EJN_Home.aspx -
2014-11-02 /ejn/libshowdocument.aspx Id=197&Lang=CS
2014-11-02 /ejn/libshowdocument.aspx Id=197&Lang=CS
2014-11-02 /atlas_advanced.aspx -
2014-11-02 /ejn/EJN_Home.aspx -
2014-11-02 /ejn/EJN_Home.aspx -
2014-11-02 /ejn/EJN_Home.aspx -
2014-11-02 /ejn/EJN_FichesBelges.aspx -
2014-11-02 /ejn/EJN_FichesBelges.aspx -
2014-11-02 /ejn/EJN_FichesBelges.aspx -
2014-11-02 /ejn/EJN_FichesBelges.aspx -
2014-11-02 /ejn/EJN_FichesBelgesResult.aspx measure=901&country=277&other=373
2014-11-02 /ejn/ejn_home.aspx -
2014-11-02 /ejn/ -
2014-11-02 /ejn/libcategories.aspx Id=24
2014-11-02 /ejn/ -
2014-11-02 /ejn/libcategories.aspx Id=25
2014-11-02 /ejn/ -
2014-11-02 /ejn/libcategories.aspx Id=32
2014-11-02 /ejn/libshowdocument.aspx Id=16&Lang=ES
2014-11-02 /ejn/ -
2014-11-02 /ejn/AtlasChooseCountry.aspx Type=2
2014-11-02 /ejn/AtlasChooseMeasure.aspx MP=1&Cou=FR
2014-11-02 /ejn/AtlasChooseMeasure.aspx MP=1&Cou=FR
2014-11-02 /ejn/AtlasChooseCountry.aspx Type=2
2014-11-02 /ejn/AtlasChooseMeasure.aspx MP=1&Cou=FR
2014-11-02 /ejn/AtlasChooseMeasure.aspx MP=1&Cou=FR
2014-11-02 /ejn/ -
2014-11-02 /ejn/AtlasChooseMeasure.aspx MP=1&Cou=FR
2014-11-02 /ejn/AtlasChooseCountry.aspx Type=2
2014-11-02 /ejn/AtlasChooseMeasure.aspx MP=1&Cou=FR
2014-11-02 /ejn/EJN_AtlasAdvanced.aspx -
2014-11-02 /ejn/EJN_Home.aspx -
2014-11-02 /ejn/EJN_FichesBelgesResult.aspx measure=502&country=273&other=-1
2014-11-02 /ejn/EJN_Home.aspx -
2014-11-02 /ejn/EJN_Home.aspx -
2014-11-02 /ejn/EJN_FichesBelgesGuide.aspx -
2014-11-02 /ejn/EJN_FichesBelgesTable.aspx -
2014-11-02 /ejn/EJN_Home.aspx -
2014-11-02 /ejn/EJN_FichesBelgesTable.aspx -
2014-11-02 /ejn/EJN_FichesBelgesGuide.aspx -
2014-11-02 /ejn/ -
2014-11-02 /ejn/EJN_Home.aspx -
2014-11-02 /ejn/EJN_StaticPage.aspx Bread=10
2014-11-02 /ejn/EJN_Secretariat.aspx -
2014-11-02 /ejn/EJN_StaticPage.aspx Bread=13
2014-11-02 /ejn/ejn_home.aspx -
2014-11-02 /ejn/ -
2014-11-02 /ejn/ -
2014-11-02 /ejn/AtlasChooseMeasure.aspx Mp=1&Cou=FR&Type=2
2014-11-02 /ejn/EJN_FichesBelgesResult.aspx measure=713&country=273&other=-1
2014-11-02 /ejn/EJN_FichesBelgesResult.aspx measure=801&country=273&other=-1
2014-11-02 /ejn/AtlasChooseCountry.aspx Type=2
2014-11-02 /ejn/libcategories.aspx -
2014-11-02 /ejn/libcategories.aspx Id=3
2014-11-02 /ejn/libdocumentproperties.aspx Id=457
2014-11-02 /ejn/EJN_EAWAtlas.aspx -
2014-11-02 /ejn/EJN_Error.aspx -
2014-11-02 /ejn/EJN_ContactUs.aspx &KeepThis=true&
2014-11-02 /ejn/libcategories.aspx -
2014-11-02 /ejn/libcategories.aspx Id=2
2014-11-02 /ejn/libcategories.aspx -
2014-11-02 /ejn/libcategories.aspx Id=6
2014-11-02 /ejn/libadvancedsearch.aspx -
2014-11-02 /ejn/libadvancedsearch.aspx -
2014-11-02 /ejn/AtlasChooseCountry.aspx -
2014-11-02 /ejn/EJN_Home.aspx -
2014-11-02 /ejn/EJN_Home.aspx -
2014-11-02 /ejn/EJN_Home.aspx -
2014-11-02 /ejn/EJN_Home.aspx -
2014-11-02 /ejn/EJN_Home.aspx ++Culture:ROSessionId:joz5on3tkdcilcycvs41aag5Date_Time:19:11
2014-11-02 /ejn/ -
2014-11-02 /ejn/AtlasChooseMeasure.aspx Mp=1&Cou=FR&Type=2
2014-11-02 /ejn/AtlasChooseMeasure.aspx Mp=1&Cou=FR&Type=2
2014-11-02 /ejn/AtlasChooseMeasure.aspx Mp=1&Cou=FR&Type=2
2014-11-02 /ejn/AtlasChooseCountry.aspx Type=2
2014-11-02 /ejn/EJN_StaticPage.aspx Bread=11
2014-11-02 /ejn/libcategories.aspx -
2014-11-02 /ejn/libcategories.aspx Id=7
2014-11-02 /ejn/EJN_StaticPage.aspx Bread=11
2014-11-02 /ejn/EJN_InfoAbout.aspx Id=273
2014-11-02 /ejn/libcategories.aspx Id=1
2014-11-02 /ejn/EJN_Home.aspx -
2014-11-02 /ejn/ -
2014-11-02 /ejn/EJN_Home.aspx -
2014-11-02 /ejn/EJN_Home.aspx -
2014-11-02 /ejn/libcategories.aspx Id=19
2014-11-02 /ejn/libcategories.aspx Id=21
2014-11-02 /ejn/libcategories.aspx Id=105
2014-11-02 /ejn/libcategories.aspx -
2014-11-02 /ejn/ -
2014-11-02 /ejn/AtlasChooseCountry.aspx Type=2
2014-11-02 /ejn/AtlasChooseMeasure.aspx MP=1&Cou=FR
2014-11-02 /ejn/ -
2014-11-02 /ejn/ ++Culture:ROSessionId:wvkxlrhdm1zt1d513gd3vl1tDate_Time:19:16
2014-11-02 /ejn/libcategories.aspx -
2014-11-02 /ejn/libcategories.aspx Id=1
2014-11-02 /ejn/libcategories.aspx Id=1
2014-11-02 /ejn/libcategories.aspx Id=19
2014-11-02 /ejn/libcategories.aspx Id=9
2014-11-02 /ejn/libcategories.aspx Id=32
2014-11-02 /ejn/ -
2014-11-02 /ejn/EJN_Home.aspx -
2014-11-02 /ejn/ -
2014-11-02 /ejn/libshowdocument.aspx Id=1128&Lang=RO
2014-11-02 /ejn/ -
2014-11-02 /ejn/EJN_Home.aspx -
2014-11-02 /ejn/EJN_Home.aspx -
2014-11-02 /ejn/EJN_Home.aspx -
2014-11-02 /ejn/ -
2014-11-02 /ejn/EJN_Home.aspx -
2014-11-02 /ejn/EJN_Home.aspx -
2014-11-02 /ejn/EJN_Home.aspx -
2014-11-02 /ejn/EJN_Home.aspx -
2014-11-02 /ejn/ -
2014-11-02 /ejn/EJN_AtlasAdvanced.aspx -
2014-11-02 /ejn/EJN_Home.aspx -
2014-11-02 /ejn/ -
2014-11-02 /ejn/EJN_Home.aspx -
2014-11-02 /ejn/EJN_Home.aspx -
2014-11-02 /ejn/EJN_News.aspx id=33
2014-11-02 /ejn/EJN_Home.aspx -
2014-11-02 /ejn/EJN_Home.aspx -
2014-11-02 /ejn/EJN_Home.aspx -
2014-11-02 /ejn/EJN_Home.aspx -
2014-11-02 /ejn/EJN_Home.aspx -
2014-11-02 /ejn/EJN_Home.aspx -
2014-11-02 /ejn/EJN_Home.aspx -
2014-11-02 /ejn/EJN_Home.aspx -
2014-11-02 /ejn/ -
2014-11-02 /ejn/EJN_Events.aspx date=09/06/2011
2014-11-02 /ejn/EJN_Events.aspx date=09/06/2011
2014-11-02 /ejn/ -
2014-11-02 /ejn/ -
2014-11-02 /ejn/ ++Culture:ITSessionId:nbjrr1hxpaof1qgzbhqwmliuDate_Time:19:51
2014-11-02 /ejn/EJN_Compendium.aspx -
2014-11-02 /ejn/ctrls.compendium/IframeEngine.aspx -
2014-11-02 /ejn/EJN_Compendium.aspx -
2014-11-02 /ejn/ctrls.compendium/IframeEngine.aspx -
2014-11-02 /ejn/EJN_Home.aspx -
2014-11-02 /ejn/ -
2014-11-02 /ejn/EJN_Home.aspx -
2014-11-02 /ejn/EJN_Home.aspx -
2014-11-02 /ejn/EJN_FichesBelges.aspx -
2014-11-02 /ejn/EJN_FichesBelges.aspx -
2014-11-02 /ejn/EJN_FichesBelges.aspx -
2014-11-02 /ejn/AtlasChooseCountry.aspx -
2014-11-02 /ejn/EJN_Home.aspx -
2014-11-02 /ejn/EJN_FichesBelgesResult.aspx measure=101&country=295&other=-1
2014-11-02 /ejn/EJN_InfoAbout.aspx Id=279
2014-11-02 /ejn/EJN_InfoAbout.aspx Id=279
2014-11-02 /ejn/EJN_InfoAbout.aspx Id=279
2014-11-02 /ejn/EJN_InfoAbout.aspx Id=295
2014-11-02 /ejn/AtlasChooseCountry.aspx Type=1
2014-11-02 /ejn/EJN_InfoAbout.aspx Id=295++Culture:ESSessionId:dhgpwtw1gr3x3sjcdjk1mnz3Date_Time:19:55
2014-11-02 /ejn/EJN_StaticPage.aspx Bread=12
2014-11-02 /ejn/libcategories.aspx Id=32
2014-11-02 /ejn/libcategories.aspx -
2014-11-02 /ejn/libshowdocument.aspx Id=16&Lang=IT
2014-11-02 /ejn/libcategories.aspx Id=2
2014-11-02 /ejn/libcategories.aspx id=2
2014-11-02 /ejn/libcategories.aspx -
2014-11-02 /ejn/libcategories.aspx Id=3
2014-11-02 /ejn/libcategories.aspx -
2014-11-02 /ejn/libcategories.aspx Id=5
2014-11-02 /ejn/libshowdocument.aspx Id=388&Lang=IT
2014-11-02 /ejn/EJN_Home.aspx -
2014-11-02 /ejn/EJN_Home.aspx -
2014-11-02 /ejn/EJN_Home.aspx -
2014-11-02 /ejn/EJN_Home.aspx -
2014-11-02 /ejn/ -
2014-11-02 /ejn/EJN_Home.aspx -
2014-11-02 /ejn/EJN_Home.aspx -
2014-11-02 /ejn/EJN_Home.aspx -
2014-11-02 /ejn/ -
2014-11-02 /ejn/ -
2014-11-02 /ejn/EJN_AtlasAdvanced.aspx -
2014-11-02 /ejn/EJN_Home.aspx -
2014-11-02 /ejn/ -
2014-11-02 /ejn/libcategories.aspx -
2014-11-02 /ejn/EJN_Home.aspx -
2014-11-02 /ejn/EJN_Home.aspx -
2014-11-02 /ejn/ -
2014-11-02 /ejn/EJN_Home.aspx -
2014-11-02 /ejn/EJN_Home.aspx -
2014-11-02 /ejn/EJN_Home.aspx ++Culture:SKSessionId:hs4uqmjz2as21frlcxglljqbDate_Time:20:13
2014-11-02 /ejn/EJN_Home.aspx -
2014-11-02 /ejn/EJN_Home.aspx ++Culture:ENSessionId:hs4uqmjz2as21frlcxglljqbDate_Time:8:13+PM
2014-11-02 /ejn/EJN_Home.aspx ++Culture:CSSessionId:hs4uqmjz2as21frlcxglljqbDate_Time:20:14
2014-11-02 /ejn/libadvancedsearch.aspx -
2014-11-02 /ejn/EJN_Home.aspx -
2014-11-02 /ejn/EJN_FichesBelges.aspx -
2014-11-02 /ejn/EJN_FichesBelges.aspx ++Culture:ENSessionId:hs4uqmjz2as21frlcxglljqbDate_Time:8:17+PM
2014-11-02 /ejn/ -
2014-11-02 /ejn/EJN_FichesBelges.aspx ++Culture:FRSessionId:hs4uqmjz2as21frlcxglljqbDate_Time:20:17
2014-11-02 /ejn/EJN_Home.aspx -
2014-11-02 /ejn/EJN_Home.aspx -
2014-11-02 /ejn/EJN_Home.aspx -
2014-11-02 /ejn/EJN_StaticPage.aspx Bread=8
2014-11-02 /ejn/EJN_StaticPage.aspx Bread=16
2014-11-02 /ejn/EJN_StaticPage.aspx Bread=16++Culture:SKSessionId:hs4uqmjz2as21frlcxglljqbDate_Time:20:21
2014-11-02 /ejn/EJN_StaticPage.aspx Bread=16++Culture:CSSessionId:hs4uqmjz2as21frlcxglljqbDate_Time:20:22
2014-11-02 /ejn/libshowdocument.aspx Id=222&Lang=LT
2014-11-02 /ejn/EJN_Home.aspx -
2014-11-02 /ejn/EJN_Home.aspx -
2014-11-02 /ejn/EJN_Home.aspx -
2014-11-02 /ejn/ -
2014-11-02 /ejn/EJN_AtlasAdvanced.aspx -
2014-11-02 /ejn/EJN_Home.aspx -
2014-11-02 /ejn/ -
2014-11-02 /ejn/EJN_Home.aspx -
2014-11-02 /ejn/EJN_Home.aspx -
2014-11-02 /ejn/EJN_Home.aspx -
2014-11-02 /ejn/ -
2014-11-02 /ejn/EJN_StaticPage.aspx Bread=2
2014-11-02 /ejn/EJN_Home.aspx -
2014-11-02 /ejn/EJN_Home.aspx -
2014-11-02 /ejn/EJN_Home.aspx -
2014-11-02 /ejn/EJN_Home.aspx -
2014-11-02 /ejn/EJN_Home.aspx -
2014-11-02 /ejn/libshowdocument.aspx Id=197&Lang=CS
2014-11-02 /ejn/EJN_Home.aspx -
2014-11-02 /ejn/EJN_Home.aspx -
2014-11-02 /ejn/AtlasChooseCountry.aspx -
2014-11-02 /ejn/EJN_Home.aspx -
2014-11-02 /ejn/EJN_Home.aspx -
2014-11-02 /ejn/ -
2014-11-02 /ejn/EJN_Home.aspx -
2014-11-02 /ejn/ -
2014-11-02 /ejn/EJN_Home.aspx -
2014-11-02 /ejn/EJN_Home.aspx -
2014-11-02 /ejn/EJN_Home.aspx -
2014-11-02 /ejn/EJN_Home.aspx -
2014-11-02 /ejn/EJN_StaticPage.aspx Bread=2
2014-11-02 /ejn/EJN_Home.aspx -
2014-11-02 /ejn/EJN_Home.aspx -
2014-11-02 /ejn/EJN_Home.aspx -
2014-11-02 /ejn/EJN_Home.aspx -
2014-11-02 /ejn/EJN_Home.aspx -
2014-11-02 /ejn/EJN_Home.aspx ++Culture:SKSessionId:yfoxo3e4ly3c5adgz24bsyonDate_Time:21:00
2014-11-02 /ejn/EJN_StaticPage.aspx Bread=10
2014-11-02 /ejn/EJN_Login.aspx -
2014-11-02 /ejn/EJN_Home.aspx -
2014-11-02 /ejn/ -
2014-11-02 /ejn/ -
2014-11-02 /ejn/EJN_AtlasAdvanced.aspx -
2014-11-02 /ejn/EJN_StaticPage.aspx Bread=39
2014-11-02 /ejn/EJN_Secretariat.aspx -
2014-11-02 /ejn/EJN_Home.aspx -
2014-11-02 /ejn/EJN_Home.aspx -
2014-11-02 /ejn/libcategories.aspx Id=14
2014-11-02 /ejn/libadvancedsearch.aspx -
2014-11-02 /ejn/EJN_Home.aspx -
2014-11-02 /ejn/ -
2014-11-02 /ejn/EJN_Home.aspx -
2014-11-02 /ejn/ -
2014-11-02 /ejn/EJN_Home.aspx -
2014-11-02 /ejn/EJN_Home.aspx -
2014-11-02 /ejn/AtlasChooseCountry.aspx -
2014-11-02 /ejn/EJN_Home.aspx -
2014-11-02 /ejn/AtlasChooseCountry.aspx -
2014-11-02 /ejn/ -
2014-11-02 /ejn/EJN_Home.aspx -
2014-11-02 /ejn/EJN_Home.aspx -
2014-11-02 /ejn/EJN_Home.aspx -
2014-11-02 /ejn/EJN_Home.aspx -
2014-11-02 /ejn/EJN_Home.aspx -
2014-11-02 /ejn/EJN_Home.aspx -
2014-11-02 /ejn/AtlasSelection.aspx -
2014-11-02 /ejn/EJN_Error.aspx -
2014-11-02 /ejn/EJN_Home.aspx -
2014-11-02 /ejn/AtlasChooseMeasure.aspx Mp=1&Cou=HU&Type=2
2014-11-02 /ejn/AtlasChooseMeasure.aspx Mp=1&Cou=HU&Type=2
2014-11-02 /ejn/AtlasChooseMeasure.aspx Mp=1&Cou=HU&Type=2
2014-11-02 /ejn/AtlasChooseMeasure.aspx Mp=1&Cou=HU&Type=2
2014-11-02 /ejn/AtlasSelection.aspx -
2014-11-02 /ejn/AtlasSelection.aspx -
2014-11-02 /ejn/AtlasSelection.aspx -
2014-11-02 /ejn/AtlasChooseAuthority.aspx -
2014-11-02 /ejn/EJN_Home.aspx -
2014-11-02 /ejn/EJN_Home.aspx -
2014-11-02 /ejn/AtlasChooseAuthority.aspx/GetLocations -
2014-11-02 /ejn/AtlasChooseAuthority.aspx -
2014-11-02 /ejn/AtlasChooseAuthority.aspx/GetLocations -
2014-11-02 /ejn/AtlasChooseAuthority.aspx -
2014-11-02 /ejn/AtlasAuthorityData.aspx Id=1208
2014-11-02 /ejn/ -
2014-11-02 /ejn/EJN_Home.aspx -
2014-11-02 /ejn/ -
2014-11-02 /ejn/EJN_AtlasAdvanced.aspx -
2014-11-02 /ejn/ -
2014-11-02 /ejn/EJN_StaticPage.aspx Bread=9
2014-11-02 /ejn/EJN_Secretariat.aspx -
2014-11-02 /ejn/EJN_FichesBelgesResult.aspx measure=107&country=DE&other=-1
2014-11-02 /ejn/EJN_Home.aspx -
2014-11-02 /ejn/EJN_Home.aspx -
2014-11-02 /ejn/ -
2014-11-02 /ejn/EJN_Home.aspx -
2014-11-02 /ejn/EJN_Home.aspx -
2014-11-02 /ejn/EJN_Home.aspx -
2014-11-02 /ejn/EJN_StaticPage.aspx Bread=9
2014-11-02 /ejn/ejn_home.aspx -
2014-11-02 /ejn/Events.aspx event=273
2014-11-02 /ejn/EJN_Home.aspx -
2014-11-02 /ejn/EJN_Home.aspx -
2014-11-02 /ejn/EJN_Home.aspx -
2014-11-02 /ejn/EJN_Home.aspx -
2014-11-02 /ejn/EJN_FichesBelges.aspx -
2014-11-02 /ejn/EJN_Home.aspx -
2014-11-02 /ejn/EJN_Home.aspx -
2014-11-02 /ejn/EJN_Home.aspx -
2014-11-02 /ejn/EJN_Home.aspx -
2014-11-02 /ejn/EJN_Home.aspx -
2014-11-02 /ejn/EJN_Home.aspx -
2014-11-02 /ejn/EJN_Home.aspx -
2014-11-02 /ejn/Events.aspx event=273
2014-11-02 /ejn/EJN_Home.aspx -
2014-11-02 /ejn/EJN_Home.aspx -
2014-11-02 /ejn/Events.aspx event=273
2014-11-02 /ejn/ -
2014-11-02 /ejn/EJN_Home.aspx -
2014-11-02 /ejn/ -
2014-11-02 /ejn/EJN_Home.aspx -
2014-11-02 /ejn/EJN_Home.aspx -
2014-11-02 /ejn/EJN_Home.aspx -
2014-11-02 /ejn/EJN_Home.aspx -
2014-11-02 /ejn/EJN_Home.aspx -
2014-11-02 /ejn/EJN_Home.aspx -
2014-11-02 /ejn/EJN_Home.aspx -
2014-11-02 /ejn/EJN_FichesBelges.aspx -
2014-11-02 /ejn/EJN_Home.aspx -
2014-11-02 /ejn/EJN_FichesBelges.aspx ++Culture:SKSessionId:yfoxo3e4ly3c5adgz24bsyonDate_Time:22:00
2014-11-02 /ejn/EJN_FichesBelges.aspx -
2014-11-02 /ejn/EJN_Compendium.aspx -
2014-11-02 /ejn/ctrls.compendium/IframeEngine.aspx -
2014-11-02 /ejn/ -
2014-11-02 /ejn/EJN_Home.aspx -
2014-11-02 /ejn/ -
2014-11-02 /ejn/EJN_Home.aspx -
2014-11-02 /ejn/ -
2014-11-02 /ejn/EJN_Home.aspx -
2014-11-02 /ejn/EJN_Home.aspx -
2014-11-02 /ejn/EJN_AtlasAdvanced.aspx -
2014-11-02 /ejn/EJN_Secretariat.aspx -
2014-11-02 /ejn/EJN_Home.aspx -
2014-11-02 /ejn/ -
2014-11-02 /ejn/ejn_home.aspx -
2014-11-02 /ejn/Events.aspx event=273
2014-11-02 /ejn/ -
2014-11-02 /ejn/EJN_Login.aspx -
2014-11-02 /ejn/EJN_Secretariat.aspx -
2014-11-02 /ejn/EJN_StaticPage.aspx Bread=10
2014-11-02 /ejn/EJN_Home.aspx -
2014-11-02 /ejn/ -
2014-11-02 /ejn/EJN_ContactUs.aspx &KeepThis=true&
2014-11-02 /ejn/EJN_Home.aspx -
2014-11-02 /ejn/EJN_Home.aspx -
2014-11-02 /ejn/EJN_StaticPage.aspx Bread=2
2014-11-02 /ejn/EJN_Secretariat.aspx ++Culture:DESessionId:c54qplgnq1g0e02v4d2h13quDate_Time:22:13
2014-11-02 /ejn/EJN_StaticPage.aspx Bread=10
2014-11-02 /ejn/EJN_Home.aspx -
2014-11-02 /ejn/EJN_StaticPage.aspx Bread=13
2014-11-02 /ejn/EJN_Home.aspx -
2014-11-02 /ejn/ -
2014-11-02 /ejn/EJN_Home.aspx -
2014-11-02 /ejn/EJN_Home.aspx -
2014-11-02 /ejn/EJN_Home.aspx -
2014-11-02 /ejn/EJN_Secretariat.aspx -
2014-11-02 /ejn/EJN_Home.aspx -
2014-11-02 /ejn/ -
2014-11-02 /ejn/EJN_Home.aspx -
2014-11-02 /ejn/EJN_Home.aspx -
2014-11-02 /ejn/EJN_Home.aspx -
2014-11-02 /ejn/AtlasChooseCountry.aspx Type=2
2014-11-02 /ejn/EJN_StaticPage.aspx Bread=1
2014-11-02 /ejn/EJN_Home.aspx -
2014-11-02 /ejn/EJN_InfoAbout.aspx Id=223
2014-11-02 /ejn/EJN_StaticPage.aspx Bread=30
2014-11-02 /ejn/EJN_Home.aspx -
2014-11-02 /ejn/ -
2014-11-02 /ejn/ -
2014-11-02 /ejn/EJN_AtlasAdvanced.aspx -
2014-11-02 /ejn/EJN_Home.aspx -
2014-11-02 /ejn/ -
2014-11-02 /ejn/EJN_Home.aspx -
2014-11-02 /ejn/EJN_Home.aspx -
2014-11-02 /ejn/EJN_ContactPoints.aspx -
2014-11-02 /ejn/EJN_ContactPoints.aspx -
2014-11-02 /ejn/EJN_Home.aspx -
2014-11-02 /ejn/EJN_Home.aspx -
2014-11-02 /ejn/EJN_Home.aspx -
2014-11-02 /ejn/EJN_Home.aspx -
2014-11-02 /ejn/EJN_Home.aspx -
2014-11-02 /ejn/EJN_Home.aspx -
2014-11-02 /ejn/EJN_Home.aspx -
2014-11-02 /ejn/EJN_Home.aspx -
2014-11-02 /ejn/EJN_Home.aspx -
2014-11-02 /ejn/EJN_Home.aspx -
2014-11-02 /ejn/EJN_Home.aspx -
2014-11-02 /ejn/ -
2014-11-02 /ejn/EJN_Home.aspx -
2014-11-02 /ejn/ -
2014-11-02 /ejn/EJN_Home.aspx -
2014-11-02 /ejn/EJN_Home.aspx -
2014-11-02 /ejn/EJN_Home.aspx -
2014-11-02 /ejn/EJN_Home.aspx -
2014-11-02 /ejn/EJN_Home.aspx -
2014-11-02 /ejn/EJN_Home.aspx -
2014-11-02 /ejn/EJN_Home.aspx -
2014-11-02 /ejn/ -
2014-11-02 /ejn/AtlasChooseMeasure.aspx Mp=1&Cou=IT&Type=2
2014-11-02 /ejn/EJN_StaticPage.aspx Bread=12
2014-11-02 /ejn/libcategories.aspx Id=14
2014-11-02 /ejn/EJN_Home.aspx -
2014-11-02 /ejn/libshowdocument.aspx Id=1&Lang=IT
2014-11-02 /ejn/libshowdocument.aspx Id=3&Lang=IT
2014-11-02 /ejn/libshowdocument.aspx Id=16&Lang=BG
2014-11-02 /ejn/libshowdocument.aspx Id=16&Lang=BG
2014-11-02 /ejn/libshowdocument.aspx Id=787&Lang=IT
2014-11-02 /ejn/EJN_Home.aspx -
2014-11-02 /ejn/ -
2014-11-02 /ejn/EJN_Home.aspx -
2014-11-02 /ejn/EJN_Home.aspx -
2014-11-02 /ejn/libcategories.aspx Id=14
2014-11-02 /ejn/libadvancedsearch.aspx -
2014-11-02 /ejn/libcategories.aspx Id=14
2014-11-02 /ejn/EJN_Home.aspx -
2014-11-02 /ejn/EJN_AtlasAdvanced.aspx -
2014-11-02 /ejn/EJN_Home.aspx -
2014-11-02 /ejn/ -
2014-11-02 /ejn/NewsDetail.aspx id=291&Ori=H
2014-11-02 /ejn/libshowdocument.aspx Id=16&Lang=RO
2014-11-02 /ejn/libshowdocument.aspx Id=16&Lang=RO
2014-11-02 /ejn/EJN_Home.aspx -
2014-11-02 /ejn/ -
2014-11-02 /ejn/EJN_Home.aspx -
2014-11-02 /ejn/EJN_Home.aspx -
2014-11-02 /ejn/ -
2014-11-02 /ejn/EJN_Home.aspx -
2014-11-02 /ejn/EJN_Home.aspx -
2014-11-02 /ejn/EJN_Home.aspx -
2014-11-02 /ejn/EJN_Home.aspx -
2014-11-02 /ejn/EJN_Home.aspx -
2014-11-02 /ejn/ -
2014-11-02 /ejn/EJN_Home.aspx -
2014-11-02 /ejn/ -
2014-11-02 /ejn/EJN_Home.aspx -
2014-11-02 /ejn/EJN_Home.aspx -
2014-11-02 /ejn/EJN_Home.aspx -
2014-11-02 /ejn/EJN_Home.aspx -
2014-11-02 /ejn/EJN_Home.aspx -
2014-11-02 /ejn/EJN_Home.aspx -
2014-11-02 /ejn/ -
2014-11-02 /ejn/EJN_Home.aspx -
2014-11-02 /ejn/ -
2014-11-02 /ejn/EJN_AtlasAdvanced.aspx -
2014-11-02 /ejn/EJN_Home.aspx -
2014-11-02 /ejn/EJN_Home.aspx -
2014-11-02 /ejn/EJN_Home.aspx -
2014-11-02 /ejn/EJN_Home.aspx -
2014-11-02 /ejn/EJN_Home.aspx -
2014-11-02 /ejn/EJN_Home.aspx -
2014-11-02 /ejn/EJN_Home.aspx -
2014-11-02 /ejn/EJN_Home.aspx -
2014-11-02 /ejn/EJN_Home.aspx -
2014-11-02 /ejn/EJN_Home.aspx -
2014-11-02 /ejn/EJN_Home.aspx -
2014-11-02 /ejn/EJN_Home.aspx -
2014-11-02 /ejn/ -
2014-11-02 /ejn/EJN_Home.aspx -
2014-11-02 /ejn/ -
2014-11-02 /ejn/EJN_Home.aspx -
2014-11-02 /ejn/ -
2014-11-02 /ejn/EJN_Home.aspx -
2014-11-02 /ejn/EJN_Home.aspx -
2014-11-02 /ejn/EJN_Home.aspx -
2014-11-02 /ejn/libshowdocument.aspx Id=1&Lang=EN
2014-11-02 /ejn/EJN_Home.aspx -
2014-11-02 /ejn/EJN_Home.aspx -
2014-11-02 /ejn/EJN_Home.aspx -
2014-11-02 /ejn/EJN_Home.aspx -
2014-11-02 /ejn/EJN_Home.aspx -
2014-11-02 /ejn/EJN_Home.aspx -
2014-11-02 /ejn/EJN_Home.aspx -
2014-11-02 /ejn/EJN_Home.aspx -
2014-11-02 /ejn/ -
2014-11-02 /ejn/EJN_AtlasAdvanced.aspx -
2014-11-02 /ejn/ -
2014-11-02 /ejn/EJN_Home.aspx -
2014-11-02 /ejn/EJN_Home.aspx -
2014-11-02 /ejn/ -
2014-11-02 /ejn/EJN_Home.aspx -
2014-11-02 /ejn/ -
2014-11-02 /ejn/EJN_Home.aspx -
2014-11-02 /ejn/EJN_Home.aspx -
2014-11-02 /ejn/EJN_Home.aspx -
2014-11-02 /ejn/EJN_Home.aspx -
2014-11-02 /ejn/EJN_StaticPage.aspx Bread=1
2014-11-02 /ejn/EJN_Home.aspx -
2014-11-02 /ejn/EJN_InfoAbout.aspx Id=279
2014-11-02 /ejn/EJN_Secretariat.aspx -
2014-11-02 /ejn/EJN_Home.aspx -
2014-11-02 /ejn/EJN_StaticPage.aspx Bread=16
2014-11-02 /ejn/EJN_StaticPage.aspx Bread=5
2014-11-02 /ejn/ -
2014-11-02 /ejn/libcategories.aspx Id=32
2014-11-02 /ejn/EJN_Home.aspx -
2014-11-02 /ejn/EJN_StaticPage.aspx Bread=16
2014-11-02 /ejn/EJN_StaticPage.aspx Bread=16
2014-11-02 /ejn/EJN_Home.aspx -
2014-11-02 /ejn/EJN_Home.aspx -
2014-11-02 /ejn/EJN_Home.aspx -
2014-11-02 /ejn/libshowdocument.aspx Id=247&Lang=NL
2014-11-02 /ejn/libshowdocument.aspx Id=247&Lang=NL
2014-11-02 /ejn/EJN_Home.aspx -
2014-11-02 /ejn/ -
2014-11-02 /ejn/EJN_AtlasAdvanced.aspx -
2014-11-02 /ejn/EJN_Home.aspx -
2014-11-02 /ejn/ -
2014-11-02 /ejn/EJN_Home.aspx -
2014-11-02 /ejn/EJN_Home.aspx -
2014-11-02 /ejn/EJN_Home.aspx -
2014-11-02 /ejn/EJN_Home.aspx -
2014-11-02 /ejn/EJN_Home.aspx -
2014-11-02 /ejn/libshowdocument.aspx Id=219&Lang=BG
2014-11-02 /ejn/EJN_Home.aspx -
2014-11-02 /ejn/EJN_Home.aspx -
2014-11-02 /ejn/EJN_Home.aspx -
2014-11-02 /ejn/EJN_Home.aspx -
2014-11-02 /ejn/EJN_Home.aspx -
2014-11-02 /ejn/ -
2014-11-02 /ejn/EJN_Home.aspx -
2014-11-02 /ejn/ -
2014-11-02 /ejn/EJN_Home.aspx -
2014-11-02 /ejn/EJN_Home.aspx -
2014-11-02 /ejn/EJN_Home.aspx -
2014-11-02 /ejn/EJN_Home.aspx -
