2015-01-01 /ejn/EJN_Home.aspx -
2015-01-01 /ejn/NewsDetail.aspx Ori=H&id=178
2015-01-01 /ejn/EJN_Home.aspx -
2015-01-01 /ejn/libshowdocument.aspx Id=219&Lang=EL
2015-01-01 /ejn/ -
2015-01-01 /ejn/EJN_Home.aspx -
2015-01-01 /ejn/EJN_AtlasAdvanced.aspx -
2015-01-01 /ejn/EJN_Home.aspx -
2015-01-01 /ejn/EJN_Home.aspx -
2015-01-01 /ejn/ -
2015-01-01 /ejn/libshowdocument.aspx Id=1&Lang=BG
2015-01-01 /ejn/ -
2015-01-01 /ejn/EJN_Home.aspx -
2015-01-01 /ejn/Events.aspx event=246
2015-01-01 /ejn/EJN_Home.aspx -
2015-01-01 /ejn/EJN_AtlasAdvanced.aspx -
2015-01-01 /ejn/Events.aspx event=171
2015-01-01 /ejn/EJN_Home.aspx -
2015-01-01 /ejn/EJN_Home.aspx -
2015-01-01 /ejn/ -
2015-01-01 /ejn/EJN_Home.aspx -
2015-01-01 /ejn/ -
2015-01-01 /ejn/ -
2015-01-01 /ejn/EJN_Home.aspx -
2015-01-01 /ejn/EJN_AtlasAdvanced.aspx -
2015-01-01 /ejn/EJN_Home.aspx -
2015-01-01 /ejn/EJN_Home.aspx -
2015-01-01 /ejn/ -
2015-01-01 /ejn/EJN_Home.aspx -
2015-01-01 /ejn/EJN_StaticPage.aspx Bread=7
2015-01-01 /ejn/EJN_Home.aspx -
2015-01-01 /ejn/ejn_home.aspx -
2015-01-01 /ejn/EJN_ContactUs.aspx &KeepThis=true&TB_iframe=true&height=650&width=900
2015-01-01 /ejn/sitemap.aspx -
2015-01-01 /ejn/EJN_StaticPage.aspx Bread=8
2015-01-01 /ejn/EJN_Faqs.aspx -
2015-01-01 /ejn/EJN_Search.aspx -
2015-01-01 /ejn/ -
2015-01-01 /ejn/EJN_StaticPage.aspx Bread=4
2015-01-01 /ejn/ -
2015-01-01 /ejn/libcategories.aspx Id=34
2015-01-01 /ejn/EJN_StaticPage.aspx Bread=39
2015-01-01 /ejn/EJN_StaticPage.aspx Bread=2
2015-01-01 /ejn/libcategories.aspx Id=32
2015-01-01 /ejn/libcategories.aspx Id=25
2015-01-01 /ejn/AtlasChooseMeasure.aspx MP=1&Cou=UK&Type=2
2015-01-01 /ejn/EJN_StaticPage.aspx Bread=9
2015-01-01 /ejn/libcategories.aspx Id=24
2015-01-01 /ejn/libcategories.aspx Id=14
2015-01-01 /ejn/EJN_StaticPage.aspx Bread=10
2015-01-01 /ejn/EJN_StaticPage.aspx Bread=14
2015-01-01 /ejn/EJN_Secretariat.aspx -
2015-01-01 /ejn/Gallery.aspx -
2015-01-01 /ejn/EJN_StaticPage.aspx Bread=21
2015-01-01 /ejn/EJN_StaticPage.aspx Bread=16
2015-01-01 /ejn/EJN_StaticPage.aspx Bread=17
2015-01-01 /ejn/EJN_StaticPage.aspx Bread=13
2015-01-01 /ejn/EJN_StaticPage.aspx Bread=28
2015-01-01 /ejn/EJN_StaticPage.aspx Bread=27
2015-01-01 /ejn/EJN_StaticPage.aspx Bread=32
2015-01-01 /ejn/EJN_StaticPage.aspx Bread=35
2015-01-01 /ejn/EJN_StaticPage.aspx Bread=31
2015-01-01 /ejn/EJN_StaticPage.aspx Bread=18
2015-01-01 /ejn/EJN_StaticPage.aspx Bread=25
2015-01-01 /ejn/ -
2015-01-01 /ejn/EJN_StaticPage.aspx Bread=30
2015-01-01 /ejn/EJN_StaticPage.aspx Bread=24
2015-01-01 /ejn/EJN_StaticPage.aspx Bread=34
2015-01-01 /ejn/EJN_StaticPage.aspx Bread=33
2015-01-01 /ejn/EJN_StaticPage.aspx Bread=20
2015-01-01 /ejn/EJN_AtlasAdvanced.aspx -
2015-01-01 /ejn/NewsDetail.aspx id=346&Ori=H
2015-01-01 /ejn/NewsDetail.aspx id=344&Ori=H
2015-01-01 /ejn/EJN_StaticPage.aspx Bread=37
2015-01-01 /ejn/EJN_StaticPage.aspx Bread=23
2015-01-01 /ejn/EJN_StaticPage.aspx Bread=26
2015-01-01 /ejn/Events.aspx id=6
2015-01-01 /ejn/EJN_StaticPage.aspx Bread=22
2015-01-01 /ejn/EJN_StaticPage.aspx Bread=38
2015-01-01 /ejn/EJN_StaticPage.aspx Bread=36
2015-01-01 /ejn/EJN_StaticPage.aspx Bread=19
2015-01-01 /ejn/EJN_SubscribeNewsLetter.aspx -
2015-01-01 /ejn/EJN_Home.aspx -
2015-01-01 /ejn/libshowdocument.aspx Id=221&Lang=EL
2015-01-01 /ejn/Events.aspx Id=6
2015-01-01 /ejn/NewsAll.aspx Id=5
2015-01-01 /ejn/NewsAll.aspx Id=4
2015-01-01 /ejn/Events.aspx event=322
2015-01-01 /ejn/Events.aspx event=318
2015-01-01 /ejn/NewsAll.aspx Id=3
2015-01-01 /ejn/NewsAll.aspx Id=1
2015-01-01 /ejn/NewsAll.aspx Id=2
2015-01-01 /ejn/Events.aspx Id=7
2015-01-01 /ejn/Events.aspx id=7
2015-01-01 /ejn/EJN_InfoAbout.aspx Id=223
2015-01-01 /ejn/EJN_InfoAbout.aspx Id=432
2015-01-01 /ejn/Events.aspx -
2015-01-01 /ejn/EJN_InfoAbout.aspx Id=239
2015-01-01 /ejn/NewsAll.aspx -
2015-01-01 /ejn/EJN_InfoAbout.aspx Id=230
2015-01-01 /ejn/EJN_SubscribeNewsLetter.aspx -
2015-01-01 /ejn/EJN_InfoAbout.aspx Id=272
2015-01-01 /ejn/EJN_InfoAbout.aspx Id=273
2015-01-01 /ejn/EJN_InfoAbout.aspx Id=258
2015-01-01 /ejn/EJN_InfoAbout.aspx Id=260
2015-01-01 /ejn/EJN_InfoAbout.aspx Id=287
2015-01-01 /ejn/EJN_InfoAbout.aspx Id=277
2015-01-01 /ejn/EJN_InfoAbout.aspx Id=279
2015-01-01 /ejn/EJN_InfoAbout.aspx Id=259
2015-01-01 /ejn/EJN_InfoAbout.aspx Id=293
2015-01-01 /ejn/EJN_InfoAbout.aspx Id=269
2015-01-01 /ejn/EJN_InfoAbout.aspx Id=295
2015-01-01 /ejn/EJN_InfoAbout.aspx Id=337
2015-01-01 /ejn/EJN_InfoAbout.aspx Id=321
2015-01-01 /ejn/EJN_InfoAbout.aspx Id=307
2015-01-01 /ejn/EJN_InfoAbout.aspx Id=352
2015-01-01 /ejn/EJN_InfoAbout.aspx Id=354
2015-01-01 /ejn/EJN_InfoAbout.aspx Id=313
2015-01-01 /ejn/EJN_InfoAbout.aspx Id=314
2015-01-01 /ejn/EJN_InfoAbout.aspx Id=351
2015-01-01 /ejn/EJN_InfoAbout.aspx Id=368
2015-01-01 /ejn/ -
2015-01-01 /ejn/EJN_InfoAbout.aspx Id=395
2015-01-01 /ejn/EJN_InfoAbout.aspx Id=215
2015-01-01 /ejn/EJN_InfoAbout.aspx Id=288
2015-01-01 /ejn/EJN_InfoAbout.aspx Id=389
2015-01-01 /ejn/EJN_InfoAbout.aspx Id=364
2015-01-01 /ejn/EJN_InfoAbout.aspx Id=378
2015-01-01 /ejn/EJN_InfoAbout.aspx Id=435
2015-01-01 /ejn/EJN_InfoAbout.aspx Id=369
2015-01-01 /ejn/EJN_InfoAbout.aspx Id=373
2015-01-01 /ejn/EJN_InfoAbout.aspx Id=434
2015-01-01 /ejn/EJN_FichesBelges.aspx -
2015-01-01 /ejn/EJN_StaticPage.aspx Bread=3
2015-01-01 /ejn/EJN_InfoAbout.aspx Id=433
2015-01-01 /ejn/AtlasChooseCountry.aspx Type=1
2015-01-01 /ejn/EJN_InfoAbout.aspx Id=430
2015-01-01 /ejn/EJN_InfoAbout.aspx Id=342
2015-01-01 /ejn/AtlasChooseCountry.aspx Type=2
2015-01-01 /ejn/EJN_Login.aspx -
2015-01-01 /ejn/EJN_StaticPage.aspx Bread=1
2015-01-01 /ejn/EJN_Compendium.aspx -
2015-01-01 /ejn/EJN_StaticPage.aspx Bread=11
2015-01-01 /ejn/EJN_StaticPage.aspx Bread=12
2015-01-01 /ejn/EJN_QuickLinks.aspx id=26
2015-01-01 /ejn/EJN_QuickLinks.aspx id=23
2015-01-01 /ejn/EJN_QuickLinks.aspx id=27
2015-01-01 /ejn/EJN_QuickLinks.aspx id=28
2015-01-01 /ejn/libcategories.aspx -
2015-01-01 /ejn/EJN_QuickLinks.aspx id=25
2015-01-01 /ejn/EJN_QuickLinks.aspx id=24
2015-01-01 /ejn/EJN_EAWWizard.aspx -
2015-01-01 /ejn/ejn_search.aspx -
2015-01-01 /ejn/ejn_staticpage.aspx Bread=8
2015-01-01 /ejn/ejn_faqs.aspx -
2015-01-01 /ejn/EJN_Faqs.aspx cat=2
2015-01-01 /ejn/libcategories.aspx Id=2
2015-01-01 /ejn/ejn_staticpage.aspx Bread=7
2015-01-01 /ejn/EJN_QuickLinks.aspx -
2015-01-01 /ejn/EJN_Faqs.aspx cat=1
2015-01-01 /ejn/EJN_StaticPage.aspx Bread=5
2015-01-01 /ejn/libdocumentproperties.aspx Id=126
2015-01-01 /ejn/libshowdocument.aspx Id=126&Lang=DE
2015-01-01 /ejn/libcategories.aspx id=1
2015-01-01 /ejn/libshowdocument.aspx Id=126&Lang=BG
2015-01-01 /ejn/libadvancedsearch.aspx -
2015-01-01 /ejn/ejn_staticpage.aspx Bread=4
2015-01-01 /ejn/libshowdocument.aspx Id=126&Lang=DK
2015-01-01 /ejn/libshowdocument.aspx Id=126&Lang=CS
2015-01-01 /ejn/libshowdocument.aspx Id=126&Lang=EL
2015-01-01 /ejn/libshowdocument.aspx Id=126&Lang=ES
2015-01-01 /ejn/libshowdocument.aspx Id=126&Lang=ET
2015-01-01 /ejn/libshowdocument.aspx Id=126&Lang=LT
2015-01-01 /ejn/libshowdocument.aspx Id=126&Lang=IT
2015-01-01 /ejn/libshowdocument.aspx Id=126&Lang=HU
2015-01-01 /ejn/libshowdocument.aspx Id=126&Lang=EN
2015-01-01 /ejn/libshowdocument.aspx Id=126&Lang=HR
2015-01-01 /ejn/libshowdocument.aspx Id=126&Lang=FI
2015-01-01 /ejn/libshowdocument.aspx Id=126&Lang=FR
2015-01-01 /ejn/ -
2015-01-01 /ejn/EJN_Home.aspx -
2015-01-01 /ejn/EJN_StaticPage.aspx Bread=37
2015-01-01 /ejn/EJN_Home.aspx -
2015-01-01 /ejn/libshowdocument.aspx Id=126&Lang=PT
2015-01-01 /ejn/libshowdocument.aspx Id=126&Lang=MT
2015-01-01 /ejn/libshowdocument.aspx Id=126&Lang=SV
2015-01-01 /ejn/libshowdocument.aspx Id=126&Lang=RO
2015-01-01 /ejn/libdocumentproperties.aspx Id=3
2015-01-01 /ejn/libshowdocument.aspx Id=126&Lang=SK
2015-01-01 /ejn/libshowdocument.aspx Id=126&Lang=SL
2015-01-01 /ejn/libshowdocument.aspx Id=126&Lang=PL
2015-01-01 /ejn/libshowdocument.aspx Id=126&Lang=NL
2015-01-01 /ejn/libshowdocument.aspx Id=126&Lang=LV
2015-01-01 /ejn/libshowdocument.aspx Id=3&Lang=EN
2015-01-01 /ejn/libshowdocument.aspx Id=3&Lang=EL
2015-01-01 /ejn/libshowdocument.aspx Id=3&Lang=CS
2015-01-01 /ejn/libshowdocument.aspx Id=3&Lang=DE
2015-01-01 /ejn/libshowdocument.aspx Id=3&Lang=FR
2015-01-01 /ejn/libshowdocument.aspx Id=3&Lang=ES
2015-01-01 /ejn/libshowdocument.aspx Id=3&Lang=FI
2015-01-01 /ejn/libshowdocument.aspx Id=3&Lang=ET
2015-01-01 /ejn/libshowdocument.aspx Id=3&Lang=DK
2015-01-01 /ejn/libshowdocument.aspx Id=3&Lang=BG
2015-01-01 /ejn/libshowdocument.aspx Id=3&Lang=NL
2015-01-01 /ejn/libshowdocument.aspx Id=3&Lang=LV
2015-01-01 /ejn/libshowdocument.aspx Id=3&Lang=IT
2015-01-01 /ejn/libshowdocument.aspx Id=3&Lang=HU
2015-01-01 /ejn/libshowdocument.aspx Id=3&Lang=RO
2015-01-01 /ejn/libshowdocument.aspx Id=3&Lang=MT
2015-01-01 /ejn/libshowdocument.aspx Id=3&Lang=PL
2015-01-01 /ejn/libshowdocument.aspx Id=3&Lang=SK
2015-01-01 /ejn/libshowdocument.aspx Id=3&Lang=LT
2015-01-01 /ejn/libshowdocument.aspx Id=3&Lang=PT
2015-01-01 /ejn/libshowdocument.aspx Id=3&Lang=SL
2015-01-01 /ejn/libshowdocument.aspx Id=681&Lang=EN
2015-01-01 /ejn/libshowdocument.aspx Id=681&Lang=EL
2015-01-01 /ejn/libdocumentproperties.aspx Id=681
2015-01-01 /ejn/libshowdocument.aspx Id=3&Lang=SV
2015-01-01 /ejn/libshowdocument.aspx Id=681&Lang=ES
2015-01-01 /ejn/libshowdocument.aspx Id=681&Lang=BG
2015-01-01 /ejn/libshowdocument.aspx Id=681&Lang=DE
2015-01-01 /ejn/libshowdocument.aspx Id=681&Lang=DK
2015-01-01 /ejn/libshowdocument.aspx Id=681&Lang=CS
2015-01-01 /ejn/libshowdocument.aspx Id=681&Lang=ET
2015-01-01 /ejn/EJN_AtlasAdvanced.aspx -
2015-01-01 /ejn/EJN_Home.aspx -
2015-01-01 /ejn/EJN_Home.aspx -
2015-01-01 /ejn/ -
2015-01-01 /ejn/EJN_SubscribeNewsLetter.aspx -
2015-01-01 /ejn/EJN_Home.aspx -
2015-01-01 /ejn/ -
2015-01-01 /ejn/EJN_Home.aspx -
2015-01-01 /ejn/EJN_AtlasAdvanced.aspx -
2015-01-01 /ejn/EJN_Home.aspx -
2015-01-01 /ejn/AtlasChooseCountry.aspx Type=2
2015-01-01 /ejn/AtlasChooseCountry.aspx -
2015-01-01 /atlas_advanced.aspx -
2015-01-01 /atlas_advanced.aspx -
2015-01-01 /ejn/EJN_Home.aspx -
2015-01-01 /ejn/ -
2015-01-01 /atlas_advanced.aspx -
2015-01-01 /atlas_advanced.aspx -
2015-01-01 /ejn/AtlasChooseCountry.aspx -
2015-01-01 /ejn/EJN_Home.aspx -
2015-01-01 /ejn/ -
2015-01-01 /ejn/EJN_StaticPage.aspx Bread=32
2015-01-01 /ejn/ -
2015-01-01 /ejn/EJN_Home.aspx -
2015-01-01 /ejn/EJN_AtlasAdvanced.aspx -
2015-01-01 /ejn/EJN_Home.aspx -
2015-01-01 /ejn/EJN_Home.aspx -
2015-01-01 /ejn/ -
2015-01-01 /ejn/EJN_Home.aspx -
2015-01-01 /ejn/EJN_AtlasAdvanced.aspx -
2015-01-01 /ejn/AtlasSelection.aspx -
2015-01-01 /ejn/EJN_Home.aspx -
2015-01-01 /ejn/EJN_Home.aspx -
2015-01-01 /ejn/EJN_Home.aspx -
2015-01-01 /ejn/EJN_AtlasAdvancedOld.aspx -
2015-01-01 /ejn/EJN_AtlasAdvancedOld.aspx -
2015-01-01 /ejn/EJN_AtlasAdvanced.aspx -
2015-01-01 /ejn/EJN_AtlasAdvanced.aspx -
2015-01-01 /ejn/ -
2015-01-01 /ejn/EJN_Home.aspx -
2015-01-01 /ejn/EJN_AtlasAdvanced.aspx -
2015-01-01 /ejn/Events.aspx event=161
2015-01-01 /ejn/EJN_Home.aspx -
2015-01-01 /ejn/EJN_Home.aspx -
2015-01-01 /ejn/ -
2015-01-01 /ejn/EJN_Home.aspx -
2015-01-01 /ejn/ -
2015-01-01 /ejn/ -
2015-01-01 /ejn/EJN_Home.aspx -
2015-01-01 /ejn/EJN_AtlasAdvanced.aspx -
2015-01-01 /ejn/EJN_Home.aspx -
2015-01-01 /ejn/ -
2015-01-01 /ejn/EJN_Home.aspx -
2015-01-01 /ejn/EJN_Home.aspx -
2015-01-01 /ejn/EJN_Home.aspx -
2015-01-01 /ejn/EJN_AtlasAdvancedOld.aspx ctyCode=PT
2015-01-01 /ejn/EJN_AtlasAdvancedOld.aspx ctyCode=PT
2015-01-01 /ejn/ -
2015-01-01 /ejn/ -
2015-01-01 /ejn/ -
2015-01-01 /ejn/EJN_Home.aspx -
2015-01-01 /ejn/EJN_AtlasAdvanced.aspx -
2015-01-01 /ejn/EJN_Home.aspx -
2015-01-01 /ejn/ -
2015-01-01 /ejn/EJN_Home.aspx -
2015-01-01 /ejn/NewsDetail.aspx id=177&Ori=H
2015-01-01 /ejn/EJN_Home.aspx -
2015-01-01 /ejn/EJN_Home.aspx -
2015-01-01 /ejn/EJN_News.aspx id=72
2015-01-01 /ejn/EJN_News.aspx id=72
2015-01-01 /ejn/EJN_Home.aspx -
2015-01-01 /ejn/ -
2015-01-01 /ejn/EJN_Home.aspx -
2015-01-01 /ejn/EJN_Home.aspx -
2015-01-01 /ejn/ -
2015-01-01 /ejn/ -
2015-01-01 /ejn/ -
2015-01-01 /ejn/EJN_Home.aspx -
2015-01-01 /ejn/EJN_AtlasAdvanced.aspx -
2015-01-01 /ejn/ -
2015-01-01 /ejn/ -
2015-01-01 /ejn/libshowdocument.aspx Id=95&Lang=BG
2015-01-01 /ejn/ ++Culture:ESSessionId:f0binprm5fdhmcjjrises2g0Date_Time:11:29
2015-01-01 /ejn/ -
2015-01-01 /ejn/EJN_QuickLinks.aspx -
2015-01-01 /ejn/EJN_QuickLinks.aspx Id=22
2015-01-01 /ejn/EJN_Compendium.aspx -
2015-01-01 /ejn/ctrls.compendium/IframeEngine.aspx -
2015-01-01 /ejn/EJN_Compendium.aspx -
2015-01-01 /ejn/ctrls.compendium/IframeEngine.aspx -
2015-01-01 /ejn/EJN_Home.aspx -
2015-01-01 /ejn/ -
2015-01-01 /ejn/ -
2015-01-01 /ejn/ejn_compendium.aspx -
2015-01-01 /ejn/ctrls.compendium/IframeEngine.aspx -
2015-01-01 /ejn/AtlasChooseCountry.aspx Type=2
2015-01-01 /ejn/AtlasChooseMeasure.aspx MP=1&Cou=AT
2015-01-01 /ejn/EJN_FichesBelgesResult.aspx measure=402&country=223&other=-1
2015-01-01 /ejn/EJN_Home.aspx -
2015-01-01 /ejn/AtlasChooseMeasure.aspx MP=1&Cou=AT
2015-01-01 /ejn/AtlasChooseMeasure.aspx MP=1&Cou=AT
2015-01-01 /ejn/AtlasSelection.aspx -
2015-01-01 /ejn/AtlasChooseAuthority.aspx -
2015-01-01 /ejn/AtlasChooseAuthority.aspx -
2015-01-01 /ejn/AtlasChooseAuthority.aspx -
2015-01-01 /ejn/AtlasChooseAuthority.aspx -
2015-01-01 /ejn/AtlasChooseAuthority.aspx -
2015-01-01 /ejn/AtlasAuthorityData.aspx Id=4909
2015-01-01 /ejn/AtlasChooseCountry.aspx Type=1
2015-01-01 /ejn/AtlasChooseMeasure.aspx MP=1&Cou=AT
2015-01-01 /ejn/AtlasSelection.aspx -
2015-01-01 /ejn/AtlasSelection.aspx -
2015-01-01 /ejn/AtlasSelection.aspx -
2015-01-01 /ejn/AtlasChooseAuthority.aspx -
2015-01-01 /ejn/AtlasChooseAuthority.aspx -
2015-01-01 /ejn/AtlasChooseAuthority.aspx -
2015-01-01 /ejn/AtlasChooseAuthority.aspx -
2015-01-01 /ejn/ -
2015-01-01 /ejn/EJN_Home.aspx -
2015-01-01 /ejn/ -
2015-01-01 /ejn/EJN_Home.aspx -
2015-01-01 /ejn/ -
2015-01-01 /ejn/NewsDetail.aspx Ori=H&id=150
2015-01-01 /ejn/NewsDetail.aspx Ori=H&id=321
2015-01-01 /ejn/EJN_Home.aspx -
2015-01-01 /ejn/EJN_Home.aspx -
2015-01-01 /ejn/EJN_Home.aspx -
2015-01-01 /ejn/EJN_Home.aspx -
2015-01-01 /ejn/ -
2015-01-01 /ejn/EJN_Home.aspx -
2015-01-01 /ejn/ -
2015-01-01 /ejn/AtlasChooseMeasure.aspx Mp=1&Cou=SK&Type=2
2015-01-01 /ejn/EJN_Home.aspx -
2015-01-01 /ejn/ -
2015-01-01 /ejn/EJN_Home.aspx -
2015-01-01 /ejn/EJN_Home.aspx -
2015-01-01 /ejn/ -
2015-01-01 /ejn/EJN_Home.aspx -
2015-01-01 /ejn/ -
2015-01-01 /ejn/EJN_AtlasAdvanced.aspx -
2015-01-01 /ejn/EJN_Home.aspx -
2015-01-01 /ejn/ -
2015-01-01 /ejn/EJN_Home.aspx -
2015-01-01 /ejn/EJN_AtlasAdvancedOld.aspx ctyCode=SK
2015-01-01 /ejn/EJN_AtlasAdvancedOld.aspx ctyCode=SK
2015-01-01 /ejn/EJN_Home.aspx -
2015-01-01 /ejn/EJN_Home.aspx -
2015-01-01 /ejn/ -
2015-01-01 /atlas_advanced.aspx -
2015-01-01 /atlas_advanced.aspx -
2015-01-01 /ejn/ -
2015-01-01 /atlas_advanced.aspx -
2015-01-01 /atlas_advanced.aspx -
2015-01-01 /ejn/EJN_Home.aspx -
2015-01-01 /ejn/ -
2015-01-01 /ejn/EJN_Home.aspx -
2015-01-01 /ejn/EJN_Home.aspx -
2015-01-01 /ejn/EJN_Home.aspx -
2015-01-01 /ejn/ -
2015-01-01 /ejn/EJN_News.aspx id=57
2015-01-01 /ejn/EJN_News.aspx id=57
2015-01-01 /ejn/EJN_Home.aspx -
2015-01-01 /ejn/ -
2015-01-01 /ejn/ -
2015-01-01 /ejn/EJN_Home.aspx -
2015-01-01 /ejn/ -
2015-01-01 /ejn/ -
2015-01-01 /ejn/EJN_Home.aspx -
2015-01-01 /ejn/EJN_AtlasAdvanced.aspx -
2015-01-01 /ejn/EJN_Home.aspx -
2015-01-01 /ejn/ -
2015-01-01 /ejn/EJN_Home.aspx -
2015-01-01 /ejn/ -
2015-01-01 /ejn/NewsDetail.aspx id=344&Ori=H
2015-01-01 /ejn/EJN_Home.aspx -
2015-01-01 /ejn/EJN_Home.aspx -
2015-01-01 /ejn/EJN_Home.aspx -
2015-01-01 /ejn/EJN_Home.aspx -
2015-01-01 /ejn/ -
2015-01-01 /ejn/NewsDetail.aspx id=312&Ori=H
2015-01-01 /ejn/EJN_Home.aspx -
2015-01-01 /ejn/EJN_Home.aspx -
2015-01-01 /ejn/ -
2015-01-01 /ejn/EJN_Home.aspx -
2015-01-01 /ejn/EJN_Home.aspx -
2015-01-01 /ejn/EJN_Home.aspx -
2015-01-01 /ejn/ -
2015-01-01 /ejn/ -
2015-01-01 /ejn/EJN_Home.aspx -
2015-01-01 /ejn/EJN_AtlasAdvanced.aspx -
2015-01-01 /ejn/EJN_Home.aspx -
2015-01-01 /ejn/ -
2015-01-01 /ejn/EJN_Home.aspx -
2015-01-01 /ejn/EJN_Home.aspx -
2015-01-01 /ejn/ -
2015-01-01 /ejn/ -
2015-01-01 /ejn/EJN_Home.aspx -
2015-01-01 /ejn/ -
2015-01-01 /ejn/EJN_AtlasAdvanced.aspx -
2015-01-01 /ejn/Events.aspx event=253
2015-01-01 /ejn/EJN_Home.aspx -
2015-01-01 /ejn/EJN_AtlasAdvanced.aspx -
2015-01-01 /ejn/ -
2015-01-01 /ejn/EJN_Home.aspx -
2015-01-01 /ejn/ -
2015-01-01 /ejn/ -
2015-01-01 /ejn/EJN_Home.aspx -
2015-01-01 /ejn/EJN_StaticPage.aspx Bread=39
2015-01-01 /ejn/EJN_Home.aspx -
2015-01-01 /ejn/EJN_AtlasAdvanced.aspx -
2015-01-01 /ejn/EJN_Home.aspx -
2015-01-01 /ejn/ -
2015-01-01 /ejn/EJN_Home.aspx -
2015-01-01 /ejn/EJN_Home.aspx -
2015-01-01 /ejn/ -
2015-01-01 /atlas_advanced.aspx -
2015-01-01 /ejn/EJN_Home.aspx -
2015-01-01 /ejn/EJN_Home.aspx -
2015-01-01 /ejn/ -
2015-01-01 /ejn/ -
2015-01-01 /ejn/ -
2015-01-01 /ejn/ -
2015-01-01 /ejn/ -
2015-01-01 /ejn/ -
2015-01-01 /ejn/ -
2015-01-01 /ejn/EJN_Home.aspx -
2015-01-01 /ejn/ -
2015-01-01 /ejn/ -
2015-01-01 /ejn/EJN_Home.aspx -
2015-01-01 /ejn/EJN_AtlasAdvanced.aspx -
2015-01-01 /ejn/EJN_Home.aspx -
2015-01-01 /ejn/ -
2015-01-01 /ejn/EJN_StaticPage.aspx Bread=8
2015-01-01 /ejn/EJN_Home.aspx -
2015-01-01 /ejn/EJN_Home.aspx -
2015-01-01 /ejn/ -
2015-01-01 /ejn/Events.aspx -
2015-01-01 /ejn/Events.aspx -
2015-01-01 /ejn/Events.aspx -
2015-01-01 /ejn/ -
2015-01-01 /ejn/ -
2015-01-01 /ejn/EJN_StaticPage.aspx Bread=23
2015-01-01 /ejn/EJN_Home.aspx -
2015-01-01 /ejn/EJN_StaticPage.aspx Bread=22
2015-01-01 /ejn/EJN_Home.aspx -
2015-01-01 /ejn/EJN_Home.aspx -
2015-01-01 /ejn/ -
2015-01-01 /ejn/EJN_Home.aspx -
2015-01-01 /ejn/sitemap.aspx -
2015-01-01 /ejn/EJN_Home.aspx -
2015-01-01 /ejn/EJN_AtlasAdvanced.aspx -
2015-01-01 /ejn/EJN_Home.aspx -
2015-01-01 /ejn/EJN_News.aspx id=52
2015-01-01 /ejn/EJN_News.aspx id=52
2015-01-01 /ejn/EJN_Home.aspx -
2015-01-01 /ejn/ -
2015-01-01 /ejn/ -
2015-01-01 /ejn/ -
2015-01-01 /ejn/EJN_StaticPage.aspx Bread=23
2015-01-01 /ejn/ -
2015-01-01 /ejn/ -
2015-01-01 /ejn/ -
2015-01-01 /ejn/ -
2015-01-01 /ejn/EJN_Home.aspx -
2015-01-01 /ejn/NewsDetail.aspx Ori=H&id=285
2015-01-01 /ejn/EJN_Home.aspx -
2015-01-01 /ejn/EJN_Home.aspx -
2015-01-01 /ejn/ -
2015-01-01 /ejn/ -
2015-01-01 /ejn/libdocumentproperties.aspx Id=390
2015-01-01 /ejn/ -
2015-01-01 /ejn/libdocumentproperties.aspx Id=390
2015-01-01 /ejn/EJN_Home.aspx -
2015-01-01 /ejn/EJN_Home.aspx -
2015-01-01 /ejn/EJN_QuickLinks.aspx id=24
2015-01-01 /ejn/EJN_EAWWizard.aspx -
2015-01-01 /ejn/ctrls.eawwizard/IframeEngine.aspx -
2015-01-01 /ejn/EJN_EAWWizard.aspx -
2015-01-01 /ejn/ctrls.eawwizard/IframeEngine.aspx -
2015-01-01 /ejn/EJN_AtlasAdvanced.aspx -
2015-01-01 /ejn/EJN_Home.aspx -
2015-01-01 /ejn/EJN_Home.aspx -
2015-01-01 /ejn/EJN_Home.aspx -
2015-01-01 /ejn/EJN_Home.aspx -
2015-01-01 /ejn/EJN_Gallery.aspx -
2015-01-01 /ejn/EJN_Gallery.aspx -
2015-01-01 /ejn/ -
2015-01-01 /ejn/EJN_Home.aspx -
2015-01-01 /ejn/EJN_AtlasAdvanced.aspx -
2015-01-01 /ejn/ -
2015-01-01 /ejn/EJN_AtlasAdvanced.aspx -
2015-01-01 /ejn/ -
2015-01-01 /ejn/EJN_AtlasAdvanced.aspx -
2015-01-01 /ejn/ -
2015-01-01 /ejn/EJN_InfoAbout.aspx Id=287
2015-01-01 /ejn/EJN_Home.aspx -
2015-01-01 /ejn/ -
2015-01-01 /ejn/EJN_AtlasAdvanced.aspx -
2015-01-01 /ejn/NewsDetail.aspx Ori=H&id=315
2015-01-01 /ejn/EJN_Home.aspx -
2015-01-01 /ejn/EJN_StaticPage.aspx Bread=23
2015-01-01 /ejn/EJN_Home.aspx -
2015-01-01 /ejn/EJN_Home.aspx -
2015-01-01 /ejn/EJN_StaticPage.aspx Bread=23
2015-01-01 /ejn/EJN_News.aspx id=52
2015-01-01 /ejn/ -
2015-01-01 /ejn/EJN_Home.aspx -
2015-01-01 /ejn/EJN_News.aspx id=52
2015-01-01 /ejn/EJN_AtlasAdvanced.aspx -
2015-01-01 /ejn/ -
2015-01-01 /ejn/EJN_Home.aspx -
2015-01-01 /ejn/EJN_Home.aspx -
2015-01-01 /ejn/EJN_Home.aspx -
2015-01-01 /ejn/NewsDetail.aspx Ori=H&id=179
2015-01-01 /ejn/EJN_Home.aspx -
2015-01-01 /ejn/ -
2015-01-01 /ejn/EJN_Home.aspx -
2015-01-01 /ejn/ -
2015-01-01 /ejn/EJN_AtlasAdvanced.aspx -
2015-01-01 /ejn/Events.aspx -
2015-01-01 /ejn/EJN_Home.aspx -
2015-01-01 /ejn/EJN_InfoAbout.aspx Id=373
2015-01-01 /ejn/EJN_InfoAbout.aspx Id=373
2015-01-01 /ejn/EJN_QuickLinks.aspx id=24
2015-01-01 /ejn/EJN_QuickLinks.aspx id=24
2015-01-01 /ejn/EJN_EAWWizard.aspx -
2015-01-01 /ejn/EJN_EAWWizard.aspx -
2015-01-01 /ejn/EJN_EAWWizard.aspx -
2015-01-01 /ejn/EJN_EAWWizard.aspx -
2015-01-01 /ejn/EJN_EAWWizard.aspx -
2015-01-01 /ejn/ctrls.eawwizard/IframeEngine.aspx -
2015-01-01 /ejn/EJN_EAWWizard.aspx -
2015-01-01 /ejn/ctrls.eawwizard/IframeEngine.aspx -
2015-01-01 /ejn/EJN_EAWWizard.aspx -
2015-01-01 /ejn/EJN_QuickLinks.aspx id=24
2015-01-01 /ejn/EJN_EAWWizard.aspx -
2015-01-01 /ejn/ctrls.eawwizard/IframeEngine.aspx -
2015-01-01 /ejn/EJN_QuickLinks.aspx id=23
2015-01-01 /ejn/EJN_QuickLinks.aspx id=24
2015-01-01 /ejn/EJN_EAWWizard.aspx -
2015-01-01 /ejn/ctrls.eawwizard/IframeEngine.aspx -
2015-01-01 /ejn/EJN_EAWWizard.aspx -
2015-01-01 /ejn/ctrls.eawwizard/IframeEngine.aspx -
2015-01-01 /ejn/EJN_StaticPage.aspx Bread=12
2015-01-01 /ejn/EJN_Home.aspx -
2015-01-01 /ejn/libcategories.aspx Id=14
2015-01-01 /ejn/libshowdocument.aspx Id=1&Lang=ES
2015-01-01 /ejn/libshowdocument.aspx Id=1&Lang=EN
2015-01-01 /ejn/libshowdocument.aspx Id=1&Lang=FR
2015-01-01 /ejn/libshowdocument.aspx Id=1&Lang=IT
2015-01-01 /ejn/libshowdocument.aspx Id=1&Lang=NL
2015-01-01 /ejn/libshowdocument.aspx Id=1&Lang=NL
2015-01-01 /ejn/EJN_Home.aspx -
2015-01-01 /ejn/libcategories.aspx Id=14
2015-01-01 /ejn/libshowdocument.aspx Id=388&Lang=ES
2015-01-01 /ejn/libdocumentproperties.aspx Id=860
2015-01-01 /ejn/ -
2015-01-01 /ejn/EJN_Home.aspx -
2015-01-01 /ejn/EJN_Home.aspx -
2015-01-01 /ejn/ -
2015-01-01 /ejn/EJN_Home.aspx -
2015-01-01 /ejn/ -
2015-01-01 /ejn/EJN_Home.aspx -
2015-01-01 /ejn/EJN_Home.aspx -
2015-01-01 /ejn/EJN_AtlasAdvanced.aspx -
2015-01-01 /ejn/Events.aspx event=104
2015-01-01 /ejn/EJN_Home.aspx -
2015-01-01 /ejn/EJN_Home.aspx -
2015-01-01 /ejn/EJN_StaticPage.aspx Bread=32
2015-01-01 /ejn/ejn_home.aspx -
2015-01-01 /ejn/EJN_AtlasAdvanced.aspx -
2015-01-01 /ejn/EJN_Search.aspx -
2015-01-01 /ejn/EJN_Home.aspx -
2015-01-01 /ejn/NewsDetail.aspx Ori=H&id=177
2015-01-01 /ejn/EJN_Home.aspx -
2015-01-01 /ejn/ -
2015-01-01 /ejn/EJN_Home.aspx -
2015-01-01 /ejn/ -
2015-01-01 /ejn/EJN_Home.aspx -
2015-01-01 /ejn/EJN_AtlasAdvanced.aspx -
2015-01-01 /ejn/ -
2015-01-01 /ejn/EJN_Home.aspx -
2015-01-01 /ejn/EJN_AtlasAdvanced.aspx -
2015-01-01 /ejn/EJN_AtlasAdvanced.aspx -
2015-01-01 /ejn/EJN_Home.aspx -
2015-01-01 /ejn/ -
2015-01-01 /ejn/ -
2015-01-01 /ejn/ -
2015-01-01 /ejn/EJN_Home.aspx -
2015-01-01 /ejn/EJN_AtlasAdvanced.aspx -
2015-01-01 /ejn/ -
2015-01-01 /ejn/ -
2015-01-01 /ejn/AtlasChooseCountry.aspx -
2015-01-01 /ejn/AtlasChooseMeasure.aspx Mp=1&Cou=DE&Type=2
2015-01-01 /ejn/ -
2015-01-01 /ejn/AtlasChooseMeasure.aspx Mp=1&Cou=DE&Type=2
2015-01-01 /ejn/AtlasChooseMeasure.aspx Mp=1&Cou=DE&Type=2
2015-01-01 /ejn/AtlasChooseMeasure.aspx Mp=1&Cou=DE&Type=2
2015-01-01 /ejn/AtlasSelection.aspx -
2015-01-01 /ejn/AtlasChooseAuthority.aspx -
2015-01-01 /ejn/ -
2015-01-01 /ejn/AtlasChooseAuthority.aspx/GetLocations -
2015-01-01 /ejn/AtlasChooseAuthority.aspx -
2015-01-01 /ejn/AtlasAuthorityData.aspx Id=4189
2015-01-01 /ejn/AtlasAuthorityData.aspx Id=4189
2015-01-01 /ejn/AtlasAuthorityData.aspx Id=4189
2015-01-01 /ejn/EJN_Home.aspx -
2015-01-01 /ejn/AtlasAuthorityData.aspx Id=4189
2015-01-01 /ejn/AtlasAuthorityData.aspx Id=4189
2015-01-01 /ejn/AtlasAuthorityData.aspx Id=4189
2015-01-01 /ejn/AtlasAuthorityData.aspx Id=4189
2015-01-01 /ejn/EJN_Compendium.aspx authId=4189
2015-01-01 /ejn/ctrls.compendium/IframeEngine.aspx -
2015-01-01 /ejn/ctrls.compendium/iframeEngine.aspx remoteFunction=getAuthority&Id=4189&callback=loadRequestedAuth_cb
2015-01-01 /ejn/EJN_Compendium.aspx authId=4189
2015-01-01 /ejn/ctrls.compendium/IframeEngine.aspx -
2015-01-01 /ejn/AtlasAuthorityData.aspx Id=4189
2015-01-01 /ejn/AtlasChooseAuthority.aspx -
2015-01-01 /ejn/EJN_Compendium.aspx authId=4189
2015-01-01 /ejn/ctrls.compendium/IframeEngine.aspx -
2015-01-01 /ejn/AtlasChooseMeasure.aspx MP=0&Cou=277
2015-01-01 /ejn/ctrls.compendium/iframeEngine.aspx remoteFunction=getAuthority&Id=4189&callback=loadRequestedAuth_cb
2015-01-01 /ejn/AtlasChooseMeasure.aspx MP=0&Cou=277
2015-01-01 /ejn/AtlasChooseMeasure.aspx MP=0&Cou=277
2015-01-01 /ejn/AtlasChooseMeasure.aspx MP=0&Cou=277
2015-01-01 /ejn/AtlasSelection.aspx -
2015-01-01 /ejn/AtlasChooseAuthority.aspx -
2015-01-01 /ejn/AtlasChooseAuthority.aspx/GetLocations -
2015-01-01 /ejn/AtlasChooseAuthority.aspx -
2015-01-01 /ejn/AtlasAuthorityData.aspx Id=4189
2015-01-01 /ejn/AtlasAuthorityData.aspx Id=4189
2015-01-01 /ejn/EJN_Compendium.aspx authId=4189
2015-01-01 /ejn/ctrls.compendium/IframeEngine.aspx -
2015-01-01 /ejn/ctrls.compendium/iframeEngine.aspx remoteFunction=getAuthority&Id=4189&callback=loadRequestedAuth_cb
