2014-11-01 /ejn/EJN_Home.aspx -
2014-11-01 /ejn/libshowdocument.aspx Id=1098&Lang=ES
2014-11-01 /ejn/libshowdocument.aspx Id=1099&Lang=ES
2014-11-01 /ejn/libdocumentproperties.aspx Id=1114
2014-11-01 /ejn/libdocumentproperties.aspx Id=1113
2014-11-01 /ejn/libdocumentproperties.aspx Id=571
2014-11-01 /ejn/libcategories.aspx id=6
2014-11-01 /ejn/libdocumentproperties.aspx Id=1099
2014-11-01 /ejn/libdocumentproperties.aspx Id=568
2014-11-01 /ejn/libdocumentproperties.aspx Id=1091
2014-11-01 /ejn/libdocumentproperties.aspx Id=1085
2014-11-01 /ejn/libdocumentproperties.aspx Id=1086
2014-11-01 /ejn/libdocumentproperties.aspx Id=567
2014-11-01 /ejn/libshowdocument.aspx Id=248&Lang=FI
2014-11-01 /ejn/libdocumentproperties.aspx Id=1087
2014-11-01 /ejn/libdocumentproperties.aspx Id=1098
2014-11-01 /ejn/libdocumentproperties.aspx Id=1089
2014-11-01 /ejn/libdocumentproperties.aspx Id=1083
2014-11-01 /ejn/libdocumentproperties.aspx Id=1093
2014-11-01 /ejn/libdocumentproperties.aspx Id=1084
2014-11-01 /ejn/libdocumentproperties.aspx Id=1084
2014-11-01 /ejn/libdocumentproperties.aspx Id=749
2014-11-01 /ejn/libdocumentproperties.aspx Id=750
2014-11-01 /ejn/libdocumentproperties.aspx Id=1340
2014-11-01 /ejn/libdocumentproperties.aspx Id=1341
2014-11-01 /ejn/libdocumentproperties.aspx Id=1144
2014-11-01 /ejn/libdocumentproperties.aspx Id=813
2014-11-01 /ejn/libdocumentproperties.aspx Id=743
2014-11-01 /ejn/libdocumentproperties.aspx Id=745
2014-11-01 /ejn/libdocumentproperties.aspx Id=744
2014-11-01 /ejn/libdocumentproperties.aspx Id=1090
2014-11-01 /ejn/libdocumentproperties.aspx Id=1092
2014-11-01 /ejn/libdocumentproperties.aspx Id=746
2014-11-01 /ejn/EJN_Home.aspx -
2014-11-01 /ejn/libdocumentproperties.aspx Id=462
2014-11-01 /ejn/libdocumentproperties.aspx Id=463
2014-11-01 /ejn/libdocumentproperties.aspx Id=962
2014-11-01 /ejn/libdocumentproperties.aspx Id=961
2014-11-01 /ejn/libdocumentproperties.aspx Id=754
2014-11-01 /ejn/libdocumentproperties.aspx Id=755
2014-11-01 /ejn/libdocumentproperties.aspx Id=943
2014-11-01 /ejn/libdocumentproperties.aspx Id=944
2014-11-01 /ejn/libdocumentproperties.aspx Id=757
2014-11-01 /ejn/libdocumentproperties.aspx Id=484
2014-11-01 /ejn/libdocumentproperties.aspx Id=485
2014-11-01 /ejn/libdocumentproperties.aspx Id=461
2014-11-01 /ejn/libdocumentproperties.aspx Id=758
2014-11-01 /ejn/libdocumentproperties.aspx Id=1123
2014-11-01 /ejn/ -
2014-11-01 /ejn/libdocumentproperties.aspx Id=476
2014-11-01 /ejn/libdocumentproperties.aspx Id=676
2014-11-01 /ejn/libdocumentproperties.aspx Id=405
2014-11-01 /ejn/libdocumentproperties.aspx Id=406
2014-11-01 /ejn/libdocumentproperties.aspx Id=1033
2014-11-01 /ejn/libdocumentproperties.aspx Id=1024
2014-11-01 /ejn/libdocumentproperties.aspx Id=245
2014-11-01 /ejn/libdocumentproperties.aspx Id=481
2014-11-01 /ejn/libdocumentproperties.aspx Id=460
2014-11-01 /ejn/libdocumentproperties.aspx Id=1314
2014-11-01 /ejn/libdocumentproperties.aspx Id=1316
2014-11-01 /ejn/libdocumentproperties.aspx Id=796
2014-11-01 /ejn/libdocumentproperties.aspx Id=475
2014-11-01 /ejn/libdocumentproperties.aspx Id=675
2014-11-01 /ejn/libdocumentproperties.aspx Id=785
2014-11-01 /ejn/libdocumentproperties.aspx Id=1221
2014-11-01 /ejn/libdocumentproperties.aspx Id=1225
2014-11-01 /ejn/libdocumentproperties.aspx Id=1222
2014-11-01 /ejn/libdocumentproperties.aspx Id=1313
2014-11-01 /ejn/libdocumentproperties.aspx Id=1315
2014-11-01 /ejn/libdocumentproperties.aspx Id=1224
2014-11-01 /ejn/libdocumentproperties.aspx Id=1223
2014-11-01 /ejn/libdocumentproperties.aspx Id=448
2014-11-01 /ejn/libdocumentproperties.aspx Id=1345
2014-11-01 /ejn/libdocumentproperties.aspx Id=1180
2014-11-01 /ejn/libdocumentproperties.aspx Id=902
2014-11-01 /ejn/libcategories.aspx id=7
2014-11-01 /ejn/libdocumentproperties.aspx Id=1129
2014-11-01 /ejn/libdocumentproperties.aspx Id=903
2014-11-01 /ejn/EJN_AtlasAdvanced.aspx -
2014-11-01 /ejn/libdocumentproperties.aspx Id=403
2014-11-01 /ejn/libdocumentproperties.aspx Id=604
2014-11-01 /ejn/libdocumentproperties.aspx Id=249
2014-11-01 /ejn/libdocumentproperties.aspx Id=605
2014-11-01 /ejn/libdocumentproperties.aspx Id=609
2014-11-01 /ejn/libdocumentproperties.aspx Id=935
2014-11-01 /ejn/libcategories.aspx id=8
2014-11-01 /ejn/libdocumentproperties.aspx Id=443
2014-11-01 /ejn/libdocumentproperties.aspx Id=1189
2014-11-01 /ejn/libdocumentproperties.aspx Id=1191
2014-11-01 /ejn/libdocumentproperties.aspx Id=972
2014-11-01 /ejn/libdocumentproperties.aspx Id=971
2014-11-01 /ejn/libdocumentproperties.aspx Id=969
2014-11-01 /ejn/libdocumentproperties.aspx Id=970
2014-11-01 /ejn/libdocumentproperties.aspx Id=1312
2014-11-01 /ejn/libdocumentproperties.aspx Id=968
2014-11-01 /ejn/libdocumentproperties.aspx Id=967
2014-11-01 /ejn/libdocumentproperties.aspx Id=784
2014-11-01 /ejn/libdocumentproperties.aspx Id=910
2014-11-01 /ejn/EJN_Events.aspx date=20/03/2012
2014-11-01 /ejn/libdocumentproperties.aspx Id=710
2014-11-01 /ejn/libdocumentproperties.aspx Id=973
2014-11-01 /ejn/libdocumentproperties.aspx Id=1088
2014-11-01 /ejn/libcategories.aspx id=2
2014-11-01 /ejn/EJN_Home.aspx -
2014-11-01 /about-ejn.aspx -
2014-11-01 /ejn/EJN_Library_StatusOfImpByCat.aspx CategoryId=104
2014-11-01 /ejn/libdocumentproperties.aspx Id=1054
2014-11-01 /ejn/EJN_Library_StatusOfImpByCat.aspx CategoryId=55
2014-11-01 /ejn/libdocumentproperties.aspx Id=1052
2014-11-01 /ejn/EJN_Library_StatusOfImpByCat.aspx CategoryId=53
2014-11-01 /ejn/libdocumentproperties.aspx Id=1282
2014-11-01 /ejn/EJN_Library_StatusOfImpByCat.aspx CategoryId=90
2014-11-01 /ejn/libdocumentproperties.aspx Id=937
2014-11-01 /ejn/EJN_Library_StatusOfImpByCat.aspx CategoryId=42
2014-11-01 /ejn/libdocumentproperties.aspx Id=936
2014-11-01 /ejn/EJN_Library_StatusOfImpByCat.aspx CategoryId=64
2014-11-01 /ejn/libdocumentproperties.aspx Id=1051
2014-11-01 /ejn/libdocumentproperties.aspx Id=1284
2014-11-01 /ejn/EJN_Library_StatusOfImpByCat.aspx CategoryId=67
2014-11-01 /ejn/libdocumentproperties.aspx Id=1285
2014-11-01 /ejn/libdocumentproperties.aspx Id=938
2014-11-01 /ejn/EJN_Library_StatusOfImpByCat.aspx CategoryId=52
2014-11-01 /ejn/libdocumentproperties.aspx Id=728
2014-11-01 /ejn/EJN_Library_StatusOfImpByCat.aspx CategoryId=54
2014-11-01 /ejn/libdocumentproperties.aspx Id=939
2014-11-01 /ejn/EJN_Library_StatusOfImpByCat.aspx CategoryId=35
2014-11-01 /ejn/libdocumentproperties.aspx Id=1286
2014-11-01 /ejn/EJN_Library_StatusOfImpByCat.aspx CategoryId=60
2014-11-01 /ejn/libdocumentproperties.aspx Id=940
2014-11-01 /ejn/EJN_Library_StatusOfImpByCat.aspx CategoryId=38
2014-11-01 /ejn/libdocumentproperties.aspx Id=729
2014-11-01 /ejn/libdocumentproperties.aspx Id=1283
2014-11-01 /ejn/EJN_Library_StatusOfImpByCat.aspx CategoryId=40
2014-11-01 /ejn/EJN_Library_StatusOfImpByCat.aspx CategoryId=100
2014-11-01 /ejn/EJN_Library_StatusOfImpByCat.aspx CategoryId=91
2014-11-01 /ejn/libdocumentproperties.aspx Id=727
2014-11-01 /ejn/EJN_Library_StatusOfImpByCat.aspx CategoryId=37
2014-11-01 /ejn/EJN_Library_StatusOfImpByCat.aspx CategoryId=66
2014-11-01 /ejn/libdocumentproperties.aspx Id=1063
2014-11-01 /ejn/EJN_Library_StatusOfImpByCat.aspx CategoryId=39
2014-11-01 /ejn/libdocumentproperties.aspx Id=941
2014-11-01 /ejn/libdocumentproperties.aspx Id=739
2014-11-01 /ejn/EJN_Library_StatusOfImpByCat.aspx CategoryId=36
2014-11-01 /ejn/EJN_Home.aspx -
2014-11-01 /ejn/EJN_Home.aspx -
2014-11-01 /ejn/EJN_Home.aspx -
2014-11-01 /ejn/ -
2014-11-01 /ejn/EJN_Home.aspx -
2014-11-01 /ejn/libshowdocument.aspx Id=222&Lang=FI
2014-11-01 /ejn/EJN_Home.aspx -
2014-11-01 /ejn/EJN_Home.aspx -
2014-11-01 /ejn/libdocumentproperties.aspx Id=244
2014-11-01 /ejn/libshowdocument.aspx Id=244&Lang=DE
2014-11-01 /ejn/EJN_Home.aspx -
2014-11-01 /ejn/libshowdocument.aspx Id=244&Lang=EL
2014-11-01 /ejn/libshowdocument.aspx Id=244&Lang=EN
2014-11-01 /ejn/ -
2014-11-01 /ejn/libshowdocument.aspx Id=244&Lang=ES
2014-11-01 /ejn/libshowdocument.aspx Id=244&Lang=ET
2014-11-01 /ejn/libshowdocument.aspx Id=244&Lang=FI
2014-11-01 /ejn/libshowdocument.aspx Id=244&Lang=FR
2014-11-01 /ejn/libshowdocument.aspx Id=244&Lang=HU
2014-11-01 /ejn/libshowdocument.aspx Id=244&Lang=IT
2014-11-01 /ejn/libshowdocument.aspx Id=244&Lang=LT
2014-11-01 /ejn/libshowdocument.aspx Id=244&Lang=LV
2014-11-01 /ejn/libshowdocument.aspx Id=244&Lang=MT
2014-11-01 /ejn/libshowdocument.aspx Id=244&Lang=NL
2014-11-01 /ejn/libshowdocument.aspx Id=244&Lang=PL
2014-11-01 /ejn/libshowdocument.aspx Id=244&Lang=PT
2014-11-01 /ejn/libshowdocument.aspx Id=244&Lang=SK
2014-11-01 /ejn/EJN_AtlasAdvanced.aspx -
2014-11-01 /ejn/libshowdocument.aspx Id=244&Lang=SV
2014-11-01 /ejn/libshowdocument.aspx Id=244&Lang=DK
2014-11-01 /ejn/libdocumentproperties.aspx Id=1050
2014-11-01 /ejn/libshowdocument.aspx Id=244&Lang=SL
2014-11-01 /ejn/libshowdocument.aspx Id=244&Lang=CS
2014-11-01 /ejn/NewsDetail.aspx id=300&Ori=H
2014-11-01 /ejn/libdocumentproperties.aspx Id=608
2014-11-01 /ejn/libdocumentproperties.aspx Id=1079
2014-11-01 /ejn/newsdetail.aspx Id=234
2014-11-01 /ejn/libdocumentproperties.aspx Id=1080
2014-11-01 /ejn/newsdetail.aspx Id=235
2014-11-01 /ejn/newsdetail.aspx Id=238
2014-11-01 /ejn/newsdetail.aspx Id=237
2014-11-01 /ejn/libdocumentproperties.aspx Id=550
2014-11-01 /ejn/EJN_Home.aspx -
2014-11-01 /ejn/libdocumentproperties.aspx Id=1193
2014-11-01 /ejn/newsdetail.aspx Id=233
2014-11-01 /ejn/newsdetail.aspx Id=240
2014-11-01 /ejn/EJN_Home.aspx -
2014-11-01 /ejn/EJN_Home.aspx -
2014-11-01 /ejn/EJN_Home.aspx -
2014-11-01 /ejn/ -
2014-11-01 /ejn/ejn_events.aspx -
2014-11-01 /ejn/ejn_events.aspx -
2014-11-01 /ejn/EJN_Home.aspx -
2014-11-01 /ejn/newsdetail.aspx Id=245
2014-11-01 /ejn/newsdetail.aspx Id=243
2014-11-01 /ejn/newsdetail.aspx Id=242
2014-11-01 /ejn/libdocumentproperties.aspx Id=1365
2014-11-01 /ejn/EJN_Home.aspx -
2014-11-01 /ejn/EJN_Home.aspx -
2014-11-01 /ejn/libdocumentproperties.aspx Id=1366
2014-11-01 /ejn/libdocumentproperties.aspx Id=1367
2014-11-01 /ejn/EJN_Home.aspx -
2014-11-01 /ejn/newsdetail.aspx Id=248
2014-11-01 /ejn/EJN_Home.aspx -
2014-11-01 /ejn/newsdetail.aspx Id=249
2014-11-01 /ejn/EJN_StaticPage.aspx Bread=9
2014-11-01 /ejn/EJN_Home.aspx -
2014-11-01 /ejn/EJN_Home.aspx -
2014-11-01 /ejn/Events.aspx event=79
2014-11-01 /ejn/EJN_Home.aspx -
2014-11-01 /ejn/EJN_Home.aspx -
2014-11-01 /ejn/ -
2014-11-01 /ejn/NewsAll.aspx Id=2
2014-11-01 /ejn/EJN_Home.aspx -
2014-11-01 /ejn/EJN_Home.aspx -
2014-11-01 /ejn/EJN_Home.aspx -
2014-11-01 /ejn/EJN_Home.aspx -
2014-11-01 /ejn/EJN_Home.aspx -
2014-11-01 /ejn/ -
2014-11-01 /ejn/EJN_AtlasAdvanced.aspx -
2014-11-01 /ejn/EJN_Home.aspx -
2014-11-01 /ejn/EJN_StaticPage.aspx Bread=7
2014-11-01 /ejn/EJN_Home.aspx -
2014-11-01 /ejn/EJN_Home.aspx -
2014-11-01 /ejn/EJN_Home.aspx -
2014-11-01 /ejn/EJN_Home.aspx -
2014-11-01 /ejn/ -
2014-11-01 /ejn/EJN_Home.aspx -
2014-11-01 /ejn/EJN_Home.aspx -
2014-11-01 /ejn/EJN_Home.aspx -
2014-11-01 /ejn/ -
2014-11-01 /ejn/EJN_AtlasAdvanced.aspx -
2014-11-01 /ejn/EJN_Home.aspx -
2014-11-01 /ejn/ -
2014-11-01 /ejn/EJN_Home.aspx -
2014-11-01 /ejn/newsdetail.aspx Id=251
2014-11-01 /ejn/newsdetail.aspx Id=257
2014-11-01 /ejn/EJN_Home.aspx -
2014-11-01 /ejn/EJN_Home.aspx -
2014-11-01 /ejn/libdocumentproperties.aspx Id=1386
2014-11-01 /ejn/libdocumentproperties.aspx Id=1380
2014-11-01 /ejn/EJN_Home.aspx -
2014-11-01 /ejn/ -
2014-11-01 /ejn/libshowdocument.aspx Id=421&Lang=HR
2014-11-01 /ejn/ -
2014-11-01 /ejn/libdocumentproperties.aspx Id=1384
2014-11-01 /ejn/libdocumentproperties.aspx Id=1388
2014-11-01 /ejn/libdocumentproperties.aspx Id=1392
2014-11-01 /ejn/libdocumentproperties.aspx Id=1390
2014-11-01 /ejn/libdocumentproperties.aspx Id=1398
2014-11-01 /ejn/libdocumentproperties.aspx Id=1387
2014-11-01 /ejn/libdocumentproperties.aspx Id=1391
2014-11-01 /ejn/libdocumentproperties.aspx Id=1394
2014-11-01 /ejn/newsdetail.aspx Id=262
2014-11-01 /ejn/newsdetail.aspx Id=269
2014-11-01 /ejn/newsdetail.aspx Id=266
2014-11-01 /ejn/EJN_Home.aspx -
2014-11-01 /ejn/libdocumentproperties.aspx Id=1404
2014-11-01 /ejn/newsdetail.aspx Id=270
2014-11-01 /ejn/EJN_Home.aspx -
2014-11-01 /ejn/EJN_Home.aspx -
2014-11-01 /ejn/newsdetail.aspx Id=272
2014-11-01 /ejn/EJN_Home.aspx -
2014-11-01 /ejn/EJN_Home.aspx -
2014-11-01 /ejn/EJN_Home.aspx -
2014-11-01 /ejn/EJN_Home.aspx -
2014-11-01 /ejn/EJN_Home.aspx -
2014-11-01 /ejn/ -
2014-11-01 /ejn/EJN_Home.aspx -
2014-11-01 /ejn/ejn_infoabout.aspx -
2014-11-01 /ejn/EJN_Home.aspx -
2014-11-01 /ejn/Events.aspx event=87
2014-11-01 /ejn/EJN_Home.aspx -
2014-11-01 /ejn/EJN_Home.aspx -
2014-11-01 /ejn/EJN_Home.aspx -
2014-11-01 /ejn/EJN_Home.aspx -
2014-11-01 /ejn/NewsDetail.aspx id=272&Ori=H
2014-11-01 /ejn/EJN_Home.aspx -
2014-11-01 /ejn/ -
2014-11-01 /ejn/EJN_AtlasAdvanced.aspx -
2014-11-01 /ejn/EJN_Home.aspx -
2014-11-01 /ejn/EJN_Home.aspx -
2014-11-01 /ejn/EJN_Home.aspx -
2014-11-01 /ejn/EJN_Home.aspx -
2014-11-01 /ejn/ -
2014-11-01 /ejn/NewsDetail.aspx id=257&Ori=H
2014-11-01 /ejn/EJN_Home.aspx -
2014-11-01 /ejn/EJN_Home.aspx -
2014-11-01 /ejn/EJN_Home.aspx -
2014-11-01 /ejn/EJN_Home.aspx -
2014-11-01 /ejn/EJN_Home.aspx -
2014-11-01 /ejn/EJN_StaticPage.aspx Bread=33
2014-11-01 /ejn/ -
2014-11-01 /ejn/EJN_AtlasAdvanced.aspx -
2014-11-01 /ejn/EJN_Home.aspx -
2014-11-01 /ejn/EJN_Home.aspx -
2014-11-01 /ejn/EJN_Home.aspx -
2014-11-01 /ejn/EJN_Home.aspx -
2014-11-01 /ejn/ -
2014-11-01 /ejn/EJN_Home.aspx -
2014-11-01 /ejn/libdocumentproperties.aspx Id=1171
2014-11-01 /ejn/libdocumentproperties.aspx Id=1407
2014-11-01 /ejn/libdocumentproperties.aspx Id=1405
2014-11-01 /ejn/libshowdocument.aspx Id=244&Lang=BG
2014-11-01 /ejn/libshowdocument.aspx Id=244&Lang=RO
2014-11-01 /ejn/EJN_Home.aspx -
2014-11-01 /ejn/EJN_Home.aspx -
2014-11-01 /ejn/EJN_StaticPage.aspx Bread=34
2014-11-01 /ejn/EJN_Home.aspx -
2014-11-01 /ejn/newsdetail.aspx Id=276
2014-11-01 /ejn/newsdetail.aspx Id=274
2014-11-01 /ejn/newsdetail.aspx Id=275
2014-11-01 /ejn/libdocumentproperties.aspx Id=1417
2014-11-01 /ejn/libdocumentproperties.aspx Id=1410
2014-11-01 /ejn/libdocumentproperties.aspx Id=1411
2014-11-01 /ejn/libdocumentproperties.aspx Id=1412
2014-11-01 /ejn/libdocumentproperties.aspx Id=1413
2014-11-01 /ejn/libdocumentproperties.aspx Id=1408
2014-11-01 /ejn/libdocumentproperties.aspx Id=1418
2014-11-01 /ejn/newsdetail.aspx Id=284
2014-11-01 /ejn/newsdetail.aspx Id=286
2014-11-01 /ejn/libdocumentproperties.aspx Id=173
2014-11-01 /ejn/EJN_Home.aspx -
2014-11-01 /ejn/newsdetail.aspx Id=285
2014-11-01 /ejn/newsdetail.aspx Id=283
2014-11-01 /ejn/EJN_Home.aspx -
2014-11-01 /ejn/libdocumentproperties.aspx Id=1453
2014-11-01 /ejn/libdocumentproperties.aspx Id=1454
2014-11-01 /ejn/newsdetail.aspx Id=298
2014-11-01 /ejn/newsdetail.aspx Id=291
2014-11-01 /ejn/newsdetail.aspx Id=293
2014-11-01 /ejn/newsdetail.aspx Id=292
2014-11-01 /ejn/newsdetail.aspx Id=287
2014-11-01 /ejn/newsdetail.aspx Id=294
2014-11-01 /ejn/EJN_Home.aspx -
2014-11-01 /ejn/newsdetail.aspx Id=312
2014-11-01 /ejn/newsdetail.aspx Id=305
2014-11-01 /ejn/newsdetail.aspx Id=300
2014-11-01 /ejn/newsdetail.aspx Id=299
2014-11-01 /ejn/newsdetail.aspx Id=309
2014-11-01 /ejn/newsdetail.aspx Id=310
2014-11-01 /ejn/EJN_Home.aspx -
2014-11-01 /ejn/EJN_Home.aspx -
2014-11-01 /ejn/libcategories.aspx Id=11
2014-11-01 /ejn/libcategories.aspx Id=21
2014-11-01 /ejn/libcategories.aspx Id=20
2014-11-01 /ejn/libcategories.aspx Id=9
2014-11-01 /ejn/libcategories.aspx Id=13
2014-11-01 /ejn/libcategories.aspx Id=10
2014-11-01 /ejn/libcategories.aspx Id=12
2014-11-01 /ejn/libcategories.aspx Id=51
2014-11-01 /ejn/EJN_Home.aspx -
2014-11-01 /ejn/ -
2014-11-01 /ejn/libdocumentproperties.aspx Id=1250
2014-11-01 /ejn/libdocumentproperties.aspx Id=1276
2014-11-01 /ejn/libshowdocument.aspx Id=1250&Lang=FR
2014-11-01 /ejn/libshowdocument.aspx Id=1250&Lang=EN
2014-11-01 /ejn/libshowdocument.aspx Id=1276&Lang=BG
2014-11-01 /ejn/libshowdocument.aspx Id=1276&Lang=EL
2014-11-01 /ejn/libshowdocument.aspx Id=1276&Lang=CS
2014-11-01 /ejn/libshowdocument.aspx Id=1276&Lang=ES
2014-11-01 /ejn/libshowdocument.aspx Id=1276&Lang=DK
2014-11-01 /ejn/libshowdocument.aspx Id=1276&Lang=ET
2014-11-01 /ejn/EJN_Home.aspx -
2014-11-01 /ejn/libshowdocument.aspx Id=1276&Lang=EN
2014-11-01 /ejn/libshowdocument.aspx Id=1276&Lang=HU
2014-11-01 /ejn/libshowdocument.aspx Id=1276&Lang=IT
2014-11-01 /ejn/libshowdocument.aspx Id=1276&Lang=LT
2014-11-01 /ejn/libshowdocument.aspx Id=1276&Lang=LV
2014-11-01 /ejn/libshowdocument.aspx Id=1276&Lang=MT
2014-11-01 /ejn/libshowdocument.aspx Id=1276&Lang=NL
2014-11-01 /ejn/libshowdocument.aspx Id=1276&Lang=FR
2014-11-01 /ejn/libshowdocument.aspx Id=1276&Lang=DE
2014-11-01 /ejn/libshowdocument.aspx Id=1276&Lang=FI
2014-11-01 /ejn/libshowdocument.aspx Id=1276&Lang=PL
2014-11-01 /ejn/libshowdocument.aspx Id=1276&Lang=PT
2014-11-01 /ejn/libshowdocument.aspx Id=1276&Lang=SL
2014-11-01 /ejn/libshowdocument.aspx Id=1276&Lang=SV
2014-11-01 /ejn/EJN_Home.aspx -
2014-11-01 /ejn/EJN_Home.aspx -
2014-11-01 /ejn/libshowdocument.aspx Id=1276&Lang=RO
2014-11-01 /ejn/libshowdocument.aspx Id=1276&Lang=SK
2014-11-01 /ejn/ejn_staticpage.aspx bread=8
2014-11-01 /ejn/EJN_Home.aspx -
2014-11-01 /ejn/EJN_StaticPage.aspx Bread=12
2014-11-01 /ejn/EJN_Home.aspx -
2014-11-01 /ejn/EJN_Home.aspx -
2014-11-01 /EJN_Login.aspx -
2014-11-01 /ejn/EJN_Home.aspx -
2014-11-01 /ejn/ -
2014-11-01 /ejn/EJN_AtlasAdvanced.aspx -
2014-11-01 /ejn/EJN_Home.aspx -
2014-11-01 /ejn/EJN_Home.aspx -
2014-11-01 /ejn/EJN_Home.aspx -
2014-11-01 /ejn/ -
2014-11-01 /ejn/ -
2014-11-01 /ejn/EJN_Home.aspx -
2014-11-01 /ejn/ -
2014-11-01 /ejn/EJN_StaticPage.aspx Bread=4
2014-11-01 /ejn/EJN_StaticPage.aspx Bread=7
2014-11-01 /ejn/ejn_home.aspx -
2014-11-01 /ejn/EJN_Faqs.aspx -
2014-11-01 /ejn/sitemap.aspx -
2014-11-01 /ejn/EJN_ContactUs.aspx &KeepThis=true&TB_iframe=true&height=650&width=900
2014-11-01 /ejn/EJN_Home.aspx -
2014-11-01 /ejn/EJN_Search.aspx -
2014-11-01 /ejn/ -
2014-11-01 /ejn/EJN_StaticPage.aspx Bread=8
2014-11-01 /ejn/libcategories.aspx Id=24
2014-11-01 /ejn/libcategories.aspx Id=14
2014-11-01 /ejn/EJN_StaticPage.aspx Bread=39
2014-11-01 /ejn/libcategories.aspx Id=25
2014-11-01 /ejn/EJN_StaticPage.aspx Bread=9
2014-11-01 /ejn/libcategories.aspx Id=34
2014-11-01 /ejn/AtlasChooseMeasure.aspx MP=1&Cou=UK&Type=2
2014-11-01 /ejn/EJN_StaticPage.aspx Bread=2
2014-11-01 /ejn/libcategories.aspx Id=32
2014-11-01 /ejn/libshowdocument.aspx Id=1276&Lang=HR
2014-11-01 /ejn/EJN_StaticPage.aspx Bread=27
2014-11-01 /ejn/EJN_StaticPage.aspx Bread=21
2014-11-01 /ejn/EJN_StaticPage.aspx Bread=10
2014-11-01 /ejn/EJN_Secretariat.aspx -
2014-11-01 /ejn/EJN_StaticPage.aspx Bread=16
2014-11-01 /ejn/EJN_StaticPage.aspx Bread=28
2014-11-01 /ejn/EJN_StaticPage.aspx Bread=14
2014-11-01 /ejn/EJN_StaticPage.aspx Bread=17
2014-11-01 /ejn/EJN_StaticPage.aspx Bread=13
2014-11-01 /ejn/Gallery.aspx -
2014-11-01 /ejn/ -
2014-11-01 /ejn/EJN_AtlasAdvanced.aspx -
2014-11-01 /ejn/EJN_StaticPage.aspx Bread=32
2014-11-01 /ejn/EJN_StaticPage.aspx Bread=30
2014-11-01 /ejn/EJN_StaticPage.aspx Bread=18
2014-11-01 /ejn/EJN_StaticPage.aspx Bread=33
2014-11-01 /ejn/EJN_StaticPage.aspx Bread=25
2014-11-01 /ejn/EJN_StaticPage.aspx Bread=31
2014-11-01 /ejn/EJN_StaticPage.aspx Bread=35
2014-11-01 /ejn/EJN_StaticPage.aspx Bread=24
2014-11-01 /ejn/EJN_StaticPage.aspx Bread=34
2014-11-01 /ejn/EJN_StaticPage.aspx Bread=20
2014-11-01 /ejn/EJN_Home.aspx -
2014-11-01 /ejn/NewsDetail.aspx id=309&Ori=H
2014-11-01 /ejn/EJN_StaticPage.aspx Bread=37
2014-11-01 /ejn/EJN_StaticPage.aspx Bread=22
2014-11-01 /ejn/NewsDetail.aspx id=305&Ori=H
2014-11-01 /ejn/EJN_StaticPage.aspx Bread=38
2014-11-01 /ejn/EJN_StaticPage.aspx Bread=26
2014-11-01 /ejn/NewsDetail.aspx id=312&Ori=H
2014-11-01 /ejn/EJN_StaticPage.aspx Bread=23
2014-11-01 /ejn/EJN_StaticPage.aspx Bread=36
2014-11-01 /ejn/EJN_StaticPage.aspx Bread=19
2014-11-01 /ejn/Events.aspx id=7
2014-11-01 /ejn/Events.aspx id=6
2014-11-01 /ejn/Events.aspx event=273
2014-11-01 /ejn/NewsDetail.aspx id=287&Ori=H
2014-11-01 /ejn/NewsDetail.aspx id=300&Ori=H
2014-11-01 /ejn/NewsDetail.aspx id=283&Ori=H
2014-11-01 /ejn/NewsDetail.aspx id=291&Ori=H
2014-11-01 /ejn/NewsDetail.aspx id=292&Ori=H
2014-11-01 /ejn/NewsDetail.aspx id=299&Ori=H
2014-11-01 /ejn/NewsDetail.aspx id=298&Ori=H
2014-11-01 /ejn/NewsAll.aspx Id=5
2014-11-01 /ejn/Events.aspx Id=7
2014-11-01 /ejn/NewsAll.aspx Id=2
2014-11-01 /ejn/Events.aspx Id=6
2014-11-01 /ejn/NewsAll.aspx Id=3
2014-11-01 /ejn/NewsAll.aspx -
2014-11-01 /ejn/NewsAll.aspx Id=4
2014-11-01 /ejn/Events.aspx event=278
2014-11-01 /ejn/NewsAll.aspx Id=1
2014-11-01 /ejn/Events.aspx event=301
2014-11-01 /ejn/EJN_Home.aspx -
2014-11-01 /ejn/ -
2014-11-01 /ejn/EJN_Home.aspx -
2014-11-01 /ejn/EJN_InfoAbout.aspx Id=223
2014-11-01 /ejn/EJN_InfoAbout.aspx Id=432
2014-11-01 /ejn/EJN_InfoAbout.aspx Id=239
2014-11-01 /ejn/Events.aspx -
2014-11-01 /ejn/EJN_InfoAbout.aspx Id=230
2014-11-01 /ejn/EJN_InfoAbout.aspx Id=258
2014-11-01 /ejn/EJN_SubscribeNewsLetter.aspx -
2014-11-01 /ejn/libshowdocument.aspx Id=16&Lang=FI
2014-11-01 /ejn/EJN_InfoAbout.aspx Id=287
2014-11-01 /ejn/EJN_InfoAbout.aspx Id=293
2014-11-01 /ejn/EJN_InfoAbout.aspx Id=260
2014-11-01 /ejn/EJN_InfoAbout.aspx Id=259
2014-11-01 /ejn/EJN_InfoAbout.aspx Id=277
2014-11-01 /ejn/EJN_InfoAbout.aspx Id=269
2014-11-01 /ejn/EJN_InfoAbout.aspx Id=272
2014-11-01 /ejn/EJN_InfoAbout.aspx Id=279
2014-11-01 /ejn/EJN_InfoAbout.aspx Id=273
2014-11-01 /ejn/EJN_InfoAbout.aspx Id=295
2014-11-01 /ejn/EJN_Home.aspx -
2014-11-01 /ejn/EJN_InfoAbout.aspx Id=351
2014-11-01 /ejn/EJN_InfoAbout.aspx Id=368
2014-11-01 /ejn/EJN_InfoAbout.aspx Id=369
2014-11-01 /ejn/EJN_InfoAbout.aspx Id=314
2014-11-01 /ejn/EJN_InfoAbout.aspx Id=337
2014-11-01 /ejn/EJN_InfoAbout.aspx Id=354
2014-11-01 /ejn/EJN_InfoAbout.aspx Id=352
2014-11-01 /ejn/EJN_InfoAbout.aspx Id=307
2014-11-01 /ejn/EJN_InfoAbout.aspx Id=313
2014-11-01 /ejn/EJN_InfoAbout.aspx Id=321
2014-11-01 /ejn/ -
2014-11-01 /ejn/EJN_InfoAbout.aspx Id=378
2014-11-01 /ejn/EJN_InfoAbout.aspx Id=389
2014-11-01 /ejn/EJN_InfoAbout.aspx Id=433
2014-11-01 /ejn/EJN_InfoAbout.aspx Id=288
2014-11-01 /ejn/EJN_InfoAbout.aspx Id=395
2014-11-01 /ejn/EJN_InfoAbout.aspx Id=434
2014-11-01 /ejn/EJN_InfoAbout.aspx Id=435
2014-11-01 /ejn/EJN_InfoAbout.aspx Id=215
2014-11-01 /ejn/EJN_InfoAbout.aspx Id=364
2014-11-01 /ejn/EJN_InfoAbout.aspx Id=373
2014-11-01 /ejn/EJN_AtlasAdvanced.aspx -
2014-11-01 /ejn/EJN_Login.aspx -
2014-11-01 /ejn/EJN_InfoAbout.aspx Id=430
2014-11-01 /ejn/EJN_FichesBelges.aspx -
2014-11-01 /ejn/EJN_StaticPage.aspx Bread=3
2014-11-01 /ejn/AtlasChooseCountry.aspx Type=2
2014-11-01 /ejn/EJN_StaticPage.aspx Bread=1
2014-11-01 /ejn/EJN_InfoAbout.aspx Id=342
2014-11-01 /ejn/AtlasChooseCountry.aspx Type=1
2014-11-01 /ejn/EJN_EAWWizard.aspx -
2014-11-01 /ejn/EJN_Compendium.aspx -
2014-11-01 /ejn/EJN_Home.aspx -
2014-11-01 /ejn/EJN_StaticPage.aspx Bread=11
2014-11-01 /ejn/EJN_QuickLinks.aspx id=27
2014-11-01 /ejn/EJN_StaticPage.aspx Bread=12
2014-11-01 /ejn/EJN_QuickLinks.aspx id=26
2014-11-01 /ejn/EJN_QuickLinks.aspx id=25
2014-11-01 /ejn/EJN_QuickLinks.aspx id=23
2014-11-01 /ejn/EJN_QuickLinks.aspx id=28
2014-11-01 /ejn/libcategories.aspx -
2014-11-01 /ejn/EJN_QuickLinks.aspx id=24
2014-11-01 /ejn/EJN_QuickLinks.aspx -
2014-11-01 /ejn/EJN_AtlasAdvanced.aspx -
2014-11-01 /ejn/ejn_staticpage.aspx Bread=7
2014-11-01 /ejn/ejn_staticpage.aspx Bread=8
2014-11-01 /ejn/EJN_EAWAtlas.aspx -
2014-11-01 /ejn/EJN_Faqs.aspx cat=1
2014-11-01 /ejn/libcategories.aspx Id=2
2014-11-01 /ejn/ejn_staticpage.aspx Bread=4
2014-11-01 /ejn/EJN_Faqs.aspx cat=2
2014-11-01 /ejn/ejn_faqs.aspx -
2014-11-01 /ejn/EJN_StaticPage.aspx Bread=5
2014-11-01 /ejn/EJN_Error.aspx -
2014-11-01 /ejn/libcategories.aspx id=1
2014-11-01 /ejn/libshowdocument.aspx Id=95&Lang=CS
2014-11-01 /ejn/libadvancedsearch.aspx -
2014-11-01 /ejn/ejn_search.aspx -
2014-11-01 /ejn/libdocumentproperties.aspx Id=95
2014-11-01 /ejn/EJN_Home.aspx -
2014-11-01 /ejn/EJN_Home.aspx -
2014-11-01 /ejn/libshowdocument.aspx Id=95&Lang=DE
2014-11-01 /ejn/libshowdocument.aspx Id=95&Lang=BG
2014-11-01 /ejn/EJN_Home.aspx -
2014-11-01 /ejn/ -
2014-11-01 /ejn/libshowdocument.aspx Id=95&Lang=IT
2014-11-01 /ejn/libshowdocument.aspx Id=95&Lang=EL
2014-11-01 /ejn/libshowdocument.aspx Id=95&Lang=FI
2014-11-01 /ejn/libshowdocument.aspx Id=95&Lang=ES
2014-11-01 /ejn/libshowdocument.aspx Id=95&Lang=DK
2014-11-01 /ejn/libshowdocument.aspx Id=95&Lang=FR
2014-11-01 /ejn/libshowdocument.aspx Id=95&Lang=HR
2014-11-01 /ejn/libshowdocument.aspx Id=95&Lang=HU
2014-11-01 /ejn/libshowdocument.aspx Id=95&Lang=ET
2014-11-01 /ejn/libshowdocument.aspx Id=95&Lang=EN
2014-11-01 /ejn/ -
2014-11-01 /ejn/libshowdocument.aspx Id=95&Lang=NL
2014-11-01 /ejn/libshowdocument.aspx Id=95&Lang=PT
2014-11-01 /ejn/libshowdocument.aspx Id=95&Lang=MT
2014-11-01 /ejn/libshowdocument.aspx Id=95&Lang=LT
2014-11-01 /ejn/libshowdocument.aspx Id=95&Lang=PL
2014-11-01 /ejn/libshowdocument.aspx Id=95&Lang=SK
2014-11-01 /ejn/libshowdocument.aspx Id=95&Lang=SL
2014-11-01 /ejn/libshowdocument.aspx Id=95&Lang=SV
2014-11-01 /ejn/libshowdocument.aspx Id=95&Lang=LV
2014-11-01 /ejn/libshowdocument.aspx Id=95&Lang=RO
2014-11-01 /ejn/Events.aspx event=85
2014-11-01 /ejn/EJN_Home.aspx -
2014-11-01 /ejn/libdocumentproperties.aspx Id=786
2014-11-01 /ejn/libshowdocument.aspx Id=786&Lang=EN
2014-11-01 /ejn/libshowdocument.aspx Id=214&Lang=SK
2014-11-01 /ejn/libshowdocument.aspx Id=214&Lang=ET
2014-11-01 /ejn/libshowdocument.aspx Id=214&Lang=EN
2014-11-01 /ejn/libshowdocument.aspx Id=214&Lang=MT
2014-11-01 /ejn/libshowdocument.aspx Id=786&Lang=ET
2014-11-01 /ejn/libdocumentproperties.aspx Id=214
2014-11-01 /ejn/libshowdocument.aspx Id=786&Lang=SK
2014-11-01 /ejn/libshowdocument.aspx Id=786&Lang=MT
2014-11-01 /ejn/libdocumentproperties.aspx Id=342
2014-11-01 /ejn/libdocumentproperties.aspx Id=209
2014-11-01 /ejn/libdocumentproperties.aspx Id=341
2014-11-01 /ejn/libdocumentproperties.aspx Id=732
2014-11-01 /ejn/libdocumentproperties.aspx Id=1383
2014-11-01 /ejn/libdocumentproperties.aspx Id=339
2014-11-01 /ejn/libdocumentproperties.aspx Id=338
2014-11-01 /ejn/libdocumentproperties.aspx Id=337
2014-11-01 /ejn/EJN_Library_StatusOfImpByCat.aspx CategoryId=24
2014-11-01 /ejn/libdocumentproperties.aspx Id=340
2014-11-01 /ejn/libdocumentproperties.aspx Id=343
2014-11-01 /ejn/EJN_Home.aspx -
2014-11-01 /ejn/EJN_Home.aspx -
2014-11-01 /ejn/EJN_Home.aspx -
2014-11-01 /ejn/EJN_Home.aspx -
2014-11-01 /ejn/EJN_Home.aspx -
2014-11-01 /ejn/EJN_Home.aspx -
2014-11-01 /ejn/EJN_Home.aspx -
2014-11-01 /ejn/EJN_Home.aspx -
2014-11-01 /ejn/ -
2014-11-01 /ejn/EJN_Home.aspx -
2014-11-01 /ejn/EJN_Home.aspx -
2014-11-01 /ejn/EJN_Home.aspx -
2014-11-01 /ejn/EJN_Home.aspx -
2014-11-01 /ejn/ -
2014-11-01 /ejn/EJN_Home.aspx -
2014-11-01 /ejn/EJN_AtlasAdvanced.aspx -
2014-11-01 /ejn/EJN_Home.aspx -
2014-11-01 /ejn/EJN_Home.aspx -
2014-11-01 /ejn/EJN_Home.aspx -
2014-11-01 /ejn/ -
2014-11-01 /ejn/AtlasChooseCountry.aspx Type=1
2014-11-01 /ejn/EJN_Home.aspx -
2014-11-01 /ejn/EJN_News.aspx id=57
2014-11-01 /ejn/EJN_Home.aspx -
2014-11-01 /ejn/EJN_News.aspx id=57
2014-11-01 /ejn/EJN_Home.aspx -
2014-11-01 /ejn/EJN_Home.aspx -
2014-11-01 /ejn/EJN_Home.aspx -
2014-11-01 /ejn/ejn_home.aspx -
2014-11-01 /ejn/ -
2014-11-01 /ejn/EJN_AtlasAdvanced.aspx -
2014-11-01 /ejn/EJN_Home.aspx -
2014-11-01 /ejn/EJN_Home.aspx -
2014-11-01 /ejn/EJN_Home.aspx -
2014-11-01 /ejn/EJN_Home.aspx -
2014-11-01 /ejn/ -
2014-11-01 /ejn/EJN_Home.aspx -
2014-11-01 /ejn/EJN_Home.aspx -
2014-11-01 /ejn/EJN_Home.aspx -
2014-11-01 /ejn/EJN_Home.aspx -
2014-11-01 /ejn/EJN_Home.aspx -
2014-11-01 /ejn/NewsDetail.aspx id=284&Ori=H
2014-11-01 /ejn/EJN_Home.aspx -
2014-11-01 /ejn/EJN_Home.aspx -
2014-11-01 /ejn/ -
2014-11-01 /ejn/EJN_Home.aspx -
2014-11-01 /ejn/ -
2014-11-01 /ejn/EJN_Home.aspx -
2014-11-01 /ejn/EJN_QuickLinks.aspx id=25
2014-11-01 /ejn/EJN_Home.aspx -
2014-11-01 /ejn/NewsDetail.aspx id=300&Ori=H
2014-11-01 /ejn/ -
2014-11-01 /ejn/libshowdocument.aspx Id=1&Lang=BG
2014-11-01 /ejn/EJN_Home.aspx -
2014-11-01 /ejn/EJN_Home.aspx -
2014-11-01 /atlas_advanced.aspx -
2014-11-01 /atlas_advanced.aspx -
2014-11-01 /ejn/EJN_Home.aspx -
2014-11-01 /ejn/ -
2014-11-01 /atlas_advanced.aspx -
2014-11-01 /atlas_advanced.aspx -
2014-11-01 /ejn/EJN_Events.aspx date=31/03/2012
2014-11-01 /ejn/ -
2014-11-01 /ejn/AtlasChooseCountry.aspx -
2014-11-01 /ejn/EJN_Home.aspx -
2014-11-01 /ejn/ -
2014-11-01 /ejn/EJN_Home.aspx -
2014-11-01 /ejn/EJN_AtlasAdvanced.aspx -
2014-11-01 /ejn/EJN_Home.aspx -
2014-11-01 /ejn/EJN_Home.aspx -
2014-11-01 /ejn/EJN_Home.aspx -
2014-11-01 /ejn/ -
2014-11-01 /ejn/EJN_Home.aspx -
2014-11-01 /ejn/EJN_Home.aspx -
2014-11-01 /ejn/EJN_Home.aspx -
2014-11-01 /ejn/EJN_Home.aspx -
2014-11-01 /ejn/ -
2014-11-01 /ejn/EJN_AtlasAdvanced.aspx -
2014-11-01 /ejn/EJN_Home.aspx -
2014-11-01 /ejn/libshowdocument.aspx Id=16&Lang=SL
2014-11-01 /ejn/EJN_Home.aspx -
2014-11-01 /ejn/EJN_Home.aspx -
2014-11-01 /ejn/ -
2014-11-01 /ejn/EJN_Home.aspx -
2014-11-01 /ejn/ -
2014-11-01 /ejn/EJN_StaticPage.aspx Bread=9
2014-11-01 /ejn/EJN_Home.aspx -
2014-11-01 /ejn/EJN_Home.aspx -
2014-11-01 /ejn/EJN_Home.aspx -
2014-11-01 /ejn/EJN_Home.aspx -
2014-11-01 /ejn/EJN_Home.aspx -
2014-11-01 /ejn/EJN_Home.aspx -
2014-11-01 /ejn/EJN_Home.aspx -
2014-11-01 /ejn/EJN_Home.aspx -
2014-11-01 /ejn/EJN_Home.aspx -
2014-11-01 /ejn/ -
2014-11-01 /ejn/EJN_Home.aspx -
2014-11-01 /ejn/EJN_Home.aspx -
2014-11-01 /ejn/EJN_Home.aspx -
2014-11-01 /ejn/EJN_Home.aspx -
2014-11-01 /ejn/ -
2014-11-01 /ejn/EJN_Home.aspx -
2014-11-01 /ejn/EJN_AtlasAdvanced.aspx -
2014-11-01 /ejn/EJN_StaticPage.aspx Bread=14
2014-11-01 /ejn/EJN_Home.aspx -
2014-11-01 /ejn/EJN_Home.aspx -
2014-11-01 /ejn/EJN_Home.aspx -
2014-11-01 /ejn/EJN_Home.aspx -
2014-11-01 /ejn/ -
2014-11-01 /ejn/EJN_StaticPage.aspx Bread=1
2014-11-01 /ejn/EJN_Home.aspx -
2014-11-01 /ejn/EJN_Home.aspx -
2014-11-01 /ejn/EJN_Home.aspx -
2014-11-01 /ejn/EJN_Home.aspx -
2014-11-01 /ejn/EJN_Home.aspx -
2014-11-01 /ejn/ -
2014-11-01 /ejn/EJN_AtlasAdvanced.aspx -
2014-11-01 /ejn/EJN_Home.aspx -
2014-11-01 /ejn/EJN_Home.aspx -
2014-11-01 /ejn/EJN_Home.aspx -
2014-11-01 /ejn/EJN_Home.aspx -
2014-11-01 /ejn/ -
2014-11-01 /ejn/ -
2014-11-01 /ejn/EJN_Home.aspx -
2014-11-01 /ejn/EJN_StaticPage.aspx Bread=37
2014-11-01 /ejn/EJN_Home.aspx -
2014-11-01 /ejn/EJN_Home.aspx -
2014-11-01 /ejn/EJN_Home.aspx -
2014-11-01 /ejn/EJN_Home.aspx -
2014-11-01 /ejn/EJN_Home.aspx -
2014-11-01 /ejn/NewsDetail.aspx id=305&Ori=H
2014-11-01 /ejn/NewsDetail.aspx id=312&Ori=H
2014-11-01 /ejn/Events.aspx event=278
2014-11-01 /ejn/EJN_Home.aspx -
2014-11-01 /ejn/EJN_Home.aspx -
2014-11-01 /ejn/EJN_Home.aspx -
2014-11-01 /ejn/EJN_Home.aspx -
2014-11-01 /ejn/ -
2014-11-01 /ejn/EJN_QuickLinks.aspx id=24
2014-11-01 /ejn/EJN_Home.aspx -
2014-11-01 /ejn/EJN_Home.aspx -
2014-11-01 /ejn/ -
2014-11-01 /ejn/EJN_Home.aspx -
2014-11-01 /ejn/EJN_Home.aspx -
2014-11-01 /ejn/EJN_Home.aspx -
2014-11-01 /ejn/ -
2014-11-01 /ejn/EJN_Home.aspx -
2014-11-01 /ejn/EJN_AtlasAdvanced.aspx -
2014-11-01 /ejn/EJN_Home.aspx -
2014-11-01 /ejn/EJN_Home.aspx -
2014-11-01 /ejn/EJN_Home.aspx -
2014-11-01 /ejn/ -
2014-11-01 /ejn/EJN_Home.aspx -
2014-11-01 /ejn/ -
2014-11-01 /ejn/EJN_AtlasAdvanced.aspx -
2014-11-01 /ejn/EJN_Home.aspx -
2014-11-01 /ejn/EJN_Home.aspx -
2014-11-01 /ejn/EJN_Home.aspx -
2014-11-01 /ejn/ -
2014-11-01 /ejn/ejn_home.aspx -
2014-11-01 /ejn/EJN_Home.aspx -
2014-11-01 /ejn/EJN_Home.aspx -
2014-11-01 /ejn/EJN_Home.aspx -
2014-11-01 /ejn/EJN_Home.aspx -
2014-11-01 /ejn/ -
2014-11-01 /ejn/EJN_Home.aspx -
2014-11-01 /ejn/EJN_Home.aspx -
2014-11-01 /ejn/EJN_Home.aspx -
2014-11-01 /ejn/EJN_Home.aspx -
2014-11-01 /ejn/EJN_Home.aspx -
2014-11-01 /ejn/EJN_Home.aspx -
2014-11-01 /ejn/EJN_Home.aspx -
2014-11-01 /ejn/EJN_Home.aspx -
2014-11-01 /ejn/ -
2014-11-01 /ejn/EJN_Home.aspx -
2014-11-01 /ejn/EJN_Home.aspx -
2014-11-01 /ejn/EJN_Home.aspx -
2014-11-01 /ejn/EJN_Home.aspx -
2014-11-01 /ejn/ -
2014-11-01 /ejn/EJN_AtlasAdvanced.aspx -
2014-11-01 /ejn/EJN_Home.aspx -
2014-11-01 /ejn/EJN_Home.aspx -
2014-11-01 /ejn/EJN_Home.aspx -
2014-11-01 /ejn/EJN_Home.aspx -
2014-11-01 /ejn/ -
2014-11-01 /ejn/EJN_EAWWizard.aspx -
2014-11-01 /ejn/EJN_Home.aspx -
2014-11-01 /ejn/EJN_Home.aspx -
2014-11-01 /ejn/ -
2014-11-01 /ejn/ -
2014-11-01 /ejn/EJN_AtlasAdvanced.aspx -
2014-11-01 /ejn/ -
2014-11-01 /ejn/EJN_InfoAbout.aspx Id=258
2014-11-01 /ejn/EJN_Home.aspx -
2014-11-01 /ejn/EJN_Home.aspx -
2014-11-01 /ejn/ -
2014-11-01 /ejn/EJN_Home.aspx -
2014-11-01 /ejn/libshowdocument.aspx Id=1&Lang=RO
2014-11-01 /ejn/libshowdocument.aspx Id=222&Lang=LT
2014-11-01 /ejn/EJN_Home.aspx -
2014-11-01 /ejn/EJN_Home.aspx -
2014-11-01 /ejn/EJN_Home.aspx -
2014-11-01 /ejn/EJN_Home.aspx -
2014-11-01 /ejn/ -
2014-11-01 /ejn/ -
2014-11-01 /ejn/EJN_InfoAbout.aspx Id=277
2014-11-01 /ejn/EJN_Home.aspx -
2014-11-01 /ejn/EJN_Home.aspx -
2014-11-01 /ejn/EJN_Home.aspx -
2014-11-01 /ejn/EJN_Home.aspx -
2014-11-01 /ejn/EJN_Home.aspx -
2014-11-01 /ejn/EJN_Events.aspx date=23/03/2012
2014-11-01 /ejn/EJN_Home.aspx -
2014-11-01 /ejn/EJN_Home.aspx -
2014-11-01 /ejn/EJN_Home.aspx -
2014-11-01 /ejn/Events.aspx -
2014-11-01 /ejn/EJN_Home.aspx -
2014-11-01 /ejn/EJN_Home.aspx -
2014-11-01 /ejn/ -
2014-11-01 /ejn/EJN_AtlasAdvanced.aspx -
2014-11-01 /ejn/EJN_AtlasAdvanced.aspx -
2014-11-01 /ejn/EJN_Home.aspx -
2014-11-01 /ejn/EJN_Home.aspx -
2014-11-01 /ejn/EJN_Home.aspx -
2014-11-01 /ejn/EJN_Home.aspx -
2014-11-01 /ejn/EJN_Home.aspx -
2014-11-01 /ejn/EJN_Home.aspx -
2014-11-01 /ejn/ -
2014-11-01 /ejn/AtlasChooseCountry.aspx Type=2
2014-11-01 /ejn/EJN_Home.aspx -
2014-11-01 /ejn/AtlasChooseMeasure.aspx MP=0&Cou=277
2014-11-01 /ejn/AtlasChooseMeasure.aspx MP=0&Cou=277
2014-11-01 /ejn/AtlasChooseMeasure.aspx MP=0&Cou=277
2014-11-01 /ejn/AtlasChooseMeasure.aspx MP=0&Cou=277
2014-11-01 /ejn/AtlasSelection.aspx -
2014-11-01 /ejn/AtlasChooseAuthority.aspx -
2014-11-01 /ejn/AtlasChooseAuthority.aspx/GetLocations -
2014-11-01 /ejn/AtlasChooseAuthority.aspx -
2014-11-01 /ejn/AtlasAuthorityData.aspx Id=4186
2014-11-01 /ejn/ -
2014-11-01 /ejn/EJN_Home.aspx -
2014-11-01 /ejn/EJN_AtlasAdvanced.aspx -
2014-11-01 /ejn/NewsDetail.aspx id=299&Ori=H
2014-11-01 /ejn/EJN_Home.aspx -
2014-11-01 /ejn/EJN_Home.aspx -
2014-11-01 /ejn/EJN_Home.aspx -
2014-11-01 /ejn/EJN_Home.aspx -
2014-11-01 /ejn/ -
2014-11-01 /ejn/EJN_Home.aspx -
2014-11-01 /ejn/EJN_Home.aspx -
2014-11-01 /ejn/EJN_Home.aspx -
2014-11-01 /ejn/EJN_Home.aspx -
2014-11-01 /ejn/ -
2014-11-01 /ejn/EJN_AtlasAdvanced.aspx -
2014-11-01 /ejn/ejn_home.aspx -
2014-11-01 /ejn/EJN_Home.aspx -
2014-11-01 /ejn/ejn_home.aspx -
2014-11-01 /ejn/EJN_Home.aspx -
2014-11-01 /ejn/EJN_Home.aspx -
2014-11-01 /ejn/EJN_Home.aspx -
2014-11-01 /ejn/ -
2014-11-01 /ejn/EJN_Home.aspx -
2014-11-01 /ejn/EJN_Home.aspx -
2014-11-01 /ejn/EJN_Home.aspx -
2014-11-01 /ejn/EJN_Home.aspx -
2014-11-01 /ejn/EJN_Home.aspx -
2014-11-01 /ejn/EJN_Home.aspx -
2014-11-01 /ejn/ -
2014-11-01 /ejn/EJN_Home.aspx -
2014-11-01 /ejn/EJN_Home.aspx -
2014-11-01 /ejn/EJN_Home.aspx -
2014-11-01 /ejn/EJN_StaticPage.aspx Bread=1
2014-11-01 /ejn/EJN_Home.aspx -
2014-11-01 /ejn/EJN_Home.aspx -
2014-11-01 /ejn/EJN_Home.aspx -
2014-11-01 /ejn/EJN_Home.aspx -
2014-11-01 /ejn/EJN_Home.aspx -
2014-11-01 /ejn/EJN_Home.aspx -
2014-11-01 /ejn/EJN_Home.aspx -
2014-11-01 /ejn/EJN_Home.aspx -
2014-11-01 /ejn/EJN_Home.aspx -
2014-11-01 /ejn/ -
2014-11-01 /ejn/ -
2014-11-01 /ejn/EJN_StaticPage.aspx Bread=10
2014-11-01 /ejn/EJN_Home.aspx -
2014-11-01 /ejn/EJN_StaticPage.aspx Bread=13
2014-11-01 /ejn/EJN_Compendium.aspx -
2014-11-01 /ejn/NewsDetail.aspx id=299&Ori=H
2014-11-01 /ejn/EJN_Home.aspx -
2014-11-01 /ejn/EJN_StaticPage.aspx Bread=37
2014-11-01 /ejn/EJN_Home.aspx -
2014-11-01 /ejn/EJN_Home.aspx -
2014-11-01 /ejn/libdocumentproperties.aspx Id=18
2014-11-01 /ejn/EJN_Home.aspx -
2014-11-01 /ejn/EJN_Home.aspx -
2014-11-01 /ejn/Gallery.aspx -
2014-11-01 /ejn/EJN_Home.aspx -
2014-11-01 /ejn/EJN_Home.aspx -
2014-11-01 /ejn/EJN_Home.aspx -
2014-11-01 /ejn/EJN_AtlasAdvanced.aspx -
2014-11-01 /ejn/ -
2014-11-01 /ejn/EJN_Home.aspx -
2014-11-01 /ejn/EJN_Home.aspx -
2014-11-01 /ejn/EJN_Home.aspx -
2014-11-01 /ejn/EJN_Home.aspx -
2014-11-01 /ejn/ -
2014-11-01 /ejn/EJN_Home.aspx -
2014-11-01 /ejn/EJN_Home.aspx -
2014-11-01 /ejn/EJN_Home.aspx -
2014-11-01 /ejn/ -
2014-11-01 /ejn/EJN_AtlasAdvanced.aspx -
2014-11-01 /ejn/EJN_Home.aspx -
2014-11-01 /ejn/EJN_Home.aspx -
2014-11-01 /ejn/EJN_Home.aspx -
2014-11-01 /ejn/ -
2014-11-01 /ejn/EJN_Home.aspx -
2014-11-01 /ejn/EJN_Home.aspx -
2014-11-01 /ejn/EJN_Home.aspx -
2014-11-01 /ejn/EJN_Home.aspx -
2014-11-01 /ejn/ -
2014-11-01 /ejn/EJN_Home.aspx -
2014-11-01 /ejn/EJN_Home.aspx -
2014-11-01 /atlas_advanced.aspx -
2014-11-01 /about-ejn.aspx -
2014-11-01 /ejn/EJN_Home.aspx -
2014-11-01 /ejn/EJN_Home.aspx -
2014-11-01 /ejn/ -
2014-11-01 /ejn/EJN_Home.aspx -
2014-11-01 /ejn/EJN_Home.aspx -
2014-11-01 /ejn/ -
2014-11-01 /ejn/ -
2014-11-01 /ejn/EJN_Home.aspx -
2014-11-01 /ejn/EJN_AtlasAdvanced.aspx -
2014-11-01 /ejn/EJN_AtlasAdvanced.aspx -
2014-11-01 /ejn/ -
2014-11-01 /ejn/EJN_Home.aspx -
2014-11-01 /ejn/AtlasChooseMeasure.aspx Mp=1&Cou=FR&Type=2
2014-11-01 /ejn/EJN_Home.aspx -
2014-11-01 /ejn/EJN_Home.aspx -
2014-11-01 /ejn/EJN_Home.aspx -
2014-11-01 /ejn/ -
2014-11-01 /ejn/AtlasChooseMeasure.aspx Mp=1&Cou=FR&Type=2
2014-11-01 /ejn/EJN_FichesBelgesResult.aspx measure=502&country=273&other=-1
2014-11-01 /ejn/EJN_Home.aspx -
2014-11-01 /ejn/EJN_Home.aspx -
2014-11-01 /ejn/EJN_Home.aspx -
2014-11-01 /ejn/ -
2014-11-01 /ejn/ejn_home.aspx -
2014-11-01 /ejn/EJN_StaticPage.aspx Bread=16
2014-11-01 /ejn/EJN_StaticPage.aspx Bread=16
2014-11-01 /ejn/EJN_InfoAbout.aspx Id=273
2014-11-01 /ejn/AtlasChooseCountry.aspx Type=2
2014-11-01 /ejn/AtlasChooseMeasure.aspx MP=1&Cou=FR
2014-11-01 /ejn/AtlasChooseMeasure.aspx MP=1&Cou=FR
2014-11-01 /ejn/EJN_Login.aspx -
2014-11-01 /ejn/libcategories.aspx -
2014-11-01 /ejn/EJN_Home.aspx -
2014-11-01 /ejn/EJN_Home.aspx -
2014-11-01 /ejn/EJN_Login.aspx -
2014-11-01 /ejn/EJN_Login.aspx -
2014-11-01 /ejn/EJN_Home.aspx -
2014-11-01 /ejn/ejn_home.aspx -
2014-11-01 /ejn/EJN_Home.aspx -
2014-11-01 /ejn/ -
2014-11-01 /ejn/EJN_Login.aspx -
2014-11-01 /ejn/EJN_Login.aspx -
2014-11-01 /ejn/EJN_Login.aspx -
2014-11-01 /ejn/ -
2014-11-01 /ejn/AtlasChooseMeasure.aspx Mp=1&Cou=FR&Type=2
2014-11-01 /ejn/EJN_Library_StatusOfImpByCou.aspx CountryId=273
2014-11-01 /ejn/EJN_EAWAtlas.aspx -
2014-11-01 /ejn/EJN_Error.aspx -
2014-11-01 /ejn/EJN_Login.aspx -
2014-11-01 /ejn/ -
2014-11-01 /ejn/AtlasChooseCountry.aspx Type=1
2014-11-01 /ejn/AtlasChooseMeasure.aspx MP=1&Cou=FR
2014-11-01 /ejn/AtlasSelection.aspx -
2014-11-01 /ejn/AtlasChooseAuthority.aspx -
2014-11-01 /ejn/AtlasChooseAuthority.aspx/GetLocations -
2014-11-01 /ejn/AtlasChooseAuthority.aspx -
2014-11-01 /ejn/AtlasAuthorityData.aspx Id=4772
2014-11-01 /ejn/EJN_Home.aspx -
2014-11-01 /ejn/EJN_Home.aspx -
2014-11-01 /ejn/AtlasAuthorityData.aspx Id=4772
2014-11-01 /ejn/AtlasChooseAuthority.aspx -
2014-11-01 /ejn/AtlasChooseCountry.aspx Type=1
2014-11-01 /ejn/AtlasChooseMeasure.aspx MP=1&Cou=DE
2014-11-01 /ejn/AtlasChooseMeasure.aspx MP=1&Cou=DE
2014-11-01 /ejn/AtlasSelection.aspx -
2014-11-01 /ejn/AtlasChooseAuthority.aspx -
2014-11-01 /ejn/AtlasChooseAuthority.aspx/GetLocations -
2014-11-01 /ejn/AtlasChooseAuthority.aspx/GetLocations -
2014-11-01 /ejn/AtlasChooseAuthority.aspx/GetLocations -
2014-11-01 /ejn/AtlasChooseAuthority.aspx -
2014-11-01 /ejn/EJN_Home.aspx -
2014-11-01 /ejn/AtlasChooseAuthority.aspx/GetLocations -
2014-11-01 /ejn/AtlasChooseAuthority.aspx -
2014-11-01 /ejn/AtlasChooseCountry.aspx Type=1
2014-11-01 /ejn/ -
2014-11-01 /ejn/EJN_AtlasAdvanced.aspx -
2014-11-01 /ejn/AtlasChooseCountry.aspx Type=1
2014-11-01 /ejn/AtlasChooseMeasure.aspx MP=1&Cou=PL
2014-11-01 /ejn/AtlasSelection.aspx -
2014-11-01 /ejn/AtlasChooseAuthority.aspx -
2014-11-01 /ejn/AtlasChooseAuthority.aspx -
2014-11-01 /ejn/AtlasChooseCountry.aspx Type=1
2014-11-01 /ejn/ -
2014-11-01 /ejn/AtlasChooseMeasure.aspx MP=1&Cou=PL
2014-11-01 /ejn/AtlasSelection.aspx -
2014-11-01 /ejn/AtlasChooseAuthority.aspx -
2014-11-01 /ejn/AtlasChooseAuthority.aspx -
2014-11-01 /ejn/AtlasAuthorityData.aspx Id=5255
2014-11-01 /ejn/EJN_AtlasAdvanced.aspx -
2014-11-01 /ejn/EJN_Home.aspx -
2014-11-01 /ejn/AtlasAuthorityData.aspx Id=5255
2014-11-01 /ejn/AtlasAuthorityData.aspx Id=5255
2014-11-01 /ejn/AtlasChooseCountry.aspx Type=1
2014-11-01 /ejn/AtlasChooseMeasure.aspx MP=1&Cou=AT
2014-11-01 /ejn/AtlasSelection.aspx -
2014-11-01 /ejn/AtlasChooseAuthority.aspx -
2014-11-01 /ejn/AtlasChooseAuthority.aspx -
2014-11-01 /ejn/AtlasAuthorityData.aspx Id=4965
2014-11-01 /ejn/ -
2014-11-01 /ejn/AtlasChooseCountry.aspx Type=1
2014-11-01 /ejn/AtlasChooseMeasure.aspx MP=1&Cou=DE
2014-11-01 /ejn/AtlasSelection.aspx -
2014-11-01 /ejn/AtlasChooseAuthority.aspx -
2014-11-01 /ejn/AtlasChooseMeasure.aspx MP=1&Cou=DE
2014-11-01 /ejn/AtlasSelection.aspx -
2014-11-01 /ejn/AtlasChooseAuthority.aspx -
2014-11-01 /ejn/AtlasChooseAuthority.aspx/GetLocations -
2014-11-01 /ejn/AtlasChooseAuthority.aspx -
2014-11-01 /ejn/AtlasAuthorityData.aspx Id=4983&AuthTypeId=446
2014-11-01 /ejn/EJN_Home.aspx -
2014-11-01 /ejn/EJN_Home.aspx -
2014-11-01 /ejn/EJN_Home.aspx -
2014-11-01 /ejn/ -
2014-11-01 /ejn/ -
2014-11-01 /ejn/AtlasAuthorityData.aspx Id=4983&AuthTypeId=446
2014-11-01 /ejn/AtlasChooseCountry.aspx Type=1
2014-11-01 /ejn/AtlasChooseMeasure.aspx MP=1&Cou=DE
2014-11-01 /ejn/AtlasSelection.aspx -
2014-11-01 /ejn/AtlasChooseMeasure.aspx MP=1&Cou=DE
2014-11-01 /ejn/AtlasSelection.aspx -
2014-11-01 /ejn/AtlasChooseAuthority.aspx -
2014-11-01 /ejn/AtlasChooseAuthority.aspx/GetLocations -
2014-11-01 /ejn/EJN_InfoAbout.aspx Id=368
2014-11-01 /ejn/AtlasChooseAuthority.aspx/GetLocations -
2014-11-01 /ejn/AtlasChooseAuthority.aspx -
2014-11-01 /ejn/AtlasAuthorityData.aspx Id=5309
2014-11-01 /ejn/sitemap.aspx -
2014-11-01 /ejn/AtlasAuthorityData.aspx Id=5309
2014-11-01 /ejn/AtlasChooseAuthority.aspx -
2014-11-01 /ejn/AtlasChooseAuthority.aspx/GetLocations -
2014-11-01 /ejn/AtlasChooseAuthority.aspx -
2014-11-01 /ejn/AtlasAuthorityData.aspx Id=5309
2014-11-01 /ejn/libshowdocument.aspx Id=222&Lang=DK
2014-11-01 /ejn/EJN_Home.aspx -
2014-11-01 /ejn/AtlasAuthorityData.aspx Id=5309
2014-11-01 /ejn/AtlasChooseAuthority.aspx -
2014-11-01 /ejn/AtlasChooseCountry.aspx Type=1
2014-11-01 /ejn/AtlasChooseMeasure.aspx MP=1&Cou=GR
2014-11-01 /ejn/AtlasSelection.aspx -
2014-11-01 /ejn/AtlasSelection.aspx -
2014-11-01 /ejn/AtlasChooseCountry.aspx Type=1
2014-11-01 /ejn/AtlasChooseMeasure.aspx MP=1&Cou=GR
2014-11-01 /ejn/AtlasSelection.aspx -
2014-11-01 /ejn/EJN_Home.aspx -
2014-11-01 /ejn/EJN_Home.aspx -
2014-11-01 /ejn/AtlasChooseCountry.aspx Type=1
2014-11-01 /ejn/AtlasChooseMeasure.aspx MP=1&Cou=DE
2014-11-01 /ejn/AtlasSelection.aspx -
2014-11-01 /ejn/AtlasChooseAuthority.aspx -
2014-11-01 /ejn/AtlasChooseAuthority.aspx/GetLocations -
2014-11-01 /ejn/AtlasChooseAuthority.aspx/GetLocations -
2014-11-01 /ejn/ -
2014-11-01 /ejn/AtlasChooseAuthority.aspx -
2014-11-01 /ejn/AtlasChooseAuthority.aspx -
2014-11-01 /ejn/ -
2014-11-01 /ejn/EJN_AtlasAdvanced.aspx -
2014-11-01 /ejn/AtlasChooseAuthority.aspx -
2014-11-01 /ejn/AtlasChooseAuthority.aspx/GetLocations -
2014-11-01 /ejn/AtlasChooseAuthority.aspx -
2014-11-01 /ejn/AtlasAuthorityData.aspx Id=5309
2014-11-01 /ejn/libcategories.aspx Id=14
2014-11-01 /ejn/libshowdocument.aspx Id=1&Lang=ES
2014-11-01 /ejn/libshowdocument.aspx Id=221&Lang=SK
2014-11-01 /ejn/AtlasChooseCountry.aspx Type=1
2014-11-01 /ejn/AtlasChooseMeasure.aspx MP=1&Cou=FR
2014-11-01 /ejn/AtlasSelection.aspx -
2014-11-01 /ejn/AtlasChooseAuthority.aspx -
2014-11-01 /ejn/libshowdocument.aspx Id=10&Lang=EN
2014-11-01 /ejn/AtlasChooseAuthority.aspx/GetLocations -
2014-11-01 /ejn/AtlasChooseAuthority.aspx -
2014-11-01 /ejn/AtlasAuthorityData.aspx Id=4772
2014-11-01 /ejn/AtlasChooseCountry.aspx Type=1
2014-11-01 /ejn/AtlasChooseMeasure.aspx MP=1&Cou=DE
2014-11-01 /ejn/AtlasSelection.aspx -
2014-11-01 /ejn/AtlasChooseAuthority.aspx -
2014-11-01 /ejn/AtlasChooseAuthority.aspx/GetLocations -
2014-11-01 /ejn/AtlasChooseAuthority.aspx -
2014-11-01 /ejn/AtlasAuthorityData.aspx Id=5309
2014-11-01 /ejn/EJN_Home.aspx -
2014-11-01 /ejn/EJN_Home.aspx -
2014-11-01 /ejn/AtlasAuthorityData.aspx Id=5309
2014-11-01 /ejn/AtlasChooseAuthority.aspx -
2014-11-01 /ejn/AtlasChooseAuthority.aspx/GetLocations -
2014-11-01 /ejn/libdocumentproperties.aspx Id=3
2014-11-01 /ejn/AtlasChooseAuthority.aspx -
2014-11-01 /ejn/AtlasAuthorityData.aspx Id=5309
2014-11-01 /ejn/AtlasChooseCountry.aspx Type=1
2014-11-01 /ejn/AtlasChooseMeasure.aspx MP=1&Cou=PL
2014-11-01 /ejn/AtlasSelection.aspx -
2014-11-01 /ejn/AtlasChooseAuthority.aspx -
2014-11-01 /ejn/libdocumentproperties.aspx Id=3
2014-11-01 /ejn/AtlasChooseAuthority.aspx/GetLocations -
2014-11-01 /ejn/AtlasChooseAuthority.aspx/GetLocations -
2014-11-01 /ejn/AtlasChooseAuthority.aspx/GetLocations -
2014-11-01 /ejn/AtlasChooseAuthority.aspx -
2014-11-01 /ejn/EJN_Home.aspx -
2014-11-01 /ejn/AtlasAuthorityData.aspx Id=5255
2014-11-01 /ejn/Events.aspx event=87
2014-11-01 /ejn/EJN_Home.aspx -
2014-11-01 /ejn/AtlasChooseCountry.aspx Type=1
2014-11-01 /ejn/libshowdocument.aspx Id=126&Lang=LT
2014-11-01 /ejn/AtlasChooseMeasure.aspx MP=1&Cou=AT
2014-11-01 /ejn/AtlasSelection.aspx -
2014-11-01 /ejn/AtlasChooseAuthority.aspx -
2014-11-01 /ejn/AtlasChooseAuthority.aspx/GetLocations -
2014-11-01 /ejn/AtlasChooseAuthority.aspx -
2014-11-01 /ejn/AtlasAuthorityData.aspx Id=4965
2014-11-01 /ejn/AtlasChooseCountry.aspx Type=1
2014-11-01 /ejn/AtlasChooseMeasure.aspx MP=1&Cou=GR
2014-11-01 /ejn/AtlasSelection.aspx -
2014-11-01 /ejn/EJN_Home.aspx -
2014-11-01 /ejn/AtlasSelection.aspx -
2014-11-01 /ejn/AtlasChooseCountry.aspx Type=1
2014-11-01 /ejn/AtlasChooseMeasure.aspx MP=1&Cou=RO
2014-11-01 /ejn/AtlasSelection.aspx -
2014-11-01 /ejn/AtlasSelection.aspx -
2014-11-01 /ejn/AtlasChooseCountry.aspx Type=1
2014-11-01 /ejn/AtlasChooseMeasure.aspx MP=1&Cou=DE
2014-11-01 /ejn/AtlasSelection.aspx -
2014-11-01 /ejn/AtlasChooseAuthority.aspx -
2014-11-01 /ejn/AtlasChooseAuthority.aspx/GetLocations -
2014-11-01 /ejn/AtlasChooseAuthority.aspx -
2014-11-01 /ejn/AtlasChooseAuthority.aspx/GetLocations -
2014-11-01 /ejn/AtlasChooseAuthority.aspx -
2014-11-01 /ejn/AtlasAuthorityData.aspx Id=5309
2014-11-01 /ejn/AtlasAuthorityData.aspx Id=5309
2014-11-01 /ejn/AtlasChooseAuthority.aspx -
2014-11-01 /ejn/AtlasChooseAuthority.aspx/GetLocations -
2014-11-01 /ejn/AtlasChooseAuthority.aspx/GetLocations -
2014-11-01 /ejn/EJN_Home.aspx -
2014-11-01 /ejn/EJN_Home.aspx -
2014-11-01 /ejn/AtlasChooseAuthority.aspx -
2014-11-01 /ejn/AtlasAuthorityData.aspx Id=5309
2014-11-01 /ejn/AtlasChooseCountry.aspx Type=1
2014-11-01 /ejn/AtlasChooseMeasure.aspx MP=1&Cou=DE
2014-11-01 /ejn/AtlasSelection.aspx -
2014-11-01 /ejn/AtlasChooseAuthority.aspx -
2014-11-01 /ejn/AtlasChooseAuthority.aspx/GetLocations -
2014-11-01 /ejn/AtlasChooseAuthority.aspx/GetLocations -
2014-11-01 /ejn/EJN_Home.aspx -
2014-11-01 /ejn/ -
2014-11-01 /ejn/AtlasChooseAuthority.aspx/GetLocations -
2014-11-01 /ejn/AtlasChooseAuthority.aspx/GetLocations -
2014-11-01 /ejn/AtlasChooseAuthority.aspx -
2014-11-01 /ejn/AtlasAuthorityData.aspx Id=5309
2014-11-01 /ejn/AtlasAuthorityData.aspx Id=5309
2014-11-01 /ejn/AtlasAuthorityData.aspx Id=5309
2014-11-01 /ejn/AtlasAuthorityData.aspx Id=5309
2014-11-01 /ejn/AtlasAuthorityData.aspx Id=5309
2014-11-01 /ejn/AtlasAuthorityData.aspx Id=5309
2014-11-01 /ejn/AtlasChooseAuthority.aspx -
2014-11-01 /ejn/AtlasChooseAuthority.aspx/GetLocations -
2014-11-01 /ejn/AtlasChooseAuthority.aspx -
2014-11-01 /ejn/AtlasAuthorityData.aspx Id=4983&AuthTypeId=446
2014-11-01 /ejn/EJN_Home.aspx -
2014-11-01 /ejn/EJN_Home.aspx -
2014-11-01 /ejn/EJN_Home.aspx -
2014-11-01 /ejn/AtlasChooseCountry.aspx Type=1
2014-11-01 /ejn/AtlasChooseMeasure.aspx MP=1&Cou=GR
2014-11-01 /ejn/AtlasSelection.aspx -
2014-11-01 /ejn/AtlasChooseCountry.aspx Type=1
2014-11-01 /ejn/AtlasChooseMeasure.aspx MP=1&Cou=RO
2014-11-01 /ejn/AtlasSelection.aspx -
2014-11-01 /ejn/AtlasSelection.aspx -
2014-11-01 /ejn/AtlasChooseCountry.aspx Type=1
2014-11-01 /ejn/EJN_StaticPage.aspx Bread=10
2014-11-01 /ejn/EJN_ContactUs.aspx &KeepThis=true&
2014-11-01 /ejn/EJN_StaticPage.aspx Bread=5
2014-11-01 /ejn/EJN_StaticPage.aspx Bread=16
2014-11-01 /ejn/EJN_Home.aspx -
2014-11-01 /ejn/EJN_Home.aspx -
2014-11-01 /ejn/EJN_StaticPage.aspx Bread=16
2014-11-01 /ejn/EJN_InfoAbout.aspx Id=279
2014-11-01 /ejn/EJN_Home.aspx -
2014-11-01 /ejn/EJN_StaticPage.aspx Bread=8
2014-11-01 /ejn/ -
2014-11-01 /ejn/EJN_FichesBelges.aspx -
2014-11-01 /ejn/EJN_QuickLinks.aspx id=25
2014-11-01 /ejn/EJN_AtlasAdvanced.aspx -
2014-11-01 /ejn/EJN_AtlasAdvanced.aspx -
2014-11-01 /ejn/EJN_Home.aspx -
2014-11-01 /ejn/libcategories.aspx -
2014-11-01 /atlas_advanced.aspx -
2014-11-01 /atlas_advanced.aspx -
2014-11-01 /atlas_advanced.aspx -
2014-11-01 /ejn/ -
2014-11-01 /ejn/ ++Culture:ROSessionId:wxcwd0tbn2qktkjsmiltqlvjDate_Time:12:47
2014-11-01 /ejn/AtlasChooseCountry.aspx Type=2
2014-11-01 /ejn/EJN_Home.aspx -
2014-11-01 /ejn/EJN_Home.aspx -
2014-11-01 /ejn/AtlasChooseMeasure.aspx MP=1&Cou=BG
2014-11-01 /ejn/EJN_Home.aspx -
2014-11-01 /ejn/ -
2014-11-01 /ejn/AtlasChooseMeasure.aspx MP=1&Cou=BG
2014-11-01 /ejn/AtlasChooseMeasure.aspx MP=1&Cou=BG
2014-11-01 /ejn/AtlasChooseMeasure.aspx MP=1&Cou=BG
2014-11-01 /ejn/AtlasSelection.aspx -
2014-11-01 /ejn/AtlasChooseAuthority.aspx -
2014-11-01 /atlas_advanced.aspx -
2014-11-01 /atlas_advanced.aspx -
2014-11-01 /ejn/AtlasChooseMeasure.aspx MP=1&Cou=BG
2014-11-01 /ejn/EJN_QuickLinks.aspx id=25
2014-11-01 /ejn/EJN_AtlasAdvanced.aspx -
2014-11-01 /ejn/AtlasChooseCountry.aspx Type=2
2014-11-01 /ejn/EJN_Home.aspx -
2014-11-01 /ejn/AtlasChooseCountry.aspx Type=2
2014-11-01 /ejn/AtlasChooseMeasure.aspx MP=0&Cou=239
2014-11-01 /ejn/ -
2014-11-01 /atlas_advanced.aspx -
2014-11-01 /atlas_advanced.aspx -
2014-11-01 /ejn/EJN_Login.aspx -
2014-11-01 /ejn/EJN_Home.aspx -
2014-11-01 /ejn/AtlasChooseCountry.aspx Type=2
2014-11-01 /ejn/EJN_Home.aspx -
2014-11-01 /ejn/AtlasChooseMeasure.aspx MP=1&Cou=BG
2014-11-01 /ejn/AtlasChooseMeasure.aspx MP=1&Cou=BG
2014-11-01 /ejn/AtlasChooseMeasure.aspx MP=1&Cou=BG
2014-11-01 /ejn/AtlasSelection.aspx -
2014-11-01 /ejn/AtlasChooseAuthority.aspx -
2014-11-01 /ejn/AtlasChooseMeasure.aspx MP=1&Cou=BG
2014-11-01 /ejn/AtlasChooseMeasure.aspx MP=1&Cou=BG
2014-11-01 /ejn/AtlasChooseMeasure.aspx MP=1&Cou=BG
2014-11-01 /ejn/AtlasSelection.aspx -
2014-11-01 /ejn/AtlasChooseAuthority.aspx -
2014-11-01 /ejn/AtlasChooseMeasure.aspx MP=1&Cou=BG
2014-11-01 /ejn/EJN_Home.aspx -
2014-11-01 /ejn/EJN_Home.aspx -
2014-11-01 /ejn/Events.aspx event=301
2014-11-01 /ejn/EJN_Home.aspx -
2014-11-01 /ejn/ -
2014-11-01 /ejn/libcategories.aspx Id=32
2014-11-01 /ejn/libshowdocument.aspx Id=16&Lang=ES
2014-11-01 /ejn/libshowdocument.aspx Id=16&Lang=ES
2014-11-01 /ejn/ -
2014-11-01 /ejn/EJN_EAWAtlas.aspx -
2014-11-01 /ejn/EJN_Error.aspx -
2014-11-01 /ejn/EJN_Home.aspx -
2014-11-01 /ejn/EJN_AtlasAdvanced.aspx -
2014-11-01 /ejn/EJN_Home.aspx -
2014-11-01 /ejn/EJN_Home.aspx -
2014-11-01 /ejn/EJN_Home.aspx -
2014-11-01 /ejn/ -
2014-11-01 /ejn/EJN_StaticPage.aspx Bread=2
2014-11-01 /ejn/EJN_Home.aspx -
2014-11-01 /ejn/ -
2014-11-01 /ejn/EJN_StaticPage.aspx Bread=14
2014-11-01 /ejn/EJN_StaticPage.aspx Bread=10
2014-11-01 /ejn/EJN_AtlasAdvanced.aspx -
2014-11-01 /ejn/AtlasChooseCountry.aspx Type=2
2014-11-01 /ejn/EJN_Faqs.aspx -
2014-11-01 /ejn/EJN_Faqs.aspx cat=1
2014-11-01 /ejn/EJN_Compendium.aspx -
2014-11-01 /ejn/ctrls.compendium/IframeEngine.aspx -
2014-11-01 /ejn/AtlasChooseCountry.aspx -
2014-11-01 /ejn/EJN_Faqs.aspx cat=1&id=13
2014-11-01 /ejn/AtlasChooseMeasure.aspx MP=0&Cou=354
2014-11-01 /ejn/EJN_Compendium.aspx -
2014-11-01 /ejn/ -
2014-11-01 /ejn/EJN_Home.aspx -
2014-11-01 /ejn/EJN_AtlasAdvanced.aspx -
2014-11-01 /ejn/AtlasChooseMeasure.aspx MP=0&Cou=354
2014-11-01 /ejn/AtlasChooseMeasure.aspx MP=0&Cou=354
2014-11-01 /ejn/AtlasSelection.aspx -
2014-11-01 /ejn/NewsDetail.aspx id=237&Ori=H
2014-11-01 /ejn/AtlasChooseMeasure.aspx MP=0&Cou=354
2014-11-01 /ejn/AtlasChooseMeasure.aspx MP=0&Cou=354
2014-11-01 /ejn/AtlasChooseMeasure.aspx MP=0&Cou=354
2014-11-01 /ejn/AtlasChooseCountry.aspx Type=2
2014-11-01 /ejn/EJN_Home.aspx -
2014-11-01 /ejn/AtlasChooseCountry.aspx Type=2
2014-11-01 /ejn/AtlasChooseMeasure.aspx MP=0&Cou=354
2014-11-01 /ejn/ -
2014-11-01 /ejn/AtlasChooseMeasure.aspx MP=0&Cou=354
2014-11-01 /ejn/EJN_FichesBelgesResult.aspx measure=102&country=354&other=-1
2014-11-01 /ejn/NewsDetail.aspx id=214&Ori=H
2014-11-01 /ejn/AtlasChooseMeasure.aspx MP=0&Cou=354
2014-11-01 /ejn/EJN_FichesBelgesResult.aspx measure=105&country=354&other=-1
2014-11-01 /ejn/AtlasChooseMeasure.aspx MP=0&Cou=354
2014-11-01 /ejn/EJN_FichesBelgesResult.aspx measure=404&country=354&other=-1
2014-11-01 /ejn/EJN_Home.aspx -
2014-11-01 /ejn/EJN_Home.aspx -
2014-11-01 /ejn/EJN_AtlasAdvanced.aspx -
2014-11-01 /ejn/EJN_AtlasAdvanced.aspx -
2014-11-01 /ejn/EJN_Home.aspx -
2014-11-01 /ejn/NewsDetail.aspx id=285&Ori=H
2014-11-01 /ejn/ -
2014-11-01 /ejn/ -
2014-11-01 /ejn/AtlasChooseCountry.aspx Type=2
2014-11-01 /ejn/AtlasChooseMeasure.aspx MP=0&Cou=354
2014-11-01 /ejn/AtlasChooseCountry.aspx Type=2
2014-11-01 /ejn/AtlasChooseMeasure.aspx MP=0&Cou=354
2014-11-01 /ejn/AtlasChooseMeasure.aspx MP=0&Cou=354
2014-11-01 /ejn/EJN_Home.aspx -
2014-11-01 /ejn/EJN_Search.aspx -
2014-11-01 /ejn/EJN_Search.aspx -
2014-11-01 /ejn/AtlasChooseMeasure.aspx MP=1&Cou=BG
2014-11-01 /ejn/EJN_StaticPage.aspx Bread=8
2014-11-01 /ejn/EJN_StaticPage.aspx Bread=7
2014-11-01 /ejn/sitemap.aspx -
2014-11-01 /ejn/EJN_Faqs.aspx -
2014-11-01 /ejn/ejn_faqs.aspx -
2014-11-01 /ejn/ejn_faqs.aspx -
2014-11-01 /ejn/EJN_StaticPage.aspx Bread=16
2014-11-01 /ejn/EJN_Home.aspx -
2014-11-01 /ejn/EJN_StaticPage.aspx Bread=11
2014-11-01 /ejn/EJN_StaticPage.aspx Bread=11
2014-11-01 /ejn/EJN_InfoAbout.aspx Id=354
2014-11-01 /ejn/EJN_Home.aspx -
2014-11-01 /ejn/EJN_Home.aspx -
2014-11-01 /ejn/EJN_SubscribeNewsLetter.aspx -
2014-11-01 /ejn/EJN_Home.aspx -
2014-11-01 /ejn/ -
2014-11-01 /ejn/EJN_Home.aspx -
2014-11-01 /ejn/ -
2014-11-01 /ejn/ -
2014-11-01 /ejn/EJN_Home.aspx -
2014-11-01 /ejn/AtlasChooseCountry.aspx Type=2
2014-11-01 /ejn/AtlasChooseCountry.aspx Type=2
2014-11-01 /ejn/AtlasChooseMeasure.aspx MP=0&Cou=351
2014-11-01 /ejn/AtlasChooseMeasure.aspx MP=0&Cou=351
2014-11-01 /ejn/AtlasChooseMeasure.aspx MP=0&Cou=351
2014-11-01 /ejn/AtlasChooseMeasure.aspx MP=0&Cou=351
2014-11-01 /ejn/AtlasSelection.aspx -
2014-11-01 /ejn/AtlasSelection.aspx -
2014-11-01 /ejn/AtlasSelection.aspx -
2014-11-01 /ejn/AtlasSelection.aspx -
2014-11-01 /ejn/AtlasSelection.aspx -
2014-11-01 /ejn/AtlasChooseAuthority.aspx -
2014-11-01 /ejn/AtlasChooseAuthority.aspx/GetLocations -
2014-11-01 /ejn/AtlasChooseAuthority.aspx/GetLocations -
2014-11-01 /ejn/AtlasChooseAuthority.aspx -
2014-11-01 /ejn/AtlasAuthorityData.aspx Id=5280
2014-11-01 /ejn/AtlasChooseAuthority.aspx -
2014-11-01 /ejn/AtlasChooseAuthority.aspx/GetLocations -
2014-11-01 /ejn/AtlasChooseAuthority.aspx -
2014-11-01 /ejn/AtlasAuthorityData.aspx Id=5252
2014-11-01 /ejn/AtlasChooseAuthority.aspx -
2014-11-01 /ejn/AtlasChooseAuthority.aspx/GetLocations -
2014-11-01 /ejn/AtlasChooseAuthority.aspx -
2014-11-01 /ejn/AtlasAuthorityData.aspx Id=5280
2014-11-01 /ejn/AtlasChooseAuthority.aspx -
2014-11-01 /ejn/AtlasChooseAuthority.aspx/GetLocations -
2014-11-01 /ejn/AtlasChooseAuthority.aspx -
2014-11-01 /ejn/AtlasChooseAuthority.aspx -
2014-11-01 /ejn/AtlasChooseAuthority.aspx/GetLocations -
2014-11-01 /ejn/AtlasChooseAuthority.aspx -
2014-11-01 /ejn/EJN_Home.aspx -
2014-11-01 /ejn/EJN_Home.aspx -
2014-11-01 /ejn/Events.aspx event=87
2014-11-01 /ejn/EJN_Home.aspx -
2014-11-01 /ejn/EJN_Home.aspx -
2014-11-01 /ejn/EJN_Home.aspx -
2014-11-01 /ejn/EJN_Home.aspx -
2014-11-01 /ejn/EJN_Home.aspx -
2014-11-01 /ejn/EJN_AtlasAdvanced.aspx -
2014-11-01 /ejn/NewsDetail.aspx id=284&Ori=H
2014-11-01 /ejn/EJN_Home.aspx -
2014-11-01 /ejn/EJN_Home.aspx -
2014-11-01 /ejn/EJN_Home.aspx -
2014-11-01 /ejn/ -
2014-11-01 /ejn/AtlasChooseAuthority.aspx -
2014-11-01 /ejn/AtlasSelection.aspx -
2014-11-01 /ejn/AtlasSelection.aspx -
2014-11-01 /ejn/AtlasChooseAuthority.aspx -
2014-11-01 /ejn/AtlasChooseAuthority.aspx/GetLocations -
2014-11-01 /ejn/AtlasChooseAuthority.aspx -
2014-11-01 /ejn/EJN_InfoAbout.aspx Id=223
2014-11-01 /ejn/ -
2014-11-01 /ejn/ -
2014-11-01 /ejn/AtlasChooseAuthority.aspx -
2014-11-01 /ejn/libshowdocument.aspx Id=219&Lang=RO
2014-11-01 /ejn/EJN_InfoAbout.aspx Id=432
2014-11-01 /ejn/EJN_Home.aspx -
2014-11-01 /ejn/EJN_AtlasAdvanced.aspx -
2014-11-01 /ejn/EJN_InfoAbout.aspx Id=373
2014-11-01 /ejn/ -
2014-11-01 /ejn/ -
2014-11-01 /ejn/EJN_StaticPage.aspx Bread=5
2014-11-01 /ejn/EJN_InfoAbout.aspx Id=293
2014-11-01 /ejn/EJN_InfoAbout.aspx Id=337
2014-11-01 /ejn/Events.aspx -
2014-11-01 /ejn/EJN_Home.aspx -
2014-11-01 /ejn/EJN_Home.aspx -
2014-11-01 /ejn/EJN_Home.aspx -
2014-11-01 /ejn/EJN_InfoAbout.aspx Id=295
2014-11-01 /ejn/EJN_InfoAbout.aspx Id=395
2014-11-01 /ejn/EJN_Home.aspx -
2014-11-01 /ejn/ -
2014-11-01 /ejn/EJN_Home.aspx -
2014-11-01 /ejn/EJN_AtlasAdvanced.aspx -
2014-11-01 /ejn/EJN_StaticPage.aspx Bread=33
2014-11-01 /ejn/EJN_Home.aspx -
2014-11-01 /ejn/EJN_Home.aspx -
2014-11-01 /ejn/EJN_InfoAbout.aspx Id=273
2014-11-01 /ejn/EJN_Home.aspx -
2014-11-01 /ejn/EJN_InfoAbout.aspx Id=260
2014-11-01 /ejn/EJN_Home.aspx -
2014-11-01 /ejn/EJN_InfoAbout.aspx Id=287
2014-11-01 /ejn/EJN_InfoAbout.aspx Id=307
2014-11-01 /ejn/EJN_InfoAbout.aspx Id=321
2014-11-01 /ejn/EJN_InfoAbout.aspx Id=352
2014-11-01 /ejn/EJN_InfoAbout.aspx Id=369
2014-11-01 /ejn/EJN_InfoAbout.aspx Id=230
2014-11-01 /ejn/EJN_Home.aspx -
2014-11-01 /ejn/EJN_Home.aspx -
2014-11-01 /ejn/EJN_Home.aspx -
2014-11-01 /ejn/ -
2014-11-01 /ejn/EJN_InfoAbout.aspx Id=258
2014-11-01 /ejn/libcategories.aspx -
2014-11-01 /ejn/EJN_Home.aspx -
2014-11-01 /ejn/EJN_InfoAbout.aspx Id=258
2014-11-01 /ejn/AtlasChooseMeasure.aspx Mp=1&Cou=LV&Type=2
2014-11-01 /ejn/EJN_InfoAbout.aspx Id=277
2014-11-01 /ejn/EJN_InfoAbout.aspx Id=269
2014-11-01 /ejn/EJN_InfoAbout.aspx Id=313
2014-11-01 /ejn/EJN_Home.aspx -
2014-11-01 /ejn/EJN_Home.aspx -
2014-11-01 /ejn/ -
2014-11-01 /ejn/EJN_InfoAbout.aspx Id=354
2014-11-01 /ejn/EJN_InfoAbout.aspx Id=239
2014-11-01 /ejn/EJN_AtlasAdvanced.aspx -
2014-11-01 /ejn/EJN_InfoAbout.aspx Id=259
2014-11-01 /ejn/EJN_InfoAbout.aspx Id=272
2014-11-01 /ejn/EJN_Home.aspx -
2014-11-01 /ejn/EJN_Home.aspx -
2014-11-01 /ejn/EJN_InfoAbout.aspx Id=279
2014-11-01 /ejn/EJN_InfoAbout.aspx Id=314
2014-11-01 /ejn/EJN_InfoAbout.aspx Id=351
2014-11-01 /ejn/EJN_InfoAbout.aspx Id=368
2014-11-01 /ejn/EJN_QuickLinks.aspx id=25
2014-11-01 /ejn/EJN_AtlasAdvanced.aspx -
2014-11-01 /ejn/EJN_InfoAbout.aspx Id=378
2014-11-01 /ejn/EJN_Home.aspx -
2014-11-01 /ejn/AtlasChooseMeasure.aspx Mp=1&Cou=BG&Type=2
2014-11-01 /ejn/AtlasChooseMeasure.aspx Mp=1&Cou=BG&Type=2++Culture:ROSessionId:tgpr4jas1cbwkc24fbgmp23rDate_Time:14:22
2014-11-01 /ejn/EJN_Home.aspx -
2014-11-01 /ejn/AtlasChooseMeasure.aspx Mp=1&Cou=BG&Type=2
2014-11-01 /ejn/AtlasChooseMeasure.aspx Mp=1&Cou=BG&Type=2
2014-11-01 /ejn/AtlasSelection.aspx -
2014-11-01 /ejn/AtlasChooseAuthority.aspx -
2014-11-01 /ejn/EJN_Home.aspx -
2014-11-01 /ejn/EJN_Home.aspx -
2014-11-01 /ejn/EJN_Home.aspx -
2014-11-01 /ejn/EJN_Home.aspx -
2014-11-01 /ejn/ -
2014-11-01 /ejn/EJN_Home.aspx -
2014-11-01 /ejn/EJN_Home.aspx -
2014-11-01 /ejn/EJN_Home.aspx -
2014-11-01 /ejn/EJN_Home.aspx -
2014-11-01 /ejn/EJN_Home.aspx -
2014-11-01 /ejn/EJN_Home.aspx -
2014-11-01 /ejn/AtlasChooseCountry.aspx -
2014-11-01 /ejn/EJN_Home.aspx -
2014-11-01 /ejn/AtlasChooseCountry.aspx Type=2
2014-11-01 /ejn/AtlasChooseMeasure.aspx MP=1&Cou=BG
2014-11-01 /ejn/AtlasChooseMeasure.aspx MP=1&Cou=BG++Culture:ROSessionId:hmth1zeu4hy1uhlur0h4jfugDate_Time:14:42
2014-11-01 /ejn/AtlasChooseMeasure.aspx MP=1&Cou=BG
2014-11-01 /ejn/AtlasChooseMeasure.aspx MP=1&Cou=BG
2014-11-01 /ejn/AtlasChooseMeasure.aspx MP=1&Cou=BG
2014-11-01 /ejn/AtlasSelection.aspx -
2014-11-01 /ejn/AtlasChooseAuthority.aspx -
2014-11-01 /ejn/AtlasChooseAuthority.aspx/GetLocations -
2014-11-01 /ejn/AtlasChooseAuthority.aspx -
2014-11-01 /ejn/AtlasAuthorityData.aspx Id=2556
2014-11-01 /ejn/EJN_Home.aspx -
2014-11-01 /ejn/AtlasAuthorityData.aspx Id=2556
2014-11-01 /ejn/AtlasAuthorityData.aspx Id=2556
2014-11-01 /ejn/AtlasAuthorityData.aspx Id=2556
2014-11-01 /ejn/Events.aspx -
2014-11-01 /ejn/AtlasChooseAuthority.aspx -
2014-11-01 /ejn/AtlasChooseAuthority.aspx -
2014-11-01 /ejn/AtlasChooseAuthority.aspx -
2014-11-01 /ejn/AtlasChooseAuthority.aspx -
2014-11-01 /ejn/AtlasChooseAuthority.aspx -
2014-11-01 /ejn/EJN_Home.aspx -
2014-11-01 /ejn/AtlasChooseAuthority.aspx -
2014-11-01 /ejn/AtlasChooseAuthority.aspx -
2014-11-01 /ejn/AtlasAuthorityData.aspx Id=2553
2014-11-01 /ejn/ -
2014-11-01 /ejn/EJN_Home.aspx -
2014-11-01 /ejn/EJN_Home.aspx -
2014-11-01 /ejn/AtlasChooseMeasure.aspx MP=1&Cou=BG
2014-11-01 /ejn/AtlasChooseMeasure.aspx MP=1&Cou=BG
2014-11-01 /ejn/EJN_Compendium.aspx -
2014-11-01 /ejn/EJN_Home.aspx -
2014-11-01 /ejn/AtlasChooseMeasure.aspx MP=1&Cou=BG
2014-11-01 /ejn/AtlasChooseMeasure.aspx MP=1&Cou=BG
2014-11-01 /ejn/AtlasSelection.aspx -
2014-11-01 /ejn/AtlasChooseAuthority.aspx -
2014-11-01 /ejn/AtlasChooseAuthority.aspx -
2014-11-01 /ejn/EJN_Home.aspx -
2014-11-01 /ejn/ -
2014-11-01 /ejn/AtlasChooseAuthority.aspx/GetLocations -
2014-11-01 /ejn/AtlasChooseAuthority.aspx -
2014-11-01 /ejn/EJN_InfoAbout.aspx Id=277
2014-11-01 /ejn/EJN_Home.aspx -
2014-11-01 /ejn/ -
2014-11-01 /ejn/EJN_Home.aspx -
2014-11-01 /ejn/ -
2014-11-01 /ejn/EJN_Home.aspx ++Culture:FRSessionId:fh32xj5abm5ivf0lfui2f1h5Date_Time:14:53
2014-11-01 /ejn/ -
2014-11-01 /ejn/AtlasChooseAuthority.aspx -
2014-11-01 /ejn/AtlasChooseMeasure.aspx MP=0&Cou=239
2014-11-01 /ejn/AtlasChooseMeasure.aspx MP=1&Cou=BG
2014-11-01 /ejn/AtlasChooseCountry.aspx Type=1
2014-11-01 /ejn/EJN_FichesBelges.aspx -
2014-11-01 /ejn/EJN_FichesBelges.aspx -
2014-11-01 /ejn/EJN_FichesBelges.aspx -
2014-11-01 /ejn/EJN_FichesBelgesResult.aspx measure=710&country=230&other=-1
2014-11-01 /ejn/EJN_Home.aspx -
2014-11-01 /ejn/EJN_FichesBelges.aspx -
2014-11-01 /ejn/AtlasChooseCountry.aspx Type=1
2014-11-01 /ejn/EJN_Home.aspx -
2014-11-01 /ejn/ -
2014-11-01 /ejn/EJN_FichesBelges.aspx -
2014-11-01 /ejn/EJN_Home.aspx -
2014-11-01 /ejn/EJN_FichesBelges.aspx -
2014-11-01 /ejn/EJN_FichesBelges.aspx -
2014-11-01 /ejn/EJN_FichesBelges.aspx -
2014-11-01 /ejn/EJN_FichesBelgesResult.aspx measure=710&country=230&other=230
2014-11-01 /ejn/EJN_Home.aspx -
2014-11-01 /ejn/ -
2014-11-01 /ejn/EJN_Home.aspx ++Culture:FRSessionId:m341thtpe2kwe4t1n4aqeftsDate_Time:14:57
2014-11-01 /ejn/ -
2014-11-01 /ejn/AtlasChooseCountry.aspx Type=2
2014-11-01 /ejn/AtlasChooseMeasure.aspx MP=1&Cou=BE
2014-11-01 /ejn/EJN_Compendium.aspx -
2014-11-01 /ejn/ctrls.compendium/IframeEngine.aspx -
2014-11-01 /ejn/AtlasChooseMeasure.aspx MP=1&Cou=BE
2014-11-01 /ejn/AtlasChooseMeasure.aspx MP=1&Cou=BE
2014-11-01 /ejn/AtlasSelection.aspx -
2014-11-01 /ejn/AtlasChooseAuthority.aspx -
2014-11-01 /ejn/AtlasChooseAuthority.aspx -
2014-11-01 /ejn/AtlasChooseAuthority.aspx/GetLocations -
2014-11-01 /ejn/AtlasChooseAuthority.aspx -
2014-11-01 /ejn/AtlasAuthorityData.aspx Id=4545
2014-11-01 /ejn/EJN_Compendium.aspx -
2014-11-01 /ejn/ctrls.compendium/IframeEngine.aspx -
2014-11-01 /ejn/ -
2014-11-01 /ejn/EJN_Home.aspx -
2014-11-01 /ejn/EJN_Home.aspx -
2014-11-01 /ejn/EJN_QuickLinks.aspx id=25
2014-11-01 /ejn/libcategories.aspx Id=5
2014-11-01 /ejn/EJN_AtlasAdvanced.aspx -
2014-11-01 /ejn/EJN_FichesBelges.aspx -
2014-11-01 /ejn/EJN_FichesBelges.aspx -
2014-11-01 /ejn/EJN_FichesBelges.aspx -
2014-11-01 /ejn/AtlasChooseCountry.aspx Type=1
2014-11-01 /ejn/AtlasChooseMeasure.aspx MP=1&Cou=BG
2014-11-01 /ejn/AtlasSelection.aspx -
2014-11-01 /ejn/AtlasChooseAuthority.aspx -
2014-11-01 /ejn/AtlasChooseAuthority.aspx/GetLocations -
2014-11-01 /ejn/AtlasChooseAuthority.aspx -
2014-11-01 /ejn/AtlasAuthorityData.aspx Id=3193
2014-11-01 /ejn/EJN_Home.aspx -
2014-11-01 /ejn/EJN_Home.aspx -
2014-11-01 /ejn/libdocumentproperties.aspx Id=920
2014-11-01 /ejn/ -
2014-11-01 /ejn/libshowdocument.aspx Id=222&Lang=SL
2014-11-01 /ejn/libdocumentproperties.aspx Id=920
2014-11-01 /ejn/EJN_AtlasAdvanced.aspx -
2014-11-01 /ejn/EJN_Home.aspx -
2014-11-01 /ejn/EJN_Home.aspx -
2014-11-01 /ejn/libshowdocument.aspx Id=388&Lang=DE
2014-11-01 /ejn/EJN_Home.aspx -
2014-11-01 /ejn/EJN_Home.aspx -
2014-11-01 /ejn/libcategories.aspx Id=5
2014-11-01 /ejn/libadvancedsearch.aspx -
2014-11-01 /ejn/EJN_Home.aspx -
2014-11-01 /ejn/ -
2014-11-01 /ejn/libshowdocument.aspx Id=116&Lang=EN
2014-11-01 /ejn/ -
2014-11-01 /ejn/libshowdocument.aspx Id=13&Lang=EL
2014-11-01 /compendium.aspx -
2014-11-01 /ejn/EJN_Home.aspx -
2014-11-01 /ejn/EJN_Home.aspx -
2014-11-01 /ejn/libshowdocument.aspx Id=1&Lang=RO
2014-11-01 /ejn/EJN_Home.aspx -
2014-11-01 /ejn/ -
2014-11-01 /ejn/ -
2014-11-01 /ejn/EJN_AtlasAdvanced.aspx -
2014-11-01 /ejn/EJN_Home.aspx -
2014-11-01 /ejn/EJN_Home.aspx -
2014-11-01 /ejn/EJN_Home.aspx -
2014-11-01 /ejn/EJN_Home.aspx -
2014-11-01 /ejn/EJN_StaticPage.aspx Bread=3
2014-11-01 /ejn/EJN_Home.aspx -
2014-11-01 /ejn/EJN_Home.aspx -
2014-11-01 /ejn/EJN_Home.aspx -
2014-11-01 /ejn/EJN_Home.aspx -
2014-11-01 /ejn/ -
2014-11-01 /ejn/ -
2014-11-01 /ejn/EJN_Home.aspx -
2014-11-01 /ejn/ -
2014-11-01 /ejn/EJN_Home.aspx -
2014-11-01 /ejn/EJN_Home.aspx -
2014-11-01 /ejn/ -
2014-11-01 /ejn/EJN_Home.aspx -
2014-11-01 /ejn/EJN_Home.aspx -
2014-11-01 /ejn/EJN_Home.aspx -
2014-11-01 /ejn/EJN_Home.aspx -
2014-11-01 /ejn/EJN_Home.aspx -
2014-11-01 /ejn/EJN_Home.aspx -
2014-11-01 /ejn/EJN_Home.aspx -
2014-11-01 /ejn/ -
2014-11-01 /ejn/EJN_Home.aspx -
2014-11-01 /ejn/ -
2014-11-01 /ejn/ -
2014-11-01 /ejn/EJN_Home.aspx -
2014-11-01 /ejn/EJN_InfoAbout.aspx Id=277
2014-11-01 /ejn/EJN_InfoAbout.aspx Id=277++Culture:ROSessionId:cpjxb4pcxqrkhptn1lfgpndsDate_Time:15:56
2014-11-01 /ejn/EJN_InfoAbout.aspx Id=354
2014-11-01 /ejn/EJN_Home.aspx -
2014-11-01 /ejn/ -
2014-11-01 /ejn/libcategories.aspx Id=14
2014-11-01 /ejn/EJN_Home.aspx -
2014-11-01 /ejn/EJN_Home.aspx -
2014-11-01 /ejn/EJN_InfoAbout.aspx Id=354
2014-11-01 /ejn/EJN_InfoAbout.aspx Id=272
2014-11-01 /ejn/EJN_Home.aspx -
2014-11-01 /ejn/EJN_Home.aspx -
2014-11-01 /ejn/ -
2014-11-01 /ejn/EJN_AtlasAdvanced.aspx -
2014-11-01 /ejn/EJN_Home.aspx -
2014-11-01 /ejn/EJN_Home.aspx -
2014-11-01 /ejn/EJN_Home.aspx -
2014-11-01 /ejn/ -
2014-11-01 /ejn/EJN_Home.aspx -
2014-11-01 /ejn/ -
2014-11-01 /ejn/EJN_Home.aspx -
2014-11-01 /ejn/EJN_Home.aspx -
2014-11-01 /ejn/EJN_StaticPage.aspx Bread=2
2014-11-01 /ejn/ -
2014-11-01 /ejn/EJN_Home.aspx -
2014-11-01 /ejn/EJN_Home.aspx -
2014-11-01 /ejn/EJN_Home.aspx -
2014-11-01 /ejn/EJN_Home.aspx -
2014-11-01 /ejn/ -
2014-11-01 /ejn/EJN_Home.aspx -
2014-11-01 /ejn/EJN_Home.aspx -
2014-11-01 /ejn/EJN_Home.aspx -
2014-11-01 /ejn/EJN_Home.aspx -
2014-11-01 /ejn/ -
2014-11-01 /ejn/ -
2014-11-01 /ejn/ -
2014-11-01 /ejn/EJN_AtlasAdvanced.aspx -
2014-11-01 /ejn/ -
2014-11-01 /ejn/EJN_StaticPage.aspx Bread=35
2014-11-01 /ejn/EJN_Home.aspx -
2014-11-01 /ejn/EJN_Home.aspx -
2014-11-01 /ejn/EJN_Home.aspx -
2014-11-01 /ejn/EJN_Home.aspx -
2014-11-01 /ejn/ -
2014-11-01 /ejn/EJN_Home.aspx -
2014-11-01 /ejn/ -
2014-11-01 /ejn/EJN_Home.aspx -
2014-11-01 /ejn/AtlasChooseMeasure.aspx Mp=1&Cou=PL&Type=2
2014-11-01 /ejn/AtlasChooseMeasure.aspx Mp=1&Cou=PL&Type=2
2014-11-01 /ejn/AtlasChooseMeasure.aspx Mp=1&Cou=PL&Type=2
2014-11-01 /ejn/AtlasChooseMeasure.aspx Mp=1&Cou=PL&Type=2
2014-11-01 /ejn/AtlasChooseMeasure.aspx Mp=1&Cou=PL&Type=2
2014-11-01 /ejn/AtlasSelection.aspx -
2014-11-01 /ejn/AtlasSelection.aspx -
2014-11-01 /ejn/AtlasSelection.aspx -
2014-11-01 /ejn/AtlasSelection.aspx -
2014-11-01 /ejn/AtlasSelection.aspx -
2014-11-01 /ejn/AtlasChooseAuthority.aspx -
2014-11-01 /ejn/AtlasChooseAuthority.aspx -
2014-11-01 /ejn/AtlasAuthorityData.aspx Id=5282
2014-11-01 /ejn/AtlasChooseMeasure.aspx Mp=1&Cou=PL&Type=2
2014-11-01 /ejn/EJN_Home.aspx -
2014-11-01 /ejn/EJN_Home.aspx -
2014-11-01 /ejn/ -
2014-11-01 /ejn/EJN_Home.aspx -
2014-11-01 /ejn/EJN_Home.aspx -
2014-11-01 /ejn/EJN_Home.aspx -
2014-11-01 /ejn/EJN_Home.aspx -
2014-11-01 /ejn/ -
2014-11-01 /ejn/ -
2014-11-01 /ejn/ -
2014-11-01 /ejn/EJN_Home.aspx -
2014-11-01 /ejn/ -
2014-11-01 /ejn/EJN_StaticPage.aspx Bread=12
2014-11-01 /ejn/EJN_Home.aspx -
2014-11-01 /ejn/EJN_Home.aspx -
2014-11-01 /ejn/EJN_Home.aspx -
2014-11-01 /ejn/ -
2014-11-01 /ejn/EJN_Home.aspx -
2014-11-01 /ejn/ -
2014-11-01 /ejn/ -
2014-11-01 /ejn/EJN_StaticPage.aspx Bread=2
2014-11-01 /ejn/EJN_StaticPage.aspx Bread=2++Culture:FRSessionId:32gqyz5cv2kspcd3lujoimx4Date_Time:16:52
2014-11-01 /ejn/EJN_Home.aspx -
2014-11-01 /ejn/EJN_Home.aspx -
2014-11-01 /ejn/EJN_StaticPage.aspx Bread=1
2014-11-01 /ejn/EJN_Home.aspx -
2014-11-01 /ejn/EJN_Home.aspx -
2014-11-01 /ejn/EJN_Home.aspx -
2014-11-01 /ejn/EJN_Home.aspx -
2014-11-01 /ejn/ -
2014-11-01 /ejn/EJN_AtlasAdvanced.aspx -
2014-11-01 /ejn/EJN_Home.aspx -
2014-11-01 /ejn/EJN_Home.aspx -
2014-11-01 /ejn/EJN_Home.aspx -
2014-11-01 /ejn/EJN_Home.aspx -
2014-11-01 /ejn/ -
2014-11-01 /ejn/EJN_Home.aspx -
2014-11-01 /ejn/ -
2014-11-01 /ejn/sitemap.aspx -
2014-11-01 /ejn/EJN_Home.aspx -
2014-11-01 /ejn/ -
2014-11-01 /ejn/EJN_Home.aspx -
2014-11-01 /ejn/EJN_Home.aspx -
2014-11-01 /ejn/ -
2014-11-01 /ejn/ -
2014-11-01 /ejn/EJN_Home.aspx -
2014-11-01 /ejn/EJN_StaticPage.aspx Bread=2
2014-11-01 /ejn/AtlasChooseMeasure.aspx Mp=1&Cou=FR&Type=2
2014-11-01 /ejn/ -
2014-11-01 /ejn/EJN_StaticPage.aspx Bread=30
2014-11-01 /ejn/EJN_Home.aspx -
2014-11-01 /ejn/EJN_AtlasAdvanced.aspx -
2014-11-01 /ejn/EJN_Home.aspx -
2014-11-01 /ejn/EJN_Home.aspx -
2014-11-01 /ejn/EJN_Home.aspx -
2014-11-01 /ejn/EJN_Home.aspx -
2014-11-01 /ejn/EJN_Home.aspx -
2014-11-01 /ejn/EJN_Home.aspx -
2014-11-01 /ejn/EJN_Home.aspx -
2014-11-01 /ejn/EJN_Home.aspx -
2014-11-01 /ejn/ -
2014-11-01 /ejn/EJN_Home.aspx -
2014-11-01 /ejn/ -
2014-11-01 /ejn/EJN_QuickLinks.aspx id=28
2014-11-01 /ejn/EJN_Home.aspx -
2014-11-01 /ejn/EJN_Home.aspx -
2014-11-01 /ejn/EJN_Home.aspx -
2014-11-01 /ejn/EJN_Home.aspx -
2014-11-01 /ejn/EJN_Home.aspx -
2014-11-01 /ejn/EJN_Home.aspx -
2014-11-01 /ejn/EJN_Home.aspx -
2014-11-01 /ejn/EJN_Home.aspx -
2014-11-01 /ejn/EJN_Home.aspx -
2014-11-01 /ejn/EJN_Home.aspx -
2014-11-01 /ejn/EJN_Home.aspx -
2014-11-01 /ejn/ -
2014-11-01 /ejn/EJN_Home.aspx -
2014-11-01 /ejn/ -
2014-11-01 /ejn/EJN_Home.aspx -
2014-11-01 /ejn/EJN_Home.aspx -
2014-11-01 /ejn/EJN_Home.aspx -
2014-11-01 /ejn/EJN_Home.aspx -
2014-11-01 /ejn/EJN_Home.aspx -
2014-11-01 /ejn/EJN_Home.aspx -
2014-11-01 /ejn/EJN_Home.aspx -
2014-11-01 /ejn/EJN_Home.aspx -
2014-11-01 /ejn/EJN_Home.aspx -
2014-11-01 /ejn/EJN_Home.aspx -
2014-11-01 /ejn/ -
2014-11-01 /ejn/EJN_Home.aspx -
2014-11-01 /ejn/ -
2014-11-01 /ejn/ejn_home.aspx -
2014-11-01 /ejn/NewsDetail.aspx id=298&Ori=H
2014-11-01 /ejn/ -
2014-11-01 /ejn/ -
2014-11-01 /ejn/EJN_InfoAbout.aspx Id=273
2014-11-01 /ejn/EJN_Home.aspx -
2014-11-01 /ejn/EJN_InfoAbout.aspx Id=273
2014-11-01 /ejn/EJN_InfoAbout.aspx Id=273
2014-11-01 /ejn/ -
2014-11-01 /ejn/EJN_AtlasAdvanced.aspx -
2014-11-01 /ejn/EJN_Home.aspx -
2014-11-01 /ejn/ -
2014-11-01 /ejn/ -
2014-11-01 /ejn/AtlasChooseCountry.aspx Type=2
2014-11-01 /ejn/AtlasChooseMeasure.aspx MP=1&Cou=FR
2014-11-01 /ejn/AtlasChooseMeasure.aspx MP=1&Cou=FR
2014-11-01 /ejn/EJN_Home.aspx -
2014-11-01 /ejn/EJN_Home.aspx -
2014-11-01 /ejn/AtlasChooseMeasure.aspx MP=1&Cou=FR
2014-11-01 /ejn/AtlasChooseCountry.aspx Type=2
2014-11-01 /ejn/AtlasChooseCountry.aspx Type=2
2014-11-01 /ejn/AtlasChooseCountry.aspx Type=2
2014-11-01 /ejn/AtlasChooseMeasure.aspx MP=1&Cou=FR
2014-11-01 /ejn/EJN_News.aspx id=52
2014-11-01 /ejn/EJN_News.aspx id=52
2014-11-01 /ejn/EJN_Home.aspx -
2014-11-01 /ejn/EJN_StaticPage.aspx Bread=19
2014-11-01 /ejn/EJN_Home.aspx -
2014-11-01 /ejn/EJN_StaticPage.aspx Bread=19
2014-11-01 /ejn/EJN_Home.aspx -
2014-11-01 /ejn/EJN_FichesBelgesResult.aspx measure=502&country=273&other=-1
2014-11-01 /ejn/EJN_FichesBelgesResult.aspx measure=503&country=273&other=-1
2014-11-01 /ejn/EJN_FichesBelgesGuide.aspx -
2014-11-01 /ejn/EJN_FichesBelgesTable.aspx -
2014-11-01 /ejn/AtlasChooseCountry.aspx Type=2
2014-11-01 /ejn/AtlasChooseMeasure.aspx MP=1&Cou=FR
2014-11-01 /ejn/AtlasChooseMeasure.aspx MP=1&Cou=FR
2014-11-01 /ejn/AtlasChooseMeasure.aspx MP=1&Cou=FR
2014-11-01 /ejn/AtlasChooseCountry.aspx Type=2
2014-11-01 /ejn/EJN_Home.aspx -
2014-11-01 /ejn/EJN_StaticPage.aspx Bread=5
2014-11-01 /ejn/AtlasChooseCountry.aspx Type=1
2014-11-01 /ejn/AtlasChooseMeasure.aspx MP=1&Cou=FR
2014-11-01 /ejn/AtlasChooseMeasure.aspx MP=1&Cou=FR
2014-11-01 /ejn/AtlasSelection.aspx -
2014-11-01 /ejn/AtlasChooseAuthority.aspx -
2014-11-01 /ejn/AtlasChooseAuthority.aspx/GetLocations -
2014-11-01 /ejn/AtlasChooseAuthority.aspx -
2014-11-01 /ejn/AtlasAuthorityData.aspx Id=4772
2014-11-01 /ejn/AtlasAuthorityData.aspx Id=4772
2014-11-01 /ejn/AtlasAuthorityData.aspx Id=4772
2014-11-01 /ejn/AtlasAuthorityData.aspx Id=4772
2014-11-01 /ejn/EJN_QuickLinks.aspx Id=27
2014-11-01 /ejn/EJN_Home.aspx -
2014-11-01 /ejn/AtlasAuthorityData.aspx Id=4772
2014-11-01 /ejn/AtlasChooseAuthority.aspx -
2014-11-01 /ejn/AtlasChooseCountry.aspx Type=1
2014-11-01 /ejn/AtlasChooseMeasure.aspx MP=1&Cou=FR
2014-11-01 /ejn/AtlasSelection.aspx -
2014-11-01 /ejn/AtlasChooseAuthority.aspx -
2014-11-01 /ejn/AtlasChooseAuthority.aspx/GetLocations -
2014-11-01 /ejn/AtlasChooseAuthority.aspx -
2014-11-01 /ejn/AtlasChooseCountry.aspx Type=1
2014-11-01 /ejn/AtlasChooseMeasure.aspx MP=1&Cou=FR
2014-11-01 /ejn/AtlasSelection.aspx -
2014-11-01 /ejn/AtlasChooseMeasure.aspx MP=1&Cou=FR
2014-11-01 /ejn/AtlasSelection.aspx -
2014-11-01 /ejn/AtlasChooseAuthority.aspx -
2014-11-01 /ejn/AtlasChooseAuthority.aspx/GetLocations -
2014-11-01 /ejn/AtlasChooseAuthority.aspx -
2014-11-01 /ejn/AtlasAuthorityData.aspx Id=4772
2014-11-01 /ejn/EJN_Home.aspx -
2014-11-01 /ejn/EJN_Home.aspx -
2014-11-01 /ejn/AtlasAuthorityData.aspx Id=4772
2014-11-01 /ejn/AtlasAuthorityData.aspx Id=4772
2014-11-01 /ejn/EJN_Home.aspx -
2014-11-01 /ejn/ -
2014-11-01 /ejn/AtlasAuthorityData.aspx Id=4772
2014-11-01 /ejn/AtlasAuthorityData.aspx Id=4772
2014-11-01 /ejn/AtlasAuthorityData.aspx Id=4772
2014-11-01 /ejn/AtlasChooseAuthority.aspx -
2014-11-01 /ejn/AtlasChooseCountry.aspx Type=1
2014-11-01 /ejn/EJN_Home.aspx -
2014-11-01 /ejn/ -
2014-11-01 /ejn/AtlasChooseMeasure.aspx MP=1&Cou=DE
2014-11-01 /ejn/AtlasSelection.aspx -
2014-11-01 /ejn/AtlasChooseAuthority.aspx -
2014-11-01 /ejn/AtlasChooseAuthority.aspx/GetLocations -
2014-11-01 /ejn/AtlasChooseAuthority.aspx -
2014-11-01 /ejn/AtlasAuthorityData.aspx Id=5309
2014-11-01 /ejn/AtlasChooseCountry.aspx Type=1
2014-11-01 /ejn/AtlasChooseMeasure.aspx MP=1&Cou=PL
2014-11-01 /ejn/AtlasSelection.aspx -
2014-11-01 /ejn/AtlasChooseAuthority.aspx -
2014-11-01 /ejn/AtlasChooseAuthority.aspx/GetLocations -
2014-11-01 /ejn/AtlasChooseAuthority.aspx/GetLocations -
2014-11-01 /ejn/AtlasChooseAuthority.aspx/GetLocations -
2014-11-01 /ejn/AtlasChooseCountry.aspx Type=1
2014-11-01 /ejn/AtlasChooseMeasure.aspx MP=1&Cou=DE
2014-11-01 /ejn/AtlasSelection.aspx -
2014-11-01 /ejn/AtlasChooseMeasure.aspx MP=1&Cou=DE
2014-11-01 /ejn/AtlasSelection.aspx -
2014-11-01 /ejn/AtlasChooseAuthority.aspx -
2014-11-01 /ejn/AtlasChooseAuthority.aspx/GetLocations -
2014-11-01 /ejn/AtlasChooseAuthority.aspx -
2014-11-01 /ejn/AtlasAuthorityData.aspx Id=5309
2014-11-01 /ejn/AtlasChooseCountry.aspx Type=1
2014-11-01 /ejn/AtlasChooseMeasure.aspx MP=1&Cou=PL
2014-11-01 /ejn/AtlasSelection.aspx -
2014-11-01 /ejn/AtlasChooseMeasure.aspx MP=1&Cou=PL
2014-11-01 /ejn/AtlasSelection.aspx -
2014-11-01 /ejn/AtlasChooseAuthority.aspx -
2014-11-01 /ejn/AtlasChooseAuthority.aspx/GetLocations -
2014-11-01 /ejn/AtlasChooseAuthority.aspx -
2014-11-01 /ejn/AtlasAuthorityData.aspx Id=5255
2014-11-01 /ejn/AtlasChooseCountry.aspx Type=1
2014-11-01 /ejn/AtlasChooseMeasure.aspx MP=1&Cou=AT
2014-11-01 /ejn/AtlasSelection.aspx -
2014-11-01 /ejn/AtlasChooseMeasure.aspx MP=1&Cou=AT
2014-11-01 /ejn/AtlasSelection.aspx -
2014-11-01 /ejn/AtlasChooseAuthority.aspx -
2014-11-01 /ejn/AtlasChooseAuthority.aspx/GetLocations -
2014-11-01 /ejn/AtlasChooseAuthority.aspx/GetLocations -
2014-11-01 /ejn/AtlasChooseAuthority.aspx -
2014-11-01 /ejn/AtlasAuthorityData.aspx Id=4965
2014-11-01 /ejn/AtlasChooseCountry.aspx Type=1
2014-11-01 /ejn/AtlasChooseMeasure.aspx MP=1&Cou=GR
2014-11-01 /ejn/AtlasSelection.aspx -
2014-11-01 /ejn/ -
2014-11-01 /ejn/ -
2014-11-01 /ejn/libcategories.aspx Id=32
2014-11-01 /ejn/ejn_home.aspx -
2014-11-01 /ejn/AtlasChooseCountry.aspx Type=2
2014-11-01 /ejn/AtlasChooseMeasure.aspx MP=1&Cou=FR
2014-11-01 /ejn/EJN_Home.aspx -
2014-11-01 /ejn/EJN_FichesBelgesResult.aspx measure=502&country=273&other=-1
2014-11-01 /ejn/AtlasChooseCountry.aspx Type=2
2014-11-01 /ejn/AtlasChooseMeasure.aspx MP=1&Cou=FR
2014-11-01 /ejn/AtlasChooseMeasure.aspx MP=1&Cou=FR
2014-11-01 /ejn/AtlasChooseCountry.aspx Type=2
2014-11-01 /ejn/AtlasChooseMeasure.aspx MP=1&Cou=FR
2014-11-01 /ejn/AtlasChooseMeasure.aspx MP=1&Cou=FR
2014-11-01 /ejn/AtlasChooseCountry.aspx Type=2
2014-11-01 /ejn/EJN_Home.aspx -
2014-11-01 /ejn/AtlasChooseMeasure.aspx MP=1&Cou=GR
2014-11-01 /ejn/EJN_FichesBelgesResult.aspx measure=502&country=279&other=-1
2014-11-01 /ejn/EJN_Home.aspx -
2014-11-01 /ejn/EJN_Home.aspx -
2014-11-01 /ejn/AtlasChooseMeasure.aspx MP=1&Cou=FR
2014-11-01 /ejn/AtlasChooseCountry.aspx Type=2
2014-11-01 /ejn/EJN_Home.aspx -
2014-11-01 /ejn/EJN_StaticPage.aspx Bread=11
2014-11-01 /ejn/EJN_Home.aspx -
2014-11-01 /ejn/EJN_Home.aspx -
2014-11-01 /ejn/EJN_Home.aspx -
2014-11-01 /ejn/EJN_Login.aspx -
2014-11-01 /ejn/ -
2014-11-01 /ejn/EJN_Login.aspx -
2014-11-01 /ejn/EJN_Home.aspx -
2014-11-01 /ejn/EJN_Home.aspx -
2014-11-01 /ejn/EJN_EAWWizard.aspx -
2014-11-01 /ejn/EJN_EAWWizard.aspx -
2014-11-01 /ejn/ctrls.eawwizard/IframeEngine.aspx -
2014-11-01 /ejn/EJN_EAWWizard.aspx -
2014-11-01 /ejn/ctrls.eawwizard/IframeEngine.aspx -
2014-11-01 /ejn/EJN_Compendium.aspx -
2014-11-01 /ejn/EJN_Compendium.aspx -
2014-11-01 /ejn/EJN_FichesBelges.aspx -
2014-11-01 /ejn/EJN_FichesBelgesTable.aspx -
2014-11-01 /ejn/ejn_home.aspx -
2014-11-01 /ejn/ -
2014-11-01 /ejn/EJN_EAWAtlas.aspx -
2014-11-01 /ejn/EJN_Error.aspx -
2014-11-01 /ejn/EJN_ContactUs.aspx &KeepThis=true&
2014-11-01 /ejn/EJN_Home.aspx -
2014-11-01 /ejn/AtlasChooseCountry.aspx Type=2
2014-11-01 /ejn/EJN_Home.aspx -
2014-11-01 /ejn/EJN_Home.aspx -
2014-11-01 /ejn/EJN_Home.aspx -
2014-11-01 /ejn/ -
2014-11-01 /ejn/AtlasChooseMeasure.aspx MP=1&Cou=GR
2014-11-01 /ejn/EJN_Home.aspx -
2014-11-01 /ejn/ -
2014-11-01 /ejn/AtlasChooseCountry.aspx Type=2
2014-11-01 /ejn/AtlasChooseMeasure.aspx MP=1&Cou=FR
2014-11-01 /ejn/EJN_FichesBelgesResult.aspx measure=502&country=273&other=-1
2014-11-01 /ejn/EJN_FichesBelgesResult.aspx measure=501&country=273&other=-1
2014-11-01 /atlas_advanced.aspx -
2014-11-01 /atlas_advanced.aspx -
2014-11-01 /atlas_advanced.aspx -
2014-11-01 /ejn/ -
2014-11-01 /ejn/ -
2014-11-01 /ejn/AtlasChooseMeasure.aspx Mp=1&Cou=FR&Type=2
2014-11-01 /ejn/EJN_FichesBelgesResult.aspx measure=502&country=273&other=-1
2014-11-01 /ejn/EJN_InfoAbout.aspx Id=368
2014-11-01 /ejn/EJN_Home.aspx -
2014-11-01 /ejn/ -
2014-11-01 /ejn/AtlasChooseCountry.aspx Type=1
2014-11-01 /ejn/AtlasChooseMeasure.aspx MP=1&Cou=RO
2014-11-01 /ejn/AtlasSelection.aspx -
2014-11-01 /ejn/libshowdocument.aspx Id=221&Lang=LT
2014-11-01 /ejn/AtlasSelection.aspx -
2014-11-01 /ejn/AtlasChooseCountry.aspx Type=1
2014-11-01 /ejn/AtlasChooseMeasure.aspx MP=1&Cou=RO
2014-11-01 /ejn/AtlasSelection.aspx -
2014-11-01 /ejn/AtlasSelection.aspx -
2014-11-01 /ejn/AtlasChooseCountry.aspx Type=1
2014-11-01 /ejn/ -
2014-11-01 /ejn/EJN_Compendium.aspx -
2014-11-01 /ejn/ctrls.compendium/IframeEngine.aspx -
2014-11-01 /ejn/NewsAll.aspx -
2014-11-01 /ejn/EJN_Home.aspx -
2014-11-01 /ejn/AtlasChooseCountry.aspx Type=2
2014-11-01 /ejn/AtlasChooseMeasure.aspx MP=1&Cou=GR
2014-11-01 /ejn/EJN_FichesBelgesResult.aspx measure=502&country=279&other=-1
2014-11-01 /ejn/EJN_Library_StatusOfImpByCou.aspx CountryId=279
2014-11-01 /ejn/EJN_Home.aspx -
2014-11-01 /ejn/EJN_Home.aspx -
2014-11-01 /ejn/AtlasChooseMeasure.aspx MP=1&Cou=GR
2014-11-01 /ejn/EJN_Home.aspx -
2014-11-01 /ejn/AtlasChooseCountry.aspx Type=2
2014-11-01 /ejn/AtlasChooseMeasure.aspx MP=1&Cou=FR
2014-11-01 /ejn/AtlasChooseMeasure.aspx MP=1&Cou=FR
2014-11-01 /ejn/EJN_FichesBelgesResult.aspx measure=502&country=273&other=-1
2014-11-01 /ejn/AtlasChooseMeasure.aspx MP=1&Cou=FR
2014-11-01 /ejn/AtlasChooseCountry.aspx Type=2
2014-11-01 /ejn/AtlasChooseCountry.aspx Type=2
2014-11-01 /ejn/EJN_Home.aspx -
2014-11-01 /ejn/AtlasChooseMeasure.aspx MP=1&Cou=FR
2014-11-01 /ejn/AtlasChooseMeasure.aspx MP=1&Cou=FR
2014-11-01 /ejn/EJN_FichesBelgesResult.aspx measure=502&country=273&other=-1
2014-11-01 /ejn/AtlasChooseCountry.aspx Type=2
2014-11-01 /ejn/AtlasChooseMeasure.aspx MP=1&Cou=FR
2014-11-01 /ejn/AtlasChooseMeasure.aspx MP=1&Cou=FR
2014-11-01 /ejn/EJN_FichesBelgesResult.aspx measure=502&country=273&other=-1
2014-11-01 /ejn/EJN_FichesBelgesGuide.aspx -
2014-11-01 /ejn/AtlasChooseCountry.aspx Type=2
2014-11-01 /ejn/AtlasChooseCountry.aspx Type=1
2014-11-01 /ejn/AtlasChooseMeasure.aspx MP=1&Cou=FR
2014-11-01 /ejn/AtlasSelection.aspx -
2014-11-01 /ejn/AtlasChooseAuthority.aspx -
2014-11-01 /ejn/AtlasChooseAuthority.aspx/GetLocations -
2014-11-01 /ejn/AtlasChooseAuthority.aspx/GetLocations -
2014-11-01 /ejn/AtlasChooseAuthority.aspx -
2014-11-01 /ejn/AtlasAuthorityData.aspx Id=4772
2014-11-01 /ejn/AtlasAuthorityData.aspx Id=4772
2014-11-01 /ejn/AtlasChooseAuthority.aspx -
2014-11-01 /ejn/AtlasChooseAuthority.aspx/GetLocations -
2014-11-01 /ejn/AtlasChooseAuthority.aspx -
2014-11-01 /ejn/AtlasAuthorityData.aspx Id=4772
2014-11-01 /ejn/ejn_home.aspx -
2014-11-01 /ejn/EJN_StaticPage.aspx Bread=10
2014-11-01 /ejn/ejn_staticpage.aspx Bread=10
2014-11-01 /ejn/ejn_home.aspx -
2014-11-01 /ejn/EJN_Home.aspx -
2014-11-01 /ejn/EJN_Home.aspx -
2014-11-01 /ejn/EJN_Home.aspx -
2014-11-01 /ejn/ -
2014-11-01 /ejn/EJN_Login.aspx -
2014-11-01 /ejn/EJN_Home.aspx -
2014-11-01 /ejn/ -
2014-11-01 /ejn/EJN_Home.aspx -
2014-11-01 /ejn/AtlasChooseCountry.aspx Type=2
2014-11-01 /ejn/AtlasChooseMeasure.aspx MP=1&Cou=FR
2014-11-01 /ejn/EJN_Home.aspx -
2014-11-01 /ejn/EJN_FichesBelgesResult.aspx measure=502&country=273&other=-1
2014-11-01 /ejn/Events.aspx event=247
2014-11-01 /ejn/EJN_QuickLinks.aspx id=23
2014-11-01 /ejn/EJN_Home.aspx -
2014-11-01 /ejn/EJN_Home.aspx -
2014-11-01 /ejn/ -
2014-11-01 /ejn/EJN_Home.aspx -
2014-11-01 /ejn/EJN_Home.aspx -
2014-11-01 /ejn/EJN_Home.aspx -
2014-11-01 /ejn/EJN_Home.aspx -
2014-11-01 /ejn/EJN_Home.aspx -
2014-11-01 /ejn/EJN_Home.aspx -
2014-11-01 /ejn/EJN_Home.aspx -
2014-11-01 /ejn/EJN_Home.aspx -
2014-11-01 /ejn/EJN_Home.aspx -
2014-11-01 /ejn/EJN_Home.aspx -
2014-11-01 /ejn/EJN_Home.aspx -
2014-11-01 /ejn/EJN_Home.aspx -
2014-11-01 /ejn/ejn_home.aspx -
2014-11-01 /ejn/ -
2014-11-01 /ejn/ -
2014-11-01 /ejn/EJN_Home.aspx -
2014-11-01 /ejn/ -
2014-11-01 /ejn/EJN_AtlasAdvanced.aspx -
2014-11-01 /ejn/EJN_Home.aspx -
2014-11-01 /ejn/EJN_Home.aspx -
2014-11-01 /ejn/EJN_Home.aspx -
2014-11-01 /ejn/AtlasChooseCountry.aspx Type=2
2014-11-01 /ejn/AtlasChooseMeasure.aspx MP=1&Cou=FR
2014-11-01 /ejn/EJN_Home.aspx -
2014-11-01 /ejn/EJN_FichesBelgesResult.aspx measure=502&country=273&other=-1
2014-11-01 /ejn/EJN_FichesBelgesTable.aspx -
2014-11-01 /ejn/EJN_FichesBelgesGuide.aspx -
2014-11-01 /ejn/EJN_StaticPage.aspx Bread=12
2014-11-01 /ejn/EJN_StaticPage.aspx Bread=12
2014-11-01 /ejn/EJN_InfoAbout.aspx Id=273
2014-11-01 /ejn/AtlasChooseMeasure.aspx MP=1&Cou=FR
2014-11-01 /ejn/AtlasChooseCountry.aspx Type=2
2014-11-01 /ejn/AtlasChooseMeasure.aspx MP=1&Cou=FR
2014-11-01 /ejn/AtlasChooseMeasure.aspx MP=1&Cou=FR
2014-11-01 /ejn/ -
2014-11-01 /ejn/AtlasChooseCountry.aspx Type=2
2014-11-01 /ejn/AtlasChooseMeasure.aspx MP=1&Cou=FR
2014-11-01 /ejn/AtlasChooseMeasure.aspx MP=1&Cou=FR
2014-11-01 /ejn/AtlasChooseMeasure.aspx MP=1&Cou=FR
2014-11-01 /ejn/AtlasChooseCountry.aspx Type=2
2014-11-01 /ejn/EJN_Home.aspx -
2014-11-01 /ejn/EJN_Home.aspx -
2014-11-01 /ejn/AtlasChooseMeasure.aspx MP=1&Cou=FR
2014-11-01 /ejn/EJN_FichesBelgesResult.aspx measure=713&country=273&other=-1
2014-11-01 /ejn/EJN_Home.aspx -
2014-11-01 /ejn/ -
2014-11-01 /ejn/EJN_FichesBelgesResult.aspx measure=801&country=273&other=-1
2014-11-01 /ejn/EJN_FichesBelgesResult.aspx measure=802&country=273&other=-1
2014-11-01 /ejn/EJN_FichesBelgesResult.aspx measure=803&country=273&other=-1
2014-11-01 /ejn/EJN_FichesBelgesResult.aspx measure=805&country=273&other=-1
2014-11-01 /ejn/ -
2014-11-01 /ejn/AtlasChooseCountry.aspx Type=2
2014-11-01 /ejn/AtlasChooseMeasure.aspx MP=1&Cou=FR
2014-11-01 /ejn/AtlasChooseCountry.aspx Type=2
2014-11-01 /ejn/AtlasChooseMeasure.aspx MP=1&Cou=PL
2014-11-01 /ejn/AtlasChooseMeasure.aspx MP=1&Cou=PL
2014-11-01 /ejn/AtlasChooseMeasure.aspx MP=1&Cou=PL
2014-11-01 /ejn/AtlasChooseCountry.aspx Type=2
2014-11-01 /ejn/AtlasChooseMeasure.aspx MP=1&Cou=FR
2014-11-01 /ejn/AtlasChooseMeasure.aspx MP=1&Cou=FR
2014-11-01 /ejn/AtlasChooseCountry.aspx Type=1
2014-11-01 /ejn/AtlasChooseMeasure.aspx MP=1&Cou=FR
2014-11-01 /ejn/AtlasSelection.aspx -
2014-11-01 /ejn/AtlasChooseAuthority.aspx -
2014-11-01 /ejn/EJN_Home.aspx -
2014-11-01 /ejn/EJN_FichesBelgesResult.aspx measure=502&country=273&other=-1
2014-11-01 /ejn/EJN_Home.aspx -
2014-11-01 /ejn/EJN_FichesBelgesResult.aspx measure=502&country=273&other=-1
2014-11-01 /ejn/EJN_FichesBelgesTable.aspx -
2014-11-01 /ejn/AtlasChooseMeasure.aspx MP=1&Cou=FR
2014-11-01 /ejn/Error.aspx -
2014-11-01 /ejn/AtlasChooseCountry.aspx Type=1
2014-11-01 /ejn/AtlasChooseMeasure.aspx MP=1&Cou=DE
2014-11-01 /ejn/AtlasSelection.aspx -
2014-11-01 /ejn/AtlasChooseMeasure.aspx MP=1&Cou=DE
2014-11-01 /ejn/AtlasSelection.aspx -
2014-11-01 /ejn/AtlasChooseAuthority.aspx -
2014-11-01 /ejn/AtlasChooseAuthority.aspx/GetLocations -
2014-11-01 /ejn/AtlasChooseAuthority.aspx -
2014-11-01 /ejn/AtlasAuthorityData.aspx Id=5309
2014-11-01 /ejn/ -
2014-11-01 /ejn/ -
2014-11-01 /ejn/EJN_Home.aspx -
2014-11-01 /ejn/EJN_Home.aspx -
2014-11-01 /ejn/ -
2014-11-01 /ejn/EJN_FichesBelges.aspx -
2014-11-01 /ejn/EJN_FichesBelgesTable.aspx -
2014-11-01 /ejn/EJN_Home.aspx -
2014-11-01 /ejn/EJN_Home.aspx -
2014-11-01 /ejn/ -
2014-11-01 /ejn/ -
2014-11-01 /ejn/ -
2014-11-01 /ejn/AtlasChooseMeasure.aspx Mp=1&Cou=ES&Type=2
2014-11-01 /ejn/EJN_Home.aspx -
2014-11-01 /ejn/EJN_Home.aspx -
2014-11-01 /ejn/ -
2014-11-01 /ejn/EJN_Home.aspx -
2014-11-01 /ejn/EJN_Home.aspx -
2014-11-01 /ejn/EJN_Home.aspx -
2014-11-01 /ejn/EJN_Home.aspx -
2014-11-01 /ejn/ -
2014-11-01 /ejn/EJN_Home.aspx -
2014-11-01 /ejn/EJN_Compendium.aspx -
2014-11-01 /ejn/EJN_Compendium.aspx -
2014-11-01 /ejn/ctrls.compendium/IframeEngine.aspx -
2014-11-01 /ejn/AtlasChooseCountry.aspx Type=2
2014-11-01 /ejn/AtlasChooseMeasure.aspx MP=1&Cou=FR
2014-11-01 /ejn/AtlasChooseMeasure.aspx MP=1&Cou=FR
2014-11-01 /ejn/EJN_FichesBelgesTable.aspx -
2014-11-01 /ejn/EJN_FichesBelgesTable.aspx -
2014-11-01 /ejn/EJN_FichesBelgesGuide.aspx -
2014-11-01 /ejn/AtlasChooseCountry.aspx Type=2
2014-11-01 /ejn/AtlasChooseMeasure.aspx MP=1&Cou=FR
2014-11-01 /ejn/EJN_FichesBelgesTable.aspx -
2014-11-01 /ejn/AtlasChooseCountry.aspx Type=2
2014-11-01 /ejn/AtlasChooseMeasure.aspx MP=1&Cou=FR
2014-11-01 /ejn/Events.aspx event=247
2014-11-01 /ejn/EJN_Home.aspx -
2014-11-01 /ejn/AtlasChooseCountry.aspx Type=2
2014-11-01 /ejn/EJN_Home.aspx -
2014-11-01 /ejn/EJN_Home.aspx -
2014-11-01 /ejn/EJN_Home.aspx -
2014-11-01 /ejn/EJN_Home.aspx -
2014-11-01 /ejn/AtlasChooseMeasure.aspx MP=1&Cou=FR
2014-11-01 /ejn/NewsDetail.aspx id=300&Ori=H
2014-11-01 /ejn/EJN_Home.aspx -
2014-11-01 /ejn/EJN_Home.aspx -
2014-11-01 /ejn/EJN_Library_StatusOfImpByCou.aspx CountryId=273
2014-11-01 /ejn/ -
2014-11-01 /ejn/libshowdocument.aspx Id=16&Lang=FR
2014-11-01 /ejn/AtlasChooseCountry.aspx Type=2
2014-11-01 /ejn/AtlasChooseCountry.aspx Type=2
2014-11-01 /ejn/AtlasChooseMeasure.aspx MP=1&Cou=FR
2014-11-01 /ejn/AtlasChooseMeasure.aspx MP=1&Cou=FR
2014-11-01 /ejn/AtlasChooseCountry.aspx Type=2
2014-11-01 /ejn/AtlasChooseCountry.aspx Type=1
2014-11-01 /ejn/AtlasChooseMeasure.aspx MP=1&Cou=FR
2014-11-01 /ejn/AtlasSelection.aspx -
2014-11-01 /ejn/AtlasChooseAuthority.aspx -
2014-11-01 /ejn/AtlasChooseAuthority.aspx/GetLocations -
2014-11-01 /ejn/AtlasChooseAuthority.aspx -
2014-11-01 /ejn/AtlasAuthorityData.aspx Id=4772
2014-11-01 /ejn/EJN_QuickLinks.aspx id=23
2014-11-01 /ejn/EJN_Home.aspx -
2014-11-01 /ejn/EJN_Home.aspx -
2014-11-01 /ejn/AtlasAuthorityData.aspx Id=4772
2014-11-01 /ejn/EJN_Home.aspx -
2014-11-01 /ejn/AtlasAuthorityData.aspx Id=4772
2014-11-01 /ejn/EJN_Secretariat.aspx -
2014-11-01 /ejn/EJN_Home.aspx -
2014-11-01 /ejn/EJN_Home.aspx -
2014-11-01 /ejn/EJN_Home.aspx -
2014-11-01 /ejn/AtlasAuthorityData.aspx Id=4772
2014-11-01 /ejn/AtlasAuthorityData.aspx Id=4772
2014-11-01 /ejn/AtlasChooseCountry.aspx Type=2
2014-11-01 /ejn/AtlasChooseMeasure.aspx MP=1&Cou=FR
2014-11-01 /ejn/AtlasChooseMeasure.aspx MP=1&Cou=FR
2014-11-01 /ejn/AtlasChooseCountry.aspx Type=2
2014-11-01 /ejn/AtlasChooseMeasure.aspx MP=1&Cou=FR
2014-11-01 /ejn/AtlasChooseMeasure.aspx MP=1&Cou=FR
2014-11-01 /ejn/EJN_FichesBelges.aspx -
2014-11-01 /ejn/EJN_Home.aspx -
2014-11-01 /ejn/EJN_Home.aspx -
2014-11-01 /ejn/EJN_FichesBelgesTable.aspx -
2014-11-01 /ejn/EJN_Library_StatusOfImpByCou.aspx CountryId=273
2014-11-01 /ejn/EJN_Home.aspx -
2014-11-01 /ejn/AtlasChooseCountry.aspx Type=1
2014-11-01 /ejn/AtlasChooseMeasure.aspx MP=1&Cou=FR
2014-11-01 /ejn/AtlasSelection.aspx -
2014-11-01 /ejn/AtlasChooseAuthority.aspx -
2014-11-01 /ejn/AtlasChooseAuthority.aspx/GetLocations -
2014-11-01 /ejn/AtlasChooseAuthority.aspx -
2014-11-01 /ejn/AtlasChooseCountry.aspx Type=1
2014-11-01 /ejn/EJN_Home.aspx -
2014-11-01 /ejn/ -
2014-11-01 /ejn/EJN_StaticPage.aspx Bread=2
2014-11-01 /ejn/EJN_StaticPage.aspx Bread=14
2014-11-01 /ejn/EJN_Home.aspx -
2014-11-01 /ejn/AtlasChooseCountry.aspx Type=1
2014-11-01 /ejn/AtlasChooseMeasure.aspx MP=1&Cou=FR
2014-11-01 /ejn/AtlasSelection.aspx -
2014-11-01 /ejn/AtlasChooseMeasure.aspx MP=1&Cou=FR
2014-11-01 /ejn/AtlasSelection.aspx -
2014-11-01 /ejn/AtlasChooseAuthority.aspx -
2014-11-01 /ejn/AtlasChooseAuthority.aspx/GetLocations -
2014-11-01 /ejn/AtlasChooseAuthority.aspx -
2014-11-01 /ejn/AtlasAuthorityData.aspx Id=4772
2014-11-01 /ejn/AtlasChooseCountry.aspx Type=1
2014-11-01 /ejn/AtlasChooseMeasure.aspx MP=1&Cou=DE
2014-11-01 /ejn/AtlasSelection.aspx -
2014-11-01 /ejn/AtlasChooseAuthority.aspx -
2014-11-01 /ejn/AtlasChooseAuthority.aspx/GetLocations -
2014-11-01 /ejn/AtlasChooseAuthority.aspx/GetLocations -
2014-11-01 /ejn/AtlasChooseAuthority.aspx/GetLocations -
2014-11-01 /ejn/AtlasChooseAuthority.aspx/GetLocations -
2014-11-01 /ejn/AtlasChooseAuthority.aspx -
2014-11-01 /ejn/AtlasAuthorityData.aspx Id=5309
2014-11-01 /ejn/EJN_Home.aspx -
2014-11-01 /ejn/EJN_Home.aspx -
2014-11-01 /ejn/EJN_Home.aspx -
2014-11-01 /ejn/ -
2014-11-01 /ejn/AtlasAuthorityData.aspx Id=5309
2014-11-01 /ejn/AtlasChooseAuthority.aspx -
2014-11-01 /ejn/AtlasChooseAuthority.aspx/GetLocations -
2014-11-01 /ejn/AtlasChooseAuthority.aspx -
2014-11-01 /ejn/AtlasAuthorityData.aspx Id=4983&AuthTypeId=446
2014-11-01 /ejn/EJN_Home.aspx -
2014-11-01 /ejn/EJN_Home.aspx -
2014-11-01 /ejn/EJN_Home.aspx -
2014-11-01 /ejn/EJN_Search.aspx -
2014-11-01 /ejn/EJN_Home.aspx -
2014-11-01 /ejn/EJN_Home.aspx -
2014-11-01 /ejn/AtlasChooseCountry.aspx Type=1
2014-11-01 /ejn/AtlasChooseMeasure.aspx MP=1&Cou=GR
2014-11-01 /ejn/AtlasSelection.aspx -
2014-11-01 /ejn/ -
2014-11-01 /ejn/EJN_AtlasAdvanced.aspx -
2014-11-01 /ejn/EJN_Home.aspx -
2014-11-01 /ejn/EJN_Home.aspx -
2014-11-01 /ejn/EJN_Home.aspx -
2014-11-01 /ejn/EJN_Home.aspx -
2014-11-01 /ejn/EJN_FichesBelges.aspx -
2014-11-01 /ejn/EJN_FichesBelgesTable.aspx -
2014-11-01 /ejn/EJN_Home.aspx -
2014-11-01 /ejn/Events.aspx event=212
2014-11-01 /ejn/EJN_Home.aspx -
2014-11-01 /ejn/ -
2014-11-01 /ejn/EJN_Home.aspx -
2014-11-01 /ejn/EJN_Home.aspx -
2014-11-01 /ejn/AtlasChooseCountry.aspx Type=2
2014-11-01 /ejn/EJN_Home.aspx -
2014-11-01 /ejn/ -
2014-11-01 /ejn/EJN_QuickLinks.aspx id=23
2014-11-01 /ejn/EJN_Home.aspx -
2014-11-01 /ejn/EJN_Home.aspx -
2014-11-01 /ejn/EJN_Home.aspx -
2014-11-01 /ejn/EJN_Home.aspx -
2014-11-01 /ejn/EJN_Home.aspx -
2014-11-01 /ejn/AtlasChooseMeasure.aspx MP=1&Cou=FR
2014-11-01 /ejn/AtlasChooseMeasure.aspx MP=1&Cou=FR
2014-11-01 /ejn/EJN_Home.aspx -
2014-11-01 /ejn/EJN_Home.aspx -
2014-11-01 /ejn/AtlasChooseCountry.aspx Type=1
2014-11-01 /ejn/AtlasChooseCountry.aspx Type=2
2014-11-01 /ejn/ -
2014-11-01 /ejn/ -
2014-11-01 /ejn/AtlasChooseMeasure.aspx MP=1&Cou=FR
2014-11-01 /ejn/ -
2014-11-01 /ejn/ -
2014-11-01 /ejn/EJN_FichesBelgesResult.aspx measure=502&country=273&other=-1
2014-11-01 /ejn/AtlasChooseMeasure.aspx MP=1&Cou=FR
2014-11-01 /ejn/AtlasChooseCountry.aspx Type=2
2014-11-01 /ejn/AtlasChooseMeasure.aspx MP=1&Cou=FR
2014-11-01 /ejn/AtlasChooseCountry.aspx Type=2
2014-11-01 /ejn/EJN_Home.aspx -
2014-11-01 /ejn/EJN_Home.aspx -
2014-11-01 /ejn/Events.aspx event=247
2014-11-01 /ejn/EJN_Home.aspx -
2014-11-01 /ejn/EJN_Home.aspx -
2014-11-01 /ejn/EJN_Home.aspx -
2014-11-01 /ejn/EJN_Home.aspx -
2014-11-01 /ejn/EJN_Home.aspx -
2014-11-01 /ejn/EJN_Home.aspx -
2014-11-01 /ejn/EJN_Home.aspx -
2014-11-01 /ejn/EJN_Home.aspx -
2014-11-01 /ejn/EJN_Home.aspx -
2014-11-01 /ejn/EJN_Home.aspx -
2014-11-01 /ejn/EJN_Home.aspx -
2014-11-01 /ejn/AtlasChooseCountry.aspx -
2014-11-01 /ejn/EJN_Home.aspx -
2014-11-01 /ejn/EJN_Home.aspx -
2014-11-01 /ejn/ -
2014-11-01 /ejn/AtlasChooseMeasure.aspx Mp=1&Cou=DE&Type=2
2014-11-01 /ejn/EJN_Home.aspx -
2014-11-01 /ejn/EJN_AtlasAdvancedOld.aspx ctyCode=SK
2014-11-01 /ejn/EJN_AtlasAdvancedOld.aspx ctyCode=SK
2014-11-01 /ejn/ -
2014-11-01 /ejn/EJN_AtlasAdvanced.aspx -
2014-11-01 /ejn/EJN_Home.aspx -
2014-11-01 /ejn/EJN_Home.aspx -
2014-11-01 /ejn/libcategories.aspx Id=1
2014-11-01 /ejn/EJN_Home.aspx -
2014-11-01 /ejn/ -
2014-11-01 /ejn/EJN_Home.aspx -
2014-11-01 /documents.aspx -
2014-11-01 /ejn/EJN_Home.aspx -
2014-11-01 /ejn/ -
2014-11-01 /ejn/EJN_AtlasAdvanced.aspx -
2014-11-01 /ejn/EJN_Home.aspx -
2014-11-01 /ejn/EJN_Home.aspx -
2014-11-01 /ejn/EJN_Home.aspx -
2014-11-01 /ejn/ -
2014-11-01 /ejn/EJN_Home.aspx -
2014-11-01 /ejn/ -
2014-11-01 /ejn/EJN_AtlasAdvanced.aspx -
2014-11-01 /ejn/EJN_Home.aspx -
2014-11-01 /ejn/EJN_Home.aspx -
2014-11-01 /ejn/EJN_Home.aspx -
2014-11-01 /ejn/EJN_Home.aspx -
2014-11-01 /ejn/EJN_Home.aspx -
2014-11-01 /ejn/EJN_Home.aspx -
2014-11-01 /ejn/EJN_Home.aspx -
2014-11-01 /ejn/ -
2014-11-01 /ejn/ -
2014-11-01 /ejn/EJN_Home.aspx -
2014-11-01 /ejn/EJN_Compendium.aspx -
2014-11-01 /ejn/EJN_Home.aspx -
2014-11-01 /ejn/EJN_InfoAbout.aspx Id=395
2014-11-01 /ejn/EJN_Home.aspx -
2014-11-01 /ejn/EJN_Home.aspx -
2014-11-01 /ejn/EJN_Home.aspx -
2014-11-01 /ejn/EJN_StaticPage.aspx Bread=1
2014-11-01 /ejn/EJN_Home.aspx -
2014-11-01 /ejn/EJN_FichesBelges.aspx -
2014-11-01 /ejn/EJN_Home.aspx -
2014-11-01 /ejn/EJN_Home.aspx -
2014-11-01 /ejn/EJN_Home.aspx -
2014-11-01 /ejn/EJN_Home.aspx -
2014-11-01 /ejn/ -
2014-11-01 /ejn/EJN_Home.aspx -
2014-11-01 /ejn/EJN_Home.aspx -
2014-11-01 /ejn/EJN_Home.aspx -
2014-11-01 /ejn/EJN_Home.aspx -
2014-11-01 /ejn/ -
2014-11-01 /ejn/EJN_AtlasAdvanced.aspx -
2014-11-01 /ejn/EJN_Home.aspx -
2014-11-01 /ejn/EJN_AtlasAdvancedOld.aspx ctyCode=PT
2014-11-01 /ejn/EJN_Home.aspx -
2014-11-01 /ejn/EJN_Home.aspx -
2014-11-01 /ejn/EJN_Home.aspx -
2014-11-01 /ejn/ -
2014-11-01 /ejn/EJN_Home.aspx -
2014-11-01 /ejn/ -
2014-11-01 /ejn/EJN_Home.aspx -
2014-11-01 /ejn/EJN_Home.aspx -
2014-11-01 /ejn/EJN_Home.aspx -
2014-11-01 /ejn/EJN_AtlasAdvanced.aspx -
2014-11-01 /ejn/EJN_Home.aspx -
2014-11-01 /ejn/EJN_Home.aspx -
2014-11-01 /ejn/EJN_Home.aspx -
2014-11-01 /ejn/EJN_Home.aspx -
2014-11-01 /ejn/ -
2014-11-01 /ejn/ -
2014-11-01 /ejn/EJN_Home.aspx -
2014-11-01 /ejn/EJN_Home.aspx -
2014-11-01 /ejn/EJN_Home.aspx -
2014-11-01 /ejn/EJN_Home.aspx -
2014-11-01 /ejn/EJN_Home.aspx -
2014-11-01 /ejn/EJN_Home.aspx -
2014-11-01 /ejn/EJN_Home.aspx -
2014-11-01 /ejn/EJN_Home.aspx -
2014-11-01 /ejn/ -
2014-11-01 /ejn/EJN_Home.aspx -
2014-11-01 /ejn/EJN_Home.aspx -
2014-11-01 /ejn/EJN_Home.aspx -
2014-11-01 /ejn/EJN_Home.aspx -
2014-11-01 /ejn/ -
2014-11-01 /ejn/EJN_AtlasAdvanced.aspx -
2014-11-01 /ejn/EJN_Home.aspx -
2014-11-01 /ejn/ -
2014-11-01 /ejn/EJN_InfoAbout.aspx Id=373
2014-11-01 /ejn/EJN_Home.aspx -
2014-11-01 /ejn/EJN_Home.aspx -
2014-11-01 /ejn/EJN_Home.aspx -
2014-11-01 /ejn/ -
2014-11-01 /ejn/ -
2014-11-01 /ejn/EJN_Home.aspx -
2014-11-01 /ejn/ -
2014-11-01 /ejn/ -
2014-11-01 /ejn/ -
2014-11-01 /ejn/ -
2014-11-01 /ejn/ -
2014-11-01 /ejn/ -
2014-11-01 /ejn/EJN_StaticPage.aspx Bread=2
2014-11-01 /ejn/EJN_Home.aspx -
2014-11-01 /ejn/EJN_Home.aspx -
2014-11-01 /ejn/EJN_AtlasAdvanced.aspx -
2014-11-01 /ejn/EJN_Home.aspx -
2014-11-01 /ejn/EJN_Home.aspx -
2014-11-01 /ejn/EJN_Home.aspx -
2014-11-01 /ejn/EJN_Home.aspx -
2014-11-01 /ejn/EJN_Home.aspx -
2014-11-01 /ejn/EJN_Home.aspx -
2014-11-01 /ejn/ -
2014-11-01 /ejn/EJN_Home.aspx -
2014-11-01 /ejn/EJN_ContactUs.aspx &KeepThis=true&TB_iframe=true&height=650&width=900
2014-11-01 /ejn/EJN_Home.aspx -
2014-11-01 /ejn/EJN_Home.aspx -
2014-11-01 /ejn/EJN_Home.aspx -
2014-11-01 /ejn/EJN_Home.aspx -
2014-11-01 /ejn/EJN_Home.aspx -
2014-11-01 /ejn/EJN_Home.aspx -
2014-11-01 /ejn/EJN_Login.aspx -
2014-11-01 /ejn/EJN_Home.aspx -
2014-11-01 /ejn/EJN_Home.aspx -
2014-11-01 /ejn/EJN_FichesBelgesResult.aspx measure=406&country=337&other=-1
2014-11-01 /ejn/EJN_Home.aspx -
2014-11-01 /ejn/EJN_Home.aspx -
2014-11-01 /ejn/ -
2014-11-01 /ejn/EJN_Home.aspx -
2014-11-01 /enj/enj_compendium.aspx -
2014-11-01 /ejn/EJN_Home.aspx -
2014-11-01 /ejn/ejn_compendium.aspx -
2014-11-01 /ejn/EJN_Home.aspx -
2014-11-01 /ejn/EJN_Home.aspx -
2014-11-01 /ejn/EJN_Home.aspx -
2014-11-01 /ejn/EJN_StaticPage.aspx Bread=24
2014-11-01 /ejn/libcategories.aspx Id=32
2014-11-01 /ejn/EJN_Home.aspx -
2014-11-01 /ejn/EJN_StaticPage.aspx Bread=23
2014-11-01 /ejn/ -
2014-11-01 /ejn/EJN_StaticPage.aspx Bread=12
2014-11-01 /ejn/EJN_AtlasAdvanced.aspx -
2014-11-01 /ejn/EJN_Home.aspx -
2014-11-01 /ejn/EJN_EAWWizard.aspx -
2014-11-01 /ejn/ctrls.eawwizard/IframeEngine.aspx -
2014-11-01 /ejn/EJN_Home.aspx -
2014-11-01 /ejn/EJN_Home.aspx -
2014-11-01 /ejn/EJN_Home.aspx -
2014-11-01 /ejn/EJN_Home.aspx -
2014-11-01 /ejn/ -
2014-11-01 /ejn/EJN_Home.aspx -
2014-11-01 /ejn/ -
2014-11-01 /ejn/EJN_Home.aspx -
2014-11-01 /ejn/EJN_Home.aspx -
2014-11-01 /ejn/EJN_Home.aspx -
2014-11-01 /ejn/EJN_AtlasAdvanced.aspx -
2014-11-01 /ejn/EJN_Home.aspx -
2014-11-01 /ejn/EJN_Home.aspx -
2014-11-01 /ejn/ -
2014-11-01 /ejn/EJN_Home.aspx -
2014-11-01 /ejn/EJN_Home.aspx -
2014-11-01 /ejn/EJN_Home.aspx -
2014-11-01 /ejn/ -
2014-11-01 /ejn/EJN_Home.aspx -
2014-11-01 /ejn/EJN_Home.aspx -
2014-11-01 /ejn/EJN_Home.aspx -
2014-11-01 /ejn/EJN_Home.aspx -
2014-11-01 /ejn/EJN_Home.aspx -
2014-11-01 /ejn/EJN_Home.aspx -
2014-11-01 /ejn/EJN_Home.aspx -
2014-11-01 /ejn/EJN_Home.aspx -
2014-11-01 /ejn/EJN_Home.aspx -
2014-11-01 /ejn/EJN_Home.aspx -
2014-11-01 /ejn/ -
2014-11-01 /ejn/libshowdocument.aspx Id=221&Lang=FI
2014-11-01 /ejn/EJN_Home.aspx -
