2014-10-18 /ejn/libdocumentproperties.aspx Id=1366
2014-10-18 /ejn/libdocumentproperties.aspx Id=1367
2014-10-18 /ejn/newsdetail.aspx Id=248
2014-10-18 /ejn/newsdetail.aspx Id=249
2014-10-18 /ejn/ -
2014-10-18 /ejn/EJN_AtlasAdvanced.aspx -
2014-10-18 /ejn/EJN_Home.aspx -
2014-10-18 /ejn/ -
2014-10-18 /ejn/EJN_News.aspx id=33
2014-10-18 /ejn/EJN_StaticPage.aspx Bread=7
2014-10-18 /ejn/EJN_News.aspx id=33
2014-10-18 /ejn/EJN_Home.aspx -
2014-10-18 /ejn/libshowdocument.aspx Id=197&Lang=CS
2014-10-18 /ejn/libshowdocument.aspx Id=197&Lang=CS
2014-10-18 /ejn/EJN_Home.aspx -
2014-10-18 /ejn/ -
2014-10-18 /ejn/EJN_Home.aspx -
2014-10-18 /ejn/ejn_home.aspx -
2014-10-18 /ejn/EJN_QuickLinks.aspx -
2014-10-18 /ejn/EJN_Home.aspx -
2014-10-18 /ejn/EJN_QuickLinks.aspx id=27
2014-10-18 /ejn/Events.aspx event=256
2014-10-18 /ejn/Events.aspx event=252
2014-10-18 /ejn/ -
2014-10-18 /ejn/Events.aspx event=267
2014-10-18 /ejn/ -
2014-10-18 /ejn/EJN_AtlasAdvanced.aspx -
2014-10-18 /ejn/newsdetail.aspx Id=251
2014-10-18 /ejn/newsdetail.aspx Id=257
2014-10-18 /ejn/libdocumentproperties.aspx Id=1386
2014-10-18 /ejn/libdocumentproperties.aspx Id=1380
2014-10-18 /ejn/EJN_Home.aspx -
2014-10-18 /ejn/NewsDetail.aspx Ori=H&id=229
2014-10-18 /ejn/EJN_Home.aspx -
2014-10-18 /ejn/libshowdocument.aspx Id=421&Lang=HR
2014-10-18 /ejn/libdocumentproperties.aspx Id=1387
2014-10-18 /ejn/libdocumentproperties.aspx Id=1398
2014-10-18 /ejn/libdocumentproperties.aspx Id=1394
2014-10-18 /ejn/libdocumentproperties.aspx Id=1388
2014-10-18 /ejn/libdocumentproperties.aspx Id=1392
2014-10-18 /ejn/libdocumentproperties.aspx Id=1390
2014-10-18 /ejn/libdocumentproperties.aspx Id=1391
2014-10-18 /ejn/libdocumentproperties.aspx Id=1384
2014-10-18 /ejn/newsdetail.aspx Id=269
2014-10-18 /ejn/newsdetail.aspx Id=266
2014-10-18 /ejn/newsdetail.aspx Id=262
2014-10-18 /ejn/libdocumentproperties.aspx Id=1404
2014-10-18 /ejn/newsdetail.aspx Id=270
2014-10-18 /ejn/newsdetail.aspx Id=272
2014-10-18 /ejn/EJN_FichesBelges.aspx -
2014-10-18 /ejn/EJN_Home.aspx -
2014-10-18 /ejn/EJN_Home.aspx -
2014-10-18 /ejn/EJN_Home.aspx -
2014-10-18 /ejn/libdocumentproperties.aspx Id=1171
2014-10-18 /ejn/libdocumentproperties.aspx Id=1407
2014-10-18 /ejn/libdocumentproperties.aspx Id=1405
2014-10-18 /ejn/libshowdocument.aspx Id=244&Lang=BG
2014-10-18 /ejn/libshowdocument.aspx Id=244&Lang=RO
2014-10-18 /ejn/EJN_Events.aspx date=09/06/2011
2014-10-18 /ejn/EJN_Events.aspx date=09/06/2011
2014-10-18 /ejn/newsdetail.aspx Id=274
2014-10-18 /ejn/newsdetail.aspx Id=275
2014-10-18 /ejn/libdocumentproperties.aspx Id=1417
2014-10-18 /ejn/libdocumentproperties.aspx Id=1408
2014-10-18 /ejn/libdocumentproperties.aspx Id=1410
2014-10-18 /ejn/libdocumentproperties.aspx Id=1412
2014-10-18 /ejn/libdocumentproperties.aspx Id=1413
2014-10-18 /ejn/libdocumentproperties.aspx Id=1418
2014-10-18 /ejn/libdocumentproperties.aspx Id=1411
2014-10-18 /ejn/newsdetail.aspx Id=286
2014-10-18 /ejn/newsdetail.aspx Id=284
2014-10-18 /ejn/newsdetail.aspx Id=276
2014-10-18 /ejn/newsdetail.aspx Id=283
2014-10-18 /ejn/newsdetail.aspx Id=285
2014-10-18 /ejn/libcategories.aspx Id=12
2014-10-18 /ejn/libcategories.aspx Id=21
2014-10-18 /ejn/libcategories.aspx Id=11
2014-10-18 /ejn/libcategories.aspx Id=2
2014-10-18 /ejn/EJN_Home.aspx -
2014-10-18 /ejn/libcategories.aspx Id=20
2014-10-18 /ejn/libcategories.aspx Id=10
2014-10-18 /ejn/libcategories.aspx Id=13
2014-10-18 /ejn/libcategories.aspx Id=51
2014-10-18 /ejn/libcategories.aspx Id=9
2014-10-18 /ejn/ -
2014-10-18 /ejn/libdocumentproperties.aspx Id=1250
2014-10-18 /ejn/libshowdocument.aspx Id=1250&Lang=EN
2014-10-18 /ejn/libshowdocument.aspx Id=1250&Lang=FR
2014-10-18 /ejn/EJN_AtlasAdvanced.aspx -
2014-10-18 /ejn/libshowdocument.aspx Id=1276&Lang=CS
2014-10-18 /ejn/libdocumentproperties.aspx Id=1276
2014-10-18 /ejn/libshowdocument.aspx Id=1276&Lang=BG
2014-10-18 /ejn/libshowdocument.aspx Id=1276&Lang=EN
2014-10-18 /ejn/libshowdocument.aspx Id=1276&Lang=EL
2014-10-18 /ejn/libshowdocument.aspx Id=1276&Lang=ET
2014-10-18 /ejn/libshowdocument.aspx Id=1276&Lang=ES
2014-10-18 /ejn/libshowdocument.aspx Id=1276&Lang=FI
2014-10-18 /ejn/libshowdocument.aspx Id=1276&Lang=DK
2014-10-18 /ejn/libshowdocument.aspx Id=1276&Lang=HU
2014-10-18 /ejn/libshowdocument.aspx Id=1276&Lang=LT
2014-10-18 /ejn/libshowdocument.aspx Id=1276&Lang=IT
2014-10-18 /ejn/libshowdocument.aspx Id=1276&Lang=LV
2014-10-18 /ejn/libshowdocument.aspx Id=1276&Lang=MT
2014-10-18 /ejn/libshowdocument.aspx Id=1276&Lang=FR
2014-10-18 /ejn/libshowdocument.aspx Id=1276&Lang=DE
2014-10-18 /ejn/libshowdocument.aspx Id=1276&Lang=NL
2014-10-18 /ejn/libshowdocument.aspx Id=1276&Lang=PL
2014-10-18 /ejn/libshowdocument.aspx Id=1276&Lang=PT
2014-10-18 /ejn/libshowdocument.aspx Id=1276&Lang=RO
2014-10-18 /ejn/libshowdocument.aspx Id=1276&Lang=SL
2014-10-18 /ejn/libshowdocument.aspx Id=1276&Lang=SV
2014-10-18 /ejn/libshowdocument.aspx Id=1276&Lang=SK
2014-10-18 /ejn/libshowdocument.aspx Id=3&Lang=DE
2014-10-18 /ejn/ -
2014-10-18 /ejn/EJN_AtlasAdvanced.aspx -
2014-10-18 /ejn/EJN_Home.aspx -
2014-10-18 /ejn/EJN_StaticPage.aspx Bread=9
2014-10-18 /ejn/libshowdocument.aspx Id=1276&Lang=HR
2014-10-18 /ejn/EJN_StaticPage.aspx Bread=12
2014-10-18 /ejn/EJN_Home.aspx -
2014-10-18 /ejn/ -
2014-10-18 /ejn/EJN_StaticPage.aspx Bread=25
2014-10-18 /ejn/EJN_Home.aspx -
2014-10-18 /ejn/EJN_Home.aspx -
2014-10-18 /ejn/EJN_QuickLinks.aspx id=28
2014-10-18 /ejn/EJN_Home.aspx -
2014-10-18 /ejn/EJN_Home.aspx -
2014-10-18 /ejn/ -
2014-10-18 /ejn/EJN_AtlasAdvanced.aspx -
2014-10-18 /ejn/EJN_Home.aspx -
2014-10-18 /ejn/ -
2014-10-18 /ejn/EJN_Home.aspx -
2014-10-18 /ejn/EJN_Home.aspx -
2014-10-18 /ejn/libshowdocument.aspx Id=221&Lang=LT
2014-10-18 /ejn/libcategories.aspx Id=3
2014-10-18 /ejn/EJN_Home.aspx -
2014-10-18 /ejn/EJN_Home.aspx -
2014-10-18 /ejn/ -
2014-10-18 /ejn/EJN_Home.aspx -
2014-10-18 /ejn/ -
2014-10-18 /atlas_advanced.aspx -
2014-10-18 /atlas_advanced.aspx -
2014-10-18 /ejn/libdocumentproperties.aspx Id=147
2014-10-18 /ejn/EJN_Home.aspx -
2014-10-18 /ejn/ -
2014-10-18 /atlas_advanced.aspx -
2014-10-18 /atlas_advanced.aspx -
2014-10-18 /ejn/ -
2014-10-18 /ejn/AtlasChooseCountry.aspx -
2014-10-18 /ejn/EJN_Home.aspx -
2014-10-18 /ejn/ -
2014-10-18 /ejn/ -
2014-10-18 /ejn/EJN_AtlasAdvanced.aspx -
2014-10-18 /ejn/EJN_Home.aspx -
2014-10-18 /ejn/Events.aspx event=250
2014-10-18 /ejn/EJN_Home.aspx -
2014-10-18 /ejn/Events.aspx event=241
2014-10-18 /ejn/EJN_Home.aspx -
2014-10-18 /ejn/libcategories.aspx Id=25
2014-10-18 /ejn/EJN_Home.aspx -
2014-10-18 /ejn/EJN_Home.aspx -
2014-10-18 /ejn/EJN_Home.aspx -
2014-10-18 /ejn/EJN_ContactPoints.aspx -
2014-10-18 /ejn/EJN_ContactPoints.aspx -
2014-10-18 /ejn/libshowdocument.aspx Id=221&Lang=CS
2014-10-18 /ejn/ -
2014-10-18 /ejn/AtlasChooseMeasure.aspx Mp=1&Cou=ES&Type=2
2014-10-18 /ejn/ -
2014-10-18 /ejn/EJN_AtlasAdvanced.aspx -
2014-10-18 /ejn/AtlasChooseMeasure.aspx Mp=1&Cou=ES&Type=2
2014-10-18 /ejn/AtlasChooseMeasure.aspx Mp=1&Cou=ES&Type=2
2014-10-18 /ejn/AtlasChooseMeasure.aspx Mp=1&Cou=ES&Type=2
2014-10-18 /ejn/EJN_Home.aspx -
2014-10-18 /ejn/ -
2014-10-18 /ejn/ -
2014-10-18 /ejn/ ++Culture:ESSessionId:yuutrl5kgmmw3bapb5z20dv2Date_Time:7:13
2014-10-18 /ejn/EJN_EAWWizard.aspx -
2014-10-18 /ejn/ctrls.eawwizard/IframeEngine.aspx -
2014-10-18 /ejn/EJN_EAWWizard.aspx -
2014-10-18 /ejn/ctrls.eawwizard/IframeEngine.aspx -
2014-10-18 /ejn/ -
2014-10-18 /ejn/EJN_EAWWizard.aspx -
2014-10-18 /ejn/ -
2014-10-18 /ejn/EJN_StaticPage.aspx Bread=12
2014-10-18 /ejn/AtlasChooseCountry.aspx Type=1
2014-10-18 /ejn/AtlasChooseCountry.aspx Type=1
2014-10-18 /ejn/AtlasChooseMeasure.aspx MP=0&Cou=373
2014-10-18 /ejn/AtlasSelection.aspx -
2014-10-18 /ejn/AtlasAuthorityData.aspx Id=4146
2014-10-18 /ejn/EJN_QuickLinks.aspx id=24
2014-10-18 /ejn/EJN_EAWWizard.aspx -
2014-10-18 /ejn/ctrls.eawwizard/IframeEngine.aspx -
2014-10-18 /ejn/ -
2014-10-18 /ejn/EJN_Home.aspx -
2014-10-18 /ejn/EJN_Home.aspx -
2014-10-18 /ejn/ -
2014-10-18 /ejn/ -
2014-10-18 /ejn/EJN_ContactUs.aspx &KeepThis=true&TB_iframe=true&height=650&width=900
2014-10-18 /ejn/ejn_home.aspx -
2014-10-18 /ejn/ -
2014-10-18 /ejn/sitemap.aspx -
2014-10-18 /ejn/EJN_StaticPage.aspx Bread=8
2014-10-18 /ejn/EJN_Home.aspx -
2014-10-18 /ejn/EJN_StaticPage.aspx Bread=7
2014-10-18 /ejn/EJN_Faqs.aspx -
2014-10-18 /ejn/EJN_StaticPage.aspx Bread=4
2014-10-18 /ejn/EJN_Search.aspx -
2014-10-18 /ejn/libcategories.aspx Id=34
2014-10-18 /ejn/libcategories.aspx Id=32
2014-10-18 /ejn/EJN_StaticPage.aspx Bread=39
2014-10-18 /ejn/EJN_StaticPage.aspx Bread=9
2014-10-18 /ejn/libcategories.aspx Id=24
2014-10-18 /ejn/AtlasChooseMeasure.aspx MP=1&Cou=UK&Type=2
2014-10-18 /ejn/libcategories.aspx Id=25
2014-10-18 /ejn/EJN_StaticPage.aspx Bread=2
2014-10-18 /ejn/libcategories.aspx Id=14
2014-10-18 /ejn/EJN_StaticPage.aspx Bread=14
2014-10-18 /ejn/EJN_StaticPage.aspx Bread=16
2014-10-18 /ejn/EJN_StaticPage.aspx Bread=17
2014-10-18 /ejn/EJN_StaticPage.aspx Bread=28
2014-10-18 /ejn/EJN_StaticPage.aspx Bread=13
2014-10-18 /ejn/EJN_StaticPage.aspx Bread=27
2014-10-18 /ejn/EJN_Secretariat.aspx -
2014-10-18 /ejn/Gallery.aspx -
2014-10-18 /ejn/EJN_StaticPage.aspx Bread=21
2014-10-18 /ejn/EJN_StaticPage.aspx Bread=10
2014-10-18 /ejn/EJN_StaticPage.aspx Bread=32
2014-10-18 /ejn/EJN_StaticPage.aspx Bread=35
2014-10-18 /ejn/EJN_StaticPage.aspx Bread=34
2014-10-18 /ejn/EJN_StaticPage.aspx Bread=30
2014-10-18 /ejn/EJN_StaticPage.aspx Bread=18
2014-10-18 /ejn/EJN_StaticPage.aspx Bread=25
2014-10-18 /ejn/EJN_StaticPage.aspx Bread=33
2014-10-18 /ejn/EJN_StaticPage.aspx Bread=20
2014-10-18 /ejn/EJN_StaticPage.aspx Bread=24
2014-10-18 /ejn/EJN_StaticPage.aspx Bread=31
2014-10-18 /ejn/NewsDetail.aspx id=283&Ori=H
2014-10-18 /ejn/NewsDetail.aspx id=285&Ori=H
2014-10-18 /ejn/EJN_StaticPage.aspx Bread=36
2014-10-18 /ejn/EJN_StaticPage.aspx Bread=22
2014-10-18 /ejn/EJN_StaticPage.aspx Bread=19
2014-10-18 /ejn/EJN_StaticPage.aspx Bread=26
2014-10-18 /ejn/EJN_StaticPage.aspx Bread=38
2014-10-18 /ejn/EJN_StaticPage.aspx Bread=37
2014-10-18 /ejn/EJN_StaticPage.aspx Bread=23
2014-10-18 /ejn/NewsDetail.aspx id=284&Ori=H
2014-10-18 /ejn/NewsDetail.aspx id=272&Ori=H
2014-10-18 /ejn/NewsDetail.aspx id=270&Ori=H
2014-10-18 /ejn/NewsDetail.aspx id=257&Ori=H
2014-10-18 /ejn/Events.aspx event=273
2014-10-18 /ejn/NewsDetail.aspx id=276&Ori=H
2014-10-18 /ejn/Events.aspx id=6
2014-10-18 /ejn/NewsDetail.aspx id=269&Ori=H
2014-10-18 /ejn/NewsDetail.aspx id=262&Ori=H
2014-10-18 /ejn/NewsDetail.aspx id=251&Ori=H
2014-10-18 /ejn/Events.aspx id=7
2014-10-18 /ejn/NewsAll.aspx Id=4
2014-10-18 /ejn/Events.aspx Id=7
2014-10-18 /ejn/Events.aspx event=231
2014-10-18 /ejn/NewsAll.aspx -
2014-10-18 /ejn/Events.aspx event=267
2014-10-18 /ejn/NewsAll.aspx Id=5
2014-10-18 /ejn/NewsAll.aspx Id=1
2014-10-18 /ejn/NewsAll.aspx Id=3
2014-10-18 /ejn/Events.aspx Id=6
2014-10-18 /ejn/NewsAll.aspx Id=2
2014-10-18 /ejn/ -
2014-10-18 /ejn/ -
2014-10-18 /ejn/EJN_SubscribeNewsLetter.aspx -
2014-10-18 /ejn/EJN_InfoAbout.aspx Id=230
2014-10-18 /ejn/Events.aspx -
2014-10-18 /ejn/EJN_InfoAbout.aspx Id=258
2014-10-18 /ejn/EJN_InfoAbout.aspx Id=239
2014-10-18 /ejn/EJN_InfoAbout.aspx Id=223
2014-10-18 /ejn/EJN_InfoAbout.aspx Id=432
2014-10-18 /ejn/ -
2014-10-18 /ejn/EJN_Home.aspx -
2014-10-18 /ejn/EJN_InfoAbout.aspx Id=287
2014-10-18 /ejn/EJN_InfoAbout.aspx Id=273
2014-10-18 /ejn/EJN_InfoAbout.aspx Id=260
2014-10-18 /ejn/EJN_InfoAbout.aspx Id=279
2014-10-18 /ejn/EJN_InfoAbout.aspx Id=295
2014-10-18 /ejn/EJN_InfoAbout.aspx Id=293
2014-10-18 /ejn/EJN_InfoAbout.aspx Id=272
2014-10-18 /ejn/EJN_InfoAbout.aspx Id=277
2014-10-18 /ejn/EJN_InfoAbout.aspx Id=259
2014-10-18 /ejn/EJN_InfoAbout.aspx Id=269
2014-10-18 /ejn/ -
2014-10-18 /ejn/EJN_InfoAbout.aspx Id=369
2014-10-18 /ejn/EJN_InfoAbout.aspx Id=354
2014-10-18 /ejn/EJN_InfoAbout.aspx Id=307
2014-10-18 /ejn/EJN_InfoAbout.aspx Id=321
2014-10-18 /ejn/EJN_InfoAbout.aspx Id=337
2014-10-18 /ejn/EJN_InfoAbout.aspx Id=351
2014-10-18 /ejn/EJN_InfoAbout.aspx Id=314
2014-10-18 /ejn/EJN_InfoAbout.aspx Id=313
2014-10-18 /ejn/EJN_InfoAbout.aspx Id=352
2014-10-18 /ejn/EJN_InfoAbout.aspx Id=368
2014-10-18 /ejn/EJN_InfoAbout.aspx Id=434
2014-10-18 /ejn/EJN_InfoAbout.aspx Id=378
2014-10-18 /ejn/EJN_InfoAbout.aspx Id=215
2014-10-18 /ejn/EJN_InfoAbout.aspx Id=373
2014-10-18 /ejn/EJN_InfoAbout.aspx Id=389
2014-10-18 /ejn/EJN_InfoAbout.aspx Id=435
2014-10-18 /ejn/EJN_InfoAbout.aspx Id=288
2014-10-18 /ejn/EJN_InfoAbout.aspx Id=364
2014-10-18 /ejn/EJN_InfoAbout.aspx Id=433
2014-10-18 /ejn/EJN_InfoAbout.aspx Id=395
2014-10-18 /ejn/EJN_Login.aspx -
2014-10-18 /ejn/AtlasChooseCountry.aspx Type=1
2014-10-18 /ejn/EJN_InfoAbout.aspx Id=430
2014-10-18 /ejn/EJN_StaticPage.aspx Bread=3
2014-10-18 /ejn/EJN_FichesBelges.aspx -
2014-10-18 /ejn/AtlasChooseCountry.aspx Type=2
2014-10-18 /ejn/EJN_StaticPage.aspx Bread=1
2014-10-18 /ejn/EJN_InfoAbout.aspx Id=342
2014-10-18 /ejn/EJN_Compendium.aspx -
2014-10-18 /ejn/EJN_EAWWizard.aspx -
2014-10-18 /ejn/libcategories.aspx -
2014-10-18 /ejn/EJN_QuickLinks.aspx id=26
2014-10-18 /ejn/EJN_StaticPage.aspx Bread=12
2014-10-18 /ejn/EJN_QuickLinks.aspx id=27
2014-10-18 /ejn/EJN_QuickLinks.aspx -
2014-10-18 /ejn/EJN_QuickLinks.aspx id=24
2014-10-18 /ejn/EJN_QuickLinks.aspx id=25
2014-10-18 /ejn/EJN_StaticPage.aspx Bread=11
2014-10-18 /ejn/EJN_QuickLinks.aspx id=23
2014-10-18 /ejn/EJN_QuickLinks.aspx id=28
2014-10-18 /ejn/EJN_EAWAtlas.aspx -
2014-10-18 /ejn/EJN_AtlasAdvanced.aspx -
2014-10-18 /ejn/libcategories.aspx Id=2
2014-10-18 /ejn/EJN_Error.aspx -
2014-10-18 /ejn/EJN_Faqs.aspx cat=2
2014-10-18 /ejn/ejn_staticpage.aspx Bread=7
2014-10-18 /ejn/EJN_StaticPage.aspx Bread=5
2014-10-18 /ejn/ejn_staticpage.aspx Bread=8
2014-10-18 /ejn/ejn_faqs.aspx -
2014-10-18 /ejn/EJN_Faqs.aspx cat=1
2014-10-18 /ejn/libdocumentproperties.aspx Id=126
2014-10-18 /ejn/ejn_search.aspx -
2014-10-18 /ejn/libadvancedsearch.aspx -
2014-10-18 /ejn/ejn_staticpage.aspx Bread=4
2014-10-18 /ejn/libshowdocument.aspx Id=126&Lang=BG
2014-10-18 /ejn/libcategories.aspx id=1
2014-10-18 /ejn/libshowdocument.aspx Id=126&Lang=DE
2014-10-18 /ejn/libshowdocument.aspx Id=126&Lang=CS
2014-10-18 /ejn/ -
2014-10-18 /ejn/EJN_AtlasAdvanced.aspx -
2014-10-18 /ejn/ -
2014-10-18 /ejn/libshowdocument.aspx Id=126&Lang=ET
2014-10-18 /ejn/libshowdocument.aspx Id=126&Lang=EN
2014-10-18 /ejn/libshowdocument.aspx Id=126&Lang=ES
2014-10-18 /ejn/libshowdocument.aspx Id=126&Lang=FR
2014-10-18 /ejn/libshowdocument.aspx Id=126&Lang=HU
2014-10-18 /ejn/libshowdocument.aspx Id=126&Lang=EL
2014-10-18 /ejn/libshowdocument.aspx Id=126&Lang=IT
2014-10-18 /ejn/libshowdocument.aspx Id=126&Lang=FI
2014-10-18 /ejn/libshowdocument.aspx Id=126&Lang=DK
2014-10-18 /ejn/libshowdocument.aspx Id=126&Lang=HR
2014-10-18 /ejn/libshowdocument.aspx Id=126&Lang=LV
2014-10-18 /ejn/libshowdocument.aspx Id=126&Lang=PL
2014-10-18 /ejn/libshowdocument.aspx Id=126&Lang=PT
2014-10-18 /ejn/libshowdocument.aspx Id=126&Lang=SK
2014-10-18 /ejn/libshowdocument.aspx Id=126&Lang=SV
2014-10-18 /ejn/libshowdocument.aspx Id=126&Lang=RO
2014-10-18 /ejn/libshowdocument.aspx Id=126&Lang=MT
2014-10-18 /ejn/libshowdocument.aspx Id=126&Lang=SL
2014-10-18 /ejn/libshowdocument.aspx Id=126&Lang=LT
2014-10-18 /ejn/libshowdocument.aspx Id=126&Lang=NL
2014-10-18 /ejn/EJN_Home.aspx -
2014-10-18 /ejn/ -
2014-10-18 /ejn/ -
2014-10-18 /ejn/ -
2014-10-18 /ejn/ -
2014-10-18 /ejn/ -
2014-10-18 /ejn/EJN_InfoAbout.aspx Id=378
2014-10-18 /ejn/libshowdocument.aspx Id=3&Lang=DK
2014-10-18 /ejn/libshowdocument.aspx Id=3&Lang=ES
2014-10-18 /ejn/libshowdocument.aspx Id=3&Lang=EN
2014-10-18 /ejn/libshowdocument.aspx Id=3&Lang=DE
2014-10-18 /ejn/libshowdocument.aspx Id=3&Lang=EL
2014-10-18 /ejn/libshowdocument.aspx Id=3&Lang=BG
2014-10-18 /ejn/libshowdocument.aspx Id=3&Lang=FI
2014-10-18 /ejn/libshowdocument.aspx Id=3&Lang=CS
2014-10-18 /ejn/libdocumentproperties.aspx Id=3
2014-10-18 /ejn/libshowdocument.aspx Id=3&Lang=ET
2014-10-18 /ejn/EJN_InfoAbout.aspx Id=378
2014-10-18 /ejn/libshowdocument.aspx Id=3&Lang=NL
2014-10-18 /ejn/libshowdocument.aspx Id=3&Lang=PL
2014-10-18 /ejn/libshowdocument.aspx Id=3&Lang=RO
2014-10-18 /ejn/libshowdocument.aspx Id=3&Lang=FR
2014-10-18 /ejn/libshowdocument.aspx Id=3&Lang=LT
2014-10-18 /ejn/libshowdocument.aspx Id=3&Lang=LV
2014-10-18 /ejn/libshowdocument.aspx Id=3&Lang=IT
2014-10-18 /ejn/libshowdocument.aspx Id=3&Lang=HU
2014-10-18 /ejn/libshowdocument.aspx Id=3&Lang=MT
2014-10-18 /ejn/ -
2014-10-18 /ejn/libshowdocument.aspx Id=3&Lang=SV
2014-10-18 /ejn/libshowdocument.aspx Id=3&Lang=SK
2014-10-18 /ejn/libshowdocument.aspx Id=3&Lang=SL
2014-10-18 /ejn/ -
2014-10-18 /ejn/EJN_AtlasAdvancedOld.aspx ctyCode=PT
2014-10-18 /ejn/EJN_FichesBelges.aspx -
2014-10-18 /EJN_StaticPage.aspx Bread=19
2014-10-18 /ejn/EJN_EAWWizard.aspx -
2014-10-18 /ejn/EJN_ContactUs.aspx &KeepThis=true&
2014-10-18 /ejn/AtlasSelection.aspx -
2014-10-18 /ejn/AtlasChooseMeasure.aspx MP=0&Cou=373
2014-10-18 /ejn/AtlasChooseMeasure.aspx MP=0&Cou=273
2014-10-18 /ejn/AtlasChooseCountry.aspx Type=2
2014-10-18 /NewsDetail.aspx id=248&Ori=H
2014-10-18 /NewsDetail.aspx id=243&Ori=H
2014-10-18 /ejn/libshowdocument.aspx Id=1&Lang=DE
2014-10-18 /NewsDetail.aspx id=237&Ori=H
2014-10-18 /EJN_StaticPage.aspx Bread=27
2014-10-18 /NewsDetail.aspx id=229&Ori=H
2014-10-18 /NewsDetail.aspx id=214&Ori=H
2014-10-18 /NewsDetail.aspx id=203&Ori=H
2014-10-18 /ejn/EJN_StaticPage.aspx Bread=11
2014-10-18 /NewsAll.aspx Id=1
2014-10-18 /Events.aspx event=246
2014-10-18 /ejn/EJN_StaticPage.aspx Bread=23
2014-10-18 /Events.aspx event=212
2014-10-18 /EJN_StaticPage.aspx Bread=30
2014-10-18 /ejn/EJN_StaticPage.aspx Bread=9
2014-10-18 /EJN_StaticPage.aspx Bread=23
2014-10-18 /ejn/EJN_EAWAtlas.aspx -
2014-10-18 /guide-visit.aspx -
2014-10-18 /ejn/AtlasChooseMeasure.aspx Mp=1&Cou=DE&Type=2
2014-10-18 /ejn/AtlasChooseMeasure.aspx MP=1&Cou=DE
2014-10-18 /ejn/AtlasChooseMeasure.aspx MP=0&Cou=352
2014-10-18 /ejn/AtlasChooseMeasure.aspx MP=0&Cou=277
2014-10-18 /ejn/AtlasChooseCountry.aspx Type=1
2014-10-18 /NewsDetail.aspx id=251&Ori=H
2014-10-18 /EJN_StaticPage.aspx Bread=2
2014-10-18 /NewsDetail.aspx id=211&Ori=H
2014-10-18 /EJN_StaticPage.aspx Bread=28
2014-10-18 /ejn/EJN_StaticPage.aspx Bread=12
2014-10-18 /NewsAll.aspx Id=2
2014-10-18 /ejn/EJN_StaticPage.aspx Bread=19
2014-10-18 /ejn/EJN_StaticPage.aspx Bread=20
2014-10-18 /ejn/EJN_StaticPage.aspx Bread=27
2014-10-18 /Events.aspx event=192
2014-10-18 /ejn/EJN_Faqs.aspx -
2014-10-18 /ejn/EJN_AtlasAdvancedOld.aspx ctyCode=SK
2014-10-18 /ejn/AtlasChooseMeasure.aspx Mp=1&Cou=PT&Type=2
2014-10-18 /ejn/AtlasChooseMeasure.aspx Mp=1&Cou=BE&Type=2
2014-10-18 /ejn/AtlasChooseMeasure.aspx MP=1&Cou=FR
2014-10-18 /EJN_StaticPage.aspx Bread=22
2014-10-18 /ejn/ -
2014-10-18 /eaw_atlas.aspx reload=1
2014-10-18 /EJN_StaticPage.aspx Bread=3
2014-10-18 /NewsDetail.aspx id=245&Ori=H
2014-10-18 /NewsDetail.aspx id=238&Ori=H
2014-10-18 /NewsDetail.aspx id=233&Ori=H
2014-10-18 /NewsDetail.aspx id=226&Ori=H
2014-10-18 /NewsDetail.aspx id=207&Ori=H
2014-10-18 /NewsAll.aspx Id=3
2014-10-18 /ejn/EJN_StaticPage.aspx Bread=18
2014-10-18 /ejn/EJN_StaticPage.aspx Bread=10
2014-10-18 /ejn/EJN_QuickLinks.aspx id=28
2014-10-18 /ejn/EJN_Events.aspx date=09/06/2011
2014-10-18 /ejn/EJN_EAWAtlasOld.aspx ctyCode=
2014-10-18 /ejn/EJN_ContactUs.aspx -
2014-10-18 /ejn/EJN_Compendium.aspx -
2014-10-18 /ejn/EJN_AtlasAdvanced.aspx -
2014-10-18 /ejn/AtlasChooseMeasure.aspx Mp=1&Cou=IT&Type=2
2014-10-18 /ejn/AtlasChooseMeasure.aspx Mp=1&Cou=FR&Type=2
2014-10-18 /ejn/AtlasChooseMeasure.aspx Mp=1&Cou=ES&Type=2
2014-10-18 /ejn/AtlasChooseMeasure.aspx MP=1&Cou=UK
2014-10-18 /EJN_StaticPage.aspx Bread=18
2014-10-18 /NewsDetail.aspx id=257&Ori=H
2014-10-18 /NewsDetail.aspx id=249&Ori=H
2014-10-18 /NewsDetail.aspx id=242&Ori=H
2014-10-18 /NewsDetail.aspx id=240&Ori=H
2014-10-18 /NewsDetail.aspx id=228&Ori=H
2014-10-18 /NewsDetail.aspx id=217&Ori=H
2014-10-18 /Events.aspx event=247
2014-10-18 /ejn/EJN_StaticPage.aspx Bread=22
2014-10-18 /Events.aspx event=213
2014-10-18 /ejn/EJN_StaticPage.aspx Bread=25
2014-10-18 /ejn/libcategories.aspx Id=2
2014-10-18 /Events.aspx event=208
2014-10-18 /EJN_StaticPage.aspx Bread=31
2014-10-18 /ejn/EJN_StaticPage.aspx Bread=33
2014-10-18 /EJN_StaticPage.aspx Bread=37
2014-10-18 /ejn/EJN_StaticPage.aspx Bread=34
2014-10-18 /EJN_StaticPage.aspx Bread=20
2014-10-18 /ejn/EJN_StaticPage.aspx Bread=38
2014-10-18 /ejn/EJN_StaticPage.aspx Bread=31
2014-10-18 /Events.aspx Id=6
2014-10-18 /EJN_StaticPage.aspx Bread=4
2014-10-18 /EJN_StaticPage.aspx Bread=35
2014-10-18 /ejn/EJN_StaticPage.aspx Bread=36
2014-10-18 /EJN_StaticPage.aspx Bread=32
2014-10-18 /EJN_StaticPage.aspx Bread=25
2014-10-18 /Events.aspx Id=7
2014-10-18 /EJN_StaticPage.aspx Bread=38
2014-10-18 /EJN_StaticPage.aspx Bread=34
2014-10-18 /ejn/EJN_StaticPage.aspx Bread=37
2014-10-18 /EJN_StaticPage.aspx Bread=33
2014-10-18 /EJN_StaticPage.aspx Bread=24
2014-10-18 /EJN_ContactUs.aspx &KeepThis=true&TB_iframe=true&height=650&width=900
2014-10-18 /ejn/EJN_StaticPage.aspx Bread=3
2014-10-18 /EJN_StaticPage.aspx Bread=21
2014-10-18 /ejn/EJN_StaticPage.aspx Bread=32
2014-10-18 /EJN_StaticPage.aspx Bread=36
2014-10-18 /ejn/EJN_StaticPage.aspx Bread=35
2014-10-18 /EJN_StaticPage.aspx Bread=26
2014-10-18 /ejn/ -
2014-10-18 /ejn/ -
2014-10-18 /ejn/EJN_Home.aspx -
2014-10-18 /ejn/ -
2014-10-18 /ejn/EJN_Home.aspx -
2014-10-18 /ejn/ -
2014-10-18 /ejn/ -
2014-10-18 /ejn/AtlasChooseCountry.aspx Type=2
2014-10-18 /ejn/EJN_Home.aspx -
2014-10-18 /ejn/ -
2014-10-18 /ejn/ -
2014-10-18 /ejn/EJN_AtlasAdvanced.aspx -
2014-10-18 /ejn/ejn_home.aspx -
2014-10-18 /ejn/EJN_Compendium.aspx -
2014-10-18 /ejn/EJN_AtlasAdvanced.aspx -
2014-10-18 /ejn/EJN_Home.aspx -
2014-10-18 /ejn/Events.aspx id=6
2014-10-18 /ejn/NewsAll.aspx Id=5
2014-10-18 /ejn/Events.aspx event=231
2014-10-18 /ejn/EJN_AtlasAdvanced.aspx -
2014-10-18 /ejn/Events.aspx event=267
2014-10-18 /ejn/EJN_StaticPage.aspx Bread=9
2014-10-18 /ejn/EJN_StaticPage.aspx Bread=39
2014-10-18 /ejn/EJN_StaticPage.aspx Bread=20
2014-10-18 /ejn/EJN_StaticPage.aspx Bread=30
2014-10-18 /ejn/EJN_StaticPage.aspx Bread=17
2014-10-18 /ejn/EJN_StaticPage.aspx Bread=33
2014-10-18 /ejn/NewsDetail.aspx id=284&Ori=H
2014-10-18 /ejn/NewsDetail.aspx id=272&Ori=H
2014-10-18 /ejn/NewsDetail.aspx id=283&Ori=H
2014-10-18 /ejn/NewsDetail.aspx id=285&Ori=H
2014-10-18 /ejn/NewsDetail.aspx id=276&Ori=H
2014-10-18 /ejn/EJN_ContactUs.aspx &KeepThis=true&TB_iframe=true&height=650&width=900
2014-10-18 /ejn/NewsDetail.aspx id=285&Ori=H
2014-10-18 /ejn/EJN_Home.aspx -
2014-10-18 /ejn/Events.aspx event=231
2014-10-18 /ejn/NewsDetail.aspx id=285&Ori=H
2014-10-18 /ejn/EJN_Home.aspx -
2014-10-18 /ejn/EJN_Home.aspx -
2014-10-18 /ejn/ -
2014-10-18 /ejn/AtlasChooseCountry.aspx Type=2
2014-10-18 /ejn/AtlasChooseMeasure.aspx MP=0&Cou=259
2014-10-18 /ejn/AtlasChooseMeasure.aspx MP=0&Cou=259
2014-10-18 /ejn/AtlasChooseMeasure.aspx MP=0&Cou=259
2014-10-18 /ejn/AtlasSelection.aspx -
2014-10-18 /ejn/AtlasSelection.aspx -
2014-10-18 /ejn/AtlasSelection.aspx -
2014-10-18 /ejn/AtlasChooseAuthority.aspx -
2014-10-18 /ejn/EJN_StaticPage.aspx Bread=1
2014-10-18 /ejn/AtlasChooseAuthority.aspx/GetLocations -
2014-10-18 /ejn/EJN_Home.aspx -
2014-10-18 /ejn/AtlasChooseAuthority.aspx -
2014-10-18 /ejn/AtlasChooseAuthority.aspx/GetLocations -
2014-10-18 /ejn/AtlasChooseAuthority.aspx -
2014-10-18 /ejn/AtlasAuthorityData.aspx Id=2327
2014-10-18 /ejn/ejn_home.aspx -
2014-10-18 /ejn/ -
2014-10-18 /ejn/EJN_Home.aspx -
2014-10-18 /ejn/EJN_Home.aspx -
2014-10-18 /ejn/Events.aspx event=267
2014-10-18 /ejn/Events.aspx event=267
2014-10-18 /ejn/ -
2014-10-18 /ejn/EJN_AtlasAdvanced.aspx -
2014-10-18 /ejn/EJN_Home.aspx -
2014-10-18 /ejn/EJN_AtlasAdvanced.aspx -
2014-10-18 /ejn/ -
2014-10-18 /ejn/EJN_AtlasAdvanced.aspx -
2014-10-18 /ejn/ -
2014-10-18 /ejn/AtlasChooseCountry.aspx Type=2
2014-10-18 /ejn/AtlasChooseCountry.aspx Type=2
2014-10-18 /ejn/AtlasChooseMeasure.aspx MP=0&Cou=277
2014-10-18 /ejn/AtlasChooseMeasure.aspx MP=0&Cou=277++Culture:DESessionId:yqxb0st4zr0t304ii5bwazraDate_Time:10:08
2014-10-18 /ejn/AtlasChooseMeasure.aspx MP=0&Cou=277
2014-10-18 /ejn/AtlasChooseMeasure.aspx MP=0&Cou=277
2014-10-18 /ejn/AtlasChooseMeasure.aspx MP=0&Cou=277
2014-10-18 /ejn/AtlasChooseMeasure.aspx MP=0&Cou=277
2014-10-18 /ejn/AtlasChooseCountry.aspx Type=2
2014-10-18 /ejn/EJN_News.aspx id=57
2014-10-18 /ejn/AtlasChooseCountry.aspx Type=2
2014-10-18 /ejn/AtlasChooseMeasure.aspx MP=0&Cou=277
2014-10-18 /ejn/AtlasChooseMeasure.aspx MP=0&Cou=277
2014-10-18 /ejn/AtlasChooseMeasure.aspx MP=0&Cou=277
2014-10-18 /ejn/AtlasSelection.aspx -
2014-10-18 /ejn/AtlasChooseAuthority.aspx -
2014-10-18 /ejn/AtlasChooseAuthority.aspx -
2014-10-18 /ejn/EJN_Home.aspx -
2014-10-18 /ejn/AtlasChooseAuthority.aspx -
2014-10-18 /ejn/AtlasChooseAuthority.aspx/GetLocations -
2014-10-18 /ejn/AtlasChooseAuthority.aspx -
2014-10-18 /ejn/EJN_News.aspx id=57
2014-10-18 /ejn/AtlasChooseAuthority.aspx -
2014-10-18 /ejn/EJN_Error.aspx -
2014-10-18 /ejn/EJN_Home.aspx -
2014-10-18 /ejn/AtlasChooseMeasure.aspx Mp=1&Cou=NO&Type=2
2014-10-18 /ejn/AtlasChooseMeasure.aspx Mp=1&Cou=NO&Type=2
2014-10-18 /ejn/AtlasChooseMeasure.aspx Mp=1&Cou=NO&Type=2
2014-10-18 /ejn/AtlasChooseMeasure.aspx Mp=1&Cou=NO&Type=2
2014-10-18 /ejn/AtlasChooseMeasure.aspx Mp=1&Cou=NO&Type=2
2014-10-18 /ejn/AtlasChooseMeasure.aspx Mp=1&Cou=NO&Type=2
2014-10-18 /ejn/AtlasChooseMeasure.aspx Mp=1&Cou=NO&Type=2
2014-10-18 /ejn/AtlasSelection.aspx -
2014-10-18 /ejn/AtlasSelection.aspx -
2014-10-18 /ejn/AtlasSelection.aspx -
2014-10-18 /ejn/AtlasSelection.aspx -
2014-10-18 /ejn/AtlasSelection.aspx -
2014-10-18 /ejn/AtlasSelection.aspx -
2014-10-18 /ejn/AtlasSelection.aspx -
2014-10-18 /ejn/AtlasAuthorityData.aspx Id=2648
2014-10-18 /ejn/AtlasAuthorityData.aspx Id=2648
2014-10-18 /ejn/AtlasSelection.aspx Option=PathOptions
2014-10-18 /ejn/AtlasSelection.aspx Option=PathOptions
2014-10-18 /ejn/AtlasSelection.aspx Option=PathOptions
2014-10-18 /ejn/AtlasSelection.aspx Option=PathOptions
2014-10-18 /ejn/AtlasSelection.aspx Option=PathOptions
2014-10-18 /ejn/AtlasChooseAuthority.aspx -
2014-10-18 /ejn/AtlasChooseAuthority.aspx/GetLocations -
2014-10-18 /ejn/AtlasChooseAuthority.aspx -
2014-10-18 /ejn/AtlasAuthorityData.aspx Id=2300
2014-10-18 /ejn/AtlasAuthorityData.aspx Id=2300
2014-10-18 /ejn/AtlasChooseAuthority.aspx -
2014-10-18 /ejn/AtlasChooseAuthority.aspx/GetLocations -
2014-10-18 /ejn/AtlasChooseAuthority.aspx -
2014-10-18 /ejn/AtlasAuthorityData.aspx Id=2296
2014-10-18 /ejn/AtlasAuthorityData.aspx Id=2296
2014-10-18 /ejn/AtlasChooseAuthority.aspx -
2014-10-18 /ejn/AtlasChooseAuthority.aspx/GetLocations -
2014-10-18 /ejn/EJN_Home.aspx -
2014-10-18 /ejn/AtlasChooseAuthority.aspx -
2014-10-18 /ejn/AtlasAuthorityData.aspx Id=2296
2014-10-18 /ejn/AtlasChooseCountry.aspx -
2014-10-18 /ejn/EJN_Home.aspx -
2014-10-18 /ejn/EJN_StaticPage.aspx Bread=1
2014-10-18 /ejn/EJN_InfoAbout.aspx Id=432
2014-10-18 /ejn/AtlasChooseCountry.aspx Type=2
2014-10-18 /ejn/AtlasChooseMeasure.aspx MP=1&Cou=NL
2014-10-18 /ejn/AtlasChooseMeasure.aspx MP=1&Cou=NL
2014-10-18 /ejn/AtlasChooseMeasure.aspx MP=1&Cou=NL
2014-10-18 /ejn/AtlasChooseMeasure.aspx MP=1&Cou=NL
2014-10-18 /ejn/AtlasChooseMeasure.aspx MP=1&Cou=NL
2014-10-18 /ejn/AtlasSelection.aspx -
2014-10-18 /ejn/AtlasSelection.aspx -
2014-10-18 /ejn/AtlasSelection.aspx -
2014-10-18 /ejn/AtlasChooseAuthority.aspx -
2014-10-18 /ejn/AtlasChooseAuthority.aspx/GetLocations -
2014-10-18 /ejn/AtlasChooseAuthority.aspx/GetLocations -
2014-10-18 /ejn/AtlasChooseAuthority.aspx/GetLocations -
2014-10-18 /ejn/AtlasChooseAuthority.aspx/GetLocations -
2014-10-18 /ejn/AtlasChooseAuthority.aspx -
2014-10-18 /ejn/AtlasAuthorityData.aspx Id=2632
2014-10-18 /ejn/AtlasAuthorityData.aspx Id=2632
2014-10-18 /ejn/AtlasChooseAuthority.aspx -
2014-10-18 /ejn/AtlasChooseAuthority.aspx/GetLocations -
2014-10-18 /ejn/AtlasChooseAuthority.aspx/GetLocations -
2014-10-18 /ejn/AtlasChooseAuthority.aspx/GetLocations -
2014-10-18 /ejn/AtlasChooseAuthority.aspx -
2014-10-18 /ejn/AtlasAuthorityData.aspx Id=2632
2014-10-18 /ejn/AtlasAuthorityData.aspx Id=2632
2014-10-18 /ejn/AtlasChooseAuthority.aspx -
2014-10-18 /ejn/AtlasChooseAuthority.aspx/GetLocations -
2014-10-18 /ejn/AtlasChooseAuthority.aspx/GetLocations -
2014-10-18 /ejn/AtlasChooseAuthority.aspx -
2014-10-18 /ejn/AtlasAuthorityData.aspx Id=2632
2014-10-18 /ejn/AtlasAuthorityData.aspx Id=2632
2014-10-18 /ejn/AtlasChooseAuthority.aspx -
2014-10-18 /ejn/AtlasChooseAuthority.aspx/GetLocations -
2014-10-18 /ejn/AtlasChooseAuthority.aspx/GetLocations -
2014-10-18 /ejn/AtlasChooseAuthority.aspx -
2014-10-18 /ejn/AtlasAuthorityData.aspx Id=2632
2014-10-18 /ejn/EJN_StaticPage.aspx Bread=12
2014-10-18 /ejn/EJN_Home.aspx -
2014-10-18 /ejn/libshowdocument.aspx Id=16&Lang=RO
2014-10-18 /ejn/libshowdocument.aspx Id=16&Lang=RO
2014-10-18 /ejn/libshowdocument.aspx Id=197&Lang=EN
2014-10-18 /ejn/EJN_Home.aspx -
2014-10-18 /ejn/libshowdocument.aspx Id=222&Lang=SL
2014-10-18 /ejn/EJN_Home.aspx -
2014-10-18 /ejn/AtlasChooseCountry.aspx Type=2
2014-10-18 /ejn/AtlasChooseMeasure.aspx MP=1&Cou=NO
2014-10-18 /ejn/AtlasChooseMeasure.aspx MP=1&Cou=NO
2014-10-18 /ejn/AtlasChooseMeasure.aspx MP=1&Cou=NO
2014-10-18 /ejn/AtlasChooseMeasure.aspx MP=1&Cou=NO
2014-10-18 /ejn/AtlasChooseMeasure.aspx MP=1&Cou=NO
2014-10-18 /ejn/AtlasSelection.aspx -
2014-10-18 /ejn/AtlasSelection.aspx -
2014-10-18 /ejn/AtlasSelection.aspx -
2014-10-18 /ejn/AtlasSelection.aspx -
2014-10-18 /ejn/AtlasSelection.aspx -
2014-10-18 /ejn/AtlasSelection.aspx -
2014-10-18 /ejn/AtlasSelection.aspx -
2014-10-18 /ejn/AtlasSelection.aspx -
2014-10-18 /ejn/AtlasSelection.aspx -
2014-10-18 /ejn/AtlasChooseAuthority.aspx -
2014-10-18 /ejn/AtlasChooseAuthority.aspx/GetLocations -
2014-10-18 /ejn/AtlasChooseAuthority.aspx/GetLocations -
2014-10-18 /ejn/AtlasChooseAuthority.aspx -
2014-10-18 /ejn/AtlasAuthorityData.aspx Id=2296
2014-10-18 /ejn/ -
2014-10-18 /ejn/EJN_AtlasAdvanced.aspx -
2014-10-18 /ejn/EJN_Home.aspx -
2014-10-18 /ejn/EJN_Home.aspx -
2014-10-18 /ejn/ -
2014-10-18 /ejn/EJN_InfoAbout.aspx Id=273
2014-10-18 /ejn/AtlasChooseCountry.aspx Type=2
2014-10-18 /ejn/AtlasChooseCountry.aspx Type=2
2014-10-18 /ejn/AtlasChooseMeasure.aspx MP=0&Cou=273
2014-10-18 /ejn/AtlasChooseMeasure.aspx MP=0&Cou=273
2014-10-18 /ejn/AtlasChooseMeasure.aspx MP=0&Cou=273
2014-10-18 /ejn/AtlasChooseMeasure.aspx MP=0&Cou=273
2014-10-18 /ejn/AtlasSelection.aspx -
2014-10-18 /ejn/AtlasSelection.aspx -
2014-10-18 /ejn/AtlasSelection.aspx -
2014-10-18 /ejn/AtlasSelection.aspx -
2014-10-18 /ejn/AtlasSelection.aspx -
2014-10-18 /ejn/AtlasChooseAuthority.aspx -
2014-10-18 /ejn/AtlasChooseAuthority.aspx/GetLocations -
2014-10-18 /ejn/EJN_Home.aspx -
2014-10-18 /ejn/AtlasChooseAuthority.aspx -
2014-10-18 /ejn/AtlasAuthorityData.aspx Id=4603
2014-10-18 /ejn/AtlasChooseAuthority.aspx -
2014-10-18 /ejn/AtlasSelection.aspx -
2014-10-18 /ejn/ -
2014-10-18 /ejn/EJN_Home.aspx -
2014-10-18 /ejn/ -
2014-10-18 /ejn/AtlasChooseMeasure.aspx Mp=1&Cou=FR&Type=2
2014-10-18 /ejn/AtlasChooseMeasure.aspx Mp=1&Cou=FR&Type=2
2014-10-18 /ejn/ -
2014-10-18 /ejn/EJN_InfoAbout.aspx Id=273
2014-10-18 /ejn/ -
2014-10-18 /ejn/AtlasChooseMeasure.aspx Mp=1&Cou=FR&Type=2
2014-10-18 /ejn/AtlasChooseMeasure.aspx Mp=1&Cou=DE&Type=2
2014-10-18 /ejn/AtlasChooseMeasure.aspx Mp=1&Cou=DE&Type=2
2014-10-18 /ejn/AtlasChooseMeasure.aspx Mp=1&Cou=DE&Type=2
2014-10-18 /ejn/AtlasChooseMeasure.aspx Mp=1&Cou=DE&Type=2
2014-10-18 /ejn/AtlasChooseMeasure.aspx Mp=1&Cou=DE&Type=2
2014-10-18 /ejn/AtlasSelection.aspx -
2014-10-18 /ejn/AtlasChooseAuthority.aspx -
2014-10-18 /ejn/AtlasChooseAuthority.aspx/GetLocations -
2014-10-18 /ejn/AtlasChooseAuthority.aspx/GetLocations -
2014-10-18 /ejn/AtlasChooseAuthority.aspx/GetLocations -
2014-10-18 /ejn/AtlasChooseAuthority.aspx/GetLocations -
2014-10-18 /ejn/AtlasChooseAuthority.aspx -
2014-10-18 /ejn/AtlasAuthorityData.aspx Id=4280
2014-10-18 /ejn/ -
2014-10-18 /ejn/AtlasChooseCountry.aspx Type=2
2014-10-18 /ejn/AtlasChooseMeasure.aspx MP=1&Cou=FR
2014-10-18 /ejn/AtlasChooseMeasure.aspx MP=1&Cou=FR
2014-10-18 /ejn/AtlasChooseCountry.aspx Type=2
2014-10-18 /ejn/AtlasChooseMeasure.aspx MP=1&Cou=FR
2014-10-18 /ejn/EJN_Home.aspx -
2014-10-18 /ejn/ -
2014-10-18 /ejn/AtlasChooseCountry.aspx Type=2
2014-10-18 /ejn/AtlasChooseCountry.aspx Type=2
2014-10-18 /ejn/AtlasChooseMeasure.aspx MP=0&Cou=273
2014-10-18 /ejn/AtlasChooseMeasure.aspx MP=0&Cou=273
2014-10-18 /ejn/AtlasChooseMeasure.aspx MP=0&Cou=273
2014-10-18 /ejn/AtlasChooseMeasure.aspx MP=0&Cou=273
2014-10-18 /ejn/AtlasSelection.aspx -
2014-10-18 /ejn/AtlasSelection.aspx -
2014-10-18 /ejn/AtlasSelection.aspx -
2014-10-18 /ejn/AtlasSelection.aspx -
2014-10-18 /ejn/AtlasSelection.aspx -
2014-10-18 /ejn/AtlasChooseAuthority.aspx -
2014-10-18 /ejn/AtlasChooseAuthority.aspx/GetLocations -
2014-10-18 /ejn/AtlasChooseAuthority.aspx/GetLocations -
2014-10-18 /NewsDetail.aspx id=242&Ori=H
2014-10-18 /ejn/AtlasChooseAuthority.aspx -
2014-10-18 /ejn/AtlasAuthorityData.aspx Id=4756
2014-10-18 /ejn/AtlasChooseAuthority.aspx -
2014-10-18 /ejn/AtlasSelection.aspx -
2014-10-18 /ejn/AtlasSelection.aspx -
2014-10-18 /ejn/AtlasChooseAuthority.aspx -
2014-10-18 /ejn/AtlasChooseAuthority.aspx/GetLocations -
2014-10-18 /ejn/AtlasChooseAuthority.aspx -
2014-10-18 /ejn/AtlasAuthorityData.aspx Id=4603
2014-10-18 /ejn/ -
2014-10-18 /ejn/AtlasAuthorityData.aspx Id=4280
2014-10-18 /ejn/AtlasChooseAuthority.aspx -
2014-10-18 /ejn/AtlasChooseAuthority.aspx/GetLocations -
2014-10-18 /ejn/AtlasChooseAuthority.aspx/GetLocations -
2014-10-18 /ejn/AtlasChooseAuthority.aspx/GetLocations -
2014-10-18 /ejn/AtlasChooseAuthority.aspx/GetLocations -
2014-10-18 /ejn/AtlasChooseAuthority.aspx/GetLocations -
2014-10-18 /ejn/AtlasChooseAuthority.aspx/GetLocations -
2014-10-18 /ejn/EJN+AtlasAdvanced.aspx -
2014-10-18 /ejn/EJN+AtlasAdvanced.aspx -
2014-10-18 /ejn/AtlasChooseAuthority.aspx/GetLocations -
2014-10-18 /ejn/AtlasChooseAuthority.aspx/GetLocations -
2014-10-18 /ejn/AtlasChooseAuthority.aspx/GetLocations -
2014-10-18 /ejn/AtlasChooseAuthority.aspx -
2014-10-18 /ejn/AtlasChooseAuthority.aspx/GetLocations -
2014-10-18 /ejn/AtlasChooseAuthority.aspx/GetLocations -
2014-10-18 /ejn/AtlasChooseAuthority.aspx -
2014-10-18 /ejn/AtlasAuthorityData.aspx Id=4192
2014-10-18 /ejn/ejn_guidevisit.aspx -
2014-10-18 /ejn/ejn_guidevisit.aspx -
2014-10-18 /ejn/ -
2014-10-18 /ejn/EJN_AtlasAdvanced.aspx -
2014-10-18 /ejn/ejn_guidevisit.aspx -
2014-10-18 /ejn/EJN_Home.aspx -
2014-10-18 /ejn/AtlasChooseCountry.aspx Type=2
2014-10-18 /ejn/AtlasChooseMeasure.aspx MP=1&Cou=FR
2014-10-18 /ejn/AtlasChooseMeasure.aspx MP=1&Cou=FR
2014-10-18 /ejn/AtlasChooseMeasure.aspx MP=1&Cou=FR
2014-10-18 /ejn/AtlasChooseMeasure.aspx MP=1&Cou=FR
2014-10-18 /ejn/AtlasChooseMeasure.aspx MP=1&Cou=FR
2014-10-18 /ejn/AtlasSelection.aspx -
2014-10-18 /ejn/AtlasSelection.aspx -
2014-10-18 /ejn/AtlasSelection.aspx -
2014-10-18 /ejn/AtlasSelection.aspx -
2014-10-18 /ejn/AtlasSelection.aspx -
2014-10-18 /ejn/AtlasChooseAuthority.aspx -
2014-10-18 /ejn/AtlasChooseAuthority.aspx/GetLocations -
2014-10-18 /ejn/AtlasChooseAuthority.aspx/GetLocations -
2014-10-18 /ejn/AtlasChooseAuthority.aspx -
2014-10-18 /ejn/AtlasAuthorityData.aspx Id=4748
2014-10-18 /default.aspx -
2014-10-18 /ejn/EJN_Home.aspx -
2014-10-18 /ejn/EJN_Home.aspx -
2014-10-18 /ejn/AtlasChooseCountry.aspx Type=2
2014-10-18 /ejn/AtlasChooseMeasure.aspx MP=1&Cou=NL
2014-10-18 /ejn/AtlasChooseMeasure.aspx MP=1&Cou=NL
2014-10-18 /ejn/AtlasChooseMeasure.aspx MP=1&Cou=NL
2014-10-18 /ejn/AtlasChooseMeasure.aspx MP=1&Cou=NL
2014-10-18 /ejn/AtlasChooseMeasure.aspx MP=1&Cou=NL
2014-10-18 /ejn/AtlasSelection.aspx -
2014-10-18 /ejn/AtlasSelection.aspx -
2014-10-18 /ejn/AtlasSelection.aspx -
2014-10-18 /ejn/AtlasChooseAuthority.aspx -
2014-10-18 /ejn/AtlasChooseAuthority.aspx/GetLocations -
2014-10-18 /ejn/AtlasChooseAuthority.aspx/GetLocations -
2014-10-18 /ejn/AtlasChooseAuthority.aspx -
2014-10-18 /ejn/AtlasAuthorityData.aspx Id=2637
2014-10-18 /ejn/ -
2014-10-18 /ejn/ -
2014-10-18 /ejn/AtlasChooseMeasure.aspx Mp=1&Cou=CZ&Type=2
2014-10-18 /ejn/EJN_Home.aspx -
2014-10-18 /ejn/ -
2014-10-18 /ejn/ -
2014-10-18 /ejn/AtlasChooseCountry.aspx Type=2
2014-10-18 /ejn/AtlasChooseCountry.aspx Type=2
2014-10-18 /ejn/AtlasChooseMeasure.aspx MP=0&Cou=277
2014-10-18 /ejn/AtlasChooseMeasure.aspx MP=0&Cou=277
2014-10-18 /ejn/AtlasChooseMeasure.aspx MP=0&Cou=277
2014-10-18 /ejn/AtlasSelection.aspx -
2014-10-18 /ejn/AtlasChooseAuthority.aspx -
2014-10-18 /ejn/AtlasChooseAuthority.aspx/GetLocations -
2014-10-18 /ejn/AtlasChooseAuthority.aspx/GetLocations -
2014-10-18 /ejn/AtlasChooseAuthority.aspx -
2014-10-18 /ejn/AtlasAuthorityData.aspx Id=4271
2014-10-18 /ejn/AtlasChooseAuthority.aspx -
2014-10-18 /ejn/AtlasChooseAuthority.aspx/GetLocations -
2014-10-18 /ejn/AtlasChooseAuthority.aspx -
2014-10-18 /ejn/AtlasAuthorityData.aspx Id=4237
2014-10-18 /ejn/EJN_Home.aspx -
2014-10-18 /ejn/ -
2014-10-18 /ejn/AtlasChooseCountry.aspx Type=2
2014-10-18 /ejn/AtlasChooseCountry.aspx Type=2
2014-10-18 /ejn/AtlasChooseMeasure.aspx MP=0&Cou=277
2014-10-18 /ejn/AtlasChooseMeasure.aspx MP=0&Cou=277
2014-10-18 /ejn/AtlasChooseMeasure.aspx MP=0&Cou=277
2014-10-18 /ejn/AtlasSelection.aspx -
2014-10-18 /ejn/AtlasChooseAuthority.aspx -
2014-10-18 /ejn/AtlasChooseAuthority.aspx/GetLocations -
2014-10-18 /ejn/AtlasChooseAuthority.aspx -
2014-10-18 /ejn/AtlasAuthorityData.aspx Id=4273
2014-10-18 /ejn/EJN_Home.aspx -
2014-10-18 /ejn/EJN+AtlasAdvanced.aspx -
2014-10-18 /ejn/EJN_Home.aspx -
2014-10-18 /ejn/AtlasChooseMeasure.aspx Mp=1&Cou=IT&Type=2
2014-10-18 /ejn/AtlasChooseMeasure.aspx Mp=1&Cou=IT&Type=2
2014-10-18 /ejn/AtlasChooseMeasure.aspx Mp=1&Cou=IT&Type=2
2014-10-18 /ejn/AtlasChooseMeasure.aspx Mp=1&Cou=IT&Type=2
2014-10-18 /ejn/AtlasChooseMeasure.aspx Mp=1&Cou=IT&Type=2
2014-10-18 /ejn/AtlasSelection.aspx -
2014-10-18 /ejn/AtlasChooseAuthority.aspx -
2014-10-18 /ejn/AtlasChooseAuthority.aspx/GetLocations -
2014-10-18 /ejn/AtlasChooseAuthority.aspx/GetLocations -
2014-10-18 /ejn/AtlasChooseAuthority.aspx -
2014-10-18 /ejn/AtlasAuthorityData.aspx Id=4810
2014-10-18 /ejn/EJN_Home.aspx -
2014-10-18 /ejn/ -
2014-10-18 /ejn/EJN_Home.aspx -
2014-10-18 /ejn/ -
2014-10-18 /atlas_advanced.aspx -
2014-10-18 /atlas_advanced.aspx -
2014-10-18 /ejn/EJN_Home.aspx -
2014-10-18 /atlas_advanced.aspx -
2014-10-18 /atlas_advanced.aspx -
2014-10-18 /ejn/ -
2014-10-18 /ejn/ -
2014-10-18 /ejn/EJN_StaticPage.aspx Bread=12
2014-10-18 /ejn/EJN_Home.aspx -
2014-10-18 /ejn/EJN_InfoAbout.aspx Id=287
2014-10-18 /ejn/EJN_Events.aspx Id=29
2014-10-18 /ejn/EJN_Events.aspx Id=29
2014-10-18 /ejn/ -
2014-10-18 /ejn/EJN_Events.aspx Id=29
2014-10-18 /ejn/EJN_AtlasAdvanced.aspx -
2014-10-18 /ejn/AtlasChooseCountry.aspx -
2014-10-18 /ejn/EJN_Home.aspx -
2014-10-18 /ejn/EJN_Home.aspx -
2014-10-18 /ejn/ -
2014-10-18 /ejn/EJN_Home.aspx -
2014-10-18 /ejn/ -
2014-10-18 /ejn/EJN_InfoAbout.aspx Id=369
2014-10-18 /ejn/EJN_Home.aspx -
2014-10-18 /ejn/AtlasChooseCountry.aspx Type=1
2014-10-18 /ejn/AtlasChooseMeasure.aspx MP=1&Cou=SI
2014-10-18 /ejn/AtlasSelection.aspx -
2014-10-18 /ejn/AtlasChooseAuthority.aspx -
2014-10-18 /ejn/EJN_QuickLinks.aspx -
2014-10-18 /ejn/EJN_Home.aspx -
2014-10-18 /ejn/ -
2014-10-18 /ejn/ -
2014-10-18 /ejn/NewsAll.aspx Id=4
2014-10-18 /ejn/EJN_Home.aspx -
2014-10-18 /ejn/EJN_Events.aspx date=27/06/2011
2014-10-18 /ejn/EJN_Events.aspx date=27/06/2011
2014-10-18 /ejn/EJN_StaticPage.aspx Bread=5
2014-10-18 /ejn/EJN_Home.aspx -
2014-10-18 /ejn/EJN_News.aspx id=52
2014-10-18 /ejn/EJN_News.aspx id=52
2014-10-18 /ejn/libshowdocument.aspx Id=221&Lang=PL
2014-10-18 /ejn/ -
2014-10-18 /ejn/EJN_AtlasAdvanced.aspx -
2014-10-18 /ejn/EJN_StacPage.aspx Bread=2
2014-10-18 /ejn/EJN_StacPage.aspx Bread=2
2014-10-18 /ejn/ -
2014-10-18 /ejn/ejn_home.aspx -
2014-10-18 /ejn/EJN_AtlasAdvanced.aspx -
2014-10-18 /ejn/EJN_StaticPage.aspx Bread=2
2014-10-18 /ejn/EJN_Home.aspx -
2014-10-18 /ejn/EJN_StaticPage.aspx Bread=21
2014-10-18 /ejn/EJN_Home.aspx -
2014-10-18 /ejn/ejn_infoabout.aspx -
2014-10-18 /ejn/EJN_Home.aspx -
2014-10-18 /ejn/ -
2014-10-18 /ejn/AtlasChooseCountry.aspx Type=2
2014-10-18 /ejn/EJN_Compendium.aspx -
2014-10-18 /ejn/ctrls.compendium/IframeEngine.aspx -
2014-10-18 /ejn/AtlasChooseCountry.aspx -
2014-10-18 /ejn/EJN_Home.aspx -
2014-10-18 /ejn/AtlasChooseMeasure.aspx Mp=1&Cou=PL&Type=2
2014-10-18 /ejn/AtlasChooseMeasure.aspx Mp=1&Cou=PL&Type=2
2014-10-18 /ejn/AtlasChooseMeasure.aspx Mp=1&Cou=PL&Type=2
2014-10-18 /ejn/AtlasSelection.aspx -
2014-10-18 /ejn/AtlasChooseAuthority.aspx -
2014-10-18 /ejn/AtlasChooseAuthority.aspx -
2014-10-18 /ejn/AtlasChooseAuthority.aspx -
2014-10-18 /ejn/AtlasAuthorityData.aspx Id=5267
2014-10-18 /ejn/AtlasAuthorityData.aspx Id=5267
2014-10-18 /ejn/AtlasAuthorityData.aspx Id=5267
2014-10-18 /ejn/AtlasAuthorityData.aspx Id=5267
2014-10-18 /ejn/AtlasAuthorityData.aspx Id=5267
2014-10-18 /ejn/ -
2014-10-18 /ejn/ -
2014-10-18 /ejn/AtlasChooseCountry.aspx Type=1
2014-10-18 /ejn/AtlasChooseMeasure.aspx MP=1&Cou=FR
2014-10-18 /ejn/AtlasSelection.aspx -
2014-10-18 /ejn/AtlasChooseAuthority.aspx -
2014-10-18 /ejn/AtlasSelection.aspx -
2014-10-18 /ejn/EJN_Error.aspx -
2014-10-18 /ejn/AtlasChooseAuthority.aspx -
2014-10-18 /ejn/ -
2014-10-18 /ejn/ -
2014-10-18 /ejn/AtlasChooseMeasure.aspx Mp=1&Cou=FR&Type=2
2014-10-18 /ejn/AtlasChooseMeasure.aspx Mp=1&Cou=FR&Type=2++Culture:FRSessionId:rwx1xr4mdhjovu4z1sqbio5tDate_Time:15:54
2014-10-18 /ejn/EJN_FichesBelgesResult.aspx measure=301&country=273&other=-1
2014-10-18 /ejn/ -
2014-10-18 /ejn/ -
2014-10-18 /ejn/AtlasChooseMeasure.aspx Mp=1&Cou=FR&Type=2++Culture:ITSessionId:rwx1xr4mdhjovu4z1sqbio5tDate_Time:15:55
2014-10-18 /ejn/AtlasChooseMeasure.aspx Mp=1&Cou=FR&Type=2++Culture:FRSessionId:rwx1xr4mdhjovu4z1sqbio5tDate_Time:15:55
2014-10-18 /ejn/AtlasChooseMeasure.aspx Mp=1&Cou=FR&Type=2++Culture:ITSessionId:rwx1xr4mdhjovu4z1sqbio5tDate_Time:15:55
2014-10-18 /ejn/EJN_FichesBelgesResult.aspx measure=301&country=273&other=-1
2014-10-18 /ejn/EJN_FichesBelgesResult.aspx measure=301&country=273&other=-1
2014-10-18 /ejn/AtlasChooseMeasure.aspx Mp=1&Cou=FR&Type=2++Culture:FRSessionId:rwx1xr4mdhjovu4z1sqbio5tDate_Time:15:56
2014-10-18 /ejn/libshowdocument.aspx Id=1&Lang=RO
2014-10-18 /ejn/EJN_FichesBelges.aspx -
2014-10-18 /ejn/EJN_FichesBelges.aspx -
2014-10-18 /ejn/EJN_StaticPage.aspx Bread=11
2014-10-18 /ejn/EJN_QuickLinks.aspx id=28
2014-10-18 /ejn/AtlasChooseCountry.aspx Type=2
2014-10-18 /ejn/sitemap.aspx -
2014-10-18 /ejn/ -
2014-10-18 /ejn/EJN_AtlasAdvanced.aspx -
2014-10-18 /ejn/EJN_FichesBelges.aspx -
2014-10-18 /ejn/EJN_Compendium.aspx -
2014-10-18 /ejn/ctrls.compendium/IframeEngine.aspx -
2014-10-18 /ejn/EJN_StaticPage.aspx Bread=1
2014-10-18 /ejn/EJN_Home.aspx -
2014-10-18 /ejn/EJN_Home.aspx -
2014-10-18 /ejn/Events.aspx event=267
2014-10-18 /ejn/ -
2014-10-18 /default.aspx -
2014-10-18 /ejn/ -
2014-10-18 /default.aspx -
2014-10-18 /ejn/ ++Culture:SKSessionId:wv2xk03iyxuinxrdfm0pgh5nDate_Time:16:59
2014-10-18 /ejn/EJN_StaticPage.aspx Bread=2
2014-10-18 /ejn/EJN_StaticPage.aspx Bread=2
2014-10-18 /ejn/EJN_Home.aspx -
2014-10-18 /ejn/ -
2014-10-18 /ejn/EJN_AtlasAdvanced.aspx -
2014-10-18 /ejn/ -
2014-10-18 /ejn/Events.aspx event=267
2014-10-18 /ejn/EJN_Home.aspx -
2014-10-18 /ejn/ -
2014-10-18 /ejn/ -
2014-10-18 /ejn/libshowdocument.aspx Id=116&Lang=EN
2014-10-18 /ejn/EJN_Compendium.aspx -
2014-10-18 /ejn/EJN_Home.aspx -
2014-10-18 /ejn/ -
2014-10-18 /ejn/EJN_Home.aspx -
2014-10-18 /ejn/ -
2014-10-18 /ejn/EJN_InfoAbout.aspx Id=287
2014-10-18 /ejn/EJN_StaticPage.aspx Bread=39
2014-10-18 /ejn/Gallery.aspx -
2014-10-18 /ejn/ -
2014-10-18 /ejn/EJN_QuickLinks.aspx id=28
2014-10-18 /ejn/libcategories.aspx Id=2
2014-10-18 /ejn/EJN_Library_StatusOfImpByCat.aspx CategoryId=36
2014-10-18 /default.aspx -
2014-10-18 /about-ejn.aspx -
2014-10-18 /ejn/AtlasChooseCountry.aspx Type=1
2014-10-18 /ejn/AtlasChooseMeasure.aspx MP=0&Cou=373
2014-10-18 /ejn/AtlasSelection.aspx -
2014-10-18 /ejn/AtlasAuthorityData.aspx Id=4146
2014-10-18 /ejn/ -
2014-10-18 /ejn/AtlasChooseMeasure.aspx MP=0&Cou=337
2014-10-18 /ejn/AtlasSelection.aspx -
2014-10-18 /ejn/AtlasAuthorityData.aspx Id=3183
2014-10-18 /ejn/EJN_EAWWizard.aspx -
2014-10-18 /ejn/ctrls.eawwizard/IframeEngine.aspx -
2014-10-18 /ejn/EJN_EAWWizard.aspx -
2014-10-18 /ejn/ctrls.eawwizard/IframeEngine.aspx -
2014-10-18 /ejn/EJN_StaticPage.aspx Bread=12
2014-10-18 /ejn/EJN_StaticPage.aspx Bread=12++Culture:DESessionId:4je5azksio4ijaofaxvbkb4zDate_Time:17:58
2014-10-18 /ejn/ -
2014-10-18 /ejn/EJN_StaticPage.aspx Bread=12
2014-10-18 /ejn/EJN_EAWWizard.aspx -
2014-10-18 /ejn/EJN_StaticPage.aspx Bread=8
2014-10-18 /ejn/AtlasChooseMeasure.aspx Mp=1&Cou=IT&Type=2
2014-10-18 /ejn/EJN_Home.aspx -
2014-10-18 /ejn/EJN_FichesBelgesResult.aspx measure=101&country=295&other=-1
2014-10-18 /ejn/EJN_Home.aspx -
2014-10-18 /ejn/EJN_InfoAbout.aspx Id=373
2014-10-18 /ejn/EJN_EAWWizard.aspx -
2014-10-18 /ejn/ctrls.eawwizard/IframeEngine.aspx -
2014-10-18 /ejn/EJN_StaticPage.aspx Bread=10
2014-10-18 /ejn/ -
2014-10-18 /ejn/EJN_AtlasAdvanced.aspx -
2014-10-18 /ejn/ -
2014-10-18 /ejn/ -
2014-10-18 /ejn/ -
2014-10-18 /ejn/ejn_home.aspx -
2014-10-18 /ejn/EJN_Search.aspx -
2014-10-18 /ejn/EJN_Search.aspx -
2014-10-18 /ejn/EJN_Search.aspx -
2014-10-18 /ejn/EJN_Search.aspx -
2014-10-18 /ejn/EJN_Search.aspx -
2014-10-18 /ejn/EJN_Search.aspx -
2014-10-18 /ejn/EJN_StaticPage.aspx Bread=10
2014-10-18 /ejn/EJN_Login.aspx -
2014-10-18 /ejn/AtlasChooseCountry.aspx -
2014-10-18 /ejn/EJN_Home.aspx -
2014-10-18 /ejn/AtlasChooseMeasure.aspx Mp=1&Cou=FR&Type=2
2014-10-18 /ejn/AtlasChooseMeasure.aspx Mp=1&Cou=FR&Type=2
2014-10-18 /ejn/AtlasChooseMeasure.aspx Mp=1&Cou=FR&Type=2
2014-10-18 /ejn/AtlasChooseMeasure.aspx Mp=1&Cou=FR&Type=2
2014-10-18 /ejn/AtlasChooseMeasure.aspx Mp=1&Cou=FR&Type=2
2014-10-18 /ejn/AtlasSelection.aspx -
2014-10-18 /ejn/EJN_Login.aspx -
2014-10-18 /ejn/EJN_ContactPointsNew.aspx -
2014-10-18 /ejn/EJN_Login.aspx -
2014-10-18 /ejn/EJN_ContactPointsNew.aspx -
2014-10-18 /ejn/AtlasChooseMeasure.aspx Mp=1&Cou=FR&Type=2
2014-10-18 /ejn/EJN_ContactPointsNew.aspx -
2014-10-18 /ejn/AtlasChooseMeasure.aspx Mp=1&Cou=FR&Type=2++Culture:ESSessionId:tzl1kyxkyktmu4tvwxbmvfiqDate_Time:18:08
2014-10-18 /ejn/AtlasChooseMeasure.aspx Mp=1&Cou=FR&Type=2
2014-10-18 /ejn/AtlasChooseMeasure.aspx Mp=1&Cou=FR&Type=2
2014-10-18 /ejn/EJN_ContactPointsNew.aspx -
2014-10-18 /ejn/EJN_FichesBelgesResult.aspx measure=702&country=273&other=-1
2014-10-18 /ejn/EJN_ContactPointsNew.aspx -
2014-10-18 /ejn/EJN_ContactPointsNew.aspx -
2014-10-18 /ejn/AtlasChooseCountry.aspx Type=2
2014-10-18 /ejn/EJN_ContactPointsNew.aspx -
2014-10-18 /ejn/AtlasChooseMeasure.aspx Mp=1&Cou=FR&Type=2
2014-10-18 /ejn/AtlasChooseCountry.aspx -
2014-10-18 /ejn/AtlasChooseMeasure.aspx MP=1&Cou=FR
2014-10-18 /ejn/AtlasChooseMeasure.aspx MP=1&Cou=FR
2014-10-18 /ejn/AtlasChooseMeasure.aspx MP=1&Cou=FR
2014-10-18 /ejn/EJN_FichesBelgesTable.aspx -
2014-10-18 /ejn/AtlasChooseMeasure.aspx MP=1&Cou=FR
2014-10-18 /ejn/AtlasSelection.aspx -
2014-10-18 /ejn/AtlasSelection.aspx -
2014-10-18 /ejn/AtlasSelection.aspx -
2014-10-18 /ejn/AtlasSelection.aspx -
2014-10-18 /ejn/AtlasSelection.aspx -
2014-10-18 /ejn/AtlasChooseAuthority.aspx -
2014-10-18 /ejn/ejn_contactpointsnew.aspx -
2014-10-18 /ejn/AtlasChooseCountry.aspx -
2014-10-18 /ejn/AtlasChooseMeasure.aspx MP=1&Cou=FR
2014-10-18 /ejn/AtlasChooseMeasure.aspx MP=1&Cou=FR
2014-10-18 /ejn/AtlasChooseMeasure.aspx MP=1&Cou=FR
2014-10-18 /ejn/AtlasChooseMeasure.aspx MP=1&Cou=FR
2014-10-18 /ejn/AtlasSelection.aspx -
2014-10-18 /ejn/AtlasSelection.aspx -
2014-10-18 /ejn/ejn_contactpointsnew.aspx -
2014-10-18 /ejn/AtlasSelection.aspx -
2014-10-18 /ejn/AtlasSelection.aspx -
2014-10-18 /ejn/AtlasSelection.aspx -
2014-10-18 /ejn/AtlasChooseAuthority.aspx -
2014-10-18 /ejn/ejn_contactpointsnew.aspx -
2014-10-18 /ejn/ -
2014-10-18 /ejn/AtlasChooseAuthority.aspx/GetLocations -
2014-10-18 /ejn/AtlasChooseMeasure.aspx Mp=1&Cou=BE&Type=2
2014-10-18 /ejn/AtlasChooseAuthority.aspx/GetLocations -
2014-10-18 /ejn/AtlasChooseAuthority.aspx -
2014-10-18 /ejn/AtlasAuthorityData.aspx Id=4683
2014-10-18 /ejn/EJN_Home.aspx -
2014-10-18 /ejn/EJN_Login.aspx -
2014-10-18 /ejn/ -
2014-10-18 /ejn/EJN_Login.aspx -
2014-10-18 /ejn/EJN_ContactPointsNew.aspx -
2014-10-18 /ejn/AtlasChooseMeasure.aspx Mp=1&Cou=PT&Type=2
2014-10-18 /ejn/EJN_ContactPointsNew.aspx -
2014-10-18 /ejn/AtlasChooseMeasure.aspx Mp=1&Cou=PT&Type=2
2014-10-18 /ejn/EJN_FichesBelgesResult.aspx measure=102&country=352&other=-1
2014-10-18 /ejn/EJN_ContactPointsNew.aspx -
2014-10-18 /ejn/AtlasChooseMeasure.aspx Mp=1&Cou=BE&Type=2
2014-10-18 /ejn/AtlasChooseCountry.aspx Type=2
2014-10-18 /ejn/AtlasChooseAuthority.aspx -
2014-10-18 /ejn/AtlasChooseAuthority.aspx/GetLocations -
2014-10-18 /ejn/EJN_ContactPointsNew.aspx -
2014-10-18 /ejn/EJN_Search.aspx -
2014-10-18 /ejn/EJN_ContactPointsNew.aspx -
2014-10-18 /ejn/EJN_Search.aspx -
2014-10-18 /ejn/AtlasChooseAuthority.aspx -
2014-10-18 /ejn/AtlasAuthorityData.aspx Id=4683
2014-10-18 /ejn/EJN_Search.aspx -
2014-10-18 /ejn/AtlasChooseAuthority.aspx -
2014-10-18 /ejn/AtlasChooseAuthority.aspx -
2014-10-18 /ejn/EJN_Search.aspx Search=extradition&Pag=1
2014-10-18 /ejn/EJN_StaticPage.aspx Bread=10
2014-10-18 /ejn/EJN_StaticPage.aspx Bread=5
2014-10-18 /ejn/EJN_Search.aspx Search=extradition&Pag=1
2014-10-18 /ejn/EJN_StaticPage.aspx Bread=5
2014-10-18 /ejn/EJN_StaticPage.aspx Bread=10
2014-10-18 /ejn/ -
2014-10-18 /ejn/ -
2014-10-18 /ejn/EJN_InfoAbout.aspx Id=430
2014-10-18 /ejn/EJN_StaticPage.aspx Bread=23
2014-10-18 /ejn/AtlasChooseAuthority.aspx/GetLocations -
2014-10-18 /ejn/AtlasChooseAuthority.aspx -
2014-10-18 /ejn/AtlasAuthorityData.aspx Id=4683
2014-10-18 /ejn/EJN_Home.aspx -
2014-10-18 /ejn/EJN_Home.aspx -
2014-10-18 /ejn/EJN_Home.aspx -
2014-10-18 /ejn/EJN_InfoAbout.aspx Id=287
2014-10-18 /ejn/libcategories.aspx Id=32
2014-10-18 /ejn/libshowdocument.aspx Id=16&Lang=HU
2014-10-18 /ejn/ -
2014-10-18 /ejn/ -
2014-10-18 /ejn/ -
2014-10-18 /ejn/EJN_Login.aspx -
2014-10-18 /ejn/libshowdocument.aspx Id=219&Lang=EN
2014-10-18 /ejn/EJN_Login.aspx -
2014-10-18 /ejn/EJN_ContactPointsNew.aspx -
2014-10-18 /ejn/EJN_ContactPointsNew.aspx -
2014-10-18 /ejn/EJN_ContactPointsNew.aspx -
2014-10-18 /ejn/EJN_ContactPointsNew.aspx -
2014-10-18 /ejn/EJN_ContactPointsNew.aspx -
2014-10-18 /ejn/EJN_ContactPointDetail.aspx -
2014-10-18 /ejn/ -
2014-10-18 /ejn/libshowdocument.aspx Id=126&Lang=LT
2014-10-18 /ejn/EJN_ContactPointsNew.aspx -
2014-10-18 /ejn/EJN_ContactPointsNew.aspx -
2014-10-18 /ejn/EJN_ContactPointsNew.aspx -
2014-10-18 /ejn/EJN_ContactPointsNew.aspx -
2014-10-18 /ejn/EJN_ContactPointsNew.aspx -
2014-10-18 /ejn/EJN_ContactPointDetail.aspx -
2014-10-18 /ejn/EJN_ContactPointsNew.aspx -
2014-10-18 /ejn/EJN_ContactPointsNew.aspx -
2014-10-18 /ejn/EJN_Home.aspx -
2014-10-18 /ejn/EJN_Home.aspx -
2014-10-18 /ejn/libcategories.aspx -
2014-10-18 /ejn/libcategories.aspx Id=1
2014-10-18 /ejn/libcategories.aspx Id=3
2014-10-18 /ejn/libdocumentproperties.aspx Id=459
2014-10-18 /ejn/libdocumentproperties.aspx Id=459
2014-10-18 /ejn/libadvancedsearch.aspx -
2014-10-18 /ejn/libdocumentproperties.aspx Id=459
2014-10-18 /ejn/EJN_EAWWizard.aspx -
2014-10-18 /ejn/ctrls.eawwizard/IframeEngine.aspx -
2014-10-18 /ejn/EJN_EAWWizard.aspx -
2014-10-18 /ejn/ctrls.eawwizard/IframeEngine.aspx -
2014-10-18 /ejn/EJN_EAWWizard.aspx -
2014-10-18 /ejn/libdocumentproperties.aspx Id=459
2014-10-18 /ejn/libdocumentproperties.aspx Id=459
2014-10-18 /ejn/EJN_EAWWizard.aspx -
2014-10-18 /ejn/ctrls.eawwizard/IframeEngine.aspx -
2014-10-18 /ejn/ -
2014-10-18 /ejn/ -
2014-10-18 /ejn/ -
2014-10-18 /ejn/EJN_FichesBelges.aspx -
2014-10-18 /ejn/AtlasChooseCountry.aspx Type=1
2014-10-18 /ejn/AtlasChooseMeasure.aspx MP=0&Cou=295
2014-10-18 /ejn/AtlasSelection.aspx -
2014-10-18 /ejn/AtlasChooseAuthority.aspx -
2014-10-18 /ejn/EJN_FichesBelges.aspx -
2014-10-18 /ejn/AtlasChooseMeasure.aspx MP=1&Cou=IT
2014-10-18 /ejn/AtlasSelection.aspx -
2014-10-18 /ejn/AtlasChooseAuthority.aspx -
2014-10-18 /ejn/AtlasChooseAuthority.aspx -
2014-10-18 /ejn/EJN_Compendium.aspx -
2014-10-18 /ejn/ctrls.compendium/IframeEngine.aspx -
2014-10-18 /ejn/AtlasChooseAuthority.aspx -
2014-10-18 /ejn/AtlasAuthorityData.aspx Id=4784
2014-10-18 /ejn/AtlasChooseAuthority.aspx -
2014-10-18 /ejn/ -
2014-10-18 /ejn/EJN_Home.aspx -
2014-10-18 /ejn/EJN_QuickLinks.aspx id=28
2014-10-18 /ejn/libcategories.aspx Id=2
2014-10-18 /ejn/EJN_Library_StatusOfImpByCat.aspx CategoryId=14
2014-10-18 /ejn/EJN_Library_StatusOfImpByCat.aspx CategoryId=90
2014-10-18 /ejn/EJN_Library_StatusOfImpByCou.aspx CountryId=295
2014-10-18 /ejn/ -
2014-10-18 /ejn/AtlasChooseCountry.aspx Type=2
2014-10-18 /ejn/AtlasChooseCountry.aspx Type=2
2014-10-18 /ejn/AtlasChooseMeasure.aspx MP=0&Cou=277
2014-10-18 /ejn/AtlasChooseMeasure.aspx MP=0&Cou=277
2014-10-18 /ejn/AtlasChooseMeasure.aspx MP=0&Cou=277
2014-10-18 /ejn/AtlasSelection.aspx -
2014-10-18 /ejn/AtlasChooseAuthority.aspx -
2014-10-18 /ejn/AtlasChooseAuthority.aspx/GetLocations -
2014-10-18 /ejn/AtlasChooseAuthority.aspx/GetLocations -
2014-10-18 /ejn/AtlasChooseAuthority.aspx -
2014-10-18 /ejn/AtlasAuthorityData.aspx Id=4233
2014-10-18 /ejn/ -
2014-10-18 /ejn/EJN_AtlasAdvanced.aspx -
2014-10-18 /ejn/AtlasChooseAuthority.aspx -
2014-10-18 /ejn/AtlasChooseMeasure.aspx MP=0&Cou=277
2014-10-18 /ejn/AtlasChooseCountry.aspx Type=2
2014-10-18 /ejn/ -
2014-10-18 /ejn/EJN_Home.aspx -
2014-10-18 /ejn/libcategories.aspx -
2014-10-18 /ejn/libcategories.aspx -
2014-10-18 /ejn/libadvancedsearch.aspx -
2014-10-18 /ejn/libcategories.aspx -
2014-10-18 /ejn/AtlasChooseMeasure.aspx Mp=1&Cou=IT&Type=2
2014-10-18 /ejn/EJN_InfoAbout.aspx Id=295
2014-10-18 /ejn/AtlasChooseCountry.aspx Type=2
2014-10-18 /ejn/AtlasChooseMeasure.aspx MP=1&Cou=IT
2014-10-18 /ejn/AtlasChooseMeasure.aspx MP=1&Cou=IT
2014-10-18 /ejn/EJN_FichesBelgesResult.aspx measure=101&country=295&other=-1
2014-10-18 /ejn/EJN_Home.aspx -
2014-10-18 /ejn/AtlasChooseCountry.aspx Type=2
2014-10-18 /ejn/EJN_ContactUs.aspx -
2014-10-18 /ejn/AtlasChooseMeasure.aspx MP=0&Cou=295
2014-10-18 /ejn/EJN_FichesBelgesResult.aspx measure=101&country=295&other=-1
2014-10-18 /ejn/AtlasChooseMeasure.aspx MP=0&Cou=295
2014-10-18 /ejn/AtlasChooseMeasure.aspx MP=0&Cou=295
2014-10-18 /ejn/EJN_FichesBelgesResult.aspx measure=101&country=295&other=-1
2014-10-18 /ejn/AtlasChooseCountry.aspx Type=2
2014-10-18 /ejn/AtlasChooseCountry.aspx Type=2
2014-10-18 /ejn/AtlasChooseMeasure.aspx MP=0&Cou=295
2014-10-18 /ejn/AtlasChooseMeasure.aspx MP=0&Cou=295
2014-10-18 /ejn/EJN_FichesBelgesTable.aspx -
2014-10-18 /ejn/AtlasChooseCountry.aspx Type=2
2014-10-18 /ejn/AtlasChooseCountry.aspx Type=2
2014-10-18 /ejn/AtlasChooseMeasure.aspx MP=0&Cou=295
2014-10-18 /ejn/AtlasChooseMeasure.aspx MP=0&Cou=295
2014-10-18 /ejn/EJN_FichesBelgesResult.aspx measure=101&country=295&other=-1
2014-10-18 /ejn/libshowdocument.aspx Id=16&Lang=FR
2014-10-18 /ejn/ -
2014-10-18 /ejn/AtlasChooseCountry.aspx Type=2
2014-10-18 /ejn/AtlasChooseCountry.aspx Type=2
2014-10-18 /ejn/AtlasChooseMeasure.aspx MP=0&Cou=260
2014-10-18 /ejn/AtlasChooseMeasure.aspx MP=0&Cou=260
2014-10-18 /ejn/AtlasChooseMeasure.aspx MP=0&Cou=260
2014-10-18 /ejn/AtlasSelection.aspx -
2014-10-18 /ejn/libshowdocument.aspx Id=1&Lang=LT
2014-10-18 /ejn/AtlasSelection.aspx -
2014-10-18 /ejn/AtlasSelection.aspx -
2014-10-18 /ejn/AtlasChooseAuthority.aspx -
2014-10-18 /ejn/AtlasChooseAuthority.aspx/GetLocations -
2014-10-18 /ejn/AtlasChooseAuthority.aspx/GetLocations -
2014-10-18 /ejn/AtlasChooseAuthority.aspx -
2014-10-18 /ejn/AtlasChooseAuthority.aspx/GetLocations -
2014-10-18 /ejn/AtlasChooseAuthority.aspx -
2014-10-18 /ejn/AtlasChooseAuthority.aspx/GetLocations -
2014-10-18 /ejn/AtlasChooseAuthority.aspx -
2014-10-18 /ejn/AtlasChooseAuthority.aspx -
2014-10-18 /ejn/libcategories.aspx Id=2
2014-10-18 /ejn/EJN_Home.aspx -
2014-10-18 /ejn/EJN_Home.aspx -
2014-10-18 /ejn/AtlasChooseAuthority.aspx/GetLocations -
2014-10-18 /ejn/AtlasChooseAuthority.aspx -
2014-10-18 /ejn/AtlasChooseAuthority.aspx -
2014-10-18 /ejn/AtlasChooseAuthority.aspx -
2014-10-18 /ejn/AtlasChooseAuthority.aspx -
2014-10-18 /ejn/AtlasChooseAuthority.aspx -
2014-10-18 /ejn/AtlasAuthorityData.aspx Id=2318
2014-10-18 /ejn/AtlasChooseMeasure.aspx Mp=1&Cou=DE&Type=2
2014-10-18 /ejn/AtlasChooseAuthority.aspx -
2014-10-18 /ejn/AtlasChooseAuthority.aspx -
2014-10-18 /ejn/AtlasAuthorityData.aspx Id=2318
2014-10-18 /ejn/AtlasSelection.aspx -
2014-10-18 /ejn/AtlasChooseMeasure.aspx MP=0&Cou=260
2014-10-18 /ejn/AtlasChooseMeasure.aspx MP=0&Cou=260
2014-10-18 /ejn/AtlasSelection.aspx -
2014-10-18 /ejn/AtlasSelection.aspx -
2014-10-18 /ejn/AtlasSelection.aspx -
2014-10-18 /ejn/AtlasChooseAuthority.aspx -
2014-10-18 /ejn/AtlasChooseAuthority.aspx/GetLocations -
2014-10-18 /ejn/AtlasChooseAuthority.aspx/GetLocations -
2014-10-18 /ejn/AtlasChooseAuthority.aspx/GetLocations -
2014-10-18 /ejn/EJN_Library_StatusOfImpByCou.aspx CountryId=277
2014-10-18 /ejn/AtlasChooseAuthority.aspx/GetLocations -
2014-10-18 /ejn/AtlasChooseAuthority.aspx -
2014-10-18 /ejn/AtlasAuthorityData.aspx Id=2312
2014-10-18 /ejn/AtlasChooseAuthority.aspx -
2014-10-18 /ejn/AtlasChooseAuthority.aspx/GetLocations -
2014-10-18 /ejn/AtlasChooseAuthority.aspx -
2014-10-18 /ejn/AtlasChooseAuthority.aspx/GetLocations -
2014-10-18 /ejn/AtlasChooseAuthority.aspx -
2014-10-18 /ejn/AtlasChooseAuthority.aspx/GetLocations -
2014-10-18 /ejn/AtlasChooseAuthority.aspx -
2014-10-18 /ejn/AtlasChooseAuthority.aspx -
2014-10-18 /ejn/AtlasChooseAuthority.aspx -
2014-10-18 /ejn/AtlasChooseAuthority.aspx/GetLocations -
2014-10-18 /ejn/AtlasChooseAuthority.aspx/GetLocations -
2014-10-18 /ejn/AtlasChooseAuthority.aspx -
2014-10-18 /ejn/AtlasChooseAuthority.aspx -
2014-10-18 /ejn/AtlasChooseAuthority.aspx -
2014-10-18 /ejn/AtlasChooseAuthority.aspx -
2014-10-18 /ejn/AtlasAuthorityData.aspx Id=2318
2014-10-18 /ejn/AtlasChooseAuthority.aspx -
2014-10-18 /ejn/AtlasSelection.aspx -
2014-10-18 /ejn/ -
2014-10-18 /ejn/EJN_StaticPage.aspx Bread=12
2014-10-18 /ejn/ -
2014-10-18 /ejn/EJN_AtlasAdvanced.aspx -
2014-10-18 /ejn/EJN_StaticPage.aspx Bread=16
2014-10-18 /ejn/EJN_StaticPage.aspx Bread=11
2014-10-18 /ejn/EJN_Secretariat.aspx -
2014-10-18 /ejn/EJN_FichesBelges.aspx -
2014-10-18 /ejn/EJN_Search.aspx -
2014-10-18 /ejn/EJN_QuickLinks.aspx id=25
2014-10-18 /ejn/NewsDetail.aspx id=203&Ori=H
2014-10-18 /ejn/NewsDetail.aspx id=201&Ori=H
2014-10-18 /ejn/EJN_StaticPage.aspx Bread=12
2014-10-18 /ejn/NewsDetail.aspx id=262&Ori=H
2014-10-18 /ejn/NewsDetail.aspx id=237&Ori=H
2014-10-18 /ejn/NewsDetail.aspx id=200&Ori=H
2014-10-18 /ejn/EJN_StaticPage.aspx Bread=14
2014-10-18 /ejn/EJN_StaticPage.aspx Bread=13
2014-10-18 /ejn/EJN_Faqs.aspx -
2014-10-18 /ejn/EJN_Login.aspx -
2014-10-18 /ejn/EJN_QuickLinks.aspx -
2014-10-18 /ejn/EJN_QuickLinks.aspx id=27
2014-10-18 /ejn/NewsDetail.aspx id=242&Ori=H
2014-10-18 /ejn/NewsDetail.aspx id=217&Ori=H
2014-10-18 /ejn/EJN_StaticPage.aspx Bread=17
2014-10-18 /ejn/EJN_StaticPage.aspx Bread=10
2014-10-18 /ejn/EJN_QuickLinks.aspx id=23
2014-10-18 /ejn/EJN_QuickLinks.aspx id=24
2014-10-18 /ejn/libshowdocument.aspx Id=216&Lang=IT
2014-10-18 /ejn/EJN_QuickLinks.aspx id=22
2014-10-18 /ejn/EJN_Home.aspx -
2014-10-18 /ejn/ -
2014-10-18 /ejn/EJN_Home.aspx -
2014-10-18 /ejn/EJN_Home.aspx -
2014-10-18 /ejn/ -
2014-10-18 /ejn/EJN_AtlasAdvanced.aspx -
2014-10-18 /ejn/EJN_AtlasAdvanced.aspx -
2014-10-18 /ejn/EJN_AtlasAdvanced.aspx -
2014-10-18 /ejn/AtlasChooseCountry.aspx -
2014-10-18 /ejn/EJN_Home.aspx -
2014-10-18 /ejn/EJN_Compendium.aspx -
2014-10-18 /ejn/ctrls.compendium/IframeEngine.aspx -
2014-10-18 /ejn/AtlasChooseCountry.aspx Type=2
2014-10-18 /ejn/AtlasChooseMeasure.aspx MP=1&Cou=FR
2014-10-18 /ejn/AtlasChooseMeasure.aspx MP=1&Cou=FR++Culture:ESSessionId:kws4rqqgnfxyee35abzyqkztDate_Time:21:07
2014-10-18 /ejn/AtlasChooseMeasure.aspx MP=1&Cou=FR
2014-10-18 /ejn/AtlasChooseMeasure.aspx MP=1&Cou=FR
2014-10-18 /ejn/AtlasChooseMeasure.aspx MP=1&Cou=FR
2014-10-18 /ejn/AtlasSelection.aspx -
2014-10-18 /ejn/AtlasSelection.aspx -
2014-10-18 /ejn/AtlasSelection.aspx -
2014-10-18 /ejn/AtlasSelection.aspx -
2014-10-18 /ejn/AtlasSelection.aspx -
2014-10-18 /ejn/AtlasChooseAuthority.aspx -
2014-10-18 /ejn/AtlasChooseAuthority.aspx -
2014-10-18 /ejn/AtlasAuthorityData.aspx Id=4683
2014-10-18 /ejn/AtlasChooseAuthority.aspx -
2014-10-18 /ejn/AtlasChooseAuthority.aspx/GetLocations -
2014-10-18 /ejn/AtlasChooseAuthority.aspx/GetLocations -
2014-10-18 /ejn/AtlasChooseAuthority.aspx -
2014-10-18 /ejn/AtlasChooseAuthority.aspx -
2014-10-18 /ejn/AtlasChooseAuthority.aspx -
2014-10-18 /ejn/AtlasChooseAuthority.aspx -
2014-10-18 /ejn/AtlasChooseAuthority.aspx/GetLocations -
2014-10-18 /ejn/AtlasChooseAuthority.aspx -
2014-10-18 /ejn/AtlasAuthorityData.aspx Id=4683
2014-10-18 /ejn/AtlasChooseAuthority.aspx/GetLocations -
2014-10-18 /ejn/AtlasChooseAuthority.aspx/GetLocations -
2014-10-18 /ejn/AtlasChooseAuthority.aspx -
2014-10-18 /ejn/EJN_Home.aspx -
2014-10-18 /ejn/ejn_home.aspx -
2014-10-18 /ejn/ -
2014-10-18 /ejn/libshowdocument.aspx Id=109&Lang=EN
2014-10-18 /ejn/libshowdocument.aspx Id=52&Lang=EN
2014-10-18 /ejn/ -
2014-10-18 /ejn/EJN_FichesBelges.aspx -
2014-10-18 /ejn/EJN_Home.aspx -
2014-10-18 /ejn/ -
2014-10-18 /ejn/EJN_AtlasAdvanced.aspx -
2014-10-18 /ejn/ejn_home.aspx -
2014-10-18 /ejn/ -
2014-10-18 /ejn/AtlasChooseCountry.aspx Type=2
2014-10-18 /ejn/AtlasChooseCountry.aspx Type=2
2014-10-18 /ejn/AtlasChooseMeasure.aspx MP=0&Cou=277
2014-10-18 /ejn/AtlasChooseMeasure.aspx MP=0&Cou=277
2014-10-18 /ejn/AtlasChooseMeasure.aspx MP=0&Cou=277
2014-10-18 /ejn/AtlasSelection.aspx -
2014-10-18 /ejn/AtlasChooseAuthority.aspx -
2014-10-18 /ejn/AtlasChooseAuthority.aspx -
2014-10-18 /ejn/AtlasAuthorityData.aspx Id=4216
2014-10-18 /ejn/EJN_AtlasAdvanced.aspx -
2014-10-18 /ejn/AtlasChooseMeasure.aspx MP=0&Cou=277
2014-10-18 /ejn/ -
2014-10-18 /ejn/ -
2014-10-18 /ejn/libcategories.aspx Id=7
2014-10-18 /ejn/EJN_Home.aspx -
2014-10-18 /ejn/EJN_Search.aspx -
2014-10-18 /ejn/EJN_Search.aspx -
2014-10-18 /ejn/NewsDetail.aspx Id=56
2014-10-18 /ejn/EJN_StaticPage.aspx Bread=18
2014-10-18 /ejn/EJN_StaticPage.aspx Bread=21
2014-10-18 /ejn/ -
2014-10-18 /ejn/ -
2014-10-18 /ejn/ -
2014-10-18 /ejn/EJN_StaticPage.aspx Bread=8
2014-10-18 /ejn/sitemap.aspx -
2014-10-18 /ejn/EJN_Faqs.aspx -
2014-10-18 /ejn/EJN_StaticPage.aspx Bread=9
2014-10-18 /ejn/EJN_StaticPage.aspx Bread=2
2014-10-18 /ejn/EJN_StaticPage.aspx Bread=39
2014-10-18 /ejn/ -
2014-10-18 /ejn/EJN_AtlasAdvanced.aspx -
2014-10-18 /ejn/libshowdocument.aspx Id=217&Lang=PL
2014-10-18 /ejn/ -
2014-10-18 /ejn/EJN_StaticPage.aspx Bread=2
2014-10-18 /ejn/EJN_Home.aspx -
2014-10-18 /ejn/ -
2014-10-18 /ejn/AtlasChooseCountry.aspx Type=2
2014-10-18 /ejn/AtlasChooseCountry.aspx Type=2
2014-10-18 /ejn/AtlasChooseMeasure.aspx MP=0&Cou=277
2014-10-18 /ejn/AtlasChooseMeasure.aspx MP=0&Cou=277
2014-10-18 /ejn/AtlasChooseMeasure.aspx MP=0&Cou=277
2014-10-18 /ejn/AtlasChooseMeasure.aspx MP=0&Cou=277
2014-10-18 /ejn/AtlasSelection.aspx -
2014-10-18 /ejn/AtlasChooseAuthority.aspx -
2014-10-18 /ejn/AtlasChooseAuthority.aspx/GetLocations -
2014-10-18 /ejn/AtlasChooseAuthority.aspx -
2014-10-18 /ejn/AtlasAuthorityData.aspx Id=4236
2014-10-18 /ejn/ -
2014-10-18 /ejn/EJN_StaticPage.aspx Bread=2
2014-10-18 /ejn/ -
2014-10-18 /ejn/EJN_AtlasAdvanced.aspx -
2014-10-18 /ejn/ -
2014-10-18 /ejn/EJN_StaticPage.aspx Bread=9
2014-10-18 /ejn/ -
2014-10-18 /ejn/AtlasChooseCountry.aspx Type=2
2014-10-18 /ejn/AtlasChooseCountry.aspx Type=2
2014-10-18 /ejn/AtlasChooseMeasure.aspx MP=0&Cou=337
2014-10-18 /ejn/AtlasChooseMeasure.aspx MP=0&Cou=337
2014-10-18 /ejn/AtlasChooseMeasure.aspx MP=0&Cou=337
2014-10-18 /ejn/AtlasSelection.aspx -
2014-10-18 /ejn/AtlasSelection.aspx -
2014-10-18 /ejn/AtlasSelection.aspx -
2014-10-18 /ejn/AtlasChooseAuthority.aspx -
2014-10-18 /ejn/AtlasChooseAuthority.aspx/GetLocations -
2014-10-18 /ejn/AtlasChooseAuthority.aspx/GetLocations -
2014-10-18 /ejn/AtlasChooseAuthority.aspx/GetLocations -
2014-10-18 /ejn/AtlasChooseAuthority.aspx/GetLocations -
2014-10-18 /ejn/AtlasChooseAuthority.aspx/GetLocations -
2014-10-18 /ejn/AtlasChooseAuthority.aspx -
2014-10-18 /ejn/AtlasAuthorityData.aspx Id=2630
2014-10-18 /ejn/AtlasSelection.aspx -
2014-10-18 /ejn/AtlasChooseMeasure.aspx MP=0&Cou=337
2014-10-18 /ejn/AtlasChooseCountry.aspx Type=2
2014-10-18 /ejn/libshowdocument.aspx Id=29&Lang=EN
2014-10-18 /ejn/ -
2014-10-18 /ejn/EJN_AtlasAdvanced.aspx -
2014-10-18 /ejn/ -
2014-10-18 /ejn/ -
