2014-11-30 /ejn/ -
2014-11-30 /ejn/EJN_AtlasAdvanced.aspx -
2014-11-30 /ejn/EJN_Secretariat.aspx -
2014-11-30 /ejn/EJN_StaticPage.aspx Bread=22
2014-11-30 /ejn/EJN_Home.aspx -
2014-11-30 /ejn/EJN_Home.aspx -
2014-11-30 /ejn/ -
2014-11-30 /ejn/EJN_AtlasAdvanced.aspx -
2014-11-30 /ejn/EJN_Home.aspx -
2014-11-30 /ejn/EJN_Home.aspx -
2014-11-30 /ejn/EJN_Home.aspx -
2014-11-30 /ejn/ -
2014-11-30 /ejn/ -
2014-11-30 /ejn/EJN_AtlasAdvanced.aspx -
2014-11-30 /ejn/libcategories.aspx Id=67
2014-11-30 /ejn/EJN_Home.aspx -
2014-11-30 /ejn/ -
2014-11-30 /ejn/EJN_Home.aspx -
2014-11-30 /ejn/EJN_Home.aspx -
2014-11-30 /ejn/EJN_Home.aspx -
2014-11-30 /ejn/EJN_News.aspx id=41
2014-11-30 /ejn/EJN_Home.aspx -
2014-11-30 /ejn/EJN_Home.aspx -
2014-11-30 /ejn/EJN_Home.aspx -
2014-11-30 /ejn/EJN_StaticPage.aspx Bread=1
2014-11-30 /ejn/EJN_Home.aspx -
2014-11-30 /ejn/EJN_StaticPage.aspx Bread=5
2014-11-30 /ejn/EJN_Home.aspx -
2014-11-30 /ejn/EJN_AtlasAdvanced.aspx -
2014-11-30 /ejn/ -
2014-11-30 /ejn/ -
2014-11-30 /ejn/EJN_AtlasAdvanced.aspx -
2014-11-30 /ejn/ -
2014-11-30 /ejn/EJN_Home.aspx -
2014-11-30 /ejn/ -
2014-11-30 /ejn/ -
2014-11-30 /ejn/EJN_StaticPage.aspx Bread=32
2014-11-30 /ejn/EJN_StaticPage.aspx Bread=9
2014-11-30 /ejn/libcategories.aspx Id=25
2014-11-30 /ejn/libdocumentproperties.aspx Id=3
2014-11-30 /ejn/EJN_AtlasAdvanced.aspx -
2014-11-30 /ejn/EJN_Home.aspx -
2014-11-30 /ejn/libcategories.aspx Id=25
2014-11-30 /ejn/EJN_Home.aspx -
2014-11-30 /ejn/NewsAll.aspx -
2014-11-30 /ejn/EJN_Home.aspx -
2014-11-30 /ejn/EJN_Home.aspx -
2014-11-30 /ejn/libcategories.aspx Id=53
2014-11-30 /ejn/EJN_Home.aspx -
2014-11-30 /ejn/ -
2014-11-30 /ejn/EJN_AtlasAdvanced.aspx -
2014-11-30 /ejn/ -
2014-11-30 /ejn/EJN_AtlasAdvanced.aspx -
2014-11-30 /ejn/EJN_Home.aspx -
2014-11-30 /ejn/ -
2014-11-30 /ejn/ -
2014-11-30 /ejn/EJN_Home.aspx -
2014-11-30 /ejn/ -
2014-11-30 /ejn/ -
2014-11-30 /ejn/EJN_StaticPage.aspx Bread=7
2014-11-30 /ejn/EJN_ContactUs.aspx &KeepThis=true&TB_iframe=true&height=650&width=900
2014-11-30 /ejn/sitemap.aspx -
2014-11-30 /ejn/EJN_StaticPage.aspx Bread=8
2014-11-30 /ejn/EJN_Home.aspx -
2014-11-30 /ejn/EJN_Search.aspx -
2014-11-30 /ejn/EJN_StaticPage.aspx Bread=4
2014-11-30 /ejn/EJN_Faqs.aspx -
2014-11-30 /ejn/ejn_home.aspx -
2014-11-30 /ejn/EJN_AtlasAdvanced.aspx -
2014-11-30 /ejn/AtlasChooseMeasure.aspx MP=1&Cou=UK&Type=2
2014-11-30 /ejn/libcategories.aspx Id=24
2014-11-30 /ejn/libcategories.aspx Id=25
2014-11-30 /ejn/EJN_StaticPage.aspx Bread=2
2014-11-30 /ejn/EJN_StaticPage.aspx Bread=39
2014-11-30 /ejn/libcategories.aspx Id=32
2014-11-30 /ejn/libcategories.aspx Id=34
2014-11-30 /ejn/EJN_StaticPage.aspx Bread=9
2014-11-30 /ejn/libcategories.aspx Id=14
2014-11-30 /ejn/EJN_StaticPage.aspx Bread=10
2014-11-30 /ejn/EJN_Secretariat.aspx -
2014-11-30 /ejn/EJN_StaticPage.aspx Bread=16
2014-11-30 /ejn/EJN_StaticPage.aspx Bread=21
2014-11-30 /ejn/EJN_StaticPage.aspx Bread=28
2014-11-30 /ejn/EJN_StaticPage.aspx Bread=14
2014-11-30 /ejn/Gallery.aspx -
2014-11-30 /ejn/EJN_StaticPage.aspx Bread=17
2014-11-30 /ejn/EJN_StaticPage.aspx Bread=13
2014-11-30 /ejn/EJN_StaticPage.aspx Bread=27
2014-11-30 /ejn/EJN_StaticPage.aspx Bread=33
2014-11-30 /ejn/EJN_StaticPage.aspx Bread=24
2014-11-30 /ejn/EJN_StaticPage.aspx Bread=30
2014-11-30 /ejn/EJN_StaticPage.aspx Bread=32
2014-11-30 /ejn/EJN_StaticPage.aspx Bread=35
2014-11-30 /ejn/EJN_StaticPage.aspx Bread=31
2014-11-30 /ejn/EJN_StaticPage.aspx Bread=25
2014-11-30 /ejn/EJN_StaticPage.aspx Bread=18
2014-11-30 /ejn/EJN_StaticPage.aspx Bread=20
2014-11-30 /ejn/EJN_StaticPage.aspx Bread=34
2014-11-30 /ejn/EJN_StaticPage.aspx Bread=38
2014-11-30 /ejn/NewsDetail.aspx id=330&Ori=H
2014-11-30 /ejn/EJN_StaticPage.aspx Bread=22
2014-11-30 /ejn/EJN_StaticPage.aspx Bread=23
2014-11-30 /ejn/NewsDetail.aspx id=328&Ori=H
2014-11-30 /ejn/NewsDetail.aspx id=329&Ori=H
2014-11-30 /ejn/EJN_StaticPage.aspx Bread=26
2014-11-30 /ejn/EJN_StaticPage.aspx Bread=37
2014-11-30 /ejn/EJN_StaticPage.aspx Bread=19
2014-11-30 /ejn/EJN_StaticPage.aspx Bread=36
2014-11-30 /ejn/NewsDetail.aspx id=326&Ori=H
2014-11-30 /ejn/Events.aspx id=7
2014-11-30 /ejn/NewsDetail.aspx id=327&Ori=H
2014-11-30 /ejn/NewsDetail.aspx id=315&Ori=H
2014-11-30 /ejn/NewsDetail.aspx id=319&Ori=H
2014-11-30 /ejn/NewsDetail.aspx id=331&Ori=H
2014-11-30 /ejn/Events.aspx id=6
2014-11-30 /ejn/Events.aspx event=277
2014-11-30 /ejn/NewsDetail.aspx id=309&Ori=H
2014-11-30 /ejn/NewsDetail.aspx id=312&Ori=H
2014-11-30 /ejn/Events.aspx -
2014-11-30 /ejn/NewsAll.aspx Id=4
2014-11-30 /ejn/Events.aspx Id=7
2014-11-30 /ejn/NewsAll.aspx Id=3
2014-11-30 /ejn/NewsAll.aspx Id=5
2014-11-30 /ejn/NewsAll.aspx Id=1
2014-11-30 /ejn/NewsAll.aspx Id=2
2014-11-30 /ejn/Events.aspx event=316
2014-11-30 /ejn/NewsAll.aspx -
2014-11-30 /ejn/Events.aspx Id=6
2014-11-30 /ejn/EJN_InfoAbout.aspx Id=432
2014-11-30 /ejn/EJN_InfoAbout.aspx Id=230
2014-11-30 /ejn/EJN_InfoAbout.aspx Id=239
2014-11-30 /ejn/EJN_InfoAbout.aspx Id=223
2014-11-30 /ejn/EJN_InfoAbout.aspx Id=259
2014-11-30 /ejn/EJN_InfoAbout.aspx Id=258
2014-11-30 /ejn/EJN_SubscribeNewsLetter.aspx -
2014-11-30 /EJN_StaticPage.aspx Bread=21
2014-11-30 /ejn/EJN_InfoAbout.aspx Id=272
2014-11-30 /ejn/EJN_InfoAbout.aspx Id=307
2014-11-30 /ejn/EJN_InfoAbout.aspx Id=279
2014-11-30 /ejn/EJN_InfoAbout.aspx Id=273
2014-11-30 /ejn/EJN_InfoAbout.aspx Id=269
2014-11-30 /ejn/EJN_InfoAbout.aspx Id=293
2014-11-30 /ejn/EJN_InfoAbout.aspx Id=295
2014-11-30 /ejn/EJN_InfoAbout.aspx Id=260
2014-11-30 /ejn/EJN_InfoAbout.aspx Id=287
2014-11-30 /ejn/EJN_InfoAbout.aspx Id=277
2014-11-30 /ejn/EJN_InfoAbout.aspx Id=373
2014-11-30 /ejn/EJN_InfoAbout.aspx Id=314
2014-11-30 /ejn/EJN_InfoAbout.aspx Id=337
2014-11-30 /ejn/EJN_InfoAbout.aspx Id=313
2014-11-30 /ejn/EJN_InfoAbout.aspx Id=369
2014-11-30 /ejn/EJN_InfoAbout.aspx Id=352
2014-11-30 /ejn/EJN_InfoAbout.aspx Id=321
2014-11-30 /ejn/EJN_InfoAbout.aspx Id=351
2014-11-30 /ejn/EJN_InfoAbout.aspx Id=368
2014-11-30 /ejn/EJN_InfoAbout.aspx Id=354
2014-11-30 /ejn/EJN_InfoAbout.aspx Id=389
2014-11-30 /ejn/EJN_InfoAbout.aspx Id=342
2014-11-30 /ejn/EJN_InfoAbout.aspx Id=215
2014-11-30 /ejn/EJN_InfoAbout.aspx Id=433
2014-11-30 /ejn/EJN_InfoAbout.aspx Id=434
2014-11-30 /ejn/EJN_InfoAbout.aspx Id=395
2014-11-30 /ejn/EJN_InfoAbout.aspx Id=288
2014-11-30 /ejn/EJN_InfoAbout.aspx Id=378
2014-11-30 /ejn/EJN_InfoAbout.aspx Id=435
2014-11-30 /ejn/EJN_InfoAbout.aspx Id=364
2014-11-30 /ejn/AtlasChooseCountry.aspx Type=1
2014-11-30 /ejn/EJN_StaticPage.aspx Bread=1
2014-11-30 /ejn/EJN_StaticPage.aspx Bread=3
2014-11-30 /ejn/AtlasChooseCountry.aspx Type=2
2014-11-30 /ejn/EJN_EAWWizard.aspx -
2014-11-30 /ejn/EJN_Login.aspx -
2014-11-30 /ejn/EJN_FichesBelges.aspx -
2014-11-30 /ejn/EJN_Compendium.aspx -
2014-11-30 /ejn/EJN_InfoAbout.aspx Id=430
2014-11-30 /ejn/EJN_StaticPage.aspx Bread=12
2014-11-30 /ejn/EJN_QuickLinks.aspx id=23
2014-11-30 /ejn/EJN_StaticPage.aspx Bread=11
2014-11-30 /ejn/EJN_QuickLinks.aspx id=28
2014-11-30 /ejn/EJN_QuickLinks.aspx id=24
2014-11-30 /ejn/EJN_QuickLinks.aspx -
2014-11-30 /ejn/libcategories.aspx Id=2
2014-11-30 /ejn/EJN_QuickLinks.aspx id=27
2014-11-30 /ejn/EJN_QuickLinks.aspx id=25
2014-11-30 /ejn/libcategories.aspx -
2014-11-30 /ejn/EJN_QuickLinks.aspx id=26
2014-11-30 /ejn/ejn_search.aspx -
2014-11-30 /ejn/EJN_Faqs.aspx cat=2
2014-11-30 /ejn/ejn_staticpage.aspx Bread=7
2014-11-30 /ejn/ejn_faqs.aspx -
2014-11-30 /ejn/EJN_Faqs.aspx cat=1
2014-11-30 /ejn/EJN_StaticPage.aspx Bread=5
2014-11-30 /ejn/ejn_staticpage.aspx Bread=8
2014-11-30 /ejn/ejn_staticpage.aspx Bread=4
2014-11-30 /ejn/libshowdocument.aspx Id=95&Lang=DE
2014-11-30 /ejn/libcategories.aspx id=1
2014-11-30 /ejn/libdocumentproperties.aspx Id=95
2014-11-30 /ejn/libadvancedsearch.aspx -
2014-11-30 /ejn/libshowdocument.aspx Id=95&Lang=EN
2014-11-30 /ejn/libshowdocument.aspx Id=95&Lang=DK
2014-11-30 /ejn/libshowdocument.aspx Id=95&Lang=EL
2014-11-30 /ejn/libshowdocument.aspx Id=95&Lang=CS
2014-11-30 /ejn/libshowdocument.aspx Id=95&Lang=BG
2014-11-30 /ejn/libshowdocument.aspx Id=95&Lang=ES
2014-11-30 /ejn/libshowdocument.aspx Id=95&Lang=LT
2014-11-30 /ejn/libshowdocument.aspx Id=95&Lang=HU
2014-11-30 /ejn/libshowdocument.aspx Id=95&Lang=LV
2014-11-30 /ejn/libshowdocument.aspx Id=95&Lang=IT
2014-11-30 /ejn/libshowdocument.aspx Id=95&Lang=FI
2014-11-30 /ejn/libshowdocument.aspx Id=95&Lang=FR
2014-11-30 /ejn/libshowdocument.aspx Id=95&Lang=ET
2014-11-30 /ejn/libshowdocument.aspx Id=95&Lang=MT
2014-11-30 /ejn/libshowdocument.aspx Id=95&Lang=HR
2014-11-30 /ejn/libshowdocument.aspx Id=214&Lang=ET
2014-11-30 /ejn/libshowdocument.aspx Id=95&Lang=PT
2014-11-30 /ejn/libshowdocument.aspx Id=95&Lang=SK
2014-11-30 /ejn/libshowdocument.aspx Id=95&Lang=RO
2014-11-30 /ejn/libshowdocument.aspx Id=95&Lang=SL
2014-11-30 /ejn/libshowdocument.aspx Id=214&Lang=EN
2014-11-30 /ejn/libdocumentproperties.aspx Id=214
2014-11-30 /ejn/libshowdocument.aspx Id=95&Lang=PL
2014-11-30 /ejn/libshowdocument.aspx Id=95&Lang=NL
2014-11-30 /ejn/libshowdocument.aspx Id=95&Lang=SV
2014-11-30 /ejn/libdocumentproperties.aspx Id=209
2014-11-30 /ejn/libshowdocument.aspx Id=786&Lang=EN
2014-11-30 /ejn/libdocumentproperties.aspx Id=786
2014-11-30 /ejn/libshowdocument.aspx Id=786&Lang=SK
2014-11-30 /ejn/EJN_Library_StatusOfImpByCat.aspx CategoryId=24
2014-11-30 /ejn/libshowdocument.aspx Id=786&Lang=MT
2014-11-30 /ejn/libshowdocument.aspx Id=786&Lang=ET
2014-11-30 /ejn/libshowdocument.aspx Id=214&Lang=MT
2014-11-30 /ejn/libshowdocument.aspx Id=214&Lang=SK
2014-11-30 /ejn/libdocumentproperties.aspx Id=337
2014-11-30 /ejn/libdocumentproperties.aspx Id=732
2014-11-30 /ejn/libdocumentproperties.aspx Id=343
2014-11-30 /ejn/libdocumentproperties.aspx Id=342
2014-11-30 /ejn/libdocumentproperties.aspx Id=340
2014-11-30 /ejn/libdocumentproperties.aspx Id=344
2014-11-30 /ejn/libdocumentproperties.aspx Id=338
2014-11-30 /ejn/libdocumentproperties.aspx Id=341
2014-11-30 /ejn/libdocumentproperties.aspx Id=339
2014-11-30 /ejn/libdocumentproperties.aspx Id=1383
2014-11-30 /ejn/libdocumentproperties.aspx Id=345
2014-11-30 /ejn/libdocumentproperties.aspx Id=346
2014-11-30 /ejn/EJN_Home.aspx -
2014-11-30 /ejn/EJN_EAWAtlas.aspx -
2014-11-30 /ejn/EJN_Error.aspx -
2014-11-30 /ejn/EJN_Home.aspx -
2014-11-30 /ejn/ -
2014-11-30 /ejn/libcategories.aspx Id=14
2014-11-30 /ejn/EJN_Home.aspx -
2014-11-30 /ejn/libcategories.aspx -
2014-11-30 /ejn/EJN_Home.aspx -
2014-11-30 /ejn/libcategories.aspx Id=21
2014-11-30 /ejn/EJN_Home.aspx -
2014-11-30 /ejn/EJN_Home.aspx -
2014-11-30 /ejn/EJN_Events.aspx date=29/09/2011
2014-11-30 /ejn/ -
2014-11-30 /ejn/EJN_AtlasAdvanced.aspx -
2014-11-30 /ejn/EJN_Home.aspx -
2014-11-30 /ejn/EJN_AtlasAdvancedOld.aspx ctyCode=PT
2014-11-30 /ejn/EJN_AtlasAdvancedOld.aspx ctyCode=PT
2014-11-30 /ejn/ -
2014-11-30 /ejn/EJN_AtlasAdvancedOld.aspx ctyCode=PT
2014-11-30 /ejn/EJN_AtlasAdvancedOld.aspx ctyCode=PT
2014-11-30 /ejn/EJN_AtlasAdvanced.aspx -
2014-11-30 /ejn/EJN_Home.aspx -
2014-11-30 /ejn/ejn_home.aspx -
2014-11-30 /sitemap.aspx -
2014-11-30 /ejn/ -
2014-11-30 /ejn/ -
2014-11-30 /ejn/EJN_Home.aspx -
2014-11-30 /atlas_advanced.aspx -
2014-11-30 /atlas_advanced.aspx -
2014-11-30 /atlas_advanced.aspx -
2014-11-30 /atlas_advanced.aspx -
2014-11-30 /ejn/ -
2014-11-30 /ejn/EJN_QuickLinks.aspx id=24
2014-11-30 /ejn/ -
2014-11-30 /ejn/EJN_AtlasAdvanced.aspx -
2014-11-30 /ejn/AtlasChooseCountry.aspx -
2014-11-30 /ejn/EJN_Home.aspx -
2014-11-30 /ejn/ -
2014-11-30 /ejn/EJN_StaticPage.aspx Bread=12
2014-11-30 /ejn/EJN_Home.aspx -
2014-11-30 /ejn/libcategories.aspx Id=38
2014-11-30 /ejn/EJN_Home.aspx -
2014-11-30 /ejn/EJN_StaticPage.aspx Bread=23
2014-11-30 /ejn/EJN_StaticPage.aspx Bread=12
2014-11-30 /ejn/EJN_Home.aspx -
2014-11-30 /ejn/EJN_Home.aspx -
2014-11-30 /ejn/ -
2014-11-30 /ejn/EJN_AtlasAdvanced.aspx -
2014-11-30 /ejn/EJN_AtlasAdvanced.aspx -
2014-11-30 /ejn/EJN_AtlasAdvanced.aspx -
2014-11-30 /ejn/EJN_StaticPage.aspx Bread=2
2014-11-30 /ejn/EJN_Home.aspx -
2014-11-30 /ejn/EJN_Home.aspx -
2014-11-30 /ejn/libcategories.aspx Id=54
2014-11-30 /ejn/EJN_Home.aspx -
2014-11-30 /ejn/EJN_Home.aspx -
2014-11-30 /ejn/EJN_Home.aspx -
2014-11-30 /ejn/ -
2014-11-30 /ejn/EJN_AtlasAdvanced.aspx -
2014-11-30 /ejn/EJN_FichesBelges.aspx -
2014-11-30 /ejn/EJN_Home.aspx -
2014-11-30 /ejn/EJN_StaticPage.aspx Bread=14
2014-11-30 /ejn/libcategories.aspx Id=66
2014-11-30 /ejn/EJN_Home.aspx -
2014-11-30 /ejn/EJN_Home.aspx -
2014-11-30 /ejn/EJN_Home.aspx -
2014-11-30 /ejn/ -
2014-11-30 /news-detail.aspx anunID=6
2014-11-30 /ejn/EJN_Home.aspx -
2014-11-30 /ejn/ -
2014-11-30 /ejn/ -
2014-11-30 /ejn/ -
2014-11-30 /ejn/EJN_AtlasAdvanced.aspx -
2014-11-30 /ejn/EJN_Home.aspx -
2014-11-30 /ejn/ -
2014-11-30 /ejn/EJN_AtlasAdvanced.aspx -
2014-11-30 /ejn/ -
2014-11-30 /ejn/libshowdocument.aspx Id=247&Lang=BG
2014-11-30 /ejn/libshowdocument.aspx Id=247&Lang=BG
2014-11-30 /ejn/libshowdocument.aspx Id=219&Lang=BG
2014-11-30 /ejn/ -
2014-11-30 /ejn/EJN_AtlasAdvancedOld.aspx ctyCode=SK
2014-11-30 /ejn/EJN_AtlasAdvancedOld.aspx ctyCode=SK
2014-11-30 /ejn/EJN_AtlasAdvanced.aspx -
2014-11-30 /ejn/EJN_Home.aspx -
2014-11-30 /ejn/EJN_Home.aspx -
2014-11-30 /ejn/ -
2014-11-30 /ejn/EJN_AtlasAdvanced.aspx -
2014-11-30 /ejn/ -
2014-11-30 /ejn/EJN_AtlasAdvanced.aspx -
2014-11-30 /ejn/ -
2014-11-30 /ejn/ -
2014-11-30 /ejn/ ++Culture:ELSessionId:by3qlbiirchh4q0ev03b2twdDate_Time:9:16+??
2014-11-30 /ejn/ -
2014-11-30 /ejn/libshowdocument.aspx Id=219&Lang=SV
2014-11-30 /ejn/EJN_QuickLinks.aspx id=25
2014-11-30 /ejn/AtlasChooseCountry.aspx Type=2
2014-11-30 /ejn/EJN_Home.aspx -
2014-11-30 /ejn/AtlasChooseMeasure.aspx MP=0&Cou=239
2014-11-30 /ejn/AtlasChooseMeasure.aspx MP=0&Cou=239
2014-11-30 /ejn/AtlasChooseMeasure.aspx MP=0&Cou=239
2014-11-30 /ejn/AtlasSelection.aspx -
2014-11-30 /ejn/AtlasChooseAuthority.aspx -
2014-11-30 /ejn/AtlasChooseAuthority.aspx -
2014-11-30 /ejn/AtlasChooseAuthority.aspx -
2014-11-30 /ejn/AtlasChooseAuthority.aspx -
2014-11-30 /ejn/AtlasAuthorityData.aspx Id=2567
2014-11-30 /ejn/ -
2014-11-30 /ejn/ -
2014-11-30 /ejn/EJN_AtlasAdvanced.aspx -
2014-11-30 /ejn/AtlasChooseAuthority.aspx -
2014-11-30 /ejn/AtlasChooseAuthority.aspx -
2014-11-30 /ejn/AtlasChooseAuthority.aspx/GetLocations -
2014-11-30 /ejn/AtlasChooseAuthority.aspx/GetLocations -
2014-11-30 /ejn/AtlasChooseAuthority.aspx/GetLocations -
2014-11-30 /ejn/AtlasChooseAuthority.aspx/GetLocations -
2014-11-30 /ejn/AtlasChooseAuthority.aspx -
2014-11-30 /ejn/AtlasChooseAuthority.aspx -
2014-11-30 /ejn/AtlasChooseAuthority.aspx -
2014-11-30 /ejn/AtlasChooseAuthority.aspx -
2014-11-30 /ejn/AtlasChooseAuthority.aspx -
2014-11-30 /ejn/EJN_AtlasAdvanced.aspx -
2014-11-30 /ejn/AtlasChooseAuthority.aspx -
2014-11-30 /ejn/AtlasChooseAuthority.aspx -
2014-11-30 /ejn/AtlasChooseAuthority.aspx -
2014-11-30 /ejn/AtlasChooseAuthority.aspx -
2014-11-30 /ejn/AtlasChooseAuthority.aspx -
2014-11-30 /ejn/AtlasChooseAuthority.aspx -
2014-11-30 /ejn/AtlasChooseAuthority.aspx -
2014-11-30 /ejn/AtlasChooseAuthority.aspx -
2014-11-30 /ejn/AtlasChooseAuthority.aspx -
2014-11-30 /ejn/AtlasChooseAuthority.aspx -
2014-11-30 /ejn/AtlasChooseAuthority.aspx -
2014-11-30 /ejn/AtlasChooseCountry.aspx Type=2
2014-11-30 /ejn/AtlasChooseMeasure.aspx MP=0&Cou=239
2014-11-30 /ejn/AtlasChooseMeasure.aspx MP=0&Cou=239
2014-11-30 /ejn/AtlasChooseMeasure.aspx MP=0&Cou=239
2014-11-30 /ejn/AtlasSelection.aspx -
2014-11-30 /ejn/AtlasChooseAuthority.aspx -
2014-11-30 /ejn/ -
2014-11-30 /ejn/AtlasChooseAuthority.aspx -
2014-11-30 /ejn/AtlasChooseAuthority.aspx -
2014-11-30 /ejn/EJN_AtlasAdvanced.aspx -
2014-11-30 /ejn/AtlasChooseAuthority.aspx -
2014-11-30 /ejn/AtlasChooseAuthority.aspx -
2014-11-30 /ejn/AtlasChooseAuthority.aspx -
2014-11-30 /ejn/AtlasChooseAuthority.aspx -
2014-11-30 /ejn/AtlasAuthorityData.aspx Id=2550
2014-11-30 /ejn/AtlasChooseAuthority.aspx -
2014-11-30 /ejn/AtlasChooseAuthority.aspx -
2014-11-30 /ejn/AtlasChooseAuthority.aspx -
2014-11-30 /ejn/AtlasAuthorityData.aspx Id=2576
2014-11-30 /ejn/AtlasChooseAuthority.aspx -
2014-11-30 /ejn/AtlasChooseAuthority.aspx -
2014-11-30 /ejn/AtlasChooseAuthority.aspx -
2014-11-30 /ejn/AtlasChooseAuthority.aspx -
2014-11-30 /ejn/AtlasChooseAuthority.aspx -
2014-11-30 /ejn/AtlasChooseAuthority.aspx -
2014-11-30 /ejn/AtlasAuthorityData.aspx Id=2558
2014-11-30 /ejn/AtlasChooseAuthority.aspx -
2014-11-30 /ejn/AtlasChooseAuthority.aspx -
2014-11-30 /ejn/AtlasChooseAuthority.aspx -
2014-11-30 /ejn/AtlasAuthorityData.aspx Id=2573
2014-11-30 /ejn/AtlasChooseAuthority.aspx -
2014-11-30 /ejn/AtlasChooseAuthority.aspx -
2014-11-30 /ejn/AtlasChooseAuthority.aspx -
2014-11-30 /ejn/AtlasAuthorityData.aspx Id=2551
2014-11-30 /ejn/AtlasChooseAuthority.aspx -
2014-11-30 /ejn/AtlasChooseAuthority.aspx -
2014-11-30 /ejn/EJN_Home.aspx -
2014-11-30 /ejn/AtlasChooseAuthority.aspx -
2014-11-30 /ejn/AtlasAuthorityData.aspx Id=2573
2014-11-30 /ejn/AtlasChooseAuthority.aspx -
2014-11-30 /ejn/AtlasChooseAuthority.aspx -
2014-11-30 /ejn/AtlasChooseAuthority.aspx -
2014-11-30 /ejn/AtlasAuthorityData.aspx Id=2567
2014-11-30 /ejn/AtlasChooseAuthority.aspx/GetLocations -
2014-11-30 /ejn/AtlasChooseAuthority.aspx/GetLocations -
2014-11-30 /ejn/AtlasChooseAuthority.aspx/GetLocations -
2014-11-30 /ejn/AtlasChooseAuthority.aspx -
2014-11-30 /ejn/AtlasChooseAuthority.aspx -
2014-11-30 /ejn/AtlasChooseAuthority.aspx -
2014-11-30 /ejn/ -
2014-11-30 /ejn/AtlasChooseAuthority.aspx -
2014-11-30 /ejn/EJN_AtlasAdvanced.aspx -
2014-11-30 /ejn/AtlasChooseCountry.aspx Type=2
2014-11-30 /ejn/AtlasChooseMeasure.aspx MP=0&Cou=259
2014-11-30 /ejn/AtlasChooseMeasure.aspx MP=0&Cou=259
2014-11-30 /ejn/AtlasChooseMeasure.aspx MP=0&Cou=259
2014-11-30 /ejn/AtlasSelection.aspx -
2014-11-30 /ejn/AtlasSelection.aspx -
2014-11-30 /ejn/AtlasSelection.aspx -
2014-11-30 /ejn/AtlasChooseAuthority.aspx -
2014-11-30 /ejn/AtlasChooseAuthority.aspx -
2014-11-30 /ejn/AtlasChooseAuthority.aspx -
2014-11-30 /ejn/AtlasAuthorityData.aspx Id=78
2014-11-30 /ejn/AtlasChooseAuthority.aspx -
2014-11-30 /ejn/AtlasChooseAuthority.aspx -
2014-11-30 /ejn/AtlasSelection.aspx Option=PathOptions
2014-11-30 /ejn/AtlasSelection.aspx Option=PathOptions
2014-11-30 /ejn/AtlasSelection.aspx Option=PathOptions
2014-11-30 /ejn/AtlasChooseAuthority.aspx -
2014-11-30 /ejn/AtlasChooseAuthority.aspx -
2014-11-30 /ejn/AtlasChooseAuthority.aspx -
2014-11-30 /ejn/AtlasAuthorityData.aspx Id=2325
2014-11-30 /ejn/ -
2014-11-30 /ejn/libcategories.aspx Id=44
2014-11-30 /ejn/EJN_Home.aspx -
2014-11-30 /ejn/EJN_Home.aspx -
2014-11-30 /ejn/EJN_InfoAbout.aspx Id=395
2014-11-30 /ejn/AtlasChooseAuthority.aspx -
2014-11-30 /ejn/AtlasChooseAuthority.aspx -
2014-11-30 /ejn/AtlasAuthorityData.aspx Id=2321
2014-11-30 /ejn/AtlasChooseAuthority.aspx -
2014-11-30 /ejn/AtlasChooseAuthority.aspx -
2014-11-30 /ejn/AtlasAuthorityData.aspx Id=2327
2014-11-30 /ejn/AtlasChooseAuthority.aspx -
2014-11-30 /ejn/AtlasChooseAuthority.aspx -
2014-11-30 /ejn/AtlasChooseAuthority.aspx -
2014-11-30 /ejn/AtlasChooseAuthority.aspx -
2014-11-30 /ejn/AtlasAuthorityData.aspx Id=2321
2014-11-30 /ejn/AtlasChooseCountry.aspx Type=2
2014-11-30 /ejn/ -
2014-11-30 /ejn/EJN_AtlasAdvanced.aspx -
2014-11-30 /ejn/AtlasChooseMeasure.aspx MP=0&Cou=342
2014-11-30 /ejn/AtlasChooseMeasure.aspx MP=0&Cou=239
2014-11-30 /ejn/AtlasChooseMeasure.aspx MP=0&Cou=239
2014-11-30 /ejn/AtlasChooseMeasure.aspx MP=0&Cou=239
2014-11-30 /ejn/AtlasSelection.aspx -
2014-11-30 /ejn/AtlasChooseAuthority.aspx -
2014-11-30 /ejn/AtlasChooseCountry.aspx Type=2
2014-11-30 /ejn/AtlasChooseMeasure.aspx MP=0&Cou=259
2014-11-30 /ejn/EJN_Home.aspx -
2014-11-30 /ejn/AtlasChooseMeasure.aspx MP=0&Cou=259
2014-11-30 /ejn/AtlasChooseMeasure.aspx MP=0&Cou=259
2014-11-30 /ejn/AtlasSelection.aspx -
2014-11-30 /ejn/AtlasSelection.aspx -
2014-11-30 /ejn/AtlasSelection.aspx -
2014-11-30 /ejn/AtlasChooseAuthority.aspx -
2014-11-30 /ejn/AtlasChooseCountry.aspx Type=2
2014-11-30 /ejn/ -
2014-11-30 /ejn/AtlasChooseMeasure.aspx MP=0&Cou=279
2014-11-30 /ejn/AtlasChooseMeasure.aspx MP=0&Cou=279
2014-11-30 /ejn/EJN_InfoAbout.aspx Id=277
2014-11-30 /ejn/AtlasChooseMeasure.aspx MP=0&Cou=279
2014-11-30 /ejn/AtlasSelection.aspx -
2014-11-30 /ejn/AtlasSelection.aspx -
2014-11-30 /ejn/AtlasChooseMeasure.aspx MP=0&Cou=279
2014-11-30 /ejn/AtlasChooseMeasure.aspx MP=0&Cou=279
2014-11-30 /ejn/AtlasChooseMeasure.aspx MP=0&Cou=279
2014-11-30 /ejn/AtlasSelection.aspx -
2014-11-30 /ejn/AtlasSelection.aspx -
2014-11-30 /ejn/AtlasSelection.aspx -
2014-11-30 /ejn/AtlasChooseAuthority.aspx -
2014-11-30 /ejn/ -
2014-11-30 /ejn/AtlasChooseAuthority.aspx -
2014-11-30 /ejn/AtlasChooseAuthority.aspx -
2014-11-30 /ejn/AtlasAuthorityData.aspx Id=3298
2014-11-30 /ejn/AtlasChooseAuthority.aspx -
2014-11-30 /ejn/ -
2014-11-30 /ejn/AtlasChooseAuthority.aspx -
2014-11-30 /ejn/AtlasSelection.aspx Option=PathOptions
2014-11-30 /ejn/AtlasSelection.aspx Option=PathOptions
2014-11-30 /ejn/EJN_AtlasAdvanced.aspx -
2014-11-30 /ejn/AtlasSelection.aspx Option=PathOptions
2014-11-30 /ejn/AtlasAuthorityData.aspx Id=5328
2014-11-30 /ejn/AtlasSelection.aspx Option=PathOptions
2014-11-30 /ejn/AtlasAuthorityData.aspx Id=5328
2014-11-30 /ejn/AtlasAuthorityData.aspx Id=5328
2014-11-30 /ejn/AtlasSelection.aspx Option=PathOptions
2014-11-30 /ejn/AtlasSelection.aspx Option=PathOptions
2014-11-30 /ejn/AtlasSelection.aspx Option=PathOptions
2014-11-30 /ejn/AtlasChooseAuthority.aspx -
2014-11-30 /ejn/AtlasChooseAuthority.aspx -
2014-11-30 /ejn/AtlasChooseAuthority.aspx -
2014-11-30 /ejn/AtlasChooseAuthority.aspx -
2014-11-30 /ejn/AtlasAuthorityData.aspx Id=3298
2014-11-30 /ejn/AtlasChooseCountry.aspx Type=2
2014-11-30 /ejn/AtlasChooseMeasure.aspx MP=0&Cou=354
2014-11-30 /ejn/AtlasChooseMeasure.aspx MP=0&Cou=354
2014-11-30 /ejn/AtlasChooseMeasure.aspx MP=0&Cou=354
2014-11-30 /ejn/AtlasSelection.aspx -
2014-11-30 /ejn/AtlasSelection.aspx -
2014-11-30 /ejn/AtlasSelection.aspx -
2014-11-30 /ejn/AtlasSelection.aspx -
2014-11-30 /ejn/EJN_Home.aspx -
2014-11-30 /ejn/AtlasSelection.aspx -
2014-11-30 /ejn/AtlasAuthorityData.aspx Id=4136
2014-11-30 /ejn/AtlasChooseCountry.aspx Type=2
2014-11-30 /ejn/EJN_Home.aspx -
2014-11-30 /ejn/ -
2014-11-30 /ejn/ -
2014-11-30 /ejn/ -
2014-11-30 /ejn/EJN_AtlasAdvanced.aspx -
2014-11-30 /ejn/EJN_Home.aspx -
2014-11-30 /ejn/EJN_Home.aspx -
2014-11-30 /ejn/ -
2014-11-30 /ejn/ -
2014-11-30 /ejn/EJN_AtlasAdvanced.aspx -
2014-11-30 /ejn/ -
2014-11-30 /ejn/EJN_Home.aspx -
2014-11-30 /ejn/EJN_InfoAbout.aspx Id=287
2014-11-30 /ejn/EJN_AtlasAdvanced.aspx -
2014-11-30 /ejn/ -
2014-11-30 /ejn/EJN_AtlasAdvanced.aspx -
2014-11-30 /ejn/EJN_Home.aspx -
2014-11-30 /ejn/EJN_Home.aspx -
2014-11-30 /ejn/ -
2014-11-30 /ejn/ -
2014-11-30 /ejn/AtlasChooseCountry.aspx -
2014-11-30 /ejn/EJN_Home.aspx -
2014-11-30 /ejn/AtlasChooseMeasure.aspx MP=1&Cou=UK&Type=2
2014-11-30 /ejn/AtlasChooseMeasure.aspx MP=1&Cou=UK&Type=2++Culture:ESSessionId:gxainvpvou5tyjrcawor3lrrDate_Time:10:44
2014-11-30 /ejn/AtlasChooseMeasure.aspx MP=1&Cou=UK&Type=2
2014-11-30 /ejn/ -
2014-11-30 /ejn/ -
2014-11-30 /ejn/ -
2014-11-30 /ejn/EJN_AtlasAdvanced.aspx -
2014-11-30 /ejn/EJN_Home.aspx -
2014-11-30 /ejn/Events.aspx event=149
2014-11-30 /ejn/EJN_Home.aspx -
2014-11-30 /ejn/EJN_StaticPage.aspx Bread=21
2014-11-30 /ejn/Events.aspx event=247
2014-11-30 /ejn/libcategories.aspx Id=24
2014-11-30 /ejn/EJN_StaticPage.aspx Bread=1
2014-11-30 /ejn/EJN_Home.aspx -
2014-11-30 /ejn/EJN_Home.aspx -
2014-11-30 /ejn/ -
2014-11-30 /ejn/EJN_AtlasAdvanced.aspx -
2014-11-30 /ejn/EJN_Home.aspx -
2014-11-30 /ejn/ -
2014-11-30 /ejn/EJN_AtlasAdvanced.aspx -
2014-11-30 /ejn/EJN_Home.aspx -
2014-11-30 /ejn/ -
2014-11-30 /ejn/AtlasChooseCountry.aspx Type=1
2014-11-30 /ejn/EJN_Home.aspx -
2014-11-30 /ejn/ -
2014-11-30 /ejn/EJN_Home.aspx -
2014-11-30 /ejn/EJN_AtlasAdvanced.aspx -
2014-11-30 /ejn/EJN_EAWAtlas.aspx -
2014-11-30 /ejn/EJN_Error.aspx -
2014-11-30 /ejn/EJN_Home.aspx -
2014-11-30 /ejn/AtlasChooseMeasure.aspx Mp=1&Cou=FR&Type=2
2014-11-30 /ejn/ -
2014-11-30 /ejn/EJN_AtlasAdvanced.aspx -
2014-11-30 /ejn/EJN_Home.aspx -
2014-11-30 /ejn/ -
2014-11-30 /ejn/EJN_AtlasAdvanced.aspx -
2014-11-30 /ejn/ -
2014-11-30 /ejn/EJN_Home.aspx -
2014-11-30 /ejn/EJN_Home.aspx -
2014-11-30 /ejn/EJN_Home.aspx -
2014-11-30 /ejn/EJN_Home.aspx -
2014-11-30 /ejn/EJN_Home.aspx -
2014-11-30 /ejn/EJN_AtlasAdvancedOld.aspx ctyCode=SK
2014-11-30 /ejn/EJN_Home.aspx -
2014-11-30 /ejn/ -
2014-11-30 /ejn/EJN_AtlasAdvancedOld.aspx ctyCode=SK
2014-11-30 /ejn/EJN_AtlasAdvanced.aspx -
2014-11-30 /ejn/libshowdocument.aspx Id=219&Lang=FR
2014-11-30 /ejn/EJN_Events.aspx date=29/09/2011
2014-11-30 /ejn/EJN_News.aspx -
2014-11-30 /ejn/EJN_News.aspx -
2014-11-30 /ejn/EJN_Home.aspx -
2014-11-30 /ejn/ -
2014-11-30 /ejn/EJN_AtlasAdvanced.aspx -
2014-11-30 /ejn/ -
2014-11-30 /ejn/ -
2014-11-30 /ejn/EJN_News.aspx id=41
2014-11-30 /ejn/EJN_Compendium.aspx -
2014-11-30 /ejn/EJN_Home.aspx -
2014-11-30 /ejn/EJN_Home.aspx -
2014-11-30 /ejn/EJN_Home.aspx -
2014-11-30 /ejn/ -
2014-11-30 /ejn/EJN_AtlasAdvanced.aspx -
2014-11-30 /ejn/ -
2014-11-30 /ejn/EJN_News.aspx id=49
2014-11-30 /ejn/EJN_News.aspx id=49
2014-11-30 /ejn/EJN_Home.aspx -
2014-11-30 /ejn/ -
2014-11-30 /ejn/EJN_InfoAbout.aspx Id=352
2014-11-30 /ejn/ -
2014-11-30 /ejn/EJN_AtlasAdvanced.aspx -
2014-11-30 /ejn/libshowdocument.aspx Id=247&Lang=NL
2014-11-30 /ejn/libshowdocument.aspx Id=247&Lang=NL
2014-11-30 /ejn/EJN_Home.aspx -
2014-11-30 /ejn/EJN_Home.aspx -
2014-11-30 /ejn/ -
2014-11-30 /ejn/ -
2014-11-30 /ejn/EJN_AtlasAdvanced.aspx -
2014-11-30 /ejn/EJN_Home.aspx -
2014-11-30 /ejn/EJN_AtlasAdvanced.aspx -
2014-11-30 /ejn/EJN_Home.aspx -
2014-11-30 /ejn/ -
2014-11-30 /ejn/EJN_AtlasAdvanced.aspx -
2014-11-30 /ejn/EJN_Home.aspx -
2014-11-30 /ejn/EJN_Home.aspx -
2014-11-30 /ejn/ -
2014-11-30 /ejn/EJN_AtlasAdvanced.aspx -
2014-11-30 /ejn/ejn_events.aspx -
2014-11-30 /ejn/ejn_events.aspx -
2014-11-30 /ejn/EJN_News.aspx id=33
2014-11-30 /ejn/EJN_News.aspx id=33
2014-11-30 /ejn/EJN_Home.aspx -
2014-11-30 /ejn/EJN_Home.aspx -
2014-11-30 /atlas_advanced.aspx -
2014-11-30 /atlas_advanced.aspx -
2014-11-30 /ejn/EJN_Events.aspx date=09/06/2011
2014-11-30 /ejn/libshowdocument.aspx Id=1&Lang=EN
2014-11-30 /ejn/ -
2014-11-30 /ejn/EJN_Events.aspx date=09/06/2011
2014-11-30 /atlas_advanced.aspx -
2014-11-30 /atlas_advanced.aspx -
2014-11-30 /ejn/ -
2014-11-30 /ejn/ -
2014-11-30 /ejn/ -
2014-11-30 /ejn/libcategories.aspx Id=2
2014-11-30 /ejn/ -
2014-11-30 /ejn/EJN_AtlasAdvanced.aspx -
2014-11-30 /ejn/EJN_Home.aspx -
2014-11-30 /ejn/libcategories.aspx Id=2
2014-11-30 /ejn/libadvancedsearch.aspx -
2014-11-30 /ejn/ -
2014-11-30 /ejn/libshowdocument.aspx Id=197&Lang=CS
2014-11-30 /ejn/libshowdocument.aspx Id=197&Lang=CS
2014-11-30 /ejn/EJN_QuickLinks.aspx id=27
2014-11-30 /ejn/EJN_QuickLinks.aspx id=27
2014-11-30 /ejn/EJN_InfoAbout.aspx Id=373
2014-11-30 /ejn/EJN_Home.aspx -
2014-11-30 /ejn/ -
2014-11-30 /ejn/ -
2014-11-30 /ejn/ ++Culture:PTSessionId:n5juj1cktfs3qxq4uytykaltDate_Time:13:03
2014-11-30 /ejn/EJN_AtlasAdvanced.aspx -
2014-11-30 /ejn/EJN_InfoAbout.aspx Id=352
2014-11-30 /ejn/EJN_InfoAbout.aspx Id=352
2014-11-30 /ejn/ -
2014-11-30 /ejn/ -
2014-11-30 /ejn/EJN_Home.aspx -
2014-11-30 /ejn/ -
2014-11-30 /ejn/ -
2014-11-30 /ejn/EJN_AtlasAdvanced.aspx -
2014-11-30 /ejn/EJN_Home.aspx -
2014-11-30 /ejn/ -
2014-11-30 /ejn/AtlasChooseMeasure.aspx Mp=1&Cou=ES&Type=2
2014-11-30 /ejn/EJN_Home.aspx -
2014-11-30 /ejn/EJN_Home.aspx -
2014-11-30 /ejn/ -
2014-11-30 /ejn/AtlasChooseCountry.aspx Type=2
2014-11-30 /ejn/ -
2014-11-30 /ejn/ -
2014-11-30 /ejn/EJN_Login.aspx -
2014-11-30 /ejn/ -
2014-11-30 /ejn/EJN_AtlasAdvanced.aspx -
2014-11-30 /ejn/EJN_AtlasAdvanced.aspx -
2014-11-30 /ejn/EJN_Home.aspx -
2014-11-30 /ejn/EJN_Login.aspx -
2014-11-30 /ejn/ -
2014-11-30 /ejn/ -
2014-11-30 /ejn/EJN_QuickLinks.aspx id=23
2014-11-30 /ejn/ -
2014-11-30 /ejn/EJN_AtlasAdvanced.aspx -
2014-11-30 /ejn/EJN_Compendium.aspx -
2014-11-30 /ejn/ctrls.compendium/IframeEngine.aspx -
2014-11-30 /ejn/EJN_Home.aspx -
2014-11-30 /ejn/EJN_Compendium.aspx -
2014-11-30 /ejn/ctrls.compendium/IframeEngine.aspx -
2014-11-30 /ejn/EJN_Home.aspx -
2014-11-30 /ejn/EJN_ContactPoints.aspx -
2014-11-30 /ejn/EJN_ContactPoints.aspx -
2014-11-30 /ejn/ -
2014-11-30 /ejn/EJN_AtlasAdvanced.aspx -
2014-11-30 /ejn/ -
2014-11-30 /ejn/EJN_Home.aspx -
2014-11-30 /ejn/libshowdocument.aspx Id=16&Lang=RO
2014-11-30 /ejn/libshowdocument.aspx Id=16&Lang=RO
2014-11-30 /ejn/ejn_guidevisit.aspx -
2014-11-30 /ejn/ejn_guidevisit.aspx -
2014-11-30 /ejn/ -
2014-11-30 /ejn/EJN_Home.aspx -
2014-11-30 /ejn/EJN_Home.aspx -
2014-11-30 /ejn/EJN_Home.aspx -
2014-11-30 /ejn/EJN_Home.aspx -
2014-11-30 /ejn/ -
2014-11-30 /ejn/EJN_AtlasAdvanced.aspx -
2014-11-30 /ejn/EJN_Home.aspx -
2014-11-30 /ejn/EJN_Events.aspx Id=29
2014-11-30 /ejn/EJN_Events.aspx Id=29
2014-11-30 /ejn/EJN_Home.aspx -
2014-11-30 /eaw_atlas.aspx -
2014-11-30 /ejn/ -
2014-11-30 /ejn/ ++Culture:DESessionId:vu4nrupzuy22nc3p1mt1mmv1Date_Time:14:01
2014-11-30 /ejn/AtlasChooseCountry.aspx Type=2
2014-11-30 /ejn/AtlasChooseCountry.aspx Type=2
2014-11-30 /ejn/AtlasChooseMeasure.aspx MP=0&Cou=373
2014-11-30 /ejn/AtlasChooseMeasure.aspx MP=0&Cou=373
2014-11-30 /ejn/AtlasChooseMeasure.aspx MP=0&Cou=373
2014-11-30 /ejn/AtlasSelection.aspx -
2014-11-30 /ejn/AtlasSelection.aspx -
2014-11-30 /ejn/AtlasSelection.aspx -
2014-11-30 /ejn/AtlasSelection.aspx -
2014-11-30 /ejn/AtlasSelection.aspx -
2014-11-30 /ejn/EJN_StaticPage.aspx Bread=12
2014-11-30 /ejn/EJN_Home.aspx -
2014-11-30 /ejn/AtlasSelection.aspx -
2014-11-30 /ejn/libcategories.aspx Id=40
2014-11-30 /ejn/EJN_Home.aspx -
2014-11-30 /ejn/AtlasSelection.aspx -
2014-11-30 /ejn/AtlasSelection.aspx -
2014-11-30 /ejn/AtlasSelection.aspx -
2014-11-30 /ejn/AtlasSelection.aspx -
2014-11-30 /ejn/AtlasSelection.aspx -
2014-11-30 /ejn/AtlasAuthorityData.aspx Id=4145
2014-11-30 /ejn/ -
2014-11-30 /ejn/AtlasAuthorityData.aspx Id=4145
2014-11-30 /ejn/AtlasAuthorityData.aspx Id=4145
2014-11-30 /ejn/AtlasAuthorityData.aspx Id=4145
2014-11-30 /ejn/AtlasSelection.aspx Option=PathOptions
2014-11-30 /ejn/AtlasSelection.aspx Option=PathOptions
2014-11-30 /ejn/AtlasSelection.aspx Option=PathOptions
2014-11-30 /ejn/AtlasSelection.aspx Option=PathOptions
2014-11-30 /ejn/AtlasSelection.aspx Option=PathOptions
2014-11-30 /ejn/AtlasChooseAuthority.aspx -
2014-11-30 /ejn/EJN_AtlasAdvanced.aspx -
2014-11-30 /ejn/AtlasChooseAuthority.aspx/GetLocations -
2014-11-30 /ejn/AtlasChooseAuthority.aspx -
2014-11-30 /ejn/AtlasAuthorityData.aspx Id=2839
2014-11-30 /ejn/EJN_Home.aspx -
2014-11-30 /ejn/ -
2014-11-30 /ejn/ -
2014-11-30 /ejn/ ++Culture:DESessionId:cbdp2teqsoan01yhddvnf2nfDate_Time:14:14
2014-11-30 /ejn/EJN_InfoAbout.aspx Id=373
2014-11-30 /ejn/EJN_StaticPage.aspx Bread=10
2014-11-30 /ejn/EJN_AtlasAdvanced.aspx -
2014-11-30 /ejn/AtlasChooseMeasure.aspx Mp=1&Cou=ES&Type=2
2014-11-30 /ejn/EJN_Home.aspx -
2014-11-30 /ejn/AtlasChooseMeasure.aspx Mp=1&Cou=ES&Type=2
2014-11-30 /ejn/AtlasChooseMeasure.aspx Mp=1&Cou=ES&Type=2
2014-11-30 /ejn/AtlasSelection.aspx -
2014-11-30 /ejn/AtlasSelection.aspx -
2014-11-30 /ejn/AtlasSelection.aspx -
2014-11-30 /ejn/AtlasSelection.aspx -
2014-11-30 /ejn/AtlasSelection.aspx -
2014-11-30 /ejn/AtlasSelection.aspx -
2014-11-30 /ejn/AtlasAuthorityData.aspx Id=4145
2014-11-30 /ejn/AtlasAuthorityData.aspx Id=4145
2014-11-30 /ejn/AtlasSelection.aspx Option=PathOptions
2014-11-30 /ejn/AtlasSelection.aspx Option=PathOptions
2014-11-30 /ejn/EJN_Home.aspx -
2014-11-30 /ejn/AtlasSelection.aspx Option=PathOptions
2014-11-30 /ejn/AtlasSelection.aspx Option=PathOptions
2014-11-30 /ejn/AtlasSelection.aspx Option=PathOptions
2014-11-30 /ejn/AtlasChooseAuthority.aspx -
2014-11-30 /ejn/AtlasSelection.aspx Option=PathOptions
2014-11-30 /ejn/AtlasSelection.aspx Option=PathOptions
2014-11-30 /ejn/AtlasSelection.aspx Option=PathOptions
2014-11-30 /ejn/AtlasSelection.aspx Option=PathOptions
2014-11-30 /ejn/AtlasSelection.aspx Option=PathOptions
2014-11-30 /ejn/AtlasSelection.aspx Option=PathOptions
2014-11-30 /ejn/AtlasSelection.aspx Option=PathOptions
2014-11-30 /ejn/AtlasSelection.aspx Option=PathOptions
2014-11-30 /ejn/AtlasSelection.aspx Option=PathOptions
2014-11-30 /ejn/AtlasAuthorityData.aspx Id=4145
2014-11-30 /ejn/ -
2014-11-30 /ejn/ -
2014-11-30 /ejn/EJN_AtlasAdvanced.aspx -
2014-11-30 /ejn/EJN_Home.aspx -
2014-11-30 /EJN_StaticPage.aspx Bread=21
2014-11-30 /ejn/EJN_AtlasAdvanced.aspx -
2014-11-30 /ejn/libcategories.aspx Id=8
2014-11-30 /ejn/EJN_Home.aspx -
2014-11-30 /ejn/ -
2014-11-30 /ejn/EJN_AtlasAdvanced.aspx -
2014-11-30 /ejn/ -
2014-11-30 /ejn/EJN_InfoAbout.aspx Id=354
2014-11-30 /ejn/AtlasChooseCountry.aspx Type=2
2014-11-30 /ejn/AtlasChooseCountry.aspx Type=2
2014-11-30 /ejn/AtlasChooseMeasure.aspx MP=0&Cou=354
2014-11-30 /ejn/EJN_Home.aspx -
2014-11-30 /ejn/AtlasChooseMeasure.aspx MP=0&Cou=354
2014-11-30 /ejn/AtlasChooseMeasure.aspx MP=0&Cou=354
2014-11-30 /ejn/AtlasSelection.aspx -
2014-11-30 /ejn/AtlasSelection.aspx -
2014-11-30 /ejn/AtlasSelection.aspx -
2014-11-30 /ejn/AtlasSelection.aspx -
2014-11-30 /ejn/AtlasSelection.aspx -
2014-11-30 /ejn/AtlasAuthorityData.aspx Id=4136
2014-11-30 /ejn/EJN_Home.aspx -
2014-11-30 /ejn/EJN_News.aspx id=57
2014-11-30 /ejn/EJN_Home.aspx -
2014-11-30 /ejn/EJN_Events.aspx date=27/06/2011
2014-11-30 /ejn/EJN_Events.aspx date=27/06/2011
2014-11-30 /ejn_tools.aspx -
2014-11-30 /ejn_tools.aspx -
2014-11-30 /ejn/ -
2014-11-30 /ejn/EJN_News.aspx id=57
2014-11-30 /ejn/EJN_AtlasAdvanced.aspx -
2014-11-30 /ejn/EJN_Home.aspx -
2014-11-30 /ejn/EJN_Home.aspx -
2014-11-30 /ejn/EJN_Home.aspx -
2014-11-30 /ejn/ -
2014-11-30 /ejn/EJN_AtlasAdvanced.aspx -
2014-11-30 /ejn/EJN_Home.aspx -
2014-11-30 /ejn/EJN_Home.aspx -
2014-11-30 /ejn/EJN_Home.aspx -
2014-11-30 /ejn/ -
2014-11-30 /ejn/EJN_AtlasAdvanced.aspx -
2014-11-30 /ejn/ -
2014-11-30 /ejn/libcategories.aspx Id=2
2014-11-30 /ejn/EJN_Home.aspx -
2014-11-30 /ejn/ -
2014-11-30 /ejn/EJN_Home.aspx -
2014-11-30 /ejn/EJN_Home.aspx -
2014-11-30 /ejn/AtlasChooseAuthority.aspx -
2014-11-30 /ejn/EJN_Error.aspx -
2014-11-30 /ejn/EJN_Home.aspx -
2014-11-30 /ejn/EJN_Home.aspx -
2014-11-30 /ejn/ -
2014-11-30 /ejn/EJN_Home.aspx -
2014-11-30 /ejn/ -
2014-11-30 /ejn/EJN_AtlasAdvanced.aspx -
2014-11-30 /ejn/EJN_Home.aspx -
2014-11-30 /ejn/ -
2014-11-30 /ejn/ -
2014-11-30 /ejn/AtlasChooseCountry.aspx Type=1
2014-11-30 /ejn/EJN_Home.aspx -
2014-11-30 /ejn/ -
2014-11-30 /ejn/EJN_AtlasAdvancedOld.aspx ctyCode=SK
2014-11-30 /ejn/EJN_Home.aspx -
2014-11-30 /ejn/EJN_Home.aspx -
2014-11-30 /ejn/EJN_Home.aspx -
2014-11-30 /ejn/EJN_Home.aspx -
2014-11-30 /ejn/EJN_Home.aspx -
2014-11-30 /ejn/libcategories.aspx Id=90
2014-11-30 /ejn/EJN_Home.aspx -
2014-11-30 /ejn/EJN_Home.aspx -
2014-11-30 /ejn/ -
2014-11-30 /ejn/ -
2014-11-30 /ejn/EJN_Home.aspx -
2014-11-30 /ejn/EJN_Home.aspx -
2014-11-30 /ejn/AtlasChooseCountry.aspx -
2014-11-30 /ejn/EJN_Home.aspx -
2014-11-30 /ejn/EJN_Compendium.aspx -
2014-11-30 /ejn/ctrls.compendium/IframeEngine.aspx -
2014-11-30 /ejn/EJN_Home.aspx -
2014-11-30 /ejn/EJN_Home.aspx -
2014-11-30 /ejn/EJN_AtlasAdvanced.aspx -
2014-11-30 /ejn/EJN_Compendium.aspx -
2014-11-30 /ejn/ -
2014-11-30 /ejn/EJN_Compendium.aspx -
2014-11-30 /ejn/libcategories.aspx Id=2
2014-11-30 /ejn/EJN_Home.aspx -
2014-11-30 /ejn/EJN_Home.aspx -
2014-11-30 /ejn/libcategories.aspx Id=2++Culture:FRSessionId:dkckq2w54y4cyycjrzdocid3Date_Time:15:58
2014-11-30 /ejn/libcategories.aspx Id=2++Culture:ESSessionId:dkckq2w54y4cyycjrzdocid3Date_Time:15:58
2014-11-30 /ejn/libcategories.aspx Id=2++Culture:FRSessionId:dkckq2w54y4cyycjrzdocid3Date_Time:15:58
2014-11-30 /ejn/EJN_Library_StatusOfImpByCat.aspx CategoryId=34
2014-11-30 /ejn/AtlasChooseCountry.aspx -
2014-11-30 /ejn/EJN_Search.aspx -
2014-11-30 /ejn/libcategories.aspx Id=14
2014-11-30 /ejn/EJN_Home.aspx -
2014-11-30 /ejn/libcategories.aspx Id=14
2014-11-30 /ejn/libcategories.aspx Id=19
2014-11-30 /ejn/libcategories.aspx Id=12
2014-11-30 /ejn/EJN_Library_StatusOfImpByCat.aspx CategoryId=14
2014-11-30 /ejn/ -
2014-11-30 /ejn/EJN_AtlasAdvanced.aspx -
2014-11-30 /ejn/EJN_Home.aspx -
2014-11-30 /ejn/EJN_Home.aspx -
2014-11-30 /ejn/ -
2014-11-30 /ejn/EJN_Home.aspx -
2014-11-30 /ejn/EJN_StaticPage.aspx Bread=3
2014-11-30 /ejn/EJN_Home.aspx -
2014-11-30 /ejn/ -
2014-11-30 /ejn/NewsDetail.aspx id=94&Ori=H
2014-11-30 /ejn/EJN_Home.aspx -
2014-11-30 /ejn/EJN_AtlasAdvanced.aspx -
2014-11-30 /ejn/ -
2014-11-30 /ejn/AtlasChooseCountry.aspx Type=2
2014-11-30 /ejn/AtlasChooseCountry.aspx Type=2
2014-11-30 /ejn/EJN_Compendium.aspx -
2014-11-30 /ejn/ctrls.compendium/IframeEngine.aspx -
2014-11-30 /ejn/EJN_News.aspx id=72
2014-11-30 /ejn/EJN_News.aspx id=72
2014-11-30 /ejn/EJN_Home.aspx -
2014-11-30 /ejn/EJN_Home.aspx -
2014-11-30 /ejn/EJN_Home.aspx -
2014-11-30 /ejn/ -
2014-11-30 /ejn/EJN_Home.aspx -
2014-11-30 /ejn/AtlasChooseMeasure.aspx Mp=1&Cou=CZ&Type=2
2014-11-30 /ejn/AtlasChooseMeasure.aspx Mp=1&Cou=CZ&Type=2++Culture:CSSessionId:45ar5jfgruhki1oqzxb3tri3Date_Time:16:48
2014-11-30 /ejn/AtlasChooseCountry.aspx Type=2
2014-11-30 /ejn/EJN_Login.aspx -
2014-11-30 /ejn/EJN_StaticPage.aspx Bread=2
2014-11-30 /ejn/EJN_Secretariat.aspx -
2014-11-30 /ejn/EJN_StaticPage.aspx Bread=13
2014-11-30 /ejn/ejn_home.aspx -
2014-11-30 /ejn/NewsDetail.aspx id=315&Ori=H
2014-11-30 /ejn/EJN_StaticPage.aspx Bread=10
2014-11-30 /ejn/EJN_StaticPage.aspx Bread=12
2014-11-30 /ejn/AtlasChooseMeasure.aspx Mp=1&Cou=CZ&Type=2
2014-11-30 /ejn/EJN_AtlasAdvanced.aspx -
2014-11-30 /ejn/NewsAll.aspx -
2014-11-30 /ejn/ -
2014-11-30 /ejn/EJN_StaticPage.aspx Bread=8
2014-11-30 /ejn/EJN_StaticPage.aspx Bread=39
2014-11-30 /ejn/ejn_home.aspx -
2014-11-30 /ejn/EJN_StaticPage.aspx Bread=2
2014-11-30 /ejn/EJN_Secretariat.aspx -
2014-11-30 /ejn/EJN_StaticPage.aspx Bread=13
2014-11-30 /ejn/EJN_Home.aspx -
2014-11-30 /ejn/EJN_Home.aspx -
2014-11-30 /ejn/sitemap.aspx -
2014-11-30 /ejn/EJN_Search.aspx -
2014-11-30 /ejn/EJN_Search.aspx -
2014-11-30 /ejn/EJN_StaticPage.aspx Bread=5
2014-11-30 /ejn/EJN_FichesBelges.aspx -
2014-11-30 /ejn/EJN_FichesBelges.aspx -
2014-11-30 /ejn/EJN_FichesBelges.aspx -
2014-11-30 /ejn/EJN_FichesBelges.aspx -
2014-11-30 /ejn/ -
2014-11-30 /ejn/EJN_Home.aspx -
2014-11-30 /ejn/EJN_AtlasAdvanced.aspx -
2014-11-30 /ejn/EJN_FichesBelgesResult.aspx measure=401&country=295&other=373
2014-11-30 /ejn/ -
2014-11-30 /ejn/AtlasChooseCountry.aspx Type=2
2014-11-30 /ejn/AtlasChooseCountry.aspx Type=2
2014-11-30 /ejn/AtlasChooseMeasure.aspx MP=0&Cou=354
2014-11-30 /ejn/AtlasChooseMeasure.aspx MP=0&Cou=354
2014-11-30 /ejn/AtlasChooseMeasure.aspx MP=0&Cou=354
2014-11-30 /ejn/AtlasSelection.aspx -
2014-11-30 /ejn/AtlasSelection.aspx -
2014-11-30 /ejn/AtlasSelection.aspx -
2014-11-30 /ejn/AtlasAuthorityData.aspx Id=4136
2014-11-30 /ejn/AtlasSelection.aspx -
2014-11-30 /ejn/AtlasAuthorityData.aspx Id=4136
2014-11-30 /ejn/EJN_Home.aspx -
2014-11-30 /ejn/AtlasSelection.aspx -
2014-11-30 /ejn/AtlasAuthorityData.aspx Id=4136
2014-11-30 /ejn/EJN_FichesBelges.aspx -
2014-11-30 /ejn/AtlasChooseMeasure.aspx Mp=1&Cou=IT&Type=2
2014-11-30 /ejn/AtlasChooseMeasure.aspx Mp=1&Cou=IT&Type=2
2014-11-30 /ejn/AtlasChooseMeasure.aspx Mp=1&Cou=IT&Type=2
2014-11-30 /ejn/AtlasChooseMeasure.aspx Mp=1&Cou=IT&Type=2
2014-11-30 /ejn/AtlasSelection.aspx -
2014-11-30 /ejn/AtlasChooseAuthority.aspx -
2014-11-30 /ejn/AtlasChooseAuthority.aspx -
2014-11-30 /ejn/AtlasAuthorityData.aspx Id=4797
2014-11-30 /ejn/AtlasChooseAuthority.aspx -
2014-11-30 /ejn/AtlasChooseMeasure.aspx Mp=1&Cou=IT&Type=2
2014-11-30 /ejn/ -
2014-11-30 /ejn/EJN_InfoAbout.aspx Id=258
2014-11-30 /ejn/EJN_Home.aspx -
2014-11-30 /ejn/libcategories.aspx Id=55
2014-11-30 /ejn/EJN_Home.aspx -
2014-11-30 /ejn/ -
2014-11-30 /ejn/AtlasChooseCountry.aspx Type=2
2014-11-30 /ejn/EJN_QuickLinks.aspx id=24
2014-11-30 /ejn/ -
2014-11-30 /ejn/ -
2014-11-30 /ejn/ -
2014-11-30 /ejn/ -
2014-11-30 /ejn/ -
2014-11-30 /ejn/ -
2014-11-30 /ejn/EJN_AtlasAdvanced.aspx -
2014-11-30 /ejn/ -
2014-11-30 /ejn/EJN_AtlasAdvanced.aspx -
2014-11-30 /ejn/EJN_AtlasAdvanced.aspx -
2014-11-30 /ejn/EJN_Home.aspx -
2014-11-30 /ejn/libcategories.aspx -
2014-11-30 /ejn/ -
2014-11-30 /ejn/EJN_Home.aspx -
2014-11-30 /ejn/ -
2014-11-30 /ejn/libcategories.aspx -
2014-11-30 /ejn/EJN_Home.aspx -
2014-11-30 /ejn/EJN_Home.aspx -
2014-11-30 /ejn/EJN_Home.aspx -
2014-11-30 /ejn/ejn_home.aspx -
2014-11-30 /ejn/EJN_StaticPage.aspx Bread=12
2014-11-30 /ejn/EJN_Home.aspx -
2014-11-30 /ejn/EJN_Home.aspx -
2014-11-30 /ejn/ -
2014-11-30 /ejn/ -
2014-11-30 /ejn/ -
2014-11-30 /ejn/ -
2014-11-30 /ejn/EJN_StaticPage.aspx Bread=2
2014-11-30 /ejn/ -
2014-11-30 /ejn/EJN_AtlasAdvanced.aspx -
2014-11-30 /ejn/ -
2014-11-30 /ejn/EJN_EAWWizard.aspx -
2014-11-30 /ejn/ctrls.eawwizard/IframeEngine.aspx -
2014-11-30 /ejn/ -
2014-11-30 /ejn/EJN_Home.aspx -
2014-11-30 /ejn/EJN_Home.aspx -
2014-11-30 /ejn/EJN_Home.aspx -
2014-11-30 /ejn/EJN_Home.aspx -
2014-11-30 /ejn/ -
2014-11-30 /ejn/EJN_AtlasAdvanced.aspx -
2014-11-30 /ejn/libcategories.aspx Id=39
2014-11-30 /ejn/EJN_Home.aspx -
2014-11-30 /ejn/EJN_Home.aspx -
2014-11-30 /ejn/ -
2014-11-30 /ejn/EJN_Home.aspx -
2014-11-30 /ejn/ -
2014-11-30 /ejn/EJN_AtlasAdvanced.aspx -
2014-11-30 /ejn/ -
2014-11-30 /ejn/EJN_AtlasAdvanced.aspx -
2014-11-30 /ejn/EJN_AtlasAdvanced.aspx -
2014-11-30 /ejn/EJN_AtlasAdvanced.aspx -
2014-11-30 /ejn/ -
2014-11-30 /ejn/EJN_AtlasAdvanced.aspx -
2014-11-30 /ejn/EJN_Home.aspx -
2014-11-30 /ejn/ -
2014-11-30 /ejn/ -
2014-11-30 /ejn/AtlasChooseMeasure.aspx MP=1&Cou=UK&Type=2
2014-11-30 /ejn/AtlasChooseMeasure.aspx MP=1&Cou=UK&Type=2
2014-11-30 /ejn/AtlasChooseMeasure.aspx MP=1&Cou=UK&Type=2
2014-11-30 /ejn/AtlasChooseMeasure.aspx MP=1&Cou=UK&Type=2
2014-11-30 /ejn/AtlasSelection.aspx -
2014-11-30 /ejn/AtlasSelection.aspx -
2014-11-30 /ejn/AtlasChooseMeasure.aspx MP=0&Cou=395
2014-11-30 /ejn/EJN_Home.aspx -
2014-11-30 /ejn/EJN_Compendium.aspx -
2014-11-30 /ejn/EJN_Compendium.aspx -
2014-11-30 /ejn/ctrls.compendium/IframeEngine.aspx -
2014-11-30 /ejn/sitemap.aspx -
2014-11-30 /ejn/EJN_Faqs.aspx -
2014-11-30 /ejn/EJN_Faqs.aspx cat=1
2014-11-30 /ejn/EJN_Faqs.aspx cat=1&id=10
2014-11-30 /ejn/ -
2014-11-30 /ejn/ -
2014-11-30 /ejn/EJN_AtlasAdvanced.aspx -
2014-11-30 /ejn/EJN_Search.aspx -
2014-11-30 /ejn/EJN_Search.aspx -
2014-11-30 /ejn/EJN_StaticPage.aspx Bread=8
2014-11-30 /ejn/EJN_Search.aspx -
2014-11-30 /ejn/AtlasChooseMeasure.aspx MP=0&Cou=395
2014-11-30 /ejn/AtlasChooseMeasure.aspx MP=0&Cou=395
2014-11-30 /ejn/AtlasChooseMeasure.aspx MP=0&Cou=395
2014-11-30 /ejn/AtlasSelection.aspx -
2014-11-30 /ejn/AtlasChooseCountry.aspx Type=2
2014-11-30 /ejn/AtlasChooseMeasure.aspx MP=1&Cou=UK
2014-11-30 /ejn/AtlasChooseMeasure.aspx MP=1&Cou=UK
2014-11-30 /ejn/AtlasChooseMeasure.aspx MP=1&Cou=UK
2014-11-30 /ejn/AtlasChooseMeasure.aspx MP=1&Cou=UK
2014-11-30 /ejn/AtlasChooseMeasure.aspx MP=1&Cou=UK
2014-11-30 /ejn/AtlasSelection.aspx -
2014-11-30 /ejn/AtlasSelection.aspx -
2014-11-30 /ejn/AtlasChooseMeasure.aspx MP=0&Cou=395
2014-11-30 /ejn/AtlasChooseMeasure.aspx MP=0&Cou=395
2014-11-30 /ejn/AtlasChooseMeasure.aspx MP=0&Cou=395
2014-11-30 /ejn/AtlasChooseMeasure.aspx MP=0&Cou=395
2014-11-30 /ejn/AtlasSelection.aspx -
2014-11-30 /ejn/AtlasSelection.aspx -
2014-11-30 /ejn/AtlasSelection.aspx -
2014-11-30 /ejn/AtlasAuthorityData.aspx Id=2589
2014-11-30 /ejn/AtlasAuthorityData.aspx Id=2589
2014-11-30 /ejn/AtlasAuthorityData.aspx Id=2589
2014-11-30 /ejn/AtlasAuthorityData.aspx Id=2589
2014-11-30 /ejn/EJN_StaticPage.aspx Bread=9
2014-11-30 /news-detail.aspx anunID=24
2014-11-30 /ejn/libcategories.aspx -
2014-11-30 /ejn/EJN_Home.aspx -
2014-11-30 /ejn/libcategories.aspx Id=14
2014-11-30 /ejn/libcategories.aspx Id=39
2014-11-30 /ejn/EJN_Home.aspx -
2014-11-30 /ejn/ -
2014-11-30 /ejn/EJN_AtlasAdvanced.aspx -
2014-11-30 /ejn/libcategories.aspx Id=39
2014-11-30 /ejn/libcategories.aspx Id=39
2014-11-30 /ejn/libcategories.aspx Id=39
2014-11-30 /ejn/EJN_Home.aspx -
2014-11-30 /ejn/EJN_Home.aspx -
2014-11-30 /ejn/libcategories.aspx Id=39
2014-11-30 /ejn/libcategories.aspx Id=39
2014-11-30 /ejn/EJN_Home.aspx -
2014-11-30 /ejn/EJN_Home.aspx ++Culture:ESSessionId:r1feuymjkfcyim0z5l0igh52Date_Time:18:57
2014-11-30 /ejn/libcategories.aspx -
2014-11-30 /ejn/libcategories.aspx Id=2
2014-11-30 /ejn/libdocumentproperties.aspx Id=1171
2014-11-30 /ejn/libcategories.aspx Id=3
2014-11-30 /ejn/ -
2014-11-30 /ejn/ ++Culture:ROSessionId:tpqx1m5w3bvjslsq00g2qhslDate_Time:18:58
2014-11-30 /ejn/EJN_Home.aspx -
2014-11-30 /ejn/EJN_StaticPage.aspx Bread=2
2014-11-30 /ejn/ -
2014-11-30 /ejn/ -
2014-11-30 /ejn/AtlasChooseCountry.aspx Type=2
2014-11-30 /ejn/AtlasChooseCountry.aspx Type=2
2014-11-30 /ejn/AtlasChooseMeasure.aspx MP=0&Cou=368
2014-11-30 /ejn/ -
2014-11-30 /ejn/AtlasChooseMeasure.aspx MP=0&Cou=368
2014-11-30 /ejn/ -
2014-11-30 /ejn/AtlasChooseMeasure.aspx MP=0&Cou=368
2014-11-30 /ejn/AtlasSelection.aspx -
2014-11-30 /ejn/AtlasSelection.aspx -
2014-11-30 /ejn/AtlasSelection.aspx -
2014-11-30 /ejn/AtlasSelection.aspx -
2014-11-30 /ejn/AtlasSelection.aspx -
2014-11-30 /ejn/AtlasChooseAuthority.aspx -
2014-11-30 /ejn/AtlasSelection.aspx -
2014-11-30 /ejn/AtlasChooseAuthority.aspx -
2014-11-30 /ejn/AtlasChooseAuthority.aspx -
2014-11-30 /ejn/AtlasChooseAuthority.aspx -
2014-11-30 /ejn/AtlasAuthorityData.aspx Id=5104
2014-11-30 /ejn/libcategories.aspx Id=40
2014-11-30 /ejn/EJN_Home.aspx -
2014-11-30 /ejn/ -
2014-11-30 /ejn/EJN_Compendium.aspx -
2014-11-30 /ejn/EJN_Home.aspx -
2014-11-30 /ejn/EJN_FichesBelges.aspx -
2014-11-30 /ejn/EJN_FichesBelges.aspx -
2014-11-30 /ejn/EJN_FichesBelges.aspx -
2014-11-30 /ejn/EJN_FichesBelgesResult.aspx measure=710&country=395&other=-1
2014-11-30 /ejn/ -
2014-11-30 /ejn/ejn_home.aspx -
2014-11-30 /ejn/ -
2014-11-30 /ejn/ -
2014-11-30 /ejn/ -
2014-11-30 /ejn/ -
2014-11-30 /ejn/ -
2014-11-30 /ejn/libcategories.aspx Id=14
2014-11-30 /ejn/EJN_Compendium.aspx -
2014-11-30 /ejn/ctrls.compendium/IframeEngine.aspx -
2014-11-30 /ejn/libshowdocument.aspx Id=1&Lang=LT
2014-11-30 /ejn/libshowdocument.aspx Id=1&Lang=LT
2014-11-30 /ejn/libdocumentproperties.aspx Id=1240
2014-11-30 /ejn/libdocumentproperties.aspx Id=1240
2014-11-30 /ejn/ -
2014-11-30 /ejn/EJN_EAWWizard.aspx -
2014-11-30 /ejn/ctrls.eawwizard/IframeEngine.aspx -
2014-11-30 /ejn/EJN_Secretariat.aspx -
2014-11-30 /ejn/libcategories.aspx Id=14
2014-11-30 /ejn/ -
2014-11-30 /ejn/ -
2014-11-30 /ejn/ -
2014-11-30 /ejn/ -
2014-11-30 /ejn/ -
2014-11-30 /ejn/Gallery.aspx -
2014-11-30 /ejn/EJN_ContactUs.aspx &KeepThis=true&
2014-11-30 /ejn/EJN_StaticPage.aspx Bread=13
2014-11-30 /ejn/EJN_StaticPage.aspx Bread=2
2014-11-30 /ejn/EJN_StaticPage.aspx Bread=16
2014-11-30 /ejn/NewsDetail.aspx id=331&Ori=H
2014-11-30 /ejn/EJN_Home.aspx -
2014-11-30 /ejn/EJN_StaticPage.aspx Bread=4
2014-11-30 /ejn/EJN_Home.aspx -
2014-11-30 /ejn/EJN_StaticPage.aspx Bread=2
2014-11-30 /ejn/EJN_Home.aspx -
2014-11-30 /ejn/ -
2014-11-30 /ejn/EJN_Secretariat.aspx -
2014-11-30 /ejn/EJN_StaticPage.aspx Bread=10
2014-11-30 /ejn/ -
2014-11-30 /ejn/ -
2014-11-30 /ejn/ -
2014-11-30 /ejn/EJN_Home.aspx -
2014-11-30 /ejn/EJN_AtlasAdvanced.aspx -
2014-11-30 /ejn/ -
2014-11-30 /ejn/ -
2014-11-30 /ejn/EJN_Home.aspx -
2014-11-30 /ejn/EJN_Home.aspx -
2014-11-30 /ejn/EJN_Home.aspx -
2014-11-30 /ejn/libcategories.aspx Id=60
2014-11-30 /ejn/EJN_Home.aspx -
2014-11-30 /ejn/EJN_QuickLinks.aspx id=25
2014-11-30 /ejn/EJN_Home.aspx -
2014-11-30 /ejn/ -
2014-11-30 /ejn/sitemap.aspx -
2014-11-30 /ejn/EJN_ContactUs.aspx &KeepThis=true&
2014-11-30 /ejn/ -
2014-11-30 /default.aspx -
2014-11-30 /ejn/EJN_StaticPage.aspx Bread=10
2014-11-30 /ejn/EJN_StaticPage.aspx Bread=21
2014-11-30 /ejn/EJN_Home.aspx -
2014-11-30 /ejn/EJN_Home.aspx -
2014-11-30 /ejn/ -
2014-11-30 /ejn/libcategories.aspx Id=100
2014-11-30 /ejn/EJN_Home.aspx -
2014-11-30 /ejn/EJN_Home.aspx -
2014-11-30 /ejn/EJN_QuickLinks.aspx -
2014-11-30 /ejn/EJN_Home.aspx -
2014-11-30 /ejn/EJN_Home.aspx -
2014-11-30 /ejn/ -
2014-11-30 /ejn/ -
2014-11-30 /documents.aspx -
2014-11-30 /ejn/ -
2014-11-30 /ejn/ -
2014-11-30 /ejn/EJN_Home.aspx -
2014-11-30 /ejn/EJN_AtlasAdvanced.aspx -
2014-11-30 /ejn/EJN_StaticPage.aspx Bread=16
2014-11-30 /ejn/EJN_Home.aspx -
2014-11-30 /ejn/ -
2014-11-30 /ejn/EJN_ContactUs.aspx &KeepThis=true&
2014-11-30 /ejn/EJN_Secretariat.aspx -
2014-11-30 /ejn/NewsDetail.aspx id=326&Ori=H
2014-11-30 /ejn/EJN_Home.aspx -
2014-11-30 /ejn/ -
2014-11-30 /ejn/EJN_Home.aspx -
2014-11-30 /ejn/EJN_Home.aspx -
2014-11-30 /ejn/EJN_Home.aspx -
2014-11-30 /ejn/ -
2014-11-30 /ejn/ -
2014-11-30 /ejn/EJN_Home.aspx -
2014-11-30 /ejn/EJN_Home.aspx -
2014-11-30 /ejn/EJN_Home.aspx -
2014-11-30 /ejn/EJN_AtlasAdvanced.aspx -
2014-11-30 /ejn/ -
2014-11-30 /ejn/EJN_Home.aspx -
2014-11-30 /ejn/ -
2014-11-30 /ejn/EJN_AtlasAdvanced.aspx -
2014-11-30 /ejn/EJN_Home.aspx -
2014-11-30 /ejn/EJN_Home.aspx -
2014-11-30 /ejn/ -
2014-11-30 /ejn/ -
2014-11-30 /ejn/EJN_Home.aspx -
2014-11-30 /ejn/EJN_AtlasAdvanced.aspx -
2014-11-30 /ejn/ -
2014-11-30 /ejn/ ++Culture:CSSessionId:wvgfkirdmzxqvavmte0pg53vDate_Time:21:21
2014-11-30 /ejn/EJN_QuickLinks.aspx id=27
2014-11-30 /ejn/EJN_Home.aspx -
2014-11-30 /ejn/EJN_Faqs.aspx -
2014-11-30 /ejn/EJN_Faqs.aspx cat=1
2014-11-30 /ejn/EJN_StaticPage.aspx Bread=8
2014-11-30 /ejn/EJN_StaticPage.aspx Bread=13
2014-11-30 /ejn/EJN_AtlasAdvanced.aspx -
2014-11-30 /ejn/ -
2014-11-30 /ejn/EJN_AtlasAdvanced.aspx -
2014-11-30 /ejn/EJN_Home.aspx -
2014-11-30 /ejn/EJN_Home.aspx -
2014-11-30 /ejn/ -
2014-11-30 /ejn/EJN_Home.aspx -
2014-11-30 /ejn/EJN_AtlasAdvanced.aspx -
2014-11-30 /ejn/EJN_Home.aspx -
2014-11-30 /ejn/ -
2014-11-30 /ejn/EJN_AtlasAdvanced.aspx -
2014-11-30 /ejn/EJN_Home.aspx -
2014-11-30 /ejn/EJN_Home.aspx -
2014-11-30 /ejn/ -
2014-11-30 /ejn/EJN_AtlasAdvanced.aspx -
2014-11-30 /ejn/ -
2014-11-30 /ejn/EJN_AtlasAdvanced.aspx -
2014-11-30 /ejn/EJN_StaticPage.aspx Bread=16
2014-11-30 /ejn/EJN_Home.aspx -
2014-11-30 /ejn/EJN_StaticPage.aspx Bread=13
2014-11-30 /ejn/NewsAll.aspx Id=4
2014-11-30 /ejn/EJN_Home.aspx -
2014-11-30 /ejn/EJN_Home.aspx -
2014-11-30 /ejn/EJN_Home.aspx -
2014-11-30 /ejn/ -
2014-11-30 /ejn/ -
2014-11-30 /ejn/EJN_AtlasAdvanced.aspx -
2014-11-30 /ejn/Events.aspx event=216
2014-11-30 /ejn/EJN_Home.aspx -
2014-11-30 /ejn/EJN_QuickLinks.aspx id=24
2014-11-30 /ejn/EJN_Home.aspx -
2014-11-30 /ejn/ -
2014-11-30 /ejn_tools.aspx -
2014-11-30 /ejn/EJN_AtlasAdvancedOld.aspx ctyCode=SK
2014-11-30 /ejn/EJN_AtlasAdvancedOld.aspx ctyCode=SK
2014-11-30 /ejn/ -
2014-11-30 /ejn/EJN_AtlasAdvanced.aspx -
2014-11-30 /ejn/EJN_AtlasAdvanced.aspx -
2014-11-30 /ejn/ -
2014-11-30 /ejn/EJN_StaticPage.aspx Bread=12
2014-11-30 /ejn/ -
2014-11-30 /ejn/EJN_Home.aspx -
2014-11-30 /ejn/ -
2014-11-30 /ejn/EJN_AtlasAdvanced.aspx -
2014-11-30 /ejn/EJN_Home.aspx -
2014-11-30 /ejn/ -
2014-11-30 /ejn/EJN_AtlasAdvanced.aspx -
2014-11-30 /ejn/ -
2014-11-30 /ejn/ejn_home.aspx -
2014-11-30 /ejn/EJN_Home.aspx -
2014-11-30 /ejn/ -
2014-11-30 /ejn/EJN_StaticPage.aspx Bread=2
2014-11-30 /ejn/EJN_AtlasAdvanced.aspx -
2014-11-30 /ejn/EJN_Home.aspx -
2014-11-30 /ejn/EJN_Secretariat.aspx -
2014-11-30 /ejn/EJN_StaticPage.aspx Bread=9
2014-11-30 /ejn/EJN_QuickLinks.aspx id=22
2014-11-30 /ejn/EJN_Home.aspx -
2014-11-30 /ejn/ -
2014-11-30 /ejn/AtlasChooseCountry.aspx Type=1
2014-11-30 /ejn/AtlasChooseCountry.aspx Type=1
2014-11-30 /ejn/AtlasChooseMeasure.aspx MP=0&Cou=378
2014-11-30 /ejn/AtlasSelection.aspx -
2014-11-30 /ejn/AtlasSelection.aspx -
2014-11-30 /ejn/AtlasChooseCountry.aspx Type=1
2014-11-30 /ejn/AtlasChooseMeasure.aspx MP=0&Cou=277
2014-11-30 /ejn/AtlasSelection.aspx -
2014-11-30 /ejn/AtlasChooseAuthority.aspx -
2014-11-30 /ejn/AtlasExtraInformationInstrument.aspx id=901&KeepThis=true&
2014-11-30 /ejn/EJN_Home.aspx -
2014-11-30 /ejn/NewsDetail.aspx id=329&Ori=H
2014-11-30 /ejn/EJN_Home.aspx -
2014-11-30 /ejn/EJN_Home.aspx -
2014-11-30 /ejn/ -
2014-11-30 /ejn/EJN_AtlasAdvanced.aspx -
2014-11-30 /ejn/ -
2014-11-30 /ejn/ -
2014-11-30 /ejn/EJN_Home.aspx -
2014-11-30 /ejn/EJN_Home.aspx -
2014-11-30 /ejn/EJN_Home.aspx -
2014-11-30 /default.aspx -
2014-11-30 /ejn/EJN_StaticPage.aspx Bread=27
2014-11-30 /ejn/EJN_Home.aspx -
2014-11-30 /ejn/EJN_Home.aspx -
2014-11-30 /ejn/ -
2014-11-30 /ejn/EJN_Home.aspx -
2014-11-30 /ejn/EJN_Home.aspx -
2014-11-30 /ejn/EJN_AtlasAdvanced.aspx -
2014-11-30 /ejn/ -
2014-11-30 /ejn/ -
2014-11-30 /ejn/EJN_AtlasAdvanced.aspx -
2014-11-30 /ejn/EJN_Home.aspx -
2014-11-30 /ejn/ -
2014-11-30 /ejn/AtlasSelection.aspx -
2014-11-30 /ejn/EJN_Error.aspx -
2014-11-30 /ejn/EJN_Home.aspx -
2014-11-30 /ejn/EJN_AtlasAdvanced.aspx -
2014-11-30 /ejn/EJN_AtlasAdvanced.aspx -
2014-11-30 /ejn/ -
2014-11-30 /ejn/AtlasChooseMeasure.aspx Mp=1&Cou=IT&Type=2
2014-11-30 /ejn/EJN_FichesBelgesResult.aspx measure=405&country=337&other=-1
2014-11-30 /ejn/EJN_Home.aspx -
2014-11-30 /ejn/AtlasChooseMeasure.aspx Mp=1&Cou=IT&Type=2
2014-11-30 /ejn/ -
2014-11-30 /ejn/AtlasChooseMeasure.aspx Mp=1&Cou=IT&Type=2
2014-11-30 /ejn/AtlasChooseMeasure.aspx Mp=1&Cou=IT&Type=2
2014-11-30 /ejn/AtlasChooseMeasure.aspx Mp=1&Cou=IT&Type=2
2014-11-30 /ejn/AtlasChooseMeasure.aspx Mp=1&Cou=IT&Type=2
2014-11-30 /ejn/AtlasSelection.aspx -
2014-11-30 /ejn/AtlasChooseAuthority.aspx -
2014-11-30 /ejn/AtlasChooseAuthority.aspx -
2014-11-30 /ejn/AtlasAuthorityData.aspx Id=4797
2014-11-30 /ejn/EJN_AtlasAdvanced.aspx -
2014-11-30 /ejn/libcategories.aspx Id=42
2014-11-30 /ejn/EJN_Home.aspx -
2014-11-30 /ejn/EJN_Home.aspx -
2014-11-30 /ejn/libcategories.aspx Id=35
2014-11-30 /ejn/EJN_Home.aspx -
2014-11-30 /ejn/EJN_Home.aspx -
